Cloning into 'mitls-fstar'...
Already on 'master'
Cloning into 'vale'...
Already on 'master'
Cloning into 'FStar'...
Checking out files:  49% (988/2007)   Checking out files:  50% (1004/2007)   Checking out files:  51% (1024/2007)   Checking out files:  52% (1044/2007)   Checking out files:  53% (1064/2007)   Checking out files:  54% (1084/2007)   Checking out files:  55% (1104/2007)   Checking out files:  56% (1124/2007)   Checking out files:  57% (1144/2007)   Checking out files:  58% (1165/2007)   Checking out files:  59% (1185/2007)   Checking out files:  60% (1205/2007)   Checking out files:  61% (1225/2007)   Checking out files:  62% (1245/2007)   Checking out files:  63% (1265/2007)   Checking out files:  64% (1285/2007)   Checking out files:  65% (1305/2007)   Checking out files:  66% (1325/2007)   Checking out files:  67% (1345/2007)   Checking out files:  68% (1365/2007)   Checking out files:  69% (1385/2007)   Checking out files:  70% (1405/2007)   Checking out files:  71% (1425/2007)   Checking out files:  72% (1446/2007)   Checking out files:  73% (1466/2007)   Checking out files:  74% (1486/2007)   Checking out files:  75% (1506/2007)   Checking out files:  76% (1526/2007)   Checking out files:  77% (1546/2007)   Checking out files:  78% (1566/2007)   Checking out files:  79% (1586/2007)   Checking out files:  80% (1606/2007)   Checking out files:  81% (1626/2007)   Checking out files:  82% (1646/2007)   Checking out files:  83% (1666/2007)   Checking out files:  84% (1686/2007)   Checking out files:  85% (1706/2007)   Checking out files:  86% (1727/2007)   Checking out files:  87% (1747/2007)   Checking out files:  88% (1767/2007)   Checking out files:  89% (1787/2007)   Checking out files:  90% (1807/2007)   Checking out files:  91% (1827/2007)   Checking out files:  92% (1847/2007)   Checking out files:  93% (1867/2007)   Checking out files:  94% (1887/2007)   Checking out files:  94% (1901/2007)   Checking out files:  95% (1907/2007)   Checking out files:  96% (1927/2007)   Checking out files:  97% (1947/2007)   Checking out files:  98% (1967/2007)   Checking out files:  99% (1987/2007)   Checking out files: 100% (2007/2007)   Checking out files: 100% (2007/2007), done.
Already on 'master'
Cloning into 'hacl-star'...
Checking out files:  16% (882/5258)   Checking out files:  17% (894/5258)   Checking out files:  18% (947/5258)   Checking out files:  19% (1000/5258)   Checking out files:  20% (1052/5258)   Checking out files:  21% (1105/5258)   Checking out files:  22% (1157/5258)   Checking out files:  23% (1210/5258)   Checking out files:  24% (1262/5258)   Checking out files:  25% (1315/5258)   Checking out files:  26% (1368/5258)   Checking out files:  27% (1420/5258)   Checking out files:  28% (1473/5258)   Checking out files:  29% (1525/5258)   Checking out files:  30% (1578/5258)   Checking out files:  31% (1630/5258)   Checking out files:  32% (1683/5258)   Checking out files:  33% (1736/5258)   Checking out files:  34% (1788/5258)   Checking out files:  35% (1841/5258)   Checking out files:  36% (1893/5258)   Checking out files:  36% (1935/5258)   Checking out files:  37% (1946/5258)   Checking out files:  38% (1999/5258)   Checking out files:  39% (2051/5258)   Checking out files:  40% (2104/5258)   Checking out files:  41% (2156/5258)   Checking out files:  42% (2209/5258)   Checking out files:  43% (2261/5258)   Checking out files:  44% (2314/5258)   Checking out files:  45% (2367/5258)   Checking out files:  46% (2419/5258)   Checking out files:  47% (2472/5258)   Checking out files:  48% (2524/5258)   Checking out files:  49% (2577/5258)   Checking out files:  50% (2629/5258)   Checking out files:  51% (2682/5258)   Checking out files:  52% (2735/5258)   Checking out files:  53% (2787/5258)   Checking out files:  54% (2840/5258)   Checking out files:  55% (2892/5258)   Checking out files:  56% (2945/5258)   Checking out files:  56% (2979/5258)   Checking out files:  57% (2998/5258)   Checking out files:  58% (3050/5258)   Checking out files:  59% (3103/5258)   Checking out files:  60% (3155/5258)   Checking out files:  61% (3208/5258)   Checking out files:  62% (3260/5258)   Checking out files:  63% (3313/5258)   Checking out files:  64% (3366/5258)   Checking out files:  65% (3418/5258)   Checking out files:  66% (3471/5258)   Checking out files:  67% (3523/5258)   Checking out files:  68% (3576/5258)   Checking out files:  69% (3629/5258)   Checking out files:  70% (3681/5258)   Checking out files:  71% (3734/5258)   Checking out files:  72% (3786/5258)   Checking out files:  73% (3839/5258)   Checking out files:  74% (3891/5258)   Checking out files:  75% (3944/5258)   Checking out files:  76% (3997/5258)   Checking out files:  76% (4019/5258)   Checking out files:  77% (4049/5258)   Checking out files:  78% (4102/5258)   Checking out files:  79% (4154/5258)   Checking out files:  80% (4207/5258)   Checking out files:  81% (4259/5258)   Checking out files:  82% (4312/5258)   Checking out files:  83% (4365/5258)   Checking out files:  84% (4417/5258)   Checking out files:  85% (4470/5258)   Checking out files:  86% (4522/5258)   Checking out files:  87% (4575/5258)   Checking out files:  88% (4628/5258)   Checking out files:  89% (4680/5258)   Checking out files:  90% (4733/5258)   Checking out files:  91% (4785/5258)   Checking out files:  92% (4838/5258)   Checking out files:  93% (4890/5258)   Checking out files:  94% (4943/5258)   Checking out files:  95% (4996/5258)   Checking out files:  96% (5048/5258)   Checking out files:  96% (5084/5258)   Checking out files:  97% (5101/5258)   Checking out files:  98% (5153/5258)   Checking out files:  99% (5206/5258)   Checking out files: 100% (5258/5258)   Checking out files: 100% (5258/5258), done.
Already on 'master'
Cloning into 'kremlin'...
Already on 'master'
Checking out files:  23% (1021/4255)   Checking out files:  24% (1022/4255)   Checking out files:  25% (1064/4255)   Checking out files:  26% (1107/4255)   Checking out files:  27% (1149/4255)   Checking out files:  28% (1192/4255)   Checking out files:  29% (1234/4255)   Checking out files:  30% (1277/4255)   Checking out files:  31% (1320/4255)   Checking out files:  32% (1362/4255)   Checking out files:  33% (1405/4255)   Checking out files:  34% (1447/4255)   Checking out files:  35% (1490/4255)   Checking out files:  36% (1532/4255)   Checking out files:  37% (1575/4255)   Checking out files:  38% (1617/4255)   Checking out files:  39% (1660/4255)   Checking out files:  40% (1702/4255)   Checking out files:  41% (1745/4255)   Checking out files:  42% (1788/4255)   Checking out files:  43% (1830/4255)   Checking out files:  44% (1873/4255)   Checking out files:  45% (1915/4255)   Checking out files:  46% (1958/4255)   Checking out files:  47% (2000/4255)   Checking out files:  47% (2039/4255)   Checking out files:  48% (2043/4255)   Checking out files:  49% (2085/4255)   Checking out files:  50% (2128/4255)   Checking out files:  51% (2171/4255)   Checking out files:  52% (2213/4255)   Checking out files:  53% (2256/4255)   Checking out files:  54% (2298/4255)   Checking out files:  55% (2341/4255)   Checking out files:  56% (2383/4255)   Checking out files:  57% (2426/4255)   Checking out files:  58% (2468/4255)   Checking out files:  59% (2511/4255)   Checking out files:  60% (2553/4255)   Checking out files:  61% (2596/4255)   Checking out files:  62% (2639/4255)   Checking out files:  63% (2681/4255)   Checking out files:  64% (2724/4255)   Checking out files:  65% (2766/4255)   Checking out files:  66% (2809/4255)   Checking out files:  67% (2851/4255)   Checking out files:  68% (2894/4255)   Checking out files:  69% (2936/4255)   Checking out files:  70% (2979/4255)   Checking out files:  71% (3022/4255)   Checking out files:  71% (3051/4255)   Checking out files:  72% (3064/4255)   Checking out files:  73% (3107/4255)   Checking out files:  74% (3149/4255)   Checking out files:  75% (3192/4255)   Checking out files:  76% (3234/4255)   Checking out files:  77% (3277/4255)   Checking out files:  78% (3319/4255)   Checking out files:  79% (3362/4255)   Checking out files:  80% (3404/4255)   Checking out files:  81% (3447/4255)   Checking out files:  82% (3490/4255)   Checking out files:  83% (3532/4255)   Checking out files:  84% (3575/4255)   Checking out files:  85% (3617/4255)   Checking out files:  86% (3660/4255)   Checking out files:  87% (3702/4255)   Checking out files:  88% (3745/4255)   Checking out files:  89% (3787/4255)   Checking out files:  90% (3830/4255)   Checking out files:  91% (3873/4255)   Checking out files:  92% (3915/4255)   Checking out files:  93% (3958/4255)   Checking out files:  94% (4000/4255)   Checking out files:  95% (4043/4255)   Checking out files:  96% (4085/4255)   Checking out files:  96% (4125/4255)   Checking out files:  97% (4128/4255)   Checking out files:  98% (4170/4255)   Checking out files:  99% (4213/4255)   Checking out files: 100% (4255/4255)   Checking out files: 100% (4255/4255), done.
Warning: you are using the standard library and/or the %inline keyword. We
recommend switching on --infer in order to avoid obscure type error messages.
File "src/basic/ml/FStar_Util.ml", line 47, characters 57-65:
Warning 40: st_mtime was selected from type BatUnix.stats.
It is not visible in the current scope, and will not 
be selected if the type becomes unknown.
File "src/basic/ml/FStar_Util.ml", line 47, characters 57-65:
Warning 40: st_mtime was selected from type BatUnix.stats.
It is not visible in the current scope, and will not 
be selected if the type becomes unknown.
Warning 7: : After inlining, Hacl.Test.X25519.main (going into Hacl_Test_X25519) calls Hacl.EC.crypto_scalarmult (going into Curve25519) -- removing the static qualifier from Hacl.EC.crypto_scalarmult
Warning 6: in the definition of output, after the definition of output_len, in top-level declaration Hacl.Test.SHA2_256.test_1a, in file Hacl_Test_SHA2_256: stack newbuf 0uint8 @0 is a non-constant size, stack-allocated array; this is not supported by CompCert
Warning 6: in the definition of ctx, after the definition of expected, in top-level declaration Hacl.Test.SHA2_256.test_1a, in file Hacl_Test_SHA2_256: stack newbuf 0uint32 SHA2_256.size_state is a non-constant size, stack-allocated array; this is not supported by CompCert
Warning 6: in the definition of output, after the definition of output_len, in top-level declaration Hacl.Test.SHA2_256.test_1b, in file Hacl_Test_SHA2_256: stack newbuf 0uint8 @0 is a non-constant size, stack-allocated array; this is not supported by CompCert
Warning 6: in the definition of ctx, after the definition of expected, in top-level declaration Hacl.Test.SHA2_256.test_1b, in file Hacl_Test_SHA2_256: stack newbuf 0uint32 SHA2_256.size_state is a non-constant size, stack-allocated array; this is not supported by CompCert
Warning 6: in the definition of output, after the definition of output_len, in top-level declaration Hacl.Test.SHA2_256.test_2a, in file Hacl_Test_SHA2_256: stack newbuf 0uint8 @0 is a non-constant size, stack-allocated array; this is not supported by CompCert
Warning 6: in the definition of ctx, after the definition of expected, in top-level declaration Hacl.Test.SHA2_256.test_2a, in file Hacl_Test_SHA2_256: stack newbuf 0uint32 SHA2_256.size_state is a non-constant size, stack-allocated array; this is not supported by CompCert
Warning 6: in the definition of output, after the definition of output_len, in top-level declaration Hacl.Test.SHA2_256.test_2b, in file Hacl_Test_SHA2_256: stack newbuf 0uint8 @0 is a non-constant size, stack-allocated array; this is not supported by CompCert
Warning 6: in the definition of ctx, after the definition of expected, in top-level declaration Hacl.Test.SHA2_256.test_2b, in file Hacl_Test_SHA2_256: stack newbuf 0uint32 SHA2_256.size_state is a non-constant size, stack-allocated array; this is not supported by CompCert
Warning 6: in the definition of output, after the definition of output_len, in top-level declaration Hacl.Test.SHA2_256.test_3a, in file Hacl_Test_SHA2_256: stack newbuf 0uint8 @0 is a non-constant size, stack-allocated array; this is not supported by CompCert
Warning 6: in the definition of ctx, after the definition of expected, in top-level declaration Hacl.Test.SHA2_256.test_3a, in file Hacl_Test_SHA2_256: stack newbuf 0uint32 SHA2_256.size_state is a non-constant size, stack-allocated array; this is not supported by CompCert
Warning 6: in the definition of output, after the definition of output_len, in top-level declaration Hacl.Test.SHA2_256.test_3b, in file Hacl_Test_SHA2_256: stack newbuf 0uint8 @0 is a non-constant size, stack-allocated array; this is not supported by CompCert
Warning 6: in the definition of ctx, after the definition of expected, in top-level declaration Hacl.Test.SHA2_256.test_3b, in file Hacl_Test_SHA2_256: stack newbuf 0uint32 SHA2_256.size_state is a non-constant size, stack-allocated array; this is not supported by CompCert
Warning 6: in the definition of output, after the definition of output_len, in top-level declaration Hacl.Test.SHA2_256.test_4a, in file Hacl_Test_SHA2_256: stack newbuf 0uint8 @0 is a non-constant size, stack-allocated array; this is not supported by CompCert
Warning 6: in the definition of ctx, after the definition of expected, in top-level declaration Hacl.Test.SHA2_256.test_4a, in file Hacl_Test_SHA2_256: stack newbuf 0uint32 SHA2_256.size_state is a non-constant size, stack-allocated array; this is not supported by CompCert
Warning 6: in the definition of output, after the definition of output_len, in top-level declaration Hacl.Test.SHA2_256.test_4b, in file Hacl_Test_SHA2_256: stack newbuf 0uint8 @0 is a non-constant size, stack-allocated array; this is not supported by CompCert
Warning 6: in the definition of ctx, after the definition of expected, in top-level declaration Hacl.Test.SHA2_256.test_4b, in file Hacl_Test_SHA2_256: stack newbuf 0uint32 SHA2_256.size_state is a non-constant size, stack-allocated array; this is not supported by CompCert
Warning 6: in the definition of output, after the definition of output_len, in top-level declaration Hacl.Test.SHA2_256.test_5, in file Hacl_Test_SHA2_256: stack newbuf 0uint8 @0 is a non-constant size, stack-allocated array; this is not supported by CompCert
Warning 6: in the definition of plaintext, after the definition of plaintext_len, in top-level declaration Hacl.Test.SHA2_256.test_5, in file Hacl_Test_SHA2_256: stack newbuf 0x61uint8 @0 is a non-constant size, stack-allocated array; this is not supported by CompCert
Warning 6: in the definition of ctx, after the definition of expected, in top-level declaration Hacl.Test.SHA2_256.test_5, in file Hacl_Test_SHA2_256: stack newbuf 0uint32 SHA2_256.size_state is a non-constant size, stack-allocated array; this is not supported by CompCert
Warning 6: in the definition of output, after the definition of output_len, in top-level declaration Hacl.Test.SHA2_256.test_6, in file Hacl_Test_SHA2_256: stack newbuf 0uint8 @0 is a non-constant size, stack-allocated array; this is not supported by CompCert
Warning 6: in the definition of ctx, after the definition of expected, in top-level declaration Hacl.Test.SHA2_256.test_6, in file Hacl_Test_SHA2_256: stack newbuf 0uint32 SHA2_256.size_state is a non-constant size, stack-allocated array; this is not supported by CompCert
Warning 6: in the definition of output, after the definition of output_len, in top-level declaration Hacl.Test.SHA2_384.test_1a, in file Hacl_Test_SHA2_384: stack newbuf 0uint8 @0 is a non-constant size, stack-allocated array; this is not supported by CompCert
Warning 6: in the definition of state, after the definition of expected, in top-level declaration Hacl.Test.SHA2_384.test_1a, in file Hacl_Test_SHA2_384: stack newbuf 0uint64 SHA2_384.size_state is a non-constant size, stack-allocated array; this is not supported by CompCert
Warning 6: in the definition of output, after the definition of output_len, in top-level declaration Hacl.Test.SHA2_384.test_1b, in file Hacl_Test_SHA2_384: stack newbuf 0uint8 @0 is a non-constant size, stack-allocated array; this is not supported by CompCert
Warning 6: in the definition of output, after the definition of output_len, in top-level declaration Hacl.Test.SHA2_384.test_2a, in file Hacl_Test_SHA2_384: stack newbuf 0uint8 @0 is a non-constant size, stack-allocated array; this is not supported by CompCert
Warning 6: in the definition of state, after the definition of expected, in top-level declaration Hacl.Test.SHA2_384.test_2a, in file Hacl_Test_SHA2_384: stack newbuf 0uint64 SHA2_384.size_state is a non-constant size, stack-allocated array; this is not supported by CompCert
Warning 6: in the definition of output, after the definition of output_len, in top-level declaration Hacl.Test.SHA2_384.test_2b, in file Hacl_Test_SHA2_384: stack newbuf 0uint8 @0 is a non-constant size, stack-allocated array; this is not supported by CompCert
Warning 6: in the definition of output, after the definition of output_len, in top-level declaration Hacl.Test.SHA2_384.test_3a, in file Hacl_Test_SHA2_384: stack newbuf 0uint8 @0 is a non-constant size, stack-allocated array; this is not supported by CompCert
Warning 6: in the definition of state, after the definition of expected, in top-level declaration Hacl.Test.SHA2_384.test_3a, in file Hacl_Test_SHA2_384: stack newbuf 0uint64 SHA2_384.size_state is a non-constant size, stack-allocated array; this is not supported by CompCert
Warning 6: in the definition of output, after the definition of output_len, in top-level declaration Hacl.Test.SHA2_384.test_3b, in file Hacl_Test_SHA2_384: stack newbuf 0uint8 @0 is a non-constant size, stack-allocated array; this is not supported by CompCert
Warning 6: in the definition of output, after the definition of output_len, in top-level declaration Hacl.Test.SHA2_384.test_4a, in file Hacl_Test_SHA2_384: stack newbuf 0uint8 @0 is a non-constant size, stack-allocated array; this is not supported by CompCert
Warning 6: in the definition of state, after the definition of expected, in top-level declaration Hacl.Test.SHA2_384.test_4a, in file Hacl_Test_SHA2_384: stack newbuf 0uint64 SHA2_384.size_state is a non-constant size, stack-allocated array; this is not supported by CompCert
Warning 6: in the definition of output, after the definition of output_len, in top-level declaration Hacl.Test.SHA2_384.test_4b, in file Hacl_Test_SHA2_384: stack newbuf 0uint8 @0 is a non-constant size, stack-allocated array; this is not supported by CompCert
Warning 6: in the definition of output, after the definition of output_len, in top-level declaration Hacl.Test.SHA2_384.test_5, in file Hacl_Test_SHA2_384: stack newbuf 0uint8 @0 is a non-constant size, stack-allocated array; this is not supported by CompCert
Warning 6: in the definition of plaintext, after the definition of plaintext_len, in top-level declaration Hacl.Test.SHA2_384.test_5, in file Hacl_Test_SHA2_384: stack newbuf 0x61uint8 @0 is a non-constant size, stack-allocated array; this is not supported by CompCert
Warning 6: in the definition of output, after the definition of output_len, in top-level declaration Hacl.Test.SHA2_384.test_6, in file Hacl_Test_SHA2_384: stack newbuf 0uint8 @0 is a non-constant size, stack-allocated array; this is not supported by CompCert
Warning 6: in the definition of state, after the definition of expected, in top-level declaration Hacl.Test.SHA2_384.test_6, in file Hacl_Test_SHA2_384: stack newbuf 0uint64 SHA2_384.size_state is a non-constant size, stack-allocated array; this is not supported by CompCert
Warning 6: in the definition of output, after the definition of output_len, in top-level declaration Hacl.Test.SHA2_512.test_1a, in file Hacl_Test_SHA2_512: stack newbuf 0uint8 @0 is a non-constant size, stack-allocated array; this is not supported by CompCert
Warning 6: in the definition of output, after the definition of output_len, in top-level declaration Hacl.Test.SHA2_512.test_1b, in file Hacl_Test_SHA2_512: stack newbuf 0uint8 @0 is a non-constant size, stack-allocated array; this is not supported by CompCert
Warning 6: in the definition of output, after the definition of output_len, in top-level declaration Hacl.Test.SHA2_512.test_2a, in file Hacl_Test_SHA2_512: stack newbuf 0uint8 @0 is a non-constant size, stack-allocated array; this is not supported by CompCert
Warning 6: in the definition of output, after the definition of output_len, in top-level declaration Hacl.Test.SHA2_512.test_2b, in file Hacl_Test_SHA2_512: stack newbuf 0uint8 @0 is a non-constant size, stack-allocated array; this is not supported by CompCert
Warning 6: in the definition of output, after the definition of output_len, in top-level declaration Hacl.Test.SHA2_512.test_3a, in file Hacl_Test_SHA2_512: stack newbuf 0uint8 @0 is a non-constant size, stack-allocated array; this is not supported by CompCert
Warning 6: in the definition of output, after the definition of output_len, in top-level declaration Hacl.Test.SHA2_512.test_3b, in file Hacl_Test_SHA2_512: stack newbuf 0uint8 @0 is a non-constant size, stack-allocated array; this is not supported by CompCert
Warning 6: in the definition of output, after the definition of output_len, in top-level declaration Hacl.Test.SHA2_512.test_4a, in file Hacl_Test_SHA2_512: stack newbuf 0uint8 @0 is a non-constant size, stack-allocated array; this is not supported by CompCert
Warning 6: in the definition of output, after the definition of output_len, in top-level declaration Hacl.Test.SHA2_512.test_4b, in file Hacl_Test_SHA2_512: stack newbuf 0uint8 @0 is a non-constant size, stack-allocated array; this is not supported by CompCert
Warning 6: in the definition of output, after the definition of output_len, in top-level declaration Hacl.Test.SHA2_512.test_5, in file Hacl_Test_SHA2_512: stack newbuf 0uint8 @0 is a non-constant size, stack-allocated array; this is not supported by CompCert
Warning 6: in the definition of plaintext, after the definition of plaintext_len, in top-level declaration Hacl.Test.SHA2_512.test_5, in file Hacl_Test_SHA2_512: stack newbuf 0x61uint8 @0 is a non-constant size, stack-allocated array; this is not supported by CompCert
Warning 6: in the definition of output, after the definition of output_len, in top-level declaration Hacl.Test.SHA2_512.test_6, in file Hacl_Test_SHA2_512: stack newbuf 0uint8 @0 is a non-constant size, stack-allocated array; this is not supported by CompCert
Warning 6: in the definition of output, after the definition of output_len, in top-level declaration Hacl.Test.SHA2_256.test_1a, in file Hacl_Test_SHA2_256: stack newbuf 0uint8 @0 is a non-constant size, stack-allocated array; this is not supported by CompCert
Warning 6: in the definition of ctx, after the definition of expected, in top-level declaration Hacl.Test.SHA2_256.test_1a, in file Hacl_Test_SHA2_256: stack newbuf 0uint32 SHA2_256.size_state is a non-constant size, stack-allocated array; this is not supported by CompCert
Warning 6: in the definition of output, after the definition of output_len, in top-level declaration Hacl.Test.SHA2_256.test_1b, in file Hacl_Test_SHA2_256: stack newbuf 0uint8 @0 is a non-constant size, stack-allocated array; this is not supported by CompCert
Warning 6: in the definition of ctx, after the definition of expected, in top-level declaration Hacl.Test.SHA2_256.test_1b, in file Hacl_Test_SHA2_256: stack newbuf 0uint32 SHA2_256.size_state is a non-constant size, stack-allocated array; this is not supported by CompCert
Warning 6: in the definition of output, after the definition of output_len, in top-level declaration Hacl.Test.SHA2_256.test_2a, in file Hacl_Test_SHA2_256: stack newbuf 0uint8 @0 is a non-constant size, stack-allocated array; this is not supported by CompCert
Warning 6: in the definition of ctx, after the definition of expected, in top-level declaration Hacl.Test.SHA2_256.test_2a, in file Hacl_Test_SHA2_256: stack newbuf 0uint32 SHA2_256.size_state is a non-constant size, stack-allocated array; this is not supported by CompCert
Warning 6: in the definition of output, after the definition of output_len, in top-level declaration Hacl.Test.SHA2_256.test_2b, in file Hacl_Test_SHA2_256: stack newbuf 0uint8 @0 is a non-constant size, stack-allocated array; this is not supported by CompCert
Warning 6: in the definition of ctx, after the definition of expected, in top-level declaration Hacl.Test.SHA2_256.test_2b, in file Hacl_Test_SHA2_256: stack newbuf 0uint32 SHA2_256.size_state is a non-constant size, stack-allocated array; this is not supported by CompCert
Warning 6: in the definition of output, after the definition of output_len, in top-level declaration Hacl.Test.SHA2_256.test_3a, in file Hacl_Test_SHA2_256: stack newbuf 0uint8 @0 is a non-constant size, stack-allocated array; this is not supported by CompCert
Warning 6: in the definition of ctx, after the definition of expected, in top-level declaration Hacl.Test.SHA2_256.test_3a, in file Hacl_Test_SHA2_256: stack newbuf 0uint32 SHA2_256.size_state is a non-constant size, stack-allocated array; this is not supported by CompCert
Warning 6: in the definition of output, after the definition of output_len, in top-level declaration Hacl.Test.SHA2_256.test_3b, in file Hacl_Test_SHA2_256: stack newbuf 0uint8 @0 is a non-constant size, stack-allocated array; this is not supported by CompCert
Warning 6: in the definition of ctx, after the definition of expected, in top-level declaration Hacl.Test.SHA2_256.test_3b, in file Hacl_Test_SHA2_256: stack newbuf 0uint32 SHA2_256.size_state is a non-constant size, stack-allocated array; this is not supported by CompCert
Warning 6: in the definition of output, after the definition of output_len, in top-level declaration Hacl.Test.SHA2_256.test_4a, in file Hacl_Test_SHA2_256: stack newbuf 0uint8 @0 is a non-constant size, stack-allocated array; this is not supported by CompCert
Warning 6: in the definition of ctx, after the definition of expected, in top-level declaration Hacl.Test.SHA2_256.test_4a, in file Hacl_Test_SHA2_256: stack newbuf 0uint32 SHA2_256.size_state is a non-constant size, stack-allocated array; this is not supported by CompCert
Warning 6: in the definition of output, after the definition of output_len, in top-level declaration Hacl.Test.SHA2_256.test_4b, in file Hacl_Test_SHA2_256: stack newbuf 0uint8 @0 is a non-constant size, stack-allocated array; this is not supported by CompCert
Warning 6: in the definition of ctx, after the definition of expected, in top-level declaration Hacl.Test.SHA2_256.test_4b, in file Hacl_Test_SHA2_256: stack newbuf 0uint32 SHA2_256.size_state is a non-constant size, stack-allocated array; this is not supported by CompCert
Warning 6: in the definition of output, after the definition of output_len, in top-level declaration Hacl.Test.SHA2_256.test_5, in file Hacl_Test_SHA2_256: stack newbuf 0uint8 @0 is a non-constant size, stack-allocated array; this is not supported by CompCert
Warning 6: in the definition of plaintext, after the definition of plaintext_len, in top-level declaration Hacl.Test.SHA2_256.test_5, in file Hacl_Test_SHA2_256: stack newbuf 0x61uint8 @0 is a non-constant size, stack-allocated array; this is not supported by CompCert
Warning 6: in the definition of ctx, after the definition of expected, in top-level declaration Hacl.Test.SHA2_256.test_5, in file Hacl_Test_SHA2_256: stack newbuf 0uint32 SHA2_256.size_state is a non-constant size, stack-allocated array; this is not supported by CompCert
Warning 6: in the definition of output, after the definition of output_len, in top-level declaration Hacl.Test.SHA2_256.test_6, in file Hacl_Test_SHA2_256: stack newbuf 0uint8 @0 is a non-constant size, stack-allocated array; this is not supported by CompCert
Warning 6: in the definition of ctx, after the definition of expected, in top-level declaration Hacl.Test.SHA2_256.test_6, in file Hacl_Test_SHA2_256: stack newbuf 0uint32 SHA2_256.size_state is a non-constant size, stack-allocated array; this is not supported by CompCert
Warning 6: in the definition of output, after the definition of output_len, in top-level declaration Hacl.Test.SHA2_384.test_1a, in file Hacl_Test_SHA2_384: stack newbuf 0uint8 @0 is a non-constant size, stack-allocated array; this is not supported by CompCert
Warning 6: in the definition of state, after the definition of expected, in top-level declaration Hacl.Test.SHA2_384.test_1a, in file Hacl_Test_SHA2_384: stack newbuf 0uint64 SHA2_384.size_state is a non-constant size, stack-allocated array; this is not supported by CompCert
Warning 6: in the definition of output, after the definition of output_len, in top-level declaration Hacl.Test.SHA2_384.test_1b, in file Hacl_Test_SHA2_384: stack newbuf 0uint8 @0 is a non-constant size, stack-allocated array; this is not supported by CompCert
Warning 6: in the definition of output, after the definition of output_len, in top-level declaration Hacl.Test.SHA2_384.test_2a, in file Hacl_Test_SHA2_384: stack newbuf 0uint8 @0 is a non-constant size, stack-allocated array; this is not supported by CompCert
Warning 6: in the definition of state, after the definition of expected, in top-level declaration Hacl.Test.SHA2_384.test_2a, in file Hacl_Test_SHA2_384: stack newbuf 0uint64 SHA2_384.size_state is a non-constant size, stack-allocated array; this is not supported by CompCert
Warning 6: in the definition of output, after the definition of output_len, in top-level declaration Hacl.Test.SHA2_384.test_2b, in file Hacl_Test_SHA2_384: stack newbuf 0uint8 @0 is a non-constant size, stack-allocated array; this is not supported by CompCert
Warning 6: in the definition of output, after the definition of output_len, in top-level declaration Hacl.Test.SHA2_384.test_3a, in file Hacl_Test_SHA2_384: stack newbuf 0uint8 @0 is a non-constant size, stack-allocated array; this is not supported by CompCert
Warning 6: in the definition of state, after the definition of expected, in top-level declaration Hacl.Test.SHA2_384.test_3a, in file Hacl_Test_SHA2_384: stack newbuf 0uint64 SHA2_384.size_state is a non-constant size, stack-allocated array; this is not supported by CompCert
Warning 6: in the definition of output, after the definition of output_len, in top-level declaration Hacl.Test.SHA2_384.test_3b, in file Hacl_Test_SHA2_384: stack newbuf 0uint8 @0 is a non-constant size, stack-allocated array; this is not supported by CompCert
Warning 6: in the definition of output, after the definition of output_len, in top-level declaration Hacl.Test.SHA2_384.test_4a, in file Hacl_Test_SHA2_384: stack newbuf 0uint8 @0 is a non-constant size, stack-allocated array; this is not supported by CompCert
Warning 6: in the definition of state, after the definition of expected, in top-level declaration Hacl.Test.SHA2_384.test_4a, in file Hacl_Test_SHA2_384: stack newbuf 0uint64 SHA2_384.size_state is a non-constant size, stack-allocated array; this is not supported by CompCert
Warning 6: in the definition of output, after the definition of output_len, in top-level declaration Hacl.Test.SHA2_384.test_4b, in file Hacl_Test_SHA2_384: stack newbuf 0uint8 @0 is a non-constant size, stack-allocated array; this is not supported by CompCert
Warning 6: in the definition of output, after the definition of output_len, in top-level declaration Hacl.Test.SHA2_384.test_5, in file Hacl_Test_SHA2_384: stack newbuf 0uint8 @0 is a non-constant size, stack-allocated array; this is not supported by CompCert
Warning 6: in the definition of plaintext, after the definition of plaintext_len, in top-level declaration Hacl.Test.SHA2_384.test_5, in file Hacl_Test_SHA2_384: stack newbuf 0x61uint8 @0 is a non-constant size, stack-allocated array; this is not supported by CompCert
Warning 6: in the definition of output, after the definition of output_len, in top-level declaration Hacl.Test.SHA2_384.test_6, in file Hacl_Test_SHA2_384: stack newbuf 0uint8 @0 is a non-constant size, stack-allocated array; this is not supported by CompCert
Warning 6: in the definition of state, after the definition of expected, in top-level declaration Hacl.Test.SHA2_384.test_6, in file Hacl_Test_SHA2_384: stack newbuf 0uint64 SHA2_384.size_state is a non-constant size, stack-allocated array; this is not supported by CompCert
Warning 6: in the definition of output, after the definition of output_len, in top-level declaration Hacl.Test.SHA2_512.test_1a, in file Hacl_Test_SHA2_512: stack newbuf 0uint8 @0 is a non-constant size, stack-allocated array; this is not supported by CompCert
Warning 6: in the definition of output, after the definition of output_len, in top-level declaration Hacl.Test.SHA2_512.test_1b, in file Hacl_Test_SHA2_512: stack newbuf 0uint8 @0 is a non-constant size, stack-allocated array; this is not supported by CompCert
Warning 6: in the definition of output, after the definition of output_len, in top-level declaration Hacl.Test.SHA2_512.test_2a, in file Hacl_Test_SHA2_512: stack newbuf 0uint8 @0 is a non-constant size, stack-allocated array; this is not supported by CompCert
Warning 6: in the definition of output, after the definition of output_len, in top-level declaration Hacl.Test.SHA2_512.test_2b, in file Hacl_Test_SHA2_512: stack newbuf 0uint8 @0 is a non-constant size, stack-allocated array; this is not supported by CompCert
Warning 6: in the definition of output, after the definition of output_len, in top-level declaration Hacl.Test.SHA2_512.test_3a, in file Hacl_Test_SHA2_512: stack newbuf 0uint8 @0 is a non-constant size, stack-allocated array; this is not supported by CompCert
Warning 6: in the definition of output, after the definition of output_len, in top-level declaration Hacl.Test.SHA2_512.test_3b, in file Hacl_Test_SHA2_512: stack newbuf 0uint8 @0 is a non-constant size, stack-allocated array; this is not supported by CompCert
Warning 6: in the definition of output, after the definition of output_len, in top-level declaration Hacl.Test.SHA2_512.test_4a, in file Hacl_Test_SHA2_512: stack newbuf 0uint8 @0 is a non-constant size, stack-allocated array; this is not supported by CompCert
Warning 6: in the definition of output, after the definition of output_len, in top-level declaration Hacl.Test.SHA2_512.test_4b, in file Hacl_Test_SHA2_512: stack newbuf 0uint8 @0 is a non-constant size, stack-allocated array; this is not supported by CompCert
Warning 6: in the definition of output, after the definition of output_len, in top-level declaration Hacl.Test.SHA2_512.test_5, in file Hacl_Test_SHA2_512: stack newbuf 0uint8 @0 is a non-constant size, stack-allocated array; this is not supported by CompCert
Warning 6: in the definition of plaintext, after the definition of plaintext_len, in top-level declaration Hacl.Test.SHA2_512.test_5, in file Hacl_Test_SHA2_512: stack newbuf 0x61uint8 @0 is a non-constant size, stack-allocated array; this is not supported by CompCert
Warning 6: in the definition of output, after the definition of output_len, in top-level declaration Hacl.Test.SHA2_512.test_6, in file Hacl_Test_SHA2_512: stack newbuf 0uint8 @0 is a non-constant size, stack-allocated array; this is not supported by CompCert
Warning 6: in the definition of output, after the definition of output_len, in top-level declaration Hacl.Test.SHA2_256.test_1a, in file Hacl_Test_SHA2_256: stack newbuf 0uint8 @0 is a non-constant size, stack-allocated array; this is not supported by CompCert
Warning 6: in the definition of ctx, after the definition of expected, in top-level declaration Hacl.Test.SHA2_256.test_1a, in file Hacl_Test_SHA2_256: stack newbuf 0uint32 SHA2_256.size_state is a non-constant size, stack-allocated array; this is not supported by CompCert
Warning 6: in the definition of output, after the definition of output_len, in top-level declaration Hacl.Test.SHA2_256.test_1b, in file Hacl_Test_SHA2_256: stack newbuf 0uint8 @0 is a non-constant size, stack-allocated array; this is not supported by CompCert
Warning 6: in the definition of ctx, after the definition of expected, in top-level declaration Hacl.Test.SHA2_256.test_1b, in file Hacl_Test_SHA2_256: stack newbuf 0uint32 SHA2_256.size_state is a non-constant size, stack-allocated array; this is not supported by CompCert
Warning 6: in the definition of output, after the definition of output_len, in top-level declaration Hacl.Test.SHA2_256.test_2a, in file Hacl_Test_SHA2_256: stack newbuf 0uint8 @0 is a non-constant size, stack-allocated array; this is not supported by CompCert
Warning 6: in the definition of ctx, after the definition of expected, in top-level declaration Hacl.Test.SHA2_256.test_2a, in file Hacl_Test_SHA2_256: stack newbuf 0uint32 SHA2_256.size_state is a non-constant size, stack-allocated array; this is not supported by CompCert
Warning 6: in the definition of output, after the definition of output_len, in top-level declaration Hacl.Test.SHA2_256.test_2b, in file Hacl_Test_SHA2_256: stack newbuf 0uint8 @0 is a non-constant size, stack-allocated array; this is not supported by CompCert
Warning 6: in the definition of ctx, after the definition of expected, in top-level declaration Hacl.Test.SHA2_256.test_2b, in file Hacl_Test_SHA2_256: stack newbuf 0uint32 SHA2_256.size_state is a non-constant size, stack-allocated array; this is not supported by CompCert
Warning 6: in the definition of output, after the definition of output_len, in top-level declaration Hacl.Test.SHA2_256.test_3a, in file Hacl_Test_SHA2_256: stack newbuf 0uint8 @0 is a non-constant size, stack-allocated array; this is not supported by CompCert
Warning 6: in the definition of ctx, after the definition of expected, in top-level declaration Hacl.Test.SHA2_256.test_3a, in file Hacl_Test_SHA2_256: stack newbuf 0uint32 SHA2_256.size_state is a non-constant size, stack-allocated array; this is not supported by CompCert
Warning 6: in the definition of output, after the definition of output_len, in top-level declaration Hacl.Test.SHA2_256.test_3b, in file Hacl_Test_SHA2_256: stack newbuf 0uint8 @0 is a non-constant size, stack-allocated array; this is not supported by CompCert
Warning 6: in the definition of ctx, after the definition of expected, in top-level declaration Hacl.Test.SHA2_256.test_3b, in file Hacl_Test_SHA2_256: stack newbuf 0uint32 SHA2_256.size_state is a non-constant size, stack-allocated array; this is not supported by CompCert
Warning 6: in the definition of output, after the definition of output_len, in top-level declaration Hacl.Test.SHA2_256.test_4a, in file Hacl_Test_SHA2_256: stack newbuf 0uint8 @0 is a non-constant size, stack-allocated array; this is not supported by CompCert
Warning 6: in the definition of ctx, after the definition of expected, in top-level declaration Hacl.Test.SHA2_256.test_4a, in file Hacl_Test_SHA2_256: stack newbuf 0uint32 SHA2_256.size_state is a non-constant size, stack-allocated array; this is not supported by CompCert
Warning 6: in the definition of output, after the definition of output_len, in top-level declaration Hacl.Test.SHA2_256.test_4b, in file Hacl_Test_SHA2_256: stack newbuf 0uint8 @0 is a non-constant size, stack-allocated array; this is not supported by CompCert
Warning 6: in the definition of ctx, after the definition of expected, in top-level declaration Hacl.Test.SHA2_256.test_4b, in file Hacl_Test_SHA2_256: stack newbuf 0uint32 SHA2_256.size_state is a non-constant size, stack-allocated array; this is not supported by CompCert
Warning 6: in the definition of output, after the definition of output_len, in top-level declaration Hacl.Test.SHA2_256.test_5, in file Hacl_Test_SHA2_256: stack newbuf 0uint8 @0 is a non-constant size, stack-allocated array; this is not supported by CompCert
Warning 6: in the definition of plaintext, after the definition of plaintext_len, in top-level declaration Hacl.Test.SHA2_256.test_5, in file Hacl_Test_SHA2_256: stack newbuf 0x61uint8 @0 is a non-constant size, stack-allocated array; this is not supported by CompCert
Warning 6: in the definition of ctx, after the definition of expected, in top-level declaration Hacl.Test.SHA2_256.test_5, in file Hacl_Test_SHA2_256: stack newbuf 0uint32 SHA2_256.size_state is a non-constant size, stack-allocated array; this is not supported by CompCert
Warning 6: in the definition of output, after the definition of output_len, in top-level declaration Hacl.Test.SHA2_256.test_6, in file Hacl_Test_SHA2_256: stack newbuf 0uint8 @0 is a non-constant size, stack-allocated array; this is not supported by CompCert
Warning 6: in the definition of ctx, after the definition of expected, in top-level declaration Hacl.Test.SHA2_256.test_6, in file Hacl_Test_SHA2_256: stack newbuf 0uint32 SHA2_256.size_state is a non-constant size, stack-allocated array; this is not supported by CompCert
Warning 6: in the definition of output, after the definition of output_len, in top-level declaration Hacl.Test.SHA2_384.test_1a, in file Hacl_Test_SHA2_384: stack newbuf 0uint8 @0 is a non-constant size, stack-allocated array; this is not supported by CompCert
Warning 6: in the definition of state, after the definition of expected, in top-level declaration Hacl.Test.SHA2_384.test_1a, in file Hacl_Test_SHA2_384: stack newbuf 0uint64 SHA2_384.size_state is a non-constant size, stack-allocated array; this is not supported by CompCert
Warning 6: in the definition of output, after the definition of output_len, in top-level declaration Hacl.Test.SHA2_384.test_1b, in file Hacl_Test_SHA2_384: stack newbuf 0uint8 @0 is a non-constant size, stack-allocated array; this is not supported by CompCert
Warning 6: in the definition of output, after the definition of output_len, in top-level declaration Hacl.Test.SHA2_384.test_2a, in file Hacl_Test_SHA2_384: stack newbuf 0uint8 @0 is a non-constant size, stack-allocated array; this is not supported by CompCert
Warning 6: in the definition of state, after the definition of expected, in top-level declaration Hacl.Test.SHA2_384.test_2a, in file Hacl_Test_SHA2_384: stack newbuf 0uint64 SHA2_384.size_state is a non-constant size, stack-allocated array; this is not supported by CompCert
Warning 6: in the definition of output, after the definition of output_len, in top-level declaration Hacl.Test.SHA2_384.test_2b, in file Hacl_Test_SHA2_384: stack newbuf 0uint8 @0 is a non-constant size, stack-allocated array; this is not supported by CompCert
Warning 6: in the definition of output, after the definition of output_len, in top-level declaration Hacl.Test.SHA2_384.test_3a, in file Hacl_Test_SHA2_384: stack newbuf 0uint8 @0 is a non-constant size, stack-allocated array; this is not supported by CompCert
Warning 6: in the definition of state, after the definition of expected, in top-level declaration Hacl.Test.SHA2_384.test_3a, in file Hacl_Test_SHA2_384: stack newbuf 0uint64 SHA2_384.size_state is a non-constant size, stack-allocated array; this is not supported by CompCert
Warning 6: in the definition of output, after the definition of output_len, in top-level declaration Hacl.Test.SHA2_384.test_3b, in file Hacl_Test_SHA2_384: stack newbuf 0uint8 @0 is a non-constant size, stack-allocated array; this is not supported by CompCert
Warning 6: in the definition of output, after the definition of output_len, in top-level declaration Hacl.Test.SHA2_384.test_4a, in file Hacl_Test_SHA2_384: stack newbuf 0uint8 @0 is a non-constant size, stack-allocated array; this is not supported by CompCert
Warning 6: in the definition of state, after the definition of expected, in top-level declaration Hacl.Test.SHA2_384.test_4a, in file Hacl_Test_SHA2_384: stack newbuf 0uint64 SHA2_384.size_state is a non-constant size, stack-allocated array; this is not supported by CompCert
Warning 6: in the definition of output, after the definition of output_len, in top-level declaration Hacl.Test.SHA2_384.test_4b, in file Hacl_Test_SHA2_384: stack newbuf 0uint8 @0 is a non-constant size, stack-allocated array; this is not supported by CompCert
Warning 6: in the definition of output, after the definition of output_len, in top-level declaration Hacl.Test.SHA2_384.test_5, in file Hacl_Test_SHA2_384: stack newbuf 0uint8 @0 is a non-constant size, stack-allocated array; this is not supported by CompCert
Warning 6: in the definition of plaintext, after the definition of plaintext_len, in top-level declaration Hacl.Test.SHA2_384.test_5, in file Hacl_Test_SHA2_384: stack newbuf 0x61uint8 @0 is a non-constant size, stack-allocated array; this is not supported by CompCert
Warning 6: in the definition of output, after the definition of output_len, in top-level declaration Hacl.Test.SHA2_384.test_6, in file Hacl_Test_SHA2_384: stack newbuf 0uint8 @0 is a non-constant size, stack-allocated array; this is not supported by CompCert
Warning 6: in the definition of state, after the definition of expected, in top-level declaration Hacl.Test.SHA2_384.test_6, in file Hacl_Test_SHA2_384: stack newbuf 0uint64 SHA2_384.size_state is a non-constant size, stack-allocated array; this is not supported by CompCert
Warning 6: in the definition of output, after the definition of output_len, in top-level declaration Hacl.Test.SHA2_512.test_1a, in file Hacl_Test_SHA2_512: stack newbuf 0uint8 @0 is a non-constant size, stack-allocated array; this is not supported by CompCert
Warning 6: in the definition of output, after the definition of output_len, in top-level declaration Hacl.Test.SHA2_512.test_1b, in file Hacl_Test_SHA2_512: stack newbuf 0uint8 @0 is a non-constant size, stack-allocated array; this is not supported by CompCert
Warning 6: in the definition of output, after the definition of output_len, in top-level declaration Hacl.Test.SHA2_512.test_2a, in file Hacl_Test_SHA2_512: stack newbuf 0uint8 @0 is a non-constant size, stack-allocated array; this is not supported by CompCert
Warning 6: in the definition of output, after the definition of output_len, in top-level declaration Hacl.Test.SHA2_512.test_2b, in file Hacl_Test_SHA2_512: stack newbuf 0uint8 @0 is a non-constant size, stack-allocated array; this is not supported by CompCert
Warning 6: in the definition of output, after the definition of output_len, in top-level declaration Hacl.Test.SHA2_512.test_3a, in file Hacl_Test_SHA2_512: stack newbuf 0uint8 @0 is a non-constant size, stack-allocated array; this is not supported by CompCert
Warning 6: in the definition of output, after the definition of output_len, in top-level declaration Hacl.Test.SHA2_512.test_3b, in file Hacl_Test_SHA2_512: stack newbuf 0uint8 @0 is a non-constant size, stack-allocated array; this is not supported by CompCert
Warning 6: in the definition of output, after the definition of output_len, in top-level declaration Hacl.Test.SHA2_512.test_4a, in file Hacl_Test_SHA2_512: stack newbuf 0uint8 @0 is a non-constant size, stack-allocated array; this is not supported by CompCert
Warning 6: in the definition of output, after the definition of output_len, in top-level declaration Hacl.Test.SHA2_512.test_4b, in file Hacl_Test_SHA2_512: stack newbuf 0uint8 @0 is a non-constant size, stack-allocated array; this is not supported by CompCert
Warning 6: in the definition of output, after the definition of output_len, in top-level declaration Hacl.Test.SHA2_512.test_5, in file Hacl_Test_SHA2_512: stack newbuf 0uint8 @0 is a non-constant size, stack-allocated array; this is not supported by CompCert
Warning 6: in the definition of plaintext, after the definition of plaintext_len, in top-level declaration Hacl.Test.SHA2_512.test_5, in file Hacl_Test_SHA2_512: stack newbuf 0x61uint8 @0 is a non-constant size, stack-allocated array; this is not supported by CompCert
Warning 6: in the definition of output, after the definition of output_len, in top-level declaration Hacl.Test.SHA2_512.test_6, in file Hacl_Test_SHA2_512: stack newbuf 0uint8 @0 is a non-constant size, stack-allocated array; this is not supported by CompCert

scons: warning: you do not seem to have the pywin32 extensions installed;
parallel (-j) builds may not work reliably with open Python files.
File "C:\Binaries\scons\Scripts\scons.py", line 199, in <module>
warning: CRLF will be replaced by LF in src/parser/ml/parse.mly.
The file will have its original line endings in your working directory.
warning: CRLF will be replaced by LF in src/parser/parse.fsy.
The file will have its original line endings in your working directory.
File "CoreCrypto.ml", line 526, characters 24-144:
Warning 8: this pattern-matching is not exhaustive.
Here is an example of a value that is not matched:
ECC_X448
Submodule 'ucontrib/CoreCrypto/ml/openssl' (https://github.com/openssl/openssl) registered for path 'openssl'
Cloning into '/cygdrive/c/Build/Agent1/_work/7/s/FStar/ucontrib/CoreCrypto/ml/openssl'...
crypto/asn1/x_int64.c: In function 'uint64_print':
crypto/asn1/x_int64.c:105:32: warning: unknown conversion type character 'j' in format [-Wformat=]
return BIO_printf(out, "%jd\n", **(int64_t **)pval);
^
crypto/asn1/x_int64.c:105:32: warning: too many arguments for format [-Wformat-extra-args]
crypto/asn1/x_int64.c:106:28: warning: unknown conversion type character 'j' in format [-Wformat=]
return BIO_printf(out, "%ju\n", **(uint64_t **)pval);
^
crypto/asn1/x_int64.c:106:28: warning: too many arguments for format [-Wformat-extra-args]
crypto/bio/b_sock.c: In function 'BIO_get_accept_socket':
crypto/bio/b_sock.c:211:13: warning: overflow in implicit constant conversion [-Woverflow]
int s = INVALID_SOCKET;
^
crypto/bio/b_sock.c:216:16: warning: overflow in implicit constant conversion [-Woverflow]
return INVALID_SOCKET;
^
crypto/bio/b_sock.c:219:16: warning: overflow in implicit constant conversion [-Woverflow]
return INVALID_SOCKET;
^
crypto/bio/b_sock.c:226:13: warning: overflow in implicit constant conversion [-Woverflow]
s = INVALID_SOCKET;
^
crypto/bio/b_sock.c:233:13: warning: overflow in implicit constant conversion [-Woverflow]
s = INVALID_SOCKET;
^
crypto/bio/b_sock2.c: In function 'BIO_socket':
crypto/bio/b_sock2.c:45:16: warning: overflow in implicit constant conversion [-Woverflow]
return INVALID_SOCKET;
^
crypto/bio/b_sock2.c:51:16: warning: overflow in implicit constant conversion [-Woverflow]
return INVALID_SOCKET;
^
crypto/bio/b_sock2.c: In function 'BIO_connect':
crypto/bio/b_sock2.c:90:56: warning: passing argument 4 of 'setsockopt' from incompatible pointer type [-Wincompatible-pointer-types]
if (setsockopt(sock, SOL_SOCKET, SO_KEEPALIVE, &on, sizeof(on)) != 0) {
^
In file included from ./e_os.h:218:0,
from crypto/bio/bio_lcl.h:11,
from crypto/bio/b_sock2.c:14:
/usr/x86_64-w64-mingw32/sys-root/mingw/include/winsock2.h:999:34: note: expected 'const char *' but argument is of type 'int *'
WINSOCK_API_LINKAGE int WSAAPI setsockopt(SOCKET s,int level,int optname,const char *optval,int optlen);
^
crypto/bio/b_sock2.c:98:56: warning: passing argument 4 of 'setsockopt' from incompatible pointer type [-Wincompatible-pointer-types]
if (setsockopt(sock, IPPROTO_TCP, TCP_NODELAY, &on, sizeof(on)) != 0) {
^
In file included from ./e_os.h:218:0,
from crypto/bio/bio_lcl.h:11,
from crypto/bio/b_sock2.c:14:
/usr/x86_64-w64-mingw32/sys-root/mingw/include/winsock2.h:999:34: note: expected 'const char *' but argument is of type 'int *'
WINSOCK_API_LINKAGE int WSAAPI setsockopt(SOCKET s,int level,int optname,const char *optval,int optlen);
^
crypto/bio/b_sock2.c: In function 'BIO_listen':
crypto/bio/b_sock2.c:164:47: warning: passing argument 4 of 'getsockopt' from incompatible pointer type [-Wincompatible-pointer-types]
if (getsockopt(sock, SOL_SOCKET, SO_TYPE, &socktype, &socktype_len) != 0
^
In file included from ./e_os.h:218:0,
from crypto/bio/bio_lcl.h:11,
from crypto/bio/b_sock2.c:14:
/usr/x86_64-w64-mingw32/sys-root/mingw/include/winsock2.h:980:34: note: expected 'char *' but argument is of type 'int *'
WINSOCK_API_LINKAGE int WSAAPI getsockopt(SOCKET s,int level,int optname,char *optval,int *optlen);
^
crypto/bio/b_sock2.c:187:56: warning: passing argument 4 of 'setsockopt' from incompatible pointer type [-Wincompatible-pointer-types]
if (setsockopt(sock, SOL_SOCKET, SO_KEEPALIVE, &on, sizeof(on)) != 0) {
^
In file included from ./e_os.h:218:0,
from crypto/bio/bio_lcl.h:11,
from crypto/bio/b_sock2.c:14:
/usr/x86_64-w64-mingw32/sys-root/mingw/include/winsock2.h:999:34: note: expected 'const char *' but argument is of type 'int *'
WINSOCK_API_LINKAGE int WSAAPI setsockopt(SOCKET s,int level,int optname,const char *optval,int optlen);
^
crypto/bio/b_sock2.c:195:56: warning: passing argument 4 of 'setsockopt' from incompatible pointer type [-Wincompatible-pointer-types]
if (setsockopt(sock, IPPROTO_TCP, TCP_NODELAY, &on, sizeof(on)) != 0) {
^
In file included from ./e_os.h:218:0,
from crypto/bio/bio_lcl.h:11,
from crypto/bio/b_sock2.c:14:
/usr/x86_64-w64-mingw32/sys-root/mingw/include/winsock2.h:999:34: note: expected 'const char *' but argument is of type 'int *'
WINSOCK_API_LINKAGE int WSAAPI setsockopt(SOCKET s,int level,int optname,const char *optval,int optlen);
^
crypto/bio/b_sock2.c:204:57: warning: passing argument 4 of 'setsockopt' from incompatible pointer type [-Wincompatible-pointer-types]
if (setsockopt(sock, IPPROTO_IPV6, IPV6_V6ONLY, &on, sizeof(on)) != 0) {
^
In file included from ./e_os.h:218:0,
from crypto/bio/bio_lcl.h:11,
from crypto/bio/b_sock2.c:14:
/usr/x86_64-w64-mingw32/sys-root/mingw/include/winsock2.h:999:34: note: expected 'const char *' but argument is of type 'int *'
WINSOCK_API_LINKAGE int WSAAPI setsockopt(SOCKET s,int level,int optname,const char *optval,int optlen);
^
crypto/bio/b_sock2.c: In function 'BIO_accept_ex':
crypto/bio/b_sock2.c:249:16: warning: overflow in implicit constant conversion [-Woverflow]
return INVALID_SOCKET;
^
crypto/bio/b_sock2.c:254:16: warning: overflow in implicit constant conversion [-Woverflow]
return INVALID_SOCKET;
^
In file included from crypto/bn/bn_print.c:15:0:
crypto/bn/bn_print.c: In function 'BN_bn2dec':
crypto/bn/bn_lcl.h:94:27: warning: unknown conversion type character 'l' in format [-Wformat=]
#  define BN_DEC_FMT1     "%llu"
^
crypto/bn/bn_print.c:104:37: note: in expansion of macro 'BN_DEC_FMT1'
BIO_snprintf(p, BUF_REMAIN, BN_DEC_FMT1, *lp);
^
crypto/bn/bn_lcl.h:94:27: warning: too many arguments for format [-Wformat-extra-args]
#  define BN_DEC_FMT1     "%llu"
^
crypto/bn/bn_print.c:104:37: note: in expansion of macro 'BN_DEC_FMT1'
BIO_snprintf(p, BUF_REMAIN, BN_DEC_FMT1, *lp);
^
crypto/bn/bn_lcl.h:95:27: warning: unknown conversion type character 'l' in format [-Wformat=]
#  define BN_DEC_FMT2     "%019llu"
^
crypto/bn/bn_print.c:109:41: note: in expansion of macro 'BN_DEC_FMT2'
BIO_snprintf(p, BUF_REMAIN, BN_DEC_FMT2, *lp);
^
crypto/bn/bn_lcl.h:95:27: warning: too many arguments for format [-Wformat-extra-args]
#  define BN_DEC_FMT2     "%019llu"
^
crypto/bn/bn_print.c:109:41: note: in expansion of macro 'BN_DEC_FMT2'
BIO_snprintf(p, BUF_REMAIN, BN_DEC_FMT2, *lp);
^
crypto/threads_win.c: In function 'CRYPTO_atomic_add':
crypto/threads_win.c:132:35: warning: passing argument 1 of '_InterlockedExchangeAdd' from incompatible pointer type [-Wincompatible-pointer-types]
*ret = InterlockedExchangeAdd(val, amount) + amount;
^
In file included from /usr/x86_64-w64-mingw32/sys-root/mingw/include/winnt.h:27:0,
from /usr/x86_64-w64-mingw32/sys-root/mingw/include/minwindef.h:163,
from /usr/x86_64-w64-mingw32/sys-root/mingw/include/windef.h:8,
from /usr/x86_64-w64-mingw32/sys-root/mingw/include/windows.h:69,
from crypto/threads_win.c:11:
/usr/x86_64-w64-mingw32/sys-root/mingw/include/psdk_inc/intrin-impl.h:1026:10: note: expected 'volatile long int *' but argument is of type 'int *'
__LONG32 _InterlockedExchangeAdd(__LONG32 volatile *Addend, __LONG32 Value) {
^
test/testutil/tests.c: In function 'test_size_t_eq':
test/testutil/tests.c:575:27: warning: unknown conversion type character 'z' in format [-Wformat=]
"[" fmt "] compared to [" fmt "]",            \
^
test/testutil/tests.c:581:5: note: in expansion of macro 'DEFINE_COMPARISON'
DEFINE_COMPARISON(type, name, eq, ==, fmt)                          \
^
test/testutil/tests.c:594:1: note: in expansion of macro 'DEFINE_COMPARISONS'
DEFINE_COMPARISONS(size_t, size_t, "%zu")
^
test/testutil/tests.c:575:27: warning: unknown conversion type character 'z' in format [-Wformat=]
"[" fmt "] compared to [" fmt "]",            \
^
test/testutil/tests.c:581:5: note: in expansion of macro 'DEFINE_COMPARISON'
DEFINE_COMPARISON(type, name, eq, ==, fmt)                          \
^
test/testutil/tests.c:594:1: note: in expansion of macro 'DEFINE_COMPARISONS'
DEFINE_COMPARISONS(size_t, size_t, "%zu")
^
test/testutil/tests.c:575:27: warning: too many arguments for format [-Wformat-extra-args]
"[" fmt "] compared to [" fmt "]",            \
^
test/testutil/tests.c:581:5: note: in expansion of macro 'DEFINE_COMPARISON'
DEFINE_COMPARISON(type, name, eq, ==, fmt)                          \
^
test/testutil/tests.c:594:1: note: in expansion of macro 'DEFINE_COMPARISONS'
DEFINE_COMPARISONS(size_t, size_t, "%zu")
^
test/testutil/tests.c: In function 'test_size_t_ne':
test/testutil/tests.c:575:27: warning: unknown conversion type character 'z' in format [-Wformat=]
"[" fmt "] compared to [" fmt "]",            \
^
test/testutil/tests.c:582:5: note: in expansion of macro 'DEFINE_COMPARISON'
DEFINE_COMPARISON(type, name, ne, !=, fmt)                          \
^
test/testutil/tests.c:594:1: note: in expansion of macro 'DEFINE_COMPARISONS'
DEFINE_COMPARISONS(size_t, size_t, "%zu")
^
test/testutil/tests.c:575:27: warning: unknown conversion type character 'z' in format [-Wformat=]
"[" fmt "] compared to [" fmt "]",            \
^
test/testutil/tests.c:582:5: note: in expansion of macro 'DEFINE_COMPARISON'
DEFINE_COMPARISON(type, name, ne, !=, fmt)                          \
^
test/testutil/tests.c:594:1: note: in expansion of macro 'DEFINE_COMPARISONS'
DEFINE_COMPARISONS(size_t, size_t, "%zu")
^
test/testutil/tests.c:575:27: warning: too many arguments for format [-Wformat-extra-args]
"[" fmt "] compared to [" fmt "]",            \
^
test/testutil/tests.c:582:5: note: in expansion of macro 'DEFINE_COMPARISON'
DEFINE_COMPARISON(type, name, ne, !=, fmt)                          \
^
test/testutil/tests.c:594:1: note: in expansion of macro 'DEFINE_COMPARISONS'
DEFINE_COMPARISONS(size_t, size_t, "%zu")
^
test/testutil/tests.c: In function 'test_size_t_lt':
test/testutil/tests.c:575:27: warning: unknown conversion type character 'z' in format [-Wformat=]
"[" fmt "] compared to [" fmt "]",            \
^
test/testutil/tests.c:583:5: note: in expansion of macro 'DEFINE_COMPARISON'
DEFINE_COMPARISON(type, name, lt, <, fmt)                           \
^
test/testutil/tests.c:594:1: note: in expansion of macro 'DEFINE_COMPARISONS'
DEFINE_COMPARISONS(size_t, size_t, "%zu")
^
test/testutil/tests.c:575:27: warning: unknown conversion type character 'z' in format [-Wformat=]
"[" fmt "] compared to [" fmt "]",            \
^
test/testutil/tests.c:583:5: note: in expansion of macro 'DEFINE_COMPARISON'
DEFINE_COMPARISON(type, name, lt, <, fmt)                           \
^
test/testutil/tests.c:594:1: note: in expansion of macro 'DEFINE_COMPARISONS'
DEFINE_COMPARISONS(size_t, size_t, "%zu")
^
test/testutil/tests.c:575:27: warning: too many arguments for format [-Wformat-extra-args]
"[" fmt "] compared to [" fmt "]",            \
^
test/testutil/tests.c:583:5: note: in expansion of macro 'DEFINE_COMPARISON'
DEFINE_COMPARISON(type, name, lt, <, fmt)                           \
^
test/testutil/tests.c:594:1: note: in expansion of macro 'DEFINE_COMPARISONS'
DEFINE_COMPARISONS(size_t, size_t, "%zu")
^
test/testutil/tests.c: In function 'test_size_t_le':
test/testutil/tests.c:575:27: warning: unknown conversion type character 'z' in format [-Wformat=]
"[" fmt "] compared to [" fmt "]",            \
^
test/testutil/tests.c:584:5: note: in expansion of macro 'DEFINE_COMPARISON'
DEFINE_COMPARISON(type, name, le, <=, fmt)                          \
^
test/testutil/tests.c:594:1: note: in expansion of macro 'DEFINE_COMPARISONS'
DEFINE_COMPARISONS(size_t, size_t, "%zu")
^
test/testutil/tests.c:575:27: warning: unknown conversion type character 'z' in format [-Wformat=]
"[" fmt "] compared to [" fmt "]",            \
^
test/testutil/tests.c:584:5: note: in expansion of macro 'DEFINE_COMPARISON'
DEFINE_COMPARISON(type, name, le, <=, fmt)                          \
^
test/testutil/tests.c:594:1: note: in expansion of macro 'DEFINE_COMPARISONS'
DEFINE_COMPARISONS(size_t, size_t, "%zu")
^
test/testutil/tests.c:575:27: warning: too many arguments for format [-Wformat-extra-args]
"[" fmt "] compared to [" fmt "]",            \
^
test/testutil/tests.c:584:5: note: in expansion of macro 'DEFINE_COMPARISON'
DEFINE_COMPARISON(type, name, le, <=, fmt)                          \
^
test/testutil/tests.c:594:1: note: in expansion of macro 'DEFINE_COMPARISONS'
DEFINE_COMPARISONS(size_t, size_t, "%zu")
^
test/testutil/tests.c: In function 'test_size_t_gt':
test/testutil/tests.c:575:27: warning: unknown conversion type character 'z' in format [-Wformat=]
"[" fmt "] compared to [" fmt "]",            \
^
test/testutil/tests.c:585:5: note: in expansion of macro 'DEFINE_COMPARISON'
DEFINE_COMPARISON(type, name, gt, >, fmt)                           \
^
test/testutil/tests.c:594:1: note: in expansion of macro 'DEFINE_COMPARISONS'
DEFINE_COMPARISONS(size_t, size_t, "%zu")
^
test/testutil/tests.c:575:27: warning: unknown conversion type character 'z' in format [-Wformat=]
"[" fmt "] compared to [" fmt "]",            \
^
test/testutil/tests.c:585:5: note: in expansion of macro 'DEFINE_COMPARISON'
DEFINE_COMPARISON(type, name, gt, >, fmt)                           \
^
test/testutil/tests.c:594:1: note: in expansion of macro 'DEFINE_COMPARISONS'
DEFINE_COMPARISONS(size_t, size_t, "%zu")
^
test/testutil/tests.c:575:27: warning: too many arguments for format [-Wformat-extra-args]
"[" fmt "] compared to [" fmt "]",            \
^
test/testutil/tests.c:585:5: note: in expansion of macro 'DEFINE_COMPARISON'
DEFINE_COMPARISON(type, name, gt, >, fmt)                           \
^
test/testutil/tests.c:594:1: note: in expansion of macro 'DEFINE_COMPARISONS'
DEFINE_COMPARISONS(size_t, size_t, "%zu")
^
test/testutil/tests.c: In function 'test_size_t_ge':
test/testutil/tests.c:575:27: warning: unknown conversion type character 'z' in format [-Wformat=]
"[" fmt "] compared to [" fmt "]",            \
^
test/testutil/tests.c:586:5: note: in expansion of macro 'DEFINE_COMPARISON'
DEFINE_COMPARISON(type, name, ge, >=, fmt)
^
test/testutil/tests.c:594:1: note: in expansion of macro 'DEFINE_COMPARISONS'
DEFINE_COMPARISONS(size_t, size_t, "%zu")
^
test/testutil/tests.c:575:27: warning: unknown conversion type character 'z' in format [-Wformat=]
"[" fmt "] compared to [" fmt "]",            \
^
test/testutil/tests.c:586:5: note: in expansion of macro 'DEFINE_COMPARISON'
DEFINE_COMPARISON(type, name, ge, >=, fmt)
^
test/testutil/tests.c:594:1: note: in expansion of macro 'DEFINE_COMPARISONS'
DEFINE_COMPARISONS(size_t, size_t, "%zu")
^
test/testutil/tests.c:575:27: warning: too many arguments for format [-Wformat-extra-args]
"[" fmt "] compared to [" fmt "]",            \
^
test/testutil/tests.c:586:5: note: in expansion of macro 'DEFINE_COMPARISON'
DEFINE_COMPARISON(type, name, ge, >=, fmt)
^
test/testutil/tests.c:594:1: note: in expansion of macro 'DEFINE_COMPARISONS'
DEFINE_COMPARISONS(size_t, size_t, "%zu")
^
ar: creating libssl.a
ar: creating test/libtestutil.a
ar: creating libcrypto.a
openssl_stub.c: In function ocaml_openssl_init:
openssl_stub.c:56:3: warning: implicit declaration of function OPENSSL_config [-Wimplicit-function-declaration]
OPENSSL_config("CoreCrypto");
^
openssl_stub.c: In function ocaml_rsa_gen_key:
openssl_stub.c:631:23: warning: passing argument 2 of RSA_get0_key from incompatible pointer type [-Wincompatible-pointer-types]
RSA_get0_key(rsa, &b_n, &b_e, &b_d);
^
In file included from openssl_stub.c:22:0:
openssl/include/openssl/rsa.h:195:6: note: expected const BIGNUM ** {aka const struct bignum_st **} but argument is of type BIGNUM ** {aka struct bignum_st **}
void RSA_get0_key(const RSA *r,
^
openssl_stub.c:631:29: warning: passing argument 3 of RSA_get0_key from incompatible pointer type [-Wincompatible-pointer-types]
RSA_get0_key(rsa, &b_n, &b_e, &b_d);
^
In file included from openssl_stub.c:22:0:
openssl/include/openssl/rsa.h:195:6: note: expected const BIGNUM ** {aka const struct bignum_st **} but argument is of type BIGNUM ** {aka struct bignum_st **}
void RSA_get0_key(const RSA *r,
^
openssl_stub.c:631:35: warning: passing argument 4 of RSA_get0_key from incompatible pointer type [-Wincompatible-pointer-types]
RSA_get0_key(rsa, &b_n, &b_e, &b_d);
^
In file included from openssl_stub.c:22:0:
openssl/include/openssl/rsa.h:195:6: note: expected const BIGNUM ** {aka const struct bignum_st **} but argument is of type BIGNUM ** {aka struct bignum_st **}
void RSA_get0_key(const RSA *r,
^
openssl_stub.c: In function ocaml_rsa_get_key:
openssl_stub.c:745:21: warning: passing argument 2 of RSA_get0_key from incompatible pointer type [-Wincompatible-pointer-types]
RSA_get0_key(rsa, &b_n, &b_e, &b_d);
^
In file included from openssl_stub.c:22:0:
openssl/include/openssl/rsa.h:195:6: note: expected const BIGNUM ** {aka const struct bignum_st **} but argument is of type BIGNUM ** {aka struct bignum_st **}
void RSA_get0_key(const RSA *r,
^
openssl_stub.c:745:27: warning: passing argument 3 of RSA_get0_key from incompatible pointer type [-Wincompatible-pointer-types]
RSA_get0_key(rsa, &b_n, &b_e, &b_d);
^
In file included from openssl_stub.c:22:0:
openssl/include/openssl/rsa.h:195:6: note: expected const BIGNUM ** {aka const struct bignum_st **} but argument is of type BIGNUM ** {aka struct bignum_st **}
void RSA_get0_key(const RSA *r,
^
openssl_stub.c:745:33: warning: passing argument 4 of RSA_get0_key from incompatible pointer type [-Wincompatible-pointer-types]
RSA_get0_key(rsa, &b_n, &b_e, &b_d);
^
In file included from openssl_stub.c:22:0:
openssl/include/openssl/rsa.h:195:6: note: expected const BIGNUM ** {aka const struct bignum_st **} but argument is of type BIGNUM ** {aka struct bignum_st **}
void RSA_get0_key(const RSA *r,
^
openssl_stub.c: In function ocaml_rsa_encrypt:
openssl_stub.c:789:23: warning: passing argument 2 of RSA_get0_key from incompatible pointer type [-Wincompatible-pointer-types]
RSA_get0_key(rsa, &b_n, &b_e, &b_d);
^
In file included from openssl_stub.c:22:0:
openssl/include/openssl/rsa.h:195:6: note: expected const BIGNUM ** {aka const struct bignum_st **} but argument is of type BIGNUM ** {aka struct bignum_st **}
void RSA_get0_key(const RSA *r,
^
openssl_stub.c:789:29: warning: passing argument 3 of RSA_get0_key from incompatible pointer type [-Wincompatible-pointer-types]
RSA_get0_key(rsa, &b_n, &b_e, &b_d);
^
In file included from openssl_stub.c:22:0:
openssl/include/openssl/rsa.h:195:6: note: expected const BIGNUM ** {aka const struct bignum_st **} but argument is of type BIGNUM ** {aka struct bignum_st **}
void RSA_get0_key(const RSA *r,
^
openssl_stub.c:789:35: warning: passing argument 4 of RSA_get0_key from incompatible pointer type [-Wincompatible-pointer-types]
RSA_get0_key(rsa, &b_n, &b_e, &b_d);
^
In file included from openssl_stub.c:22:0:
openssl/include/openssl/rsa.h:195:6: note: expected const BIGNUM ** {aka const struct bignum_st **} but argument is of type BIGNUM ** {aka struct bignum_st **}
void RSA_get0_key(const RSA *r,
^
openssl_stub.c: In function ocaml_rsa_decrypt:
openssl_stub.c:844:23: warning: passing argument 2 of RSA_get0_key from incompatible pointer type [-Wincompatible-pointer-types]
RSA_get0_key(rsa, &b_n, &b_e, &b_d);
^
In file included from openssl_stub.c:22:0:
openssl/include/openssl/rsa.h:195:6: note: expected const BIGNUM ** {aka const struct bignum_st **} but argument is of type BIGNUM ** {aka struct bignum_st **}
void RSA_get0_key(const RSA *r,
^
openssl_stub.c:844:29: warning: passing argument 3 of RSA_get0_key from incompatible pointer type [-Wincompatible-pointer-types]
RSA_get0_key(rsa, &b_n, &b_e, &b_d);
^
In file included from openssl_stub.c:22:0:
openssl/include/openssl/rsa.h:195:6: note: expected const BIGNUM ** {aka const struct bignum_st **} but argument is of type BIGNUM ** {aka struct bignum_st **}
void RSA_get0_key(const RSA *r,
^
openssl_stub.c:844:35: warning: passing argument 4 of RSA_get0_key from incompatible pointer type [-Wincompatible-pointer-types]
RSA_get0_key(rsa, &b_n, &b_e, &b_d);
^
In file included from openssl_stub.c:22:0:
openssl/include/openssl/rsa.h:195:6: note: expected const BIGNUM ** {aka const struct bignum_st **} but argument is of type BIGNUM ** {aka struct bignum_st **}
void RSA_get0_key(const RSA *r,
^
openssl_stub.c: In function ocaml_rsa_sign:
openssl_stub.c:888:23: warning: passing argument 2 of RSA_get0_key from incompatible pointer type [-Wincompatible-pointer-types]
RSA_get0_key(rsa, &b_n, &b_e, &b_d);
^
In file included from openssl_stub.c:22:0:
openssl/include/openssl/rsa.h:195:6: note: expected const BIGNUM ** {aka const struct bignum_st **} but argument is of type BIGNUM ** {aka struct bignum_st **}
void RSA_get0_key(const RSA *r,
^
openssl_stub.c:888:29: warning: passing argument 3 of RSA_get0_key from incompatible pointer type [-Wincompatible-pointer-types]
RSA_get0_key(rsa, &b_n, &b_e, &b_d);
^
In file included from openssl_stub.c:22:0:
openssl/include/openssl/rsa.h:195:6: note: expected const BIGNUM ** {aka const struct bignum_st **} but argument is of type BIGNUM ** {aka struct bignum_st **}
void RSA_get0_key(const RSA *r,
^
openssl_stub.c:888:35: warning: passing argument 4 of RSA_get0_key from incompatible pointer type [-Wincompatible-pointer-types]
RSA_get0_key(rsa, &b_n, &b_e, &b_d);
^
In file included from openssl_stub.c:22:0:
openssl/include/openssl/rsa.h:195:6: note: expected const BIGNUM ** {aka const struct bignum_st **} but argument is of type BIGNUM ** {aka struct bignum_st **}
void RSA_get0_key(const RSA *r,
^
openssl_stub.c: In function ocaml_rsa_verify:
openssl_stub.c:941:23: warning: passing argument 2 of RSA_get0_key from incompatible pointer type [-Wincompatible-pointer-types]
RSA_get0_key(rsa, &b_n, &b_e, &b_d);
^
In file included from openssl_stub.c:22:0:
openssl/include/openssl/rsa.h:195:6: note: expected const BIGNUM ** {aka const struct bignum_st **} but argument is of type BIGNUM ** {aka struct bignum_st **}
void RSA_get0_key(const RSA *r,
^
openssl_stub.c:941:29: warning: passing argument 3 of RSA_get0_key from incompatible pointer type [-Wincompatible-pointer-types]
RSA_get0_key(rsa, &b_n, &b_e, &b_d);
^
In file included from openssl_stub.c:22:0:
openssl/include/openssl/rsa.h:195:6: note: expected const BIGNUM ** {aka const struct bignum_st **} but argument is of type BIGNUM ** {aka struct bignum_st **}
void RSA_get0_key(const RSA *r,
^
openssl_stub.c:941:35: warning: passing argument 4 of RSA_get0_key from incompatible pointer type [-Wincompatible-pointer-types]
RSA_get0_key(rsa, &b_n, &b_e, &b_d);
^
In file included from openssl_stub.c:22:0:
openssl/include/openssl/rsa.h:195:6: note: expected const BIGNUM ** {aka const struct bignum_st **} but argument is of type BIGNUM ** {aka struct bignum_st **}
void RSA_get0_key(const RSA *r,
^
openssl_stub.c: In function ocaml_dsa_gen_params:
openssl_stub.c:1053:23: warning: passing argument 2 of DSA_get0_pqg from incompatible pointer type [-Wincompatible-pointer-types]
DSA_get0_pqg(dsa, &b_p, &b_q, &b_g);
^
In file included from openssl_stub.c:23:0:
openssl/include/openssl/dsa.h:174:6: note: expected const BIGNUM ** {aka const struct bignum_st **} but argument is of type BIGNUM ** {aka struct bignum_st **}
void DSA_get0_pqg(const DSA *d,
^
openssl_stub.c:1053:29: warning: passing argument 3 of DSA_get0_pqg from incompatible pointer type [-Wincompatible-pointer-types]
DSA_get0_pqg(dsa, &b_p, &b_q, &b_g);
^
In file included from openssl_stub.c:23:0:
openssl/include/openssl/dsa.h:174:6: note: expected const BIGNUM ** {aka const struct bignum_st **} but argument is of type BIGNUM ** {aka struct bignum_st **}
void DSA_get0_pqg(const DSA *d,
^
openssl_stub.c:1053:35: warning: passing argument 4 of DSA_get0_pqg from incompatible pointer type [-Wincompatible-pointer-types]
DSA_get0_pqg(dsa, &b_p, &b_q, &b_g);
^
In file included from openssl_stub.c:23:0:
openssl/include/openssl/dsa.h:174:6: note: expected const BIGNUM ** {aka const struct bignum_st **} but argument is of type BIGNUM ** {aka struct bignum_st **}
void DSA_get0_pqg(const DSA *d,
^
openssl_stub.c: In function ocaml_dsa_gen_key:
openssl_stub.c:1110:23: warning: passing argument 2 of DSA_get0_key from incompatible pointer type [-Wincompatible-pointer-types]
DSA_get0_key(dsa, &b_pub, &b_priv);
^
In file included from openssl_stub.c:23:0:
openssl/include/openssl/dsa.h:177:6: note: expected const BIGNUM ** {aka const struct bignum_st **} but argument is of type BIGNUM ** {aka struct bignum_st **}
void DSA_get0_key(const DSA *d,
^
openssl_stub.c:1110:31: warning: passing argument 3 of DSA_get0_key from incompatible pointer type [-Wincompatible-pointer-types]
DSA_get0_key(dsa, &b_pub, &b_priv);
^
In file included from openssl_stub.c:23:0:
openssl/include/openssl/dsa.h:177:6: note: expected const BIGNUM ** {aka const struct bignum_st **} but argument is of type BIGNUM ** {aka struct bignum_st **}
void DSA_get0_key(const DSA *d,
^
openssl_stub.c: In function ocaml_dsa_get_key:
openssl_stub.c:1149:21: warning: passing argument 2 of DSA_get0_pqg from incompatible pointer type [-Wincompatible-pointer-types]
DSA_get0_pqg(dsa, &b_p, &b_q, &b_g);
^
In file included from openssl_stub.c:23:0:
openssl/include/openssl/dsa.h:174:6: note: expected const BIGNUM ** {aka const struct bignum_st **} but argument is of type BIGNUM ** {aka struct bignum_st **}
void DSA_get0_pqg(const DSA *d,
^
openssl_stub.c:1149:27: warning: passing argument 3 of DSA_get0_pqg from incompatible pointer type [-Wincompatible-pointer-types]
DSA_get0_pqg(dsa, &b_p, &b_q, &b_g);
^
In file included from openssl_stub.c:23:0:
openssl/include/openssl/dsa.h:174:6: note: expected const BIGNUM ** {aka const struct bignum_st **} but argument is of type BIGNUM ** {aka struct bignum_st **}
void DSA_get0_pqg(const DSA *d,
^
openssl_stub.c:1149:33: warning: passing argument 4 of DSA_get0_pqg from incompatible pointer type [-Wincompatible-pointer-types]
DSA_get0_pqg(dsa, &b_p, &b_q, &b_g);
^
In file included from openssl_stub.c:23:0:
openssl/include/openssl/dsa.h:174:6: note: expected const BIGNUM ** {aka const struct bignum_st **} but argument is of type BIGNUM ** {aka struct bignum_st **}
void DSA_get0_pqg(const DSA *d,
^
openssl_stub.c:1156:21: warning: passing argument 2 of DSA_get0_key from incompatible pointer type [-Wincompatible-pointer-types]
DSA_get0_key(dsa, &b_pub, &b_priv);
^
In file included from openssl_stub.c:23:0:
openssl/include/openssl/dsa.h:177:6: note: expected const BIGNUM ** {aka const struct bignum_st **} but argument is of type BIGNUM ** {aka struct bignum_st **}
void DSA_get0_key(const DSA *d,
^
openssl_stub.c:1156:29: warning: passing argument 3 of DSA_get0_key from incompatible pointer type [-Wincompatible-pointer-types]
DSA_get0_key(dsa, &b_pub, &b_priv);
^
In file included from openssl_stub.c:23:0:
openssl/include/openssl/dsa.h:177:6: note: expected const BIGNUM ** {aka const struct bignum_st **} but argument is of type BIGNUM ** {aka struct bignum_st **}
void DSA_get0_key(const DSA *d,
^
openssl_stub.c: In function ocaml_dsa_set_key:
openssl_stub.c:1201:23: warning: passing argument 2 of DSA_get0_pqg from incompatible pointer type [-Wincompatible-pointer-types]
DSA_get0_pqg(dsa, &b_p, &b_q, &b_g);
^
In file included from openssl_stub.c:23:0:
openssl/include/openssl/dsa.h:174:6: note: expected const BIGNUM ** {aka const struct bignum_st **} but argument is of type BIGNUM ** {aka struct bignum_st **}
void DSA_get0_pqg(const DSA *d,
^
openssl_stub.c:1201:29: warning: passing argument 3 of DSA_get0_pqg from incompatible pointer type [-Wincompatible-pointer-types]
DSA_get0_pqg(dsa, &b_p, &b_q, &b_g);
^
In file included from openssl_stub.c:23:0:
openssl/include/openssl/dsa.h:174:6: note: expected const BIGNUM ** {aka const struct bignum_st **} but argument is of type BIGNUM ** {aka struct bignum_st **}
void DSA_get0_pqg(const DSA *d,
^
openssl_stub.c:1201:35: warning: passing argument 4 of DSA_get0_pqg from incompatible pointer type [-Wincompatible-pointer-types]
DSA_get0_pqg(dsa, &b_p, &b_q, &b_g);
^
In file included from openssl_stub.c:23:0:
openssl/include/openssl/dsa.h:174:6: note: expected const BIGNUM ** {aka const struct bignum_st **} but argument is of type BIGNUM ** {aka struct bignum_st **}
void DSA_get0_pqg(const DSA *d,
^
openssl_stub.c:1202:23: warning: passing argument 2 of DSA_get0_key from incompatible pointer type [-Wincompatible-pointer-types]
DSA_get0_key(dsa, &b_pub, &b_priv);
^
In file included from openssl_stub.c:23:0:
openssl/include/openssl/dsa.h:177:6: note: expected const BIGNUM ** {aka const struct bignum_st **} but argument is of type BIGNUM ** {aka struct bignum_st **}
void DSA_get0_key(const DSA *d,
^
openssl_stub.c:1202:31: warning: passing argument 3 of DSA_get0_key from incompatible pointer type [-Wincompatible-pointer-types]
DSA_get0_key(dsa, &b_pub, &b_priv);
^
In file included from openssl_stub.c:23:0:
openssl/include/openssl/dsa.h:177:6: note: expected const BIGNUM ** {aka const struct bignum_st **} but argument is of type BIGNUM ** {aka struct bignum_st **}
void DSA_get0_key(const DSA *d,
^
openssl_stub.c: In function ocaml_dsa_sign:
openssl_stub.c:1291:23: warning: passing argument 2 of DSA_get0_pqg from incompatible pointer type [-Wincompatible-pointer-types]
DSA_get0_pqg(dsa, &b_p, &b_q, &b_g);
^
In file included from openssl_stub.c:23:0:
openssl/include/openssl/dsa.h:174:6: note: expected const BIGNUM ** {aka const struct bignum_st **} but argument is of type BIGNUM ** {aka struct bignum_st **}
void DSA_get0_pqg(const DSA *d,
^
openssl_stub.c:1291:29: warning: passing argument 3 of DSA_get0_pqg from incompatible pointer type [-Wincompatible-pointer-types]
DSA_get0_pqg(dsa, &b_p, &b_q, &b_g);
^
In file included from openssl_stub.c:23:0:
openssl/include/openssl/dsa.h:174:6: note: expected const BIGNUM ** {aka const struct bignum_st **} but argument is of type BIGNUM ** {aka struct bignum_st **}
void DSA_get0_pqg(const DSA *d,
^
openssl_stub.c:1291:35: warning: passing argument 4 of DSA_get0_pqg from incompatible pointer type [-Wincompatible-pointer-types]
DSA_get0_pqg(dsa, &b_p, &b_q, &b_g);
^
In file included from openssl_stub.c:23:0:
openssl/include/openssl/dsa.h:174:6: note: expected const BIGNUM ** {aka const struct bignum_st **} but argument is of type BIGNUM ** {aka struct bignum_st **}
void DSA_get0_pqg(const DSA *d,
^
openssl_stub.c:1292:23: warning: passing argument 2 of DSA_get0_key from incompatible pointer type [-Wincompatible-pointer-types]
DSA_get0_key(dsa, &b_pub, &b_priv);
^
In file included from openssl_stub.c:23:0:
openssl/include/openssl/dsa.h:177:6: note: expected const BIGNUM ** {aka const struct bignum_st **} but argument is of type BIGNUM ** {aka struct bignum_st **}
void DSA_get0_key(const DSA *d,
^
openssl_stub.c:1292:31: warning: passing argument 3 of DSA_get0_key from incompatible pointer type [-Wincompatible-pointer-types]
DSA_get0_key(dsa, &b_pub, &b_priv);
^
In file included from openssl_stub.c:23:0:
openssl/include/openssl/dsa.h:177:6: note: expected const BIGNUM ** {aka const struct bignum_st **} but argument is of type BIGNUM ** {aka struct bignum_st **}
void DSA_get0_key(const DSA *d,
^
openssl_stub.c: In function ocaml_dsa_verify:
openssl_stub.c:1334:23: warning: passing argument 2 of DSA_get0_pqg from incompatible pointer type [-Wincompatible-pointer-types]
DSA_get0_pqg(dsa, &b_p, &b_q, &b_g);
^
In file included from openssl_stub.c:23:0:
openssl/include/openssl/dsa.h:174:6: note: expected const BIGNUM ** {aka const struct bignum_st **} but argument is of type BIGNUM ** {aka struct bignum_st **}
void DSA_get0_pqg(const DSA *d,
^
openssl_stub.c:1334:29: warning: passing argument 3 of DSA_get0_pqg from incompatible pointer type [-Wincompatible-pointer-types]
DSA_get0_pqg(dsa, &b_p, &b_q, &b_g);
^
In file included from openssl_stub.c:23:0:
openssl/include/openssl/dsa.h:174:6: note: expected const BIGNUM ** {aka const struct bignum_st **} but argument is of type BIGNUM ** {aka struct bignum_st **}
void DSA_get0_pqg(const DSA *d,
^
openssl_stub.c:1334:35: warning: passing argument 4 of DSA_get0_pqg from incompatible pointer type [-Wincompatible-pointer-types]
DSA_get0_pqg(dsa, &b_p, &b_q, &b_g);
^
In file included from openssl_stub.c:23:0:
openssl/include/openssl/dsa.h:174:6: note: expected const BIGNUM ** {aka const struct bignum_st **} but argument is of type BIGNUM ** {aka struct bignum_st **}
void DSA_get0_pqg(const DSA *d,
^
openssl_stub.c:1335:23: warning: passing argument 2 of DSA_get0_key from incompatible pointer type [-Wincompatible-pointer-types]
DSA_get0_key(dsa, &b_pub, &b_priv);
^
In file included from openssl_stub.c:23:0:
openssl/include/openssl/dsa.h:177:6: note: expected const BIGNUM ** {aka const struct bignum_st **} but argument is of type BIGNUM ** {aka struct bignum_st **}
void DSA_get0_key(const DSA *d,
^
openssl_stub.c:1335:31: warning: passing argument 3 of DSA_get0_key from incompatible pointer type [-Wincompatible-pointer-types]
DSA_get0_key(dsa, &b_pub, &b_priv);
^
In file included from openssl_stub.c:23:0:
openssl/include/openssl/dsa.h:177:6: note: expected const BIGNUM ** {aka const struct bignum_st **} but argument is of type BIGNUM ** {aka struct bignum_st **}
void DSA_get0_key(const DSA *d,
^
openssl_stub.c: In function ocaml_dh_gen_params:
openssl_stub.c:1439:21: warning: passing argument 2 of DH_get0_pqg from incompatible pointer type [-Wincompatible-pointer-types]
DH_get0_pqg(dh, &b_p, &b_q, &b_g);
^
In file included from openssl/include/openssl/dsa.h:31:0,
from openssl_stub.c:23:
openssl/include/openssl/dh.h:173:6: note: expected const BIGNUM ** {aka const struct bignum_st **} but argument is of type BIGNUM ** {aka struct bignum_st **}
void DH_get0_pqg(const DH *dh,
^
openssl_stub.c:1439:27: warning: passing argument 3 of DH_get0_pqg from incompatible pointer type [-Wincompatible-pointer-types]
DH_get0_pqg(dh, &b_p, &b_q, &b_g);
^
In file included from openssl/include/openssl/dsa.h:31:0,
from openssl_stub.c:23:
openssl/include/openssl/dh.h:173:6: note: expected const BIGNUM ** {aka const struct bignum_st **} but argument is of type BIGNUM ** {aka struct bignum_st **}
void DH_get0_pqg(const DH *dh,
^
openssl_stub.c:1439:33: warning: passing argument 4 of DH_get0_pqg from incompatible pointer type [-Wincompatible-pointer-types]
DH_get0_pqg(dh, &b_p, &b_q, &b_g);
^
In file included from openssl/include/openssl/dsa.h:31:0,
from openssl_stub.c:23:
openssl/include/openssl/dh.h:173:6: note: expected const BIGNUM ** {aka const struct bignum_st **} but argument is of type BIGNUM ** {aka struct bignum_st **}
void DH_get0_pqg(const DH *dh,
^
openssl_stub.c: In function ocaml_dh_params_of_string:
openssl_stub.c:1472:21: warning: passing argument 2 of DH_get0_pqg from incompatible pointer type [-Wincompatible-pointer-types]
DH_get0_pqg(dh, &b_p, &b_q, &b_g);
^
In file included from openssl/include/openssl/dsa.h:31:0,
from openssl_stub.c:23:
openssl/include/openssl/dh.h:173:6: note: expected const BIGNUM ** {aka const struct bignum_st **} but argument is of type BIGNUM ** {aka struct bignum_st **}
void DH_get0_pqg(const DH *dh,
^
openssl_stub.c:1472:27: warning: passing argument 3 of DH_get0_pqg from incompatible pointer type [-Wincompatible-pointer-types]
DH_get0_pqg(dh, &b_p, &b_q, &b_g);
^
In file included from openssl/include/openssl/dsa.h:31:0,
from openssl_stub.c:23:
openssl/include/openssl/dh.h:173:6: note: expected const BIGNUM ** {aka const struct bignum_st **} but argument is of type BIGNUM ** {aka struct bignum_st **}
void DH_get0_pqg(const DH *dh,
^
openssl_stub.c:1472:33: warning: passing argument 4 of DH_get0_pqg from incompatible pointer type [-Wincompatible-pointer-types]
DH_get0_pqg(dh, &b_p, &b_q, &b_g);
^
In file included from openssl/include/openssl/dsa.h:31:0,
from openssl_stub.c:23:
openssl/include/openssl/dh.h:173:6: note: expected const BIGNUM ** {aka const struct bignum_st **} but argument is of type BIGNUM ** {aka struct bignum_st **}
void DH_get0_pqg(const DH *dh,
^
openssl_stub.c: In function ocaml_dh_gen_key:
openssl_stub.c:1527:21: warning: passing argument 2 of DH_get0_key from incompatible pointer type [-Wincompatible-pointer-types]
DH_get0_key(dh, &b_pub, &b_prv);
^
In file included from openssl/include/openssl/dsa.h:31:0,
from openssl_stub.c:23:
openssl/include/openssl/dh.h:176:6: note: expected const BIGNUM ** {aka const struct bignum_st **} but argument is of type BIGNUM ** {aka struct bignum_st **}
void DH_get0_key(const DH *dh,
^
openssl_stub.c:1527:29: warning: passing argument 3 of DH_get0_key from incompatible pointer type [-Wincompatible-pointer-types]
DH_get0_key(dh, &b_pub, &b_prv);
^
In file included from openssl/include/openssl/dsa.h:31:0,
from openssl_stub.c:23:
openssl/include/openssl/dh.h:176:6: note: expected const BIGNUM ** {aka const struct bignum_st **} but argument is of type BIGNUM ** {aka struct bignum_st **}
void DH_get0_key(const DH *dh,
^
openssl_stub.c: In function ocaml_dh_compute:
openssl_stub.c:1638:21: warning: passing argument 2 of DH_get0_key from incompatible pointer type [-Wincompatible-pointer-types]
DH_get0_key(dh, &b_pub, &b_prv);
^
In file included from openssl/include/openssl/dsa.h:31:0,
from openssl_stub.c:23:
openssl/include/openssl/dh.h:176:6: note: expected const BIGNUM ** {aka const struct bignum_st **} but argument is of type BIGNUM ** {aka struct bignum_st **}
void DH_get0_key(const DH *dh,
^
openssl_stub.c:1638:29: warning: passing argument 3 of DH_get0_key from incompatible pointer type [-Wincompatible-pointer-types]
DH_get0_key(dh, &b_pub, &b_prv);
^
In file included from openssl/include/openssl/dsa.h:31:0,
from openssl_stub.c:23:
openssl/include/openssl/dh.h:176:6: note: expected const BIGNUM ** {aka const struct bignum_st **} but argument is of type BIGNUM ** {aka struct bignum_st **}
void DH_get0_key(const DH *dh,
^
Warning 6: in the definition of state, in top-level declaration Crypto.Symmetric.AES.cipher, in file Crypto_Symmetric_AES: stack newbuf 0uint8 Crypto.Symmetric.AES.blocklen is a non-constant size, stack-allocated array; this is not supported by CompCert
Warning 6: in the definition of state, in top-level declaration Crypto.Symmetric.AES.inv_cipher, in file Crypto_Symmetric_AES: stack newbuf 0uint8 Crypto.Symmetric.AES.blocklen is a non-constant size, stack-allocated array; this is not supported by CompCert
Warning 6: in the definition of state, in top-level declaration Crypto.Symmetric.AES128.cipher, in file Crypto_Symmetric_AES128: stack newbuf 0uint8 Crypto.Symmetric.AES128.blocklen is a non-constant size, stack-allocated array; this is not supported by CompCert
Warning 6: in the definition of state, in top-level declaration Crypto.Symmetric.AES128.inv_cipher, in file Crypto_Symmetric_AES128: stack newbuf 0uint8 Crypto.Symmetric.AES128.blocklen is a non-constant size, stack-allocated array; this is not supported by CompCert
Warning 6: in the definition of buf, after the definition of m0, in top-level declaration Crypto.Symmetric.Bytes.random_bytes, in file Crypto_Symmetric_Bytes: stack newbuf 0uint8 @1 is a non-constant size, stack-allocated array; this is not supported by CompCert
Warning 6: in the definition of uu____701, in top-level declaration Crypto.Symmetric.MAC.rcreate, in file Crypto_Symmetric_MAC: eternal newbuf 0uint8 Crypto.Symmetric.MAC.wlen is a non-constant size, stack-allocated array; this is not supported by CompCert
Warning 6: in the definition of k, in top-level declaration Crypto.Symmetric.UF1CMA.akey_gen, in file Crypto_Symmetric_UF1CMA: eternal newbuf 0uint8 Crypto.Symmetric.UF1CMA.skeylen @0 is a non-constant size, stack-allocated array; this is not supported by CompCert
Warning 6: in the definition of sk, in top-level declaration Crypto.Symmetric.UF1CMA.akey_coerce, in file Crypto_Symmetric_UF1CMA: eternal newbuf 0uint8 Crypto.Symmetric.UF1CMA.skeylen @1 is a non-constant size, stack-allocated array; this is not supported by CompCert
Warning 6: in the definition of k, after the definition of len1, in top-level declaration Crypto.Symmetric.UF1CMA.gen, in file Crypto_Symmetric_UF1CMA: eternal newbuf 0uint8 @0 is a non-constant size, stack-allocated array; this is not supported by CompCert
Warning 6: in top-level declaration Crypto.Plain.create, in file Crypto_Plain: stack newbuf @1 @0 is a non-constant size, stack-allocated array; this is not supported by CompCert
Warning 6: in the definition of keystate, after the definition of mac_rgn, in top-level declaration Crypto.Symmetric.PRF.gen, in file Crypto_Symmetric_PRF: eternal newbuf 0uint8 Crypto.Symmetric.PRF.statelen @1 is a non-constant size, stack-allocated array; this is not supported by CompCert
Warning 6: in the definition of key, after the definition of keystate, in top-level declaration Crypto.Symmetric.PRF.gen, in file Crypto_Symmetric_PRF: stack newbuf 0uint8 Crypto.Symmetric.PRF.keylen @2 is a non-constant size, stack-allocated array; this is not supported by CompCert
Warning 6: in the definition of keystate, after the definition of mac_rgn, in top-level declaration Crypto.Symmetric.PRF.coerce, in file Crypto_Symmetric_PRF: eternal newbuf 0uint8 Crypto.Symmetric.PRF.statelen @2 is a non-constant size, stack-allocated array; this is not supported by CompCert
Warning 6: in the definition of keyBuffer, after the definition of macId, in top-level declaration Crypto.Symmetric.PRF.prf_mac, in file Crypto_Symmetric_PRF: eternal newbuf 0uint8 Crypto.Symmetric.UF1CMA.keylen @4 is a non-constant size, stack-allocated array; this is not supported by CompCert
Warning 6: in the definition of keyBuffer, after the definition of x, in top-level declaration Crypto.Symmetric.PRF.prf_sk0, in file Crypto_Symmetric_PRF: eternal newbuf 0uint8 Crypto.Symmetric.UF1CMA.skeylen @2 is a non-constant size, stack-allocated array; this is not supported by CompCert
Warning 6: in the definition of cipher1, after the definition of cipherlen, in top-level declaration Crypto.KrmlTest.test, in file Crypto_KrmlTest: stack newbuf 0uint8 @0 is a non-constant size, stack-allocated array; this is not supported by CompCert
Warning 6: in the definition of cipher1, after the definition of cipherlen, in top-level declaration Crypto.KrmlTest.test_aes_gcm, in file Crypto_KrmlTest: stack newbuf 2uint8 @0 is a non-constant size, stack-allocated array; this is not supported by CompCert
Warning 6: in the definition of plain, after the definition of plainlen, in top-level declaration Crypto.KrmlTest.test_aes_gcm_0, in file Crypto_KrmlTest: stack newbuf 0uint8 @0 is a non-constant size, stack-allocated array; this is not supported by CompCert
Warning 6: in the definition of aad, after the definition of aadlen, in top-level declaration Crypto.KrmlTest.test_aes_gcm_0, in file Crypto_KrmlTest: stack newbuf 0uint8 @0 is a non-constant size, stack-allocated array; this is not supported by CompCert
Warning 6: in the definition of plain, after the definition of plainlen, in top-level declaration Crypto.KrmlTest.test_aes_gcm_1, in file Crypto_KrmlTest: stack newbuf 0uint8 @0 is a non-constant size, stack-allocated array; this is not supported by CompCert
Warning 6: in the definition of aad, after the definition of aadlen, in top-level declaration Crypto.KrmlTest.test_aes_gcm_1, in file Crypto_KrmlTest: stack newbuf 0uint8 @0 is a non-constant size, stack-allocated array; this is not supported by CompCert
Warning 6: in the definition of plain, after the definition of plainlen, in top-level declaration Crypto.KrmlTest.test_aes_gcm_2, in file Crypto_KrmlTest: stack newbuf 0uint8 @0 is a non-constant size, stack-allocated array; this is not supported by CompCert
Warning 6: in the definition of aad, after the definition of aadlen, in top-level declaration Crypto.KrmlTest.test_aes_gcm_2, in file Crypto_KrmlTest: stack newbuf 0uint8 @0 is a non-constant size, stack-allocated array; this is not supported by CompCert
Warning 6: in the definition of aad, after the definition of aadlen, in top-level declaration Crypto.KrmlTest.test_aes_gcm_3, in file Crypto_KrmlTest: stack newbuf 0uint8 @0 is a non-constant size, stack-allocated array; this is not supported by CompCert
Warning 7: : After inlining, Crypto.Symmetric.Poly1305.Spec.field_mul (going into Crypto_Symmetric_Poly1305_Spec) calls FStar.Mul.op_Star (going into FStar) -- removing the static qualifier from FStar.Mul.op_Star
Warning 7: : After inlining, Crypto.Symmetric.UF1CMA.verify (going into Crypto_Symmetric_UF1CMA) calls FStar.Monotonic.RRef.m_recall (going into FStar) -- removing the static qualifier from FStar.Monotonic.RRef.m_recall
Warning 7: : After inlining, Crypto.AEAD.Decrypt.decrypt (going into Crypto_AEAD_Decrypt) calls Crypto.AEAD.Encoding.add_bytes (going into Crypto_AEAD_Encoding) -- removing the static qualifier from Crypto.AEAD.Encoding.add_bytes
Warning 7: : After inlining, Crypto.AEAD.Decrypt.decrypt (going into Crypto_AEAD_Decrypt) calls Crypto.AEAD.Encoding.store_lengths_poly1305 (going into Crypto_AEAD_Encoding) -- removing the static qualifier from Crypto.AEAD.Encoding.store_lengths_poly1305
Warning 7: : After inlining, Crypto.AEAD.Decrypt.decrypt (going into Crypto_AEAD_Decrypt) calls Crypto.AEAD.Encoding.store_lengths_ghash (going into Crypto_AEAD_Encoding) -- removing the static qualifier from Crypto.AEAD.Encoding.store_lengths_ghash
Warning 6: in the definition of state, in top-level declaration Crypto.Symmetric.AES.cipher, in file Crypto_Symmetric_AES: stack newbuf 0uint8 Crypto.Symmetric.AES.blocklen is a non-constant size, stack-allocated array; this is not supported by CompCert
Warning 6: in the definition of state, in top-level declaration Crypto.Symmetric.AES.inv_cipher, in file Crypto_Symmetric_AES: stack newbuf 0uint8 Crypto.Symmetric.AES.blocklen is a non-constant size, stack-allocated array; this is not supported by CompCert
Warning 6: in the definition of state, in top-level declaration Crypto.Symmetric.AES128.cipher, in file Crypto_Symmetric_AES128: stack newbuf 0uint8 Crypto.Symmetric.AES128.blocklen is a non-constant size, stack-allocated array; this is not supported by CompCert
Warning 6: in the definition of state, in top-level declaration Crypto.Symmetric.AES128.inv_cipher, in file Crypto_Symmetric_AES128: stack newbuf 0uint8 Crypto.Symmetric.AES128.blocklen is a non-constant size, stack-allocated array; this is not supported by CompCert
Warning 6: in the definition of buf, after the definition of m0, in top-level declaration Crypto.Symmetric.Bytes.random_bytes, in file Crypto_Symmetric_Bytes: stack newbuf 0uint8 @1 is a non-constant size, stack-allocated array; this is not supported by CompCert
Warning 6: in the definition of uu____701, in top-level declaration Crypto.Symmetric.MAC.rcreate, in file Crypto_Symmetric_MAC: eternal newbuf 0uint8 Crypto.Symmetric.MAC.wlen is a non-constant size, stack-allocated array; this is not supported by CompCert
Warning 6: in the definition of k, in top-level declaration Crypto.Symmetric.UF1CMA.akey_gen, in file Crypto_Symmetric_UF1CMA: eternal newbuf 0uint8 Crypto.Symmetric.UF1CMA.skeylen @0 is a non-constant size, stack-allocated array; this is not supported by CompCert
Warning 6: in the definition of sk, in top-level declaration Crypto.Symmetric.UF1CMA.akey_coerce, in file Crypto_Symmetric_UF1CMA: eternal newbuf 0uint8 Crypto.Symmetric.UF1CMA.skeylen @1 is a non-constant size, stack-allocated array; this is not supported by CompCert
Warning 6: in the definition of k, after the definition of len1, in top-level declaration Crypto.Symmetric.UF1CMA.gen, in file Crypto_Symmetric_UF1CMA: eternal newbuf 0uint8 @0 is a non-constant size, stack-allocated array; this is not supported by CompCert
Warning 6: in top-level declaration Crypto.Plain.create, in file Crypto_Plain: stack newbuf @1 @0 is a non-constant size, stack-allocated array; this is not supported by CompCert
Warning 6: in the definition of keystate, after the definition of mac_rgn, in top-level declaration Crypto.Symmetric.PRF.gen, in file Crypto_Symmetric_PRF: eternal newbuf 0uint8 Crypto.Symmetric.PRF.statelen @1 is a non-constant size, stack-allocated array; this is not supported by CompCert
Warning 6: in the definition of key, after the definition of keystate, in top-level declaration Crypto.Symmetric.PRF.gen, in file Crypto_Symmetric_PRF: stack newbuf 0uint8 Crypto.Symmetric.PRF.keylen @2 is a non-constant size, stack-allocated array; this is not supported by CompCert
Warning 6: in the definition of keystate, after the definition of mac_rgn, in top-level declaration Crypto.Symmetric.PRF.coerce, in file Crypto_Symmetric_PRF: eternal newbuf 0uint8 Crypto.Symmetric.PRF.statelen @2 is a non-constant size, stack-allocated array; this is not supported by CompCert
Warning 6: in the definition of keyBuffer, after the definition of macId, in top-level declaration Crypto.Symmetric.PRF.prf_mac, in file Crypto_Symmetric_PRF: eternal newbuf 0uint8 Crypto.Symmetric.UF1CMA.keylen @4 is a non-constant size, stack-allocated array; this is not supported by CompCert
Warning 6: in the definition of keyBuffer, after the definition of x, in top-level declaration Crypto.Symmetric.PRF.prf_sk0, in file Crypto_Symmetric_PRF: eternal newbuf 0uint8 Crypto.Symmetric.UF1CMA.skeylen @2 is a non-constant size, stack-allocated array; this is not supported by CompCert
Warning 6: in the definition of cipher1, after the definition of cipherlen, in top-level declaration Crypto.KrmlTest.test, in file Crypto_KrmlTest: stack newbuf 0uint8 @0 is a non-constant size, stack-allocated array; this is not supported by CompCert
Warning 6: in the definition of cipher1, after the definition of cipherlen, in top-level declaration Crypto.KrmlTest.test_aes_gcm, in file Crypto_KrmlTest: stack newbuf 2uint8 @0 is a non-constant size, stack-allocated array; this is not supported by CompCert
Warning 6: in the definition of plain, after the definition of plainlen, in top-level declaration Crypto.KrmlTest.test_aes_gcm_0, in file Crypto_KrmlTest: stack newbuf 0uint8 @0 is a non-constant size, stack-allocated array; this is not supported by CompCert
Warning 6: in the definition of aad, after the definition of aadlen, in top-level declaration Crypto.KrmlTest.test_aes_gcm_0, in file Crypto_KrmlTest: stack newbuf 0uint8 @0 is a non-constant size, stack-allocated array; this is not supported by CompCert
Warning 6: in the definition of plain, after the definition of plainlen, in top-level declaration Crypto.KrmlTest.test_aes_gcm_1, in file Crypto_KrmlTest: stack newbuf 0uint8 @0 is a non-constant size, stack-allocated array; this is not supported by CompCert
Warning 6: in the definition of aad, after the definition of aadlen, in top-level declaration Crypto.KrmlTest.test_aes_gcm_1, in file Crypto_KrmlTest: stack newbuf 0uint8 @0 is a non-constant size, stack-allocated array; this is not supported by CompCert
Warning 6: in the definition of plain, after the definition of plainlen, in top-level declaration Crypto.KrmlTest.test_aes_gcm_2, in file Crypto_KrmlTest: stack newbuf 0uint8 @0 is a non-constant size, stack-allocated array; this is not supported by CompCert
Warning 6: in the definition of aad, after the definition of aadlen, in top-level declaration Crypto.KrmlTest.test_aes_gcm_2, in file Crypto_KrmlTest: stack newbuf 0uint8 @0 is a non-constant size, stack-allocated array; this is not supported by CompCert
Warning 6: in the definition of aad, after the definition of aadlen, in top-level declaration Crypto.KrmlTest.test_aes_gcm_3, in file Crypto_KrmlTest: stack newbuf 0uint8 @0 is a non-constant size, stack-allocated array; this is not supported by CompCert
Warning 7: : After inlining, Crypto.Symmetric.Poly1305.Spec.field_mul (going into Crypto_Symmetric_Poly1305_Spec) calls FStar.Mul.op_Star (going into FStar) -- removing the static qualifier from FStar.Mul.op_Star
Warning 7: : After inlining, Crypto.Symmetric.UF1CMA.verify (going into Crypto_Symmetric_UF1CMA) calls FStar.Monotonic.RRef.m_recall (going into FStar) -- removing the static qualifier from FStar.Monotonic.RRef.m_recall
Warning 7: : After inlining, Crypto.AEAD.Decrypt.decrypt (going into Crypto_AEAD_Decrypt) calls Crypto.AEAD.Encoding.add_bytes (going into Crypto_AEAD_Encoding) -- removing the static qualifier from Crypto.AEAD.Encoding.add_bytes
Warning 7: : After inlining, Crypto.AEAD.Decrypt.decrypt (going into Crypto_AEAD_Decrypt) calls Crypto.AEAD.Encoding.store_lengths_poly1305 (going into Crypto_AEAD_Encoding) -- removing the static qualifier from Crypto.AEAD.Encoding.store_lengths_poly1305
Warning 7: : After inlining, Crypto.AEAD.Decrypt.decrypt (going into Crypto_AEAD_Decrypt) calls Crypto.AEAD.Encoding.store_lengths_ghash (going into Crypto_AEAD_Encoding) -- removing the static qualifier from Crypto.AEAD.Encoding.store_lengths_ghash
ffi.c:1:0: warning: -fPIC ignored for target (all code is position independent)
#include <stdio.h>
^
ffi.c:1:0: warning: -fPIC ignored for target (all code is position independent)
#include <stdio.h>
^
File "extracted\FStar_Map.ml", line 5, characters 10-29:
Error: Unbound module FStar_Set
make[2]: *** [Makefile:43: extracted\FStar_Map.cmx] Error 2
make[2]: *** Waiting for unfinished jobs....
File "extracted\FStar_HyperHeap.ml", line 5, characters 9-42:
Error: Unbound module FStar_Map
make[2]: *** [Makefile:43: extracted\FStar_HyperHeap.cmx] Error 2
File "extracted\FStar_HyperStack.ml", line 2, characters 11-30:
Error: Unbound module FStar_HyperHeap
make[2]: *** [Makefile:43: extracted\FStar_HyperStack.cmx] Error 2
make[1]: *** [Makefile:354: mitls.cmxa] Error 2
make: *** [Makefile:12: build] Error 2
% Total    % Received % Xferd  Average Speed   Time    Time     Time  Current
Dload  Upload   Total   Spent    Left  Speed
  0     0    0     0    0     0      0      0 --:--:-- --:--:-- --:--:--     0100  1512  100     2  100  1510      7   6010 --:--:-- --:--:-- --:--:--  7743
