Cloning into 'vale'...
Already on 'master'
Cloning into 'mitls-fstar'...
Already on 'master'
Cloning into 'FStar'...
From github.com:FStarLang/FStar
6c0d24a..767e4bb  master     -> origin/master
Already on 'master'
Cloning into 'hacl-star'...
Already on 'master'
Cloning into 'kremlin'...
Already on 'master'
Warning: you are using the standard library and/or the %inline keyword. We
recommend switching on --infer in order to avoid obscure type error messages.
6 shift/reduce conflicts.
File "src/basic/ml/FStar_Util.ml", line 47, characters 57-65:
Warning 40: st_mtime was selected from type BatUnix.stats.
It is not visible in the current scope, and will not 
be selected if the type becomes unknown.
File "src/basic/ml/FStar_Util.ml", line 47, characters 57-65:
Warning 40: st_mtime was selected from type BatUnix.stats.
It is not visible in the current scope, and will not 
be selected if the type becomes unknown.
[Checker.lookup_type] internal error Prims.list not found
Warning 4: <toplevel>: Malformed input:
Warnings.Fatal("Unrecoverable error")
Raised at file "src/Warnings.ml", line 46, characters 10-39
Called from file "src/Checker.ml", line 552, characters 37-58
Called from file "src/Checker.ml", line 384, characters 10-22
Called from file "list.ml", line 55, characters 20-23
Called from file "src/Checker.ml", line 435, characters 16-39
Called from file "src/Checker.ml", line 384, characters 10-22
Called from file "src/Checker.ml", line 216, characters 8-21
Called from file "src/Checker.ml", line 193, characters 2-16
Called from file "src/Checker.ml", line 152, characters 6-22
Dropping Spec.Poly1305.clamp_mask (at checking time)

[Checker.lookup_type] internal error Prims.list not found
Warning 4: <toplevel>: Malformed input:
Warnings.Fatal("Unrecoverable error")
Raised at file "src/Warnings.ml", line 46, characters 10-39
Called from file "src/Checker.ml", line 297, characters 37-58
Called from file "src/Checker.ml", line 193, characters 2-16
Called from file "src/Checker.ml", line 152, characters 6-22
Dropping Spec.Poly1305.mask_list (at checking time)

[Checker.lookup_type] internal error Prims.list not found
Warning 4: <toplevel>: Malformed input:
Warnings.Fatal("Unrecoverable error")
Raised at file "src/Warnings.ml", line 46, characters 10-39
Called from file "src/Checker.ml", line 297, characters 37-58
Called from file "src/Checker.ml", line 193, characters 2-16
Called from file "list.ml", line 110, characters 24-31
Called from file "src/Checker.ml", line 446, characters 8-40
Called from file "src/Checker.ml", line 384, characters 10-22
Called from file "src/Checker.ml", line 216, characters 8-21
Called from file "src/Checker.ml", line 193, characters 2-16
Called from file "src/Checker.ml", line 152, characters 6-22
Dropping Spec.Poly1305.r_mask (at checking time)

Warning 6: in the definition of mac, after the definition of macsize, in top-level declaration Hacl.Test.Poly1305_64.main, in file Hacl_Test_Poly1305_64: stack newbuf 0uint8 @0 is a non-constant size, stack-allocated array; this is not supported by CompCert
Warning 7: : After inlining, Hacl.Test.Poly1305_64.main calls Hacl.Impl.Poly1305_64.crypto_onetimeauth -- removing the static qualifier from Hacl.Impl.Poly1305_64.crypto_onetimeauth
Warning 3: run_or_warn: the following command failed:
x86_64-w64-mingw32-gcc -Wno-unused-but-set-variable -std=c11 -D__USE_MINGW_ANSI_STDIO -Wall -Werror -Wno-parentheses -Wno-unused-variable -g -O3 -fwrapv -I FSTAR_LIB/hyperstack -I ../bignum -I ../lib/kremlin -I ../../specs -I C:/Build/Agent/_work/31/s/kremlin/kremlib -I poly-c -std=gnu99 -march=native -c poly-c/Poly1305_64.c -o poly-c/Poly1305_64.o
Warning 3: run_or_warn: the following command failed:
x86_64-w64-mingw32-gcc -Wno-unused-but-set-variable -std=c11 -D__USE_MINGW_ANSI_STDIO -Wall -Werror -Wno-parentheses -Wno-unused-variable -g -O3 -fwrapv -I FSTAR_LIB/hyperstack -I ../bignum -I ../lib/kremlin -I ../../specs -I C:/Build/Agent/_work/31/s/kremlin/kremlib -I poly-c -std=gnu99 -march=native -c poly-c/Spec_Poly1305.c -o poly-c/Spec_Poly1305.o
Warning 6: in the definition of ciphertext, after the definition of noncesize, in top-level declaration Hacl.Test.XSalsa20.main, in file Hacl_Test_XSalsa20: stack newbuf 0uint8 @2 is a non-constant size, stack-allocated array; this is not supported by CompCert
Warning 3: run_or_warn: the following command failed:
x86_64-w64-mingw32-gcc -Wno-unused-but-set-variable -std=c11 -D__USE_MINGW_ANSI_STDIO -Wall -Werror -Wno-parentheses -Wno-unused-variable -g -O3 -fwrapv -I FSTAR_LIB/hyperstack -I ../bignum -I ../lib/kremlin -I ../../specs -I C:/Build/Agent/_work/31/s/kremlin/kremlib -I poly-c -std=gnu99 -march=native -c poly-c/Hacl_Test_Poly1305_64.c -o poly-c/Hacl_Test_Poly1305_64.o
Warning 3: run_or_warn: the following command failed:
x86_64-w64-mingw32-gcc -Wno-unused-but-set-variable -std=c11 -D__USE_MINGW_ANSI_STDIO -Wall -Werror -Wno-parentheses -Wno-unused-variable -g -O3 -fwrapv -I FSTAR_LIB/hyperstack -I ../bignum -I ../lib/kremlin -I ../../specs -I C:/Build/Agent/_work/31/s/kremlin/kremlib -I poly-c -std=gnu99 -march=native -c C:/Build/Agent/_work/31/s/kremlin/kremlib/kremlib.c -o poly-c/kremlib.o
Warning 3: run_or_warn: the following command failed:
x86_64-w64-mingw32-gcc -Wno-unused-but-set-variable -std=c11 -D__USE_MINGW_ANSI_STDIO -Wall -Werror -Wno-parentheses -Wno-unused-variable -g -O3 -fwrapv -I FSTAR_LIB/hyperstack -I ../bignum -I ../lib/kremlin -I ../../specs -I C:/Build/Agent/_work/31/s/kremlin/kremlib -I poly-c -std=gnu99 -march=native poly-c/testlib.o -o poly1305.exe -flto
make[1]: *** [Makefile:80: extract-c] Error 250
make: *** [Makefile:6: poly1305-c] Error 2
make: *** Waiting for unfinished jobs....
Warning 3: run_or_warn: the following command failed:
x86_64-w64-mingw32-gcc -Wno-unused-but-set-variable -std=c11 -D__USE_MINGW_ANSI_STDIO -Wall -Werror -Wno-parentheses -Wno-unused-variable -g -O3 -fwrapv -I FSTAR_LIB/hyperstack -I ../bignum -I ../lib/kremlin -I C:/Build/Agent/_work/31/s/kremlin/kremlib -I xsalsa-c -march=native -std=gnu99 -c xsalsa-c/Hacl_Symmetric_HSalsa20.c -o xsalsa-c/Hacl_Symmetric_HSalsa20.o
Warning 3: run_or_warn: the following command failed:
x86_64-w64-mingw32-gcc -Wno-unused-but-set-variable -std=c11 -D__USE_MINGW_ANSI_STDIO -Wall -Werror -Wno-parentheses -Wno-unused-variable -g -O3 -fwrapv -I FSTAR_LIB/hyperstack -I ../bignum -I ../lib/kremlin -I C:/Build/Agent/_work/31/s/kremlin/kremlib -I xsalsa-c -march=native -std=gnu99 -c xsalsa-c/Hacl_Endianness.c -o xsalsa-c/Hacl_Endianness.o
Warning 3: run_or_warn: the following command failed:
x86_64-w64-mingw32-gcc -Wno-unused-but-set-variable -std=c11 -D__USE_MINGW_ANSI_STDIO -Wall -Werror -Wno-parentheses -Wno-unused-variable -g -O3 -fwrapv -I FSTAR_LIB/hyperstack -I ../bignum -I ../lib/kremlin -I C:/Build/Agent/_work/31/s/kremlin/kremlib -I xsalsa-c -march=native -std=gnu99 -c xsalsa-c/Hacl_Symmetric_Salsa20.c -o xsalsa-c/Hacl_Symmetric_Salsa20.o
Warning 6: in the definition of result, after the definition of keysize, in top-level declaration Hacl.Test.X25519.main, in file Hacl_Test_X25519: stack newbuf 0uint8 @0 is a non-constant size, stack-allocated array; this is not supported by CompCert
Warning 7: : After inlining, Hacl.Test.X25519.main calls Hacl.EC.crypto_scalarmult -- removing the static qualifier from Hacl.EC.crypto_scalarmult
Warning 3: run_or_warn: the following command failed:
x86_64-w64-mingw32-gcc -Wno-unused-but-set-variable -std=c11 -D__USE_MINGW_ANSI_STDIO -Wall -Werror -Wno-parentheses -Wno-unused-variable -g -O3 -fwrapv -I FSTAR_LIB/hyperstack -I ../bignum -I ../lib/kremlin -I C:/Build/Agent/_work/31/s/kremlin/kremlib -I xsalsa-c -march=native -std=gnu99 -c xsalsa-c/Hacl_Symmetric_XSalsa20.c -o xsalsa-c/Hacl_Symmetric_XSalsa20.o
Warning 3: run_or_warn: the following command failed:
x86_64-w64-mingw32-gcc -Wno-unused-but-set-variable -std=c11 -D__USE_MINGW_ANSI_STDIO -Wall -Werror -Wno-parentheses -Wno-unused-variable -g -O3 -fwrapv -I FSTAR_LIB/hyperstack -I ../bignum -I ../lib/kremlin -I C:/Build/Agent/_work/31/s/kremlin/kremlib -I xsalsa-c -march=native -std=gnu99 -c xsalsa-c/Hacl_Test_XSalsa20.c -o xsalsa-c/Hacl_Test_XSalsa20.o
Warning 3: run_or_warn: the following command failed:
x86_64-w64-mingw32-gcc -Wno-unused-but-set-variable -std=c11 -D__USE_MINGW_ANSI_STDIO -Wall -Werror -Wno-parentheses -Wno-unused-variable -g -O3 -fwrapv -I FSTAR_LIB/hyperstack -I ../bignum -I ../lib/kremlin -I C:/Build/Agent/_work/31/s/kremlin/kremlib -I xsalsa-c -march=native -std=gnu99 -c C:/Build/Agent/_work/31/s/kremlin/kremlib/kremlib.c -o xsalsa-c/kremlib.o
Warning 3: run_or_warn: the following command failed:
x86_64-w64-mingw32-gcc -Wno-unused-but-set-variable -std=c11 -D__USE_MINGW_ANSI_STDIO -Wall -Werror -Wno-parentheses -Wno-unused-variable -g -O3 -fwrapv -I FSTAR_LIB/hyperstack -I ../bignum -I ../lib/kremlin -I C:/Build/Agent/_work/31/s/kremlin/kremlib -I xsalsa-c -march=native -std=gnu99 xsalsa-c/testlib.o -o xsalsa20.exe -flto
make[1]: *** [Makefile:107: XSalsa20.c] Error 250
make[1]: *** Waiting for unfinished jobs....
Warning 3: run_or_warn: the following command failed:
x86_64-w64-mingw32-gcc -Wno-unused-but-set-variable -std=c11 -D__USE_MINGW_ANSI_STDIO -Wall -Werror -Wno-parentheses -Wno-unused-variable -g -O3 -fwrapv -I FSTAR_LIB/hyperstack -I ../bignum -I ../lib/kremlin -I C:/Build/Agent/_work/31/s/kremlin/kremlib -I x25519-c -std=gnu99 -march=native -c x25519-c/Hacl_Endianness.c -o x25519-c/Hacl_Endianness.o
Warning 3: run_or_warn: the following command failed:
x86_64-w64-mingw32-gcc -Wno-unused-but-set-variable -std=c11 -D__USE_MINGW_ANSI_STDIO -Wall -Werror -Wno-parentheses -Wno-unused-variable -g -O3 -fwrapv -I FSTAR_LIB/hyperstack -I ../bignum -I ../lib/kremlin -I C:/Build/Agent/_work/31/s/kremlin/kremlib -I x25519-c -std=gnu99 -march=native -c x25519-c/Curve25519.c -o x25519-c/Curve25519.o
Warning 3: run_or_warn: the following command failed:
x86_64-w64-mingw32-gcc -Wno-unused-but-set-variable -std=c11 -D__USE_MINGW_ANSI_STDIO -Wall -Werror -Wno-parentheses -Wno-unused-variable -g -O3 -fwrapv -I FSTAR_LIB/hyperstack -I ../bignum -I ../lib/kremlin -I C:/Build/Agent/_work/31/s/kremlin/kremlib -I x25519-c -std=gnu99 -march=native -c x25519-c/Hacl_Test_X25519.c -o x25519-c/Hacl_Test_X25519.o
Warning 3: run_or_warn: the following command failed:
x86_64-w64-mingw32-gcc -Wno-unused-but-set-variable -std=c11 -D__USE_MINGW_ANSI_STDIO -Wall -Werror -Wno-parentheses -Wno-unused-variable -g -O3 -fwrapv -I FSTAR_LIB/hyperstack -I ../bignum -I ../lib/kremlin -I C:/Build/Agent/_work/31/s/kremlin/kremlib -I x25519-c -std=gnu99 -march=native -c C:/Build/Agent/_work/31/s/kremlin/kremlib/kremlib.c -o x25519-c/kremlib.o
Warning 3: run_or_warn: the following command failed:
x86_64-w64-mingw32-gcc -Wno-unused-but-set-variable -std=c11 -D__USE_MINGW_ANSI_STDIO -Wall -Werror -Wno-parentheses -Wno-unused-variable -g -O3 -fwrapv -I FSTAR_LIB/hyperstack -I ../bignum -I ../lib/kremlin -I C:/Build/Agent/_work/31/s/kremlin/kremlib -I x25519-c -std=gnu99 -march=native x25519-c/testlib.o -o x25519.exe -flto
make[1]: *** [Makefile:100: extract-c] Error 250
make: *** [Makefile:6: curve25519-c] Error 2
Warning 6: in the definition of ciphertext, after the definition of len, in top-level declaration Hacl.Test.Chacha20.main, in file Hacl_Test_Chacha20: stack newbuf 0uint8 @0 is a non-constant size, stack-allocated array; this is not supported by CompCert
Warning 7: : After inlining, Hacl.Test.Chacha20.loop calls Hacl.Symmetric.Chacha20.chacha20_update -- removing the static qualifier from Hacl.Symmetric.Chacha20.chacha20_update
Warning 7: : After inlining, Hacl.Test.Chacha20.main calls Hacl.Symmetric.Chacha20.chacha_keysetup -- removing the static qualifier from Hacl.Symmetric.Chacha20.chacha_keysetup
Warning 7: : After inlining, Hacl.Test.Chacha20.main calls Hacl.Symmetric.Chacha20.chacha_ietf_ivsetup -- removing the static qualifier from Hacl.Symmetric.Chacha20.chacha_ietf_ivsetup
Warning 7: : After inlining, Hacl.Test.Chacha20.main calls Hacl.Symmetric.Chacha20.chacha_encrypt_bytes -- removing the static qualifier from Hacl.Symmetric.Chacha20.chacha_encrypt_bytes
Warning 7: : After inlining, Hacl.Test.Chacha20.main calls Hacl.Symmetric.Chacha20.chacha20_finish -- removing the static qualifier from Hacl.Symmetric.Chacha20.chacha20_finish
Warning 3: run_or_warn: the following command failed:
x86_64-w64-mingw32-gcc -Wno-unused-but-set-variable -std=c11 -D__USE_MINGW_ANSI_STDIO -Wall -Werror -Wno-parentheses -Wno-unused-variable -g -O3 -fwrapv -I FSTAR_LIB/hyperstack -I ../bignum -I ../lib/kremlin -I C:/Build/Agent/_work/31/s/kremlin/kremlib -I chacha-c -march=native -std=gnu99 -c chacha-c/Hacl_Endianness.c -o chacha-c/Hacl_Endianness.o
Warning 3: run_or_warn: the following command failed:
x86_64-w64-mingw32-gcc -Wno-unused-but-set-variable -std=c11 -D__USE_MINGW_ANSI_STDIO -Wall -Werror -Wno-parentheses -Wno-unused-variable -g -O3 -fwrapv -I FSTAR_LIB/hyperstack -I ../bignum -I ../lib/kremlin -I C:/Build/Agent/_work/31/s/kremlin/kremlib -I chacha-c -march=native -std=gnu99 -c chacha-c/Chacha20.c -o chacha-c/Chacha20.o
Warning 3: run_or_warn: the following command failed:
x86_64-w64-mingw32-gcc -Wno-unused-but-set-variable -std=c11 -D__USE_MINGW_ANSI_STDIO -Wall -Werror -Wno-parentheses -Wno-unused-variable -g -O3 -fwrapv -I FSTAR_LIB/hyperstack -I ../bignum -I ../lib/kremlin -I C:/Build/Agent/_work/31/s/kremlin/kremlib -I chacha-c -march=native -std=gnu99 -c chacha-c/Hacl_Test_Chacha20.c -o chacha-c/Hacl_Test_Chacha20.o
Warning 3: run_or_warn: the following command failed:
x86_64-w64-mingw32-gcc -Wno-unused-but-set-variable -std=c11 -D__USE_MINGW_ANSI_STDIO -Wall -Werror -Wno-parentheses -Wno-unused-variable -g -O3 -fwrapv -I FSTAR_LIB/hyperstack -I ../bignum -I ../lib/kremlin -I C:/Build/Agent/_work/31/s/kremlin/kremlib -I chacha-c -march=native -std=gnu99 -c C:/Build/Agent/_work/31/s/kremlin/kremlib/kremlib.c -o chacha-c/kremlib.o
Warning 3: run_or_warn: the following command failed:
x86_64-w64-mingw32-gcc -Wno-unused-but-set-variable -std=c11 -D__USE_MINGW_ANSI_STDIO -Wall -Werror -Wno-parentheses -Wno-unused-variable -g -O3 -fwrapv -I FSTAR_LIB/hyperstack -I ../bignum -I ../lib/kremlin -I C:/Build/Agent/_work/31/s/kremlin/kremlib -I chacha-c -march=native -std=gnu99 chacha-c/testlib.o -o chacha20.exe
make[1]: *** [Makefile:64: Chacha20.c] Error 250
Warning 6: in the definition of ciphertext, after the definition of noncesize, in top-level declaration Hacl.Test.Salsa20.main, in file Hacl_Test_Salsa20: stack newbuf 0uint8 @2 is a non-constant size, stack-allocated array; this is not supported by CompCert
Warning 6: in the definition of plaintext, after the definition of ciphertext, in top-level declaration Hacl.Test.Salsa20.main, in file Hacl_Test_Salsa20: stack newbuf 0uint8 @3 is a non-constant size, stack-allocated array; this is not supported by CompCert
Warning 6: in the definition of key, after the definition of expected4, in top-level declaration Hacl.Test.Salsa20.main, in file Hacl_Test_Salsa20: stack newbuf 0uint8 @7 is a non-constant size, stack-allocated array; this is not supported by CompCert
Warning 6: in the definition of nonce, after the definition of key, in top-level declaration Hacl.Test.Salsa20.main, in file Hacl_Test_Salsa20: stack newbuf 0uint8 @7 is a non-constant size, stack-allocated array; this is not supported by CompCert
Warning 7: : After inlining, Hacl.Test.Salsa20.main calls Hacl.Symmetric.Salsa20.crypto_stream_salsa20_xor -- removing the static qualifier from Hacl.Symmetric.Salsa20.crypto_stream_salsa20_xor
Warning 3: run_or_warn: the following command failed:
x86_64-w64-mingw32-gcc -Wno-unused-but-set-variable -std=c11 -D__USE_MINGW_ANSI_STDIO -Wall -Werror -Wno-parentheses -Wno-unused-variable -g -O3 -fwrapv -I FSTAR_LIB/hyperstack -I ../bignum -I ../lib/kremlin -I C:/Build/Agent/_work/31/s/kremlin/kremlib -I salsa-c -march=native -std=gnu99 -c salsa-c/Hacl_Endianness.c -o salsa-c/Hacl_Endianness.o
Warning 3: run_or_warn: the following command failed:
x86_64-w64-mingw32-gcc -Wno-unused-but-set-variable -std=c11 -D__USE_MINGW_ANSI_STDIO -Wall -Werror -Wno-parentheses -Wno-unused-variable -g -O3 -fwrapv -I FSTAR_LIB/hyperstack -I ../bignum -I ../lib/kremlin -I C:/Build/Agent/_work/31/s/kremlin/kremlib -I salsa-c -march=native -std=gnu99 -c salsa-c/Salsa20.c -o salsa-c/Salsa20.o
Warning 3: run_or_warn: the following command failed:
x86_64-w64-mingw32-gcc -Wno-unused-but-set-variable -std=c11 -D__USE_MINGW_ANSI_STDIO -Wall -Werror -Wno-parentheses -Wno-unused-variable -g -O3 -fwrapv -I FSTAR_LIB/hyperstack -I ../bignum -I ../lib/kremlin -I C:/Build/Agent/_work/31/s/kremlin/kremlib -I salsa-c -march=native -std=gnu99 -c salsa-c/Hacl_Test_Salsa20.c -o salsa-c/Hacl_Test_Salsa20.o
Warning 3: run_or_warn: the following command failed:
x86_64-w64-mingw32-gcc -Wno-unused-but-set-variable -std=c11 -D__USE_MINGW_ANSI_STDIO -Wall -Werror -Wno-parentheses -Wno-unused-variable -g -O3 -fwrapv -I FSTAR_LIB/hyperstack -I ../bignum -I ../lib/kremlin -I C:/Build/Agent/_work/31/s/kremlin/kremlib -I salsa-c -march=native -std=gnu99 -c C:/Build/Agent/_work/31/s/kremlin/kremlib/kremlib.c -o salsa-c/kremlib.o
Warning 3: run_or_warn: the following command failed:
x86_64-w64-mingw32-gcc -Wno-unused-but-set-variable -std=c11 -D__USE_MINGW_ANSI_STDIO -Wall -Werror -Wno-parentheses -Wno-unused-variable -g -O3 -fwrapv -I FSTAR_LIB/hyperstack -I ../bignum -I ../lib/kremlin -I C:/Build/Agent/_work/31/s/kremlin/kremlib -I salsa-c -march=native -std=gnu99 salsa-c/testlib.o -o salsa20.exe -flto
make[1]: *** [Makefile:86: Salsa20.c] Error 250
make: *** [Makefile:6: salsa-family-c] Error 2

scons: warning: you do not seem to have the pywin32 extensions installed;
parallel (-j) builds may not work reliably with open Python files.
File "C:\Binaries\scons\Scripts\scons.py", line 199, in <module>
warning: CRLF will be replaced by LF in src/parser/ml/parse.mly.
The file will have its original line endings in your working directory.
make[1]: warning: jobserver unavailable: using -j1.  Add '+' to parent make rule.
make[1]: warning: jobserver unavailable: using -j1.  Add '+' to parent make rule.
make[1]: warning: jobserver unavailable: using -j1.  Add '+' to parent make rule.
Cloning into '/cygdrive/c/Build/Agent/_work/31/s/FStar/ucontrib/CoreCrypto/ml/openssl'...
crypto/bio/b_sock.c: In function 'BIO_get_accept_socket':
crypto/bio/b_sock.c:214:13: warning: overflow in implicit constant conversion [-Woverflow]
int s = INVALID_SOCKET;
^
crypto/bio/b_sock.c:219:16: warning: overflow in implicit constant conversion [-Woverflow]
return INVALID_SOCKET;
^
crypto/bio/b_sock.c:222:16: warning: overflow in implicit constant conversion [-Woverflow]
return INVALID_SOCKET;
^
crypto/bio/b_sock.c:229:13: warning: overflow in implicit constant conversion [-Woverflow]
s = INVALID_SOCKET;
^
crypto/bio/b_sock.c:236:13: warning: overflow in implicit constant conversion [-Woverflow]
s = INVALID_SOCKET;
^
crypto/bio/b_sock2.c: In function 'BIO_socket':
crypto/bio/b_sock2.c:45:16: warning: overflow in implicit constant conversion [-Woverflow]
return INVALID_SOCKET;
^
crypto/bio/b_sock2.c:51:16: warning: overflow in implicit constant conversion [-Woverflow]
return INVALID_SOCKET;
^
crypto/bio/b_sock2.c: In function 'BIO_connect':
crypto/bio/b_sock2.c:90:56: warning: passing argument 4 of 'setsockopt' from incompatible pointer type [-Wincompatible-pointer-types]
if (setsockopt(sock, SOL_SOCKET, SO_KEEPALIVE, &on, sizeof(on)) != 0) {
^
In file included from ./e_os.h:190:0,
from crypto/bio/bio_lcl.h:11,
from crypto/bio/b_sock2.c:14:
/usr/x86_64-w64-mingw32/sys-root/mingw/include/winsock2.h:999:34: note: expected 'const char *' but argument is of type 'int *'
WINSOCK_API_LINKAGE int WSAAPI setsockopt(SOCKET s,int level,int optname,const char *optval,int optlen);
^
crypto/bio/b_sock2.c:98:56: warning: passing argument 4 of 'setsockopt' from incompatible pointer type [-Wincompatible-pointer-types]
if (setsockopt(sock, IPPROTO_TCP, TCP_NODELAY, &on, sizeof(on)) != 0) {
^
In file included from ./e_os.h:190:0,
from crypto/bio/bio_lcl.h:11,
from crypto/bio/b_sock2.c:14:
/usr/x86_64-w64-mingw32/sys-root/mingw/include/winsock2.h:999:34: note: expected 'const char *' but argument is of type 'int *'
WINSOCK_API_LINKAGE int WSAAPI setsockopt(SOCKET s,int level,int optname,const char *optval,int optlen);
^
crypto/bio/b_sock2.c: In function 'BIO_listen':
crypto/bio/b_sock2.c:164:47: warning: passing argument 4 of 'getsockopt' from incompatible pointer type [-Wincompatible-pointer-types]
if (getsockopt(sock, SOL_SOCKET, SO_TYPE, &socktype, &socktype_len) != 0
^
In file included from ./e_os.h:190:0,
from crypto/bio/bio_lcl.h:11,
from crypto/bio/b_sock2.c:14:
/usr/x86_64-w64-mingw32/sys-root/mingw/include/winsock2.h:980:34: note: expected 'char *' but argument is of type 'int *'
WINSOCK_API_LINKAGE int WSAAPI getsockopt(SOCKET s,int level,int optname,char *optval,int *optlen);
^
crypto/bio/b_sock2.c:187:56: warning: passing argument 4 of 'setsockopt' from incompatible pointer type [-Wincompatible-pointer-types]
if (setsockopt(sock, SOL_SOCKET, SO_KEEPALIVE, &on, sizeof(on)) != 0) {
^
In file included from ./e_os.h:190:0,
from crypto/bio/bio_lcl.h:11,
from crypto/bio/b_sock2.c:14:
/usr/x86_64-w64-mingw32/sys-root/mingw/include/winsock2.h:999:34: note: expected 'const char *' but argument is of type 'int *'
WINSOCK_API_LINKAGE int WSAAPI setsockopt(SOCKET s,int level,int optname,const char *optval,int optlen);
^
crypto/bio/b_sock2.c:195:56: warning: passing argument 4 of 'setsockopt' from incompatible pointer type [-Wincompatible-pointer-types]
if (setsockopt(sock, IPPROTO_TCP, TCP_NODELAY, &on, sizeof(on)) != 0) {
^
In file included from ./e_os.h:190:0,
from crypto/bio/bio_lcl.h:11,
from crypto/bio/b_sock2.c:14:
/usr/x86_64-w64-mingw32/sys-root/mingw/include/winsock2.h:999:34: note: expected 'const char *' but argument is of type 'int *'
WINSOCK_API_LINKAGE int WSAAPI setsockopt(SOCKET s,int level,int optname,const char *optval,int optlen);
^
crypto/bio/b_sock2.c:204:57: warning: passing argument 4 of 'setsockopt' from incompatible pointer type [-Wincompatible-pointer-types]
if (setsockopt(sock, IPPROTO_IPV6, IPV6_V6ONLY, &on, sizeof(on)) != 0) {
^
In file included from ./e_os.h:190:0,
from crypto/bio/bio_lcl.h:11,
from crypto/bio/b_sock2.c:14:
/usr/x86_64-w64-mingw32/sys-root/mingw/include/winsock2.h:999:34: note: expected 'const char *' but argument is of type 'int *'
WINSOCK_API_LINKAGE int WSAAPI setsockopt(SOCKET s,int level,int optname,const char *optval,int optlen);
^
crypto/bio/b_sock2.c: In function 'BIO_accept_ex':
crypto/bio/b_sock2.c:249:16: warning: overflow in implicit constant conversion [-Woverflow]
return INVALID_SOCKET;
^
crypto/bio/b_sock2.c:254:16: warning: overflow in implicit constant conversion [-Woverflow]
return INVALID_SOCKET;
^
In file included from crypto/bn/bn_print.c:15:0:
crypto/bn/bn_print.c: In function 'BN_bn2dec':
crypto/bn/bn_lcl.h:94:27: warning: unknown conversion type character 'l' in format [-Wformat=]
#  define BN_DEC_FMT1     "%llu"
^
crypto/bn/bn_print.c:106:37: note: in expansion of macro 'BN_DEC_FMT1'
BIO_snprintf(p, BUF_REMAIN, BN_DEC_FMT1, *lp);
^
crypto/bn/bn_lcl.h:94:27: warning: too many arguments for format [-Wformat-extra-args]
#  define BN_DEC_FMT1     "%llu"
^
crypto/bn/bn_print.c:106:37: note: in expansion of macro 'BN_DEC_FMT1'
BIO_snprintf(p, BUF_REMAIN, BN_DEC_FMT1, *lp);
^
crypto/bn/bn_lcl.h:95:27: warning: unknown conversion type character 'l' in format [-Wformat=]
#  define BN_DEC_FMT2     "%019llu"
^
crypto/bn/bn_print.c:111:41: note: in expansion of macro 'BN_DEC_FMT2'
BIO_snprintf(p, BUF_REMAIN, BN_DEC_FMT2, *lp);
^
crypto/bn/bn_lcl.h:95:27: warning: too many arguments for format [-Wformat-extra-args]
#  define BN_DEC_FMT2     "%019llu"
^
crypto/bn/bn_print.c:111:41: note: in expansion of macro 'BN_DEC_FMT2'
BIO_snprintf(p, BUF_REMAIN, BN_DEC_FMT2, *lp);
^
crypto/threads_win.c: In function 'CRYPTO_atomic_add':
crypto/threads_win.c:132:35: warning: passing argument 1 of '_InterlockedExchangeAdd' from incompatible pointer type [-Wincompatible-pointer-types]
*ret = InterlockedExchangeAdd(val, amount) + amount;
^
In file included from /usr/x86_64-w64-mingw32/sys-root/mingw/include/winnt.h:27:0,
from /usr/x86_64-w64-mingw32/sys-root/mingw/include/minwindef.h:163,
from /usr/x86_64-w64-mingw32/sys-root/mingw/include/windef.h:8,
from /usr/x86_64-w64-mingw32/sys-root/mingw/include/windows.h:69,
from crypto/threads_win.c:11:
/usr/x86_64-w64-mingw32/sys-root/mingw/include/psdk_inc/intrin-impl.h:1026:10: note: expected 'volatile long int *' but argument is of type 'int *'
__LONG32 _InterlockedExchangeAdd(__LONG32 volatile *Addend, __LONG32 Value) {
^
ar: creating libssl.a
ar: creating libcrypto.a
openssl_stub.c: In function ‘ocaml_openssl_init’:
openssl_stub.c:93:3: warning: implicit declaration of function ‘OPENSSL_config’ [-Wimplicit-function-declaration]
OPENSSL_config("CoreCrypto");
^
openssl_stub.c: In function ‘ocaml_rsa_gen_key’:
openssl_stub.c:668:23: warning: passing argument 2 of ‘RSA_get0_key’ from incompatible pointer type [-Wincompatible-pointer-types]
RSA_get0_key(rsa, &b_n, &b_e, &b_d);
^
In file included from openssl_stub.c:22:0:
openssl/include/openssl/rsa.h:181:6: note: expected ‘const BIGNUM ** {aka const struct bignum_st **}’ but argument is of type ‘BIGNUM ** {aka struct bignum_st **}’
void RSA_get0_key(const RSA *r,
^
openssl_stub.c:668:29: warning: passing argument 3 of ‘RSA_get0_key’ from incompatible pointer type [-Wincompatible-pointer-types]
RSA_get0_key(rsa, &b_n, &b_e, &b_d);
^
In file included from openssl_stub.c:22:0:
openssl/include/openssl/rsa.h:181:6: note: expected ‘const BIGNUM ** {aka const struct bignum_st **}’ but argument is of type ‘BIGNUM ** {aka struct bignum_st **}’
void RSA_get0_key(const RSA *r,
^
openssl_stub.c:668:35: warning: passing argument 4 of ‘RSA_get0_key’ from incompatible pointer type [-Wincompatible-pointer-types]
RSA_get0_key(rsa, &b_n, &b_e, &b_d);
^
In file included from openssl_stub.c:22:0:
openssl/include/openssl/rsa.h:181:6: note: expected ‘const BIGNUM ** {aka const struct bignum_st **}’ but argument is of type ‘BIGNUM ** {aka struct bignum_st **}’
void RSA_get0_key(const RSA *r,
^
openssl_stub.c: In function ‘ocaml_rsa_get_key’:
openssl_stub.c:779:21: warning: passing argument 2 of ‘RSA_get0_key’ from incompatible pointer type [-Wincompatible-pointer-types]
RSA_get0_key(rsa, &b_n, &b_e, &b_d);
^
In file included from openssl_stub.c:22:0:
openssl/include/openssl/rsa.h:181:6: note: expected ‘const BIGNUM ** {aka const struct bignum_st **}’ but argument is of type ‘BIGNUM ** {aka struct bignum_st **}’
void RSA_get0_key(const RSA *r,
^
openssl_stub.c:779:27: warning: passing argument 3 of ‘RSA_get0_key’ from incompatible pointer type [-Wincompatible-pointer-types]
RSA_get0_key(rsa, &b_n, &b_e, &b_d);
^
In file included from openssl_stub.c:22:0:
openssl/include/openssl/rsa.h:181:6: note: expected ‘const BIGNUM ** {aka const struct bignum_st **}’ but argument is of type ‘BIGNUM ** {aka struct bignum_st **}’
void RSA_get0_key(const RSA *r,
^
openssl_stub.c:779:33: warning: passing argument 4 of ‘RSA_get0_key’ from incompatible pointer type [-Wincompatible-pointer-types]
RSA_get0_key(rsa, &b_n, &b_e, &b_d);
^
In file included from openssl_stub.c:22:0:
openssl/include/openssl/rsa.h:181:6: note: expected ‘const BIGNUM ** {aka const struct bignum_st **}’ but argument is of type ‘BIGNUM ** {aka struct bignum_st **}’
void RSA_get0_key(const RSA *r,
^
openssl_stub.c: In function ‘ocaml_rsa_encrypt’:
openssl_stub.c:823:23: warning: passing argument 2 of ‘RSA_get0_key’ from incompatible pointer type [-Wincompatible-pointer-types]
RSA_get0_key(rsa, &b_n, &b_e, &b_d);
^
In file included from openssl_stub.c:22:0:
openssl/include/openssl/rsa.h:181:6: note: expected ‘const BIGNUM ** {aka const struct bignum_st **}’ but argument is of type ‘BIGNUM ** {aka struct bignum_st **}’
void RSA_get0_key(const RSA *r,
^
openssl_stub.c:823:29: warning: passing argument 3 of ‘RSA_get0_key’ from incompatible pointer type [-Wincompatible-pointer-types]
RSA_get0_key(rsa, &b_n, &b_e, &b_d);
^
In file included from openssl_stub.c:22:0:
openssl/include/openssl/rsa.h:181:6: note: expected ‘const BIGNUM ** {aka const struct bignum_st **}’ but argument is of type ‘BIGNUM ** {aka struct bignum_st **}’
void RSA_get0_key(const RSA *r,
^
openssl_stub.c:823:35: warning: passing argument 4 of ‘RSA_get0_key’ from incompatible pointer type [-Wincompatible-pointer-types]
RSA_get0_key(rsa, &b_n, &b_e, &b_d);
^
In file included from openssl_stub.c:22:0:
openssl/include/openssl/rsa.h:181:6: note: expected ‘const BIGNUM ** {aka const struct bignum_st **}’ but argument is of type ‘BIGNUM ** {aka struct bignum_st **}’
void RSA_get0_key(const RSA *r,
^
openssl_stub.c: In function ‘ocaml_rsa_decrypt’:
openssl_stub.c:878:23: warning: passing argument 2 of ‘RSA_get0_key’ from incompatible pointer type [-Wincompatible-pointer-types]
RSA_get0_key(rsa, &b_n, &b_e, &b_d);
^
In file included from openssl_stub.c:22:0:
openssl/include/openssl/rsa.h:181:6: note: expected ‘const BIGNUM ** {aka const struct bignum_st **}’ but argument is of type ‘BIGNUM ** {aka struct bignum_st **}’
void RSA_get0_key(const RSA *r,
^
openssl_stub.c:878:29: warning: passing argument 3 of ‘RSA_get0_key’ from incompatible pointer type [-Wincompatible-pointer-types]
RSA_get0_key(rsa, &b_n, &b_e, &b_d);
^
In file included from openssl_stub.c:22:0:
openssl/include/openssl/rsa.h:181:6: note: expected ‘const BIGNUM ** {aka const struct bignum_st **}’ but argument is of type ‘BIGNUM ** {aka struct bignum_st **}’
void RSA_get0_key(const RSA *r,
^
openssl_stub.c:878:35: warning: passing argument 4 of ‘RSA_get0_key’ from incompatible pointer type [-Wincompatible-pointer-types]
RSA_get0_key(rsa, &b_n, &b_e, &b_d);
^
In file included from openssl_stub.c:22:0:
openssl/include/openssl/rsa.h:181:6: note: expected ‘const BIGNUM ** {aka const struct bignum_st **}’ but argument is of type ‘BIGNUM ** {aka struct bignum_st **}’
void RSA_get0_key(const RSA *r,
^
openssl_stub.c: In function ‘ocaml_rsa_sign’:
openssl_stub.c:922:23: warning: passing argument 2 of ‘RSA_get0_key’ from incompatible pointer type [-Wincompatible-pointer-types]
RSA_get0_key(rsa, &b_n, &b_e, &b_d);
^
In file included from openssl_stub.c:22:0:
openssl/include/openssl/rsa.h:181:6: note: expected ‘const BIGNUM ** {aka const struct bignum_st **}’ but argument is of type ‘BIGNUM ** {aka struct bignum_st **}’
void RSA_get0_key(const RSA *r,
^
openssl_stub.c:922:29: warning: passing argument 3 of ‘RSA_get0_key’ from incompatible pointer type [-Wincompatible-pointer-types]
RSA_get0_key(rsa, &b_n, &b_e, &b_d);
^
In file included from openssl_stub.c:22:0:
openssl/include/openssl/rsa.h:181:6: note: expected ‘const BIGNUM ** {aka const struct bignum_st **}’ but argument is of type ‘BIGNUM ** {aka struct bignum_st **}’
void RSA_get0_key(const RSA *r,
^
openssl_stub.c:922:35: warning: passing argument 4 of ‘RSA_get0_key’ from incompatible pointer type [-Wincompatible-pointer-types]
RSA_get0_key(rsa, &b_n, &b_e, &b_d);
^
In file included from openssl_stub.c:22:0:
openssl/include/openssl/rsa.h:181:6: note: expected ‘const BIGNUM ** {aka const struct bignum_st **}’ but argument is of type ‘BIGNUM ** {aka struct bignum_st **}’
void RSA_get0_key(const RSA *r,
^
openssl_stub.c: In function ‘ocaml_rsa_verify’:
openssl_stub.c:975:23: warning: passing argument 2 of ‘RSA_get0_key’ from incompatible pointer type [-Wincompatible-pointer-types]
RSA_get0_key(rsa, &b_n, &b_e, &b_d);
^
In file included from openssl_stub.c:22:0:
openssl/include/openssl/rsa.h:181:6: note: expected ‘const BIGNUM ** {aka const struct bignum_st **}’ but argument is of type ‘BIGNUM ** {aka struct bignum_st **}’
void RSA_get0_key(const RSA *r,
^
openssl_stub.c:975:29: warning: passing argument 3 of ‘RSA_get0_key’ from incompatible pointer type [-Wincompatible-pointer-types]
RSA_get0_key(rsa, &b_n, &b_e, &b_d);
^
In file included from openssl_stub.c:22:0:
openssl/include/openssl/rsa.h:181:6: note: expected ‘const BIGNUM ** {aka const struct bignum_st **}’ but argument is of type ‘BIGNUM ** {aka struct bignum_st **}’
void RSA_get0_key(const RSA *r,
^
openssl_stub.c:975:35: warning: passing argument 4 of ‘RSA_get0_key’ from incompatible pointer type [-Wincompatible-pointer-types]
RSA_get0_key(rsa, &b_n, &b_e, &b_d);
^
In file included from openssl_stub.c:22:0:
openssl/include/openssl/rsa.h:181:6: note: expected ‘const BIGNUM ** {aka const struct bignum_st **}’ but argument is of type ‘BIGNUM ** {aka struct bignum_st **}’
void RSA_get0_key(const RSA *r,
^
openssl_stub.c: In function ‘ocaml_dsa_gen_params’:
openssl_stub.c:1087:23: warning: passing argument 2 of ‘DSA_get0_pqg’ from incompatible pointer type [-Wincompatible-pointer-types]
DSA_get0_pqg(dsa, &b_p, &b_q, &b_g);
^
In file included from openssl_stub.c:23:0:
openssl/include/openssl/dsa.h:173:6: note: expected ‘const BIGNUM ** {aka const struct bignum_st **}’ but argument is of type ‘BIGNUM ** {aka struct bignum_st **}’
void DSA_get0_pqg(const DSA *d,
^
openssl_stub.c:1087:29: warning: passing argument 3 of ‘DSA_get0_pqg’ from incompatible pointer type [-Wincompatible-pointer-types]
DSA_get0_pqg(dsa, &b_p, &b_q, &b_g);
^
In file included from openssl_stub.c:23:0:
openssl/include/openssl/dsa.h:173:6: note: expected ‘const BIGNUM ** {aka const struct bignum_st **}’ but argument is of type ‘BIGNUM ** {aka struct bignum_st **}’
void DSA_get0_pqg(const DSA *d,
^
openssl_stub.c:1087:35: warning: passing argument 4 of ‘DSA_get0_pqg’ from incompatible pointer type [-Wincompatible-pointer-types]
DSA_get0_pqg(dsa, &b_p, &b_q, &b_g);
^
In file included from openssl_stub.c:23:0:
openssl/include/openssl/dsa.h:173:6: note: expected ‘const BIGNUM ** {aka const struct bignum_st **}’ but argument is of type ‘BIGNUM ** {aka struct bignum_st **}’
void DSA_get0_pqg(const DSA *d,
^
openssl_stub.c: In function ‘ocaml_dsa_gen_key’:
openssl_stub.c:1144:23: warning: passing argument 2 of ‘DSA_get0_key’ from incompatible pointer type [-Wincompatible-pointer-types]
DSA_get0_key(dsa, &b_pub, &b_priv);
^
In file included from openssl_stub.c:23:0:
openssl/include/openssl/dsa.h:176:6: note: expected ‘const BIGNUM ** {aka const struct bignum_st **}’ but argument is of type ‘BIGNUM ** {aka struct bignum_st **}’
void DSA_get0_key(const DSA *d,
^
openssl_stub.c:1144:31: warning: passing argument 3 of ‘DSA_get0_key’ from incompatible pointer type [-Wincompatible-pointer-types]
DSA_get0_key(dsa, &b_pub, &b_priv);
^
In file included from openssl_stub.c:23:0:
openssl/include/openssl/dsa.h:176:6: note: expected ‘const BIGNUM ** {aka const struct bignum_st **}’ but argument is of type ‘BIGNUM ** {aka struct bignum_st **}’
void DSA_get0_key(const DSA *d,
^
openssl_stub.c: In function ‘ocaml_dsa_get_key’:
openssl_stub.c:1183:21: warning: passing argument 2 of ‘DSA_get0_pqg’ from incompatible pointer type [-Wincompatible-pointer-types]
DSA_get0_pqg(dsa, &b_p, &b_q, &b_g);
^
In file included from openssl_stub.c:23:0:
openssl/include/openssl/dsa.h:173:6: note: expected ‘const BIGNUM ** {aka const struct bignum_st **}’ but argument is of type ‘BIGNUM ** {aka struct bignum_st **}’
void DSA_get0_pqg(const DSA *d,
^
openssl_stub.c:1183:27: warning: passing argument 3 of ‘DSA_get0_pqg’ from incompatible pointer type [-Wincompatible-pointer-types]
DSA_get0_pqg(dsa, &b_p, &b_q, &b_g);
^
In file included from openssl_stub.c:23:0:
openssl/include/openssl/dsa.h:173:6: note: expected ‘const BIGNUM ** {aka const struct bignum_st **}’ but argument is of type ‘BIGNUM ** {aka struct bignum_st **}’
void DSA_get0_pqg(const DSA *d,
^
openssl_stub.c:1183:33: warning: passing argument 4 of ‘DSA_get0_pqg’ from incompatible pointer type [-Wincompatible-pointer-types]
DSA_get0_pqg(dsa, &b_p, &b_q, &b_g);
^
In file included from openssl_stub.c:23:0:
openssl/include/openssl/dsa.h:173:6: note: expected ‘const BIGNUM ** {aka const struct bignum_st **}’ but argument is of type ‘BIGNUM ** {aka struct bignum_st **}’
void DSA_get0_pqg(const DSA *d,
^
openssl_stub.c:1190:21: warning: passing argument 2 of ‘DSA_get0_key’ from incompatible pointer type [-Wincompatible-pointer-types]
DSA_get0_key(dsa, &b_pub, &b_priv);
^
In file included from openssl_stub.c:23:0:
openssl/include/openssl/dsa.h:176:6: note: expected ‘const BIGNUM ** {aka const struct bignum_st **}’ but argument is of type ‘BIGNUM ** {aka struct bignum_st **}’
void DSA_get0_key(const DSA *d,
^
openssl_stub.c:1190:29: warning: passing argument 3 of ‘DSA_get0_key’ from incompatible pointer type [-Wincompatible-pointer-types]
DSA_get0_key(dsa, &b_pub, &b_priv);
^
In file included from openssl_stub.c:23:0:
openssl/include/openssl/dsa.h:176:6: note: expected ‘const BIGNUM ** {aka const struct bignum_st **}’ but argument is of type ‘BIGNUM ** {aka struct bignum_st **}’
void DSA_get0_key(const DSA *d,
^
openssl_stub.c: In function ‘ocaml_dsa_set_key’:
openssl_stub.c:1235:23: warning: passing argument 2 of ‘DSA_get0_pqg’ from incompatible pointer type [-Wincompatible-pointer-types]
DSA_get0_pqg(dsa, &b_p, &b_q, &b_g);
^
In file included from openssl_stub.c:23:0:
openssl/include/openssl/dsa.h:173:6: note: expected ‘const BIGNUM ** {aka const struct bignum_st **}’ but argument is of type ‘BIGNUM ** {aka struct bignum_st **}’
void DSA_get0_pqg(const DSA *d,
^
openssl_stub.c:1235:29: warning: passing argument 3 of ‘DSA_get0_pqg’ from incompatible pointer type [-Wincompatible-pointer-types]
DSA_get0_pqg(dsa, &b_p, &b_q, &b_g);
^
In file included from openssl_stub.c:23:0:
openssl/include/openssl/dsa.h:173:6: note: expected ‘const BIGNUM ** {aka const struct bignum_st **}’ but argument is of type ‘BIGNUM ** {aka struct bignum_st **}’
void DSA_get0_pqg(const DSA *d,
^
openssl_stub.c:1235:35: warning: passing argument 4 of ‘DSA_get0_pqg’ from incompatible pointer type [-Wincompatible-pointer-types]
DSA_get0_pqg(dsa, &b_p, &b_q, &b_g);
^
In file included from openssl_stub.c:23:0:
openssl/include/openssl/dsa.h:173:6: note: expected ‘const BIGNUM ** {aka const struct bignum_st **}’ but argument is of type ‘BIGNUM ** {aka struct bignum_st **}’
void DSA_get0_pqg(const DSA *d,
^
openssl_stub.c:1236:23: warning: passing argument 2 of ‘DSA_get0_key’ from incompatible pointer type [-Wincompatible-pointer-types]
DSA_get0_key(dsa, &b_pub, &b_priv);
^
In file included from openssl_stub.c:23:0:
openssl/include/openssl/dsa.h:176:6: note: expected ‘const BIGNUM ** {aka const struct bignum_st **}’ but argument is of type ‘BIGNUM ** {aka struct bignum_st **}’
void DSA_get0_key(const DSA *d,
^
openssl_stub.c:1236:31: warning: passing argument 3 of ‘DSA_get0_key’ from incompatible pointer type [-Wincompatible-pointer-types]
DSA_get0_key(dsa, &b_pub, &b_priv);
^
In file included from openssl_stub.c:23:0:
openssl/include/openssl/dsa.h:176:6: note: expected ‘const BIGNUM ** {aka const struct bignum_st **}’ but argument is of type ‘BIGNUM ** {aka struct bignum_st **}’
void DSA_get0_key(const DSA *d,
^
openssl_stub.c: In function ‘ocaml_dsa_sign’:
openssl_stub.c:1325:23: warning: passing argument 2 of ‘DSA_get0_pqg’ from incompatible pointer type [-Wincompatible-pointer-types]
DSA_get0_pqg(dsa, &b_p, &b_q, &b_g);
^
In file included from openssl_stub.c:23:0:
openssl/include/openssl/dsa.h:173:6: note: expected ‘const BIGNUM ** {aka const struct bignum_st **}’ but argument is of type ‘BIGNUM ** {aka struct bignum_st **}’
void DSA_get0_pqg(const DSA *d,
^
openssl_stub.c:1325:29: warning: passing argument 3 of ‘DSA_get0_pqg’ from incompatible pointer type [-Wincompatible-pointer-types]
DSA_get0_pqg(dsa, &b_p, &b_q, &b_g);
^
In file included from openssl_stub.c:23:0:
openssl/include/openssl/dsa.h:173:6: note: expected ‘const BIGNUM ** {aka const struct bignum_st **}’ but argument is of type ‘BIGNUM ** {aka struct bignum_st **}’
void DSA_get0_pqg(const DSA *d,
^
openssl_stub.c:1325:35: warning: passing argument 4 of ‘DSA_get0_pqg’ from incompatible pointer type [-Wincompatible-pointer-types]
DSA_get0_pqg(dsa, &b_p, &b_q, &b_g);
^
In file included from openssl_stub.c:23:0:
openssl/include/openssl/dsa.h:173:6: note: expected ‘const BIGNUM ** {aka const struct bignum_st **}’ but argument is of type ‘BIGNUM ** {aka struct bignum_st **}’
void DSA_get0_pqg(const DSA *d,
^
openssl_stub.c:1326:23: warning: passing argument 2 of ‘DSA_get0_key’ from incompatible pointer type [-Wincompatible-pointer-types]
DSA_get0_key(dsa, &b_pub, &b_priv);
^
In file included from openssl_stub.c:23:0:
openssl/include/openssl/dsa.h:176:6: note: expected ‘const BIGNUM ** {aka const struct bignum_st **}’ but argument is of type ‘BIGNUM ** {aka struct bignum_st **}’
void DSA_get0_key(const DSA *d,
^
openssl_stub.c:1326:31: warning: passing argument 3 of ‘DSA_get0_key’ from incompatible pointer type [-Wincompatible-pointer-types]
DSA_get0_key(dsa, &b_pub, &b_priv);
^
In file included from openssl_stub.c:23:0:
openssl/include/openssl/dsa.h:176:6: note: expected ‘const BIGNUM ** {aka const struct bignum_st **}’ but argument is of type ‘BIGNUM ** {aka struct bignum_st **}’
void DSA_get0_key(const DSA *d,
^
openssl_stub.c: In function ‘ocaml_dsa_verify’:
openssl_stub.c:1368:23: warning: passing argument 2 of ‘DSA_get0_pqg’ from incompatible pointer type [-Wincompatible-pointer-types]
DSA_get0_pqg(dsa, &b_p, &b_q, &b_g);
^
In file included from openssl_stub.c:23:0:
openssl/include/openssl/dsa.h:173:6: note: expected ‘const BIGNUM ** {aka const struct bignum_st **}’ but argument is of type ‘BIGNUM ** {aka struct bignum_st **}’
void DSA_get0_pqg(const DSA *d,
^
openssl_stub.c:1368:29: warning: passing argument 3 of ‘DSA_get0_pqg’ from incompatible pointer type [-Wincompatible-pointer-types]
DSA_get0_pqg(dsa, &b_p, &b_q, &b_g);
^
In file included from openssl_stub.c:23:0:
openssl/include/openssl/dsa.h:173:6: note: expected ‘const BIGNUM ** {aka const struct bignum_st **}’ but argument is of type ‘BIGNUM ** {aka struct bignum_st **}’
void DSA_get0_pqg(const DSA *d,
^
openssl_stub.c:1368:35: warning: passing argument 4 of ‘DSA_get0_pqg’ from incompatible pointer type [-Wincompatible-pointer-types]
DSA_get0_pqg(dsa, &b_p, &b_q, &b_g);
^
In file included from openssl_stub.c:23:0:
openssl/include/openssl/dsa.h:173:6: note: expected ‘const BIGNUM ** {aka const struct bignum_st **}’ but argument is of type ‘BIGNUM ** {aka struct bignum_st **}’
void DSA_get0_pqg(const DSA *d,
^
openssl_stub.c:1369:23: warning: passing argument 2 of ‘DSA_get0_key’ from incompatible pointer type [-Wincompatible-pointer-types]
DSA_get0_key(dsa, &b_pub, &b_priv);
^
In file included from openssl_stub.c:23:0:
openssl/include/openssl/dsa.h:176:6: note: expected ‘const BIGNUM ** {aka const struct bignum_st **}’ but argument is of type ‘BIGNUM ** {aka struct bignum_st **}’
void DSA_get0_key(const DSA *d,
^
openssl_stub.c:1369:31: warning: passing argument 3 of ‘DSA_get0_key’ from incompatible pointer type [-Wincompatible-pointer-types]
DSA_get0_key(dsa, &b_pub, &b_priv);
^
In file included from openssl_stub.c:23:0:
openssl/include/openssl/dsa.h:176:6: note: expected ‘const BIGNUM ** {aka const struct bignum_st **}’ but argument is of type ‘BIGNUM ** {aka struct bignum_st **}’
void DSA_get0_key(const DSA *d,
^
openssl_stub.c: In function ‘ocaml_dh_gen_params’:
openssl_stub.c:1473:21: warning: passing argument 2 of ‘DH_get0_pqg’ from incompatible pointer type [-Wincompatible-pointer-types]
DH_get0_pqg(dh, &b_p, &b_q, &b_g);
^
In file included from openssl/include/openssl/dsa.h:31:0,
from openssl_stub.c:23:
openssl/include/openssl/dh.h:154:6: note: expected ‘const BIGNUM ** {aka const struct bignum_st **}’ but argument is of type ‘BIGNUM ** {aka struct bignum_st **}’
void DH_get0_pqg(const DH *dh,
^
openssl_stub.c:1473:27: warning: passing argument 3 of ‘DH_get0_pqg’ from incompatible pointer type [-Wincompatible-pointer-types]
DH_get0_pqg(dh, &b_p, &b_q, &b_g);
^
In file included from openssl/include/openssl/dsa.h:31:0,
from openssl_stub.c:23:
openssl/include/openssl/dh.h:154:6: note: expected ‘const BIGNUM ** {aka const struct bignum_st **}’ but argument is of type ‘BIGNUM ** {aka struct bignum_st **}’
void DH_get0_pqg(const DH *dh,
^
openssl_stub.c:1473:33: warning: passing argument 4 of ‘DH_get0_pqg’ from incompatible pointer type [-Wincompatible-pointer-types]
DH_get0_pqg(dh, &b_p, &b_q, &b_g);
^
In file included from openssl/include/openssl/dsa.h:31:0,
from openssl_stub.c:23:
openssl/include/openssl/dh.h:154:6: note: expected ‘const BIGNUM ** {aka const struct bignum_st **}’ but argument is of type ‘BIGNUM ** {aka struct bignum_st **}’
void DH_get0_pqg(const DH *dh,
^
openssl_stub.c: In function ‘ocaml_dh_params_of_string’:
openssl_stub.c:1506:21: warning: passing argument 2 of ‘DH_get0_pqg’ from incompatible pointer type [-Wincompatible-pointer-types]
DH_get0_pqg(dh, &b_p, &b_q, &b_g);
^
In file included from openssl/include/openssl/dsa.h:31:0,
from openssl_stub.c:23:
openssl/include/openssl/dh.h:154:6: note: expected ‘const BIGNUM ** {aka const struct bignum_st **}’ but argument is of type ‘BIGNUM ** {aka struct bignum_st **}’
void DH_get0_pqg(const DH *dh,
^
openssl_stub.c:1506:27: warning: passing argument 3 of ‘DH_get0_pqg’ from incompatible pointer type [-Wincompatible-pointer-types]
DH_get0_pqg(dh, &b_p, &b_q, &b_g);
^
In file included from openssl/include/openssl/dsa.h:31:0,
from openssl_stub.c:23:
openssl/include/openssl/dh.h:154:6: note: expected ‘const BIGNUM ** {aka const struct bignum_st **}’ but argument is of type ‘BIGNUM ** {aka struct bignum_st **}’
void DH_get0_pqg(const DH *dh,
^
openssl_stub.c:1506:33: warning: passing argument 4 of ‘DH_get0_pqg’ from incompatible pointer type [-Wincompatible-pointer-types]
DH_get0_pqg(dh, &b_p, &b_q, &b_g);
^
In file included from openssl/include/openssl/dsa.h:31:0,
from openssl_stub.c:23:
openssl/include/openssl/dh.h:154:6: note: expected ‘const BIGNUM ** {aka const struct bignum_st **}’ but argument is of type ‘BIGNUM ** {aka struct bignum_st **}’
void DH_get0_pqg(const DH *dh,
^
openssl_stub.c: In function ‘ocaml_dh_gen_key’:
openssl_stub.c:1561:21: warning: passing argument 2 of ‘DH_get0_key’ from incompatible pointer type [-Wincompatible-pointer-types]
DH_get0_key(dh, &b_pub, &b_prv);
^
In file included from openssl/include/openssl/dsa.h:31:0,
from openssl_stub.c:23:
openssl/include/openssl/dh.h:157:6: note: expected ‘const BIGNUM ** {aka const struct bignum_st **}’ but argument is of type ‘BIGNUM ** {aka struct bignum_st **}’
void DH_get0_key(const DH *dh,
^
openssl_stub.c:1561:29: warning: passing argument 3 of ‘DH_get0_key’ from incompatible pointer type [-Wincompatible-pointer-types]
DH_get0_key(dh, &b_pub, &b_prv);
^
In file included from openssl/include/openssl/dsa.h:31:0,
from openssl_stub.c:23:
openssl/include/openssl/dh.h:157:6: note: expected ‘const BIGNUM ** {aka const struct bignum_st **}’ but argument is of type ‘BIGNUM ** {aka struct bignum_st **}’
void DH_get0_key(const DH *dh,
^
openssl_stub.c: In function ‘ocaml_dh_compute’:
openssl_stub.c:1672:21: warning: passing argument 2 of ‘DH_get0_key’ from incompatible pointer type [-Wincompatible-pointer-types]
DH_get0_key(dh, &b_pub, &b_prv);
^
In file included from openssl/include/openssl/dsa.h:31:0,
from openssl_stub.c:23:
openssl/include/openssl/dh.h:157:6: note: expected ‘const BIGNUM ** {aka const struct bignum_st **}’ but argument is of type ‘BIGNUM ** {aka struct bignum_st **}’
void DH_get0_key(const DH *dh,
^
openssl_stub.c:1672:29: warning: passing argument 3 of ‘DH_get0_key’ from incompatible pointer type [-Wincompatible-pointer-types]
DH_get0_key(dh, &b_pub, &b_prv);
^
In file included from openssl/include/openssl/dsa.h:31:0,
from openssl_stub.c:23:
openssl/include/openssl/dh.h:157:6: note: expected ‘const BIGNUM ** {aka const struct bignum_st **}’ but argument is of type ‘BIGNUM ** {aka struct bignum_st **}’
void DH_get0_key(const DH *dh,
^
make[1]: warning: jobserver unavailable: using -j1.  Add '+' to parent make rule.
make[1]: warning: jobserver unavailable: using -j1.  Add '+' to parent make rule.
Warning 6: in the definition of buf, after the definition of m0, in top-level declaration Crypto.Symmetric.Bytes.random_bytes, in file Crypto_Symmetric_Bytes: stack newbuf 0uint8 @1 is a non-constant size, stack-allocated array; this is not supported by CompCert
Warning 6: in the definition of state, in top-level declaration Crypto.Symmetric.AES.cipher, in file Crypto_Symmetric_AES: stack newbuf 0uint8 Crypto.Symmetric.AES.blocklen is a non-constant size, stack-allocated array; this is not supported by CompCert
Warning 6: in the definition of state, in top-level declaration Crypto.Symmetric.AES.inv_cipher, in file Crypto_Symmetric_AES: stack newbuf 0uint8 Crypto.Symmetric.AES.blocklen is a non-constant size, stack-allocated array; this is not supported by CompCert
Warning 6: in the definition of state, in top-level declaration Crypto.Symmetric.AES128.cipher, in file Crypto_Symmetric_AES128: stack newbuf 0uint8 Crypto.Symmetric.AES128.blocklen is a non-constant size, stack-allocated array; this is not supported by CompCert
Warning 6: in the definition of state, in top-level declaration Crypto.Symmetric.AES128.inv_cipher, in file Crypto_Symmetric_AES128: stack newbuf 0uint8 Crypto.Symmetric.AES128.blocklen is a non-constant size, stack-allocated array; this is not supported by CompCert
Warning 6: in top-level declaration Crypto.Symmetric.MAC.rcreate, in file Crypto_Symmetric_MAC: eternal newbuf 0uint8 Crypto.Symmetric.MAC.wlen is a non-constant size, stack-allocated array; this is not supported by CompCert
Warning 6: in the definition of k, in top-level declaration Crypto.Symmetric.UF1CMA.akey_gen, in file Crypto_Symmetric_UF1CMA: eternal newbuf 0uint8 Crypto.Symmetric.UF1CMA.skeylen @0 is a non-constant size, stack-allocated array; this is not supported by CompCert
Warning 6: in the definition of sk, in top-level declaration Crypto.Symmetric.UF1CMA.akey_coerce, in file Crypto_Symmetric_UF1CMA: eternal newbuf 0uint8 Crypto.Symmetric.UF1CMA.skeylen @1 is a non-constant size, stack-allocated array; this is not supported by CompCert
Warning 6: in the definition of k, after the definition of len, in top-level declaration Crypto.Symmetric.UF1CMA.gen, in file Crypto_Symmetric_UF1CMA: eternal newbuf 0uint8 @0 is a non-constant size, stack-allocated array; this is not supported by CompCert
Warning 6: in top-level declaration Crypto.Plain.create, in file Crypto_Plain: stack newbuf @1 @0 is a non-constant size, stack-allocated array; this is not supported by CompCert
Warning 6: in the definition of keystate, after the definition of mac_rgn, in top-level declaration Crypto.Symmetric.PRF.gen, in file Crypto_Symmetric_PRF: eternal newbuf 0uint8 Crypto.Symmetric.PRF.statelen @1 is a non-constant size, stack-allocated array; this is not supported by CompCert
Warning 6: in the definition of key, after the definition of keystate, in top-level declaration Crypto.Symmetric.PRF.gen, in file Crypto_Symmetric_PRF: stack newbuf 0uint8 Crypto.Symmetric.PRF.keylen @2 is a non-constant size, stack-allocated array; this is not supported by CompCert
Warning 6: in the definition of keystate, after the definition of mac_rgn, in top-level declaration Crypto.Symmetric.PRF.coerce, in file Crypto_Symmetric_PRF: eternal newbuf 0uint8 Crypto.Symmetric.PRF.statelen @2 is a non-constant size, stack-allocated array; this is not supported by CompCert
Warning 6: in the definition of keyBuffer, after the definition of macId, in top-level declaration Crypto.Symmetric.PRF.prf_mac, in file Crypto_Symmetric_PRF: eternal newbuf 0uint8 Crypto.Symmetric.UF1CMA.keylen @5 is a non-constant size, stack-allocated array; this is not supported by CompCert
Warning 6: in the definition of keyBuffer, after the definition of x, in top-level declaration Crypto.Symmetric.PRF.prf_sk0, in file Crypto_Symmetric_PRF: eternal newbuf 0uint8 Crypto.Symmetric.UF1CMA.skeylen @3 is a non-constant size, stack-allocated array; this is not supported by CompCert
Warning 6: in the definition of cipher, after the definition of cipherlen, in top-level declaration Crypto.KrmlTest.test, in file Crypto_KrmlTest: stack newbuf 0uint8 @0 is a non-constant size, stack-allocated array; this is not supported by CompCert
Warning 6: in the definition of cipher, after the definition of cipherlen, in top-level declaration Crypto.KrmlTest.test_aes_gcm, in file Crypto_KrmlTest: stack newbuf 2uint8 @0 is a non-constant size, stack-allocated array; this is not supported by CompCert
Warning 6: in the definition of plain, after the definition of plainlen, in top-level declaration Crypto.KrmlTest.test_aes_gcm_0, in file Crypto_KrmlTest: stack newbuf 0uint8 @0 is a non-constant size, stack-allocated array; this is not supported by CompCert
Warning 6: in the definition of aad, after the definition of aadlen, in top-level declaration Crypto.KrmlTest.test_aes_gcm_0, in file Crypto_KrmlTest: stack newbuf 0uint8 @0 is a non-constant size, stack-allocated array; this is not supported by CompCert
Warning 6: in the definition of plain, after the definition of plainlen, in top-level declaration Crypto.KrmlTest.test_aes_gcm_1, in file Crypto_KrmlTest: stack newbuf 0uint8 @0 is a non-constant size, stack-allocated array; this is not supported by CompCert
Warning 6: in the definition of aad, after the definition of aadlen, in top-level declaration Crypto.KrmlTest.test_aes_gcm_1, in file Crypto_KrmlTest: stack newbuf 0uint8 @0 is a non-constant size, stack-allocated array; this is not supported by CompCert
Warning 6: in the definition of plain, after the definition of plainlen, in top-level declaration Crypto.KrmlTest.test_aes_gcm_2, in file Crypto_KrmlTest: stack newbuf 0uint8 @0 is a non-constant size, stack-allocated array; this is not supported by CompCert
Warning 6: in the definition of aad, after the definition of aadlen, in top-level declaration Crypto.KrmlTest.test_aes_gcm_2, in file Crypto_KrmlTest: stack newbuf 0uint8 @0 is a non-constant size, stack-allocated array; this is not supported by CompCert
Warning 6: in the definition of aad, after the definition of aadlen, in top-level declaration Crypto.KrmlTest.test_aes_gcm_3, in file Crypto_KrmlTest: stack newbuf 0uint8 @0 is a non-constant size, stack-allocated array; this is not supported by CompCert
Warning 7: : After inlining, Crypto.Symmetric.Poly1305.Spec.field_mul calls FStar.Mul.op_Star -- removing the static qualifier from FStar.Mul.op_Star
Warning 7: : After inlining, Crypto.AEAD.Encrypt.encrypt calls Crypto.AEAD.Encoding.add_bytes -- removing the static qualifier from Crypto.AEAD.Encoding.add_bytes
Warning 7: : After inlining, Crypto.AEAD.Encrypt.encrypt calls Crypto.AEAD.Encoding.store_lengths_poly1305 -- removing the static qualifier from Crypto.AEAD.Encoding.store_lengths_poly1305
Warning 7: : After inlining, Crypto.AEAD.Encrypt.encrypt calls Crypto.AEAD.Encoding.store_lengths_ghash -- removing the static qualifier from Crypto.AEAD.Encoding.store_lengths_ghash
Warning 7: : After inlining, Crypto.AEAD.Encrypt.encrypt calls Crypto.Symmetric.PRF.getBlock -- removing the static qualifier from Crypto.Symmetric.PRF.getBlock
Warning 3: run_or_warn: the following command failed:
x86_64-w64-mingw32-gcc -Wno-unused-but-set-variable -std=c11 -D__USE_MINGW_ANSI_STDIO -Wall -Werror -Wno-parentheses -Wno-unused-variable -g -O3 -fwrapv -I FSTAR_LIB/hyperstack -I spartan_aes -I crypto -I ../../../kremlin/kremlib -I ../../../kremlin/test -I C:/Build/Agent/_work/31/s/kremlin/kremlib -I tmp -maes -c tmp/Prims.c -o tmp/Prims.o
Warning 3: run_or_warn: the following command failed:
x86_64-w64-mingw32-gcc -Wno-unused-but-set-variable -std=c11 -D__USE_MINGW_ANSI_STDIO -Wall -Werror -Wno-parentheses -Wno-unused-variable -g -O3 -fwrapv -I FSTAR_LIB/hyperstack -I spartan_aes -I crypto -I ../../../kremlin/kremlib -I ../../../kremlin/test -I C:/Build/Agent/_work/31/s/kremlin/kremlib -I tmp -maes -c tmp/Buffer_Utils.c -o tmp/Buffer_Utils.o
Warning 3: run_or_warn: the following command failed:
x86_64-w64-mingw32-gcc -Wno-unused-but-set-variable -std=c11 -D__USE_MINGW_ANSI_STDIO -Wall -Werror -Wno-parentheses -Wno-unused-variable -g -O3 -fwrapv -I FSTAR_LIB/hyperstack -I spartan_aes -I crypto -I ../../../kremlin/kremlib -I ../../../kremlin/test -I C:/Build/Agent/_work/31/s/kremlin/kremlib -I tmp -maes -c tmp/FStar.c -o tmp/FStar.o
Warning 3: run_or_warn: the following command failed:
x86_64-w64-mingw32-gcc -Wno-unused-but-set-variable -std=c11 -D__USE_MINGW_ANSI_STDIO -Wall -Werror -Wno-parentheses -Wno-unused-variable -g -O3 -fwrapv -I FSTAR_LIB/hyperstack -I spartan_aes -I crypto -I ../../../kremlin/kremlib -I ../../../kremlin/test -I C:/Build/Agent/_work/31/s/kremlin/kremlib -I tmp -maes -c tmp/Crypto_Symmetric_Bytes.c -o tmp/Crypto_Symmetric_Bytes.o
Warning 3: run_or_warn: the following command failed:
x86_64-w64-mingw32-gcc -Wno-unused-but-set-variable -std=c11 -D__USE_MINGW_ANSI_STDIO -Wall -Werror -Wno-parentheses -Wno-unused-variable -g -O3 -fwrapv -I FSTAR_LIB/hyperstack -I spartan_aes -I crypto -I ../../../kremlin/kremlib -I ../../../kremlin/test -I C:/Build/Agent/_work/31/s/kremlin/kremlib -I tmp -maes -c tmp/Crypto_Symmetric_Poly1305_Spec.c -o tmp/Crypto_Symmetric_Poly1305_Spec.o
Warning 3: run_or_warn: the following command failed:
x86_64-w64-mingw32-gcc -Wno-unused-but-set-variable -std=c11 -D__USE_MINGW_ANSI_STDIO -Wall -Werror -Wno-parentheses -Wno-unused-variable -g -O3 -fwrapv -I FSTAR_LIB/hyperstack -I spartan_aes -I crypto -I ../../../kremlin/kremlib -I ../../../kremlin/test -I C:/Build/Agent/_work/31/s/kremlin/kremlib -I tmp -maes -c tmp/Crypto_Symmetric_Poly1305_Parameters.c -o tmp/Crypto_Symmetric_Poly1305_Parameters.o
Warning 3: run_or_warn: the following command failed:
x86_64-w64-mingw32-gcc -Wno-unused-but-set-variable -std=c11 -D__USE_MINGW_ANSI_STDIO -Wall -Werror -Wno-parentheses -Wno-unused-variable -g -O3 -fwrapv -I FSTAR_LIB/hyperstack -I spartan_aes -I crypto -I ../../../kremlin/kremlib -I ../../../kremlin/test -I C:/Build/Agent/_work/31/s/kremlin/kremlib -I tmp -maes -c tmp/Crypto_Symmetric_Poly1305_Bigint.c -o tmp/Crypto_Symmetric_Poly1305_Bigint.o
Warning 3: run_or_warn: the following command failed:
x86_64-w64-mingw32-gcc -Wno-unused-but-set-variable -std=c11 -D__USE_MINGW_ANSI_STDIO -Wall -Werror -Wno-parentheses -Wno-unused-variable -g -O3 -fwrapv -I FSTAR_LIB/hyperstack -I spartan_aes -I crypto -I ../../../kremlin/kremlib -I ../../../kremlin/test -I C:/Build/Agent/_work/31/s/kremlin/kremlib -I tmp -maes -c tmp/Crypto_Symmetric_Poly1305_Bignum_Lemmas_Part1.c -o tmp/Crypto_Symmetric_Poly1305_Bignum_Lemmas_Part1.o
Warning 3: run_or_warn: the following command failed:
x86_64-w64-mingw32-gcc -Wno-unused-but-set-variable -std=c11 -D__USE_MINGW_ANSI_STDIO -Wall -Werror -Wno-parentheses -Wno-unused-variable -g -O3 -fwrapv -I FSTAR_LIB/hyperstack -I spartan_aes -I crypto -I ../../../kremlin/kremlib -I ../../../kremlin/test -I C:/Build/Agent/_work/31/s/kremlin/kremlib -I tmp -maes -c tmp/Crypto_Symmetric_Poly1305_Bignum_Lemmas_Part2.c -o tmp/Crypto_Symmetric_Poly1305_Bignum_Lemmas_Part2.o
Warning 3: run_or_warn: the following command failed:
x86_64-w64-mingw32-gcc -Wno-unused-but-set-variable -std=c11 -D__USE_MINGW_ANSI_STDIO -Wall -Werror -Wno-parentheses -Wno-unused-variable -g -O3 -fwrapv -I FSTAR_LIB/hyperstack -I spartan_aes -I crypto -I ../../../kremlin/kremlib -I ../../../kremlin/test -I C:/Build/Agent/_work/31/s/kremlin/kremlib -I tmp -maes -c tmp/Crypto_AEAD_BufferUtils.c -o tmp/Crypto_AEAD_BufferUtils.o
Warning 3: run_or_warn: the following command failed:
x86_64-w64-mingw32-gcc -Wno-unused-but-set-variable -std=c11 -D__USE_MINGW_ANSI_STDIO -Wall -Werror -Wno-parentheses -Wno-unused-variable -g -O3 -fwrapv -I FSTAR_LIB/hyperstack -I spartan_aes -I crypto -I ../../../kremlin/kremlib -I ../../../kremlin/test -I C:/Build/Agent/_work/31/s/kremlin/kremlib -I tmp -maes -c tmp/Crypto_Symmetric_Poly1305_Bignum_Lemmas_Part3.c -o tmp/Crypto_Symmetric_Poly1305_Bignum_Lemmas_Part3.o
Warning 3: run_or_warn: the following command failed:
x86_64-w64-mingw32-gcc -Wno-unused-but-set-variable -std=c11 -D__USE_MINGW_ANSI_STDIO -Wall -Werror -Wno-parentheses -Wno-unused-variable -g -O3 -fwrapv -I FSTAR_LIB/hyperstack -I spartan_aes -I crypto -I ../../../kremlin/kremlib -I ../../../kremlin/test -I C:/Build/Agent/_work/31/s/kremlin/kremlib -I tmp -maes -c tmp/Crypto_Symmetric_Poly1305_Bignum_Lemmas_Part4.c -o tmp/Crypto_Symmetric_Poly1305_Bignum_Lemmas_Part4.o
Warning 3: run_or_warn: the following command failed:
x86_64-w64-mingw32-gcc -Wno-unused-but-set-variable -std=c11 -D__USE_MINGW_ANSI_STDIO -Wall -Werror -Wno-parentheses -Wno-unused-variable -g -O3 -fwrapv -I FSTAR_LIB/hyperstack -I spartan_aes -I crypto -I ../../../kremlin/kremlib -I ../../../kremlin/test -I C:/Build/Agent/_work/31/s/kremlin/kremlib -I tmp -maes -c tmp/Crypto_Symmetric_Poly1305_Bignum_Lemmas_Part5.c -o tmp/Crypto_Symmetric_Poly1305_Bignum_Lemmas_Part5.o
Warning 3: run_or_warn: the following command failed:
x86_64-w64-mingw32-gcc -Wno-unused-but-set-variable -std=c11 -D__USE_MINGW_ANSI_STDIO -Wall -Werror -Wno-parentheses -Wno-unused-variable -g -O3 -fwrapv -I FSTAR_LIB/hyperstack -I spartan_aes -I crypto -I ../../../kremlin/kremlib -I ../../../kremlin/test -I C:/Build/Agent/_work/31/s/kremlin/kremlib -I tmp -maes -c tmp/Crypto_Symmetric_Chacha20.c -o tmp/Crypto_Symmetric_Chacha20.o
Warning 3: run_or_warn: the following command failed:
x86_64-w64-mingw32-gcc -Wno-unused-but-set-variable -std=c11 -D__USE_MINGW_ANSI_STDIO -Wall -Werror -Wno-parentheses -Wno-unused-variable -g -O3 -fwrapv -I FSTAR_LIB/hyperstack -I spartan_aes -I crypto -I ../../../kremlin/kremlib -I ../../../kremlin/test -I C:/Build/Agent/_work/31/s/kremlin/kremlib -I tmp -maes -c tmp/Crypto_Config.c -o tmp/Crypto_Config.o
Warning 3: run_or_warn: the following command failed:
x86_64-w64-mingw32-gcc -Wno-unused-but-set-variable -std=c11 -D__USE_MINGW_ANSI_STDIO -Wall -Werror -Wno-parentheses -Wno-unused-variable -g -O3 -fwrapv -I FSTAR_LIB/hyperstack -I spartan_aes -I crypto -I ../../../kremlin/kremlib -I ../../../kremlin/test -I C:/Build/Agent/_work/31/s/kremlin/kremlib -I tmp -maes -c tmp/Crypto_Indexing.c -o tmp/Crypto_Indexing.o
Warning 3: run_or_warn: the following command failed:
x86_64-w64-mingw32-gcc -Wno-unused-but-set-variable -std=c11 -D__USE_MINGW_ANSI_STDIO -Wall -Werror -Wno-parentheses -Wno-unused-variable -g -O3 -fwrapv -I FSTAR_LIB/hyperstack -I spartan_aes -I crypto -I ../../../kremlin/kremlib -I ../../../kremlin/test -I C:/Build/Agent/_work/31/s/kremlin/kremlib -I tmp -maes -c tmp/Flag.c -o tmp/Flag.o
Warning 3: run_or_warn: the following command failed:
x86_64-w64-mingw32-gcc -Wno-unused-but-set-variable -std=c11 -D__USE_MINGW_ANSI_STDIO -Wall -Werror -Wno-parentheses -Wno-unused-variable -g -O3 -fwrapv -I FSTAR_LIB/hyperstack -I spartan_aes -I crypto -I ../../../kremlin/kremlib -I ../../../kremlin/test -I C:/Build/Agent/_work/31/s/kremlin/kremlib -I tmp -maes -c tmp/Crypto_Symmetric_AES.c -o tmp/Crypto_Symmetric_AES.o
Warning 3: run_or_warn: the following command failed:
x86_64-w64-mingw32-gcc -Wno-unused-but-set-variable -std=c11 -D__USE_MINGW_ANSI_STDIO -Wall -Werror -Wno-parentheses -Wno-unused-variable -g -O3 -fwrapv -I FSTAR_LIB/hyperstack -I spartan_aes -I crypto -I ../../../kremlin/kremlib -I ../../../kremlin/test -I C:/Build/Agent/_work/31/s/kremlin/kremlib -I tmp -maes -c tmp/Spartan.c -o tmp/Spartan.o
Warning 3: run_or_warn: the following command failed:
x86_64-w64-mingw32-gcc -Wno-unused-but-set-variable -std=c11 -D__USE_MINGW_ANSI_STDIO -Wall -Werror -Wno-parentheses -Wno-unused-variable -g -O3 -fwrapv -I FSTAR_LIB/hyperstack -I spartan_aes -I crypto -I ../../../kremlin/kremlib -I ../../../kremlin/test -I C:/Build/Agent/_work/31/s/kremlin/kremlib -I tmp -maes -c tmp/Crypto_Symmetric_AES128.c -o tmp/Crypto_Symmetric_AES128.o
Warning 3: run_or_warn: the following command failed:
x86_64-w64-mingw32-gcc -Wno-unused-but-set-variable -std=c11 -D__USE_MINGW_ANSI_STDIO -Wall -Werror -Wno-parentheses -Wno-unused-variable -g -O3 -fwrapv -I FSTAR_LIB/hyperstack -I spartan_aes -I crypto -I ../../../kremlin/kremlib -I ../../../kremlin/test -I C:/Build/Agent/_work/31/s/kremlin/kremlib -I tmp -maes -c tmp/Crypto_Symmetric_Cipher.c -o tmp/Crypto_Symmetric_Cipher.o
Warning 3: run_or_warn: the following command failed:
x86_64-w64-mingw32-gcc -Wno-unused-but-set-variable -std=c11 -D__USE_MINGW_ANSI_STDIO -Wall -Werror -Wno-parentheses -Wno-unused-variable -g -O3 -fwrapv -I FSTAR_LIB/hyperstack -I spartan_aes -I crypto -I ../../../kremlin/kremlib -I ../../../kremlin/test -I C:/Build/Agent/_work/31/s/kremlin/kremlib -I tmp -maes -c tmp/Crypto_Symmetric_Poly1305_Lemmas.c -o tmp/Crypto_Symmetric_Poly1305_Lemmas.o
Warning 3: run_or_warn: the following command failed:
x86_64-w64-mingw32-gcc -Wno-unused-but-set-variable -std=c11 -D__USE_MINGW_ANSI_STDIO -Wall -Werror -Wno-parentheses -Wno-unused-variable -g -O3 -fwrapv -I FSTAR_LIB/hyperstack -I spartan_aes -I crypto -I ../../../kremlin/kremlib -I ../../../kremlin/test -I C:/Build/Agent/_work/31/s/kremlin/kremlib -I tmp -maes -c tmp/Crypto_Symmetric_Poly1305_Bignum_Lemmas_Part6.c -o tmp/Crypto_Symmetric_Poly1305_Bignum_Lemmas_Part6.o
Warning 3: run_or_warn: the following command failed:
x86_64-w64-mingw32-gcc -Wno-unused-but-set-variable -std=c11 -D__USE_MINGW_ANSI_STDIO -Wall -Werror -Wno-parentheses -Wno-unused-variable -g -O3 -fwrapv -I FSTAR_LIB/hyperstack -I spartan_aes -I crypto -I ../../../kremlin/kremlib -I ../../../kremlin/test -I C:/Build/Agent/_work/31/s/kremlin/kremlib -I tmp -maes -c tmp/Crypto_Symmetric_Poly1305_Bignum.c -o tmp/Crypto_Symmetric_Poly1305_Bignum.o
Warning 3: run_or_warn: the following command failed:
x86_64-w64-mingw32-gcc -Wno-unused-but-set-variable -std=c11 -D__USE_MINGW_ANSI_STDIO -Wall -Werror -Wno-parentheses -Wno-unused-variable -g -O3 -fwrapv -I FSTAR_LIB/hyperstack -I spartan_aes -I crypto -I ../../../kremlin/kremlib -I ../../../kremlin/test -I C:/Build/Agent/_work/31/s/kremlin/kremlib -I tmp -maes -c tmp/Crypto_Symmetric_Poly1305.c -o tmp/Crypto_Symmetric_Poly1305.o
Warning 3: run_or_warn: the following command failed:
x86_64-w64-mingw32-gcc -Wno-unused-but-set-variable -std=c11 -D__USE_MINGW_ANSI_STDIO -Wall -Werror -Wno-parentheses -Wno-unused-variable -g -O3 -fwrapv -I FSTAR_LIB/hyperstack -I spartan_aes -I crypto -I ../../../kremlin/kremlib -I ../../../kremlin/test -I C:/Build/Agent/_work/31/s/kremlin/kremlib -I tmp -maes -c tmp/Crypto_Symmetric_GF128_Spec.c -o tmp/Crypto_Symmetric_GF128_Spec.o
Warning 3: run_or_warn: the following command failed:
x86_64-w64-mingw32-gcc -Wno-unused-but-set-variable -std=c11 -D__USE_MINGW_ANSI_STDIO -Wall -Werror -Wno-parentheses -Wno-unused-variable -g -O3 -fwrapv -I FSTAR_LIB/hyperstack -I spartan_aes -I crypto -I ../../../kremlin/kremlib -I ../../../kremlin/test -I C:/Build/Agent/_work/31/s/kremlin/kremlib -I tmp -maes -c tmp/Crypto_Symmetric_GF128.c -o tmp/Crypto_Symmetric_GF128.o
Warning 3: run_or_warn: the following command failed:
x86_64-w64-mingw32-gcc -Wno-unused-but-set-variable -std=c11 -D__USE_MINGW_ANSI_STDIO -Wall -Werror -Wno-parentheses -Wno-unused-variable -g -O3 -fwrapv -I FSTAR_LIB/hyperstack -I spartan_aes -I crypto -I ../../../kremlin/kremlib -I ../../../kremlin/test -I C:/Build/Agent/_work/31/s/kremlin/kremlib -I tmp -maes -c tmp/Crypto_Symmetric_MAC.c -o tmp/Crypto_Symmetric_MAC.o
Warning 3: run_or_warn: the following command failed:
x86_64-w64-mingw32-gcc -Wno-unused-but-set-variable -std=c11 -D__USE_MINGW_ANSI_STDIO -Wall -Werror -Wno-parentheses -Wno-unused-variable -g -O3 -fwrapv -I FSTAR_LIB/hyperstack -I spartan_aes -I crypto -I ../../../kremlin/kremlib -I ../../../kremlin/test -I C:/Build/Agent/_work/31/s/kremlin/kremlib -I tmp -maes -c tmp/Crypto_Symmetric_UF1CMA.c -o tmp/Crypto_Symmetric_UF1CMA.o
Warning 3: run_or_warn: the following command failed:
x86_64-w64-mingw32-gcc -Wno-unused-but-set-variable -std=c11 -D__USE_MINGW_ANSI_STDIO -Wall -Werror -Wno-parentheses -Wno-unused-variable -g -O3 -fwrapv -I FSTAR_LIB/hyperstack -I spartan_aes -I crypto -I ../../../kremlin/kremlib -I ../../../kremlin/test -I C:/Build/Agent/_work/31/s/kremlin/kremlib -I tmp -maes -c tmp/Crypto_Plain.c -o tmp/Crypto_Plain.o
Warning 3: run_or_warn: the following command failed:
x86_64-w64-mingw32-gcc -Wno-unused-but-set-variable -std=c11 -D__USE_MINGW_ANSI_STDIO -Wall -Werror -Wno-parentheses -Wno-unused-variable -g -O3 -fwrapv -I FSTAR_LIB/hyperstack -I spartan_aes -I crypto -I ../../../kremlin/kremlib -I ../../../kremlin/test -I C:/Build/Agent/_work/31/s/kremlin/kremlib -I tmp -maes -c tmp/Crypto_Symmetric_PRF.c -o tmp/Crypto_Symmetric_PRF.o
Warning 3: run_or_warn: the following command failed:
x86_64-w64-mingw32-gcc -Wno-unused-but-set-variable -std=c11 -D__USE_MINGW_ANSI_STDIO -Wall -Werror -Wno-parentheses -Wno-unused-variable -g -O3 -fwrapv -I FSTAR_LIB/hyperstack -I spartan_aes -I crypto -I ../../../kremlin/kremlib -I ../../../kremlin/test -I C:/Build/Agent/_work/31/s/kremlin/kremlib -I tmp -maes -c tmp/Crypto_AEAD_Encoding.c -o tmp/Crypto_AEAD_Encoding.o
Warning 3: run_or_warn: the following command failed:
x86_64-w64-mingw32-gcc -Wno-unused-but-set-variable -std=c11 -D__USE_MINGW_ANSI_STDIO -Wall -Werror -Wno-parentheses -Wno-unused-variable -g -O3 -fwrapv -I FSTAR_LIB/hyperstack -I spartan_aes -I crypto -I ../../../kremlin/kremlib -I ../../../kremlin/test -I C:/Build/Agent/_work/31/s/kremlin/kremlib -I tmp -maes -c tmp/Crypto_AEAD_Invariant.c -o tmp/Crypto_AEAD_Invariant.o
Warning 3: run_or_warn: the following command failed:
x86_64-w64-mingw32-gcc -Wno-unused-but-set-variable -std=c11 -D__USE_MINGW_ANSI_STDIO -Wall -Werror -Wno-parentheses -Wno-unused-variable -g -O3 -fwrapv -I FSTAR_LIB/hyperstack -I spartan_aes -I crypto -I ../../../kremlin/kremlib -I ../../../kremlin/test -I C:/Build/Agent/_work/31/s/kremlin/kremlib -I tmp -maes -c tmp/Crypto_AEAD_Wrappers_Encoding.c -o tmp/Crypto_AEAD_Wrappers_Encoding.o
Warning 3: run_or_warn: the following command failed:
x86_64-w64-mingw32-gcc -Wno-unused-but-set-variable -std=c11 -D__USE_MINGW_ANSI_STDIO -Wall -Werror -Wno-parentheses -Wno-unused-variable -g -O3 -fwrapv -I FSTAR_LIB/hyperstack -I spartan_aes -I crypto -I ../../../kremlin/kremlib -I ../../../kremlin/test -I C:/Build/Agent/_work/31/s/kremlin/kremlib -I tmp -maes -c tmp/Crypto_AEAD_Wrappers_CMA.c -o tmp/Crypto_AEAD_Wrappers_CMA.o
Warning 3: run_or_warn: the following command failed:
x86_64-w64-mingw32-gcc -Wno-unused-but-set-variable -std=c11 -D__USE_MINGW_ANSI_STDIO -Wall -Werror -Wno-parentheses -Wno-unused-variable -g -O3 -fwrapv -I FSTAR_LIB/hyperstack -I spartan_aes -I crypto -I ../../../kremlin/kremlib -I ../../../kremlin/test -I C:/Build/Agent/_work/31/s/kremlin/kremlib -I tmp -maes -c tmp/Crypto_AEAD_Encrypt_Invariant.c -o tmp/Crypto_AEAD_Encrypt_Invariant.o
Warning 3: run_or_warn: the following command failed:
x86_64-w64-mingw32-gcc -Wno-unused-but-set-variable -std=c11 -D__USE_MINGW_ANSI_STDIO -Wall -Werror -Wno-parentheses -Wno-unused-variable -g -O3 -fwrapv -I FSTAR_LIB/hyperstack -I spartan_aes -I crypto -I ../../../kremlin/kremlib -I ../../../kremlin/test -I C:/Build/Agent/_work/31/s/kremlin/kremlib -I tmp -maes -c tmp/Crypto_AEAD_Wrappers_PRF.c -o tmp/Crypto_AEAD_Wrappers_PRF.o
Warning 3: run_or_warn: the following command failed:
x86_64-w64-mingw32-gcc -Wno-unused-but-set-variable -std=c11 -D__USE_MINGW_ANSI_STDIO -Wall -Werror -Wno-parentheses -Wno-unused-variable -g -O3 -fwrapv -I FSTAR_LIB/hyperstack -I spartan_aes -I crypto -I ../../../kremlin/kremlib -I ../../../kremlin/test -I C:/Build/Agent/_work/31/s/kremlin/kremlib -I tmp -maes -c tmp/Crypto_AEAD_EnxorDexor.c -o tmp/Crypto_AEAD_EnxorDexor.o
Warning 3: run_or_warn: the following command failed:
x86_64-w64-mingw32-gcc -Wno-unused-but-set-variable -std=c11 -D__USE_MINGW_ANSI_STDIO -Wall -Werror -Wno-parentheses -Wno-unused-variable -g -O3 -fwrapv -I FSTAR_LIB/hyperstack -I spartan_aes -I crypto -I ../../../kremlin/kremlib -I ../../../kremlin/test -I C:/Build/Agent/_work/31/s/kremlin/kremlib -I tmp -maes -c tmp/Crypto_AEAD_Encrypt_Ideal_Invariant.c -o tmp/Crypto_AEAD_Encrypt_Ideal_Invariant.o
Warning 3: run_or_warn: the following command failed:
x86_64-w64-mingw32-gcc -Wno-unused-but-set-variable -std=c11 -D__USE_MINGW_ANSI_STDIO -Wall -Werror -Wno-parentheses -Wno-unused-variable -g -O3 -fwrapv -I FSTAR_LIB/hyperstack -I spartan_aes -I crypto -I ../../../kremlin/kremlib -I ../../../kremlin/test -I C:/Build/Agent/_work/31/s/kremlin/kremlib -I tmp -maes -c tmp/Crypto_AEAD_MAC_Wrapper_Invariant.c -o tmp/Crypto_AEAD_MAC_Wrapper_Invariant.o
Warning 3: run_or_warn: the following command failed:
x86_64-w64-mingw32-gcc -Wno-unused-but-set-variable -std=c11 -D__USE_MINGW_ANSI_STDIO -Wall -Werror -Wno-parentheses -Wno-unused-variable -g -O3 -fwrapv -I FSTAR_LIB/hyperstack -I spartan_aes -I crypto -I ../../../kremlin/kremlib -I ../../../kremlin/test -I C:/Build/Agent/_work/31/s/kremlin/kremlib -I tmp -maes -c tmp/Crypto_AEAD_Enxor_Invariant.c -o tmp/Crypto_AEAD_Enxor_Invariant.o
Warning 3: run_or_warn: the following command failed:
x86_64-w64-mingw32-gcc -Wno-unused-but-set-variable -std=c11 -D__USE_MINGW_ANSI_STDIO -Wall -Werror -Wno-parentheses -Wno-unused-variable -g -O3 -fwrapv -I FSTAR_LIB/hyperstack -I spartan_aes -I crypto -I ../../../kremlin/kremlib -I ../../../kremlin/test -I C:/Build/Agent/_work/31/s/kremlin/kremlib -I tmp -maes -c tmp/Crypto_AEAD_Encrypt.c -o tmp/Crypto_AEAD_Encrypt.o
Warning 3: run_or_warn: the following command failed:
x86_64-w64-mingw32-gcc -Wno-unused-but-set-variable -std=c11 -D__USE_MINGW_ANSI_STDIO -Wall -Werror -Wno-parentheses -Wno-unused-variable -g -O3 -fwrapv -I FSTAR_LIB/hyperstack -I spartan_aes -I crypto -I ../../../kremlin/kremlib -I ../../../kremlin/test -I C:/Build/Agent/_work/31/s/kremlin/kremlib -I tmp -maes -c tmp/Crypto_AEAD_Decrypt.c -o tmp/Crypto_AEAD_Decrypt.o
Warning 3: run_or_warn: the following command failed:
x86_64-w64-mingw32-gcc -Wno-unused-but-set-variable -std=c11 -D__USE_MINGW_ANSI_STDIO -Wall -Werror -Wno-parentheses -Wno-unused-variable -g -O3 -fwrapv -I FSTAR_LIB/hyperstack -I spartan_aes -I crypto -I ../../../kremlin/kremlib -I ../../../kremlin/test -I C:/Build/Agent/_work/31/s/kremlin/kremlib -I tmp -maes -c tmp/Crypto_AEAD.c -o tmp/Crypto_AEAD.o
Warning 3: run_or_warn: the following command failed:
x86_64-w64-mingw32-gcc -Wno-unused-but-set-variable -std=c11 -D__USE_MINGW_ANSI_STDIO -Wall -Werror -Wno-parentheses -Wno-unused-variable -g -O3 -fwrapv -I FSTAR_LIB/hyperstack -I spartan_aes -I crypto -I ../../../kremlin/kremlib -I ../../../kremlin/test -I C:/Build/Agent/_work/31/s/kremlin/kremlib -I tmp -maes -c tmp/Crypto_KrmlTest.c -o tmp/Crypto_KrmlTest.o
Warning 3: run_or_warn: the following command failed:
x86_64-w64-mingw32-gcc -Wno-unused-but-set-variable -std=c11 -D__USE_MINGW_ANSI_STDIO -Wall -Werror -Wno-parentheses -Wno-unused-variable -g -O3 -fwrapv -I FSTAR_LIB/hyperstack -I spartan_aes -I crypto -I ../../../kremlin/kremlib -I ../../../kremlin/test -I C:/Build/Agent/_work/31/s/kremlin/kremlib -I tmp -maes -c C:/Build/Agent/_work/31/s/kremlin/kremlib/kremlib.c -o tmp/kremlib.o
Warning 3: run_or_warn: the following command failed:
x86_64-w64-mingw32-gcc -Wno-unused-but-set-variable -std=c11 -D__USE_MINGW_ANSI_STDIO -Wall -Werror -Wno-parentheses -Wno-unused-variable -g -O3 -fwrapv -I FSTAR_LIB/hyperstack -I spartan_aes -I crypto -I ../../../kremlin/kremlib -I ../../../kremlin/test -I C:/Build/Agent/_work/31/s/kremlin/kremlib -I tmp -maes -c crypto/test_hacks.c -o tmp/test_hacks.o
Warning 3: run_or_warn: the following command failed:
x86_64-w64-mingw32-gcc -Wno-unused-but-set-variable -std=c11 -D__USE_MINGW_ANSI_STDIO -Wall -Werror -Wno-parentheses -Wno-unused-variable -g -O3 -fwrapv -I FSTAR_LIB/hyperstack -I spartan_aes -I crypto -I ../../../kremlin/kremlib -I ../../../kremlin/test -I C:/Build/Agent/_work/31/s/kremlin/kremlib -I tmp -maes tmp/testlib.o tmp/spartan_stub.o spartan_aes/aes.o -o krml-test.exe
make: *** [Makefile:205: krml-test.exe] Error 250
ffi.c:1:0: warning: -fPIC ignored for target (all code is position independent)
#include <stdio.h>
^
Warning 6: in the definition of buf, after the definition of m0, in top-level declaration Crypto.Symmetric.Bytes.random_bytes, in file Crypto_Symmetric_Bytes: stack newbuf 0uint8 @1 is a non-constant size, stack-allocated array; this is not supported by CompCert
Warning 6: in the definition of state, in top-level declaration Crypto.Symmetric.AES.cipher, in file Crypto_Symmetric_AES: stack newbuf 0uint8 Crypto.Symmetric.AES.blocklen is a non-constant size, stack-allocated array; this is not supported by CompCert
Warning 6: in the definition of state, in top-level declaration Crypto.Symmetric.AES.inv_cipher, in file Crypto_Symmetric_AES: stack newbuf 0uint8 Crypto.Symmetric.AES.blocklen is a non-constant size, stack-allocated array; this is not supported by CompCert
Warning 6: in the definition of state, in top-level declaration Crypto.Symmetric.AES128.cipher, in file Crypto_Symmetric_AES128: stack newbuf 0uint8 Crypto.Symmetric.AES128.blocklen is a non-constant size, stack-allocated array; this is not supported by CompCert
Warning 6: in the definition of state, in top-level declaration Crypto.Symmetric.AES128.inv_cipher, in file Crypto_Symmetric_AES128: stack newbuf 0uint8 Crypto.Symmetric.AES128.blocklen is a non-constant size, stack-allocated array; this is not supported by CompCert
Warning 6: in top-level declaration Crypto.Symmetric.MAC.rcreate, in file Crypto_Symmetric_MAC: eternal newbuf 0uint8 Crypto.Symmetric.MAC.wlen is a non-constant size, stack-allocated array; this is not supported by CompCert
Warning 6: in the definition of k, in top-level declaration Crypto.Symmetric.UF1CMA.akey_gen, in file Crypto_Symmetric_UF1CMA: eternal newbuf 0uint8 Crypto.Symmetric.UF1CMA.skeylen @0 is a non-constant size, stack-allocated array; this is not supported by CompCert
Warning 6: in the definition of sk, in top-level declaration Crypto.Symmetric.UF1CMA.akey_coerce, in file Crypto_Symmetric_UF1CMA: eternal newbuf 0uint8 Crypto.Symmetric.UF1CMA.skeylen @1 is a non-constant size, stack-allocated array; this is not supported by CompCert
Warning 6: in the definition of k, after the definition of len, in top-level declaration Crypto.Symmetric.UF1CMA.gen, in file Crypto_Symmetric_UF1CMA: eternal newbuf 0uint8 @0 is a non-constant size, stack-allocated array; this is not supported by CompCert
Warning 6: in top-level declaration Crypto.Plain.create, in file Crypto_Plain: stack newbuf @1 @0 is a non-constant size, stack-allocated array; this is not supported by CompCert
Warning 6: in the definition of keystate, after the definition of mac_rgn, in top-level declaration Crypto.Symmetric.PRF.gen, in file Crypto_Symmetric_PRF: eternal newbuf 0uint8 Crypto.Symmetric.PRF.statelen @1 is a non-constant size, stack-allocated array; this is not supported by CompCert
Warning 6: in the definition of key, after the definition of keystate, in top-level declaration Crypto.Symmetric.PRF.gen, in file Crypto_Symmetric_PRF: stack newbuf 0uint8 Crypto.Symmetric.PRF.keylen @2 is a non-constant size, stack-allocated array; this is not supported by CompCert
Warning 6: in the definition of keystate, after the definition of mac_rgn, in top-level declaration Crypto.Symmetric.PRF.coerce, in file Crypto_Symmetric_PRF: eternal newbuf 0uint8 Crypto.Symmetric.PRF.statelen @2 is a non-constant size, stack-allocated array; this is not supported by CompCert
Warning 6: in the definition of keyBuffer, after the definition of macId, in top-level declaration Crypto.Symmetric.PRF.prf_mac, in file Crypto_Symmetric_PRF: eternal newbuf 0uint8 Crypto.Symmetric.UF1CMA.keylen @5 is a non-constant size, stack-allocated array; this is not supported by CompCert
Warning 6: in the definition of keyBuffer, after the definition of x, in top-level declaration Crypto.Symmetric.PRF.prf_sk0, in file Crypto_Symmetric_PRF: eternal newbuf 0uint8 Crypto.Symmetric.UF1CMA.skeylen @3 is a non-constant size, stack-allocated array; this is not supported by CompCert
Warning 6: in the definition of cipher, after the definition of cipherlen, in top-level declaration Crypto.KrmlTest.test, in file Crypto_KrmlTest: stack newbuf 0uint8 @0 is a non-constant size, stack-allocated array; this is not supported by CompCert
Warning 6: in the definition of cipher, after the definition of cipherlen, in top-level declaration Crypto.KrmlTest.test_aes_gcm, in file Crypto_KrmlTest: stack newbuf 2uint8 @0 is a non-constant size, stack-allocated array; this is not supported by CompCert
Warning 6: in the definition of plain, after the definition of plainlen, in top-level declaration Crypto.KrmlTest.test_aes_gcm_0, in file Crypto_KrmlTest: stack newbuf 0uint8 @0 is a non-constant size, stack-allocated array; this is not supported by CompCert
Warning 6: in the definition of aad, after the definition of aadlen, in top-level declaration Crypto.KrmlTest.test_aes_gcm_0, in file Crypto_KrmlTest: stack newbuf 0uint8 @0 is a non-constant size, stack-allocated array; this is not supported by CompCert
Warning 6: in the definition of plain, after the definition of plainlen, in top-level declaration Crypto.KrmlTest.test_aes_gcm_1, in file Crypto_KrmlTest: stack newbuf 0uint8 @0 is a non-constant size, stack-allocated array; this is not supported by CompCert
Warning 6: in the definition of aad, after the definition of aadlen, in top-level declaration Crypto.KrmlTest.test_aes_gcm_1, in file Crypto_KrmlTest: stack newbuf 0uint8 @0 is a non-constant size, stack-allocated array; this is not supported by CompCert
Warning 6: in the definition of plain, after the definition of plainlen, in top-level declaration Crypto.KrmlTest.test_aes_gcm_2, in file Crypto_KrmlTest: stack newbuf 0uint8 @0 is a non-constant size, stack-allocated array; this is not supported by CompCert
Warning 6: in the definition of aad, after the definition of aadlen, in top-level declaration Crypto.KrmlTest.test_aes_gcm_2, in file Crypto_KrmlTest: stack newbuf 0uint8 @0 is a non-constant size, stack-allocated array; this is not supported by CompCert
Warning 6: in the definition of aad, after the definition of aadlen, in top-level declaration Crypto.KrmlTest.test_aes_gcm_3, in file Crypto_KrmlTest: stack newbuf 0uint8 @0 is a non-constant size, stack-allocated array; this is not supported by CompCert
Warning 7: : After inlining, Crypto.Symmetric.Poly1305.Spec.field_mul calls FStar.Mul.op_Star -- removing the static qualifier from FStar.Mul.op_Star
Warning 7: : After inlining, Crypto.AEAD.Encrypt.encrypt calls Crypto.AEAD.Encoding.add_bytes -- removing the static qualifier from Crypto.AEAD.Encoding.add_bytes
Warning 7: : After inlining, Crypto.AEAD.Encrypt.encrypt calls Crypto.AEAD.Encoding.store_lengths_poly1305 -- removing the static qualifier from Crypto.AEAD.Encoding.store_lengths_poly1305
Warning 7: : After inlining, Crypto.AEAD.Encrypt.encrypt calls Crypto.AEAD.Encoding.store_lengths_ghash -- removing the static qualifier from Crypto.AEAD.Encoding.store_lengths_ghash
Warning 7: : After inlining, Crypto.AEAD.Encrypt.encrypt calls Crypto.Symmetric.PRF.getBlock -- removing the static qualifier from Crypto.Symmetric.PRF.getBlock
Warning 3: run_or_warn: the following command failed:
x86_64-w64-mingw32-gcc -Wno-unused-but-set-variable -std=c11 -D__USE_MINGW_ANSI_STDIO -Wall -Werror -Wno-parentheses -Wno-unused-variable -g -O3 -fwrapv -I FSTAR_LIB/hyperstack -I spartan_aes -I crypto -I ../../../kremlin/kremlib -I ../../../kremlin/test -I C:/Build/Agent/_work/31/s/kremlin/kremlib -I tmp -maes -c tmp/Prims.c -o tmp/Prims.o
Warning 3: run_or_warn: the following command failed:
x86_64-w64-mingw32-gcc -Wno-unused-but-set-variable -std=c11 -D__USE_MINGW_ANSI_STDIO -Wall -Werror -Wno-parentheses -Wno-unused-variable -g -O3 -fwrapv -I FSTAR_LIB/hyperstack -I spartan_aes -I crypto -I ../../../kremlin/kremlib -I ../../../kremlin/test -I C:/Build/Agent/_work/31/s/kremlin/kremlib -I tmp -maes -c tmp/Buffer_Utils.c -o tmp/Buffer_Utils.o
Warning 3: run_or_warn: the following command failed:
x86_64-w64-mingw32-gcc -Wno-unused-but-set-variable -std=c11 -D__USE_MINGW_ANSI_STDIO -Wall -Werror -Wno-parentheses -Wno-unused-variable -g -O3 -fwrapv -I FSTAR_LIB/hyperstack -I spartan_aes -I crypto -I ../../../kremlin/kremlib -I ../../../kremlin/test -I C:/Build/Agent/_work/31/s/kremlin/kremlib -I tmp -maes -c tmp/FStar.c -o tmp/FStar.o
Warning 3: run_or_warn: the following command failed:
x86_64-w64-mingw32-gcc -Wno-unused-but-set-variable -std=c11 -D__USE_MINGW_ANSI_STDIO -Wall -Werror -Wno-parentheses -Wno-unused-variable -g -O3 -fwrapv -I FSTAR_LIB/hyperstack -I spartan_aes -I crypto -I ../../../kremlin/kremlib -I ../../../kremlin/test -I C:/Build/Agent/_work/31/s/kremlin/kremlib -I tmp -maes -c tmp/Crypto_Symmetric_Bytes.c -o tmp/Crypto_Symmetric_Bytes.o
Warning 3: run_or_warn: the following command failed:
x86_64-w64-mingw32-gcc -Wno-unused-but-set-variable -std=c11 -D__USE_MINGW_ANSI_STDIO -Wall -Werror -Wno-parentheses -Wno-unused-variable -g -O3 -fwrapv -I FSTAR_LIB/hyperstack -I spartan_aes -I crypto -I ../../../kremlin/kremlib -I ../../../kremlin/test -I C:/Build/Agent/_work/31/s/kremlin/kremlib -I tmp -maes -c tmp/Crypto_Symmetric_Poly1305_Spec.c -o tmp/Crypto_Symmetric_Poly1305_Spec.o
Warning 3: run_or_warn: the following command failed:
x86_64-w64-mingw32-gcc -Wno-unused-but-set-variable -std=c11 -D__USE_MINGW_ANSI_STDIO -Wall -Werror -Wno-parentheses -Wno-unused-variable -g -O3 -fwrapv -I FSTAR_LIB/hyperstack -I spartan_aes -I crypto -I ../../../kremlin/kremlib -I ../../../kremlin/test -I C:/Build/Agent/_work/31/s/kremlin/kremlib -I tmp -maes -c tmp/Crypto_Symmetric_Poly1305_Parameters.c -o tmp/Crypto_Symmetric_Poly1305_Parameters.o
Warning 3: run_or_warn: the following command failed:
x86_64-w64-mingw32-gcc -Wno-unused-but-set-variable -std=c11 -D__USE_MINGW_ANSI_STDIO -Wall -Werror -Wno-parentheses -Wno-unused-variable -g -O3 -fwrapv -I FSTAR_LIB/hyperstack -I spartan_aes -I crypto -I ../../../kremlin/kremlib -I ../../../kremlin/test -I C:/Build/Agent/_work/31/s/kremlin/kremlib -I tmp -maes -c tmp/Crypto_Symmetric_Poly1305_Bigint.c -o tmp/Crypto_Symmetric_Poly1305_Bigint.o
Warning 3: run_or_warn: the following command failed:
x86_64-w64-mingw32-gcc -Wno-unused-but-set-variable -std=c11 -D__USE_MINGW_ANSI_STDIO -Wall -Werror -Wno-parentheses -Wno-unused-variable -g -O3 -fwrapv -I FSTAR_LIB/hyperstack -I spartan_aes -I crypto -I ../../../kremlin/kremlib -I ../../../kremlin/test -I C:/Build/Agent/_work/31/s/kremlin/kremlib -I tmp -maes -c tmp/Crypto_Symmetric_Poly1305_Bignum_Lemmas_Part1.c -o tmp/Crypto_Symmetric_Poly1305_Bignum_Lemmas_Part1.o
Warning 3: run_or_warn: the following command failed:
x86_64-w64-mingw32-gcc -Wno-unused-but-set-variable -std=c11 -D__USE_MINGW_ANSI_STDIO -Wall -Werror -Wno-parentheses -Wno-unused-variable -g -O3 -fwrapv -I FSTAR_LIB/hyperstack -I spartan_aes -I crypto -I ../../../kremlin/kremlib -I ../../../kremlin/test -I C:/Build/Agent/_work/31/s/kremlin/kremlib -I tmp -maes -c tmp/Crypto_Symmetric_Poly1305_Bignum_Lemmas_Part2.c -o tmp/Crypto_Symmetric_Poly1305_Bignum_Lemmas_Part2.o
Warning 3: run_or_warn: the following command failed:
x86_64-w64-mingw32-gcc -Wno-unused-but-set-variable -std=c11 -D__USE_MINGW_ANSI_STDIO -Wall -Werror -Wno-parentheses -Wno-unused-variable -g -O3 -fwrapv -I FSTAR_LIB/hyperstack -I spartan_aes -I crypto -I ../../../kremlin/kremlib -I ../../../kremlin/test -I C:/Build/Agent/_work/31/s/kremlin/kremlib -I tmp -maes -c tmp/Crypto_AEAD_BufferUtils.c -o tmp/Crypto_AEAD_BufferUtils.o
Warning 3: run_or_warn: the following command failed:
x86_64-w64-mingw32-gcc -Wno-unused-but-set-variable -std=c11 -D__USE_MINGW_ANSI_STDIO -Wall -Werror -Wno-parentheses -Wno-unused-variable -g -O3 -fwrapv -I FSTAR_LIB/hyperstack -I spartan_aes -I crypto -I ../../../kremlin/kremlib -I ../../../kremlin/test -I C:/Build/Agent/_work/31/s/kremlin/kremlib -I tmp -maes -c tmp/Crypto_Symmetric_Poly1305_Bignum_Lemmas_Part3.c -o tmp/Crypto_Symmetric_Poly1305_Bignum_Lemmas_Part3.o
Warning 3: run_or_warn: the following command failed:
x86_64-w64-mingw32-gcc -Wno-unused-but-set-variable -std=c11 -D__USE_MINGW_ANSI_STDIO -Wall -Werror -Wno-parentheses -Wno-unused-variable -g -O3 -fwrapv -I FSTAR_LIB/hyperstack -I spartan_aes -I crypto -I ../../../kremlin/kremlib -I ../../../kremlin/test -I C:/Build/Agent/_work/31/s/kremlin/kremlib -I tmp -maes -c tmp/Crypto_Symmetric_Poly1305_Bignum_Lemmas_Part4.c -o tmp/Crypto_Symmetric_Poly1305_Bignum_Lemmas_Part4.o
Warning 3: run_or_warn: the following command failed:
x86_64-w64-mingw32-gcc -Wno-unused-but-set-variable -std=c11 -D__USE_MINGW_ANSI_STDIO -Wall -Werror -Wno-parentheses -Wno-unused-variable -g -O3 -fwrapv -I FSTAR_LIB/hyperstack -I spartan_aes -I crypto -I ../../../kremlin/kremlib -I ../../../kremlin/test -I C:/Build/Agent/_work/31/s/kremlin/kremlib -I tmp -maes -c tmp/Crypto_Symmetric_Poly1305_Bignum_Lemmas_Part5.c -o tmp/Crypto_Symmetric_Poly1305_Bignum_Lemmas_Part5.o
Warning 3: run_or_warn: the following command failed:
x86_64-w64-mingw32-gcc -Wno-unused-but-set-variable -std=c11 -D__USE_MINGW_ANSI_STDIO -Wall -Werror -Wno-parentheses -Wno-unused-variable -g -O3 -fwrapv -I FSTAR_LIB/hyperstack -I spartan_aes -I crypto -I ../../../kremlin/kremlib -I ../../../kremlin/test -I C:/Build/Agent/_work/31/s/kremlin/kremlib -I tmp -maes -c tmp/Crypto_Symmetric_Chacha20.c -o tmp/Crypto_Symmetric_Chacha20.o
Warning 3: run_or_warn: the following command failed:
x86_64-w64-mingw32-gcc -Wno-unused-but-set-variable -std=c11 -D__USE_MINGW_ANSI_STDIO -Wall -Werror -Wno-parentheses -Wno-unused-variable -g -O3 -fwrapv -I FSTAR_LIB/hyperstack -I spartan_aes -I crypto -I ../../../kremlin/kremlib -I ../../../kremlin/test -I C:/Build/Agent/_work/31/s/kremlin/kremlib -I tmp -maes -c tmp/Crypto_Config.c -o tmp/Crypto_Config.o
Warning 3: run_or_warn: the following command failed:
x86_64-w64-mingw32-gcc -Wno-unused-but-set-variable -std=c11 -D__USE_MINGW_ANSI_STDIO -Wall -Werror -Wno-parentheses -Wno-unused-variable -g -O3 -fwrapv -I FSTAR_LIB/hyperstack -I spartan_aes -I crypto -I ../../../kremlin/kremlib -I ../../../kremlin/test -I C:/Build/Agent/_work/31/s/kremlin/kremlib -I tmp -maes -c tmp/Crypto_Indexing.c -o tmp/Crypto_Indexing.o
Warning 3: run_or_warn: the following command failed:
x86_64-w64-mingw32-gcc -Wno-unused-but-set-variable -std=c11 -D__USE_MINGW_ANSI_STDIO -Wall -Werror -Wno-parentheses -Wno-unused-variable -g -O3 -fwrapv -I FSTAR_LIB/hyperstack -I spartan_aes -I crypto -I ../../../kremlin/kremlib -I ../../../kremlin/test -I C:/Build/Agent/_work/31/s/kremlin/kremlib -I tmp -maes -c tmp/Flag.c -o tmp/Flag.o
Warning 3: run_or_warn: the following command failed:
x86_64-w64-mingw32-gcc -Wno-unused-but-set-variable -std=c11 -D__USE_MINGW_ANSI_STDIO -Wall -Werror -Wno-parentheses -Wno-unused-variable -g -O3 -fwrapv -I FSTAR_LIB/hyperstack -I spartan_aes -I crypto -I ../../../kremlin/kremlib -I ../../../kremlin/test -I C:/Build/Agent/_work/31/s/kremlin/kremlib -I tmp -maes -c tmp/Crypto_Symmetric_AES.c -o tmp/Crypto_Symmetric_AES.o
Warning 3: run_or_warn: the following command failed:
x86_64-w64-mingw32-gcc -Wno-unused-but-set-variable -std=c11 -D__USE_MINGW_ANSI_STDIO -Wall -Werror -Wno-parentheses -Wno-unused-variable -g -O3 -fwrapv -I FSTAR_LIB/hyperstack -I spartan_aes -I crypto -I ../../../kremlin/kremlib -I ../../../kremlin/test -I C:/Build/Agent/_work/31/s/kremlin/kremlib -I tmp -maes -c tmp/Spartan.c -o tmp/Spartan.o
Warning 3: run_or_warn: the following command failed:
x86_64-w64-mingw32-gcc -Wno-unused-but-set-variable -std=c11 -D__USE_MINGW_ANSI_STDIO -Wall -Werror -Wno-parentheses -Wno-unused-variable -g -O3 -fwrapv -I FSTAR_LIB/hyperstack -I spartan_aes -I crypto -I ../../../kremlin/kremlib -I ../../../kremlin/test -I C:/Build/Agent/_work/31/s/kremlin/kremlib -I tmp -maes -c tmp/Crypto_Symmetric_AES128.c -o tmp/Crypto_Symmetric_AES128.o
Warning 3: run_or_warn: the following command failed:
x86_64-w64-mingw32-gcc -Wno-unused-but-set-variable -std=c11 -D__USE_MINGW_ANSI_STDIO -Wall -Werror -Wno-parentheses -Wno-unused-variable -g -O3 -fwrapv -I FSTAR_LIB/hyperstack -I spartan_aes -I crypto -I ../../../kremlin/kremlib -I ../../../kremlin/test -I C:/Build/Agent/_work/31/s/kremlin/kremlib -I tmp -maes -c tmp/Crypto_Symmetric_Cipher.c -o tmp/Crypto_Symmetric_Cipher.o
Warning 3: run_or_warn: the following command failed:
x86_64-w64-mingw32-gcc -Wno-unused-but-set-variable -std=c11 -D__USE_MINGW_ANSI_STDIO -Wall -Werror -Wno-parentheses -Wno-unused-variable -g -O3 -fwrapv -I FSTAR_LIB/hyperstack -I spartan_aes -I crypto -I ../../../kremlin/kremlib -I ../../../kremlin/test -I C:/Build/Agent/_work/31/s/kremlin/kremlib -I tmp -maes -c tmp/Crypto_Symmetric_Poly1305_Lemmas.c -o tmp/Crypto_Symmetric_Poly1305_Lemmas.o
Warning 3: run_or_warn: the following command failed:
x86_64-w64-mingw32-gcc -Wno-unused-but-set-variable -std=c11 -D__USE_MINGW_ANSI_STDIO -Wall -Werror -Wno-parentheses -Wno-unused-variable -g -O3 -fwrapv -I FSTAR_LIB/hyperstack -I spartan_aes -I crypto -I ../../../kremlin/kremlib -I ../../../kremlin/test -I C:/Build/Agent/_work/31/s/kremlin/kremlib -I tmp -maes -c tmp/Crypto_Symmetric_Poly1305_Bignum_Lemmas_Part6.c -o tmp/Crypto_Symmetric_Poly1305_Bignum_Lemmas_Part6.o
Warning 3: run_or_warn: the following command failed:
x86_64-w64-mingw32-gcc -Wno-unused-but-set-variable -std=c11 -D__USE_MINGW_ANSI_STDIO -Wall -Werror -Wno-parentheses -Wno-unused-variable -g -O3 -fwrapv -I FSTAR_LIB/hyperstack -I spartan_aes -I crypto -I ../../../kremlin/kremlib -I ../../../kremlin/test -I C:/Build/Agent/_work/31/s/kremlin/kremlib -I tmp -maes -c tmp/Crypto_Symmetric_Poly1305_Bignum.c -o tmp/Crypto_Symmetric_Poly1305_Bignum.o
Warning 3: run_or_warn: the following command failed:
x86_64-w64-mingw32-gcc -Wno-unused-but-set-variable -std=c11 -D__USE_MINGW_ANSI_STDIO -Wall -Werror -Wno-parentheses -Wno-unused-variable -g -O3 -fwrapv -I FSTAR_LIB/hyperstack -I spartan_aes -I crypto -I ../../../kremlin/kremlib -I ../../../kremlin/test -I C:/Build/Agent/_work/31/s/kremlin/kremlib -I tmp -maes -c tmp/Crypto_Symmetric_Poly1305.c -o tmp/Crypto_Symmetric_Poly1305.o
Warning 3: run_or_warn: the following command failed:
x86_64-w64-mingw32-gcc -Wno-unused-but-set-variable -std=c11 -D__USE_MINGW_ANSI_STDIO -Wall -Werror -Wno-parentheses -Wno-unused-variable -g -O3 -fwrapv -I FSTAR_LIB/hyperstack -I spartan_aes -I crypto -I ../../../kremlin/kremlib -I ../../../kremlin/test -I C:/Build/Agent/_work/31/s/kremlin/kremlib -I tmp -maes -c tmp/Crypto_Symmetric_GF128_Spec.c -o tmp/Crypto_Symmetric_GF128_Spec.o
Warning 3: run_or_warn: the following command failed:
x86_64-w64-mingw32-gcc -Wno-unused-but-set-variable -std=c11 -D__USE_MINGW_ANSI_STDIO -Wall -Werror -Wno-parentheses -Wno-unused-variable -g -O3 -fwrapv -I FSTAR_LIB/hyperstack -I spartan_aes -I crypto -I ../../../kremlin/kremlib -I ../../../kremlin/test -I C:/Build/Agent/_work/31/s/kremlin/kremlib -I tmp -maes -c tmp/Crypto_Symmetric_GF128.c -o tmp/Crypto_Symmetric_GF128.o
Warning 3: run_or_warn: the following command failed:
x86_64-w64-mingw32-gcc -Wno-unused-but-set-variable -std=c11 -D__USE_MINGW_ANSI_STDIO -Wall -Werror -Wno-parentheses -Wno-unused-variable -g -O3 -fwrapv -I FSTAR_LIB/hyperstack -I spartan_aes -I crypto -I ../../../kremlin/kremlib -I ../../../kremlin/test -I C:/Build/Agent/_work/31/s/kremlin/kremlib -I tmp -maes -c tmp/Crypto_Symmetric_MAC.c -o tmp/Crypto_Symmetric_MAC.o
Warning 3: run_or_warn: the following command failed:
x86_64-w64-mingw32-gcc -Wno-unused-but-set-variable -std=c11 -D__USE_MINGW_ANSI_STDIO -Wall -Werror -Wno-parentheses -Wno-unused-variable -g -O3 -fwrapv -I FSTAR_LIB/hyperstack -I spartan_aes -I crypto -I ../../../kremlin/kremlib -I ../../../kremlin/test -I C:/Build/Agent/_work/31/s/kremlin/kremlib -I tmp -maes -c tmp/Crypto_Symmetric_UF1CMA.c -o tmp/Crypto_Symmetric_UF1CMA.o
Warning 3: run_or_warn: the following command failed:
x86_64-w64-mingw32-gcc -Wno-unused-but-set-variable -std=c11 -D__USE_MINGW_ANSI_STDIO -Wall -Werror -Wno-parentheses -Wno-unused-variable -g -O3 -fwrapv -I FSTAR_LIB/hyperstack -I spartan_aes -I crypto -I ../../../kremlin/kremlib -I ../../../kremlin/test -I C:/Build/Agent/_work/31/s/kremlin/kremlib -I tmp -maes -c tmp/Crypto_Plain.c -o tmp/Crypto_Plain.o
Warning 3: run_or_warn: the following command failed:
x86_64-w64-mingw32-gcc -Wno-unused-but-set-variable -std=c11 -D__USE_MINGW_ANSI_STDIO -Wall -Werror -Wno-parentheses -Wno-unused-variable -g -O3 -fwrapv -I FSTAR_LIB/hyperstack -I spartan_aes -I crypto -I ../../../kremlin/kremlib -I ../../../kremlin/test -I C:/Build/Agent/_work/31/s/kremlin/kremlib -I tmp -maes -c tmp/Crypto_Symmetric_PRF.c -o tmp/Crypto_Symmetric_PRF.o
Warning 3: run_or_warn: the following command failed:
x86_64-w64-mingw32-gcc -Wno-unused-but-set-variable -std=c11 -D__USE_MINGW_ANSI_STDIO -Wall -Werror -Wno-parentheses -Wno-unused-variable -g -O3 -fwrapv -I FSTAR_LIB/hyperstack -I spartan_aes -I crypto -I ../../../kremlin/kremlib -I ../../../kremlin/test -I C:/Build/Agent/_work/31/s/kremlin/kremlib -I tmp -maes -c tmp/Crypto_AEAD_Encoding.c -o tmp/Crypto_AEAD_Encoding.o
Warning 3: run_or_warn: the following command failed:
x86_64-w64-mingw32-gcc -Wno-unused-but-set-variable -std=c11 -D__USE_MINGW_ANSI_STDIO -Wall -Werror -Wno-parentheses -Wno-unused-variable -g -O3 -fwrapv -I FSTAR_LIB/hyperstack -I spartan_aes -I crypto -I ../../../kremlin/kremlib -I ../../../kremlin/test -I C:/Build/Agent/_work/31/s/kremlin/kremlib -I tmp -maes -c tmp/Crypto_AEAD_Invariant.c -o tmp/Crypto_AEAD_Invariant.o
Warning 3: run_or_warn: the following command failed:
x86_64-w64-mingw32-gcc -Wno-unused-but-set-variable -std=c11 -D__USE_MINGW_ANSI_STDIO -Wall -Werror -Wno-parentheses -Wno-unused-variable -g -O3 -fwrapv -I FSTAR_LIB/hyperstack -I spartan_aes -I crypto -I ../../../kremlin/kremlib -I ../../../kremlin/test -I C:/Build/Agent/_work/31/s/kremlin/kremlib -I tmp -maes -c tmp/Crypto_AEAD_Wrappers_Encoding.c -o tmp/Crypto_AEAD_Wrappers_Encoding.o
Warning 3: run_or_warn: the following command failed:
x86_64-w64-mingw32-gcc -Wno-unused-but-set-variable -std=c11 -D__USE_MINGW_ANSI_STDIO -Wall -Werror -Wno-parentheses -Wno-unused-variable -g -O3 -fwrapv -I FSTAR_LIB/hyperstack -I spartan_aes -I crypto -I ../../../kremlin/kremlib -I ../../../kremlin/test -I C:/Build/Agent/_work/31/s/kremlin/kremlib -I tmp -maes -c tmp/Crypto_AEAD_Wrappers_CMA.c -o tmp/Crypto_AEAD_Wrappers_CMA.o
Warning 3: run_or_warn: the following command failed:
x86_64-w64-mingw32-gcc -Wno-unused-but-set-variable -std=c11 -D__USE_MINGW_ANSI_STDIO -Wall -Werror -Wno-parentheses -Wno-unused-variable -g -O3 -fwrapv -I FSTAR_LIB/hyperstack -I spartan_aes -I crypto -I ../../../kremlin/kremlib -I ../../../kremlin/test -I C:/Build/Agent/_work/31/s/kremlin/kremlib -I tmp -maes -c tmp/Crypto_AEAD_Encrypt_Invariant.c -o tmp/Crypto_AEAD_Encrypt_Invariant.o
Warning 3: run_or_warn: the following command failed:
x86_64-w64-mingw32-gcc -Wno-unused-but-set-variable -std=c11 -D__USE_MINGW_ANSI_STDIO -Wall -Werror -Wno-parentheses -Wno-unused-variable -g -O3 -fwrapv -I FSTAR_LIB/hyperstack -I spartan_aes -I crypto -I ../../../kremlin/kremlib -I ../../../kremlin/test -I C:/Build/Agent/_work/31/s/kremlin/kremlib -I tmp -maes -c tmp/Crypto_AEAD_Wrappers_PRF.c -o tmp/Crypto_AEAD_Wrappers_PRF.o
Warning 3: run_or_warn: the following command failed:
x86_64-w64-mingw32-gcc -Wno-unused-but-set-variable -std=c11 -D__USE_MINGW_ANSI_STDIO -Wall -Werror -Wno-parentheses -Wno-unused-variable -g -O3 -fwrapv -I FSTAR_LIB/hyperstack -I spartan_aes -I crypto -I ../../../kremlin/kremlib -I ../../../kremlin/test -I C:/Build/Agent/_work/31/s/kremlin/kremlib -I tmp -maes -c tmp/Crypto_AEAD_EnxorDexor.c -o tmp/Crypto_AEAD_EnxorDexor.o
Warning 3: run_or_warn: the following command failed:
x86_64-w64-mingw32-gcc -Wno-unused-but-set-variable -std=c11 -D__USE_MINGW_ANSI_STDIO -Wall -Werror -Wno-parentheses -Wno-unused-variable -g -O3 -fwrapv -I FSTAR_LIB/hyperstack -I spartan_aes -I crypto -I ../../../kremlin/kremlib -I ../../../kremlin/test -I C:/Build/Agent/_work/31/s/kremlin/kremlib -I tmp -maes -c tmp/Crypto_AEAD_Encrypt_Ideal_Invariant.c -o tmp/Crypto_AEAD_Encrypt_Ideal_Invariant.o
Warning 3: run_or_warn: the following command failed:
x86_64-w64-mingw32-gcc -Wno-unused-but-set-variable -std=c11 -D__USE_MINGW_ANSI_STDIO -Wall -Werror -Wno-parentheses -Wno-unused-variable -g -O3 -fwrapv -I FSTAR_LIB/hyperstack -I spartan_aes -I crypto -I ../../../kremlin/kremlib -I ../../../kremlin/test -I C:/Build/Agent/_work/31/s/kremlin/kremlib -I tmp -maes -c tmp/Crypto_AEAD_MAC_Wrapper_Invariant.c -o tmp/Crypto_AEAD_MAC_Wrapper_Invariant.o
Warning 3: run_or_warn: the following command failed:
x86_64-w64-mingw32-gcc -Wno-unused-but-set-variable -std=c11 -D__USE_MINGW_ANSI_STDIO -Wall -Werror -Wno-parentheses -Wno-unused-variable -g -O3 -fwrapv -I FSTAR_LIB/hyperstack -I spartan_aes -I crypto -I ../../../kremlin/kremlib -I ../../../kremlin/test -I C:/Build/Agent/_work/31/s/kremlin/kremlib -I tmp -maes -c tmp/Crypto_AEAD_Enxor_Invariant.c -o tmp/Crypto_AEAD_Enxor_Invariant.o
Warning 3: run_or_warn: the following command failed:
x86_64-w64-mingw32-gcc -Wno-unused-but-set-variable -std=c11 -D__USE_MINGW_ANSI_STDIO -Wall -Werror -Wno-parentheses -Wno-unused-variable -g -O3 -fwrapv -I FSTAR_LIB/hyperstack -I spartan_aes -I crypto -I ../../../kremlin/kremlib -I ../../../kremlin/test -I C:/Build/Agent/_work/31/s/kremlin/kremlib -I tmp -maes -c tmp/Crypto_AEAD_Encrypt.c -o tmp/Crypto_AEAD_Encrypt.o
Warning 3: run_or_warn: the following command failed:
x86_64-w64-mingw32-gcc -Wno-unused-but-set-variable -std=c11 -D__USE_MINGW_ANSI_STDIO -Wall -Werror -Wno-parentheses -Wno-unused-variable -g -O3 -fwrapv -I FSTAR_LIB/hyperstack -I spartan_aes -I crypto -I ../../../kremlin/kremlib -I ../../../kremlin/test -I C:/Build/Agent/_work/31/s/kremlin/kremlib -I tmp -maes -c tmp/Crypto_AEAD_Decrypt.c -o tmp/Crypto_AEAD_Decrypt.o
Warning 3: run_or_warn: the following command failed:
x86_64-w64-mingw32-gcc -Wno-unused-but-set-variable -std=c11 -D__USE_MINGW_ANSI_STDIO -Wall -Werror -Wno-parentheses -Wno-unused-variable -g -O3 -fwrapv -I FSTAR_LIB/hyperstack -I spartan_aes -I crypto -I ../../../kremlin/kremlib -I ../../../kremlin/test -I C:/Build/Agent/_work/31/s/kremlin/kremlib -I tmp -maes -c tmp/Crypto_AEAD.c -o tmp/Crypto_AEAD.o
Warning 3: run_or_warn: the following command failed:
x86_64-w64-mingw32-gcc -Wno-unused-but-set-variable -std=c11 -D__USE_MINGW_ANSI_STDIO -Wall -Werror -Wno-parentheses -Wno-unused-variable -g -O3 -fwrapv -I FSTAR_LIB/hyperstack -I spartan_aes -I crypto -I ../../../kremlin/kremlib -I ../../../kremlin/test -I C:/Build/Agent/_work/31/s/kremlin/kremlib -I tmp -maes -c tmp/Crypto_KrmlTest.c -o tmp/Crypto_KrmlTest.o
Warning 3: run_or_warn: the following command failed:
x86_64-w64-mingw32-gcc -Wno-unused-but-set-variable -std=c11 -D__USE_MINGW_ANSI_STDIO -Wall -Werror -Wno-parentheses -Wno-unused-variable -g -O3 -fwrapv -I FSTAR_LIB/hyperstack -I spartan_aes -I crypto -I ../../../kremlin/kremlib -I ../../../kremlin/test -I C:/Build/Agent/_work/31/s/kremlin/kremlib -I tmp -maes -c C:/Build/Agent/_work/31/s/kremlin/kremlib/kremlib.c -o tmp/kremlib.o
Warning 3: run_or_warn: the following command failed:
x86_64-w64-mingw32-gcc -Wno-unused-but-set-variable -std=c11 -D__USE_MINGW_ANSI_STDIO -Wall -Werror -Wno-parentheses -Wno-unused-variable -g -O3 -fwrapv -I FSTAR_LIB/hyperstack -I spartan_aes -I crypto -I ../../../kremlin/kremlib -I ../../../kremlin/test -I C:/Build/Agent/_work/31/s/kremlin/kremlib -I tmp -maes -c crypto/test_hacks.c -o tmp/test_hacks.o
Warning 3: run_or_warn: the following command failed:
x86_64-w64-mingw32-gcc -Wno-unused-but-set-variable -std=c11 -D__USE_MINGW_ANSI_STDIO -Wall -Werror -Wno-parentheses -Wno-unused-variable -g -O3 -fwrapv -I FSTAR_LIB/hyperstack -I spartan_aes -I crypto -I ../../../kremlin/kremlib -I ../../../kremlin/test -I C:/Build/Agent/_work/31/s/kremlin/kremlib -I tmp -maes tmp/testlib.o tmp/spartan_stub.o spartan_aes/aes.o -o krml-test.exe
make[2]: *** [Makefile:205: krml-test.exe] Error 250
make[1]: *** [Makefile:54: ../krml-test.exe] Error 2
make: *** [Makefile:341: mitls.cmxa] Error 2
% Total    % Received % Xferd  Average Speed   Time    Time     Time  Current
Dload  Upload   Total   Spent    Left  Speed
  0     0    0     0    0     0      0      0 --:--:-- --:--:-- --:--:--     0  0     0    0     0    0     0      0      0 --:--:-- --:--:-- --:--:--     0100  1512  100     2  100  1510      2   1855  0:00:01 --:--:--  0:00:01  3355
