Cloning into 'fstarlang_binaries'...
Already on 'master'
Cloning into 'mitls-fstar'...
Already on 'master'
Cloning into 'vale'...
Already on 'master'
Cloning into 'FStar'...
Checking out files:  48% (1015/2087)   Checking out files:  49% (1023/2087)   Checking out files:  50% (1044/2087)   Checking out files:  51% (1065/2087)   Checking out files:  52% (1086/2087)   Checking out files:  53% (1107/2087)   Checking out files:  54% (1127/2087)   Checking out files:  55% (1148/2087)   Checking out files:  56% (1169/2087)   Checking out files:  57% (1190/2087)   Checking out files:  58% (1211/2087)   Checking out files:  59% (1232/2087)   Checking out files:  60% (1253/2087)   Checking out files:  61% (1274/2087)   Checking out files:  62% (1294/2087)   Checking out files:  63% (1315/2087)   Checking out files:  64% (1336/2087)   Checking out files:  65% (1357/2087)   Checking out files:  66% (1378/2087)   Checking out files:  67% (1399/2087)   Checking out files:  68% (1420/2087)   Checking out files:  69% (1441/2087)   Checking out files:  70% (1461/2087)   Checking out files:  71% (1482/2087)   Checking out files:  72% (1503/2087)   Checking out files:  73% (1524/2087)   Checking out files:  74% (1545/2087)   Checking out files:  75% (1566/2087)   Checking out files:  76% (1587/2087)   Checking out files:  77% (1607/2087)   Checking out files:  78% (1628/2087)   Checking out files:  79% (1649/2087)   Checking out files:  80% (1670/2087)   Checking out files:  81% (1691/2087)   Checking out files:  82% (1712/2087)   Checking out files:  83% (1733/2087)   Checking out files:  84% (1754/2087)   Checking out files:  85% (1774/2087)   Checking out files:  86% (1795/2087)   Checking out files:  87% (1816/2087)   Checking out files:  88% (1837/2087)   Checking out files:  89% (1858/2087)   Checking out files:  90% (1879/2087)   Checking out files:  91% (1900/2087)   Checking out files:  92% (1921/2087)   Checking out files:  93% (1941/2087)   Checking out files:  93% (1942/2087)   Checking out files:  94% (1962/2087)   Checking out files:  95% (1983/2087)   Checking out files:  96% (2004/2087)   Checking out files:  97% (2025/2087)   Checking out files:  98% (2046/2087)   Checking out files:  99% (2067/2087)   Checking out files: 100% (2087/2087)   Checking out files: 100% (2087/2087), done.
Already on 'master'
Cloning into 'hacl-star'...
Checking out files:  21% (1122/5263)   Checking out files:  22% (1158/5263)   Checking out files:  23% (1211/5263)   Checking out files:  24% (1264/5263)   Checking out files:  25% (1316/5263)   Checking out files:  26% (1369/5263)   Checking out files:  27% (1422/5263)   Checking out files:  28% (1474/5263)   Checking out files:  29% (1527/5263)   Checking out files:  30% (1579/5263)   Checking out files:  31% (1632/5263)   Checking out files:  32% (1685/5263)   Checking out files:  33% (1737/5263)   Checking out files:  34% (1790/5263)   Checking out files:  35% (1843/5263)   Checking out files:  36% (1895/5263)   Checking out files:  37% (1948/5263)   Checking out files:  38% (2000/5263)   Checking out files:  39% (2053/5263)   Checking out files:  40% (2106/5263)   Checking out files:  41% (2158/5263)   Checking out files:  42% (2211/5263)   Checking out files:  43% (2264/5263)   Checking out files:  43% (2300/5263)   Checking out files:  44% (2316/5263)   Checking out files:  45% (2369/5263)   Checking out files:  46% (2421/5263)   Checking out files:  47% (2474/5263)   Checking out files:  48% (2527/5263)   Checking out files:  49% (2579/5263)   Checking out files:  50% (2632/5263)   Checking out files:  51% (2685/5263)   Checking out files:  52% (2737/5263)   Checking out files:  53% (2790/5263)   Checking out files:  54% (2843/5263)   Checking out files:  55% (2895/5263)   Checking out files:  56% (2948/5263)   Checking out files:  57% (3000/5263)   Checking out files:  58% (3053/5263)   Checking out files:  59% (3106/5263)   Checking out files:  60% (3158/5263)   Checking out files:  61% (3211/5263)   Checking out files:  62% (3264/5263)   Checking out files:  63% (3316/5263)   Checking out files:  64% (3369/5263)   Checking out files:  64% (3409/5263)   Checking out files:  65% (3421/5263)   Checking out files:  66% (3474/5263)   Checking out files:  67% (3527/5263)   Checking out files:  68% (3579/5263)   Checking out files:  69% (3632/5263)   Checking out files:  70% (3685/5263)   Checking out files:  71% (3737/5263)   Checking out files:  72% (3790/5263)   Checking out files:  73% (3842/5263)   Checking out files:  74% (3895/5263)   Checking out files:  75% (3948/5263)   Checking out files:  76% (4000/5263)   Checking out files:  77% (4053/5263)   Checking out files:  78% (4106/5263)   Checking out files:  79% (4158/5263)   Checking out files:  80% (4211/5263)   Checking out files:  81% (4264/5263)   Checking out files:  82% (4316/5263)   Checking out files:  83% (4369/5263)   Checking out files:  84% (4421/5263)   Checking out files:  85% (4474/5263)   Checking out files:  86% (4527/5263)   Checking out files:  87% (4579/5263)   Checking out files:  87% (4610/5263)   Checking out files:  88% (4632/5263)   Checking out files:  89% (4685/5263)   Checking out files:  90% (4737/5263)   Checking out files:  91% (4790/5263)   Checking out files:  92% (4842/5263)   Checking out files:  93% (4895/5263)   Checking out files:  94% (4948/5263)   Checking out files:  95% (5000/5263)   Checking out files:  96% (5053/5263)   Checking out files:  97% (5106/5263)   Checking out files:  98% (5158/5263)   Checking out files:  99% (5211/5263)   Checking out files: 100% (5263/5263)   Checking out files: 100% (5263/5263), done.
Already on 'master'
Cloning into 'kremlin'...
Already on 'master'
Warning: you are using the standard library and/or the %inline keyword. We
recommend switching on --infer in order to avoid obscure type error messages.
dos2unix: converting file parse.mly to Unix format...
File "src/basic/ml/FStar_Util.ml", line 49, characters 57-65:
Warning 40: st_mtime was selected from type BatUnix.stats.
It is not visible in the current scope, and will not 
be selected if the type becomes unknown.
File "src/basic/ml/FStar_Util.ml", line 49, characters 57-65:
Warning 40: st_mtime was selected from type BatUnix.stats.
It is not visible in the current scope, and will not 
be selected if the type becomes unknown.
Warning 7: : After inlining, Hacl.Cast.sint8_to_sint128 (going into Hacl_Cast) calls FStar.Int.Cast.Full.uint64_to_uint128 (going into FStar) -- removing the static qualifier from FStar.Int.Cast.Full.uint64_to_uint128
Warning 7: : After inlining, Hacl.Cast.sint128_to_sint64 (going into Hacl_Cast) calls FStar.Int.Cast.Full.uint128_to_uint64 (going into FStar) -- removing the static qualifier from FStar.Int.Cast.Full.uint128_to_uint64
Warning 7: : After inlining, Hacl.Cast.sint8_to_sint128 (going into Hacl_Cast) calls FStar.Int.Cast.Full.uint64_to_uint128 (going into FStar) -- removing the static qualifier from FStar.Int.Cast.Full.uint64_to_uint128
Warning 7: : After inlining, Hacl.Cast.sint128_to_sint64 (going into Hacl_Cast) calls FStar.Int.Cast.Full.uint128_to_uint64 (going into FStar) -- removing the static qualifier from FStar.Int.Cast.Full.uint128_to_uint64
Warning 6: in the definition of output, after the definition of output_len, in the last element of the sequence, in top-level declaration Hacl.Test.HMAC.SHA2_256.test_1, in file Hacl_Test_HMAC_SHA2_256: stack newbuf 0uint8 @0 is a non-constant size, stack-allocated array; this is not supported by CompCert
Warning 6: in the definition of key1, after the definition of key_len1, in the last element of the sequence, in top-level declaration Hacl.Test.HMAC.SHA2_256.test_1, in file Hacl_Test_HMAC_SHA2_256: stack newbuf 0x0buint8 @0 is a non-constant size, stack-allocated array; this is not supported by CompCert
Warning 6: in the definition of output, after the definition of output_len, in the last element of the sequence, in top-level declaration Hacl.Test.HMAC.SHA2_256.test_2, in file Hacl_Test_HMAC_SHA2_256: stack newbuf 0uint8 @0 is a non-constant size, stack-allocated array; this is not supported by CompCert
Warning 6: in the definition of output, after the definition of output_len, in the last element of the sequence, in top-level declaration Hacl.Test.HMAC.SHA2_256.test_3, in file Hacl_Test_HMAC_SHA2_256: stack newbuf 0uint8 @0 is a non-constant size, stack-allocated array; this is not supported by CompCert
Warning 6: in the definition of key1, after the definition of key_len1, in the last element of the sequence, in top-level declaration Hacl.Test.HMAC.SHA2_256.test_3, in file Hacl_Test_HMAC_SHA2_256: stack newbuf 0xaauint8 @0 is a non-constant size, stack-allocated array; this is not supported by CompCert
Warning 6: in the definition of data, after the definition of data_len, in the last element of the sequence, in top-level declaration Hacl.Test.HMAC.SHA2_256.test_3, in file Hacl_Test_HMAC_SHA2_256: stack newbuf 0xdduint8 @0 is a non-constant size, stack-allocated array; this is not supported by CompCert
Warning 6: in the definition of output, after the definition of output_len, in the last element of the sequence, in top-level declaration Hacl.Test.HMAC.SHA2_256.test_4, in file Hacl_Test_HMAC_SHA2_256: stack newbuf 0uint8 @0 is a non-constant size, stack-allocated array; this is not supported by CompCert
Warning 6: in the definition of data, after the definition of data_len, in the last element of the sequence, in top-level declaration Hacl.Test.HMAC.SHA2_256.test_4, in file Hacl_Test_HMAC_SHA2_256: stack newbuf 0xcduint8 @0 is a non-constant size, stack-allocated array; this is not supported by CompCert
Warning 6: in the definition of output, after the definition of output_len, in the last element of the sequence, in top-level declaration Hacl.Test.HMAC.SHA2_256.test_5, in file Hacl_Test_HMAC_SHA2_256: stack newbuf 0x00uint8 @0 is a non-constant size, stack-allocated array; this is not supported by CompCert
Warning 6: in the definition of key, after the definition of key_len, in the last element of the sequence, in top-level declaration Hacl.Test.HMAC.SHA2_256.test_5, in file Hacl_Test_HMAC_SHA2_256: stack newbuf 0x0cuint8 @0 is a non-constant size, stack-allocated array; this is not supported by CompCert
Warning 6: in the definition of output, after the definition of output_len, in the last element of the sequence, in top-level declaration Hacl.Test.HMAC.SHA2_256.test_6, in file Hacl_Test_HMAC_SHA2_256: stack newbuf 0uint8 @0 is a non-constant size, stack-allocated array; this is not supported by CompCert
Warning 6: in the definition of key, after the definition of key_len, in the last element of the sequence, in top-level declaration Hacl.Test.HMAC.SHA2_256.test_6, in file Hacl_Test_HMAC_SHA2_256: stack newbuf 0xaauint8 @0 is a non-constant size, stack-allocated array; this is not supported by CompCert
Warning 6: in the definition of output, after the definition of output_len, in the last element of the sequence, in top-level declaration Hacl.Test.HMAC.SHA2_256.test_7, in file Hacl_Test_HMAC_SHA2_256: stack newbuf 0uint8 @0 is a non-constant size, stack-allocated array; this is not supported by CompCert
Warning 6: in the definition of key, after the definition of key_len, in the last element of the sequence, in top-level declaration Hacl.Test.HMAC.SHA2_256.test_7, in file Hacl_Test_HMAC_SHA2_256: stack newbuf 0xaauint8 @0 is a non-constant size, stack-allocated array; this is not supported by CompCert
Warning 6: in the definition of output, after the definition of output_len, in the last element of the sequence, in top-level declaration Hacl.Test.HMAC.SHA2_256.test_1, in file Hacl_Test_HMAC_SHA2_256: stack newbuf 0uint8 @0 is a non-constant size, stack-allocated array; this is not supported by CompCert
Warning 6: in the definition of key1, after the definition of key_len1, in the last element of the sequence, in top-level declaration Hacl.Test.HMAC.SHA2_256.test_1, in file Hacl_Test_HMAC_SHA2_256: stack newbuf 0x0buint8 @0 is a non-constant size, stack-allocated array; this is not supported by CompCert
Warning 6: in the definition of output, after the definition of output_len, in the last element of the sequence, in top-level declaration Hacl.Test.HMAC.SHA2_256.test_2, in file Hacl_Test_HMAC_SHA2_256: stack newbuf 0uint8 @0 is a non-constant size, stack-allocated array; this is not supported by CompCert
Warning 6: in the definition of output, after the definition of output_len, in the last element of the sequence, in top-level declaration Hacl.Test.HMAC.SHA2_256.test_3, in file Hacl_Test_HMAC_SHA2_256: stack newbuf 0uint8 @0 is a non-constant size, stack-allocated array; this is not supported by CompCert
Warning 6: in the definition of key1, after the definition of key_len1, in the last element of the sequence, in top-level declaration Hacl.Test.HMAC.SHA2_256.test_3, in file Hacl_Test_HMAC_SHA2_256: stack newbuf 0xaauint8 @0 is a non-constant size, stack-allocated array; this is not supported by CompCert
Warning 6: in the definition of data, after the definition of data_len, in the last element of the sequence, in top-level declaration Hacl.Test.HMAC.SHA2_256.test_3, in file Hacl_Test_HMAC_SHA2_256: stack newbuf 0xdduint8 @0 is a non-constant size, stack-allocated array; this is not supported by CompCert
Warning 6: in the definition of output, after the definition of output_len, in the last element of the sequence, in top-level declaration Hacl.Test.HMAC.SHA2_256.test_4, in file Hacl_Test_HMAC_SHA2_256: stack newbuf 0uint8 @0 is a non-constant size, stack-allocated array; this is not supported by CompCert
Warning 6: in the definition of data, after the definition of data_len, in the last element of the sequence, in top-level declaration Hacl.Test.HMAC.SHA2_256.test_4, in file Hacl_Test_HMAC_SHA2_256: stack newbuf 0xcduint8 @0 is a non-constant size, stack-allocated array; this is not supported by CompCert
Warning 6: in the definition of output, after the definition of output_len, in the last element of the sequence, in top-level declaration Hacl.Test.HMAC.SHA2_256.test_5, in file Hacl_Test_HMAC_SHA2_256: stack newbuf 0x00uint8 @0 is a non-constant size, stack-allocated array; this is not supported by CompCert
Warning 6: in the definition of key, after the definition of key_len, in the last element of the sequence, in top-level declaration Hacl.Test.HMAC.SHA2_256.test_5, in file Hacl_Test_HMAC_SHA2_256: stack newbuf 0x0cuint8 @0 is a non-constant size, stack-allocated array; this is not supported by CompCert
Warning 6: in the definition of output, after the definition of output_len, in the last element of the sequence, in top-level declaration Hacl.Test.HMAC.SHA2_256.test_6, in file Hacl_Test_HMAC_SHA2_256: stack newbuf 0uint8 @0 is a non-constant size, stack-allocated array; this is not supported by CompCert
Warning 6: in the definition of key, after the definition of key_len, in the last element of the sequence, in top-level declaration Hacl.Test.HMAC.SHA2_256.test_6, in file Hacl_Test_HMAC_SHA2_256: stack newbuf 0xaauint8 @0 is a non-constant size, stack-allocated array; this is not supported by CompCert
Warning 6: in the definition of output, after the definition of output_len, in the last element of the sequence, in top-level declaration Hacl.Test.HMAC.SHA2_256.test_7, in file Hacl_Test_HMAC_SHA2_256: stack newbuf 0uint8 @0 is a non-constant size, stack-allocated array; this is not supported by CompCert
Warning 6: in the definition of key, after the definition of key_len, in the last element of the sequence, in top-level declaration Hacl.Test.HMAC.SHA2_256.test_7, in file Hacl_Test_HMAC_SHA2_256: stack newbuf 0xaauint8 @0 is a non-constant size, stack-allocated array; this is not supported by CompCert
Warning 7: : After inlining, Hacl.Bignum.Modulo.carry_top_wide (going into AEAD_Poly1305_64) calls FStar.Int.Cast.Full.uint64_to_uint128 (going into FStar) -- removing the static qualifier from FStar.Int.Cast.Full.uint64_to_uint128
Warning 7: : After inlining, Hacl.Bignum.Modulo.carry_top_wide (going into AEAD_Poly1305_64) calls FStar.Int.Cast.Full.uint128_to_uint64 (going into FStar) -- removing the static qualifier from FStar.Int.Cast.Full.uint128_to_uint64
Warning 7: : After inlining, Hacl.Bignum.Modulo.carry_top_wide (going into Poly1305_64) calls FStar.Int.Cast.Full.uint64_to_uint128 (going into FStar) -- removing the static qualifier from FStar.Int.Cast.Full.uint64_to_uint128
Warning 7: : After inlining, Hacl.Bignum.Modulo.carry_top_wide (going into Poly1305_64) calls FStar.Int.Cast.Full.uint128_to_uint64 (going into FStar) -- removing the static qualifier from FStar.Int.Cast.Full.uint128_to_uint64
Warning 7: : After inlining, Hacl.Bignum.Modulo.carry_top_wide (going into Curve25519) calls FStar.Int.Cast.Full.uint128_to_uint64 (going into FStar) -- removing the static qualifier from FStar.Int.Cast.Full.uint128_to_uint64
Warning 7: : After inlining, Hacl.Bignum.Modulo.carry_top_wide (going into Curve25519) calls FStar.Int.Cast.Full.uint64_to_uint128 (going into FStar) -- removing the static qualifier from FStar.Int.Cast.Full.uint64_to_uint128
Warning 7: : After inlining, Hacl.Test.X25519.main (going into Hacl_Test_X25519) calls Hacl.EC.crypto_scalarmult (going into Curve25519) -- removing the static qualifier from Hacl.EC.crypto_scalarmult
Warning 7: : After inlining, Hacl.Bignum.Modulo.carry_top_wide (going into Curve25519) calls FStar.Int.Cast.Full.uint128_to_uint64 (going into FStar) -- removing the static qualifier from FStar.Int.Cast.Full.uint128_to_uint64
Warning 7: : After inlining, Hacl.Bignum.Modulo.carry_top_wide (going into Curve25519) calls FStar.Int.Cast.Full.uint64_to_uint128 (going into FStar) -- removing the static qualifier from FStar.Int.Cast.Full.uint64_to_uint128
Warning 7: : After inlining, Hacl.Test.X25519.main (going into Hacl_Test_X25519) calls Hacl.EC.crypto_scalarmult (going into Curve25519) -- removing the static qualifier from Hacl.EC.crypto_scalarmult
Warning 6: in the definition of output, after the definition of output_len, in the last element of the sequence, in top-level declaration Hacl.Test.SHA2_256.test_1a, in file Hacl_Test_SHA2_256: stack newbuf 0uint8 @0 is a non-constant size, stack-allocated array; this is not supported by CompCert
Warning 6: in the definition of ctx, after the definition of expected, in the last element of the sequence, in top-level declaration Hacl.Test.SHA2_256.test_1a, in file Hacl_Test_SHA2_256: stack newbuf 0uint32 SHA2_256.size_state is a non-constant size, stack-allocated array; this is not supported by CompCert
Warning 6: in the definition of output, after the definition of output_len, in the last element of the sequence, in top-level declaration Hacl.Test.SHA2_256.test_1b, in file Hacl_Test_SHA2_256: stack newbuf 0uint8 @0 is a non-constant size, stack-allocated array; this is not supported by CompCert
Warning 6: in the definition of ctx, after the definition of expected, in the last element of the sequence, in top-level declaration Hacl.Test.SHA2_256.test_1b, in file Hacl_Test_SHA2_256: stack newbuf 0uint32 SHA2_256.size_state is a non-constant size, stack-allocated array; this is not supported by CompCert
Warning 6: in the definition of output, after the definition of output_len, in the last element of the sequence, in top-level declaration Hacl.Test.SHA2_256.test_2a, in file Hacl_Test_SHA2_256: stack newbuf 0uint8 @0 is a non-constant size, stack-allocated array; this is not supported by CompCert
Warning 6: in the definition of ctx, after the definition of expected, in the last element of the sequence, in top-level declaration Hacl.Test.SHA2_256.test_2a, in file Hacl_Test_SHA2_256: stack newbuf 0uint32 SHA2_256.size_state is a non-constant size, stack-allocated array; this is not supported by CompCert
Warning 6: in the definition of output, after the definition of output_len, in the last element of the sequence, in top-level declaration Hacl.Test.SHA2_256.test_2b, in file Hacl_Test_SHA2_256: stack newbuf 0uint8 @0 is a non-constant size, stack-allocated array; this is not supported by CompCert
Warning 6: in the definition of ctx, after the definition of expected, in the last element of the sequence, in top-level declaration Hacl.Test.SHA2_256.test_2b, in file Hacl_Test_SHA2_256: stack newbuf 0uint32 SHA2_256.size_state is a non-constant size, stack-allocated array; this is not supported by CompCert
Warning 6: in the definition of output, after the definition of output_len, in the last element of the sequence, in top-level declaration Hacl.Test.SHA2_256.test_3a, in file Hacl_Test_SHA2_256: stack newbuf 0uint8 @0 is a non-constant size, stack-allocated array; this is not supported by CompCert
Warning 6: in the definition of ctx, after the definition of expected, in the last element of the sequence, in top-level declaration Hacl.Test.SHA2_256.test_3a, in file Hacl_Test_SHA2_256: stack newbuf 0uint32 SHA2_256.size_state is a non-constant size, stack-allocated array; this is not supported by CompCert
Warning 6: in the definition of output, after the definition of output_len, in the last element of the sequence, in top-level declaration Hacl.Test.SHA2_256.test_3b, in file Hacl_Test_SHA2_256: stack newbuf 0uint8 @0 is a non-constant size, stack-allocated array; this is not supported by CompCert
Warning 6: in the definition of ctx, after the definition of expected, in the last element of the sequence, in top-level declaration Hacl.Test.SHA2_256.test_3b, in file Hacl_Test_SHA2_256: stack newbuf 0uint32 SHA2_256.size_state is a non-constant size, stack-allocated array; this is not supported by CompCert
Warning 6: in the definition of output, after the definition of output_len, in the last element of the sequence, in top-level declaration Hacl.Test.SHA2_256.test_4a, in file Hacl_Test_SHA2_256: stack newbuf 0uint8 @0 is a non-constant size, stack-allocated array; this is not supported by CompCert
Warning 6: in the definition of ctx, after the definition of expected, in the last element of the sequence, in top-level declaration Hacl.Test.SHA2_256.test_4a, in file Hacl_Test_SHA2_256: stack newbuf 0uint32 SHA2_256.size_state is a non-constant size, stack-allocated array; this is not supported by CompCert
Warning 6: in the definition of output, after the definition of output_len, in the last element of the sequence, in top-level declaration Hacl.Test.SHA2_256.test_4b, in file Hacl_Test_SHA2_256: stack newbuf 0uint8 @0 is a non-constant size, stack-allocated array; this is not supported by CompCert
Warning 6: in the definition of ctx, after the definition of expected, in the last element of the sequence, in top-level declaration Hacl.Test.SHA2_256.test_4b, in file Hacl_Test_SHA2_256: stack newbuf 0uint32 SHA2_256.size_state is a non-constant size, stack-allocated array; this is not supported by CompCert
Warning 6: in the definition of output, after the definition of output_len, in the last element of the sequence, in top-level declaration Hacl.Test.SHA2_256.test_5, in file Hacl_Test_SHA2_256: stack newbuf 0uint8 @0 is a non-constant size, stack-allocated array; this is not supported by CompCert
Warning 6: in the definition of plaintext, after the definition of plaintext_len, in the last element of the sequence, in top-level declaration Hacl.Test.SHA2_256.test_5, in file Hacl_Test_SHA2_256: stack newbuf 0x61uint8 @0 is a non-constant size, stack-allocated array; this is not supported by CompCert
Warning 6: in the definition of ctx, after the definition of expected, in the last element of the sequence, in top-level declaration Hacl.Test.SHA2_256.test_5, in file Hacl_Test_SHA2_256: stack newbuf 0uint32 SHA2_256.size_state is a non-constant size, stack-allocated array; this is not supported by CompCert
Warning 6: in the definition of output, after the definition of output_len, in the last element of the sequence, in top-level declaration Hacl.Test.SHA2_256.test_6, in file Hacl_Test_SHA2_256: stack newbuf 0uint8 @0 is a non-constant size, stack-allocated array; this is not supported by CompCert
Warning 6: in the definition of ctx, after the definition of expected, in the last element of the sequence, in top-level declaration Hacl.Test.SHA2_256.test_6, in file Hacl_Test_SHA2_256: stack newbuf 0uint32 SHA2_256.size_state is a non-constant size, stack-allocated array; this is not supported by CompCert
Warning 6: in the definition of output, after the definition of output_len, in the last element of the sequence, in top-level declaration Hacl.Test.SHA2_384.test_1a, in file Hacl_Test_SHA2_384: stack newbuf 0uint8 @0 is a non-constant size, stack-allocated array; this is not supported by CompCert
Warning 6: in the definition of state, after the definition of expected, in the last element of the sequence, in top-level declaration Hacl.Test.SHA2_384.test_1a, in file Hacl_Test_SHA2_384: stack newbuf 0uint64 SHA2_384.size_state is a non-constant size, stack-allocated array; this is not supported by CompCert
Warning 6: in the definition of output, after the definition of output_len, in the last element of the sequence, in top-level declaration Hacl.Test.SHA2_384.test_1b, in file Hacl_Test_SHA2_384: stack newbuf 0uint8 @0 is a non-constant size, stack-allocated array; this is not supported by CompCert
Warning 6: in the definition of output, after the definition of output_len, in the last element of the sequence, in top-level declaration Hacl.Test.SHA2_384.test_2a, in file Hacl_Test_SHA2_384: stack newbuf 0uint8 @0 is a non-constant size, stack-allocated array; this is not supported by CompCert
Warning 6: in the definition of state, after the definition of expected, in the last element of the sequence, in top-level declaration Hacl.Test.SHA2_384.test_2a, in file Hacl_Test_SHA2_384: stack newbuf 0uint64 SHA2_384.size_state is a non-constant size, stack-allocated array; this is not supported by CompCert
Warning 6: in the definition of output, after the definition of output_len, in the last element of the sequence, in top-level declaration Hacl.Test.SHA2_384.test_2b, in file Hacl_Test_SHA2_384: stack newbuf 0uint8 @0 is a non-constant size, stack-allocated array; this is not supported by CompCert
Warning 6: in the definition of output, after the definition of output_len, in the last element of the sequence, in top-level declaration Hacl.Test.SHA2_384.test_3a, in file Hacl_Test_SHA2_384: stack newbuf 0uint8 @0 is a non-constant size, stack-allocated array; this is not supported by CompCert
Warning 6: in the definition of state, after the definition of expected, in the last element of the sequence, in top-level declaration Hacl.Test.SHA2_384.test_3a, in file Hacl_Test_SHA2_384: stack newbuf 0uint64 SHA2_384.size_state is a non-constant size, stack-allocated array; this is not supported by CompCert
Warning 6: in the definition of output, after the definition of output_len, in the last element of the sequence, in top-level declaration Hacl.Test.SHA2_384.test_3b, in file Hacl_Test_SHA2_384: stack newbuf 0uint8 @0 is a non-constant size, stack-allocated array; this is not supported by CompCert
Warning 6: in the definition of output, after the definition of output_len, in the last element of the sequence, in top-level declaration Hacl.Test.SHA2_384.test_4a, in file Hacl_Test_SHA2_384: stack newbuf 0uint8 @0 is a non-constant size, stack-allocated array; this is not supported by CompCert
Warning 6: in the definition of state, after the definition of expected, in the last element of the sequence, in top-level declaration Hacl.Test.SHA2_384.test_4a, in file Hacl_Test_SHA2_384: stack newbuf 0uint64 SHA2_384.size_state is a non-constant size, stack-allocated array; this is not supported by CompCert
Warning 6: in the definition of output, after the definition of output_len, in the last element of the sequence, in top-level declaration Hacl.Test.SHA2_384.test_4b, in file Hacl_Test_SHA2_384: stack newbuf 0uint8 @0 is a non-constant size, stack-allocated array; this is not supported by CompCert
Warning 6: in the definition of output, after the definition of output_len, in the last element of the sequence, in top-level declaration Hacl.Test.SHA2_384.test_5, in file Hacl_Test_SHA2_384: stack newbuf 0uint8 @0 is a non-constant size, stack-allocated array; this is not supported by CompCert
Warning 6: in the definition of plaintext, after the definition of plaintext_len, in the last element of the sequence, in top-level declaration Hacl.Test.SHA2_384.test_5, in file Hacl_Test_SHA2_384: stack newbuf 0x61uint8 @0 is a non-constant size, stack-allocated array; this is not supported by CompCert
Warning 6: in the definition of output, after the definition of output_len, in the last element of the sequence, in top-level declaration Hacl.Test.SHA2_384.test_6, in file Hacl_Test_SHA2_384: stack newbuf 0uint8 @0 is a non-constant size, stack-allocated array; this is not supported by CompCert
Warning 6: in the definition of state, after the definition of expected, in the last element of the sequence, in top-level declaration Hacl.Test.SHA2_384.test_6, in file Hacl_Test_SHA2_384: stack newbuf 0uint64 SHA2_384.size_state is a non-constant size, stack-allocated array; this is not supported by CompCert
Warning 6: in the definition of output, after the definition of output_len, in the last element of the sequence, in top-level declaration Hacl.Test.SHA2_512.test_1a, in file Hacl_Test_SHA2_512: stack newbuf 0uint8 @0 is a non-constant size, stack-allocated array; this is not supported by CompCert
Warning 6: in the definition of output, after the definition of output_len, in the last element of the sequence, in top-level declaration Hacl.Test.SHA2_512.test_1b, in file Hacl_Test_SHA2_512: stack newbuf 0uint8 @0 is a non-constant size, stack-allocated array; this is not supported by CompCert
Warning 6: in the definition of output, after the definition of output_len, in the last element of the sequence, in top-level declaration Hacl.Test.SHA2_512.test_2a, in file Hacl_Test_SHA2_512: stack newbuf 0uint8 @0 is a non-constant size, stack-allocated array; this is not supported by CompCert
Warning 6: in the definition of output, after the definition of output_len, in the last element of the sequence, in top-level declaration Hacl.Test.SHA2_512.test_2b, in file Hacl_Test_SHA2_512: stack newbuf 0uint8 @0 is a non-constant size, stack-allocated array; this is not supported by CompCert
Warning 6: in the definition of output, after the definition of output_len, in the last element of the sequence, in top-level declaration Hacl.Test.SHA2_512.test_3a, in file Hacl_Test_SHA2_512: stack newbuf 0uint8 @0 is a non-constant size, stack-allocated array; this is not supported by CompCert
Warning 6: in the definition of output, after the definition of output_len, in the last element of the sequence, in top-level declaration Hacl.Test.SHA2_512.test_3b, in file Hacl_Test_SHA2_512: stack newbuf 0uint8 @0 is a non-constant size, stack-allocated array; this is not supported by CompCert
Warning 6: in the definition of output, after the definition of output_len, in the last element of the sequence, in top-level declaration Hacl.Test.SHA2_512.test_4a, in file Hacl_Test_SHA2_512: stack newbuf 0uint8 @0 is a non-constant size, stack-allocated array; this is not supported by CompCert
Warning 6: in the definition of output, after the definition of output_len, in the last element of the sequence, in top-level declaration Hacl.Test.SHA2_512.test_4b, in file Hacl_Test_SHA2_512: stack newbuf 0uint8 @0 is a non-constant size, stack-allocated array; this is not supported by CompCert
Warning 6: in the definition of output, after the definition of output_len, in the last element of the sequence, in top-level declaration Hacl.Test.SHA2_512.test_5, in file Hacl_Test_SHA2_512: stack newbuf 0uint8 @0 is a non-constant size, stack-allocated array; this is not supported by CompCert
Warning 6: in the definition of plaintext, after the definition of plaintext_len, in the last element of the sequence, in top-level declaration Hacl.Test.SHA2_512.test_5, in file Hacl_Test_SHA2_512: stack newbuf 0x61uint8 @0 is a non-constant size, stack-allocated array; this is not supported by CompCert
Warning 6: in the definition of output, after the definition of output_len, in the last element of the sequence, in top-level declaration Hacl.Test.SHA2_512.test_6, in file Hacl_Test_SHA2_512: stack newbuf 0uint8 @0 is a non-constant size, stack-allocated array; this is not supported by CompCert
Warning 7: : After inlining, Hacl.Hash.SHA2_384.u32_to_h128 (going into Hacl_Hash_SHA2_384) calls FStar.Int.Cast.Full.uint64_to_uint128 (going into FStar) -- removing the static qualifier from FStar.Int.Cast.Full.uint64_to_uint128
Warning 7: : After inlining, Hacl.Hash.SHA2_384.update (going into Hacl_Hash_SHA2_384) calls Hacl.Hash.Lib.LoadStore.uint64s_from_be_bytes (going into SHA2_256) -- removing the static qualifier from Hacl.Hash.Lib.LoadStore.uint64s_from_be_bytes
Warning 7: : After inlining, Hacl.Hash.SHA2_384.finish_core (going into Hacl_Hash_SHA2_384) calls Hacl.Hash.Lib.LoadStore.uint64s_to_be_bytes (going into SHA2_256) -- removing the static qualifier from Hacl.Hash.Lib.LoadStore.uint64s_to_be_bytes
Warning 6: in the definition of output, after the definition of output_len, in the last element of the sequence, in top-level declaration Hacl.Test.SHA2_256.test_1a, in file Hacl_Test_SHA2_256: stack newbuf 0uint8 @0 is a non-constant size, stack-allocated array; this is not supported by CompCert
Warning 6: in the definition of ctx, after the definition of expected, in the last element of the sequence, in top-level declaration Hacl.Test.SHA2_256.test_1a, in file Hacl_Test_SHA2_256: stack newbuf 0uint32 SHA2_256.size_state is a non-constant size, stack-allocated array; this is not supported by CompCert
Warning 6: in the definition of output, after the definition of output_len, in the last element of the sequence, in top-level declaration Hacl.Test.SHA2_256.test_1b, in file Hacl_Test_SHA2_256: stack newbuf 0uint8 @0 is a non-constant size, stack-allocated array; this is not supported by CompCert
Warning 6: in the definition of ctx, after the definition of expected, in the last element of the sequence, in top-level declaration Hacl.Test.SHA2_256.test_1b, in file Hacl_Test_SHA2_256: stack newbuf 0uint32 SHA2_256.size_state is a non-constant size, stack-allocated array; this is not supported by CompCert
Warning 6: in the definition of output, after the definition of output_len, in the last element of the sequence, in top-level declaration Hacl.Test.SHA2_256.test_2a, in file Hacl_Test_SHA2_256: stack newbuf 0uint8 @0 is a non-constant size, stack-allocated array; this is not supported by CompCert
Warning 6: in the definition of ctx, after the definition of expected, in the last element of the sequence, in top-level declaration Hacl.Test.SHA2_256.test_2a, in file Hacl_Test_SHA2_256: stack newbuf 0uint32 SHA2_256.size_state is a non-constant size, stack-allocated array; this is not supported by CompCert
Warning 6: in the definition of output, after the definition of output_len, in the last element of the sequence, in top-level declaration Hacl.Test.SHA2_256.test_2b, in file Hacl_Test_SHA2_256: stack newbuf 0uint8 @0 is a non-constant size, stack-allocated array; this is not supported by CompCert
Warning 6: in the definition of ctx, after the definition of expected, in the last element of the sequence, in top-level declaration Hacl.Test.SHA2_256.test_2b, in file Hacl_Test_SHA2_256: stack newbuf 0uint32 SHA2_256.size_state is a non-constant size, stack-allocated array; this is not supported by CompCert
Warning 6: in the definition of output, after the definition of output_len, in the last element of the sequence, in top-level declaration Hacl.Test.SHA2_256.test_3a, in file Hacl_Test_SHA2_256: stack newbuf 0uint8 @0 is a non-constant size, stack-allocated array; this is not supported by CompCert
Warning 6: in the definition of ctx, after the definition of expected, in the last element of the sequence, in top-level declaration Hacl.Test.SHA2_256.test_3a, in file Hacl_Test_SHA2_256: stack newbuf 0uint32 SHA2_256.size_state is a non-constant size, stack-allocated array; this is not supported by CompCert
Warning 6: in the definition of output, after the definition of output_len, in the last element of the sequence, in top-level declaration Hacl.Test.SHA2_256.test_3b, in file Hacl_Test_SHA2_256: stack newbuf 0uint8 @0 is a non-constant size, stack-allocated array; this is not supported by CompCert
Warning 6: in the definition of ctx, after the definition of expected, in the last element of the sequence, in top-level declaration Hacl.Test.SHA2_256.test_3b, in file Hacl_Test_SHA2_256: stack newbuf 0uint32 SHA2_256.size_state is a non-constant size, stack-allocated array; this is not supported by CompCert
Warning 6: in the definition of output, after the definition of output_len, in the last element of the sequence, in top-level declaration Hacl.Test.SHA2_256.test_4a, in file Hacl_Test_SHA2_256: stack newbuf 0uint8 @0 is a non-constant size, stack-allocated array; this is not supported by CompCert
Warning 6: in the definition of ctx, after the definition of expected, in the last element of the sequence, in top-level declaration Hacl.Test.SHA2_256.test_4a, in file Hacl_Test_SHA2_256: stack newbuf 0uint32 SHA2_256.size_state is a non-constant size, stack-allocated array; this is not supported by CompCert
Warning 6: in the definition of output, after the definition of output_len, in the last element of the sequence, in top-level declaration Hacl.Test.SHA2_256.test_4b, in file Hacl_Test_SHA2_256: stack newbuf 0uint8 @0 is a non-constant size, stack-allocated array; this is not supported by CompCert
Warning 6: in the definition of ctx, after the definition of expected, in the last element of the sequence, in top-level declaration Hacl.Test.SHA2_256.test_4b, in file Hacl_Test_SHA2_256: stack newbuf 0uint32 SHA2_256.size_state is a non-constant size, stack-allocated array; this is not supported by CompCert
Warning 6: in the definition of output, after the definition of output_len, in the last element of the sequence, in top-level declaration Hacl.Test.SHA2_256.test_5, in file Hacl_Test_SHA2_256: stack newbuf 0uint8 @0 is a non-constant size, stack-allocated array; this is not supported by CompCert
Warning 6: in the definition of plaintext, after the definition of plaintext_len, in the last element of the sequence, in top-level declaration Hacl.Test.SHA2_256.test_5, in file Hacl_Test_SHA2_256: stack newbuf 0x61uint8 @0 is a non-constant size, stack-allocated array; this is not supported by CompCert
Warning 6: in the definition of ctx, after the definition of expected, in the last element of the sequence, in top-level declaration Hacl.Test.SHA2_256.test_5, in file Hacl_Test_SHA2_256: stack newbuf 0uint32 SHA2_256.size_state is a non-constant size, stack-allocated array; this is not supported by CompCert
Warning 6: in the definition of output, after the definition of output_len, in the last element of the sequence, in top-level declaration Hacl.Test.SHA2_256.test_6, in file Hacl_Test_SHA2_256: stack newbuf 0uint8 @0 is a non-constant size, stack-allocated array; this is not supported by CompCert
Warning 6: in the definition of ctx, after the definition of expected, in the last element of the sequence, in top-level declaration Hacl.Test.SHA2_256.test_6, in file Hacl_Test_SHA2_256: stack newbuf 0uint32 SHA2_256.size_state is a non-constant size, stack-allocated array; this is not supported by CompCert
Warning 6: in the definition of output, after the definition of output_len, in the last element of the sequence, in top-level declaration Hacl.Test.SHA2_384.test_1a, in file Hacl_Test_SHA2_384: stack newbuf 0uint8 @0 is a non-constant size, stack-allocated array; this is not supported by CompCert
Warning 6: in the definition of state, after the definition of expected, in the last element of the sequence, in top-level declaration Hacl.Test.SHA2_384.test_1a, in file Hacl_Test_SHA2_384: stack newbuf 0uint64 SHA2_384.size_state is a non-constant size, stack-allocated array; this is not supported by CompCert
Warning 6: in the definition of output, after the definition of output_len, in the last element of the sequence, in top-level declaration Hacl.Test.SHA2_384.test_1b, in file Hacl_Test_SHA2_384: stack newbuf 0uint8 @0 is a non-constant size, stack-allocated array; this is not supported by CompCert
Warning 6: in the definition of output, after the definition of output_len, in the last element of the sequence, in top-level declaration Hacl.Test.SHA2_384.test_2a, in file Hacl_Test_SHA2_384: stack newbuf 0uint8 @0 is a non-constant size, stack-allocated array; this is not supported by CompCert
Warning 6: in the definition of state, after the definition of expected, in the last element of the sequence, in top-level declaration Hacl.Test.SHA2_384.test_2a, in file Hacl_Test_SHA2_384: stack newbuf 0uint64 SHA2_384.size_state is a non-constant size, stack-allocated array; this is not supported by CompCert
Warning 6: in the definition of output, after the definition of output_len, in the last element of the sequence, in top-level declaration Hacl.Test.SHA2_384.test_2b, in file Hacl_Test_SHA2_384: stack newbuf 0uint8 @0 is a non-constant size, stack-allocated array; this is not supported by CompCert
Warning 6: in the definition of output, after the definition of output_len, in the last element of the sequence, in top-level declaration Hacl.Test.SHA2_384.test_3a, in file Hacl_Test_SHA2_384: stack newbuf 0uint8 @0 is a non-constant size, stack-allocated array; this is not supported by CompCert
Warning 6: in the definition of state, after the definition of expected, in the last element of the sequence, in top-level declaration Hacl.Test.SHA2_384.test_3a, in file Hacl_Test_SHA2_384: stack newbuf 0uint64 SHA2_384.size_state is a non-constant size, stack-allocated array; this is not supported by CompCert
Warning 6: in the definition of output, after the definition of output_len, in the last element of the sequence, in top-level declaration Hacl.Test.SHA2_384.test_3b, in file Hacl_Test_SHA2_384: stack newbuf 0uint8 @0 is a non-constant size, stack-allocated array; this is not supported by CompCert
Warning 6: in the definition of output, after the definition of output_len, in the last element of the sequence, in top-level declaration Hacl.Test.SHA2_384.test_4a, in file Hacl_Test_SHA2_384: stack newbuf 0uint8 @0 is a non-constant size, stack-allocated array; this is not supported by CompCert
Warning 6: in the definition of state, after the definition of expected, in the last element of the sequence, in top-level declaration Hacl.Test.SHA2_384.test_4a, in file Hacl_Test_SHA2_384: stack newbuf 0uint64 SHA2_384.size_state is a non-constant size, stack-allocated array; this is not supported by CompCert
Warning 6: in the definition of output, after the definition of output_len, in the last element of the sequence, in top-level declaration Hacl.Test.SHA2_384.test_4b, in file Hacl_Test_SHA2_384: stack newbuf 0uint8 @0 is a non-constant size, stack-allocated array; this is not supported by CompCert
Warning 6: in the definition of output, after the definition of output_len, in the last element of the sequence, in top-level declaration Hacl.Test.SHA2_384.test_5, in file Hacl_Test_SHA2_384: stack newbuf 0uint8 @0 is a non-constant size, stack-allocated array; this is not supported by CompCert
Warning 6: in the definition of plaintext, after the definition of plaintext_len, in the last element of the sequence, in top-level declaration Hacl.Test.SHA2_384.test_5, in file Hacl_Test_SHA2_384: stack newbuf 0x61uint8 @0 is a non-constant size, stack-allocated array; this is not supported by CompCert
Warning 6: in the definition of output, after the definition of output_len, in the last element of the sequence, in top-level declaration Hacl.Test.SHA2_384.test_6, in file Hacl_Test_SHA2_384: stack newbuf 0uint8 @0 is a non-constant size, stack-allocated array; this is not supported by CompCert
Warning 6: in the definition of state, after the definition of expected, in the last element of the sequence, in top-level declaration Hacl.Test.SHA2_384.test_6, in file Hacl_Test_SHA2_384: stack newbuf 0uint64 SHA2_384.size_state is a non-constant size, stack-allocated array; this is not supported by CompCert
Warning 6: in the definition of output, after the definition of output_len, in the last element of the sequence, in top-level declaration Hacl.Test.SHA2_512.test_1a, in file Hacl_Test_SHA2_512: stack newbuf 0uint8 @0 is a non-constant size, stack-allocated array; this is not supported by CompCert
Warning 6: in the definition of output, after the definition of output_len, in the last element of the sequence, in top-level declaration Hacl.Test.SHA2_512.test_1b, in file Hacl_Test_SHA2_512: stack newbuf 0uint8 @0 is a non-constant size, stack-allocated array; this is not supported by CompCert
Warning 6: in the definition of output, after the definition of output_len, in the last element of the sequence, in top-level declaration Hacl.Test.SHA2_512.test_2a, in file Hacl_Test_SHA2_512: stack newbuf 0uint8 @0 is a non-constant size, stack-allocated array; this is not supported by CompCert
Warning 6: in the definition of output, after the definition of output_len, in the last element of the sequence, in top-level declaration Hacl.Test.SHA2_512.test_2b, in file Hacl_Test_SHA2_512: stack newbuf 0uint8 @0 is a non-constant size, stack-allocated array; this is not supported by CompCert
Warning 6: in the definition of output, after the definition of output_len, in the last element of the sequence, in top-level declaration Hacl.Test.SHA2_512.test_3a, in file Hacl_Test_SHA2_512: stack newbuf 0uint8 @0 is a non-constant size, stack-allocated array; this is not supported by CompCert
Warning 6: in the definition of output, after the definition of output_len, in the last element of the sequence, in top-level declaration Hacl.Test.SHA2_512.test_3b, in file Hacl_Test_SHA2_512: stack newbuf 0uint8 @0 is a non-constant size, stack-allocated array; this is not supported by CompCert
Warning 6: in the definition of output, after the definition of output_len, in the last element of the sequence, in top-level declaration Hacl.Test.SHA2_512.test_4a, in file Hacl_Test_SHA2_512: stack newbuf 0uint8 @0 is a non-constant size, stack-allocated array; this is not supported by CompCert
Warning 6: in the definition of output, after the definition of output_len, in the last element of the sequence, in top-level declaration Hacl.Test.SHA2_512.test_4b, in file Hacl_Test_SHA2_512: stack newbuf 0uint8 @0 is a non-constant size, stack-allocated array; this is not supported by CompCert
Warning 6: in the definition of output, after the definition of output_len, in the last element of the sequence, in top-level declaration Hacl.Test.SHA2_512.test_5, in file Hacl_Test_SHA2_512: stack newbuf 0uint8 @0 is a non-constant size, stack-allocated array; this is not supported by CompCert
Warning 6: in the definition of plaintext, after the definition of plaintext_len, in the last element of the sequence, in top-level declaration Hacl.Test.SHA2_512.test_5, in file Hacl_Test_SHA2_512: stack newbuf 0x61uint8 @0 is a non-constant size, stack-allocated array; this is not supported by CompCert
Warning 6: in the definition of output, after the definition of output_len, in the last element of the sequence, in top-level declaration Hacl.Test.SHA2_512.test_6, in file Hacl_Test_SHA2_512: stack newbuf 0uint8 @0 is a non-constant size, stack-allocated array; this is not supported by CompCert
Warning 7: : After inlining, Hacl.Hash.SHA2_384.pad (going into SHA2_384) calls FStar.Int.Cast.Full.uint64_to_uint128 (going into FStar) -- removing the static qualifier from FStar.Int.Cast.Full.uint64_to_uint128
Warning 7: : After inlining, Hacl.Hash.SHA2_256.update (going into Hacl_Hash_SHA2_256) calls Hacl.Hash.Lib.LoadStore.uint32s_from_be_bytes (going into SHA2_384) -- removing the static qualifier from Hacl.Hash.Lib.LoadStore.uint32s_from_be_bytes
Warning 7: : After inlining, Hacl.Hash.SHA2_256.finish_core (going into Hacl_Hash_SHA2_256) calls Hacl.Hash.Lib.LoadStore.uint32s_to_be_bytes (going into SHA2_384) -- removing the static qualifier from Hacl.Hash.Lib.LoadStore.uint32s_to_be_bytes
Warning 7: : After inlining, Hacl.Hash.SHA2_512.update (going into Hacl_Hash_SHA2_512) calls Hacl.Hash.Lib.LoadStore.uint64s_from_be_bytes (going into SHA2_384) -- removing the static qualifier from Hacl.Hash.Lib.LoadStore.uint64s_from_be_bytes
Warning 7: : After inlining, Hacl.Hash.SHA2_512.finish_core (going into Hacl_Hash_SHA2_512) calls Hacl.Hash.Lib.LoadStore.uint64s_to_be_bytes (going into SHA2_384) -- removing the static qualifier from Hacl.Hash.Lib.LoadStore.uint64s_to_be_bytes
Warning 6: in the definition of output, after the definition of output_len, in the last element of the sequence, in top-level declaration Hacl.Test.SHA2_256.test_1a, in file Hacl_Test_SHA2_256: stack newbuf 0uint8 @0 is a non-constant size, stack-allocated array; this is not supported by CompCert
Warning 6: in the definition of ctx, after the definition of expected, in the last element of the sequence, in top-level declaration Hacl.Test.SHA2_256.test_1a, in file Hacl_Test_SHA2_256: stack newbuf 0uint32 SHA2_256.size_state is a non-constant size, stack-allocated array; this is not supported by CompCert
Warning 6: in the definition of output, after the definition of output_len, in the last element of the sequence, in top-level declaration Hacl.Test.SHA2_256.test_1b, in file Hacl_Test_SHA2_256: stack newbuf 0uint8 @0 is a non-constant size, stack-allocated array; this is not supported by CompCert
Warning 6: in the definition of ctx, after the definition of expected, in the last element of the sequence, in top-level declaration Hacl.Test.SHA2_256.test_1b, in file Hacl_Test_SHA2_256: stack newbuf 0uint32 SHA2_256.size_state is a non-constant size, stack-allocated array; this is not supported by CompCert
Warning 6: in the definition of output, after the definition of output_len, in the last element of the sequence, in top-level declaration Hacl.Test.SHA2_256.test_2a, in file Hacl_Test_SHA2_256: stack newbuf 0uint8 @0 is a non-constant size, stack-allocated array; this is not supported by CompCert
Warning 6: in the definition of ctx, after the definition of expected, in the last element of the sequence, in top-level declaration Hacl.Test.SHA2_256.test_2a, in file Hacl_Test_SHA2_256: stack newbuf 0uint32 SHA2_256.size_state is a non-constant size, stack-allocated array; this is not supported by CompCert
Warning 6: in the definition of output, after the definition of output_len, in the last element of the sequence, in top-level declaration Hacl.Test.SHA2_256.test_2b, in file Hacl_Test_SHA2_256: stack newbuf 0uint8 @0 is a non-constant size, stack-allocated array; this is not supported by CompCert
Warning 6: in the definition of ctx, after the definition of expected, in the last element of the sequence, in top-level declaration Hacl.Test.SHA2_256.test_2b, in file Hacl_Test_SHA2_256: stack newbuf 0uint32 SHA2_256.size_state is a non-constant size, stack-allocated array; this is not supported by CompCert
Warning 6: in the definition of output, after the definition of output_len, in the last element of the sequence, in top-level declaration Hacl.Test.SHA2_256.test_3a, in file Hacl_Test_SHA2_256: stack newbuf 0uint8 @0 is a non-constant size, stack-allocated array; this is not supported by CompCert
Warning 6: in the definition of ctx, after the definition of expected, in the last element of the sequence, in top-level declaration Hacl.Test.SHA2_256.test_3a, in file Hacl_Test_SHA2_256: stack newbuf 0uint32 SHA2_256.size_state is a non-constant size, stack-allocated array; this is not supported by CompCert
Warning 6: in the definition of output, after the definition of output_len, in the last element of the sequence, in top-level declaration Hacl.Test.SHA2_256.test_3b, in file Hacl_Test_SHA2_256: stack newbuf 0uint8 @0 is a non-constant size, stack-allocated array; this is not supported by CompCert
Warning 6: in the definition of ctx, after the definition of expected, in the last element of the sequence, in top-level declaration Hacl.Test.SHA2_256.test_3b, in file Hacl_Test_SHA2_256: stack newbuf 0uint32 SHA2_256.size_state is a non-constant size, stack-allocated array; this is not supported by CompCert
Warning 6: in the definition of output, after the definition of output_len, in the last element of the sequence, in top-level declaration Hacl.Test.SHA2_256.test_4a, in file Hacl_Test_SHA2_256: stack newbuf 0uint8 @0 is a non-constant size, stack-allocated array; this is not supported by CompCert
Warning 6: in the definition of ctx, after the definition of expected, in the last element of the sequence, in top-level declaration Hacl.Test.SHA2_256.test_4a, in file Hacl_Test_SHA2_256: stack newbuf 0uint32 SHA2_256.size_state is a non-constant size, stack-allocated array; this is not supported by CompCert
Warning 6: in the definition of output, after the definition of output_len, in the last element of the sequence, in top-level declaration Hacl.Test.SHA2_256.test_4b, in file Hacl_Test_SHA2_256: stack newbuf 0uint8 @0 is a non-constant size, stack-allocated array; this is not supported by CompCert
Warning 6: in the definition of ctx, after the definition of expected, in the last element of the sequence, in top-level declaration Hacl.Test.SHA2_256.test_4b, in file Hacl_Test_SHA2_256: stack newbuf 0uint32 SHA2_256.size_state is a non-constant size, stack-allocated array; this is not supported by CompCert
Warning 6: in the definition of output, after the definition of output_len, in the last element of the sequence, in top-level declaration Hacl.Test.SHA2_256.test_5, in file Hacl_Test_SHA2_256: stack newbuf 0uint8 @0 is a non-constant size, stack-allocated array; this is not supported by CompCert
Warning 6: in the definition of plaintext, after the definition of plaintext_len, in the last element of the sequence, in top-level declaration Hacl.Test.SHA2_256.test_5, in file Hacl_Test_SHA2_256: stack newbuf 0x61uint8 @0 is a non-constant size, stack-allocated array; this is not supported by CompCert
Warning 6: in the definition of ctx, after the definition of expected, in the last element of the sequence, in top-level declaration Hacl.Test.SHA2_256.test_5, in file Hacl_Test_SHA2_256: stack newbuf 0uint32 SHA2_256.size_state is a non-constant size, stack-allocated array; this is not supported by CompCert
Warning 6: in the definition of output, after the definition of output_len, in the last element of the sequence, in top-level declaration Hacl.Test.SHA2_256.test_6, in file Hacl_Test_SHA2_256: stack newbuf 0uint8 @0 is a non-constant size, stack-allocated array; this is not supported by CompCert
Warning 6: in the definition of ctx, after the definition of expected, in the last element of the sequence, in top-level declaration Hacl.Test.SHA2_256.test_6, in file Hacl_Test_SHA2_256: stack newbuf 0uint32 SHA2_256.size_state is a non-constant size, stack-allocated array; this is not supported by CompCert
Warning 6: in the definition of output, after the definition of output_len, in the last element of the sequence, in top-level declaration Hacl.Test.SHA2_384.test_1a, in file Hacl_Test_SHA2_384: stack newbuf 0uint8 @0 is a non-constant size, stack-allocated array; this is not supported by CompCert
Warning 6: in the definition of state, after the definition of expected, in the last element of the sequence, in top-level declaration Hacl.Test.SHA2_384.test_1a, in file Hacl_Test_SHA2_384: stack newbuf 0uint64 SHA2_384.size_state is a non-constant size, stack-allocated array; this is not supported by CompCert
Warning 6: in the definition of output, after the definition of output_len, in the last element of the sequence, in top-level declaration Hacl.Test.SHA2_384.test_1b, in file Hacl_Test_SHA2_384: stack newbuf 0uint8 @0 is a non-constant size, stack-allocated array; this is not supported by CompCert
Warning 6: in the definition of output, after the definition of output_len, in the last element of the sequence, in top-level declaration Hacl.Test.SHA2_384.test_2a, in file Hacl_Test_SHA2_384: stack newbuf 0uint8 @0 is a non-constant size, stack-allocated array; this is not supported by CompCert
Warning 6: in the definition of state, after the definition of expected, in the last element of the sequence, in top-level declaration Hacl.Test.SHA2_384.test_2a, in file Hacl_Test_SHA2_384: stack newbuf 0uint64 SHA2_384.size_state is a non-constant size, stack-allocated array; this is not supported by CompCert
Warning 6: in the definition of output, after the definition of output_len, in the last element of the sequence, in top-level declaration Hacl.Test.SHA2_384.test_2b, in file Hacl_Test_SHA2_384: stack newbuf 0uint8 @0 is a non-constant size, stack-allocated array; this is not supported by CompCert
Warning 6: in the definition of output, after the definition of output_len, in the last element of the sequence, in top-level declaration Hacl.Test.SHA2_384.test_3a, in file Hacl_Test_SHA2_384: stack newbuf 0uint8 @0 is a non-constant size, stack-allocated array; this is not supported by CompCert
Warning 6: in the definition of state, after the definition of expected, in the last element of the sequence, in top-level declaration Hacl.Test.SHA2_384.test_3a, in file Hacl_Test_SHA2_384: stack newbuf 0uint64 SHA2_384.size_state is a non-constant size, stack-allocated array; this is not supported by CompCert
Warning 6: in the definition of output, after the definition of output_len, in the last element of the sequence, in top-level declaration Hacl.Test.SHA2_384.test_3b, in file Hacl_Test_SHA2_384: stack newbuf 0uint8 @0 is a non-constant size, stack-allocated array; this is not supported by CompCert
Warning 6: in the definition of output, after the definition of output_len, in the last element of the sequence, in top-level declaration Hacl.Test.SHA2_384.test_4a, in file Hacl_Test_SHA2_384: stack newbuf 0uint8 @0 is a non-constant size, stack-allocated array; this is not supported by CompCert
Warning 6: in the definition of state, after the definition of expected, in the last element of the sequence, in top-level declaration Hacl.Test.SHA2_384.test_4a, in file Hacl_Test_SHA2_384: stack newbuf 0uint64 SHA2_384.size_state is a non-constant size, stack-allocated array; this is not supported by CompCert
Warning 6: in the definition of output, after the definition of output_len, in the last element of the sequence, in top-level declaration Hacl.Test.SHA2_384.test_4b, in file Hacl_Test_SHA2_384: stack newbuf 0uint8 @0 is a non-constant size, stack-allocated array; this is not supported by CompCert
Warning 6: in the definition of output, after the definition of output_len, in the last element of the sequence, in top-level declaration Hacl.Test.SHA2_384.test_5, in file Hacl_Test_SHA2_384: stack newbuf 0uint8 @0 is a non-constant size, stack-allocated array; this is not supported by CompCert
Warning 6: in the definition of plaintext, after the definition of plaintext_len, in the last element of the sequence, in top-level declaration Hacl.Test.SHA2_384.test_5, in file Hacl_Test_SHA2_384: stack newbuf 0x61uint8 @0 is a non-constant size, stack-allocated array; this is not supported by CompCert
Warning 6: in the definition of output, after the definition of output_len, in the last element of the sequence, in top-level declaration Hacl.Test.SHA2_384.test_6, in file Hacl_Test_SHA2_384: stack newbuf 0uint8 @0 is a non-constant size, stack-allocated array; this is not supported by CompCert
Warning 6: in the definition of state, after the definition of expected, in the last element of the sequence, in top-level declaration Hacl.Test.SHA2_384.test_6, in file Hacl_Test_SHA2_384: stack newbuf 0uint64 SHA2_384.size_state is a non-constant size, stack-allocated array; this is not supported by CompCert
Warning 6: in the definition of output, after the definition of output_len, in the last element of the sequence, in top-level declaration Hacl.Test.SHA2_512.test_1a, in file Hacl_Test_SHA2_512: stack newbuf 0uint8 @0 is a non-constant size, stack-allocated array; this is not supported by CompCert
Warning 6: in the definition of output, after the definition of output_len, in the last element of the sequence, in top-level declaration Hacl.Test.SHA2_512.test_1b, in file Hacl_Test_SHA2_512: stack newbuf 0uint8 @0 is a non-constant size, stack-allocated array; this is not supported by CompCert
Warning 6: in the definition of output, after the definition of output_len, in the last element of the sequence, in top-level declaration Hacl.Test.SHA2_512.test_2a, in file Hacl_Test_SHA2_512: stack newbuf 0uint8 @0 is a non-constant size, stack-allocated array; this is not supported by CompCert
Warning 6: in the definition of output, after the definition of output_len, in the last element of the sequence, in top-level declaration Hacl.Test.SHA2_512.test_2b, in file Hacl_Test_SHA2_512: stack newbuf 0uint8 @0 is a non-constant size, stack-allocated array; this is not supported by CompCert
Warning 6: in the definition of output, after the definition of output_len, in the last element of the sequence, in top-level declaration Hacl.Test.SHA2_512.test_3a, in file Hacl_Test_SHA2_512: stack newbuf 0uint8 @0 is a non-constant size, stack-allocated array; this is not supported by CompCert
Warning 6: in the definition of output, after the definition of output_len, in the last element of the sequence, in top-level declaration Hacl.Test.SHA2_512.test_3b, in file Hacl_Test_SHA2_512: stack newbuf 0uint8 @0 is a non-constant size, stack-allocated array; this is not supported by CompCert
Warning 6: in the definition of output, after the definition of output_len, in the last element of the sequence, in top-level declaration Hacl.Test.SHA2_512.test_4a, in file Hacl_Test_SHA2_512: stack newbuf 0uint8 @0 is a non-constant size, stack-allocated array; this is not supported by CompCert
Warning 6: in the definition of output, after the definition of output_len, in the last element of the sequence, in top-level declaration Hacl.Test.SHA2_512.test_4b, in file Hacl_Test_SHA2_512: stack newbuf 0uint8 @0 is a non-constant size, stack-allocated array; this is not supported by CompCert
Warning 6: in the definition of output, after the definition of output_len, in the last element of the sequence, in top-level declaration Hacl.Test.SHA2_512.test_5, in file Hacl_Test_SHA2_512: stack newbuf 0uint8 @0 is a non-constant size, stack-allocated array; this is not supported by CompCert
Warning 6: in the definition of plaintext, after the definition of plaintext_len, in the last element of the sequence, in top-level declaration Hacl.Test.SHA2_512.test_5, in file Hacl_Test_SHA2_512: stack newbuf 0x61uint8 @0 is a non-constant size, stack-allocated array; this is not supported by CompCert
Warning 6: in the definition of output, after the definition of output_len, in the last element of the sequence, in top-level declaration Hacl.Test.SHA2_512.test_6, in file Hacl_Test_SHA2_512: stack newbuf 0uint8 @0 is a non-constant size, stack-allocated array; this is not supported by CompCert
Warning 7: : After inlining, Hacl.Hash.SHA2_384.u32_to_h128 (going into Hacl_Hash_SHA2_384) calls FStar.Int.Cast.Full.uint64_to_uint128 (going into FStar) -- removing the static qualifier from FStar.Int.Cast.Full.uint64_to_uint128
Warning 7: : After inlining, Hacl.Hash.SHA2_384.update (going into Hacl_Hash_SHA2_384) calls Hacl.Hash.Lib.LoadStore.uint64s_from_be_bytes (going into SHA2_256) -- removing the static qualifier from Hacl.Hash.Lib.LoadStore.uint64s_from_be_bytes
Warning 7: : After inlining, Hacl.Hash.SHA2_384.finish_core (going into Hacl_Hash_SHA2_384) calls Hacl.Hash.Lib.LoadStore.uint64s_to_be_bytes (going into SHA2_256) -- removing the static qualifier from Hacl.Hash.Lib.LoadStore.uint64s_to_be_bytes
Warning 6: in the definition of output, after the definition of output_len, in the last element of the sequence, in top-level declaration Hacl.Test.SHA2_256.test_1a, in file Hacl_Test_SHA2_256: stack newbuf 0uint8 @0 is a non-constant size, stack-allocated array; this is not supported by CompCert
Warning 6: in the definition of ctx, after the definition of expected, in the last element of the sequence, in top-level declaration Hacl.Test.SHA2_256.test_1a, in file Hacl_Test_SHA2_256: stack newbuf 0uint32 SHA2_256.size_state is a non-constant size, stack-allocated array; this is not supported by CompCert
Warning 6: in the definition of output, after the definition of output_len, in the last element of the sequence, in top-level declaration Hacl.Test.SHA2_256.test_1b, in file Hacl_Test_SHA2_256: stack newbuf 0uint8 @0 is a non-constant size, stack-allocated array; this is not supported by CompCert
Warning 6: in the definition of ctx, after the definition of expected, in the last element of the sequence, in top-level declaration Hacl.Test.SHA2_256.test_1b, in file Hacl_Test_SHA2_256: stack newbuf 0uint32 SHA2_256.size_state is a non-constant size, stack-allocated array; this is not supported by CompCert
Warning 6: in the definition of output, after the definition of output_len, in the last element of the sequence, in top-level declaration Hacl.Test.SHA2_256.test_2a, in file Hacl_Test_SHA2_256: stack newbuf 0uint8 @0 is a non-constant size, stack-allocated array; this is not supported by CompCert
Warning 6: in the definition of ctx, after the definition of expected, in the last element of the sequence, in top-level declaration Hacl.Test.SHA2_256.test_2a, in file Hacl_Test_SHA2_256: stack newbuf 0uint32 SHA2_256.size_state is a non-constant size, stack-allocated array; this is not supported by CompCert
Warning 6: in the definition of output, after the definition of output_len, in the last element of the sequence, in top-level declaration Hacl.Test.SHA2_256.test_2b, in file Hacl_Test_SHA2_256: stack newbuf 0uint8 @0 is a non-constant size, stack-allocated array; this is not supported by CompCert
Warning 6: in the definition of ctx, after the definition of expected, in the last element of the sequence, in top-level declaration Hacl.Test.SHA2_256.test_2b, in file Hacl_Test_SHA2_256: stack newbuf 0uint32 SHA2_256.size_state is a non-constant size, stack-allocated array; this is not supported by CompCert
Warning 6: in the definition of output, after the definition of output_len, in the last element of the sequence, in top-level declaration Hacl.Test.SHA2_256.test_3a, in file Hacl_Test_SHA2_256: stack newbuf 0uint8 @0 is a non-constant size, stack-allocated array; this is not supported by CompCert
Warning 6: in the definition of ctx, after the definition of expected, in the last element of the sequence, in top-level declaration Hacl.Test.SHA2_256.test_3a, in file Hacl_Test_SHA2_256: stack newbuf 0uint32 SHA2_256.size_state is a non-constant size, stack-allocated array; this is not supported by CompCert
Warning 6: in the definition of output, after the definition of output_len, in the last element of the sequence, in top-level declaration Hacl.Test.SHA2_256.test_3b, in file Hacl_Test_SHA2_256: stack newbuf 0uint8 @0 is a non-constant size, stack-allocated array; this is not supported by CompCert
Warning 6: in the definition of ctx, after the definition of expected, in the last element of the sequence, in top-level declaration Hacl.Test.SHA2_256.test_3b, in file Hacl_Test_SHA2_256: stack newbuf 0uint32 SHA2_256.size_state is a non-constant size, stack-allocated array; this is not supported by CompCert
Warning 6: in the definition of output, after the definition of output_len, in the last element of the sequence, in top-level declaration Hacl.Test.SHA2_256.test_4a, in file Hacl_Test_SHA2_256: stack newbuf 0uint8 @0 is a non-constant size, stack-allocated array; this is not supported by CompCert
Warning 6: in the definition of ctx, after the definition of expected, in the last element of the sequence, in top-level declaration Hacl.Test.SHA2_256.test_4a, in file Hacl_Test_SHA2_256: stack newbuf 0uint32 SHA2_256.size_state is a non-constant size, stack-allocated array; this is not supported by CompCert
Warning 6: in the definition of output, after the definition of output_len, in the last element of the sequence, in top-level declaration Hacl.Test.SHA2_256.test_4b, in file Hacl_Test_SHA2_256: stack newbuf 0uint8 @0 is a non-constant size, stack-allocated array; this is not supported by CompCert
Warning 6: in the definition of ctx, after the definition of expected, in the last element of the sequence, in top-level declaration Hacl.Test.SHA2_256.test_4b, in file Hacl_Test_SHA2_256: stack newbuf 0uint32 SHA2_256.size_state is a non-constant size, stack-allocated array; this is not supported by CompCert
Warning 6: in the definition of output, after the definition of output_len, in the last element of the sequence, in top-level declaration Hacl.Test.SHA2_256.test_5, in file Hacl_Test_SHA2_256: stack newbuf 0uint8 @0 is a non-constant size, stack-allocated array; this is not supported by CompCert
Warning 6: in the definition of plaintext, after the definition of plaintext_len, in the last element of the sequence, in top-level declaration Hacl.Test.SHA2_256.test_5, in file Hacl_Test_SHA2_256: stack newbuf 0x61uint8 @0 is a non-constant size, stack-allocated array; this is not supported by CompCert
Warning 6: in the definition of ctx, after the definition of expected, in the last element of the sequence, in top-level declaration Hacl.Test.SHA2_256.test_5, in file Hacl_Test_SHA2_256: stack newbuf 0uint32 SHA2_256.size_state is a non-constant size, stack-allocated array; this is not supported by CompCert
Warning 6: in the definition of output, after the definition of output_len, in the last element of the sequence, in top-level declaration Hacl.Test.SHA2_256.test_6, in file Hacl_Test_SHA2_256: stack newbuf 0uint8 @0 is a non-constant size, stack-allocated array; this is not supported by CompCert
Warning 6: in the definition of ctx, after the definition of expected, in the last element of the sequence, in top-level declaration Hacl.Test.SHA2_256.test_6, in file Hacl_Test_SHA2_256: stack newbuf 0uint32 SHA2_256.size_state is a non-constant size, stack-allocated array; this is not supported by CompCert
Warning 6: in the definition of output, after the definition of output_len, in the last element of the sequence, in top-level declaration Hacl.Test.SHA2_384.test_1a, in file Hacl_Test_SHA2_384: stack newbuf 0uint8 @0 is a non-constant size, stack-allocated array; this is not supported by CompCert
Warning 6: in the definition of state, after the definition of expected, in the last element of the sequence, in top-level declaration Hacl.Test.SHA2_384.test_1a, in file Hacl_Test_SHA2_384: stack newbuf 0uint64 SHA2_384.size_state is a non-constant size, stack-allocated array; this is not supported by CompCert
Warning 6: in the definition of output, after the definition of output_len, in the last element of the sequence, in top-level declaration Hacl.Test.SHA2_384.test_1b, in file Hacl_Test_SHA2_384: stack newbuf 0uint8 @0 is a non-constant size, stack-allocated array; this is not supported by CompCert
Warning 6: in the definition of output, after the definition of output_len, in the last element of the sequence, in top-level declaration Hacl.Test.SHA2_384.test_2a, in file Hacl_Test_SHA2_384: stack newbuf 0uint8 @0 is a non-constant size, stack-allocated array; this is not supported by CompCert
Warning 6: in the definition of state, after the definition of expected, in the last element of the sequence, in top-level declaration Hacl.Test.SHA2_384.test_2a, in file Hacl_Test_SHA2_384: stack newbuf 0uint64 SHA2_384.size_state is a non-constant size, stack-allocated array; this is not supported by CompCert
Warning 6: in the definition of output, after the definition of output_len, in the last element of the sequence, in top-level declaration Hacl.Test.SHA2_384.test_2b, in file Hacl_Test_SHA2_384: stack newbuf 0uint8 @0 is a non-constant size, stack-allocated array; this is not supported by CompCert
Warning 6: in the definition of output, after the definition of output_len, in the last element of the sequence, in top-level declaration Hacl.Test.SHA2_384.test_3a, in file Hacl_Test_SHA2_384: stack newbuf 0uint8 @0 is a non-constant size, stack-allocated array; this is not supported by CompCert
Warning 6: in the definition of state, after the definition of expected, in the last element of the sequence, in top-level declaration Hacl.Test.SHA2_384.test_3a, in file Hacl_Test_SHA2_384: stack newbuf 0uint64 SHA2_384.size_state is a non-constant size, stack-allocated array; this is not supported by CompCert
Warning 6: in the definition of output, after the definition of output_len, in the last element of the sequence, in top-level declaration Hacl.Test.SHA2_384.test_3b, in file Hacl_Test_SHA2_384: stack newbuf 0uint8 @0 is a non-constant size, stack-allocated array; this is not supported by CompCert
Warning 6: in the definition of output, after the definition of output_len, in the last element of the sequence, in top-level declaration Hacl.Test.SHA2_384.test_4a, in file Hacl_Test_SHA2_384: stack newbuf 0uint8 @0 is a non-constant size, stack-allocated array; this is not supported by CompCert
Warning 6: in the definition of state, after the definition of expected, in the last element of the sequence, in top-level declaration Hacl.Test.SHA2_384.test_4a, in file Hacl_Test_SHA2_384: stack newbuf 0uint64 SHA2_384.size_state is a non-constant size, stack-allocated array; this is not supported by CompCert
Warning 6: in the definition of output, after the definition of output_len, in the last element of the sequence, in top-level declaration Hacl.Test.SHA2_384.test_4b, in file Hacl_Test_SHA2_384: stack newbuf 0uint8 @0 is a non-constant size, stack-allocated array; this is not supported by CompCert
Warning 6: in the definition of output, after the definition of output_len, in the last element of the sequence, in top-level declaration Hacl.Test.SHA2_384.test_5, in file Hacl_Test_SHA2_384: stack newbuf 0uint8 @0 is a non-constant size, stack-allocated array; this is not supported by CompCert
Warning 6: in the definition of plaintext, after the definition of plaintext_len, in the last element of the sequence, in top-level declaration Hacl.Test.SHA2_384.test_5, in file Hacl_Test_SHA2_384: stack newbuf 0x61uint8 @0 is a non-constant size, stack-allocated array; this is not supported by CompCert
Warning 6: in the definition of output, after the definition of output_len, in the last element of the sequence, in top-level declaration Hacl.Test.SHA2_384.test_6, in file Hacl_Test_SHA2_384: stack newbuf 0uint8 @0 is a non-constant size, stack-allocated array; this is not supported by CompCert
Warning 6: in the definition of state, after the definition of expected, in the last element of the sequence, in top-level declaration Hacl.Test.SHA2_384.test_6, in file Hacl_Test_SHA2_384: stack newbuf 0uint64 SHA2_384.size_state is a non-constant size, stack-allocated array; this is not supported by CompCert
Warning 6: in the definition of output, after the definition of output_len, in the last element of the sequence, in top-level declaration Hacl.Test.SHA2_512.test_1a, in file Hacl_Test_SHA2_512: stack newbuf 0uint8 @0 is a non-constant size, stack-allocated array; this is not supported by CompCert
Warning 6: in the definition of output, after the definition of output_len, in the last element of the sequence, in top-level declaration Hacl.Test.SHA2_512.test_1b, in file Hacl_Test_SHA2_512: stack newbuf 0uint8 @0 is a non-constant size, stack-allocated array; this is not supported by CompCert
Warning 6: in the definition of output, after the definition of output_len, in the last element of the sequence, in top-level declaration Hacl.Test.SHA2_512.test_2a, in file Hacl_Test_SHA2_512: stack newbuf 0uint8 @0 is a non-constant size, stack-allocated array; this is not supported by CompCert
Warning 6: in the definition of output, after the definition of output_len, in the last element of the sequence, in top-level declaration Hacl.Test.SHA2_512.test_2b, in file Hacl_Test_SHA2_512: stack newbuf 0uint8 @0 is a non-constant size, stack-allocated array; this is not supported by CompCert
Warning 6: in the definition of output, after the definition of output_len, in the last element of the sequence, in top-level declaration Hacl.Test.SHA2_512.test_3a, in file Hacl_Test_SHA2_512: stack newbuf 0uint8 @0 is a non-constant size, stack-allocated array; this is not supported by CompCert
Warning 6: in the definition of output, after the definition of output_len, in the last element of the sequence, in top-level declaration Hacl.Test.SHA2_512.test_3b, in file Hacl_Test_SHA2_512: stack newbuf 0uint8 @0 is a non-constant size, stack-allocated array; this is not supported by CompCert
Warning 6: in the definition of output, after the definition of output_len, in the last element of the sequence, in top-level declaration Hacl.Test.SHA2_512.test_4a, in file Hacl_Test_SHA2_512: stack newbuf 0uint8 @0 is a non-constant size, stack-allocated array; this is not supported by CompCert
Warning 6: in the definition of output, after the definition of output_len, in the last element of the sequence, in top-level declaration Hacl.Test.SHA2_512.test_4b, in file Hacl_Test_SHA2_512: stack newbuf 0uint8 @0 is a non-constant size, stack-allocated array; this is not supported by CompCert
Warning 6: in the definition of output, after the definition of output_len, in the last element of the sequence, in top-level declaration Hacl.Test.SHA2_512.test_5, in file Hacl_Test_SHA2_512: stack newbuf 0uint8 @0 is a non-constant size, stack-allocated array; this is not supported by CompCert
Warning 6: in the definition of plaintext, after the definition of plaintext_len, in the last element of the sequence, in top-level declaration Hacl.Test.SHA2_512.test_5, in file Hacl_Test_SHA2_512: stack newbuf 0x61uint8 @0 is a non-constant size, stack-allocated array; this is not supported by CompCert
Warning 6: in the definition of output, after the definition of output_len, in the last element of the sequence, in top-level declaration Hacl.Test.SHA2_512.test_6, in file Hacl_Test_SHA2_512: stack newbuf 0uint8 @0 is a non-constant size, stack-allocated array; this is not supported by CompCert
Warning 7: : After inlining, Hacl.Hash.SHA2_384.pad (going into SHA2_384) calls FStar.Int.Cast.Full.uint64_to_uint128 (going into FStar) -- removing the static qualifier from FStar.Int.Cast.Full.uint64_to_uint128
Warning 7: : After inlining, Hacl.Hash.SHA2_256.update (going into Hacl_Hash_SHA2_256) calls Hacl.Hash.Lib.LoadStore.uint32s_from_be_bytes (going into SHA2_384) -- removing the static qualifier from Hacl.Hash.Lib.LoadStore.uint32s_from_be_bytes
Warning 7: : After inlining, Hacl.Hash.SHA2_256.finish_core (going into Hacl_Hash_SHA2_256) calls Hacl.Hash.Lib.LoadStore.uint32s_to_be_bytes (going into SHA2_384) -- removing the static qualifier from Hacl.Hash.Lib.LoadStore.uint32s_to_be_bytes
Warning 7: : After inlining, Hacl.Hash.SHA2_512.update (going into Hacl_Hash_SHA2_512) calls Hacl.Hash.Lib.LoadStore.uint64s_from_be_bytes (going into SHA2_384) -- removing the static qualifier from Hacl.Hash.Lib.LoadStore.uint64s_from_be_bytes
Warning 7: : After inlining, Hacl.Hash.SHA2_512.finish_core (going into Hacl_Hash_SHA2_512) calls Hacl.Hash.Lib.LoadStore.uint64s_to_be_bytes (going into SHA2_384) -- removing the static qualifier from Hacl.Hash.Lib.LoadStore.uint64s_to_be_bytes
Warning 6: in the definition of output, after the definition of output_len, in the last element of the sequence, in top-level declaration Hacl.Test.SHA2_256.test_1a, in file Hacl_Test_SHA2_256: stack newbuf 0uint8 @0 is a non-constant size, stack-allocated array; this is not supported by CompCert
Warning 6: in the definition of ctx, after the definition of expected, in the last element of the sequence, in top-level declaration Hacl.Test.SHA2_256.test_1a, in file Hacl_Test_SHA2_256: stack newbuf 0uint32 SHA2_256.size_state is a non-constant size, stack-allocated array; this is not supported by CompCert
Warning 6: in the definition of output, after the definition of output_len, in the last element of the sequence, in top-level declaration Hacl.Test.SHA2_256.test_1b, in file Hacl_Test_SHA2_256: stack newbuf 0uint8 @0 is a non-constant size, stack-allocated array; this is not supported by CompCert
Warning 6: in the definition of ctx, after the definition of expected, in the last element of the sequence, in top-level declaration Hacl.Test.SHA2_256.test_1b, in file Hacl_Test_SHA2_256: stack newbuf 0uint32 SHA2_256.size_state is a non-constant size, stack-allocated array; this is not supported by CompCert
Warning 6: in the definition of output, after the definition of output_len, in the last element of the sequence, in top-level declaration Hacl.Test.SHA2_256.test_2a, in file Hacl_Test_SHA2_256: stack newbuf 0uint8 @0 is a non-constant size, stack-allocated array; this is not supported by CompCert
Warning 6: in the definition of ctx, after the definition of expected, in the last element of the sequence, in top-level declaration Hacl.Test.SHA2_256.test_2a, in file Hacl_Test_SHA2_256: stack newbuf 0uint32 SHA2_256.size_state is a non-constant size, stack-allocated array; this is not supported by CompCert
Warning 6: in the definition of output, after the definition of output_len, in the last element of the sequence, in top-level declaration Hacl.Test.SHA2_256.test_2b, in file Hacl_Test_SHA2_256: stack newbuf 0uint8 @0 is a non-constant size, stack-allocated array; this is not supported by CompCert
Warning 6: in the definition of ctx, after the definition of expected, in the last element of the sequence, in top-level declaration Hacl.Test.SHA2_256.test_2b, in file Hacl_Test_SHA2_256: stack newbuf 0uint32 SHA2_256.size_state is a non-constant size, stack-allocated array; this is not supported by CompCert
Warning 6: in the definition of output, after the definition of output_len, in the last element of the sequence, in top-level declaration Hacl.Test.SHA2_256.test_3a, in file Hacl_Test_SHA2_256: stack newbuf 0uint8 @0 is a non-constant size, stack-allocated array; this is not supported by CompCert
Warning 6: in the definition of ctx, after the definition of expected, in the last element of the sequence, in top-level declaration Hacl.Test.SHA2_256.test_3a, in file Hacl_Test_SHA2_256: stack newbuf 0uint32 SHA2_256.size_state is a non-constant size, stack-allocated array; this is not supported by CompCert
Warning 6: in the definition of output, after the definition of output_len, in the last element of the sequence, in top-level declaration Hacl.Test.SHA2_256.test_3b, in file Hacl_Test_SHA2_256: stack newbuf 0uint8 @0 is a non-constant size, stack-allocated array; this is not supported by CompCert
Warning 6: in the definition of ctx, after the definition of expected, in the last element of the sequence, in top-level declaration Hacl.Test.SHA2_256.test_3b, in file Hacl_Test_SHA2_256: stack newbuf 0uint32 SHA2_256.size_state is a non-constant size, stack-allocated array; this is not supported by CompCert
Warning 6: in the definition of output, after the definition of output_len, in the last element of the sequence, in top-level declaration Hacl.Test.SHA2_256.test_4a, in file Hacl_Test_SHA2_256: stack newbuf 0uint8 @0 is a non-constant size, stack-allocated array; this is not supported by CompCert
Warning 6: in the definition of ctx, after the definition of expected, in the last element of the sequence, in top-level declaration Hacl.Test.SHA2_256.test_4a, in file Hacl_Test_SHA2_256: stack newbuf 0uint32 SHA2_256.size_state is a non-constant size, stack-allocated array; this is not supported by CompCert
Warning 6: in the definition of output, after the definition of output_len, in the last element of the sequence, in top-level declaration Hacl.Test.SHA2_256.test_4b, in file Hacl_Test_SHA2_256: stack newbuf 0uint8 @0 is a non-constant size, stack-allocated array; this is not supported by CompCert
Warning 6: in the definition of ctx, after the definition of expected, in the last element of the sequence, in top-level declaration Hacl.Test.SHA2_256.test_4b, in file Hacl_Test_SHA2_256: stack newbuf 0uint32 SHA2_256.size_state is a non-constant size, stack-allocated array; this is not supported by CompCert
Warning 6: in the definition of output, after the definition of output_len, in the last element of the sequence, in top-level declaration Hacl.Test.SHA2_256.test_5, in file Hacl_Test_SHA2_256: stack newbuf 0uint8 @0 is a non-constant size, stack-allocated array; this is not supported by CompCert
Warning 6: in the definition of plaintext, after the definition of plaintext_len, in the last element of the sequence, in top-level declaration Hacl.Test.SHA2_256.test_5, in file Hacl_Test_SHA2_256: stack newbuf 0x61uint8 @0 is a non-constant size, stack-allocated array; this is not supported by CompCert
Warning 6: in the definition of ctx, after the definition of expected, in the last element of the sequence, in top-level declaration Hacl.Test.SHA2_256.test_5, in file Hacl_Test_SHA2_256: stack newbuf 0uint32 SHA2_256.size_state is a non-constant size, stack-allocated array; this is not supported by CompCert
Warning 6: in the definition of output, after the definition of output_len, in the last element of the sequence, in top-level declaration Hacl.Test.SHA2_256.test_6, in file Hacl_Test_SHA2_256: stack newbuf 0uint8 @0 is a non-constant size, stack-allocated array; this is not supported by CompCert
Warning 6: in the definition of ctx, after the definition of expected, in the last element of the sequence, in top-level declaration Hacl.Test.SHA2_256.test_6, in file Hacl_Test_SHA2_256: stack newbuf 0uint32 SHA2_256.size_state is a non-constant size, stack-allocated array; this is not supported by CompCert
Warning 6: in the definition of output, after the definition of output_len, in the last element of the sequence, in top-level declaration Hacl.Test.SHA2_384.test_1a, in file Hacl_Test_SHA2_384: stack newbuf 0uint8 @0 is a non-constant size, stack-allocated array; this is not supported by CompCert
Warning 6: in the definition of state, after the definition of expected, in the last element of the sequence, in top-level declaration Hacl.Test.SHA2_384.test_1a, in file Hacl_Test_SHA2_384: stack newbuf 0uint64 SHA2_384.size_state is a non-constant size, stack-allocated array; this is not supported by CompCert
Warning 6: in the definition of output, after the definition of output_len, in the last element of the sequence, in top-level declaration Hacl.Test.SHA2_384.test_1b, in file Hacl_Test_SHA2_384: stack newbuf 0uint8 @0 is a non-constant size, stack-allocated array; this is not supported by CompCert
Warning 6: in the definition of output, after the definition of output_len, in the last element of the sequence, in top-level declaration Hacl.Test.SHA2_384.test_2a, in file Hacl_Test_SHA2_384: stack newbuf 0uint8 @0 is a non-constant size, stack-allocated array; this is not supported by CompCert
Warning 6: in the definition of state, after the definition of expected, in the last element of the sequence, in top-level declaration Hacl.Test.SHA2_384.test_2a, in file Hacl_Test_SHA2_384: stack newbuf 0uint64 SHA2_384.size_state is a non-constant size, stack-allocated array; this is not supported by CompCert
Warning 6: in the definition of output, after the definition of output_len, in the last element of the sequence, in top-level declaration Hacl.Test.SHA2_384.test_2b, in file Hacl_Test_SHA2_384: stack newbuf 0uint8 @0 is a non-constant size, stack-allocated array; this is not supported by CompCert
Warning 6: in the definition of output, after the definition of output_len, in the last element of the sequence, in top-level declaration Hacl.Test.SHA2_384.test_3a, in file Hacl_Test_SHA2_384: stack newbuf 0uint8 @0 is a non-constant size, stack-allocated array; this is not supported by CompCert
Warning 6: in the definition of state, after the definition of expected, in the last element of the sequence, in top-level declaration Hacl.Test.SHA2_384.test_3a, in file Hacl_Test_SHA2_384: stack newbuf 0uint64 SHA2_384.size_state is a non-constant size, stack-allocated array; this is not supported by CompCert
Warning 6: in the definition of output, after the definition of output_len, in the last element of the sequence, in top-level declaration Hacl.Test.SHA2_384.test_3b, in file Hacl_Test_SHA2_384: stack newbuf 0uint8 @0 is a non-constant size, stack-allocated array; this is not supported by CompCert
Warning 6: in the definition of output, after the definition of output_len, in the last element of the sequence, in top-level declaration Hacl.Test.SHA2_384.test_4a, in file Hacl_Test_SHA2_384: stack newbuf 0uint8 @0 is a non-constant size, stack-allocated array; this is not supported by CompCert
Warning 6: in the definition of state, after the definition of expected, in the last element of the sequence, in top-level declaration Hacl.Test.SHA2_384.test_4a, in file Hacl_Test_SHA2_384: stack newbuf 0uint64 SHA2_384.size_state is a non-constant size, stack-allocated array; this is not supported by CompCert
Warning 6: in the definition of output, after the definition of output_len, in the last element of the sequence, in top-level declaration Hacl.Test.SHA2_384.test_4b, in file Hacl_Test_SHA2_384: stack newbuf 0uint8 @0 is a non-constant size, stack-allocated array; this is not supported by CompCert
Warning 6: in the definition of output, after the definition of output_len, in the last element of the sequence, in top-level declaration Hacl.Test.SHA2_384.test_5, in file Hacl_Test_SHA2_384: stack newbuf 0uint8 @0 is a non-constant size, stack-allocated array; this is not supported by CompCert
Warning 6: in the definition of plaintext, after the definition of plaintext_len, in the last element of the sequence, in top-level declaration Hacl.Test.SHA2_384.test_5, in file Hacl_Test_SHA2_384: stack newbuf 0x61uint8 @0 is a non-constant size, stack-allocated array; this is not supported by CompCert
Warning 6: in the definition of output, after the definition of output_len, in the last element of the sequence, in top-level declaration Hacl.Test.SHA2_384.test_6, in file Hacl_Test_SHA2_384: stack newbuf 0uint8 @0 is a non-constant size, stack-allocated array; this is not supported by CompCert
Warning 6: in the definition of state, after the definition of expected, in the last element of the sequence, in top-level declaration Hacl.Test.SHA2_384.test_6, in file Hacl_Test_SHA2_384: stack newbuf 0uint64 SHA2_384.size_state is a non-constant size, stack-allocated array; this is not supported by CompCert
Warning 6: in the definition of output, after the definition of output_len, in the last element of the sequence, in top-level declaration Hacl.Test.SHA2_512.test_1a, in file Hacl_Test_SHA2_512: stack newbuf 0uint8 @0 is a non-constant size, stack-allocated array; this is not supported by CompCert
Warning 6: in the definition of output, after the definition of output_len, in the last element of the sequence, in top-level declaration Hacl.Test.SHA2_512.test_1b, in file Hacl_Test_SHA2_512: stack newbuf 0uint8 @0 is a non-constant size, stack-allocated array; this is not supported by CompCert
Warning 6: in the definition of output, after the definition of output_len, in the last element of the sequence, in top-level declaration Hacl.Test.SHA2_512.test_2a, in file Hacl_Test_SHA2_512: stack newbuf 0uint8 @0 is a non-constant size, stack-allocated array; this is not supported by CompCert
Warning 6: in the definition of output, after the definition of output_len, in the last element of the sequence, in top-level declaration Hacl.Test.SHA2_512.test_2b, in file Hacl_Test_SHA2_512: stack newbuf 0uint8 @0 is a non-constant size, stack-allocated array; this is not supported by CompCert
Warning 6: in the definition of output, after the definition of output_len, in the last element of the sequence, in top-level declaration Hacl.Test.SHA2_512.test_3a, in file Hacl_Test_SHA2_512: stack newbuf 0uint8 @0 is a non-constant size, stack-allocated array; this is not supported by CompCert
Warning 6: in the definition of output, after the definition of output_len, in the last element of the sequence, in top-level declaration Hacl.Test.SHA2_512.test_3b, in file Hacl_Test_SHA2_512: stack newbuf 0uint8 @0 is a non-constant size, stack-allocated array; this is not supported by CompCert
Warning 6: in the definition of output, after the definition of output_len, in the last element of the sequence, in top-level declaration Hacl.Test.SHA2_512.test_4a, in file Hacl_Test_SHA2_512: stack newbuf 0uint8 @0 is a non-constant size, stack-allocated array; this is not supported by CompCert
Warning 6: in the definition of output, after the definition of output_len, in the last element of the sequence, in top-level declaration Hacl.Test.SHA2_512.test_4b, in file Hacl_Test_SHA2_512: stack newbuf 0uint8 @0 is a non-constant size, stack-allocated array; this is not supported by CompCert
Warning 6: in the definition of output, after the definition of output_len, in the last element of the sequence, in top-level declaration Hacl.Test.SHA2_512.test_5, in file Hacl_Test_SHA2_512: stack newbuf 0uint8 @0 is a non-constant size, stack-allocated array; this is not supported by CompCert
Warning 6: in the definition of plaintext, after the definition of plaintext_len, in the last element of the sequence, in top-level declaration Hacl.Test.SHA2_512.test_5, in file Hacl_Test_SHA2_512: stack newbuf 0x61uint8 @0 is a non-constant size, stack-allocated array; this is not supported by CompCert
Warning 6: in the definition of output, after the definition of output_len, in the last element of the sequence, in top-level declaration Hacl.Test.SHA2_512.test_6, in file Hacl_Test_SHA2_512: stack newbuf 0uint8 @0 is a non-constant size, stack-allocated array; this is not supported by CompCert
Warning 7: : After inlining, Hacl.Hash.SHA2_512.pad (going into SHA2_512) calls FStar.Int.Cast.Full.uint64_to_uint128 (going into FStar) -- removing the static qualifier from FStar.Int.Cast.Full.uint64_to_uint128
Warning 7: : After inlining, Hacl.Hash.SHA2_256.update (going into Hacl_Hash_SHA2_256) calls Hacl.Hash.Lib.LoadStore.uint32s_from_be_bytes (going into SHA2_512) -- removing the static qualifier from Hacl.Hash.Lib.LoadStore.uint32s_from_be_bytes
Warning 7: : After inlining, Hacl.Hash.SHA2_256.finish_core (going into Hacl_Hash_SHA2_256) calls Hacl.Hash.Lib.LoadStore.uint32s_to_be_bytes (going into SHA2_512) -- removing the static qualifier from Hacl.Hash.Lib.LoadStore.uint32s_to_be_bytes
Warning 7: : After inlining, Hacl.Hash.SHA2_384.update (going into Hacl_Hash_SHA2_384) calls Hacl.Hash.Lib.LoadStore.uint64s_from_be_bytes (going into SHA2_512) -- removing the static qualifier from Hacl.Hash.Lib.LoadStore.uint64s_from_be_bytes
Warning 7: : After inlining, Hacl.Hash.SHA2_384.finish_core (going into Hacl_Hash_SHA2_384) calls Hacl.Hash.Lib.LoadStore.uint64s_to_be_bytes (going into SHA2_512) -- removing the static qualifier from Hacl.Hash.Lib.LoadStore.uint64s_to_be_bytes
Warning 6: in the definition of output, after the definition of output_len, in the last element of the sequence, in top-level declaration Hacl.Test.SHA2_256.test_1a, in file Hacl_Test_SHA2_256: stack newbuf 0uint8 @0 is a non-constant size, stack-allocated array; this is not supported by CompCert
Warning 6: in the definition of ctx, after the definition of expected, in the last element of the sequence, in top-level declaration Hacl.Test.SHA2_256.test_1a, in file Hacl_Test_SHA2_256: stack newbuf 0uint32 SHA2_256.size_state is a non-constant size, stack-allocated array; this is not supported by CompCert
Warning 6: in the definition of output, after the definition of output_len, in the last element of the sequence, in top-level declaration Hacl.Test.SHA2_256.test_1b, in file Hacl_Test_SHA2_256: stack newbuf 0uint8 @0 is a non-constant size, stack-allocated array; this is not supported by CompCert
Warning 6: in the definition of ctx, after the definition of expected, in the last element of the sequence, in top-level declaration Hacl.Test.SHA2_256.test_1b, in file Hacl_Test_SHA2_256: stack newbuf 0uint32 SHA2_256.size_state is a non-constant size, stack-allocated array; this is not supported by CompCert
Warning 6: in the definition of output, after the definition of output_len, in the last element of the sequence, in top-level declaration Hacl.Test.SHA2_256.test_2a, in file Hacl_Test_SHA2_256: stack newbuf 0uint8 @0 is a non-constant size, stack-allocated array; this is not supported by CompCert
Warning 6: in the definition of ctx, after the definition of expected, in the last element of the sequence, in top-level declaration Hacl.Test.SHA2_256.test_2a, in file Hacl_Test_SHA2_256: stack newbuf 0uint32 SHA2_256.size_state is a non-constant size, stack-allocated array; this is not supported by CompCert
Warning 6: in the definition of output, after the definition of output_len, in the last element of the sequence, in top-level declaration Hacl.Test.SHA2_256.test_2b, in file Hacl_Test_SHA2_256: stack newbuf 0uint8 @0 is a non-constant size, stack-allocated array; this is not supported by CompCert
Warning 6: in the definition of ctx, after the definition of expected, in the last element of the sequence, in top-level declaration Hacl.Test.SHA2_256.test_2b, in file Hacl_Test_SHA2_256: stack newbuf 0uint32 SHA2_256.size_state is a non-constant size, stack-allocated array; this is not supported by CompCert
Warning 6: in the definition of output, after the definition of output_len, in the last element of the sequence, in top-level declaration Hacl.Test.SHA2_256.test_3a, in file Hacl_Test_SHA2_256: stack newbuf 0uint8 @0 is a non-constant size, stack-allocated array; this is not supported by CompCert
Warning 6: in the definition of ctx, after the definition of expected, in the last element of the sequence, in top-level declaration Hacl.Test.SHA2_256.test_3a, in file Hacl_Test_SHA2_256: stack newbuf 0uint32 SHA2_256.size_state is a non-constant size, stack-allocated array; this is not supported by CompCert
Warning 6: in the definition of output, after the definition of output_len, in the last element of the sequence, in top-level declaration Hacl.Test.SHA2_256.test_3b, in file Hacl_Test_SHA2_256: stack newbuf 0uint8 @0 is a non-constant size, stack-allocated array; this is not supported by CompCert
Warning 6: in the definition of ctx, after the definition of expected, in the last element of the sequence, in top-level declaration Hacl.Test.SHA2_256.test_3b, in file Hacl_Test_SHA2_256: stack newbuf 0uint32 SHA2_256.size_state is a non-constant size, stack-allocated array; this is not supported by CompCert
Warning 6: in the definition of output, after the definition of output_len, in the last element of the sequence, in top-level declaration Hacl.Test.SHA2_256.test_4a, in file Hacl_Test_SHA2_256: stack newbuf 0uint8 @0 is a non-constant size, stack-allocated array; this is not supported by CompCert
Warning 6: in the definition of ctx, after the definition of expected, in the last element of the sequence, in top-level declaration Hacl.Test.SHA2_256.test_4a, in file Hacl_Test_SHA2_256: stack newbuf 0uint32 SHA2_256.size_state is a non-constant size, stack-allocated array; this is not supported by CompCert
Warning 6: in the definition of output, after the definition of output_len, in the last element of the sequence, in top-level declaration Hacl.Test.SHA2_256.test_4b, in file Hacl_Test_SHA2_256: stack newbuf 0uint8 @0 is a non-constant size, stack-allocated array; this is not supported by CompCert
Warning 6: in the definition of ctx, after the definition of expected, in the last element of the sequence, in top-level declaration Hacl.Test.SHA2_256.test_4b, in file Hacl_Test_SHA2_256: stack newbuf 0uint32 SHA2_256.size_state is a non-constant size, stack-allocated array; this is not supported by CompCert
Warning 6: in the definition of output, after the definition of output_len, in the last element of the sequence, in top-level declaration Hacl.Test.SHA2_256.test_5, in file Hacl_Test_SHA2_256: stack newbuf 0uint8 @0 is a non-constant size, stack-allocated array; this is not supported by CompCert
Warning 6: in the definition of plaintext, after the definition of plaintext_len, in the last element of the sequence, in top-level declaration Hacl.Test.SHA2_256.test_5, in file Hacl_Test_SHA2_256: stack newbuf 0x61uint8 @0 is a non-constant size, stack-allocated array; this is not supported by CompCert
Warning 6: in the definition of ctx, after the definition of expected, in the last element of the sequence, in top-level declaration Hacl.Test.SHA2_256.test_5, in file Hacl_Test_SHA2_256: stack newbuf 0uint32 SHA2_256.size_state is a non-constant size, stack-allocated array; this is not supported by CompCert
Warning 6: in the definition of output, after the definition of output_len, in the last element of the sequence, in top-level declaration Hacl.Test.SHA2_256.test_6, in file Hacl_Test_SHA2_256: stack newbuf 0uint8 @0 is a non-constant size, stack-allocated array; this is not supported by CompCert
Warning 6: in the definition of ctx, after the definition of expected, in the last element of the sequence, in top-level declaration Hacl.Test.SHA2_256.test_6, in file Hacl_Test_SHA2_256: stack newbuf 0uint32 SHA2_256.size_state is a non-constant size, stack-allocated array; this is not supported by CompCert
Warning 6: in the definition of output, after the definition of output_len, in the last element of the sequence, in top-level declaration Hacl.Test.SHA2_384.test_1a, in file Hacl_Test_SHA2_384: stack newbuf 0uint8 @0 is a non-constant size, stack-allocated array; this is not supported by CompCert
Warning 6: in the definition of state, after the definition of expected, in the last element of the sequence, in top-level declaration Hacl.Test.SHA2_384.test_1a, in file Hacl_Test_SHA2_384: stack newbuf 0uint64 SHA2_384.size_state is a non-constant size, stack-allocated array; this is not supported by CompCert
Warning 6: in the definition of output, after the definition of output_len, in the last element of the sequence, in top-level declaration Hacl.Test.SHA2_384.test_1b, in file Hacl_Test_SHA2_384: stack newbuf 0uint8 @0 is a non-constant size, stack-allocated array; this is not supported by CompCert
Warning 6: in the definition of output, after the definition of output_len, in the last element of the sequence, in top-level declaration Hacl.Test.SHA2_384.test_2a, in file Hacl_Test_SHA2_384: stack newbuf 0uint8 @0 is a non-constant size, stack-allocated array; this is not supported by CompCert
Warning 6: in the definition of state, after the definition of expected, in the last element of the sequence, in top-level declaration Hacl.Test.SHA2_384.test_2a, in file Hacl_Test_SHA2_384: stack newbuf 0uint64 SHA2_384.size_state is a non-constant size, stack-allocated array; this is not supported by CompCert
Warning 6: in the definition of output, after the definition of output_len, in the last element of the sequence, in top-level declaration Hacl.Test.SHA2_384.test_2b, in file Hacl_Test_SHA2_384: stack newbuf 0uint8 @0 is a non-constant size, stack-allocated array; this is not supported by CompCert
Warning 6: in the definition of output, after the definition of output_len, in the last element of the sequence, in top-level declaration Hacl.Test.SHA2_384.test_3a, in file Hacl_Test_SHA2_384: stack newbuf 0uint8 @0 is a non-constant size, stack-allocated array; this is not supported by CompCert
Warning 6: in the definition of state, after the definition of expected, in the last element of the sequence, in top-level declaration Hacl.Test.SHA2_384.test_3a, in file Hacl_Test_SHA2_384: stack newbuf 0uint64 SHA2_384.size_state is a non-constant size, stack-allocated array; this is not supported by CompCert
Warning 6: in the definition of output, after the definition of output_len, in the last element of the sequence, in top-level declaration Hacl.Test.SHA2_384.test_3b, in file Hacl_Test_SHA2_384: stack newbuf 0uint8 @0 is a non-constant size, stack-allocated array; this is not supported by CompCert
Warning 6: in the definition of output, after the definition of output_len, in the last element of the sequence, in top-level declaration Hacl.Test.SHA2_384.test_4a, in file Hacl_Test_SHA2_384: stack newbuf 0uint8 @0 is a non-constant size, stack-allocated array; this is not supported by CompCert
Warning 6: in the definition of state, after the definition of expected, in the last element of the sequence, in top-level declaration Hacl.Test.SHA2_384.test_4a, in file Hacl_Test_SHA2_384: stack newbuf 0uint64 SHA2_384.size_state is a non-constant size, stack-allocated array; this is not supported by CompCert
Warning 6: in the definition of output, after the definition of output_len, in the last element of the sequence, in top-level declaration Hacl.Test.SHA2_384.test_4b, in file Hacl_Test_SHA2_384: stack newbuf 0uint8 @0 is a non-constant size, stack-allocated array; this is not supported by CompCert
Warning 6: in the definition of output, after the definition of output_len, in the last element of the sequence, in top-level declaration Hacl.Test.SHA2_384.test_5, in file Hacl_Test_SHA2_384: stack newbuf 0uint8 @0 is a non-constant size, stack-allocated array; this is not supported by CompCert
Warning 6: in the definition of plaintext, after the definition of plaintext_len, in the last element of the sequence, in top-level declaration Hacl.Test.SHA2_384.test_5, in file Hacl_Test_SHA2_384: stack newbuf 0x61uint8 @0 is a non-constant size, stack-allocated array; this is not supported by CompCert
Warning 6: in the definition of output, after the definition of output_len, in the last element of the sequence, in top-level declaration Hacl.Test.SHA2_384.test_6, in file Hacl_Test_SHA2_384: stack newbuf 0uint8 @0 is a non-constant size, stack-allocated array; this is not supported by CompCert
Warning 6: in the definition of state, after the definition of expected, in the last element of the sequence, in top-level declaration Hacl.Test.SHA2_384.test_6, in file Hacl_Test_SHA2_384: stack newbuf 0uint64 SHA2_384.size_state is a non-constant size, stack-allocated array; this is not supported by CompCert
Warning 6: in the definition of output, after the definition of output_len, in the last element of the sequence, in top-level declaration Hacl.Test.SHA2_512.test_1a, in file Hacl_Test_SHA2_512: stack newbuf 0uint8 @0 is a non-constant size, stack-allocated array; this is not supported by CompCert
Warning 6: in the definition of output, after the definition of output_len, in the last element of the sequence, in top-level declaration Hacl.Test.SHA2_512.test_1b, in file Hacl_Test_SHA2_512: stack newbuf 0uint8 @0 is a non-constant size, stack-allocated array; this is not supported by CompCert
Warning 6: in the definition of output, after the definition of output_len, in the last element of the sequence, in top-level declaration Hacl.Test.SHA2_512.test_2a, in file Hacl_Test_SHA2_512: stack newbuf 0uint8 @0 is a non-constant size, stack-allocated array; this is not supported by CompCert
Warning 6: in the definition of output, after the definition of output_len, in the last element of the sequence, in top-level declaration Hacl.Test.SHA2_512.test_2b, in file Hacl_Test_SHA2_512: stack newbuf 0uint8 @0 is a non-constant size, stack-allocated array; this is not supported by CompCert
Warning 6: in the definition of output, after the definition of output_len, in the last element of the sequence, in top-level declaration Hacl.Test.SHA2_512.test_3a, in file Hacl_Test_SHA2_512: stack newbuf 0uint8 @0 is a non-constant size, stack-allocated array; this is not supported by CompCert
Warning 6: in the definition of output, after the definition of output_len, in the last element of the sequence, in top-level declaration Hacl.Test.SHA2_512.test_3b, in file Hacl_Test_SHA2_512: stack newbuf 0uint8 @0 is a non-constant size, stack-allocated array; this is not supported by CompCert
Warning 6: in the definition of output, after the definition of output_len, in the last element of the sequence, in top-level declaration Hacl.Test.SHA2_512.test_4a, in file Hacl_Test_SHA2_512: stack newbuf 0uint8 @0 is a non-constant size, stack-allocated array; this is not supported by CompCert
Warning 6: in the definition of output, after the definition of output_len, in the last element of the sequence, in top-level declaration Hacl.Test.SHA2_512.test_4b, in file Hacl_Test_SHA2_512: stack newbuf 0uint8 @0 is a non-constant size, stack-allocated array; this is not supported by CompCert
Warning 6: in the definition of output, after the definition of output_len, in the last element of the sequence, in top-level declaration Hacl.Test.SHA2_512.test_5, in file Hacl_Test_SHA2_512: stack newbuf 0uint8 @0 is a non-constant size, stack-allocated array; this is not supported by CompCert
Warning 6: in the definition of plaintext, after the definition of plaintext_len, in the last element of the sequence, in top-level declaration Hacl.Test.SHA2_512.test_5, in file Hacl_Test_SHA2_512: stack newbuf 0x61uint8 @0 is a non-constant size, stack-allocated array; this is not supported by CompCert
Warning 6: in the definition of output, after the definition of output_len, in the last element of the sequence, in top-level declaration Hacl.Test.SHA2_512.test_6, in file Hacl_Test_SHA2_512: stack newbuf 0uint8 @0 is a non-constant size, stack-allocated array; this is not supported by CompCert
Warning 7: : After inlining, Hacl.Hash.SHA2_512.pad (going into SHA2_512) calls FStar.Int.Cast.Full.uint64_to_uint128 (going into FStar) -- removing the static qualifier from FStar.Int.Cast.Full.uint64_to_uint128
Warning 7: : After inlining, Hacl.Hash.SHA2_256.update (going into Hacl_Hash_SHA2_256) calls Hacl.Hash.Lib.LoadStore.uint32s_from_be_bytes (going into SHA2_512) -- removing the static qualifier from Hacl.Hash.Lib.LoadStore.uint32s_from_be_bytes
Warning 7: : After inlining, Hacl.Hash.SHA2_256.finish_core (going into Hacl_Hash_SHA2_256) calls Hacl.Hash.Lib.LoadStore.uint32s_to_be_bytes (going into SHA2_512) -- removing the static qualifier from Hacl.Hash.Lib.LoadStore.uint32s_to_be_bytes
Warning 7: : After inlining, Hacl.Hash.SHA2_384.update (going into Hacl_Hash_SHA2_384) calls Hacl.Hash.Lib.LoadStore.uint64s_from_be_bytes (going into SHA2_512) -- removing the static qualifier from Hacl.Hash.Lib.LoadStore.uint64s_from_be_bytes
Warning 7: : After inlining, Hacl.Hash.SHA2_384.finish_core (going into Hacl_Hash_SHA2_384) calls Hacl.Hash.Lib.LoadStore.uint64s_to_be_bytes (going into SHA2_512) -- removing the static qualifier from Hacl.Hash.Lib.LoadStore.uint64s_to_be_bytes
Warning 7: : After inlining, Hacl.Bignum.Modulo.carry_top_wide (going into Ed25519) calls FStar.Int.Cast.Full.uint128_to_uint64 (going into FStar) -- removing the static qualifier from FStar.Int.Cast.Full.uint128_to_uint64
Warning 7: : After inlining, Hacl.Bignum.Modulo.carry_top_wide (going into Ed25519) calls FStar.Int.Cast.Full.uint64_to_uint128 (going into FStar) -- removing the static qualifier from FStar.Int.Cast.Full.uint64_to_uint128

scons: warning: you do not seem to have the pywin32 extensions installed;
parallel (-j) builds may not work reliably with open Python files.
File "C:\Binaries\scons\Scripts\scons.py", line 199, in <module>
File "CoreCrypto.ml", line 526, characters 24-144:
Warning 8: this pattern-matching is not exhaustive.
Here is an example of a value that is not matched:
ECC_X448
Submodule 'ucontrib/CoreCrypto/ml/openssl' (https://github.com/openssl/openssl) registered for path 'openssl'
Cloning into '/cygdrive/c/Build/Agent1/_work/7/s/FStar/ucontrib/CoreCrypto/ml/openssl'...
crypto/asn1/x_int64.c: In function 'uint64_print':
crypto/asn1/x_int64.c:105:32: warning: unknown conversion type character 'j' in format [-Wformat=]
return BIO_printf(out, "%jd\n", **(int64_t **)pval);
^
crypto/asn1/x_int64.c:105:32: warning: too many arguments for format [-Wformat-extra-args]
crypto/asn1/x_int64.c:106:28: warning: unknown conversion type character 'j' in format [-Wformat=]
return BIO_printf(out, "%ju\n", **(uint64_t **)pval);
^
crypto/asn1/x_int64.c:106:28: warning: too many arguments for format [-Wformat-extra-args]
crypto/bio/b_sock2.c: In function 'BIO_socket':
crypto/bio/b_sock2.c:45:16: warning: overflow in implicit constant conversion [-Woverflow]
return INVALID_SOCKET;
^
crypto/bio/b_sock2.c:51:16: warning: overflow in implicit constant conversion [-Woverflow]
return INVALID_SOCKET;
^
crypto/bio/b_sock2.c: In function 'BIO_connect':
crypto/bio/b_sock2.c:90:56: warning: passing argument 4 of 'setsockopt' from incompatible pointer type [-Wincompatible-pointer-types]
if (setsockopt(sock, SOL_SOCKET, SO_KEEPALIVE, &on, sizeof(on)) != 0) {
^
In file included from ./e_os.h:218:0,
from crypto/bio/bio_lcl.h:11,
from crypto/bio/b_sock2.c:14:
/usr/x86_64-w64-mingw32/sys-root/mingw/include/winsock2.h:999:34: note: expected 'const char *' but argument is of type 'int *'
WINSOCK_API_LINKAGE int WSAAPI setsockopt(SOCKET s,int level,int optname,const char *optval,int optlen);
^
crypto/bio/b_sock2.c:98:56: warning: passing argument 4 of 'setsockopt' from incompatible pointer type [-Wincompatible-pointer-types]
if (setsockopt(sock, IPPROTO_TCP, TCP_NODELAY, &on, sizeof(on)) != 0) {
^
In file included from ./e_os.h:218:0,
from crypto/bio/bio_lcl.h:11,
from crypto/bio/b_sock2.c:14:
/usr/x86_64-w64-mingw32/sys-root/mingw/include/winsock2.h:999:34: note: expected 'const char *' but argument is of type 'int *'
WINSOCK_API_LINKAGE int WSAAPI setsockopt(SOCKET s,int level,int optname,const char *optval,int optlen);
^
crypto/bio/b_sock2.c: In function 'BIO_listen':
crypto/bio/b_sock2.c:164:47: warning: passing argument 4 of 'getsockopt' from incompatible pointer type [-Wincompatible-pointer-types]
if (getsockopt(sock, SOL_SOCKET, SO_TYPE, &socktype, &socktype_len) != 0
^
In file included from ./e_os.h:218:0,
from crypto/bio/bio_lcl.h:11,
from crypto/bio/b_sock2.c:14:
/usr/x86_64-w64-mingw32/sys-root/mingw/include/winsock2.h:980:34: note: expected 'char *' but argument is of type 'int *'
WINSOCK_API_LINKAGE int WSAAPI getsockopt(SOCKET s,int level,int optname,char *optval,int *optlen);
^
crypto/bio/b_sock2.c:187:56: warning: passing argument 4 of 'setsockopt' from incompatible pointer type [-Wincompatible-pointer-types]
if (setsockopt(sock, SOL_SOCKET, SO_KEEPALIVE, &on, sizeof(on)) != 0) {
^
In file included from ./e_os.h:218:0,
from crypto/bio/bio_lcl.h:11,
from crypto/bio/b_sock2.c:14:
/usr/x86_64-w64-mingw32/sys-root/mingw/include/winsock2.h:999:34: note: expected 'const char *' but argument is of type 'int *'
WINSOCK_API_LINKAGE int WSAAPI setsockopt(SOCKET s,int level,int optname,const char *optval,int optlen);
^
crypto/bio/b_sock2.c:195:56: warning: passing argument 4 of 'setsockopt' from incompatible pointer type [-Wincompatible-pointer-types]
if (setsockopt(sock, IPPROTO_TCP, TCP_NODELAY, &on, sizeof(on)) != 0) {
^
In file included from ./e_os.h:218:0,
from crypto/bio/bio_lcl.h:11,
from crypto/bio/b_sock2.c:14:
/usr/x86_64-w64-mingw32/sys-root/mingw/include/winsock2.h:999:34: note: expected 'const char *' but argument is of type 'int *'
WINSOCK_API_LINKAGE int WSAAPI setsockopt(SOCKET s,int level,int optname,const char *optval,int optlen);
^
crypto/bio/b_sock2.c:204:57: warning: passing argument 4 of 'setsockopt' from incompatible pointer type [-Wincompatible-pointer-types]
if (setsockopt(sock, IPPROTO_IPV6, IPV6_V6ONLY, &on, sizeof(on)) != 0) {
^
In file included from ./e_os.h:218:0,
from crypto/bio/bio_lcl.h:11,
from crypto/bio/b_sock2.c:14:
/usr/x86_64-w64-mingw32/sys-root/mingw/include/winsock2.h:999:34: note: expected 'const char *' but argument is of type 'int *'
WINSOCK_API_LINKAGE int WSAAPI setsockopt(SOCKET s,int level,int optname,const char *optval,int optlen);
^
crypto/bio/b_sock2.c: In function 'BIO_accept_ex':
crypto/bio/b_sock2.c:249:16: warning: overflow in implicit constant conversion [-Woverflow]
return INVALID_SOCKET;
^
crypto/bio/b_sock2.c:254:16: warning: overflow in implicit constant conversion [-Woverflow]
return INVALID_SOCKET;
^
crypto/bio/b_sock.c: In function 'BIO_get_accept_socket':
crypto/bio/b_sock.c:211:13: warning: overflow in implicit constant conversion [-Woverflow]
int s = INVALID_SOCKET;
^
crypto/bio/b_sock.c:216:16: warning: overflow in implicit constant conversion [-Woverflow]
return INVALID_SOCKET;
^
crypto/bio/b_sock.c:219:16: warning: overflow in implicit constant conversion [-Woverflow]
return INVALID_SOCKET;
^
crypto/bio/b_sock.c:226:13: warning: overflow in implicit constant conversion [-Woverflow]
s = INVALID_SOCKET;
^
crypto/bio/b_sock.c:233:13: warning: overflow in implicit constant conversion [-Woverflow]
s = INVALID_SOCKET;
^
In file included from crypto/bn/bn_print.c:15:0:
crypto/bn/bn_print.c: In function 'BN_bn2dec':
crypto/bn/bn_lcl.h:94:27: warning: unknown conversion type character 'l' in format [-Wformat=]
#  define BN_DEC_FMT1     "%llu"
^
crypto/bn/bn_print.c:104:37: note: in expansion of macro 'BN_DEC_FMT1'
BIO_snprintf(p, BUF_REMAIN, BN_DEC_FMT1, *lp);
^
crypto/bn/bn_lcl.h:94:27: warning: too many arguments for format [-Wformat-extra-args]
#  define BN_DEC_FMT1     "%llu"
^
crypto/bn/bn_print.c:104:37: note: in expansion of macro 'BN_DEC_FMT1'
BIO_snprintf(p, BUF_REMAIN, BN_DEC_FMT1, *lp);
^
crypto/bn/bn_lcl.h:95:27: warning: unknown conversion type character 'l' in format [-Wformat=]
#  define BN_DEC_FMT2     "%019llu"
^
crypto/bn/bn_print.c:109:41: note: in expansion of macro 'BN_DEC_FMT2'
BIO_snprintf(p, BUF_REMAIN, BN_DEC_FMT2, *lp);
^
crypto/bn/bn_lcl.h:95:27: warning: too many arguments for format [-Wformat-extra-args]
#  define BN_DEC_FMT2     "%019llu"
^
crypto/bn/bn_print.c:109:41: note: in expansion of macro 'BN_DEC_FMT2'
BIO_snprintf(p, BUF_REMAIN, BN_DEC_FMT2, *lp);
^
crypto/threads_win.c: In function 'CRYPTO_atomic_add':
crypto/threads_win.c:132:35: warning: passing argument 1 of '_InterlockedExchangeAdd' from incompatible pointer type [-Wincompatible-pointer-types]
*ret = InterlockedExchangeAdd(val, amount) + amount;
^
In file included from /usr/x86_64-w64-mingw32/sys-root/mingw/include/winnt.h:27:0,
from /usr/x86_64-w64-mingw32/sys-root/mingw/include/minwindef.h:163,
from /usr/x86_64-w64-mingw32/sys-root/mingw/include/windef.h:8,
from /usr/x86_64-w64-mingw32/sys-root/mingw/include/windows.h:69,
from crypto/threads_win.c:11:
/usr/x86_64-w64-mingw32/sys-root/mingw/include/psdk_inc/intrin-impl.h:1026:10: note: expected 'volatile long int *' but argument is of type 'int *'
__LONG32 _InterlockedExchangeAdd(__LONG32 volatile *Addend, __LONG32 Value) {
^
test/testutil/tests.c: In function 'test_size_t_eq':
test/testutil/tests.c:575:27: warning: unknown conversion type character 'z' in format [-Wformat=]
"[" fmt "] compared to [" fmt "]",            \
^
test/testutil/tests.c:581:5: note: in expansion of macro 'DEFINE_COMPARISON'
DEFINE_COMPARISON(type, name, eq, ==, fmt)                          \
^
test/testutil/tests.c:594:1: note: in expansion of macro 'DEFINE_COMPARISONS'
DEFINE_COMPARISONS(size_t, size_t, "%zu")
^
test/testutil/tests.c:575:27: warning: unknown conversion type character 'z' in format [-Wformat=]
"[" fmt "] compared to [" fmt "]",            \
^
test/testutil/tests.c:581:5: note: in expansion of macro 'DEFINE_COMPARISON'
DEFINE_COMPARISON(type, name, eq, ==, fmt)                          \
^
test/testutil/tests.c:594:1: note: in expansion of macro 'DEFINE_COMPARISONS'
DEFINE_COMPARISONS(size_t, size_t, "%zu")
^
test/testutil/tests.c:575:27: warning: too many arguments for format [-Wformat-extra-args]
"[" fmt "] compared to [" fmt "]",            \
^
test/testutil/tests.c:581:5: note: in expansion of macro 'DEFINE_COMPARISON'
DEFINE_COMPARISON(type, name, eq, ==, fmt)                          \
^
test/testutil/tests.c:594:1: note: in expansion of macro 'DEFINE_COMPARISONS'
DEFINE_COMPARISONS(size_t, size_t, "%zu")
^
test/testutil/tests.c: In function 'test_size_t_ne':
test/testutil/tests.c:575:27: warning: unknown conversion type character 'z' in format [-Wformat=]
"[" fmt "] compared to [" fmt "]",            \
^
test/testutil/tests.c:582:5: note: in expansion of macro 'DEFINE_COMPARISON'
DEFINE_COMPARISON(type, name, ne, !=, fmt)                          \
^
test/testutil/tests.c:594:1: note: in expansion of macro 'DEFINE_COMPARISONS'
DEFINE_COMPARISONS(size_t, size_t, "%zu")
^
test/testutil/tests.c:575:27: warning: unknown conversion type character 'z' in format [-Wformat=]
"[" fmt "] compared to [" fmt "]",            \
^
test/testutil/tests.c:582:5: note: in expansion of macro 'DEFINE_COMPARISON'
DEFINE_COMPARISON(type, name, ne, !=, fmt)                          \
^
test/testutil/tests.c:594:1: note: in expansion of macro 'DEFINE_COMPARISONS'
DEFINE_COMPARISONS(size_t, size_t, "%zu")
^
test/testutil/tests.c:575:27: warning: too many arguments for format [-Wformat-extra-args]
"[" fmt "] compared to [" fmt "]",            \
^
test/testutil/tests.c:582:5: note: in expansion of macro 'DEFINE_COMPARISON'
DEFINE_COMPARISON(type, name, ne, !=, fmt)                          \
^
test/testutil/tests.c:594:1: note: in expansion of macro 'DEFINE_COMPARISONS'
DEFINE_COMPARISONS(size_t, size_t, "%zu")
^
test/testutil/tests.c: In function 'test_size_t_lt':
test/testutil/tests.c:575:27: warning: unknown conversion type character 'z' in format [-Wformat=]
"[" fmt "] compared to [" fmt "]",            \
^
test/testutil/tests.c:583:5: note: in expansion of macro 'DEFINE_COMPARISON'
DEFINE_COMPARISON(type, name, lt, <, fmt)                           \
^
test/testutil/tests.c:594:1: note: in expansion of macro 'DEFINE_COMPARISONS'
DEFINE_COMPARISONS(size_t, size_t, "%zu")
^
test/testutil/tests.c:575:27: warning: unknown conversion type character 'z' in format [-Wformat=]
"[" fmt "] compared to [" fmt "]",            \
^
test/testutil/tests.c:583:5: note: in expansion of macro 'DEFINE_COMPARISON'
DEFINE_COMPARISON(type, name, lt, <, fmt)                           \
^
test/testutil/tests.c:594:1: note: in expansion of macro 'DEFINE_COMPARISONS'
DEFINE_COMPARISONS(size_t, size_t, "%zu")
^
test/testutil/tests.c:575:27: warning: too many arguments for format [-Wformat-extra-args]
"[" fmt "] compared to [" fmt "]",            \
^
test/testutil/tests.c:583:5: note: in expansion of macro 'DEFINE_COMPARISON'
DEFINE_COMPARISON(type, name, lt, <, fmt)                           \
^
test/testutil/tests.c:594:1: note: in expansion of macro 'DEFINE_COMPARISONS'
DEFINE_COMPARISONS(size_t, size_t, "%zu")
^
test/testutil/tests.c: In function 'test_size_t_le':
test/testutil/tests.c:575:27: warning: unknown conversion type character 'z' in format [-Wformat=]
"[" fmt "] compared to [" fmt "]",            \
^
test/testutil/tests.c:584:5: note: in expansion of macro 'DEFINE_COMPARISON'
DEFINE_COMPARISON(type, name, le, <=, fmt)                          \
^
test/testutil/tests.c:594:1: note: in expansion of macro 'DEFINE_COMPARISONS'
DEFINE_COMPARISONS(size_t, size_t, "%zu")
^
test/testutil/tests.c:575:27: warning: unknown conversion type character 'z' in format [-Wformat=]
"[" fmt "] compared to [" fmt "]",            \
^
test/testutil/tests.c:584:5: note: in expansion of macro 'DEFINE_COMPARISON'
DEFINE_COMPARISON(type, name, le, <=, fmt)                          \
^
test/testutil/tests.c:594:1: note: in expansion of macro 'DEFINE_COMPARISONS'
DEFINE_COMPARISONS(size_t, size_t, "%zu")
^
test/testutil/tests.c:575:27: warning: too many arguments for format [-Wformat-extra-args]
"[" fmt "] compared to [" fmt "]",            \
^
test/testutil/tests.c:584:5: note: in expansion of macro 'DEFINE_COMPARISON'
DEFINE_COMPARISON(type, name, le, <=, fmt)                          \
^
test/testutil/tests.c:594:1: note: in expansion of macro 'DEFINE_COMPARISONS'
DEFINE_COMPARISONS(size_t, size_t, "%zu")
^
test/testutil/tests.c: In function 'test_size_t_gt':
test/testutil/tests.c:575:27: warning: unknown conversion type character 'z' in format [-Wformat=]
"[" fmt "] compared to [" fmt "]",            \
^
test/testutil/tests.c:585:5: note: in expansion of macro 'DEFINE_COMPARISON'
DEFINE_COMPARISON(type, name, gt, >, fmt)                           \
^
test/testutil/tests.c:594:1: note: in expansion of macro 'DEFINE_COMPARISONS'
DEFINE_COMPARISONS(size_t, size_t, "%zu")
^
test/testutil/tests.c:575:27: warning: unknown conversion type character 'z' in format [-Wformat=]
"[" fmt "] compared to [" fmt "]",            \
^
test/testutil/tests.c:585:5: note: in expansion of macro 'DEFINE_COMPARISON'
DEFINE_COMPARISON(type, name, gt, >, fmt)                           \
^
test/testutil/tests.c:594:1: note: in expansion of macro 'DEFINE_COMPARISONS'
DEFINE_COMPARISONS(size_t, size_t, "%zu")
^
test/testutil/tests.c:575:27: warning: too many arguments for format [-Wformat-extra-args]
"[" fmt "] compared to [" fmt "]",            \
^
test/testutil/tests.c:585:5: note: in expansion of macro 'DEFINE_COMPARISON'
DEFINE_COMPARISON(type, name, gt, >, fmt)                           \
^
test/testutil/tests.c:594:1: note: in expansion of macro 'DEFINE_COMPARISONS'
DEFINE_COMPARISONS(size_t, size_t, "%zu")
^
test/testutil/tests.c: In function 'test_size_t_ge':
test/testutil/tests.c:575:27: warning: unknown conversion type character 'z' in format [-Wformat=]
"[" fmt "] compared to [" fmt "]",            \
^
test/testutil/tests.c:586:5: note: in expansion of macro 'DEFINE_COMPARISON'
DEFINE_COMPARISON(type, name, ge, >=, fmt)
^
test/testutil/tests.c:594:1: note: in expansion of macro 'DEFINE_COMPARISONS'
DEFINE_COMPARISONS(size_t, size_t, "%zu")
^
test/testutil/tests.c:575:27: warning: unknown conversion type character 'z' in format [-Wformat=]
"[" fmt "] compared to [" fmt "]",            \
^
test/testutil/tests.c:586:5: note: in expansion of macro 'DEFINE_COMPARISON'
DEFINE_COMPARISON(type, name, ge, >=, fmt)
^
test/testutil/tests.c:594:1: note: in expansion of macro 'DEFINE_COMPARISONS'
DEFINE_COMPARISONS(size_t, size_t, "%zu")
^
test/testutil/tests.c:575:27: warning: too many arguments for format [-Wformat-extra-args]
"[" fmt "] compared to [" fmt "]",            \
^
test/testutil/tests.c:586:5: note: in expansion of macro 'DEFINE_COMPARISON'
DEFINE_COMPARISON(type, name, ge, >=, fmt)
^
test/testutil/tests.c:594:1: note: in expansion of macro 'DEFINE_COMPARISONS'
DEFINE_COMPARISONS(size_t, size_t, "%zu")
^
x86_64-w64-mingw32-ar: creating test/libtestutil.a
x86_64-w64-mingw32-ar: creating libssl.a
x86_64-w64-mingw32-ar: creating libcrypto.a
Warning 6: in the definition of state, in the last element of the sequence, in top-level declaration Crypto.Symmetric.AES.cipher, in file Crypto_Symmetric_AES: stack newbuf 0uint8 Crypto.Symmetric.AES.blocklen is a non-constant size, stack-allocated array; this is not supported by CompCert
Warning 6: in the definition of state, in the last element of the sequence, in top-level declaration Crypto.Symmetric.AES.inv_cipher, in file Crypto_Symmetric_AES: stack newbuf 0uint8 Crypto.Symmetric.AES.blocklen is a non-constant size, stack-allocated array; this is not supported by CompCert
Warning 6: in the definition of state, in the last element of the sequence, in top-level declaration Crypto.Symmetric.AES128.cipher, in file Crypto_Symmetric_AES128: stack newbuf 0uint8 Crypto.Symmetric.AES128.blocklen is a non-constant size, stack-allocated array; this is not supported by CompCert
Warning 6: in the definition of state, in the last element of the sequence, in top-level declaration Crypto.Symmetric.AES128.inv_cipher, in file Crypto_Symmetric_AES128: stack newbuf 0uint8 Crypto.Symmetric.AES128.blocklen is a non-constant size, stack-allocated array; this is not supported by CompCert
Warning 6: in the definition of buf, after the definition of m0, in the last element of the sequence, in top-level declaration Crypto.Symmetric.Bytes.random_bytes, in file Crypto_Symmetric_Bytes: stack newbuf 0uint8 @1 is a non-constant size, stack-allocated array; this is not supported by CompCert
Warning 6: in the definition of uu____701, in top-level declaration Crypto.Symmetric.MAC.rcreate, in file Crypto_Symmetric_MAC: eternal newbuf 0uint8 Crypto.Symmetric.MAC.wlen is a non-constant size, stack-allocated array; this is not supported by CompCert
Warning 6: in the definition of k, in top-level declaration Crypto.Symmetric.UF1CMA.akey_gen, in file Crypto_Symmetric_UF1CMA: eternal newbuf 0uint8 Crypto.Symmetric.UF1CMA.skeylen @0 is a non-constant size, stack-allocated array; this is not supported by CompCert
Warning 6: in the definition of sk, in top-level declaration Crypto.Symmetric.UF1CMA.akey_coerce, in file Crypto_Symmetric_UF1CMA: eternal newbuf 0uint8 Crypto.Symmetric.UF1CMA.skeylen @1 is a non-constant size, stack-allocated array; this is not supported by CompCert
Warning 6: in the definition of k, after the definition of len1, in top-level declaration Crypto.Symmetric.UF1CMA.gen, in file Crypto_Symmetric_UF1CMA: eternal newbuf 0uint8 @0 is a non-constant size, stack-allocated array; this is not supported by CompCert
Warning 6: in top-level declaration Crypto.Plain.create, in file Crypto_Plain: stack newbuf @1 @0 is a non-constant size, stack-allocated array; this is not supported by CompCert
Warning 6: in the definition of keystate, after the definition of mac_rgn, in the last element of the sequence, in top-level declaration Crypto.Symmetric.PRF.gen, in file Crypto_Symmetric_PRF: eternal newbuf 0uint8 Crypto.Symmetric.PRF.statelen @1 is a non-constant size, stack-allocated array; this is not supported by CompCert
Warning 6: in the definition of key, after the definition of keystate, in the last element of the sequence, in top-level declaration Crypto.Symmetric.PRF.gen, in file Crypto_Symmetric_PRF: stack newbuf 0uint8 Crypto.Symmetric.PRF.keylen @2 is a non-constant size, stack-allocated array; this is not supported by CompCert
Warning 6: in the definition of keystate, after the definition of mac_rgn, in top-level declaration Crypto.Symmetric.PRF.coerce, in file Crypto_Symmetric_PRF: eternal newbuf 0uint8 Crypto.Symmetric.PRF.statelen @2 is a non-constant size, stack-allocated array; this is not supported by CompCert
Warning 6: in the definition of keyBuffer, after the definition of macId, in the last element of the sequence, in top-level declaration Crypto.Symmetric.PRF.prf_mac, in file Crypto_Symmetric_PRF: eternal newbuf 0uint8 Crypto.Symmetric.UF1CMA.keylen @4 is a non-constant size, stack-allocated array; this is not supported by CompCert
Warning 6: in the definition of keyBuffer, after the definition of x, in top-level declaration Crypto.Symmetric.PRF.prf_sk0, in file Crypto_Symmetric_PRF: eternal newbuf 0uint8 Crypto.Symmetric.UF1CMA.skeylen @2 is a non-constant size, stack-allocated array; this is not supported by CompCert
Warning 6: in the definition of cipher1, after the definition of cipherlen, in the last element of the sequence, in top-level declaration Crypto.KrmlTest.test, in file Crypto_KrmlTest: stack newbuf 0uint8 @0 is a non-constant size, stack-allocated array; this is not supported by CompCert
Warning 6: in the definition of cipher1, after the definition of cipherlen, in the last element of the sequence, in top-level declaration Crypto.KrmlTest.test_aes_gcm, in file Crypto_KrmlTest: stack newbuf 2uint8 @0 is a non-constant size, stack-allocated array; this is not supported by CompCert
Warning 6: in the definition of plain, after the definition of plainlen, in top-level declaration Crypto.KrmlTest.test_aes_gcm_0, in file Crypto_KrmlTest: stack newbuf 0uint8 @0 is a non-constant size, stack-allocated array; this is not supported by CompCert
Warning 6: in the definition of aad, after the definition of aadlen, in top-level declaration Crypto.KrmlTest.test_aes_gcm_0, in file Crypto_KrmlTest: stack newbuf 0uint8 @0 is a non-constant size, stack-allocated array; this is not supported by CompCert
Warning 6: in the definition of plain, after the definition of plainlen, in top-level declaration Crypto.KrmlTest.test_aes_gcm_1, in file Crypto_KrmlTest: stack newbuf 0uint8 @0 is a non-constant size, stack-allocated array; this is not supported by CompCert
Warning 6: in the definition of aad, after the definition of aadlen, in top-level declaration Crypto.KrmlTest.test_aes_gcm_1, in file Crypto_KrmlTest: stack newbuf 0uint8 @0 is a non-constant size, stack-allocated array; this is not supported by CompCert
Warning 6: in the definition of plain, after the definition of plainlen, in top-level declaration Crypto.KrmlTest.test_aes_gcm_2, in file Crypto_KrmlTest: stack newbuf 0uint8 @0 is a non-constant size, stack-allocated array; this is not supported by CompCert
Warning 6: in the definition of aad, after the definition of aadlen, in top-level declaration Crypto.KrmlTest.test_aes_gcm_2, in file Crypto_KrmlTest: stack newbuf 0uint8 @0 is a non-constant size, stack-allocated array; this is not supported by CompCert
Warning 6: in the definition of aad, after the definition of aadlen, in top-level declaration Crypto.KrmlTest.test_aes_gcm_3, in file Crypto_KrmlTest: stack newbuf 0uint8 @0 is a non-constant size, stack-allocated array; this is not supported by CompCert
Warning 7: : After inlining, Crypto.Symmetric.Poly1305.Spec.field_mul (going into Crypto_Symmetric_Poly1305_Spec) calls FStar.Mul.op_Star (going into FStar) -- removing the static qualifier from FStar.Mul.op_Star
Warning 7: : After inlining, Crypto.Symmetric.UF1CMA.verify (going into Crypto_Symmetric_UF1CMA) calls FStar.Monotonic.RRef.m_recall (going into FStar) -- removing the static qualifier from FStar.Monotonic.RRef.m_recall
Warning 7: : After inlining, Crypto.AEAD.Decrypt.decrypt (going into Crypto_AEAD_Decrypt) calls Crypto.AEAD.Encoding.add_bytes (going into Crypto_AEAD_Encoding) -- removing the static qualifier from Crypto.AEAD.Encoding.add_bytes
Warning 7: : After inlining, Crypto.AEAD.Decrypt.decrypt (going into Crypto_AEAD_Decrypt) calls Crypto.AEAD.Encoding.store_lengths_poly1305 (going into Crypto_AEAD_Encoding) -- removing the static qualifier from Crypto.AEAD.Encoding.store_lengths_poly1305
Warning 7: : After inlining, Crypto.AEAD.Decrypt.decrypt (going into Crypto_AEAD_Decrypt) calls Crypto.AEAD.Encoding.store_lengths_ghash (going into Crypto_AEAD_Encoding) -- removing the static qualifier from Crypto.AEAD.Encoding.store_lengths_ghash
Warning 6: in the definition of state, in the last element of the sequence, in top-level declaration Crypto.Symmetric.AES.cipher, in file Crypto_Symmetric_AES: stack newbuf 0uint8 Crypto.Symmetric.AES.blocklen is a non-constant size, stack-allocated array; this is not supported by CompCert
Warning 6: in the definition of state, in the last element of the sequence, in top-level declaration Crypto.Symmetric.AES.inv_cipher, in file Crypto_Symmetric_AES: stack newbuf 0uint8 Crypto.Symmetric.AES.blocklen is a non-constant size, stack-allocated array; this is not supported by CompCert
Warning 6: in the definition of state, in the last element of the sequence, in top-level declaration Crypto.Symmetric.AES128.cipher, in file Crypto_Symmetric_AES128: stack newbuf 0uint8 Crypto.Symmetric.AES128.blocklen is a non-constant size, stack-allocated array; this is not supported by CompCert
Warning 6: in the definition of state, in the last element of the sequence, in top-level declaration Crypto.Symmetric.AES128.inv_cipher, in file Crypto_Symmetric_AES128: stack newbuf 0uint8 Crypto.Symmetric.AES128.blocklen is a non-constant size, stack-allocated array; this is not supported by CompCert
Warning 6: in the definition of buf, after the definition of m0, in the last element of the sequence, in top-level declaration Crypto.Symmetric.Bytes.random_bytes, in file Crypto_Symmetric_Bytes: stack newbuf 0uint8 @1 is a non-constant size, stack-allocated array; this is not supported by CompCert
Warning 6: in the definition of uu____701, in top-level declaration Crypto.Symmetric.MAC.rcreate, in file Crypto_Symmetric_MAC: eternal newbuf 0uint8 Crypto.Symmetric.MAC.wlen is a non-constant size, stack-allocated array; this is not supported by CompCert
Warning 6: in the definition of k, in top-level declaration Crypto.Symmetric.UF1CMA.akey_gen, in file Crypto_Symmetric_UF1CMA: eternal newbuf 0uint8 Crypto.Symmetric.UF1CMA.skeylen @0 is a non-constant size, stack-allocated array; this is not supported by CompCert
Warning 6: in the definition of sk, in top-level declaration Crypto.Symmetric.UF1CMA.akey_coerce, in file Crypto_Symmetric_UF1CMA: eternal newbuf 0uint8 Crypto.Symmetric.UF1CMA.skeylen @1 is a non-constant size, stack-allocated array; this is not supported by CompCert
Warning 6: in the definition of k, after the definition of len1, in top-level declaration Crypto.Symmetric.UF1CMA.gen, in file Crypto_Symmetric_UF1CMA: eternal newbuf 0uint8 @0 is a non-constant size, stack-allocated array; this is not supported by CompCert
Warning 6: in top-level declaration Crypto.Plain.create, in file Crypto_Plain: stack newbuf @1 @0 is a non-constant size, stack-allocated array; this is not supported by CompCert
Warning 6: in the definition of keystate, after the definition of mac_rgn, in the last element of the sequence, in top-level declaration Crypto.Symmetric.PRF.gen, in file Crypto_Symmetric_PRF: eternal newbuf 0uint8 Crypto.Symmetric.PRF.statelen @1 is a non-constant size, stack-allocated array; this is not supported by CompCert
Warning 6: in the definition of key, after the definition of keystate, in the last element of the sequence, in top-level declaration Crypto.Symmetric.PRF.gen, in file Crypto_Symmetric_PRF: stack newbuf 0uint8 Crypto.Symmetric.PRF.keylen @2 is a non-constant size, stack-allocated array; this is not supported by CompCert
Warning 6: in the definition of keystate, after the definition of mac_rgn, in top-level declaration Crypto.Symmetric.PRF.coerce, in file Crypto_Symmetric_PRF: eternal newbuf 0uint8 Crypto.Symmetric.PRF.statelen @2 is a non-constant size, stack-allocated array; this is not supported by CompCert
Warning 6: in the definition of keyBuffer, after the definition of macId, in the last element of the sequence, in top-level declaration Crypto.Symmetric.PRF.prf_mac, in file Crypto_Symmetric_PRF: eternal newbuf 0uint8 Crypto.Symmetric.UF1CMA.keylen @4 is a non-constant size, stack-allocated array; this is not supported by CompCert
Warning 6: in the definition of keyBuffer, after the definition of x, in top-level declaration Crypto.Symmetric.PRF.prf_sk0, in file Crypto_Symmetric_PRF: eternal newbuf 0uint8 Crypto.Symmetric.UF1CMA.skeylen @2 is a non-constant size, stack-allocated array; this is not supported by CompCert
Warning 6: in the definition of cipher1, after the definition of cipherlen, in the last element of the sequence, in top-level declaration Crypto.KrmlTest.test, in file Crypto_KrmlTest: stack newbuf 0uint8 @0 is a non-constant size, stack-allocated array; this is not supported by CompCert
Warning 6: in the definition of cipher1, after the definition of cipherlen, in the last element of the sequence, in top-level declaration Crypto.KrmlTest.test_aes_gcm, in file Crypto_KrmlTest: stack newbuf 2uint8 @0 is a non-constant size, stack-allocated array; this is not supported by CompCert
Warning 6: in the definition of plain, after the definition of plainlen, in top-level declaration Crypto.KrmlTest.test_aes_gcm_0, in file Crypto_KrmlTest: stack newbuf 0uint8 @0 is a non-constant size, stack-allocated array; this is not supported by CompCert
Warning 6: in the definition of aad, after the definition of aadlen, in top-level declaration Crypto.KrmlTest.test_aes_gcm_0, in file Crypto_KrmlTest: stack newbuf 0uint8 @0 is a non-constant size, stack-allocated array; this is not supported by CompCert
Warning 6: in the definition of plain, after the definition of plainlen, in top-level declaration Crypto.KrmlTest.test_aes_gcm_1, in file Crypto_KrmlTest: stack newbuf 0uint8 @0 is a non-constant size, stack-allocated array; this is not supported by CompCert
Warning 6: in the definition of aad, after the definition of aadlen, in top-level declaration Crypto.KrmlTest.test_aes_gcm_1, in file Crypto_KrmlTest: stack newbuf 0uint8 @0 is a non-constant size, stack-allocated array; this is not supported by CompCert
Warning 6: in the definition of plain, after the definition of plainlen, in top-level declaration Crypto.KrmlTest.test_aes_gcm_2, in file Crypto_KrmlTest: stack newbuf 0uint8 @0 is a non-constant size, stack-allocated array; this is not supported by CompCert
Warning 6: in the definition of aad, after the definition of aadlen, in top-level declaration Crypto.KrmlTest.test_aes_gcm_2, in file Crypto_KrmlTest: stack newbuf 0uint8 @0 is a non-constant size, stack-allocated array; this is not supported by CompCert
Warning 6: in the definition of aad, after the definition of aadlen, in top-level declaration Crypto.KrmlTest.test_aes_gcm_3, in file Crypto_KrmlTest: stack newbuf 0uint8 @0 is a non-constant size, stack-allocated array; this is not supported by CompCert
Warning 7: : After inlining, Crypto.Symmetric.Poly1305.Spec.field_mul (going into Crypto_Symmetric_Poly1305_Spec) calls FStar.Mul.op_Star (going into FStar) -- removing the static qualifier from FStar.Mul.op_Star
Warning 7: : After inlining, Crypto.Symmetric.UF1CMA.verify (going into Crypto_Symmetric_UF1CMA) calls FStar.Monotonic.RRef.m_recall (going into FStar) -- removing the static qualifier from FStar.Monotonic.RRef.m_recall
Warning 7: : After inlining, Crypto.AEAD.Decrypt.decrypt (going into Crypto_AEAD_Decrypt) calls Crypto.AEAD.Encoding.add_bytes (going into Crypto_AEAD_Encoding) -- removing the static qualifier from Crypto.AEAD.Encoding.add_bytes
Warning 7: : After inlining, Crypto.AEAD.Decrypt.decrypt (going into Crypto_AEAD_Decrypt) calls Crypto.AEAD.Encoding.store_lengths_poly1305 (going into Crypto_AEAD_Encoding) -- removing the static qualifier from Crypto.AEAD.Encoding.store_lengths_poly1305
Warning 7: : After inlining, Crypto.AEAD.Decrypt.decrypt (going into Crypto_AEAD_Decrypt) calls Crypto.AEAD.Encoding.store_lengths_ghash (going into Crypto_AEAD_Encoding) -- removing the static qualifier from Crypto.AEAD.Encoding.store_lengths_ghash
File "ulib/ml/extracted/FStar_IndefiniteDescription.ml", line 7, characters 31-33:
Warning 20: this argument will not be used by the function.
File "ulib/ml/extracted/FStar_Tactics.ml", line 353, characters 45-46:
Warning 20: this argument will not be used by the function.
File "ulib/ml/extracted/FStar_Util.ml", line 2, characters 40-41:
Warning 20: this argument will not be used by the function.
File "ulib/ml/extracted/FStar_Util.ml", line 2, characters 42-43:
Warning 20: this argument will not be used by the function.
File "ulib/ml/extracted/FStar_Util.ml", line 3, characters 64-65:
Warning 20: this argument will not be used by the function.
File "ulib/ml/extracted/FStar_Util.ml", line 5, characters 37-38:
Warning 20: this argument will not be used by the function.
File "ulib/ml/extracted/FStar_Util.ml", line 5, characters 62-63:
Warning 20: this argument will not be used by the function.
File "ulib/ml/extracted/FStar_IndefiniteDescription.ml", line 7, characters 31-33:
Warning 20: this argument will not be used by the function.
File "ulib/ml/extracted/FStar_Tactics.ml", line 353, characters 45-46:
Warning 20: this argument will not be used by the function.
File "ulib/ml/extracted/FStar_Util.ml", line 2, characters 40-41:
Warning 20: this argument will not be used by the function.
File "ulib/ml/extracted/FStar_Util.ml", line 2, characters 42-43:
Warning 20: this argument will not be used by the function.
File "ulib/ml/extracted/FStar_Util.ml", line 3, characters 64-65:
Warning 20: this argument will not be used by the function.
File "ulib/ml/extracted/FStar_Util.ml", line 5, characters 37-38:
Warning 20: this argument will not be used by the function.
File "ulib/ml/extracted/FStar_Util.ml", line 5, characters 62-63:
Warning 20: this argument will not be used by the function.
Extracted.mk:94: warning: overriding recipe for target 'mitls.cmxa'
Makefile:196: warning: ignoring old recipe for target 'mitls.cmxa'
Extracted.mk:97: warning: overriding recipe for target 'mitls.exe'
Makefile:199: warning: ignoring old recipe for target 'mitls.exe'
Extracted.mk:119: warning: overriding recipe for target 'test'
Makefile:208: warning: ignoring old recipe for target 'test'
Extracted.mk:175: warning: overriding recipe for target 'cmitls.o'
Makefile:202: warning: ignoring old recipe for target 'cmitls.o'
Extracted.mk:177: warning: overriding recipe for target 'cmitls.exe'
Makefile:204: warning: ignoring old recipe for target 'cmitls.exe'
Extracted.mk:94: warning: overriding recipe for target 'mitls.cmxa'
Makefile:196: warning: ignoring old recipe for target 'mitls.cmxa'
Extracted.mk:97: warning: overriding recipe for target 'mitls.exe'
Makefile:199: warning: ignoring old recipe for target 'mitls.exe'
Extracted.mk:119: warning: overriding recipe for target 'test'
Makefile:208: warning: ignoring old recipe for target 'test'
Extracted.mk:175: warning: overriding recipe for target 'cmitls.o'
Makefile:202: warning: ignoring old recipe for target 'cmitls.o'
Extracted.mk:177: warning: overriding recipe for target 'cmitls.exe'
Makefile:204: warning: ignoring old recipe for target 'cmitls.exe'
ffi.c:1:0: warning: -fPIC ignored for target (all code is position independent)
#include <stdio.h>
^
ffi.c:1:0: warning: -fPIC ignored for target (all code is position independent)
#include <stdio.h>
^
Warning 6: in the definition of buf, after the definition of m0, in the last element of the sequence, in top-level declaration Crypto.Symmetric.Bytes.random_bytes, in file Crypto_Symmetric_Bytes: stack newbuf 0uint8 @1 is a non-constant size, stack-allocated array; this is not supported by CompCert
Warning 6: in the definition of k1, in top-level declaration Crypto.Symmetric.UF1CMA.akey_gen, in file Crypto_Symmetric_UF1CMA: eternal newbuf 0uint8 Crypto.Symmetric.UF1CMA.skeylen @0 is a non-constant size, stack-allocated array; this is not supported by CompCert
Warning 6: in the definition of sk, in top-level declaration Crypto.Symmetric.UF1CMA.akey_coerce, in file Crypto_Symmetric_UF1CMA: eternal newbuf 0uint8 Crypto.Symmetric.UF1CMA.skeylen @1 is a non-constant size, stack-allocated array; this is not supported by CompCert
Warning 6: in the definition of k1, after the definition of len1, in top-level declaration Crypto.Symmetric.UF1CMA.gen, in file Crypto_Symmetric_UF1CMA: eternal newbuf 0uint8 @0 is a non-constant size, stack-allocated array; this is not supported by CompCert
Warning 6: in top-level declaration Crypto.Plain.create, in file Crypto_Plain: stack newbuf @1 @0 is a non-constant size, stack-allocated array; this is not supported by CompCert
Warning 6: in the definition of keystate, after the definition of mac_rgn, in the last element of the sequence, in top-level declaration Crypto.Symmetric.PRF.gen, in file Crypto_Symmetric_PRF: eternal newbuf 0uint8 Crypto.Symmetric.PRF.statelen @1 is a non-constant size, stack-allocated array; this is not supported by CompCert
Warning 6: in the definition of key, after the definition of keystate, in the last element of the sequence, in top-level declaration Crypto.Symmetric.PRF.gen, in file Crypto_Symmetric_PRF: stack newbuf 0uint8 Crypto.Symmetric.PRF.keylen @2 is a non-constant size, stack-allocated array; this is not supported by CompCert
Warning 6: in the definition of keystate, after the definition of mac_rgn, in top-level declaration Crypto.Symmetric.PRF.coerce, in file Crypto_Symmetric_PRF: eternal newbuf 0uint8 Crypto.Symmetric.PRF.statelen @2 is a non-constant size, stack-allocated array; this is not supported by CompCert
Warning 6: in the definition of keyBuffer, after the definition of h0, in the last element of the sequence, after the definition of macId, in top-level declaration Crypto.Symmetric.PRF.prf_mac, in file Crypto_Symmetric_PRF: eternal newbuf 0uint8 Crypto.Symmetric.UF1CMA.keylen @5 is a non-constant size, stack-allocated array; this is not supported by CompCert
Warning 6: in the definition of keyBuffer, after the definition of x, in top-level declaration Crypto.Symmetric.PRF.prf_sk0, in file Crypto_Symmetric_PRF: eternal newbuf 0uint8 Crypto.Symmetric.UF1CMA.skeylen @2 is a non-constant size, stack-allocated array; this is not supported by CompCert
Warning 7: : After inlining, Crypto.Symmetric.Bytes.uint128_to_uint8 (going into Crypto_Symmetric_Bytes) calls FStar.Int.Cast.Full.uint128_to_uint64 (going into FStar) -- removing the static qualifier from FStar.Int.Cast.Full.uint128_to_uint64
Warning 7: : After inlining, Crypto.Symmetric.Bytes.little_endian (going into Crypto_Symmetric_Bytes) calls FStar.Endianness.little_endian (going into FStar) -- removing the static qualifier from FStar.Endianness.little_endian
Warning 7: : After inlining, Crypto.Symmetric.Bytes.big_endian (going into Crypto_Symmetric_Bytes) calls FStar.Endianness.big_endian (going into FStar) -- removing the static qualifier from FStar.Endianness.big_endian
Warning 7: : After inlining, Crypto.Symmetric.Bytes.uint8_to_uint128 (going into Crypto_Symmetric_Bytes) calls FStar.Int.Cast.Full.uint64_to_uint128 (going into FStar) -- removing the static qualifier from FStar.Int.Cast.Full.uint64_to_uint128
Warning 7: : After inlining, Crypto.Symmetric.Bytes.load_uint128 (going into Crypto_Symmetric_Bytes) calls FStar.UInt128.add (going into FStar) -- removing the static qualifier from FStar.UInt128.add
Warning 7: : After inlining, Crypto.Symmetric.Bytes.load_uint128 (going into Crypto_Symmetric_Bytes) calls FStar.UInt128.shift_left (going into FStar) -- removing the static qualifier from FStar.UInt128.shift_left
Warning 7: : After inlining, Crypto.Symmetric.Bytes.little_bytes (going into Crypto_Symmetric_Bytes) calls FStar.Endianness.little_bytes (going into FStar) -- removing the static qualifier from FStar.Endianness.little_bytes
Warning 7: : After inlining, Crypto.Symmetric.Bytes.store_uint128 (going into Crypto_Symmetric_Bytes) calls FStar.UInt128.shift_right (going into FStar) -- removing the static qualifier from FStar.UInt128.shift_right
Warning 7: : After inlining, Hacl.Bignum.Modulo.carry_top_wide (going into Hacl) calls FStar.UInt128.logand (going into FStar) -- removing the static qualifier from FStar.UInt128.logand
Warning 7: : After inlining, Hacl.Bignum.Fproduct.sum_scalar_multiplication_ (going into Hacl) calls FStar.UInt128.add_mod (going into FStar) -- removing the static qualifier from FStar.UInt128.add_mod
Warning 7: : After inlining, Hacl.Bignum.Fproduct.sum_scalar_multiplication_ (going into Hacl) calls FStar.UInt128.mul_wide (going into FStar) -- removing the static qualifier from FStar.UInt128.mul_wide
Warning 7: : After inlining, Hacl.Impl.Poly1305_64.poly1305_encode_r (going into Hacl) calls FStar.UInt128.logor (going into FStar) -- removing the static qualifier from FStar.UInt128.logor
Warning 7: : After inlining, Crypto.Symmetric.Cipher.compute (going into Crypto_Symmetric_Cipher) calls Hacl.Impl.Chacha20.setup (going into Hacl) -- removing the static qualifier from Hacl.Impl.Chacha20.setup
Warning 8: : After inlining, Crypto.Symmetric.Cipher.compute (going into Crypto_Symmetric_Cipher) calls Hacl.Impl.Chacha20.setup (going into Hacl). This is a call across translation units but Hacl.Impl.Chacha20.setup has a C "inline" qualifier. The C standard allows removing Hacl.Impl.Chacha20.setup from its translation unit (see C11 6.7.3 5), and CompCert will do it. 
Warning 7: : After inlining, Crypto.Symmetric.Cipher.compute (going into Crypto_Symmetric_Cipher) calls Hacl.Impl.Chacha20.copy_state (going into Hacl) -- removing the static qualifier from Hacl.Impl.Chacha20.copy_state
Warning 8: : After inlining, Crypto.Symmetric.Cipher.compute (going into Crypto_Symmetric_Cipher) calls Hacl.Impl.Chacha20.copy_state (going into Hacl). This is a call across translation units but Hacl.Impl.Chacha20.copy_state has a C "inline" qualifier. The C standard allows removing Hacl.Impl.Chacha20.copy_state from its translation unit (see C11 6.7.3 5), and CompCert will do it. 
Warning 7: : After inlining, Crypto.Symmetric.Cipher.compute (going into Crypto_Symmetric_Cipher) calls Hacl.Impl.Chacha20.rounds (going into Hacl) -- removing the static qualifier from Hacl.Impl.Chacha20.rounds
Warning 8: : After inlining, Crypto.Symmetric.Cipher.compute (going into Crypto_Symmetric_Cipher) calls Hacl.Impl.Chacha20.rounds (going into Hacl). This is a call across translation units but Hacl.Impl.Chacha20.rounds has a C "inline" qualifier. The C standard allows removing Hacl.Impl.Chacha20.rounds from its translation unit (see C11 6.7.3 5), and CompCert will do it. 
Warning 7: : After inlining, Crypto.Symmetric.Cipher.compute (going into Crypto_Symmetric_Cipher) calls Hacl.Impl.Chacha20.sum_states (going into Hacl) -- removing the static qualifier from Hacl.Impl.Chacha20.sum_states
Warning 8: : After inlining, Crypto.Symmetric.Cipher.compute (going into Crypto_Symmetric_Cipher) calls Hacl.Impl.Chacha20.sum_states (going into Hacl). This is a call across translation units but Hacl.Impl.Chacha20.sum_states has a C "inline" qualifier. The C standard allows removing Hacl.Impl.Chacha20.sum_states from its translation unit (see C11 6.7.3 5), and CompCert will do it. 
Warning 7: : After inlining, Crypto.Symmetric.Cipher.compute (going into Crypto_Symmetric_Cipher) calls Hacl.Lib.LoadStore32.uint32s_to_le_bytes (going into Hacl) -- removing the static qualifier from Hacl.Lib.LoadStore32.uint32s_to_le_bytes
Warning 7: : After inlining, Crypto.Symmetric.GF128.gf128_add (going into Crypto_Symmetric_GF128) calls FStar.UInt128.logxor (going into FStar) -- removing the static qualifier from FStar.UInt128.logxor
Warning 7: : After inlining, Crypto.Symmetric.GF128.gf128_shift_reduce (going into Crypto_Symmetric_GF128) calls FStar.UInt128.eq_mask (going into FStar) -- removing the static qualifier from FStar.UInt128.eq_mask
Warning 7: : After inlining, Crypto.Symmetric.MAC.rcreate (going into Crypto_Symmetric_MAC) calls FStar.UInt128.uint64_to_uint128 (going into FStar) -- removing the static qualifier from FStar.UInt128.uint64_to_uint128
Warning 7: : After inlining, Crypto.Symmetric.MAC.update (going into Crypto_Symmetric_MAC) calls Hacl.Impl.Poly1305_64.poly1305_update (going into Hacl) -- removing the static qualifier from Hacl.Impl.Poly1305_64.poly1305_update
Warning 8: : After inlining, Crypto.Symmetric.MAC.update (going into Crypto_Symmetric_MAC) calls Hacl.Impl.Poly1305_64.poly1305_update (going into Hacl). This is a call across translation units but Hacl.Impl.Poly1305_64.poly1305_update has a C "inline" qualifier. The C standard allows removing Hacl.Impl.Poly1305_64.poly1305_update from its translation unit (see C11 6.7.3 5), and CompCert will do it. 
Warning 7: : After inlining, Crypto.Symmetric.MAC.update (going into Crypto_Symmetric_MAC) calls Hacl.Impl.Poly1305_64.mk_state (going into Hacl) -- removing the static qualifier from Hacl.Impl.Poly1305_64.mk_state
Warning 7: : After inlining, Crypto.Symmetric.UF1CMA.verify (going into Crypto_Symmetric_UF1CMA) calls FStar.Monotonic.RRef.m_recall (going into FStar) -- removing the static qualifier from FStar.Monotonic.RRef.m_recall
Warning 7: : After inlining, Crypto.Symmetric.UF1CMA.verify (going into Crypto_Symmetric_UF1CMA) calls Hacl.Impl.Poly1305_64.poly1305_finish_ (going into Hacl) -- removing the static qualifier from Hacl.Impl.Poly1305_64.poly1305_finish_
Warning 7: : After inlining, Crypto.AEAD.Invariant.remaining_len_ok (going into Crypto_AEAD_Invariant) calls FStar.Mul.op_Star (going into FStar) -- removing the static qualifier from FStar.Mul.op_Star
Warning 7: : After inlining, Crypto.AEAD.Decrypt.decrypt (going into Crypto_AEAD_Decrypt) calls Crypto.AEAD.Encoding.add_bytes (going into Crypto_AEAD_Encoding) -- removing the static qualifier from Crypto.AEAD.Encoding.add_bytes
Warning 7: : After inlining, Crypto.AEAD.Decrypt.decrypt (going into Crypto_AEAD_Decrypt) calls Crypto.AEAD.Encoding.store_lengths (going into Crypto_AEAD_Encoding) -- removing the static qualifier from Crypto.AEAD.Encoding.store_lengths
Warning 7: : After inlining, Crypto.AEAD.Encrypt.encrypt (going into Crypto_AEAD_Encrypt) calls Crypto.Symmetric.UF1CMA.__proj__Acc__item__a (going into Crypto_Symmetric_UF1CMA) -- removing the static qualifier from Crypto.Symmetric.UF1CMA.__proj__Acc__item__a
Warning 9: : Some globals did not compile to C values and must be initialized in the before starting main(). You did not provide a main function, so users of your library MUST MAKE SURE they call kremlinit_globals(); (see kremlinit.c)
Warning 6: in the definition of buf, after the definition of m0, in the last element of the sequence, in top-level declaration Crypto.Symmetric.Bytes.random_bytes, in file Crypto_Symmetric_Bytes: stack newbuf 0uint8 @1 is a non-constant size, stack-allocated array; this is not supported by CompCert
Warning 6: in the definition of k1, in top-level declaration Crypto.Symmetric.UF1CMA.akey_gen, in file Crypto_Symmetric_UF1CMA: eternal newbuf 0uint8 Crypto.Symmetric.UF1CMA.skeylen @0 is a non-constant size, stack-allocated array; this is not supported by CompCert
Warning 6: in the definition of sk, in top-level declaration Crypto.Symmetric.UF1CMA.akey_coerce, in file Crypto_Symmetric_UF1CMA: eternal newbuf 0uint8 Crypto.Symmetric.UF1CMA.skeylen @1 is a non-constant size, stack-allocated array; this is not supported by CompCert
Warning 6: in the definition of k1, after the definition of len1, in top-level declaration Crypto.Symmetric.UF1CMA.gen, in file Crypto_Symmetric_UF1CMA: eternal newbuf 0uint8 @0 is a non-constant size, stack-allocated array; this is not supported by CompCert
Warning 6: in top-level declaration Crypto.Plain.create, in file Crypto_Plain: stack newbuf @1 @0 is a non-constant size, stack-allocated array; this is not supported by CompCert
Warning 6: in the definition of keystate, after the definition of mac_rgn, in the last element of the sequence, in top-level declaration Crypto.Symmetric.PRF.gen, in file Crypto_Symmetric_PRF: eternal newbuf 0uint8 Crypto.Symmetric.PRF.statelen @1 is a non-constant size, stack-allocated array; this is not supported by CompCert
Warning 6: in the definition of key, after the definition of keystate, in the last element of the sequence, in top-level declaration Crypto.Symmetric.PRF.gen, in file Crypto_Symmetric_PRF: stack newbuf 0uint8 Crypto.Symmetric.PRF.keylen @2 is a non-constant size, stack-allocated array; this is not supported by CompCert
Warning 6: in the definition of keystate, after the definition of mac_rgn, in top-level declaration Crypto.Symmetric.PRF.coerce, in file Crypto_Symmetric_PRF: eternal newbuf 0uint8 Crypto.Symmetric.PRF.statelen @2 is a non-constant size, stack-allocated array; this is not supported by CompCert
Warning 6: in the definition of keyBuffer, after the definition of h0, in the last element of the sequence, after the definition of macId, in top-level declaration Crypto.Symmetric.PRF.prf_mac, in file Crypto_Symmetric_PRF: eternal newbuf 0uint8 Crypto.Symmetric.UF1CMA.keylen @5 is a non-constant size, stack-allocated array; this is not supported by CompCert
Warning 6: in the definition of keyBuffer, after the definition of x, in top-level declaration Crypto.Symmetric.PRF.prf_sk0, in file Crypto_Symmetric_PRF: eternal newbuf 0uint8 Crypto.Symmetric.UF1CMA.skeylen @2 is a non-constant size, stack-allocated array; this is not supported by CompCert
Warning 7: : After inlining, Crypto.Symmetric.Bytes.uint128_to_uint8 (going into Crypto_Symmetric_Bytes) calls FStar.Int.Cast.Full.uint128_to_uint64 (going into FStar) -- removing the static qualifier from FStar.Int.Cast.Full.uint128_to_uint64
Warning 7: : After inlining, Crypto.Symmetric.Bytes.little_endian (going into Crypto_Symmetric_Bytes) calls FStar.Endianness.little_endian (going into FStar) -- removing the static qualifier from FStar.Endianness.little_endian
Warning 7: : After inlining, Crypto.Symmetric.Bytes.big_endian (going into Crypto_Symmetric_Bytes) calls FStar.Endianness.big_endian (going into FStar) -- removing the static qualifier from FStar.Endianness.big_endian
Warning 7: : After inlining, Crypto.Symmetric.Bytes.uint8_to_uint128 (going into Crypto_Symmetric_Bytes) calls FStar.Int.Cast.Full.uint64_to_uint128 (going into FStar) -- removing the static qualifier from FStar.Int.Cast.Full.uint64_to_uint128
Warning 7: : After inlining, Crypto.Symmetric.Bytes.load_uint128 (going into Crypto_Symmetric_Bytes) calls FStar.UInt128.add (going into FStar) -- removing the static qualifier from FStar.UInt128.add
Warning 7: : After inlining, Crypto.Symmetric.Bytes.load_uint128 (going into Crypto_Symmetric_Bytes) calls FStar.UInt128.shift_left (going into FStar) -- removing the static qualifier from FStar.UInt128.shift_left
Warning 7: : After inlining, Crypto.Symmetric.Bytes.little_bytes (going into Crypto_Symmetric_Bytes) calls FStar.Endianness.little_bytes (going into FStar) -- removing the static qualifier from FStar.Endianness.little_bytes
Warning 7: : After inlining, Crypto.Symmetric.Bytes.store_uint128 (going into Crypto_Symmetric_Bytes) calls FStar.UInt128.shift_right (going into FStar) -- removing the static qualifier from FStar.UInt128.shift_right
Warning 7: : After inlining, Hacl.Bignum.Modulo.carry_top_wide (going into Hacl) calls FStar.UInt128.logand (going into FStar) -- removing the static qualifier from FStar.UInt128.logand
Warning 7: : After inlining, Hacl.Bignum.Fproduct.sum_scalar_multiplication_ (going into Hacl) calls FStar.UInt128.add_mod (going into FStar) -- removing the static qualifier from FStar.UInt128.add_mod
Warning 7: : After inlining, Hacl.Bignum.Fproduct.sum_scalar_multiplication_ (going into Hacl) calls FStar.UInt128.mul_wide (going into FStar) -- removing the static qualifier from FStar.UInt128.mul_wide
Warning 7: : After inlining, Hacl.Impl.Poly1305_64.poly1305_encode_r (going into Hacl) calls FStar.UInt128.logor (going into FStar) -- removing the static qualifier from FStar.UInt128.logor
Warning 7: : After inlining, Crypto.Symmetric.Cipher.compute (going into Crypto_Symmetric_Cipher) calls Hacl.Impl.Chacha20.setup (going into Hacl) -- removing the static qualifier from Hacl.Impl.Chacha20.setup
Warning 8: : After inlining, Crypto.Symmetric.Cipher.compute (going into Crypto_Symmetric_Cipher) calls Hacl.Impl.Chacha20.setup (going into Hacl). This is a call across translation units but Hacl.Impl.Chacha20.setup has a C "inline" qualifier. The C standard allows removing Hacl.Impl.Chacha20.setup from its translation unit (see C11 6.7.3 5), and CompCert will do it. 
Warning 7: : After inlining, Crypto.Symmetric.Cipher.compute (going into Crypto_Symmetric_Cipher) calls Hacl.Impl.Chacha20.copy_state (going into Hacl) -- removing the static qualifier from Hacl.Impl.Chacha20.copy_state
Warning 8: : After inlining, Crypto.Symmetric.Cipher.compute (going into Crypto_Symmetric_Cipher) calls Hacl.Impl.Chacha20.copy_state (going into Hacl). This is a call across translation units but Hacl.Impl.Chacha20.copy_state has a C "inline" qualifier. The C standard allows removing Hacl.Impl.Chacha20.copy_state from its translation unit (see C11 6.7.3 5), and CompCert will do it. 
Warning 7: : After inlining, Crypto.Symmetric.Cipher.compute (going into Crypto_Symmetric_Cipher) calls Hacl.Impl.Chacha20.rounds (going into Hacl) -- removing the static qualifier from Hacl.Impl.Chacha20.rounds
Warning 8: : After inlining, Crypto.Symmetric.Cipher.compute (going into Crypto_Symmetric_Cipher) calls Hacl.Impl.Chacha20.rounds (going into Hacl). This is a call across translation units but Hacl.Impl.Chacha20.rounds has a C "inline" qualifier. The C standard allows removing Hacl.Impl.Chacha20.rounds from its translation unit (see C11 6.7.3 5), and CompCert will do it. 
Warning 7: : After inlining, Crypto.Symmetric.Cipher.compute (going into Crypto_Symmetric_Cipher) calls Hacl.Impl.Chacha20.sum_states (going into Hacl) -- removing the static qualifier from Hacl.Impl.Chacha20.sum_states
Warning 8: : After inlining, Crypto.Symmetric.Cipher.compute (going into Crypto_Symmetric_Cipher) calls Hacl.Impl.Chacha20.sum_states (going into Hacl). This is a call across translation units but Hacl.Impl.Chacha20.sum_states has a C "inline" qualifier. The C standard allows removing Hacl.Impl.Chacha20.sum_states from its translation unit (see C11 6.7.3 5), and CompCert will do it. 
Warning 7: : After inlining, Crypto.Symmetric.Cipher.compute (going into Crypto_Symmetric_Cipher) calls Hacl.Lib.LoadStore32.uint32s_to_le_bytes (going into Hacl) -- removing the static qualifier from Hacl.Lib.LoadStore32.uint32s_to_le_bytes
Warning 7: : After inlining, Crypto.Symmetric.GF128.gf128_add (going into Crypto_Symmetric_GF128) calls FStar.UInt128.logxor (going into FStar) -- removing the static qualifier from FStar.UInt128.logxor
Warning 7: : After inlining, Crypto.Symmetric.GF128.gf128_shift_reduce (going into Crypto_Symmetric_GF128) calls FStar.UInt128.eq_mask (going into FStar) -- removing the static qualifier from FStar.UInt128.eq_mask
Warning 7: : After inlining, Crypto.Symmetric.MAC.rcreate (going into Crypto_Symmetric_MAC) calls FStar.UInt128.uint64_to_uint128 (going into FStar) -- removing the static qualifier from FStar.UInt128.uint64_to_uint128
Warning 7: : After inlining, Crypto.Symmetric.MAC.update (going into Crypto_Symmetric_MAC) calls Hacl.Impl.Poly1305_64.poly1305_update (going into Hacl) -- removing the static qualifier from Hacl.Impl.Poly1305_64.poly1305_update
Warning 8: : After inlining, Crypto.Symmetric.MAC.update (going into Crypto_Symmetric_MAC) calls Hacl.Impl.Poly1305_64.poly1305_update (going into Hacl). This is a call across translation units but Hacl.Impl.Poly1305_64.poly1305_update has a C "inline" qualifier. The C standard allows removing Hacl.Impl.Poly1305_64.poly1305_update from its translation unit (see C11 6.7.3 5), and CompCert will do it. 
Warning 7: : After inlining, Crypto.Symmetric.MAC.update (going into Crypto_Symmetric_MAC) calls Hacl.Impl.Poly1305_64.mk_state (going into Hacl) -- removing the static qualifier from Hacl.Impl.Poly1305_64.mk_state
Warning 7: : After inlining, Crypto.Symmetric.UF1CMA.verify (going into Crypto_Symmetric_UF1CMA) calls FStar.Monotonic.RRef.m_recall (going into FStar) -- removing the static qualifier from FStar.Monotonic.RRef.m_recall
Warning 7: : After inlining, Crypto.Symmetric.UF1CMA.verify (going into Crypto_Symmetric_UF1CMA) calls Hacl.Impl.Poly1305_64.poly1305_finish_ (going into Hacl) -- removing the static qualifier from Hacl.Impl.Poly1305_64.poly1305_finish_
Warning 7: : After inlining, Crypto.AEAD.Invariant.remaining_len_ok (going into Crypto_AEAD_Invariant) calls FStar.Mul.op_Star (going into FStar) -- removing the static qualifier from FStar.Mul.op_Star
Warning 7: : After inlining, Crypto.AEAD.Decrypt.decrypt (going into Crypto_AEAD_Decrypt) calls Crypto.AEAD.Encoding.add_bytes (going into Crypto_AEAD_Encoding) -- removing the static qualifier from Crypto.AEAD.Encoding.add_bytes
Warning 7: : After inlining, Crypto.AEAD.Decrypt.decrypt (going into Crypto_AEAD_Decrypt) calls Crypto.AEAD.Encoding.store_lengths (going into Crypto_AEAD_Encoding) -- removing the static qualifier from Crypto.AEAD.Encoding.store_lengths
Warning 7: : After inlining, Crypto.AEAD.Encrypt.encrypt (going into Crypto_AEAD_Encrypt) calls Crypto.Symmetric.UF1CMA.__proj__Acc__item__a (going into Crypto_Symmetric_UF1CMA) -- removing the static qualifier from Crypto.Symmetric.UF1CMA.__proj__Acc__item__a
Warning 9: : Some globals did not compile to C values and must be initialized in the before starting main(). You did not provide a main function, so users of your library MUST MAKE SURE they call kremlinit_globals(); (see kremlinit.c)
cp: cannot create regular file 'libllcrypto.a': File exists
make[3]: *** [Makefile:72: libllcrypto.a] Error 1
make[3]: Target 'all' not remade because of errors.
make[2]: *** [Extracted.mk:56: ../../../hacl-star/secure_api/LowCProvider/LowCProvider.cmxa] Error 2
make[2]: Target 'mitls.cmxa' not remade because of errors.
make[1]: *** [Makefile:196: mitls.cmxa] Error 2
make[1]: Target 'mitls.exe' not remade because of errors.
make: *** [Makefile:26: build] Error 2
% Total    % Received % Xferd  Average Speed   Time    Time     Time  Current
Dload  Upload   Total   Spent    Left  Speed
  0     0    0     0    0     0      0      0 --:--:-- --:--:-- --:--:--     0100  1291  100     2  100  1289      7   4570 --:--:-- --:--:-- --:--:--  6167
