make[1]: warning: jobserver unavailable: using -j1.  Add '+' to parent make rule.
make[1]: warning: jobserver unavailable: using -j1.  Add '+' to parent make rule.
Warning: you are using the standard library and/or the %inline keyword. We
recommend switching on --infer in order to avoid obscure type error messages.
warning: CRLF will be replaced by LF in src/parser/parse.fsi.
The file will have its original line endings in your working directory.
File "src/basic/ml/FStar_Util.ml", line 47, characters 57-65:
Warning 40: st_mtime was selected from type BatUnix.stats.
It is not visible in the current scope, and will not 
be selected if the type becomes unknown.
File "src/basic/ml/FStar_Util.ml", line 660, characters 2-13:
Warning 10: this expression should have type unit.
File "src/basic/ml/FStar_Util.ml", line 47, characters 57-65:
Warning 40: st_mtime was selected from type BatUnix.stats.
It is not visible in the current scope, and will not 
be selected if the type becomes unknown.
File "src/basic/ml/FStar_Util.ml", line 660, characters 2-13:
Warning 10: this expression should have type unit.
make[3]: warning: jobserver unavailable: using -j1.  Add '+' to parent make rule.
.\u_boot_fsts\FStar.Syntax.Syntax.fst(396,0-396,33): (Warning) Annotation from val declaration overrides inline type annotation
.\u_boot_fsts\FStar.Syntax.Syntax.fst(446,0-446,48): (Warning) Annotation from val declaration overrides inline type annotation
.\u_boot_fsts\FStar.Syntax.Syntax.fst(447,0-447,76): (Warning) Annotation from val declaration overrides inline type annotation
.\u_boot_fsts\FStar.Syntax.Syntax.fst(498,0-500,38): (Warning) Annotation from val declaration overrides inline type annotation
.\u_boot_fsts\FStar.TypeChecker.Util.fst(70,0-72,32): (Warning) Annotation from val declaration overrides inline type annotation
.\u_boot_fsts\FStar.TypeChecker.Env.fst(280,0-284,35): (Warning) Annotation from val declaration overrides inline type annotation
.\u_boot_fsts\FStar.TypeChecker.Env.fst(718,0-720,39): (Warning) Annotation from val declaration overrides inline type annotation
warning: CRLF will be replaced by LF in src/parser/ml/parse.mly.
The file will have its original line endings in your working directory.
warning: CRLF will be replaced by LF in src/parser/parse.fsi.
The file will have its original line endings in your working directory.
.\hello.fst(5,0-5,37): (Warning) Top-level let-bindings must be total; this term may have effects
.\Ex01a.fst(58,0-58,48): (Warning) Top-level let-bindings must be total; this term may have effects
.\Ex01a.fst(68,0-68,48): (Warning) Top-level let-bindings must be total; this term may have effects
<input>(2,14-2,15): (Error) Expected expression of type "int"; got expression ""hello"" of type "string"
<input>(2,14-2,15): (Error) Expected expression of type "int"; got expression ""hello"" of type "string"
.\Platform.Bytes.fst(15,32-18,29): (Warning) Pattern misses at least one bound variable: uu___#1090
<input>(2,14-2,15): (Error) Expected expression of type "int"; got expression ""hello"" of type "string"
WARNING: (6802,46): pattern does not contain any variable.
WARNING: (73153,46): pattern does not contain any variable.
WARNING: (7018,46): pattern does not contain any variable.
WARNING: (6701,46): pattern does not contain any variable.
.\Encrypt_SymEnc.fst(29,0-29,18): (Warning) Top-level let-bindings must be total; this term may have effects
.\Platform.Bytes.fst(257,22-260,30): (Warning) Pattern misses at least one bound variable: i#40244
.\Platform.Bytes.fst(257,156-260,30): (Warning) Pattern misses at least one bound variable: i#42374
WARNING: (7007,46): pattern does not contain any variable.
WARNING: (73153,46): pattern does not contain any variable.
WARNING: (77029,43): pattern does not contain all quantified variables.
WARNING: (73153,46): pattern does not contain any variable.
WARNING: (77029,43): pattern does not contain all quantified variables.
WARNING: (4241,51): pattern does not contain all quantified variables.
WARNING: (73153,46): pattern does not contain any variable.
WARNING: (77029,43): pattern does not contain all quantified variables.
WARNING: (73153,46): pattern does not contain any variable.
WARNING: (77029,43): pattern does not contain all quantified variables.
.\MAC.fst(45,0-45,35): (Warning) Top-level let-bindings must be total; this term may have effects
WARNING: (73153,46): pattern does not contain any variable.
WARNING: (77029,43): pattern does not contain all quantified variables.
WARNING: (73153,46): pattern does not contain any variable.
WARNING: (77029,43): pattern does not contain all quantified variables.
.\FStar.Int.fst(133,0-133,32): (Error) Unknown assertion failed
Verified module: FStar.Int (29145 milliseconds)
1 error was reported (see above)
make[2]: *** [Makefile:28: FStar.Int.fst-ver] Error 1
WARNING: (73153,46): pattern does not contain any variable.
WARNING: (77029,43): pattern does not contain all quantified variables.
WARNING: (73153,46): pattern does not contain any variable.
WARNING: (77029,43): pattern does not contain all quantified variables.
WARNING: (73153,46): pattern does not contain any variable.
WARNING: (77029,43): pattern does not contain all quantified variables.
WARNING: (73153,46): pattern does not contain any variable.
WARNING: (77029,43): pattern does not contain all quantified variables.
.\Platform.Bytes.fst(15,40-18,29): (Warning) Pattern misses at least one bound variable: uu___#79854
.\Platform.Bytes.fst(257,156-260,30): (Warning) Pattern misses at least one bound variable: i#89301
.\TestMRef.fst(8,0-8,20): (Warning) Top-level let-bindings must be total; this term may have effects
.\delimcc.fst(92,15-92,38): (Error) could not prove post-condition
.\delimcc.fst(102,24-102,50): (Error) could not prove post-condition
Verified module: DelimCC (2294 milliseconds)
2 errors were reported (see above)
make[3]: *** [Makefile:32: delimcc.uver] Error 1
.\RPC.fst(9,0-9,53): (Warning) Top-level let-bindings must be total; this term may have effects
.\RPC.fst(23,0-23,39): (Warning) Top-level let-bindings must be total; this term may have effects
.\RPC.fst(48,0-49,16): (Warning) Top-level let-bindings must be total; this term may have effects
.\RPC.fst(116,0-116,17): (Warning) Top-level let-bindings must be total; this term may have effects
.\Mac.fst(70,0-70,35): (Warning) Top-level let-bindings must be total; this term may have effects
.\Ex10a.fst(27,0-27,19): (Warning) Top-level let-bindings must be total; this term may have effects
.\CntProtocol.fst(14,0-14,53): (Warning) Top-level let-bindings must be total; this term may have effects
.\CntProtocol.fst(29,0-29,26): (Warning) Top-level let-bindings must be total; this term may have effects
.\CntProtocol.fst(32,0-32,54): (Warning) Top-level let-bindings must be total; this term may have effects
.\CntProtocol.fst(35,0-35,54): (Warning) Top-level let-bindings must be total; this term may have effects
.\CntProtocol.fst(99,0-99,39): (Warning) Top-level let-bindings must be total; this term may have effects
.\CntProtocol.fst(126,0-126,18): (Warning) Top-level let-bindings must be total; this term may have effects
.\CntProtocol.fst(158,0-174,5): (Warning) Top-level let-bindings must be total; this term may have effects
.\Ex12a.Cap.fst(19,0-19,26): (Warning) Top-level let-bindings must be total; this term may have effects
.\Ex12b.RPC.fst(8,0-8,53): (Warning) Top-level let-bindings must be total; this term may have effects
.\Ex12b.RPC.fst(21,0-21,39): (Warning) Top-level let-bindings must be total; this term may have effects
.\Ex12b.RPC.fst(53,0-54,16): (Warning) Top-level let-bindings must be total; this term may have effects
.\Ex12b.RPC.fst(123,0-123,17): (Warning) Top-level let-bindings must be total; this term may have effects
make[3]: Target 'all' not remade because of errors.
make[2]: *** [Makefile:34: dm4free.all] Error 2
make[5]: warning: jobserver unavailable: using -j1.  Add '+' to parent make rule.
make[5]: warning: jobserver unavailable: using -j1.  Add '+' to parent make rule.
.\Ex10a.fst(27,0-27,19): (Warning) Top-level let-bindings must be total; this term may have effects
.\Ex01a.fst(58,0-58,48): (Warning) Top-level let-bindings must be total; this term may have effects
make[3]: [Makefile:66: Ex01a-ocaml] Error 2 (ignored)
.\Ex12a.Cap.fst(21,0-21,26): (Warning) Top-level let-bindings must be total; this term may have effects
disjoint.pos\Test.fst(45,0-57,3): (Error) Unknown assertion failed
Verified module: Test (52792 milliseconds)
1 error was reported (see above)
make[3]: *** [Makefile:17: disjoint.pos.pver] Error 1
array.pos\Test.fst(38,25-38,32): (Error) could not prove post-condition
Verified module: Test (43225 milliseconds)
1 error was reported (see above)
make[3]: *** [Makefile:17: array.pos.pver] Error 1
make[3]: Target 'all' not remade because of errors.
make[2]: *** [Makefile:34: struct.all] Error 2
make[2]: Target 'all' not remade because of errors.
make[1]: *** [Makefile:274: ulib] Error 2
make[2]: Target 'all' not remade because of errors.
make[1]: *** [Makefile:277: uexamples] Error 2
make[1]: Target 'uregressions' not remade because of errors.
make: *** [Makefile:258: utest] Error 2
