This is /home/everbld/everest-ci/ci
Working directory: /cygdrive/c/Build/Agent2/_work/1/s
About to run: make -C src utest -j 24 -k
BUILD_SOURCEBRANCHNAME: konrad_hye_example
BUILD_DEFINITIONNAME: FStar-CI-Windows
make: Entering directory '/cygdrive/c/Build/Agent2/_work/1/s/src'
make all
make[1]: Entering directory '/cygdrive/c/Build/Agent2/_work/1/s/src'
make[1]: warning: jobserver unavailable: using -j1.  Add '+' to parent make rule.
VS/.nuget/NuGet.exe restore VS/FStar.sln
Installing 'FsLexYacc.Runtime 6.1.0'.
Installing 'FsLexYacc 6.1.0'.
Successfully installed 'FsLexYacc.Runtime 6.1.0'.
Successfully installed 'FsLexYacc 6.1.0'.
make -C VS install-packages
make[2]: Entering directory '/cygdrive/c/Build/Agent2/_work/1/s/src/VS'
[ -d packages ] || make update-nuget
.nuget/NuGet.exe restore FStar.sln
All packages listed in packages.config are already installed.
find packages -name '*.exe' -exec chmod +x '{}' ';'
make[2]: Leaving directory '/cygdrive/c/Build/Agent2/_work/1/s/src/VS'
"C:/Program Files (x86)/MSBuild/14.0/bin/amd64/"/MSBuild.exe /verbosity:minimal /p:Configuration=Release VS/FStar.sln
Microsoft (R) Build Engine version 14.0.25420.1
Copyright (C) Microsoft Corporation. All rights reserved.

basic -> C:\Build\Agent2\_work\1\s\bin\basic.dll
Restoring NuGet packages...
To prevent NuGet from downloading packages during build, open the Visual Studio Options dialog, click on the Package Manager node and uncheck 'Allow NuGet to download missing packages'.
All packages listed in packages.config are already installed.
prettyprint -> C:\Build\Agent2\_work\1\s\bin\prettyprint.dll
syntax -> C:\Build\Agent2\_work\1\s\bin\syntax.dll
typechecker -> C:\Build\Agent2\_work\1\s\bin\typechecker.dll
compiling to dfas (can take a while...)
342 states
writing output
building tables
computing first function...time: 00:00:00.2192575
building kernels...time: 00:00:00.1460875
building kernel table...time: 00:00:00.0178646
computing lookahead relations...................................................................................................................................................................................................................................................................................................................................................................................................................................................................................................................................................................................................................................................................................................................................................time: 00:00:00.5164534
building lookahead table...time: 00:00:00.2903967
building action table...state 410: shift/reduce error on SEMICOLON
state 437: shift/reduce error on BAR
state 440: shift/reduce error on LBRACE
state 441: shift/reduce error on BAR
state 452: shift/reduce error on BAR
state 528: shift/reduce error on COLON_EQUALS
state 564: shift/reduce error on LBRACE
time: 00:00:00.8154444
building goto table...time: 00:00:00.2466037
returning tables.
7 shift/reduce conflicts
720 states
139 nonterminals
140 terminals
391 productions
#rows in action table: 720
parser -> C:\Build\Agent2\_work\1\s\bin\parser.dll
format -> C:\Build\Agent2\_work\1\s\bin\format.dll
extraction -> C:\Build\Agent2\_work\1\s\bin\extraction.dll
fsdoc -> C:\Build\Agent2\_work\1\s\bin\fsdoc.dll
smtencoding -> C:\Build\Agent2\_work\1\s\bin\smtencoding.dll
tosyntax -> C:\Build\Agent2\_work\1\s\bin\tosyntax.dll
fstar -> C:\Build\Agent2\_work\1\s\bin\fstar.exe
tests -> C:\Build\Agent2\_work\1\s\bin\tests.exe
chmod a+x ../bin/tests.exe
chmod a+x ../bin/fstar.exe
make[1]: Leaving directory '/cygdrive/c/Build/Agent2/_work/1/s/src'
make fsharp-regressions #normalizer failures on linux so only run on windows
make[1]: Entering directory '/cygdrive/c/Build/Agent2/_work/1/s/src'
make[1]: warning: jobserver unavailable: using -j1.  Add '+' to parent make rule.
../bin/tests.exe
Initializing ...
Testing the normalizer
0: ...
1: ...
2: ...
3: ...
4: ...
5: ...
6: ...
7: ...
8: ...
9: ...
10: ...
11: ...
12: ...
13: ...
14: ...
15: ...
16: ...
17: ...
18: ...
19: ...
20: ...
21: ...
22: ...
23: ...
Normalizer ok
Testing the unifier
0 ...
Unify x
and x

1 ...
Unify x
and y

2 ...
Unify x
and ((fun x -> x@0) x)

3 ...
Unify (fun x -> x@0)
and (fun x -> x@0)

4 ...
Unify (fun x -> x@0)
and (fun y -> y@0)

5 ...
Unify (fun x y -> x@1)
and (fun a b -> a@1)

6 ...
Unify (fun x y z -> y@1)
and (fun a b c -> b@1)

7 ...
Unify (fun x y -> y@0)
and (fun x y -> x@1)

8 ...
Unify (fun x y z -> y@1)
and (fun x y z -> z@0)

9 ...
Unify (fun x -> (?20607 x@0))
and (fun x -> (tuple2 x@0 x@0))

10 ...
Unify (fun x -> (?20612 x@0))
and (fun x y -> (op_Addition x@1 y@0))

11 ...
Unify (x:int -> y:(y#162476:int{(eq2 y@0 x@1)}) -> Tot bool)
and (x:int -> y:int -> Tot bool)

12 ...
Unify (a:Type -> b:(_:a@0 -> Type) -> x:a@1 -> y:(b@1 x@0) -> Type)
and (a:Type -> b:(_:a@0 -> Type) -> x:a@1 -> y:(b@1 x@0) -> Type)

Unifier ok
make[1]: Leaving directory '/cygdrive/c/Build/Agent2/_work/1/s/src'
make -C ocaml-output
make[1]: Entering directory '/cygdrive/c/Build/Agent2/_work/1/s/src/ocaml-output'
# TODO : call menhir directly when positions are fixed instead of
# letting OCamlbuild go through ocamlyacc
menhir  --only-preprocess-for-ocamlyacc ../parser/parse.mly > parse.mly
Warning: you are using the standard library and/or the %inline keyword. We
recommend switching on --infer in order to avoid obscure type error messages.
warning: CRLF will be replaced by LF in src/parser/parse.fsi.
The file will have its original line endings in your working directory.
# Save a copy of the dumb parse.mly for whoever doesn't have menhir.
echo 'let version = "0.9.4.0"' > FStar_Version.ml
cp parse.mly ../parser/ml/
echo 'let platform = "Windows_x64"' >> FStar_Version.ml
echo "%{" > ../parser/parse.fsy
# We are opening the same module twice but we need these modules
echo 'let compiler = "OCaml 4.02.3"' >> FStar_Version.ml
echo "#light \"off\"" >> ../parser/parse.fsy
# open for the definition of tokens
echo 'let date = "2017-02-10T05:22:14-08:00"' >> FStar_Version.ml
echo "// (c) Microsoft Corporation. All rights reserved" >> ../parser/parse.fsy
echo "open Prims" > FStar_Parser_Parse.ml
echo 'let commit= "9c0701a (dirty)"' >> FStar_Version.ml
echo "open Prims" >> ../parser/parse.fsy
echo "open FStar_Errors" >> FStar_Parser_Parse.ml
echo "open FStar.Errors" >> ../parser/parse.fsy
echo "open FStar_List" >> FStar_Parser_Parse.ml
echo "open FStar.List" >> ../parser/parse.fsy
echo "open FStar_Util" >> FStar_Parser_Parse.ml
echo "open FStar.Util" >> ../parser/parse.fsy
echo "open FStar_Range" >> FStar_Parser_Parse.ml
echo "open FStar.Range" >> ../parser/parse.fsy
echo "open FStar_Options" >> FStar_Parser_Parse.ml
echo "open FStar.Options" >> ../parser/parse.fsy
echo "open FStar_Syntax_Syntax" >> FStar_Parser_Parse.ml
echo "open FStar.Syntax.Syntax" >> ../parser/parse.fsy
echo "open FStar_Syntax_Const" >> FStar_Parser_Parse.ml
echo "open FStar.Syntax.Const" >> ../parser/parse.fsy
echo "open FStar_Syntax_Util" >> FStar_Parser_Parse.ml
echo "open FStar.Syntax.Util" >> ../parser/parse.fsy
echo "open FStar_Parser_AST" >> FStar_Parser_Parse.ml
echo "open FStar.Parser.AST" >> ../parser/parse.fsy
echo "open FStar_Parser_Util" >> FStar_Parser_Parse.ml
echo "open FStar.Parser.Util" >> ../parser/parse.fsy
echo "open FStar_Const" >> FStar_Parser_Parse.ml
echo "open FStar.Const" >> ../parser/parse.fsy
echo "open FStar_Ident" >> FStar_Parser_Parse.ml
echo "open FStar.Ident" >> ../parser/parse.fsy
echo "open FStar_String" >> FStar_Parser_Parse.ml
echo "open FStar.String" >> ../parser/parse.fsy
# TODO: create a proper OCamlbuild rule for this production so that
# TODO : fsyacc seems to complain as soon as there is an arrow -> in a %type declaration...
# OCamlbuild knows how to generate parse.mly first (possibly using
cat parse.mly | sed -e '/%{/d' \
-e '/^open /d' \
-e '/%token/s/[a-zA-Z0-9_]*\.//g' \
-e '/%type/s/[a-zA-Z0-9_]*\.//g' \
-e '/%token.*->.*/d' \
-e '/%type.*->.*/d' \
>> ../parser/parse.fsy
# menhir) and removes the production as needed.
ocamlyacc parse.mly
6 shift/reduce conflicts.
cat parse.ml >> FStar_Parser_Parse.ml
rm parse.ml parse.mli
cd ../../ && ocamlbuild -cflag '-g' -I src/ocaml-output -I src/basic/ml -I src/parser/ml -I src/fstar/ml -j 24 -build-dir src/ocaml-output/_build -I src/prettyprint/ml -I src/ocaml-output/bootlibs -use-ocamlfind main.native
mkdir 'C:\Build\Agent2\_work\1\s\src/ocaml-output/_build'
mkdir src
mkdir src/fstar
mkdir src/fstar/ml
''ocamlfind ocamldep -package batteries -package zarith -package yojson -package pprint -modules src/fstar/ml/main.ml > src/fstar/ml/main.ml.depends
mkdir src/ocaml-output
''ocamlfind ocamldep -package batteries -package zarith -package yojson -package pprint -modules src/ocaml-output/FStar_Main.ml > src/ocaml-output/FStar_Main.ml.depends
mkdir src/ocaml-output/bootlibs
''ocamlfind ocamldep -package batteries -package zarith -package yojson -package pprint -modules src/ocaml-output/bootlibs/FStar_All.ml > src/ocaml-output/bootlibs/FStar_All.ml.depends
''ocamlfind ocamldep -package batteries -package zarith -package yojson -package pprint -modules src/ocaml-output/FStar_Dependencies.ml > src/ocaml-output/FStar_Dependencies.ml.depends
''ocamlfind ocamlc -c -g -annot -bin-annot -thread -w -8-11-21-26-28 -package batteries -package zarith -package yojson -package pprint -I src/ocaml-output/bootlibs -I src/ocaml-output -I src/prettyprint/ml -I src/parser/ml -I src/fstar/ml -I src/basic/ml -o src/ocaml-output/bootlibs/FStar_All.cmo src/ocaml-output/bootlibs/FStar_All.ml
''ocamlfind ocamldep -package batteries -package zarith -package yojson -package pprint -modules src/ocaml-output/bootlibs/FStar_List.ml > src/ocaml-output/bootlibs/FStar_List.ml.depends
''ocamlfind ocamldep -package batteries -package zarith -package yojson -package pprint -modules src/ocaml-output/FStar_Options.ml > src/ocaml-output/FStar_Options.ml.depends
''ocamlfind ocamldep -package batteries -package zarith -package yojson -package pprint -modules src/ocaml-output/bootlibs/FStar_BaseTypes.ml > src/ocaml-output/bootlibs/FStar_BaseTypes.ml.depends
''ocamlfind ocamldep -package batteries -package zarith -package yojson -package pprint -modules src/ocaml-output/bootlibs/FStar_Char.ml > src/ocaml-output/bootlibs/FStar_Char.ml.depends
''ocamlfind ocamldep -package batteries -package zarith -package yojson -package pprint -modules src/ocaml-output/bootlibs/FStar_Float.ml > src/ocaml-output/bootlibs/FStar_Float.ml.depends
''ocamlfind ocamldep -package batteries -package zarith -package yojson -package pprint -modules src/ocaml-output/bootlibs/FStar_Int16.ml > src/ocaml-output/bootlibs/FStar_Int16.ml.depends
''ocamlfind ocamldep -package batteries -package zarith -package yojson -package pprint -modules src/ocaml-output/bootlibs/FStar_Int32.ml > src/ocaml-output/bootlibs/FStar_Int32.ml.depends
''ocamlfind ocamldep -package batteries -package zarith -package yojson -package pprint -modules src/ocaml-output/bootlibs/FStar_Int64.ml > src/ocaml-output/bootlibs/FStar_Int64.ml.depends
''ocamlfind ocamldep -package batteries -package zarith -package yojson -package pprint -modules src/ocaml-output/bootlibs/FStar_Int8.ml > src/ocaml-output/bootlibs/FStar_Int8.ml.depends
''ocamlfind ocamldep -package batteries -package zarith -package yojson -package pprint -modules src/ocaml-output/bootlibs/FStar_UInt16.ml > src/ocaml-output/bootlibs/FStar_UInt16.ml.depends
''ocamlfind ocamldep -package batteries -package zarith -package yojson -package pprint -modules src/ocaml-output/bootlibs/FStar_UInt8.ml > src/ocaml-output/bootlibs/FStar_UInt8.ml.depends
''ocamlfind ocamlc -c -g -annot -bin-annot -thread -w -8-11-21-26-28 -package batteries -package zarith -package yojson -package pprint -I src/ocaml-output/bootlibs -I src/ocaml-output -I src/prettyprint/ml -I src/parser/ml -I src/fstar/ml -I src/basic/ml -o src/ocaml-output/bootlibs/FStar_Char.cmo src/ocaml-output/bootlibs/FStar_Char.ml
''ocamlfind ocamlc -c -g -annot -bin-annot -thread -w -8-11-21-26-28 -package batteries -package zarith -package yojson -package pprint -I src/ocaml-output/bootlibs -I src/ocaml-output -I src/prettyprint/ml -I src/parser/ml -I src/fstar/ml -I src/basic/ml -o src/ocaml-output/bootlibs/FStar_Float.cmo src/ocaml-output/bootlibs/FStar_Float.ml
''ocamlfind ocamlc -c -g -annot -bin-annot -thread -w -8-11-21-26-28 -package batteries -package zarith -package yojson -package pprint -I src/ocaml-output/bootlibs -I src/ocaml-output -I src/prettyprint/ml -I src/parser/ml -I src/fstar/ml -I src/basic/ml -o src/ocaml-output/bootlibs/FStar_Int16.cmo src/ocaml-output/bootlibs/FStar_Int16.ml
''ocamlfind ocamlc -c -g -annot -bin-annot -thread -w -8-11-21-26-28 -package batteries -package zarith -package yojson -package pprint -I src/ocaml-output/bootlibs -I src/ocaml-output -I src/prettyprint/ml -I src/parser/ml -I src/fstar/ml -I src/basic/ml -o src/ocaml-output/bootlibs/FStar_Int32.cmo src/ocaml-output/bootlibs/FStar_Int32.ml
''ocamlfind ocamlc -c -g -annot -bin-annot -thread -w -8-11-21-26-28 -package batteries -package zarith -package yojson -package pprint -I src/ocaml-output/bootlibs -I src/ocaml-output -I src/prettyprint/ml -I src/parser/ml -I src/fstar/ml -I src/basic/ml -o src/ocaml-output/bootlibs/FStar_Int64.cmo src/ocaml-output/bootlibs/FStar_Int64.ml
''ocamlfind ocamlc -c -g -annot -bin-annot -thread -w -8-11-21-26-28 -package batteries -package zarith -package yojson -package pprint -I src/ocaml-output/bootlibs -I src/ocaml-output -I src/prettyprint/ml -I src/parser/ml -I src/fstar/ml -I src/basic/ml -o src/ocaml-output/bootlibs/FStar_Int8.cmo src/ocaml-output/bootlibs/FStar_Int8.ml
''ocamlfind ocamlc -c -g -annot -bin-annot -thread -w -8-11-21-26-28 -package batteries -package zarith -package yojson -package pprint -I src/ocaml-output/bootlibs -I src/ocaml-output -I src/prettyprint/ml -I src/parser/ml -I src/fstar/ml -I src/basic/ml -o src/ocaml-output/bootlibs/FStar_UInt16.cmo src/ocaml-output/bootlibs/FStar_UInt16.ml
''ocamlfind ocamlc -c -g -annot -bin-annot -thread -w -8-11-21-26-28 -package batteries -package zarith -package yojson -package pprint -I src/ocaml-output/bootlibs -I src/ocaml-output -I src/prettyprint/ml -I src/parser/ml -I src/fstar/ml -I src/basic/ml -o src/ocaml-output/bootlibs/FStar_UInt8.cmo src/ocaml-output/bootlibs/FStar_UInt8.ml
mkdir src/basic
mkdir src/basic/ml
''ocamlfind ocamldep -package batteries -package zarith -package yojson -package pprint -modules src/basic/ml/FStar_Getopt.ml > src/basic/ml/FStar_Getopt.ml.depends
''ocamlfind ocamlc -c -g -annot -bin-annot -thread -w -8-11-21-26-28 -package batteries -package zarith -package yojson -package pprint -I src/ocaml-output/bootlibs -I src/ocaml-output -I src/prettyprint/ml -I src/parser/ml -I src/fstar/ml -I src/basic/ml -o src/ocaml-output/bootlibs/FStar_List.cmo src/ocaml-output/bootlibs/FStar_List.ml
''ocamlfind ocamldep -package batteries -package zarith -package yojson -package pprint -modules src/basic/ml/FStar_Platform.ml > src/basic/ml/FStar_Platform.ml.depends
''ocamlfind ocamldep -package batteries -package zarith -package yojson -package pprint -modules src/ocaml-output/bootlibs/FStar_ST.ml > src/ocaml-output/bootlibs/FStar_ST.ml.depends
''ocamlfind ocamldep -package batteries -package zarith -package yojson -package pprint -modules src/ocaml-output/bootlibs/FStar_String.ml > src/ocaml-output/bootlibs/FStar_String.ml.depends
''ocamlfind ocamldep -package batteries -package zarith -package yojson -package pprint -modules src/basic/ml/FStar_Util.ml > src/basic/ml/FStar_Util.ml.depends
''ocamlfind ocamldep -package batteries -package zarith -package yojson -package pprint -modules src/ocaml-output/bootlibs/prims.ml > src/ocaml-output/bootlibs/prims.ml.depends
''ocamlfind ocamldep -package batteries -package zarith -package yojson -package pprint -modules src/ocaml-output/bootlibs/MkPrims.ml > src/ocaml-output/bootlibs/MkPrims.ml.depends
''ocamlfind ocamlc -c -g -annot -bin-annot -thread -w -8-11-21-26-28 -package batteries -package zarith -package yojson -package pprint -I src/ocaml-output/bootlibs -I src/ocaml-output -I src/prettyprint/ml -I src/parser/ml -I src/fstar/ml -I src/basic/ml -o src/ocaml-output/bootlibs/MkPrims.cmo src/ocaml-output/bootlibs/MkPrims.ml
''ocamlfind ocamlc -c -g -annot -bin-annot -thread -w -8-11-21-26-28 -package batteries -package zarith -package yojson -package pprint -I src/ocaml-output/bootlibs -I src/ocaml-output -I src/prettyprint/ml -I src/parser/ml -I src/fstar/ml -I src/basic/ml -o src/ocaml-output/bootlibs/prims.cmo src/ocaml-output/bootlibs/prims.ml
''ocamlfind ocamldep -package batteries -package zarith -package yojson -package pprint -modules src/ocaml-output/FStar_Version.ml > src/ocaml-output/FStar_Version.ml.depends
''ocamlfind ocamlc -c -g -annot -bin-annot -thread -w -8-11-21-26-28 -package batteries -package zarith -package yojson -package pprint -I src/ocaml-output/bootlibs -I src/ocaml-output -I src/prettyprint/ml -I src/parser/ml -I src/fstar/ml -I src/basic/ml -o src/ocaml-output/bootlibs/FStar_BaseTypes.cmo src/ocaml-output/bootlibs/FStar_BaseTypes.ml
''ocamlfind ocamlc -c -g -annot -bin-annot -thread -w -8-11-21-26-28 -package batteries -package zarith -package yojson -package pprint -I src/basic/ml -I src/ocaml-output -I src/prettyprint/ml -I src/parser/ml -I src/ocaml-output/bootlibs -I src/fstar/ml -o src/basic/ml/FStar_Getopt.cmo src/basic/ml/FStar_Getopt.ml
''ocamlfind ocamlc -c -g -annot -bin-annot -thread -w -8-11-21-26-28 -package batteries -package zarith -package yojson -package pprint -I src/basic/ml -I src/ocaml-output -I src/prettyprint/ml -I src/parser/ml -I src/ocaml-output/bootlibs -I src/fstar/ml -o src/basic/ml/FStar_Platform.cmo src/basic/ml/FStar_Platform.ml
''ocamlfind ocamlc -c -g -annot -bin-annot -thread -w -8-11-21-26-28 -package batteries -package zarith -package yojson -package pprint -I src/ocaml-output/bootlibs -I src/ocaml-output -I src/prettyprint/ml -I src/parser/ml -I src/fstar/ml -I src/basic/ml -o src/ocaml-output/bootlibs/FStar_ST.cmo src/ocaml-output/bootlibs/FStar_ST.ml
''ocamlfind ocamlc -c -g -annot -bin-annot -thread -w -8-11-21-26-28 -package batteries -package zarith -package yojson -package pprint -I src/ocaml-output/bootlibs -I src/ocaml-output -I src/prettyprint/ml -I src/parser/ml -I src/fstar/ml -I src/basic/ml -o src/ocaml-output/bootlibs/FStar_String.cmo src/ocaml-output/bootlibs/FStar_String.ml
''ocamlfind ocamlc -c -g -annot -bin-annot -thread -w -8-11-21-26-28 -package batteries -package zarith -package yojson -package pprint -I src/basic/ml -I src/ocaml-output -I src/prettyprint/ml -I src/parser/ml -I src/ocaml-output/bootlibs -I src/fstar/ml -o src/basic/ml/FStar_Util.cmo src/basic/ml/FStar_Util.ml
File "src/basic/ml/FStar_Util.ml", line 47, characters 57-65:
Warning 40: st_mtime was selected from type BatUnix.stats.
It is not visible in the current scope, and will not 
be selected if the type becomes unknown.
''ocamlfind ocamlc -c -g -annot -bin-annot -thread -w -8-11-21-26-28 -package batteries -package zarith -package yojson -package pprint -I src/ocaml-output -I src/prettyprint/ml -I src/parser/ml -I src/ocaml-output/bootlibs -I src/fstar/ml -I src/basic/ml -o src/ocaml-output/FStar_Version.cmo src/ocaml-output/FStar_Version.ml
''ocamlfind ocamldep -package batteries -package zarith -package yojson -package pprint -modules src/ocaml-output/FStar_Parser_Dep.ml > src/ocaml-output/FStar_Parser_Dep.ml.depends
''ocamlfind ocamldep -package batteries -package zarith -package yojson -package pprint -modules src/ocaml-output/FStar_Const.ml > src/ocaml-output/FStar_Const.ml.depends
''ocamlfind ocamldep -package batteries -package zarith -package yojson -package pprint -modules src/ocaml-output/FStar_Ident.ml > src/ocaml-output/FStar_Ident.ml.depends
''ocamlfind ocamldep -package batteries -package zarith -package yojson -package pprint -modules src/basic/ml/FStar_Range.ml > src/basic/ml/FStar_Range.ml.depends
''ocamlfind ocamlc -c -g -annot -bin-annot -thread -w -8-11-21-26-28 -package batteries -package zarith -package yojson -package pprint -I src/basic/ml -I src/ocaml-output -I src/prettyprint/ml -I src/parser/ml -I src/ocaml-output/bootlibs -I src/fstar/ml -o src/basic/ml/FStar_Range.cmo src/basic/ml/FStar_Range.ml
''ocamlfind ocamlc -c -g -annot -bin-annot -thread -w -8-11-21-26-28 -package batteries -package zarith -package yojson -package pprint -I src/ocaml-output -I src/prettyprint/ml -I src/parser/ml -I src/ocaml-output/bootlibs -I src/fstar/ml -I src/basic/ml -o src/ocaml-output/FStar_Ident.cmo src/ocaml-output/FStar_Ident.ml
''ocamlfind ocamldep -package batteries -package zarith -package yojson -package pprint -modules src/ocaml-output/FStar_Errors.ml > src/ocaml-output/FStar_Errors.ml.depends
''ocamlfind ocamlc -c -g -annot -bin-annot -thread -w -8-11-21-26-28 -package batteries -package zarith -package yojson -package pprint -I src/ocaml-output -I src/prettyprint/ml -I src/parser/ml -I src/ocaml-output/bootlibs -I src/fstar/ml -I src/basic/ml -o src/ocaml-output/FStar_Options.cmo src/ocaml-output/FStar_Options.ml
''ocamlfind ocamldep -package batteries -package zarith -package yojson -package pprint -modules src/ocaml-output/FStar_Parser_AST.ml > src/ocaml-output/FStar_Parser_AST.ml.depends
''ocamlfind ocamlc -c -g -annot -bin-annot -thread -w -8-11-21-26-28 -package batteries -package zarith -package yojson -package pprint -I src/ocaml-output -I src/prettyprint/ml -I src/parser/ml -I src/ocaml-output/bootlibs -I src/fstar/ml -I src/basic/ml -o src/ocaml-output/FStar_Const.cmo src/ocaml-output/FStar_Const.ml
''ocamlfind ocamlc -c -g -annot -bin-annot -thread -w -8-11-21-26-28 -package batteries -package zarith -package yojson -package pprint -I src/ocaml-output -I src/prettyprint/ml -I src/parser/ml -I src/ocaml-output/bootlibs -I src/fstar/ml -I src/basic/ml -o src/ocaml-output/FStar_Errors.cmo src/ocaml-output/FStar_Errors.ml
''ocamlfind ocamldep -package batteries -package zarith -package yojson -package pprint -modules src/ocaml-output/FStar_Syntax_Const.ml > src/ocaml-output/FStar_Syntax_Const.ml.depends
''ocamlfind ocamldep -package batteries -package zarith -package yojson -package pprint -modules src/ocaml-output/FStar_Syntax_Syntax.ml > src/ocaml-output/FStar_Syntax_Syntax.ml.depends
''ocamlfind ocamldep -package batteries -package zarith -package yojson -package pprint -modules src/basic/ml/FStar_Unionfind.ml > src/basic/ml/FStar_Unionfind.ml.depends
''ocamlfind ocamlc -c -g -annot -bin-annot -thread -w -8-11-21-26-28 -package batteries -package zarith -package yojson -package pprint -I src/basic/ml -I src/ocaml-output -I src/prettyprint/ml -I src/parser/ml -I src/ocaml-output/bootlibs -I src/fstar/ml -o src/basic/ml/FStar_Unionfind.cmo src/basic/ml/FStar_Unionfind.ml
''ocamlfind ocamlc -c -g -annot -bin-annot -thread -w -8-11-21-26-28 -package batteries -package zarith -package yojson -package pprint -I src/ocaml-output -I src/prettyprint/ml -I src/parser/ml -I src/ocaml-output/bootlibs -I src/fstar/ml -I src/basic/ml -o src/ocaml-output/FStar_Syntax_Syntax.cmo src/ocaml-output/FStar_Syntax_Syntax.ml
''ocamlfind ocamldep -package batteries -package zarith -package yojson -package pprint -modules src/ocaml-output/FStar_Syntax_Print.ml > src/ocaml-output/FStar_Syntax_Print.ml.depends
''ocamlfind ocamlc -c -g -annot -bin-annot -thread -w -8-11-21-26-28 -package batteries -package zarith -package yojson -package pprint -I src/ocaml-output -I src/prettyprint/ml -I src/parser/ml -I src/ocaml-output/bootlibs -I src/fstar/ml -I src/basic/ml -o src/ocaml-output/FStar_Syntax_Const.cmo src/ocaml-output/FStar_Syntax_Const.ml
''ocamlfind ocamldep -package batteries -package zarith -package yojson -package pprint -modules src/ocaml-output/FStar_Syntax_Subst.ml > src/ocaml-output/FStar_Syntax_Subst.ml.depends
''ocamlfind ocamldep -package batteries -package zarith -package yojson -package pprint -modules src/ocaml-output/bootlibs/FStar_Option.ml > src/ocaml-output/bootlibs/FStar_Option.ml.depends
''ocamlfind ocamlc -c -g -annot -bin-annot -thread -w -8-11-21-26-28 -package batteries -package zarith -package yojson -package pprint -I src/ocaml-output/bootlibs -I src/ocaml-output -I src/prettyprint/ml -I src/parser/ml -I src/fstar/ml -I src/basic/ml -o src/ocaml-output/bootlibs/FStar_Option.cmo src/ocaml-output/bootlibs/FStar_Option.ml
''ocamlfind ocamldep -package batteries -package zarith -package yojson -package pprint -modules src/ocaml-output/FStar_Syntax_Util.ml > src/ocaml-output/FStar_Syntax_Util.ml.depends
''ocamlfind ocamldep -package batteries -package zarith -package yojson -package pprint -modules src/ocaml-output/FStar_Syntax_InstFV.ml > src/ocaml-output/FStar_Syntax_InstFV.ml.depends
''ocamlfind ocamlc -c -g -annot -bin-annot -thread -w -8-11-21-26-28 -package batteries -package zarith -package yojson -package pprint -I src/ocaml-output -I src/prettyprint/ml -I src/parser/ml -I src/ocaml-output/bootlibs -I src/fstar/ml -I src/basic/ml -o src/ocaml-output/FStar_Syntax_Subst.cmo src/ocaml-output/FStar_Syntax_Subst.ml
''ocamlfind ocamlc -c -g -annot -bin-annot -thread -w -8-11-21-26-28 -package batteries -package zarith -package yojson -package pprint -I src/ocaml-output -I src/prettyprint/ml -I src/parser/ml -I src/ocaml-output/bootlibs -I src/fstar/ml -I src/basic/ml -o src/ocaml-output/FStar_Syntax_InstFV.cmo src/ocaml-output/FStar_Syntax_InstFV.ml
''ocamlfind ocamlc -c -g -annot -bin-annot -thread -w -8-11-21-26-28 -package batteries -package zarith -package yojson -package pprint -I src/ocaml-output -I src/prettyprint/ml -I src/parser/ml -I src/ocaml-output/bootlibs -I src/fstar/ml -I src/basic/ml -o src/ocaml-output/FStar_Syntax_Util.cmo src/ocaml-output/FStar_Syntax_Util.ml
''ocamlfind ocamlc -c -g -annot -bin-annot -thread -w -8-11-21-26-28 -package batteries -package zarith -package yojson -package pprint -I src/ocaml-output -I src/prettyprint/ml -I src/parser/ml -I src/ocaml-output/bootlibs -I src/fstar/ml -I src/basic/ml -o src/ocaml-output/FStar_Syntax_Print.cmo src/ocaml-output/FStar_Syntax_Print.ml
''ocamlfind ocamldep -package batteries -package zarith -package yojson -package pprint -modules src/ocaml-output/FStar_Parser_Driver.ml > src/ocaml-output/FStar_Parser_Driver.ml.depends
''ocamlfind ocamlc -c -g -annot -bin-annot -thread -w -8-11-21-26-28 -package batteries -package zarith -package yojson -package pprint -I src/ocaml-output -I src/prettyprint/ml -I src/parser/ml -I src/ocaml-output/bootlibs -I src/fstar/ml -I src/basic/ml -o src/ocaml-output/FStar_Parser_AST.cmo src/ocaml-output/FStar_Parser_AST.ml
mkdir src/parser
mkdir src/parser/ml
''ocamlfind ocamldep -package batteries -package zarith -package yojson -package pprint -modules src/parser/ml/FStar_Parser_ParseIt.ml > src/parser/ml/FStar_Parser_ParseIt.ml.depends
''ocamllex.opt -q src/parser/ml/FStar_Parser_LexFStar.mll
''ocamlfind ocamldep -package batteries -package zarith -package yojson -package pprint -modules src/parser/ml/FStar_Parser_LexFStar.ml > src/parser/ml/FStar_Parser_LexFStar.ml.depends
''ocamlfind ocamldep -package batteries -package zarith -package yojson -package pprint -modules src/ocaml-output/FStar_Parser_Parse.ml > src/ocaml-output/FStar_Parser_Parse.ml.depends
''ocamlfind ocamldep -package batteries -package zarith -package yojson -package pprint -modules src/parser/ml/FStar_Parser_Util.ml > src/parser/ml/FStar_Parser_Util.ml.depends
''ocamlfind ocamlc -c -g -annot -bin-annot -thread -w -8-11-21-26-28 -package batteries -package zarith -package yojson -package pprint -I src/parser/ml -I src/ocaml-output -I src/prettyprint/ml -I src/ocaml-output/bootlibs -I src/fstar/ml -I src/basic/ml -o src/parser/ml/FStar_Parser_Util.cmo src/parser/ml/FStar_Parser_Util.ml
''ocamlfind ocamlc -c -g -annot -bin-annot -thread -w -8-11-21-26-28 -package batteries -package zarith -package yojson -package pprint -I src/ocaml-output -I src/prettyprint/ml -I src/parser/ml -I src/ocaml-output/bootlibs -I src/fstar/ml -I src/basic/ml -o src/ocaml-output/FStar_Parser_Parse.cmo src/ocaml-output/FStar_Parser_Parse.ml
''ocamlfind ocamlc -c -g -annot -bin-annot -thread -w -8-11-21-26-28 -package batteries -package zarith -package yojson -package pprint -I src/parser/ml -I src/ocaml-output -I src/prettyprint/ml -I src/ocaml-output/bootlibs -I src/fstar/ml -I src/basic/ml -o src/parser/ml/FStar_Parser_LexFStar.cmo src/parser/ml/FStar_Parser_LexFStar.ml
''ocamlfind ocamlc -c -g -annot -bin-annot -thread -w -8-11-21-26-28 -package batteries -package zarith -package yojson -package pprint -I src/parser/ml -I src/ocaml-output -I src/prettyprint/ml -I src/ocaml-output/bootlibs -I src/fstar/ml -I src/basic/ml -o src/parser/ml/FStar_Parser_ParseIt.cmo src/parser/ml/FStar_Parser_ParseIt.ml
''ocamlfind ocamlc -c -g -annot -bin-annot -thread -w -8-11-21-26-28 -package batteries -package zarith -package yojson -package pprint -I src/ocaml-output -I src/prettyprint/ml -I src/parser/ml -I src/ocaml-output/bootlibs -I src/fstar/ml -I src/basic/ml -o src/ocaml-output/FStar_Parser_Driver.cmo src/ocaml-output/FStar_Parser_Driver.ml
''ocamlfind ocamlc -c -g -annot -bin-annot -thread -w -8-11-21-26-28 -package batteries -package zarith -package yojson -package pprint -I src/ocaml-output -I src/prettyprint/ml -I src/parser/ml -I src/ocaml-output/bootlibs -I src/fstar/ml -I src/basic/ml -o src/ocaml-output/FStar_Parser_Dep.cmo src/ocaml-output/FStar_Parser_Dep.ml
''ocamlfind ocamldep -package batteries -package zarith -package yojson -package pprint -modules src/ocaml-output/FStar_Extraction_Kremlin.ml > src/ocaml-output/FStar_Extraction_Kremlin.ml.depends
''ocamlfind ocamldep -package batteries -package zarith -package yojson -package pprint -modules src/ocaml-output/FStar_Extraction_ML_Code.ml > src/ocaml-output/FStar_Extraction_ML_Code.ml.depends
''ocamlfind ocamldep -package batteries -package zarith -package yojson -package pprint -modules src/basic/ml/FStar_Bytes.ml > src/basic/ml/FStar_Bytes.ml.depends
''ocamlfind ocamldep -package batteries -package zarith -package yojson -package pprint -modules src/ocaml-output/FStar_Extraction_ML_Syntax.ml > src/ocaml-output/FStar_Extraction_ML_Syntax.ml.depends
''ocamlfind ocamldep -package batteries -package zarith -package yojson -package pprint -modules src/ocaml-output/FStar_Extraction_ML_Util.ml > src/ocaml-output/FStar_Extraction_ML_Util.ml.depends
''ocamlfind ocamlc -c -g -annot -bin-annot -thread -w -8-11-21-26-28 -package batteries -package zarith -package yojson -package pprint -I src/ocaml-output -I src/prettyprint/ml -I src/parser/ml -I src/ocaml-output/bootlibs -I src/fstar/ml -I src/basic/ml -o src/ocaml-output/FStar_Extraction_ML_Syntax.cmo src/ocaml-output/FStar_Extraction_ML_Syntax.ml
''ocamlfind ocamldep -package batteries -package zarith -package yojson -package pprint -modules src/ocaml-output/FStar_Extraction_ML_UEnv.ml > src/ocaml-output/FStar_Extraction_ML_UEnv.ml.depends
''ocamlfind ocamldep -package batteries -package zarith -package yojson -package pprint -modules src/ocaml-output/FStar_TypeChecker_Env.ml > src/ocaml-output/FStar_TypeChecker_Env.ml.depends
''ocamlfind ocamldep -package batteries -package zarith -package yojson -package pprint -modules src/ocaml-output/FStar_Syntax_Free.ml > src/ocaml-output/FStar_Syntax_Free.ml.depends
''ocamlfind ocamldep -package batteries -package zarith -package yojson -package pprint -modules src/ocaml-output/FStar_TypeChecker_Common.ml > src/ocaml-output/FStar_TypeChecker_Common.ml.depends
''ocamlfind ocamlc -c -g -annot -bin-annot -thread -w -8-11-21-26-28 -package batteries -package zarith -package yojson -package pprint -I src/ocaml-output -I src/prettyprint/ml -I src/parser/ml -I src/ocaml-output/bootlibs -I src/fstar/ml -I src/basic/ml -o src/ocaml-output/FStar_Syntax_Free.cmo src/ocaml-output/FStar_Syntax_Free.ml
''ocamlfind ocamlc -c -g -annot -bin-annot -thread -w -8-11-21-26-28 -package batteries -package zarith -package yojson -package pprint -I src/ocaml-output -I src/prettyprint/ml -I src/parser/ml -I src/ocaml-output/bootlibs -I src/fstar/ml -I src/basic/ml -o src/ocaml-output/FStar_TypeChecker_Common.cmo src/ocaml-output/FStar_TypeChecker_Common.ml
''ocamlfind ocamlc -c -g -annot -bin-annot -thread -w -8-11-21-26-28 -package batteries -package zarith -package yojson -package pprint -I src/ocaml-output -I src/prettyprint/ml -I src/parser/ml -I src/ocaml-output/bootlibs -I src/fstar/ml -I src/basic/ml -o src/ocaml-output/FStar_TypeChecker_Env.cmo src/ocaml-output/FStar_TypeChecker_Env.ml
''ocamlfind ocamlc -c -g -annot -bin-annot -thread -w -8-11-21-26-28 -package batteries -package zarith -package yojson -package pprint -I src/ocaml-output -I src/prettyprint/ml -I src/parser/ml -I src/ocaml-output/bootlibs -I src/fstar/ml -I src/basic/ml -o src/ocaml-output/FStar_Extraction_ML_UEnv.cmo src/ocaml-output/FStar_Extraction_ML_UEnv.ml
''ocamlfind ocamldep -package batteries -package zarith -package yojson -package pprint -modules src/ocaml-output/FStar_Format.ml > src/ocaml-output/FStar_Format.ml.depends
''ocamlfind ocamlc -c -g -annot -bin-annot -thread -w -8-11-21-26-28 -package batteries -package zarith -package yojson -package pprint -I src/basic/ml -I src/ocaml-output -I src/prettyprint/ml -I src/parser/ml -I src/ocaml-output/bootlibs -I src/fstar/ml -o src/basic/ml/FStar_Bytes.cmo src/basic/ml/FStar_Bytes.ml
''ocamlfind ocamlc -c -g -annot -bin-annot -thread -w -8-11-21-26-28 -package batteries -package zarith -package yojson -package pprint -I src/ocaml-output -I src/prettyprint/ml -I src/parser/ml -I src/ocaml-output/bootlibs -I src/fstar/ml -I src/basic/ml -o src/ocaml-output/FStar_Extraction_ML_Util.cmo src/ocaml-output/FStar_Extraction_ML_Util.ml
''ocamlfind ocamlc -c -g -annot -bin-annot -thread -w -8-11-21-26-28 -package batteries -package zarith -package yojson -package pprint -I src/ocaml-output -I src/prettyprint/ml -I src/parser/ml -I src/ocaml-output/bootlibs -I src/fstar/ml -I src/basic/ml -o src/ocaml-output/FStar_Format.cmo src/ocaml-output/FStar_Format.ml
''ocamlfind ocamlc -c -g -annot -bin-annot -thread -w -8-11-21-26-28 -package batteries -package zarith -package yojson -package pprint -I src/ocaml-output -I src/prettyprint/ml -I src/parser/ml -I src/ocaml-output/bootlibs -I src/fstar/ml -I src/basic/ml -o src/ocaml-output/FStar_Extraction_ML_Code.cmo src/ocaml-output/FStar_Extraction_ML_Code.ml
''ocamlfind ocamldep -package batteries -package zarith -package yojson -package pprint -modules src/ocaml-output/FStar_Extraction_ML_Modul.ml > src/ocaml-output/FStar_Extraction_ML_Modul.ml.depends
''ocamlfind ocamldep -package batteries -package zarith -package yojson -package pprint -modules src/ocaml-output/FStar_Extraction_ML_Term.ml > src/ocaml-output/FStar_Extraction_ML_Term.ml.depends
''ocamlfind ocamldep -package batteries -package zarith -package yojson -package pprint -modules src/ocaml-output/FStar_TypeChecker_Normalize.ml > src/ocaml-output/FStar_TypeChecker_Normalize.ml.depends
''ocamlfind ocamldep -package batteries -package zarith -package yojson -package pprint -modules src/ocaml-output/FStar_TypeChecker_TcTerm.ml > src/ocaml-output/FStar_TypeChecker_TcTerm.ml.depends
''ocamlfind ocamldep -package batteries -package zarith -package yojson -package pprint -modules src/ocaml-output/FStar_TypeChecker_Err.ml > src/ocaml-output/FStar_TypeChecker_Err.ml.depends
''ocamlfind ocamlc -c -g -annot -bin-annot -thread -w -8-11-21-26-28 -package batteries -package zarith -package yojson -package pprint -I src/ocaml-output -I src/prettyprint/ml -I src/parser/ml -I src/ocaml-output/bootlibs -I src/fstar/ml -I src/basic/ml -o src/ocaml-output/FStar_TypeChecker_Normalize.cmo src/ocaml-output/FStar_TypeChecker_Normalize.ml
''ocamlfind ocamldep -package batteries -package zarith -package yojson -package pprint -modules src/ocaml-output/FStar_TypeChecker_Rel.ml > src/ocaml-output/FStar_TypeChecker_Rel.ml.depends
''ocamlfind ocamlc -c -g -annot -bin-annot -thread -w -8-11-21-26-28 -package batteries -package zarith -package yojson -package pprint -I src/ocaml-output -I src/prettyprint/ml -I src/parser/ml -I src/ocaml-output/bootlibs -I src/fstar/ml -I src/basic/ml -o src/ocaml-output/FStar_TypeChecker_Err.cmo src/ocaml-output/FStar_TypeChecker_Err.ml
''ocamlfind ocamldep -package batteries -package zarith -package yojson -package pprint -modules src/ocaml-output/FStar_TypeChecker_Util.ml > src/ocaml-output/FStar_TypeChecker_Util.ml.depends
''ocamlfind ocamlc -c -g -annot -bin-annot -thread -w -8-11-21-26-28 -package batteries -package zarith -package yojson -package pprint -I src/ocaml-output -I src/prettyprint/ml -I src/parser/ml -I src/ocaml-output/bootlibs -I src/fstar/ml -I src/basic/ml -o src/ocaml-output/FStar_TypeChecker_Rel.cmo src/ocaml-output/FStar_TypeChecker_Rel.ml
''ocamlfind ocamlc -c -g -annot -bin-annot -thread -w -8-11-21-26-28 -package batteries -package zarith -package yojson -package pprint -I src/ocaml-output -I src/prettyprint/ml -I src/parser/ml -I src/ocaml-output/bootlibs -I src/fstar/ml -I src/basic/ml -o src/ocaml-output/FStar_TypeChecker_Util.cmo src/ocaml-output/FStar_TypeChecker_Util.ml
''ocamlfind ocamlc -c -g -annot -bin-annot -thread -w -8-11-21-26-28 -package batteries -package zarith -package yojson -package pprint -I src/ocaml-output -I src/prettyprint/ml -I src/parser/ml -I src/ocaml-output/bootlibs -I src/fstar/ml -I src/basic/ml -o src/ocaml-output/FStar_TypeChecker_TcTerm.cmo src/ocaml-output/FStar_TypeChecker_TcTerm.ml
''ocamlfind ocamlc -c -g -annot -bin-annot -thread -w -8-11-21-26-28 -package batteries -package zarith -package yojson -package pprint -I src/ocaml-output -I src/prettyprint/ml -I src/parser/ml -I src/ocaml-output/bootlibs -I src/fstar/ml -I src/basic/ml -o src/ocaml-output/FStar_Extraction_ML_Term.cmo src/ocaml-output/FStar_Extraction_ML_Term.ml
''ocamlfind ocamldep -package batteries -package zarith -package yojson -package pprint -modules src/ocaml-output/FStar_Fsdoc_Generator.ml > src/ocaml-output/FStar_Fsdoc_Generator.ml.depends
''ocamlfind ocamldep -package batteries -package zarith -package yojson -package pprint -modules src/ocaml-output/FStar_Indent.ml > src/ocaml-output/FStar_Indent.ml.depends
''ocamlfind ocamldep -package batteries -package zarith -package yojson -package pprint -modules src/ocaml-output/FStar_Parser_ToDocument.ml > src/ocaml-output/FStar_Parser_ToDocument.ml.depends
mkdir src/prettyprint
mkdir src/prettyprint/ml
''ocamlfind ocamldep -package batteries -package zarith -package yojson -package pprint -modules src/prettyprint/ml/FStar_Pprint.ml > src/prettyprint/ml/FStar_Pprint.ml.depends
''ocamlfind ocamlc -c -g -annot -bin-annot -thread -w -8-11-21-26-28 -package batteries -package zarith -package yojson -package pprint -I src/prettyprint/ml -I src/ocaml-output -I src/parser/ml -I src/ocaml-output/bootlibs -I src/fstar/ml -I src/basic/ml -o src/prettyprint/ml/FStar_Pprint.cmo src/prettyprint/ml/FStar_Pprint.ml
''ocamlfind ocamlc -c -g -annot -bin-annot -thread -w -8-11-21-26-28 -package batteries -package zarith -package yojson -package pprint -I src/ocaml-output -I src/prettyprint/ml -I src/parser/ml -I src/ocaml-output/bootlibs -I src/fstar/ml -I src/basic/ml -o src/ocaml-output/FStar_Parser_ToDocument.cmo src/ocaml-output/FStar_Parser_ToDocument.ml
''ocamlfind ocamldep -package batteries -package zarith -package yojson -package pprint -modules src/ocaml-output/FStar_Interactive.ml > src/ocaml-output/FStar_Interactive.ml.depends
''ocamlfind ocamlc -c -g -annot -bin-annot -thread -w -8-11-21-26-28 -package batteries -package zarith -package yojson -package pprint -I src/ocaml-output -I src/prettyprint/ml -I src/parser/ml -I src/ocaml-output/bootlibs -I src/fstar/ml -I src/basic/ml -o src/ocaml-output/FStar_Dependencies.cmo src/ocaml-output/FStar_Dependencies.ml
''ocamlfind ocamldep -package batteries -package zarith -package yojson -package pprint -modules src/ocaml-output/FStar_SMTEncoding_Solver.ml > src/ocaml-output/FStar_SMTEncoding_Solver.ml.depends
''ocamlfind ocamldep -package batteries -package zarith -package yojson -package pprint -modules src/ocaml-output/FStar_SMTEncoding_Encode.ml > src/ocaml-output/FStar_SMTEncoding_Encode.ml.depends
''ocamlfind ocamldep -package batteries -package zarith -package yojson -package pprint -modules src/ocaml-output/FStar_SMTEncoding_ErrorReporting.ml > src/ocaml-output/FStar_SMTEncoding_ErrorReporting.ml.depends
''ocamlfind ocamldep -package batteries -package zarith -package yojson -package pprint -modules src/ocaml-output/FStar_SMTEncoding_Term.ml > src/ocaml-output/FStar_SMTEncoding_Term.ml.depends
''ocamlfind ocamldep -package batteries -package zarith -package yojson -package pprint -modules src/ocaml-output/FStar_SMTEncoding_Util.ml > src/ocaml-output/FStar_SMTEncoding_Util.ml.depends
''ocamlfind ocamlc -c -g -annot -bin-annot -thread -w -8-11-21-26-28 -package batteries -package zarith -package yojson -package pprint -I src/ocaml-output -I src/prettyprint/ml -I src/parser/ml -I src/ocaml-output/bootlibs -I src/fstar/ml -I src/basic/ml -o src/ocaml-output/FStar_SMTEncoding_Term.cmo src/ocaml-output/FStar_SMTEncoding_Term.ml
''ocamlfind ocamldep -package batteries -package zarith -package yojson -package pprint -modules src/ocaml-output/FStar_SMTEncoding_Z3.ml > src/ocaml-output/FStar_SMTEncoding_Z3.ml.depends
''ocamlfind ocamlc -c -g -annot -bin-annot -thread -w -8-11-21-26-28 -package batteries -package zarith -package yojson -package pprint -I src/ocaml-output -I src/prettyprint/ml -I src/parser/ml -I src/ocaml-output/bootlibs -I src/fstar/ml -I src/basic/ml -o src/ocaml-output/FStar_SMTEncoding_Util.cmo src/ocaml-output/FStar_SMTEncoding_Util.ml
''ocamlfind ocamlc -c -g -annot -bin-annot -thread -w -8-11-21-26-28 -package batteries -package zarith -package yojson -package pprint -I src/ocaml-output -I src/prettyprint/ml -I src/parser/ml -I src/ocaml-output/bootlibs -I src/fstar/ml -I src/basic/ml -o src/ocaml-output/FStar_SMTEncoding_Z3.cmo src/ocaml-output/FStar_SMTEncoding_Z3.ml
''ocamlfind ocamlc -c -g -annot -bin-annot -thread -w -8-11-21-26-28 -package batteries -package zarith -package yojson -package pprint -I src/ocaml-output -I src/prettyprint/ml -I src/parser/ml -I src/ocaml-output/bootlibs -I src/fstar/ml -I src/basic/ml -o src/ocaml-output/FStar_SMTEncoding_ErrorReporting.cmo src/ocaml-output/FStar_SMTEncoding_ErrorReporting.ml
''ocamlfind ocamldep -package batteries -package zarith -package yojson -package pprint -modules src/ocaml-output/FStar_SMTEncoding_SplitQueryCases.ml > src/ocaml-output/FStar_SMTEncoding_SplitQueryCases.ml.depends
''ocamlfind ocamlc -c -g -annot -bin-annot -thread -w -8-11-21-26-28 -package batteries -package zarith -package yojson -package pprint -I src/ocaml-output -I src/prettyprint/ml -I src/parser/ml -I src/ocaml-output/bootlibs -I src/fstar/ml -I src/basic/ml -o src/ocaml-output/FStar_SMTEncoding_Encode.cmo src/ocaml-output/FStar_SMTEncoding_Encode.ml
''ocamlfind ocamlc -c -g -annot -bin-annot -thread -w -8-11-21-26-28 -package batteries -package zarith -package yojson -package pprint -I src/ocaml-output -I src/prettyprint/ml -I src/parser/ml -I src/ocaml-output/bootlibs -I src/fstar/ml -I src/basic/ml -o src/ocaml-output/FStar_SMTEncoding_SplitQueryCases.cmo src/ocaml-output/FStar_SMTEncoding_SplitQueryCases.ml
''ocamlfind ocamldep -package batteries -package zarith -package yojson -package pprint -modules src/ocaml-output/FStar_ToSyntax_Env.ml > src/ocaml-output/FStar_ToSyntax_Env.ml.depends
''ocamlfind ocamldep -package batteries -package zarith -package yojson -package pprint -modules src/ocaml-output/FStar_Universal.ml > src/ocaml-output/FStar_Universal.ml.depends
''ocamlfind ocamldep -package batteries -package zarith -package yojson -package pprint -modules src/ocaml-output/FStar_Parser_Interleave.ml > src/ocaml-output/FStar_Parser_Interleave.ml.depends
''ocamlfind ocamlc -c -g -annot -bin-annot -thread -w -8-11-21-26-28 -package batteries -package zarith -package yojson -package pprint -I src/ocaml-output -I src/prettyprint/ml -I src/parser/ml -I src/ocaml-output/bootlibs -I src/fstar/ml -I src/basic/ml -o src/ocaml-output/FStar_SMTEncoding_Solver.cmo src/ocaml-output/FStar_SMTEncoding_Solver.ml
''ocamlfind ocamlc -c -g -annot -bin-annot -thread -w -8-11-21-26-28 -package batteries -package zarith -package yojson -package pprint -I src/ocaml-output -I src/prettyprint/ml -I src/parser/ml -I src/ocaml-output/bootlibs -I src/fstar/ml -I src/basic/ml -o src/ocaml-output/FStar_ToSyntax_Env.cmo src/ocaml-output/FStar_ToSyntax_Env.ml
''ocamlfind ocamldep -package batteries -package zarith -package yojson -package pprint -modules src/ocaml-output/FStar_ToSyntax_ToSyntax.ml > src/ocaml-output/FStar_ToSyntax_ToSyntax.ml.depends
''ocamlfind ocamldep -package batteries -package zarith -package yojson -package pprint -modules src/ocaml-output/FStar_Syntax_MutRecTy.ml > src/ocaml-output/FStar_Syntax_MutRecTy.ml.depends
''ocamlfind ocamlc -c -g -annot -bin-annot -thread -w -8-11-21-26-28 -package batteries -package zarith -package yojson -package pprint -I src/ocaml-output -I src/prettyprint/ml -I src/parser/ml -I src/ocaml-output/bootlibs -I src/fstar/ml -I src/basic/ml -o src/ocaml-output/FStar_Syntax_MutRecTy.cmo src/ocaml-output/FStar_Syntax_MutRecTy.ml
''ocamlfind ocamldep -package batteries -package zarith -package yojson -package pprint -modules src/ocaml-output/FStar_TypeChecker_Tc.ml > src/ocaml-output/FStar_TypeChecker_Tc.ml.depends
''ocamlfind ocamldep -package batteries -package zarith -package yojson -package pprint -modules src/ocaml-output/FStar_TypeChecker_DMFF.ml > src/ocaml-output/FStar_TypeChecker_DMFF.ml.depends
''ocamlfind ocamldep -package batteries -package zarith -package yojson -package pprint -modules src/ocaml-output/FStar_TypeChecker_TcInductive.ml > src/ocaml-output/FStar_TypeChecker_TcInductive.ml.depends
''ocamlfind ocamlc -c -g -annot -bin-annot -thread -w -8-11-21-26-28 -package batteries -package zarith -package yojson -package pprint -I src/ocaml-output -I src/prettyprint/ml -I src/parser/ml -I src/ocaml-output/bootlibs -I src/fstar/ml -I src/basic/ml -o src/ocaml-output/FStar_TypeChecker_DMFF.cmo src/ocaml-output/FStar_TypeChecker_DMFF.ml
''ocamlfind ocamlc -c -g -annot -bin-annot -thread -w -8-11-21-26-28 -package batteries -package zarith -package yojson -package pprint -I src/ocaml-output -I src/prettyprint/ml -I src/parser/ml -I src/ocaml-output/bootlibs -I src/fstar/ml -I src/basic/ml -o src/ocaml-output/FStar_TypeChecker_TcInductive.cmo src/ocaml-output/FStar_TypeChecker_TcInductive.ml
''ocamlfind ocamlc -c -g -annot -bin-annot -thread -w -8-11-21-26-28 -package batteries -package zarith -package yojson -package pprint -I src/ocaml-output -I src/prettyprint/ml -I src/parser/ml -I src/ocaml-output/bootlibs -I src/fstar/ml -I src/basic/ml -o src/ocaml-output/FStar_Parser_Interleave.cmo src/ocaml-output/FStar_Parser_Interleave.ml
''ocamlfind ocamlc -c -g -annot -bin-annot -thread -w -8-11-21-26-28 -package batteries -package zarith -package yojson -package pprint -I src/ocaml-output -I src/prettyprint/ml -I src/parser/ml -I src/ocaml-output/bootlibs -I src/fstar/ml -I src/basic/ml -o src/ocaml-output/FStar_ToSyntax_ToSyntax.cmo src/ocaml-output/FStar_ToSyntax_ToSyntax.ml
''ocamlfind ocamlc -c -g -annot -bin-annot -thread -w -8-11-21-26-28 -package batteries -package zarith -package yojson -package pprint -I src/ocaml-output -I src/prettyprint/ml -I src/parser/ml -I src/ocaml-output/bootlibs -I src/fstar/ml -I src/basic/ml -o src/ocaml-output/FStar_TypeChecker_Tc.cmo src/ocaml-output/FStar_TypeChecker_Tc.ml
''ocamlfind ocamlc -c -g -annot -bin-annot -thread -w -8-11-21-26-28 -package batteries -package zarith -package yojson -package pprint -I src/ocaml-output -I src/prettyprint/ml -I src/parser/ml -I src/ocaml-output/bootlibs -I src/fstar/ml -I src/basic/ml -o src/ocaml-output/FStar_Universal.cmo src/ocaml-output/FStar_Universal.ml
''ocamlfind ocamlc -c -g -annot -bin-annot -thread -w -8-11-21-26-28 -package batteries -package zarith -package yojson -package pprint -I src/ocaml-output -I src/prettyprint/ml -I src/parser/ml -I src/ocaml-output/bootlibs -I src/fstar/ml -I src/basic/ml -o src/ocaml-output/FStar_Extraction_Kremlin.cmo src/ocaml-output/FStar_Extraction_Kremlin.ml
''ocamlfind ocamlc -c -g -annot -bin-annot -thread -w -8-11-21-26-28 -package batteries -package zarith -package yojson -package pprint -I src/ocaml-output -I src/prettyprint/ml -I src/parser/ml -I src/ocaml-output/bootlibs -I src/fstar/ml -I src/basic/ml -o src/ocaml-output/FStar_Extraction_ML_Modul.cmo src/ocaml-output/FStar_Extraction_ML_Modul.ml
''ocamlfind ocamlc -c -g -annot -bin-annot -thread -w -8-11-21-26-28 -package batteries -package zarith -package yojson -package pprint -I src/ocaml-output -I src/prettyprint/ml -I src/parser/ml -I src/ocaml-output/bootlibs -I src/fstar/ml -I src/basic/ml -o src/ocaml-output/FStar_Fsdoc_Generator.cmo src/ocaml-output/FStar_Fsdoc_Generator.ml
''ocamlfind ocamlc -c -g -annot -bin-annot -thread -w -8-11-21-26-28 -package batteries -package zarith -package yojson -package pprint -I src/ocaml-output -I src/prettyprint/ml -I src/parser/ml -I src/ocaml-output/bootlibs -I src/fstar/ml -I src/basic/ml -o src/ocaml-output/FStar_Indent.cmo src/ocaml-output/FStar_Indent.ml
''ocamlfind ocamlc -c -g -annot -bin-annot -thread -w -8-11-21-26-28 -package batteries -package zarith -package yojson -package pprint -I src/ocaml-output -I src/prettyprint/ml -I src/parser/ml -I src/ocaml-output/bootlibs -I src/fstar/ml -I src/basic/ml -o src/ocaml-output/FStar_Interactive.cmo src/ocaml-output/FStar_Interactive.ml
''ocamlfind ocamlc -c -g -annot -bin-annot -thread -w -8-11-21-26-28 -package batteries -package zarith -package yojson -package pprint -I src/ocaml-output -I src/prettyprint/ml -I src/parser/ml -I src/ocaml-output/bootlibs -I src/fstar/ml -I src/basic/ml -o src/ocaml-output/FStar_Main.cmo src/ocaml-output/FStar_Main.ml
''ocamlfind ocamlc -c -g -annot -bin-annot -thread -w -8-11-21-26-28 -package batteries -package zarith -package yojson -package pprint -I src/fstar/ml -I src/ocaml-output -I src/prettyprint/ml -I src/parser/ml -I src/ocaml-output/bootlibs -I src/basic/ml -o src/fstar/ml/main.cmo src/fstar/ml/main.ml
''ocamlfind ocamlopt -c -g -annot -bin-annot -thread -w -8-11-21-26-28 -package batteries -package zarith -package yojson -package pprint -I src/ocaml-output/bootlibs -I src/ocaml-output -I src/prettyprint/ml -I src/parser/ml -I src/fstar/ml -I src/basic/ml -o src/ocaml-output/bootlibs/FStar_All.cmx src/ocaml-output/bootlibs/FStar_All.ml
''ocamlfind ocamlopt -c -g -annot -bin-annot -thread -w -8-11-21-26-28 -package batteries -package zarith -package yojson -package pprint -I src/ocaml-output/bootlibs -I src/ocaml-output -I src/prettyprint/ml -I src/parser/ml -I src/fstar/ml -I src/basic/ml -o src/ocaml-output/bootlibs/FStar_Char.cmx src/ocaml-output/bootlibs/FStar_Char.ml
''ocamlfind ocamlopt -c -g -annot -bin-annot -thread -w -8-11-21-26-28 -package batteries -package zarith -package yojson -package pprint -I src/ocaml-output/bootlibs -I src/ocaml-output -I src/prettyprint/ml -I src/parser/ml -I src/fstar/ml -I src/basic/ml -o src/ocaml-output/bootlibs/FStar_Float.cmx src/ocaml-output/bootlibs/FStar_Float.ml
''ocamlfind ocamlopt -c -g -annot -bin-annot -thread -w -8-11-21-26-28 -package batteries -package zarith -package yojson -package pprint -I src/ocaml-output/bootlibs -I src/ocaml-output -I src/prettyprint/ml -I src/parser/ml -I src/fstar/ml -I src/basic/ml -o src/ocaml-output/bootlibs/FStar_Int16.cmx src/ocaml-output/bootlibs/FStar_Int16.ml
''ocamlfind ocamlopt -c -g -annot -bin-annot -thread -w -8-11-21-26-28 -package batteries -package zarith -package yojson -package pprint -I src/ocaml-output/bootlibs -I src/ocaml-output -I src/prettyprint/ml -I src/parser/ml -I src/fstar/ml -I src/basic/ml -o src/ocaml-output/bootlibs/FStar_Int32.cmx src/ocaml-output/bootlibs/FStar_Int32.ml
''ocamlfind ocamlopt -c -g -annot -bin-annot -thread -w -8-11-21-26-28 -package batteries -package zarith -package yojson -package pprint -I src/ocaml-output/bootlibs -I src/ocaml-output -I src/prettyprint/ml -I src/parser/ml -I src/fstar/ml -I src/basic/ml -o src/ocaml-output/bootlibs/FStar_Int64.cmx src/ocaml-output/bootlibs/FStar_Int64.ml
''ocamlfind ocamlopt -c -g -annot -bin-annot -thread -w -8-11-21-26-28 -package batteries -package zarith -package yojson -package pprint -I src/ocaml-output/bootlibs -I src/ocaml-output -I src/prettyprint/ml -I src/parser/ml -I src/fstar/ml -I src/basic/ml -o src/ocaml-output/bootlibs/FStar_Int8.cmx src/ocaml-output/bootlibs/FStar_Int8.ml
''ocamlfind ocamlopt -c -g -annot -bin-annot -thread -w -8-11-21-26-28 -package batteries -package zarith -package yojson -package pprint -I src/ocaml-output/bootlibs -I src/ocaml-output -I src/prettyprint/ml -I src/parser/ml -I src/fstar/ml -I src/basic/ml -o src/ocaml-output/bootlibs/FStar_UInt16.cmx src/ocaml-output/bootlibs/FStar_UInt16.ml
''ocamlfind ocamlopt -c -g -annot -bin-annot -thread -w -8-11-21-26-28 -package batteries -package zarith -package yojson -package pprint -I src/ocaml-output/bootlibs -I src/ocaml-output -I src/prettyprint/ml -I src/parser/ml -I src/fstar/ml -I src/basic/ml -o src/ocaml-output/bootlibs/FStar_UInt8.cmx src/ocaml-output/bootlibs/FStar_UInt8.ml
''ocamlfind ocamlopt -c -g -annot -bin-annot -thread -w -8-11-21-26-28 -package batteries -package zarith -package yojson -package pprint -I src/ocaml-output/bootlibs -I src/ocaml-output -I src/prettyprint/ml -I src/parser/ml -I src/fstar/ml -I src/basic/ml -o src/ocaml-output/bootlibs/FStar_List.cmx src/ocaml-output/bootlibs/FStar_List.ml
''ocamlfind ocamlopt -c -g -annot -bin-annot -thread -w -8-11-21-26-28 -package batteries -package zarith -package yojson -package pprint -I src/ocaml-output/bootlibs -I src/ocaml-output -I src/prettyprint/ml -I src/parser/ml -I src/fstar/ml -I src/basic/ml -o src/ocaml-output/bootlibs/MkPrims.cmx src/ocaml-output/bootlibs/MkPrims.ml
''ocamlfind ocamlopt -c -g -annot -bin-annot -thread -w -8-11-21-26-28 -package batteries -package zarith -package yojson -package pprint -I src/ocaml-output/bootlibs -I src/ocaml-output -I src/prettyprint/ml -I src/parser/ml -I src/fstar/ml -I src/basic/ml -o src/ocaml-output/bootlibs/prims.cmx src/ocaml-output/bootlibs/prims.ml
''ocamlfind ocamlopt -c -g -annot -bin-annot -thread -w -8-11-21-26-28 -package batteries -package zarith -package yojson -package pprint -I src/ocaml-output/bootlibs -I src/ocaml-output -I src/prettyprint/ml -I src/parser/ml -I src/fstar/ml -I src/basic/ml -o src/ocaml-output/bootlibs/FStar_BaseTypes.cmx src/ocaml-output/bootlibs/FStar_BaseTypes.ml
''ocamlfind ocamlopt -c -g -annot -bin-annot -thread -w -8-11-21-26-28 -package batteries -package zarith -package yojson -package pprint -I src/basic/ml -I src/ocaml-output -I src/prettyprint/ml -I src/parser/ml -I src/ocaml-output/bootlibs -I src/fstar/ml -o src/basic/ml/FStar_Getopt.cmx src/basic/ml/FStar_Getopt.ml
''ocamlfind ocamlopt -c -g -annot -bin-annot -thread -w -8-11-21-26-28 -package batteries -package zarith -package yojson -package pprint -I src/basic/ml -I src/ocaml-output -I src/prettyprint/ml -I src/parser/ml -I src/ocaml-output/bootlibs -I src/fstar/ml -o src/basic/ml/FStar_Platform.cmx src/basic/ml/FStar_Platform.ml
''ocamlfind ocamlopt -c -g -annot -bin-annot -thread -w -8-11-21-26-28 -package batteries -package zarith -package yojson -package pprint -I src/ocaml-output/bootlibs -I src/ocaml-output -I src/prettyprint/ml -I src/parser/ml -I src/fstar/ml -I src/basic/ml -o src/ocaml-output/bootlibs/FStar_ST.cmx src/ocaml-output/bootlibs/FStar_ST.ml
''ocamlfind ocamlopt -c -g -annot -bin-annot -thread -w -8-11-21-26-28 -package batteries -package zarith -package yojson -package pprint -I src/ocaml-output/bootlibs -I src/ocaml-output -I src/prettyprint/ml -I src/parser/ml -I src/fstar/ml -I src/basic/ml -o src/ocaml-output/bootlibs/FStar_String.cmx src/ocaml-output/bootlibs/FStar_String.ml
''ocamlfind ocamlopt -c -g -annot -bin-annot -thread -w -8-11-21-26-28 -package batteries -package zarith -package yojson -package pprint -I src/basic/ml -I src/ocaml-output -I src/prettyprint/ml -I src/parser/ml -I src/ocaml-output/bootlibs -I src/fstar/ml -o src/basic/ml/FStar_Util.cmx src/basic/ml/FStar_Util.ml
File "src/basic/ml/FStar_Util.ml", line 47, characters 57-65:
Warning 40: st_mtime was selected from type BatUnix.stats.
It is not visible in the current scope, and will not 
be selected if the type becomes unknown.
''ocamlfind ocamlopt -c -g -annot -bin-annot -thread -w -8-11-21-26-28 -package batteries -package zarith -package yojson -package pprint -I src/ocaml-output -I src/prettyprint/ml -I src/parser/ml -I src/ocaml-output/bootlibs -I src/fstar/ml -I src/basic/ml -o src/ocaml-output/FStar_Version.cmx src/ocaml-output/FStar_Version.ml
''ocamlfind ocamlopt -c -g -annot -bin-annot -thread -w -8-11-21-26-28 -package batteries -package zarith -package yojson -package pprint -I src/basic/ml -I src/ocaml-output -I src/prettyprint/ml -I src/parser/ml -I src/ocaml-output/bootlibs -I src/fstar/ml -o src/basic/ml/FStar_Range.cmx src/basic/ml/FStar_Range.ml
''ocamlfind ocamlopt -c -g -annot -bin-annot -thread -w -8-11-21-26-28 -package batteries -package zarith -package yojson -package pprint -I src/ocaml-output -I src/prettyprint/ml -I src/parser/ml -I src/ocaml-output/bootlibs -I src/fstar/ml -I src/basic/ml -o src/ocaml-output/FStar_Ident.cmx src/ocaml-output/FStar_Ident.ml
''ocamlfind ocamlopt -c -g -annot -bin-annot -thread -w -8-11-21-26-28 -package batteries -package zarith -package yojson -package pprint -I src/ocaml-output -I src/prettyprint/ml -I src/parser/ml -I src/ocaml-output/bootlibs -I src/fstar/ml -I src/basic/ml -o src/ocaml-output/FStar_Options.cmx src/ocaml-output/FStar_Options.ml
''ocamlfind ocamlopt -c -g -annot -bin-annot -thread -w -8-11-21-26-28 -package batteries -package zarith -package yojson -package pprint -I src/ocaml-output -I src/prettyprint/ml -I src/parser/ml -I src/ocaml-output/bootlibs -I src/fstar/ml -I src/basic/ml -o src/ocaml-output/FStar_Const.cmx src/ocaml-output/FStar_Const.ml
''ocamlfind ocamlopt -c -g -annot -bin-annot -thread -w -8-11-21-26-28 -package batteries -package zarith -package yojson -package pprint -I src/ocaml-output -I src/prettyprint/ml -I src/parser/ml -I src/ocaml-output/bootlibs -I src/fstar/ml -I src/basic/ml -o src/ocaml-output/FStar_Errors.cmx src/ocaml-output/FStar_Errors.ml
''ocamlfind ocamlopt -c -g -annot -bin-annot -thread -w -8-11-21-26-28 -package batteries -package zarith -package yojson -package pprint -I src/basic/ml -I src/ocaml-output -I src/prettyprint/ml -I src/parser/ml -I src/ocaml-output/bootlibs -I src/fstar/ml -o src/basic/ml/FStar_Unionfind.cmx src/basic/ml/FStar_Unionfind.ml
''ocamlfind ocamlopt -c -g -annot -bin-annot -thread -w -8-11-21-26-28 -package batteries -package zarith -package yojson -package pprint -I src/ocaml-output -I src/prettyprint/ml -I src/parser/ml -I src/ocaml-output/bootlibs -I src/fstar/ml -I src/basic/ml -o src/ocaml-output/FStar_Syntax_Syntax.cmx src/ocaml-output/FStar_Syntax_Syntax.ml
''ocamlfind ocamlopt -c -g -annot -bin-annot -thread -w -8-11-21-26-28 -package batteries -package zarith -package yojson -package pprint -I src/ocaml-output -I src/prettyprint/ml -I src/parser/ml -I src/ocaml-output/bootlibs -I src/fstar/ml -I src/basic/ml -o src/ocaml-output/FStar_Syntax_Const.cmx src/ocaml-output/FStar_Syntax_Const.ml
''ocamlfind ocamlopt -c -g -annot -bin-annot -thread -w -8-11-21-26-28 -package batteries -package zarith -package yojson -package pprint -I src/ocaml-output/bootlibs -I src/ocaml-output -I src/prettyprint/ml -I src/parser/ml -I src/fstar/ml -I src/basic/ml -o src/ocaml-output/bootlibs/FStar_Option.cmx src/ocaml-output/bootlibs/FStar_Option.ml
''ocamlfind ocamlopt -c -g -annot -bin-annot -thread -w -8-11-21-26-28 -package batteries -package zarith -package yojson -package pprint -I src/ocaml-output -I src/prettyprint/ml -I src/parser/ml -I src/ocaml-output/bootlibs -I src/fstar/ml -I src/basic/ml -o src/ocaml-output/FStar_Syntax_Subst.cmx src/ocaml-output/FStar_Syntax_Subst.ml
''ocamlfind ocamlopt -c -g -annot -bin-annot -thread -w -8-11-21-26-28 -package batteries -package zarith -package yojson -package pprint -I src/ocaml-output -I src/prettyprint/ml -I src/parser/ml -I src/ocaml-output/bootlibs -I src/fstar/ml -I src/basic/ml -o src/ocaml-output/FStar_Syntax_InstFV.cmx src/ocaml-output/FStar_Syntax_InstFV.ml
''ocamlfind ocamlopt -c -g -annot -bin-annot -thread -w -8-11-21-26-28 -package batteries -package zarith -package yojson -package pprint -I src/ocaml-output -I src/prettyprint/ml -I src/parser/ml -I src/ocaml-output/bootlibs -I src/fstar/ml -I src/basic/ml -o src/ocaml-output/FStar_Syntax_Util.cmx src/ocaml-output/FStar_Syntax_Util.ml
''ocamlfind ocamlopt -c -g -annot -bin-annot -thread -w -8-11-21-26-28 -package batteries -package zarith -package yojson -package pprint -I src/ocaml-output -I src/prettyprint/ml -I src/parser/ml -I src/ocaml-output/bootlibs -I src/fstar/ml -I src/basic/ml -o src/ocaml-output/FStar_Syntax_Print.cmx src/ocaml-output/FStar_Syntax_Print.ml
''ocamlfind ocamlopt -c -g -annot -bin-annot -thread -w -8-11-21-26-28 -package batteries -package zarith -package yojson -package pprint -I src/ocaml-output -I src/prettyprint/ml -I src/parser/ml -I src/ocaml-output/bootlibs -I src/fstar/ml -I src/basic/ml -o src/ocaml-output/FStar_Parser_AST.cmx src/ocaml-output/FStar_Parser_AST.ml
''ocamlfind ocamlopt -c -g -annot -bin-annot -thread -w -8-11-21-26-28 -package batteries -package zarith -package yojson -package pprint -I src/parser/ml -I src/ocaml-output -I src/prettyprint/ml -I src/ocaml-output/bootlibs -I src/fstar/ml -I src/basic/ml -o src/parser/ml/FStar_Parser_Util.cmx src/parser/ml/FStar_Parser_Util.ml
''ocamlfind ocamlopt -c -g -annot -bin-annot -thread -w -8-11-21-26-28 -package batteries -package zarith -package yojson -package pprint -I src/ocaml-output -I src/prettyprint/ml -I src/parser/ml -I src/ocaml-output/bootlibs -I src/fstar/ml -I src/basic/ml -o src/ocaml-output/FStar_Parser_Parse.cmx src/ocaml-output/FStar_Parser_Parse.ml
''ocamlfind ocamlopt -c -g -annot -bin-annot -thread -w -8-11-21-26-28 -package batteries -package zarith -package yojson -package pprint -I src/parser/ml -I src/ocaml-output -I src/prettyprint/ml -I src/ocaml-output/bootlibs -I src/fstar/ml -I src/basic/ml -o src/parser/ml/FStar_Parser_LexFStar.cmx src/parser/ml/FStar_Parser_LexFStar.ml
''ocamlfind ocamlopt -c -g -annot -bin-annot -thread -w -8-11-21-26-28 -package batteries -package zarith -package yojson -package pprint -I src/parser/ml -I src/ocaml-output -I src/prettyprint/ml -I src/ocaml-output/bootlibs -I src/fstar/ml -I src/basic/ml -o src/parser/ml/FStar_Parser_ParseIt.cmx src/parser/ml/FStar_Parser_ParseIt.ml
''ocamlfind ocamlopt -c -g -annot -bin-annot -thread -w -8-11-21-26-28 -package batteries -package zarith -package yojson -package pprint -I src/ocaml-output -I src/prettyprint/ml -I src/parser/ml -I src/ocaml-output/bootlibs -I src/fstar/ml -I src/basic/ml -o src/ocaml-output/FStar_Parser_Driver.cmx src/ocaml-output/FStar_Parser_Driver.ml
''ocamlfind ocamlopt -c -g -annot -bin-annot -thread -w -8-11-21-26-28 -package batteries -package zarith -package yojson -package pprint -I src/ocaml-output -I src/prettyprint/ml -I src/parser/ml -I src/ocaml-output/bootlibs -I src/fstar/ml -I src/basic/ml -o src/ocaml-output/FStar_Parser_Dep.cmx src/ocaml-output/FStar_Parser_Dep.ml
''ocamlfind ocamlopt -c -g -annot -bin-annot -thread -w -8-11-21-26-28 -package batteries -package zarith -package yojson -package pprint -I src/ocaml-output -I src/prettyprint/ml -I src/parser/ml -I src/ocaml-output/bootlibs -I src/fstar/ml -I src/basic/ml -o src/ocaml-output/FStar_Extraction_ML_Syntax.cmx src/ocaml-output/FStar_Extraction_ML_Syntax.ml
''ocamlfind ocamlopt -c -g -annot -bin-annot -thread -w -8-11-21-26-28 -package batteries -package zarith -package yojson -package pprint -I src/ocaml-output -I src/prettyprint/ml -I src/parser/ml -I src/ocaml-output/bootlibs -I src/fstar/ml -I src/basic/ml -o src/ocaml-output/FStar_Syntax_Free.cmx src/ocaml-output/FStar_Syntax_Free.ml
''ocamlfind ocamlopt -c -g -annot -bin-annot -thread -w -8-11-21-26-28 -package batteries -package zarith -package yojson -package pprint -I src/ocaml-output -I src/prettyprint/ml -I src/parser/ml -I src/ocaml-output/bootlibs -I src/fstar/ml -I src/basic/ml -o src/ocaml-output/FStar_TypeChecker_Common.cmx src/ocaml-output/FStar_TypeChecker_Common.ml
''ocamlfind ocamlopt -c -g -annot -bin-annot -thread -w -8-11-21-26-28 -package batteries -package zarith -package yojson -package pprint -I src/ocaml-output -I src/prettyprint/ml -I src/parser/ml -I src/ocaml-output/bootlibs -I src/fstar/ml -I src/basic/ml -o src/ocaml-output/FStar_TypeChecker_Env.cmx src/ocaml-output/FStar_TypeChecker_Env.ml
''ocamlfind ocamlopt -c -g -annot -bin-annot -thread -w -8-11-21-26-28 -package batteries -package zarith -package yojson -package pprint -I src/ocaml-output -I src/prettyprint/ml -I src/parser/ml -I src/ocaml-output/bootlibs -I src/fstar/ml -I src/basic/ml -o src/ocaml-output/FStar_Extraction_ML_UEnv.cmx src/ocaml-output/FStar_Extraction_ML_UEnv.ml
''ocamlfind ocamlopt -c -g -annot -bin-annot -thread -w -8-11-21-26-28 -package batteries -package zarith -package yojson -package pprint -I src/basic/ml -I src/ocaml-output -I src/prettyprint/ml -I src/parser/ml -I src/ocaml-output/bootlibs -I src/fstar/ml -o src/basic/ml/FStar_Bytes.cmx src/basic/ml/FStar_Bytes.ml
''ocamlfind ocamlopt -c -g -annot -bin-annot -thread -w -8-11-21-26-28 -package batteries -package zarith -package yojson -package pprint -I src/ocaml-output -I src/prettyprint/ml -I src/parser/ml -I src/ocaml-output/bootlibs -I src/fstar/ml -I src/basic/ml -o src/ocaml-output/FStar_Extraction_ML_Util.cmx src/ocaml-output/FStar_Extraction_ML_Util.ml
''ocamlfind ocamlopt -c -g -annot -bin-annot -thread -w -8-11-21-26-28 -package batteries -package zarith -package yojson -package pprint -I src/ocaml-output -I src/prettyprint/ml -I src/parser/ml -I src/ocaml-output/bootlibs -I src/fstar/ml -I src/basic/ml -o src/ocaml-output/FStar_Format.cmx src/ocaml-output/FStar_Format.ml
''ocamlfind ocamlopt -c -g -annot -bin-annot -thread -w -8-11-21-26-28 -package batteries -package zarith -package yojson -package pprint -I src/ocaml-output -I src/prettyprint/ml -I src/parser/ml -I src/ocaml-output/bootlibs -I src/fstar/ml -I src/basic/ml -o src/ocaml-output/FStar_Extraction_ML_Code.cmx src/ocaml-output/FStar_Extraction_ML_Code.ml
''ocamlfind ocamlopt -c -g -annot -bin-annot -thread -w -8-11-21-26-28 -package batteries -package zarith -package yojson -package pprint -I src/ocaml-output -I src/prettyprint/ml -I src/parser/ml -I src/ocaml-output/bootlibs -I src/fstar/ml -I src/basic/ml -o src/ocaml-output/FStar_TypeChecker_Normalize.cmx src/ocaml-output/FStar_TypeChecker_Normalize.ml
''ocamlfind ocamlopt -c -g -annot -bin-annot -thread -w -8-11-21-26-28 -package batteries -package zarith -package yojson -package pprint -I src/ocaml-output -I src/prettyprint/ml -I src/parser/ml -I src/ocaml-output/bootlibs -I src/fstar/ml -I src/basic/ml -o src/ocaml-output/FStar_TypeChecker_Err.cmx src/ocaml-output/FStar_TypeChecker_Err.ml
''ocamlfind ocamlopt -c -g -annot -bin-annot -thread -w -8-11-21-26-28 -package batteries -package zarith -package yojson -package pprint -I src/ocaml-output -I src/prettyprint/ml -I src/parser/ml -I src/ocaml-output/bootlibs -I src/fstar/ml -I src/basic/ml -o src/ocaml-output/FStar_TypeChecker_Rel.cmx src/ocaml-output/FStar_TypeChecker_Rel.ml
''ocamlfind ocamlopt -c -g -annot -bin-annot -thread -w -8-11-21-26-28 -package batteries -package zarith -package yojson -package pprint -I src/ocaml-output -I src/prettyprint/ml -I src/parser/ml -I src/ocaml-output/bootlibs -I src/fstar/ml -I src/basic/ml -o src/ocaml-output/FStar_TypeChecker_Util.cmx src/ocaml-output/FStar_TypeChecker_Util.ml
''ocamlfind ocamlopt -c -g -annot -bin-annot -thread -w -8-11-21-26-28 -package batteries -package zarith -package yojson -package pprint -I src/ocaml-output -I src/prettyprint/ml -I src/parser/ml -I src/ocaml-output/bootlibs -I src/fstar/ml -I src/basic/ml -o src/ocaml-output/FStar_TypeChecker_TcTerm.cmx src/ocaml-output/FStar_TypeChecker_TcTerm.ml
''ocamlfind ocamlopt -c -g -annot -bin-annot -thread -w -8-11-21-26-28 -package batteries -package zarith -package yojson -package pprint -I src/ocaml-output -I src/prettyprint/ml -I src/parser/ml -I src/ocaml-output/bootlibs -I src/fstar/ml -I src/basic/ml -o src/ocaml-output/FStar_Extraction_ML_Term.cmx src/ocaml-output/FStar_Extraction_ML_Term.ml
''ocamlfind ocamlopt -c -g -annot -bin-annot -thread -w -8-11-21-26-28 -package batteries -package zarith -package yojson -package pprint -I src/prettyprint/ml -I src/ocaml-output -I src/parser/ml -I src/ocaml-output/bootlibs -I src/fstar/ml -I src/basic/ml -o src/prettyprint/ml/FStar_Pprint.cmx src/prettyprint/ml/FStar_Pprint.ml
''ocamlfind ocamlopt -c -g -annot -bin-annot -thread -w -8-11-21-26-28 -package batteries -package zarith -package yojson -package pprint -I src/ocaml-output -I src/prettyprint/ml -I src/parser/ml -I src/ocaml-output/bootlibs -I src/fstar/ml -I src/basic/ml -o src/ocaml-output/FStar_Parser_ToDocument.cmx src/ocaml-output/FStar_Parser_ToDocument.ml
''ocamlfind ocamlopt -c -g -annot -bin-annot -thread -w -8-11-21-26-28 -package batteries -package zarith -package yojson -package pprint -I src/ocaml-output -I src/prettyprint/ml -I src/parser/ml -I src/ocaml-output/bootlibs -I src/fstar/ml -I src/basic/ml -o src/ocaml-output/FStar_Dependencies.cmx src/ocaml-output/FStar_Dependencies.ml
''ocamlfind ocamlopt -c -g -annot -bin-annot -thread -w -8-11-21-26-28 -package batteries -package zarith -package yojson -package pprint -I src/ocaml-output -I src/prettyprint/ml -I src/parser/ml -I src/ocaml-output/bootlibs -I src/fstar/ml -I src/basic/ml -o src/ocaml-output/FStar_SMTEncoding_Term.cmx src/ocaml-output/FStar_SMTEncoding_Term.ml
''ocamlfind ocamlopt -c -g -annot -bin-annot -thread -w -8-11-21-26-28 -package batteries -package zarith -package yojson -package pprint -I src/ocaml-output -I src/prettyprint/ml -I src/parser/ml -I src/ocaml-output/bootlibs -I src/fstar/ml -I src/basic/ml -o src/ocaml-output/FStar_SMTEncoding_Util.cmx src/ocaml-output/FStar_SMTEncoding_Util.ml
''ocamlfind ocamlopt -c -g -annot -bin-annot -thread -w -8-11-21-26-28 -package batteries -package zarith -package yojson -package pprint -I src/ocaml-output -I src/prettyprint/ml -I src/parser/ml -I src/ocaml-output/bootlibs -I src/fstar/ml -I src/basic/ml -o src/ocaml-output/FStar_SMTEncoding_Z3.cmx src/ocaml-output/FStar_SMTEncoding_Z3.ml
''ocamlfind ocamlopt -c -g -annot -bin-annot -thread -w -8-11-21-26-28 -package batteries -package zarith -package yojson -package pprint -I src/ocaml-output -I src/prettyprint/ml -I src/parser/ml -I src/ocaml-output/bootlibs -I src/fstar/ml -I src/basic/ml -o src/ocaml-output/FStar_SMTEncoding_ErrorReporting.cmx src/ocaml-output/FStar_SMTEncoding_ErrorReporting.ml
''ocamlfind ocamlopt -c -g -annot -bin-annot -thread -w -8-11-21-26-28 -package batteries -package zarith -package yojson -package pprint -I src/ocaml-output -I src/prettyprint/ml -I src/parser/ml -I src/ocaml-output/bootlibs -I src/fstar/ml -I src/basic/ml -o src/ocaml-output/FStar_SMTEncoding_Encode.cmx src/ocaml-output/FStar_SMTEncoding_Encode.ml
''ocamlfind ocamlopt -c -g -annot -bin-annot -thread -w -8-11-21-26-28 -package batteries -package zarith -package yojson -package pprint -I src/ocaml-output -I src/prettyprint/ml -I src/parser/ml -I src/ocaml-output/bootlibs -I src/fstar/ml -I src/basic/ml -o src/ocaml-output/FStar_SMTEncoding_SplitQueryCases.cmx src/ocaml-output/FStar_SMTEncoding_SplitQueryCases.ml
''ocamlfind ocamlopt -c -g -annot -bin-annot -thread -w -8-11-21-26-28 -package batteries -package zarith -package yojson -package pprint -I src/ocaml-output -I src/prettyprint/ml -I src/parser/ml -I src/ocaml-output/bootlibs -I src/fstar/ml -I src/basic/ml -o src/ocaml-output/FStar_SMTEncoding_Solver.cmx src/ocaml-output/FStar_SMTEncoding_Solver.ml
''ocamlfind ocamlopt -c -g -annot -bin-annot -thread -w -8-11-21-26-28 -package batteries -package zarith -package yojson -package pprint -I src/ocaml-output -I src/prettyprint/ml -I src/parser/ml -I src/ocaml-output/bootlibs -I src/fstar/ml -I src/basic/ml -o src/ocaml-output/FStar_ToSyntax_Env.cmx src/ocaml-output/FStar_ToSyntax_Env.ml
''ocamlfind ocamlopt -c -g -annot -bin-annot -thread -w -8-11-21-26-28 -package batteries -package zarith -package yojson -package pprint -I src/ocaml-output -I src/prettyprint/ml -I src/parser/ml -I src/ocaml-output/bootlibs -I src/fstar/ml -I src/basic/ml -o src/ocaml-output/FStar_Syntax_MutRecTy.cmx src/ocaml-output/FStar_Syntax_MutRecTy.ml
''ocamlfind ocamlopt -c -g -annot -bin-annot -thread -w -8-11-21-26-28 -package batteries -package zarith -package yojson -package pprint -I src/ocaml-output -I src/prettyprint/ml -I src/parser/ml -I src/ocaml-output/bootlibs -I src/fstar/ml -I src/basic/ml -o src/ocaml-output/FStar_TypeChecker_DMFF.cmx src/ocaml-output/FStar_TypeChecker_DMFF.ml
''ocamlfind ocamlopt -c -g -annot -bin-annot -thread -w -8-11-21-26-28 -package batteries -package zarith -package yojson -package pprint -I src/ocaml-output -I src/prettyprint/ml -I src/parser/ml -I src/ocaml-output/bootlibs -I src/fstar/ml -I src/basic/ml -o src/ocaml-output/FStar_TypeChecker_TcInductive.cmx src/ocaml-output/FStar_TypeChecker_TcInductive.ml
''ocamlfind ocamlopt -c -g -annot -bin-annot -thread -w -8-11-21-26-28 -package batteries -package zarith -package yojson -package pprint -I src/ocaml-output -I src/prettyprint/ml -I src/parser/ml -I src/ocaml-output/bootlibs -I src/fstar/ml -I src/basic/ml -o src/ocaml-output/FStar_Parser_Interleave.cmx src/ocaml-output/FStar_Parser_Interleave.ml
''ocamlfind ocamlopt -c -g -annot -bin-annot -thread -w -8-11-21-26-28 -package batteries -package zarith -package yojson -package pprint -I src/ocaml-output -I src/prettyprint/ml -I src/parser/ml -I src/ocaml-output/bootlibs -I src/fstar/ml -I src/basic/ml -o src/ocaml-output/FStar_ToSyntax_ToSyntax.cmx src/ocaml-output/FStar_ToSyntax_ToSyntax.ml
''ocamlfind ocamlopt -c -g -annot -bin-annot -thread -w -8-11-21-26-28 -package batteries -package zarith -package yojson -package pprint -I src/ocaml-output -I src/prettyprint/ml -I src/parser/ml -I src/ocaml-output/bootlibs -I src/fstar/ml -I src/basic/ml -o src/ocaml-output/FStar_TypeChecker_Tc.cmx src/ocaml-output/FStar_TypeChecker_Tc.ml
''ocamlfind ocamlopt -c -g -annot -bin-annot -thread -w -8-11-21-26-28 -package batteries -package zarith -package yojson -package pprint -I src/ocaml-output -I src/prettyprint/ml -I src/parser/ml -I src/ocaml-output/bootlibs -I src/fstar/ml -I src/basic/ml -o src/ocaml-output/FStar_Universal.cmx src/ocaml-output/FStar_Universal.ml
''ocamlfind ocamlopt -c -g -annot -bin-annot -thread -w -8-11-21-26-28 -package batteries -package zarith -package yojson -package pprint -I src/ocaml-output -I src/prettyprint/ml -I src/parser/ml -I src/ocaml-output/bootlibs -I src/fstar/ml -I src/basic/ml -o src/ocaml-output/FStar_Extraction_Kremlin.cmx src/ocaml-output/FStar_Extraction_Kremlin.ml
''ocamlfind ocamlopt -c -g -annot -bin-annot -thread -w -8-11-21-26-28 -package batteries -package zarith -package yojson -package pprint -I src/ocaml-output -I src/prettyprint/ml -I src/parser/ml -I src/ocaml-output/bootlibs -I src/fstar/ml -I src/basic/ml -o src/ocaml-output/FStar_Extraction_ML_Modul.cmx src/ocaml-output/FStar_Extraction_ML_Modul.ml
''ocamlfind ocamlopt -c -g -annot -bin-annot -thread -w -8-11-21-26-28 -package batteries -package zarith -package yojson -package pprint -I src/ocaml-output -I src/prettyprint/ml -I src/parser/ml -I src/ocaml-output/bootlibs -I src/fstar/ml -I src/basic/ml -o src/ocaml-output/FStar_Fsdoc_Generator.cmx src/ocaml-output/FStar_Fsdoc_Generator.ml
''ocamlfind ocamlopt -c -g -annot -bin-annot -thread -w -8-11-21-26-28 -package batteries -package zarith -package yojson -package pprint -I src/ocaml-output -I src/prettyprint/ml -I src/parser/ml -I src/ocaml-output/bootlibs -I src/fstar/ml -I src/basic/ml -o src/ocaml-output/FStar_Indent.cmx src/ocaml-output/FStar_Indent.ml
''ocamlfind ocamlopt -c -g -annot -bin-annot -thread -w -8-11-21-26-28 -package batteries -package zarith -package yojson -package pprint -I src/ocaml-output -I src/prettyprint/ml -I src/parser/ml -I src/ocaml-output/bootlibs -I src/fstar/ml -I src/basic/ml -o src/ocaml-output/FStar_Interactive.cmx src/ocaml-output/FStar_Interactive.ml
''ocamlfind ocamlopt -c -g -annot -bin-annot -thread -w -8-11-21-26-28 -package batteries -package zarith -package yojson -package pprint -I src/ocaml-output -I src/prettyprint/ml -I src/parser/ml -I src/ocaml-output/bootlibs -I src/fstar/ml -I src/basic/ml -o src/ocaml-output/FStar_Main.cmx src/ocaml-output/FStar_Main.ml
''ocamlfind ocamlopt -c -g -annot -bin-annot -thread -w -8-11-21-26-28 -package batteries -package zarith -package yojson -package pprint -I src/fstar/ml -I src/ocaml-output -I src/prettyprint/ml -I src/parser/ml -I src/ocaml-output/bootlibs -I src/basic/ml -o src/fstar/ml/main.cmx src/fstar/ml/main.ml
''ocamlfind ocamlopt -linkpkg -thread -package batteries -package zarith -package yojson -package pprint src/ocaml-output/bootlibs/FStar_List.cmx src/ocaml-output/bootlibs/MkPrims.cmx src/ocaml-output/bootlibs/prims.cmx src/basic/ml/FStar_Util.cmx src/basic/ml/FStar_Bytes.cmx src/basic/ml/FStar_Getopt.cmx src/basic/ml/FStar_Platform.cmx src/ocaml-output/bootlibs/FStar_Char.cmx src/ocaml-output/bootlibs/FStar_Float.cmx src/ocaml-output/bootlibs/FStar_Int16.cmx src/ocaml-output/bootlibs/FStar_Int32.cmx src/ocaml-output/bootlibs/FStar_Int64.cmx src/ocaml-output/bootlibs/FStar_Int8.cmx src/ocaml-output/bootlibs/FStar_UInt16.cmx src/ocaml-output/bootlibs/FStar_UInt8.cmx src/ocaml-output/bootlibs/FStar_BaseTypes.cmx src/basic/ml/FStar_Range.cmx src/basic/ml/FStar_Unionfind.cmx src/ocaml-output/bootlibs/FStar_All.cmx src/ocaml-output/bootlibs/FStar_ST.cmx src/ocaml-output/bootlibs/FStar_String.cmx src/ocaml-output/FStar_Ident.cmx src/ocaml-output/FStar_Const.cmx src/ocaml-output/FStar_Version.cmx src/ocaml-output/FStar_Options.cmx src/ocaml-output/FStar_Errors.cmx src/ocaml-output/FStar_Syntax_Syntax.cmx src/ocaml-output/FStar_Syntax_Const.cmx src/ocaml-output/bootlibs/FStar_Option.cmx src/ocaml-output/FStar_Syntax_Subst.cmx src/ocaml-output/FStar_Syntax_InstFV.cmx src/ocaml-output/FStar_Syntax_Util.cmx src/ocaml-output/FStar_Syntax_Print.cmx src/ocaml-output/FStar_Parser_AST.cmx src/parser/ml/FStar_Parser_Util.cmx src/ocaml-output/FStar_Parser_Parse.cmx src/parser/ml/FStar_Parser_LexFStar.cmx src/parser/ml/FStar_Parser_ParseIt.cmx src/ocaml-output/FStar_Parser_Driver.cmx src/ocaml-output/FStar_Parser_Dep.cmx src/ocaml-output/FStar_Dependencies.cmx src/ocaml-output/FStar_Extraction_ML_Syntax.cmx src/ocaml-output/FStar_Syntax_Free.cmx src/ocaml-output/FStar_TypeChecker_Common.cmx src/ocaml-output/FStar_TypeChecker_Env.cmx src/ocaml-output/FStar_Extraction_ML_UEnv.cmx src/ocaml-output/FStar_Extraction_ML_Util.cmx src/ocaml-output/FStar_Format.cmx src/ocaml-output/FStar_Extraction_ML_Code.cmx src/ocaml-output/FStar_Extraction_Kremlin.cmx src/ocaml-output/FStar_TypeChecker_Normalize.cmx src/ocaml-output/FStar_TypeChecker_Err.cmx src/ocaml-output/FStar_TypeChecker_Rel.cmx src/ocaml-output/FStar_TypeChecker_Util.cmx src/ocaml-output/FStar_TypeChecker_TcTerm.cmx src/ocaml-output/FStar_Extraction_ML_Term.cmx src/ocaml-output/FStar_Extraction_ML_Modul.cmx src/ocaml-output/FStar_Fsdoc_Generator.cmx src/prettyprint/ml/FStar_Pprint.cmx src/ocaml-output/FStar_Parser_ToDocument.cmx src/ocaml-output/FStar_Indent.cmx src/ocaml-output/FStar_Parser_Interleave.cmx src/ocaml-output/FStar_SMTEncoding_Term.cmx src/ocaml-output/FStar_SMTEncoding_Util.cmx src/ocaml-output/FStar_SMTEncoding_Z3.cmx src/ocaml-output/FStar_SMTEncoding_ErrorReporting.cmx src/ocaml-output/FStar_SMTEncoding_Encode.cmx src/ocaml-output/FStar_SMTEncoding_SplitQueryCases.cmx src/ocaml-output/FStar_SMTEncoding_Solver.cmx src/ocaml-output/FStar_Syntax_MutRecTy.cmx src/ocaml-output/FStar_ToSyntax_Env.cmx src/ocaml-output/FStar_ToSyntax_ToSyntax.cmx src/ocaml-output/FStar_TypeChecker_DMFF.cmx src/ocaml-output/FStar_TypeChecker_TcInductive.cmx src/ocaml-output/FStar_TypeChecker_Tc.cmx src/ocaml-output/FStar_Universal.cmx src/ocaml-output/FStar_Interactive.cmx src/ocaml-output/FStar_Main.cmx src/fstar/ml/main.cmx -o src/fstar/ml/main.native
# Parallel statistics: { count(total): 18(190), max: 8, min: 2, average(total): 3.778(1.263) }
cp _build/src/fstar/ml/main.native ../../bin/fstar.exe
cp _build/src/fstar/ml/main.native ../../bin/fstar.ocaml
make[1]: Leaving directory '/cygdrive/c/Build/Agent2/_work/1/s/src/ocaml-output'
make fstar-ocaml
make[1]: Entering directory '/cygdrive/c/Build/Agent2/_work/1/s/src'
make ocaml
make[2]: Entering directory '/cygdrive/c/Build/Agent2/_work/1/s/src'
rm -rf boot_fstis u_boot_fsts u_ocaml-output
mkdir boot_fstis u_boot_fsts u_ocaml-output
make prep
make[3]: Entering directory '/cygdrive/c/Build/Agent2/_work/1/s/src'
make[3]: warning: jobserver unavailable: using -j1.  Add '+' to parent make rule.
cp basic/string.fsi boot_fstis/FStar.string.fsti
cp basic/list.fsi boot_fstis/FStar.list.fst
sed -i 's/open Prims/module ALL_TEMP = FStar.All/g' boot_fstis/FStar.list.fst
sed -i 's/<.* when .* : equality>//g' boot_fstis/FStar.list.fst
sed -i 's/val/assume val/g' boot_fstis/FStar.list.fst
cp basic/util.fsi boot_fstis/FStar.util.fsti
sed -i 's/open System.IO/module ALL_TMP = FStar.All/g' boot_fstis/FStar.util.fsti
sed -i 's/type time.*/assume new type time/g'  boot_fstis/FStar.util.fsti
sed -i 's/type smap.*/assume new type smap : Type0 -> Type0/g'  boot_fstis/FStar.util.fsti
sed -i 's/type out_channel.*/assume new type out_channel/g'  boot_fstis/FStar.util.fsti
sed -i 's/type file_handle.*/assume new type file_handle/g'  boot_fstis/FStar.util.fsti
sed -i 's/type stream_reader.*/assume new type stream_reader/g'  boot_fstis/FStar.util.fsti
sed -i 's/type string_builder.*/assume new type string_builder/g'  boot_fstis/FStar.util.fsti
sed -i 's/type proc.*/assume new type proc/g' boot_fstis/FStar.util.fsti
sed -i 's/type set.*/assume new type set:Type0 -> Type0/g' boot_fstis/FStar.util.fsti
cp basic/platform.fsi boot_fstis/FStar.platform.fsti
cp basic/bytes.fsti boot_fstis/FStar.bytes.fst
cp basic/range.fsi boot_fstis/FStar.range.fsti
cp basic/version.fsi boot_fstis/FStar.version.fsti
cp basic/getopt.fsi boot_fstis/FStar.getopt.fsti
cp basic/unionfind.fsi boot_fstis/FStar.unionfind.fsti
sed -i 's/type cell.*/module ALL_TMP = FStar.All/g' boot_fstis/FStar.unionfind.fsti
sed -i 's/and contents.*//g' boot_fstis/FStar.unionfind.fsti
sed -i 's/.*| Data.*//g' boot_fstis/FStar.unionfind.fsti
sed -i 's/.*| Fwd.*//g' boot_fstis/FStar.unionfind.fsti
sed -i 's/type uvar.*/assume new type uvar : Type0 -> Type0/g' boot_fstis/FStar.unionfind.fsti
cp prettyprint/prettyprint.fsi boot_fstis/FStar.Pprint.fsti
echo "#light \"off\"" > boot_fstis/FStar.Parser.Parse.fsti
head -n -12 parser/parse.fsi >> boot_fstis/FStar.Parser.Parse.fsti
sed -i 's/module FStar.Parser.Parse/module FStar.Parser.Parse\nopen FStar.All\nopen FStar.BaseTypes\ntype bytes = array<byte>/' boot_fstis/FStar.Parser.Parse.fsti
make rename_as_fst
make[4]: Entering directory '/cygdrive/c/Build/Agent2/_work/1/s/src'
./tools/rename_all_boot_fsts
[rename_all_boot_fsts]: copying ./basic/FStar.Const.fs to u_boot_fsts/FStar.Const.fst
[rename_all_boot_fsts]: copying ./basic/FStar.Errors.fs to u_boot_fsts/FStar.Errors.fst
[rename_all_boot_fsts]: copying ./basic/FStar.Ident.fs to u_boot_fsts/FStar.Ident.fst
[rename_all_boot_fsts]: copying ./basic/FStar.Options.fs to u_boot_fsts/FStar.Options.fst
[rename_all_boot_fsts]: copying ./basic/FStar.Options.fsi to u_boot_fsts/FStar.Options.fsti
./boot_fstis/FStar.bytes.fst is unrecognized
./boot_fstis/FStar.getopt.fsti is unrecognized
./boot_fstis/FStar.list.fst is unrecognized
./boot_fstis/FStar.Parser.Parse.fsti is unrecognized
./boot_fstis/FStar.platform.fsti is unrecognized
./boot_fstis/FStar.Pprint.fsti is unrecognized
./boot_fstis/FStar.range.fsti is unrecognized
./boot_fstis/FStar.string.fsti is unrecognized
./boot_fstis/FStar.unionfind.fsti is unrecognized
./boot_fstis/FStar.util.fsti is unrecognized
./boot_fstis/FStar.version.fsti is unrecognized
[rename_all_boot_fsts]: copying ./extraction/FStar.Extraction.Kremlin.fs to u_boot_fsts/FStar.Extraction.Kremlin.fst
[rename_all_boot_fsts]: copying ./extraction/FStar.Extraction.ML.Code.fs to u_boot_fsts/FStar.Extraction.ML.Code.fst
[rename_all_boot_fsts]: copying ./extraction/FStar.Extraction.ML.Code.fsi to u_boot_fsts/FStar.Extraction.ML.Code.fsti
[rename_all_boot_fsts]: copying ./extraction/FStar.Extraction.ML.Modul.fs to u_boot_fsts/FStar.Extraction.ML.Modul.fst
[rename_all_boot_fsts]: copying ./extraction/FStar.Extraction.ML.Syntax.fs to u_boot_fsts/FStar.Extraction.ML.Syntax.fst
[rename_all_boot_fsts]: copying ./extraction/FStar.Extraction.ML.Term.fs to u_boot_fsts/FStar.Extraction.ML.Term.fst
[rename_all_boot_fsts]: copying ./extraction/FStar.Extraction.ML.UEnv.fs to u_boot_fsts/FStar.Extraction.ML.UEnv.fst
[rename_all_boot_fsts]: copying ./extraction/FStar.Extraction.ML.Util.fs to u_boot_fsts/FStar.Extraction.ML.Util.fst
[rename_all_boot_fsts]: copying ./format/FStar.Format.fs to u_boot_fsts/FStar.Format.fst
[rename_all_boot_fsts]: copying ./fsdoc/FStar.Fsdoc.Generator.fs to u_boot_fsts/FStar.Fsdoc.Generator.fst
[rename_all_boot_fsts]: copying ./fstar/FStar.Dependencies.fs to u_boot_fsts/FStar.Dependencies.fst
[rename_all_boot_fsts]: copying ./fstar/FStar.Indent.fs to u_boot_fsts/FStar.Indent.fst
[rename_all_boot_fsts]: copying ./fstar/FStar.Interactive.fs to u_boot_fsts/FStar.Interactive.fst
[rename_all_boot_fsts]: copying ./fstar/FStar.Main.fs to u_boot_fsts/FStar.Main.fst
[rename_all_boot_fsts]: copying ./fstar/FStar.Top.fs to u_boot_fsts/FStar.Top.fst
[rename_all_boot_fsts]: copying ./fstar/FStar.Universal.fs to u_boot_fsts/FStar.Universal.fst
[rename_all_boot_fsts]: copying ./parser/FStar.Parser.AST.fs to u_boot_fsts/FStar.Parser.AST.fst
[rename_all_boot_fsts]: copying ./parser/FStar.Parser.Dep.fs to u_boot_fsts/FStar.Parser.Dep.fst
[rename_all_boot_fsts]: copying ./parser/FStar.Parser.Dep.fsi to u_boot_fsts/FStar.Parser.Dep.fsti
[rename_all_boot_fsts]: copying ./parser/FStar.Parser.Driver.fs to u_boot_fsts/FStar.Parser.Driver.fst
[rename_all_boot_fsts]: copying ./parser/FStar.Parser.Interleave.fs to u_boot_fsts/FStar.Parser.Interleave.fst
[rename_all_boot_fsts]: copying ./parser/FStar.Parser.Lexhelp.fs to u_boot_fsts/FStar.Parser.Lexhelp.fst
[rename_all_boot_fsts]: copying ./parser/FStar.Parser.ToDocument.fs to u_boot_fsts/FStar.Parser.ToDocument.fst
[rename_all_boot_fsts]: copying ./parser/FStar.Parser.ToDocument.fsi to u_boot_fsts/FStar.Parser.ToDocument.fsti
[rename_all_boot_fsts]: copying ./smtencoding/FStar.SMTEncoding.Encode.fs to u_boot_fsts/FStar.SMTEncoding.Encode.fst
[rename_all_boot_fsts]: copying ./smtencoding/FStar.SMTEncoding.Encode.fsi to u_boot_fsts/FStar.SMTEncoding.Encode.fsti
[rename_all_boot_fsts]: copying ./smtencoding/FStar.SMTEncoding.ErrorReporting.fs to u_boot_fsts/FStar.SMTEncoding.ErrorReporting.fst
[rename_all_boot_fsts]: copying ./smtencoding/FStar.SMTEncoding.ErrorReporting.fsi to u_boot_fsts/FStar.SMTEncoding.ErrorReporting.fsti
[rename_all_boot_fsts]: copying ./smtencoding/FStar.SMTEncoding.Solver.fs to u_boot_fsts/FStar.SMTEncoding.Solver.fst
[rename_all_boot_fsts]: copying ./smtencoding/FStar.SMTEncoding.Solver.fsi to u_boot_fsts/FStar.SMTEncoding.Solver.fsti
[rename_all_boot_fsts]: copying ./smtencoding/FStar.SMTEncoding.SplitQueryCases.fs to u_boot_fsts/FStar.SMTEncoding.SplitQueryCases.fst
[rename_all_boot_fsts]: copying ./smtencoding/FStar.SMTEncoding.Term.fs to u_boot_fsts/FStar.SMTEncoding.Term.fst
[rename_all_boot_fsts]: copying ./smtencoding/FStar.SMTEncoding.Term.fsi to u_boot_fsts/FStar.SMTEncoding.Term.fsti
[rename_all_boot_fsts]: copying ./smtencoding/FStar.SMTEncoding.Util.fs to u_boot_fsts/FStar.SMTEncoding.Util.fst
[rename_all_boot_fsts]: copying ./smtencoding/FStar.SMTEncoding.Z3.fs to u_boot_fsts/FStar.SMTEncoding.Z3.fst
[rename_all_boot_fsts]: copying ./syntax/FStar.Syntax.Const.fs to u_boot_fsts/FStar.Syntax.Const.fst
[rename_all_boot_fsts]: copying ./syntax/FStar.Syntax.Free.fs to u_boot_fsts/FStar.Syntax.Free.fst
[rename_all_boot_fsts]: copying ./syntax/FStar.Syntax.Free.fsi to u_boot_fsts/FStar.Syntax.Free.fsti
[rename_all_boot_fsts]: copying ./syntax/FStar.Syntax.InstFV.fs to u_boot_fsts/FStar.Syntax.InstFV.fst
[rename_all_boot_fsts]: copying ./syntax/FStar.Syntax.InstFV.fsi to u_boot_fsts/FStar.Syntax.InstFV.fsti
[rename_all_boot_fsts]: copying ./syntax/FStar.Syntax.MutRecTy.fs to u_boot_fsts/FStar.Syntax.MutRecTy.fst
[rename_all_boot_fsts]: copying ./syntax/FStar.Syntax.MutRecTy.fsi to u_boot_fsts/FStar.Syntax.MutRecTy.fsti
[rename_all_boot_fsts]: copying ./syntax/FStar.Syntax.Print.fs to u_boot_fsts/FStar.Syntax.Print.fst
[rename_all_boot_fsts]: copying ./syntax/FStar.Syntax.Print.fsi to u_boot_fsts/FStar.Syntax.Print.fsti
[rename_all_boot_fsts]: copying ./syntax/FStar.Syntax.Subst.fs to u_boot_fsts/FStar.Syntax.Subst.fst
[rename_all_boot_fsts]: copying ./syntax/FStar.Syntax.Subst.fsi to u_boot_fsts/FStar.Syntax.Subst.fsti
[rename_all_boot_fsts]: copying ./syntax/FStar.Syntax.Syntax.fs to u_boot_fsts/FStar.Syntax.Syntax.fst
[rename_all_boot_fsts]: copying ./syntax/FStar.Syntax.Syntax.fsi to u_boot_fsts/FStar.Syntax.Syntax.fsti
[rename_all_boot_fsts]: copying ./syntax/FStar.Syntax.Util.fs to u_boot_fsts/FStar.Syntax.Util.fst
[rename_all_boot_fsts]: copying ./tosyntax/FStar.ToSyntax.Env.fs to u_boot_fsts/FStar.ToSyntax.Env.fst
[rename_all_boot_fsts]: copying ./tosyntax/FStar.ToSyntax.Env.fsi to u_boot_fsts/FStar.ToSyntax.Env.fsti
[rename_all_boot_fsts]: copying ./tosyntax/FStar.ToSyntax.ToSyntax.fs to u_boot_fsts/FStar.ToSyntax.ToSyntax.fst
[rename_all_boot_fsts]: copying ./tosyntax/FStar.ToSyntax.ToSyntax.fsi to u_boot_fsts/FStar.ToSyntax.ToSyntax.fsti
[rename_all_boot_fsts]: copying ./typechecker/FStar.TypeChecker.Common.fs to u_boot_fsts/FStar.TypeChecker.Common.fst
[rename_all_boot_fsts]: copying ./typechecker/FStar.TypeChecker.DMFF.fs to u_boot_fsts/FStar.TypeChecker.DMFF.fst
[rename_all_boot_fsts]: copying ./typechecker/FStar.TypeChecker.DMFF.fsi to u_boot_fsts/FStar.TypeChecker.DMFF.fsti
[rename_all_boot_fsts]: copying ./typechecker/FStar.TypeChecker.Env.fs to u_boot_fsts/FStar.TypeChecker.Env.fst
[rename_all_boot_fsts]: copying ./typechecker/FStar.TypeChecker.Env.fsi to u_boot_fsts/FStar.TypeChecker.Env.fsti
[rename_all_boot_fsts]: copying ./typechecker/FStar.TypeChecker.Err.fs to u_boot_fsts/FStar.TypeChecker.Err.fst
[rename_all_boot_fsts]: copying ./typechecker/FStar.TypeChecker.Normalize.fs to u_boot_fsts/FStar.TypeChecker.Normalize.fst
[rename_all_boot_fsts]: copying ./typechecker/FStar.TypeChecker.Normalize.fsi to u_boot_fsts/FStar.TypeChecker.Normalize.fsti
[rename_all_boot_fsts]: copying ./typechecker/FStar.TypeChecker.Rel.fs to u_boot_fsts/FStar.TypeChecker.Rel.fst
[rename_all_boot_fsts]: copying ./typechecker/FStar.TypeChecker.Rel.fsi to u_boot_fsts/FStar.TypeChecker.Rel.fsti
[rename_all_boot_fsts]: copying ./typechecker/FStar.TypeChecker.Tc.fs to u_boot_fsts/FStar.TypeChecker.Tc.fst
[rename_all_boot_fsts]: copying ./typechecker/FStar.TypeChecker.Tc.fsi to u_boot_fsts/FStar.TypeChecker.Tc.fsti
[rename_all_boot_fsts]: copying ./typechecker/FStar.TypeChecker.TcInductive.fs to u_boot_fsts/FStar.TypeChecker.TcInductive.fst
[rename_all_boot_fsts]: copying ./typechecker/FStar.TypeChecker.TcInductive.fsi to u_boot_fsts/FStar.TypeChecker.TcInductive.fsti
[rename_all_boot_fsts]: copying ./typechecker/FStar.TypeChecker.TcTerm.fs to u_boot_fsts/FStar.TypeChecker.TcTerm.fst
[rename_all_boot_fsts]: copying ./typechecker/FStar.TypeChecker.TcTerm.fsi to u_boot_fsts/FStar.TypeChecker.TcTerm.fsti
[rename_all_boot_fsts]: copying ./typechecker/FStar.TypeChecker.Util.fs to u_boot_fsts/FStar.TypeChecker.Util.fst
[rename_all_boot_fsts]: copying ./typechecker/FStar.TypeChecker.Util.fsi to u_boot_fsts/FStar.TypeChecker.Util.fsti
cp parser/parseit.fsi u_boot_fsts/FStar.Parser.Parseit.fsti
make[4]: Leaving directory '/cygdrive/c/Build/Agent2/_work/1/s/src'
make[3]: Leaving directory '/cygdrive/c/Build/Agent2/_work/1/s/src'
make u_extract_misc u_extract_syntax u_extract_parser \
u_extract_typechecker u_extract_tosyntax u_extract_smtencoding \
u_extract_extraction u_extract_fstar
make[3]: Entering directory '/cygdrive/c/Build/Agent2/_work/1/s/src'
../bin/fstar.exe --trace_error --eager_inference --lax --MLish --no_location_info --odir u_ocaml-output --codegen OCaml --include ../ulib --include u_boot_fsts --include boot_fstis u_boot_fsts/FStar.Options.fst u_boot_fsts/FStar.Ident.fst u_boot_fsts/FStar.Errors.fst u_boot_fsts/FStar.Const.fst u_boot_fsts/FStar.Format.fst --extract_module FStar.Options --extract_module FStar.Ident --extract_module FStar.Errors --extract_module FStar.Const --extract_module FStar.Format
../bin/fstar.exe --trace_error --eager_inference --lax --MLish --no_location_info --odir u_ocaml-output --codegen OCaml --include ../ulib --include u_boot_fsts --include boot_fstis u_boot_fsts/FStar.Syntax.Syntax.fst u_boot_fsts/FStar.Syntax.Const.fst u_boot_fsts/FStar.Syntax.Subst.fst u_boot_fsts/FStar.Syntax.Free.fst u_boot_fsts/FStar.Syntax.InstFV.fst u_boot_fsts/FStar.Syntax.Util.fst u_boot_fsts/FStar.Syntax.Print.fst u_boot_fsts/FStar.Syntax.MutRecTy.fst u_boot_fsts/FStar.Fsdoc.Generator.fst --extract_namespace FStar.Syntax --extract_namespace FStar.Fsdoc
../bin/fstar.exe --trace_error --eager_inference --lax --MLish --no_location_info --odir u_ocaml-output --codegen OCaml --include ../ulib --include u_boot_fsts --include boot_fstis u_boot_fsts/FStar.Parser.AST.fst u_boot_fsts/FStar.Parser.Interleave.fst u_boot_fsts/FStar.Parser.Lexhelp.fst u_boot_fsts/FStar.Parser.Parseit.fsti u_boot_fsts/FStar.Parser.Driver.fst u_boot_fsts/FStar.Parser.Dep.fst u_boot_fsts/FStar.Parser.ToDocument.fst --extract_namespace FStar.Parser
../bin/fstar.exe --trace_error --eager_inference --lax --MLish --no_location_info --odir u_ocaml-output --codegen OCaml --include ../ulib --include u_boot_fsts --include boot_fstis u_boot_fsts/FStar.TypeChecker.Common.fst u_boot_fsts/FStar.TypeChecker.Env.fst u_boot_fsts/FStar.TypeChecker.Normalize.fst u_boot_fsts/FStar.TypeChecker.Err.fst --extract_namespace FStar.TypeChecker
../bin/fstar.exe --trace_error --eager_inference --lax --MLish --no_location_info --odir u_ocaml-output --codegen OCaml --include ../ulib --include u_boot_fsts --include boot_fstis u_boot_fsts/FStar.TypeChecker.Rel.fst --extract_module FStar.TypeChecker.Rel
../bin/fstar.exe --trace_error --eager_inference --lax --MLish --no_location_info --odir u_ocaml-output --codegen OCaml --include ../ulib --include u_boot_fsts --include boot_fstis u_boot_fsts/FStar.TypeChecker.Util.fst --extract_module FStar.TypeChecker.Util
../bin/fstar.exe --trace_error --eager_inference --lax --MLish --no_location_info --odir u_ocaml-output --codegen OCaml --include ../ulib --include u_boot_fsts --include boot_fstis u_boot_fsts/FStar.TypeChecker.DMFF.fst --extract_module FStar.TypeChecker.DMFF
../bin/fstar.exe --trace_error --eager_inference --lax --MLish --no_location_info --odir u_ocaml-output --codegen OCaml --include ../ulib --include u_boot_fsts --include boot_fstis u_boot_fsts/FStar.TypeChecker.TcTerm.fst --extract_module FStar.TypeChecker.TcTerm
../bin/fstar.exe --trace_error --eager_inference --lax --MLish --no_location_info --odir u_ocaml-output --codegen OCaml --include ../ulib --include u_boot_fsts --include boot_fstis u_boot_fsts/FStar.TypeChecker.TcInductive.fst --extract_module FStar.TypeChecker.TcInductive
../bin/fstar.exe --trace_error --eager_inference --lax --MLish --no_location_info --odir u_ocaml-output --codegen OCaml --include ../ulib --include u_boot_fsts --include boot_fstis u_boot_fsts/FStar.TypeChecker.Tc.fst --extract_module FStar.TypeChecker.Tc
../bin/fstar.exe --trace_error --eager_inference --lax --MLish --no_location_info --odir u_ocaml-output --codegen OCaml --include ../ulib --include u_boot_fsts --include boot_fstis u_boot_fsts/FStar.ToSyntax.Env.fst u_boot_fsts/FStar.ToSyntax.ToSyntax.fst --extract_namespace FStar.ToSyntax
../bin/fstar.exe --trace_error --eager_inference --lax --MLish --no_location_info --odir u_ocaml-output --codegen OCaml --include ../ulib --include u_boot_fsts --include boot_fstis u_boot_fsts/FStar.SMTEncoding.Term.fst u_boot_fsts/FStar.SMTEncoding.Util.fst u_boot_fsts/FStar.SMTEncoding.Z3.fst u_boot_fsts/FStar.SMTEncoding.SplitQueryCases.fst u_boot_fsts/FStar.SMTEncoding.ErrorReporting.fst --extract_namespace FStar.SMTEncoding
../bin/fstar.exe --trace_error --eager_inference --lax --MLish --no_location_info --odir u_ocaml-output --codegen OCaml --include ../ulib --include u_boot_fsts --include boot_fstis u_boot_fsts/FStar.SMTEncoding.Encode.fst --extract_module FStar.SMTEncoding.Encode
../bin/fstar.exe --trace_error --eager_inference --lax --MLish --no_location_info --odir u_ocaml-output --codegen OCaml --include ../ulib --include u_boot_fsts --include boot_fstis u_boot_fsts/FStar.SMTEncoding.Solver.fst --extract_module FStar.SMTEncoding.Solver
../bin/fstar.exe --trace_error --eager_inference --lax --MLish --no_location_info --odir u_ocaml-output --codegen OCaml --include ../ulib --include u_boot_fsts --include boot_fstis u_boot_fsts/FStar.Extraction.ML.Syntax.fst u_boot_fsts/FStar.Extraction.ML.UEnv.fst u_boot_fsts/FStar.Extraction.ML.Util.fst u_boot_fsts/FStar.Extraction.ML.Code.fst u_boot_fsts/FStar.Extraction.ML.Term.fst u_boot_fsts/FStar.Extraction.ML.Modul.fst u_boot_fsts/FStar.Extraction.Kremlin.fst --extract_namespace FStar.Extraction
../bin/fstar.exe --trace_error --eager_inference --lax --MLish --no_location_info --odir u_ocaml-output --codegen OCaml --include ../ulib --include u_boot_fsts --include boot_fstis u_boot_fsts/FStar.Dependencies.fst u_boot_fsts/FStar.Interactive.fst u_boot_fsts/FStar.Universal.fst u_boot_fsts/FStar.Indent.fst u_boot_fsts/FStar.Main.fst --extract_module FStar.Dependencies --extract_module FStar.Interactive --extract_module FStar.Universal --extract_module FStar.Indent --extract_module FStar.Main
.\u_boot_fsts\FStar.TypeChecker.Util.fst(70,0-72,32): (Warning) Annotation from val declaration overrides inline type annotation
.\u_boot_fsts\FStar.Syntax.Syntax.fst(397,0-397,33): (Warning) Annotation from val declaration overrides inline type annotation
.\u_boot_fsts\FStar.Syntax.Syntax.fst(446,0-446,48): (Warning) Annotation from val declaration overrides inline type annotation
.\u_boot_fsts\FStar.Syntax.Syntax.fst(447,0-447,76): (Warning) Annotation from val declaration overrides inline type annotation
.\u_boot_fsts\FStar.Syntax.Syntax.fst(498,0-500,38): (Warning) Annotation from val declaration overrides inline type annotation
Extracted module Options
Extracted module Errors
C:\Build\Agent2\_work\1\s\src\boot_fstis\FStar.Pprint.fsti(33,0-33,13) (Warning): Adding an implicit 'assume new' qualifier on document
Extracted module Ident
Extracted module Const
Extracted module Format
All verification conditions discharged successfully
.\u_boot_fsts\FStar.TypeChecker.Env.fst(274,0-278,35): (Warning) Annotation from val declaration overrides inline type annotation
Extracted module AST
Extracted module Driver
Extracted module Lexhelp
Extracted module ToDocument
Extracted module Dep
Extracted module Syntax
Extracted module Interleave
All verification conditions discharged successfully
Extracted module Subst
Extracted module InstFV
Extracted module Const
Extracted module Util
All verification conditions discharged successfully
Extracted module TcInductive
All verification conditions discharged successfully
Extracted module Util
Extracted module Print
Extracted module Generator
Extracted module Free
Extracted module MutRecTy
All verification conditions discharged successfully
Extracted module Term
Extracted module Util
Extracted module SplitQueryCases
Extracted module Z3
Extracted module ErrorReporting
All verification conditions discharged successfully
Extracted module Syntax
Extracted module UEnv
Extracted module Util
Extracted module Code
Extracted module Common
Extracted module Term
Extracted module Modul
Extracted module Env
Extracted module Kremlin
All verification conditions discharged successfully
Extracted module DMFF
All verification conditions discharged successfully
Extracted module Normalize
Extracted module Err
All verification conditions discharged successfully
Extracted module Env
C:\Build\Agent2\_work\1\s\src\boot_fstis\FStar.Pprint.fsti(33,0-33,13) (Warning): Adding an implicit 'assume new' qualifier on document
Extracted module ToSyntax
All verification conditions discharged successfully
Extracted module Tc
All verification conditions discharged successfully
Extracted module Solver
All verification conditions discharged successfully
Extracted module Dependencies
Extracted module Universal
Extracted module Indent
Extracted module Interactive
Extracted module Main
All verification conditions discharged successfully
Extracted module TcTerm
All verification conditions discharged successfully
Extracted module Rel
All verification conditions discharged successfully
Extracted module Encode
All verification conditions discharged successfully
make[3]: Leaving directory '/cygdrive/c/Build/Agent2/_work/1/s/src'
cp u_ocaml-output/*.ml ocaml-output/
make[2]: Leaving directory '/cygdrive/c/Build/Agent2/_work/1/s/src'
make boot-ocaml
make[2]: Entering directory '/cygdrive/c/Build/Agent2/_work/1/s/src'
make -C ocaml-output all
make[3]: Entering directory '/cygdrive/c/Build/Agent2/_work/1/s/src/ocaml-output'
warning: CRLF will be replaced by LF in src/parser/ml/parse.mly.
The file will have its original line endings in your working directory.
warning: CRLF will be replaced by LF in src/parser/parse.fsi.
The file will have its original line endings in your working directory.
echo 'let version = "0.9.4.0"' > FStar_Version.ml
echo 'let platform = "Windows_x64"' >> FStar_Version.ml
echo 'let compiler = "OCaml 4.02.3"' >> FStar_Version.ml
echo 'let date = "2017-02-10T05:25:32-08:00"' >> FStar_Version.ml
echo 'let commit= "9c0701a (dirty)"' >> FStar_Version.ml
cd ../../ && ocamlbuild -cflag '-g' -I src/ocaml-output -I src/basic/ml -I src/parser/ml -I src/fstar/ml -j 24 -build-dir src/ocaml-output/_build -I src/prettyprint/ml -I src/ocaml-output/bootlibs -use-ocamlfind main.native
''ocamlfind ocamldep -package batteries -package zarith -package yojson -package pprint -modules src/ocaml-output/FStar_Version.ml > src/ocaml-output/FStar_Version.ml.depends
''ocamlfind ocamlc -c -g -annot -bin-annot -thread -w -8-11-21-26-28 -package batteries -package zarith -package yojson -package pprint -I src/ocaml-output -I src/prettyprint/ml -I src/parser/ml -I src/ocaml-output/bootlibs -I src/fstar/ml -I src/basic/ml -o src/ocaml-output/FStar_Version.cmo src/ocaml-output/FStar_Version.ml
''ocamlfind ocamlopt -c -g -annot -bin-annot -thread -w -8-11-21-26-28 -package batteries -package zarith -package yojson -package pprint -I src/ocaml-output -I src/prettyprint/ml -I src/parser/ml -I src/ocaml-output/bootlibs -I src/fstar/ml -I src/basic/ml -o src/ocaml-output/FStar_Version.cmx src/ocaml-output/FStar_Version.ml
''ocamlfind ocamlopt -c -g -annot -bin-annot -thread -w -8-11-21-26-28 -package batteries -package zarith -package yojson -package pprint -I src/ocaml-output -I src/prettyprint/ml -I src/parser/ml -I src/ocaml-output/bootlibs -I src/fstar/ml -I src/basic/ml -o src/ocaml-output/FStar_Options.cmx src/ocaml-output/FStar_Options.ml
''ocamlfind ocamlopt -c -g -annot -bin-annot -thread -w -8-11-21-26-28 -package batteries -package zarith -package yojson -package pprint -I src/ocaml-output -I src/prettyprint/ml -I src/parser/ml -I src/ocaml-output/bootlibs -I src/fstar/ml -I src/basic/ml -o src/ocaml-output/FStar_Errors.cmx src/ocaml-output/FStar_Errors.ml
''ocamlfind ocamlopt -c -g -annot -bin-annot -thread -w -8-11-21-26-28 -package batteries -package zarith -package yojson -package pprint -I src/ocaml-output -I src/prettyprint/ml -I src/parser/ml -I src/ocaml-output/bootlibs -I src/fstar/ml -I src/basic/ml -o src/ocaml-output/FStar_Syntax_Print.cmx src/ocaml-output/FStar_Syntax_Print.ml
''ocamlfind ocamlopt -c -g -annot -bin-annot -thread -w -8-11-21-26-28 -package batteries -package zarith -package yojson -package pprint -I src/ocaml-output -I src/prettyprint/ml -I src/parser/ml -I src/ocaml-output/bootlibs -I src/fstar/ml -I src/basic/ml -o src/ocaml-output/FStar_Parser_AST.cmx src/ocaml-output/FStar_Parser_AST.ml
''ocamlfind ocamlopt -c -g -annot -bin-annot -thread -w -8-11-21-26-28 -package batteries -package zarith -package yojson -package pprint -I src/ocaml-output -I src/prettyprint/ml -I src/parser/ml -I src/ocaml-output/bootlibs -I src/fstar/ml -I src/basic/ml -o src/ocaml-output/FStar_Parser_Parse.cmx src/ocaml-output/FStar_Parser_Parse.ml
''ocamlfind ocamlopt -c -g -annot -bin-annot -thread -w -8-11-21-26-28 -package batteries -package zarith -package yojson -package pprint -I src/parser/ml -I src/ocaml-output -I src/prettyprint/ml -I src/ocaml-output/bootlibs -I src/fstar/ml -I src/basic/ml -o src/parser/ml/FStar_Parser_LexFStar.cmx src/parser/ml/FStar_Parser_LexFStar.ml
''ocamlfind ocamlopt -c -g -annot -bin-annot -thread -w -8-11-21-26-28 -package batteries -package zarith -package yojson -package pprint -I src/parser/ml -I src/ocaml-output -I src/prettyprint/ml -I src/ocaml-output/bootlibs -I src/fstar/ml -I src/basic/ml -o src/parser/ml/FStar_Parser_ParseIt.cmx src/parser/ml/FStar_Parser_ParseIt.ml
''ocamlfind ocamlopt -c -g -annot -bin-annot -thread -w -8-11-21-26-28 -package batteries -package zarith -package yojson -package pprint -I src/ocaml-output -I src/prettyprint/ml -I src/parser/ml -I src/ocaml-output/bootlibs -I src/fstar/ml -I src/basic/ml -o src/ocaml-output/FStar_Parser_Driver.cmx src/ocaml-output/FStar_Parser_Driver.ml
''ocamlfind ocamlopt -c -g -annot -bin-annot -thread -w -8-11-21-26-28 -package batteries -package zarith -package yojson -package pprint -I src/ocaml-output -I src/prettyprint/ml -I src/parser/ml -I src/ocaml-output/bootlibs -I src/fstar/ml -I src/basic/ml -o src/ocaml-output/FStar_Parser_Dep.cmx src/ocaml-output/FStar_Parser_Dep.ml
''ocamlfind ocamlopt -c -g -annot -bin-annot -thread -w -8-11-21-26-28 -package batteries -package zarith -package yojson -package pprint -I src/ocaml-output -I src/prettyprint/ml -I src/parser/ml -I src/ocaml-output/bootlibs -I src/fstar/ml -I src/basic/ml -o src/ocaml-output/FStar_TypeChecker_Env.cmx src/ocaml-output/FStar_TypeChecker_Env.ml
''ocamlfind ocamlopt -c -g -annot -bin-annot -thread -w -8-11-21-26-28 -package batteries -package zarith -package yojson -package pprint -I src/ocaml-output -I src/prettyprint/ml -I src/parser/ml -I src/ocaml-output/bootlibs -I src/fstar/ml -I src/basic/ml -o src/ocaml-output/FStar_Extraction_ML_UEnv.cmx src/ocaml-output/FStar_Extraction_ML_UEnv.ml
''ocamlfind ocamlopt -c -g -annot -bin-annot -thread -w -8-11-21-26-28 -package batteries -package zarith -package yojson -package pprint -I src/ocaml-output -I src/prettyprint/ml -I src/parser/ml -I src/ocaml-output/bootlibs -I src/fstar/ml -I src/basic/ml -o src/ocaml-output/FStar_Extraction_ML_Util.cmx src/ocaml-output/FStar_Extraction_ML_Util.ml
''ocamlfind ocamlopt -c -g -annot -bin-annot -thread -w -8-11-21-26-28 -package batteries -package zarith -package yojson -package pprint -I src/ocaml-output -I src/prettyprint/ml -I src/parser/ml -I src/ocaml-output/bootlibs -I src/fstar/ml -I src/basic/ml -o src/ocaml-output/FStar_Extraction_ML_Code.cmx src/ocaml-output/FStar_Extraction_ML_Code.ml
''ocamlfind ocamlopt -c -g -annot -bin-annot -thread -w -8-11-21-26-28 -package batteries -package zarith -package yojson -package pprint -I src/ocaml-output -I src/prettyprint/ml -I src/parser/ml -I src/ocaml-output/bootlibs -I src/fstar/ml -I src/basic/ml -o src/ocaml-output/FStar_TypeChecker_Normalize.cmx src/ocaml-output/FStar_TypeChecker_Normalize.ml
''ocamlfind ocamlopt -c -g -annot -bin-annot -thread -w -8-11-21-26-28 -package batteries -package zarith -package yojson -package pprint -I src/ocaml-output -I src/prettyprint/ml -I src/parser/ml -I src/ocaml-output/bootlibs -I src/fstar/ml -I src/basic/ml -o src/ocaml-output/FStar_TypeChecker_Err.cmx src/ocaml-output/FStar_TypeChecker_Err.ml
''ocamlfind ocamlopt -c -g -annot -bin-annot -thread -w -8-11-21-26-28 -package batteries -package zarith -package yojson -package pprint -I src/ocaml-output -I src/prettyprint/ml -I src/parser/ml -I src/ocaml-output/bootlibs -I src/fstar/ml -I src/basic/ml -o src/ocaml-output/FStar_TypeChecker_Rel.cmx src/ocaml-output/FStar_TypeChecker_Rel.ml
''ocamlfind ocamlopt -c -g -annot -bin-annot -thread -w -8-11-21-26-28 -package batteries -package zarith -package yojson -package pprint -I src/ocaml-output -I src/prettyprint/ml -I src/parser/ml -I src/ocaml-output/bootlibs -I src/fstar/ml -I src/basic/ml -o src/ocaml-output/FStar_TypeChecker_Util.cmx src/ocaml-output/FStar_TypeChecker_Util.ml
''ocamlfind ocamlopt -c -g -annot -bin-annot -thread -w -8-11-21-26-28 -package batteries -package zarith -package yojson -package pprint -I src/ocaml-output -I src/prettyprint/ml -I src/parser/ml -I src/ocaml-output/bootlibs -I src/fstar/ml -I src/basic/ml -o src/ocaml-output/FStar_TypeChecker_TcTerm.cmx src/ocaml-output/FStar_TypeChecker_TcTerm.ml
''ocamlfind ocamlopt -c -g -annot -bin-annot -thread -w -8-11-21-26-28 -package batteries -package zarith -package yojson -package pprint -I src/ocaml-output -I src/prettyprint/ml -I src/parser/ml -I src/ocaml-output/bootlibs -I src/fstar/ml -I src/basic/ml -o src/ocaml-output/FStar_Extraction_ML_Term.cmx src/ocaml-output/FStar_Extraction_ML_Term.ml
''ocamlfind ocamlopt -c -g -annot -bin-annot -thread -w -8-11-21-26-28 -package batteries -package zarith -package yojson -package pprint -I src/ocaml-output -I src/prettyprint/ml -I src/parser/ml -I src/ocaml-output/bootlibs -I src/fstar/ml -I src/basic/ml -o src/ocaml-output/FStar_Parser_ToDocument.cmx src/ocaml-output/FStar_Parser_ToDocument.ml
''ocamlfind ocamlopt -c -g -annot -bin-annot -thread -w -8-11-21-26-28 -package batteries -package zarith -package yojson -package pprint -I src/ocaml-output -I src/prettyprint/ml -I src/parser/ml -I src/ocaml-output/bootlibs -I src/fstar/ml -I src/basic/ml -o src/ocaml-output/FStar_Dependencies.cmx src/ocaml-output/FStar_Dependencies.ml
''ocamlfind ocamlopt -c -g -annot -bin-annot -thread -w -8-11-21-26-28 -package batteries -package zarith -package yojson -package pprint -I src/ocaml-output -I src/prettyprint/ml -I src/parser/ml -I src/ocaml-output/bootlibs -I src/fstar/ml -I src/basic/ml -o src/ocaml-output/FStar_SMTEncoding_Term.cmx src/ocaml-output/FStar_SMTEncoding_Term.ml
''ocamlfind ocamlopt -c -g -annot -bin-annot -thread -w -8-11-21-26-28 -package batteries -package zarith -package yojson -package pprint -I src/ocaml-output -I src/prettyprint/ml -I src/parser/ml -I src/ocaml-output/bootlibs -I src/fstar/ml -I src/basic/ml -o src/ocaml-output/FStar_SMTEncoding_Util.cmx src/ocaml-output/FStar_SMTEncoding_Util.ml
''ocamlfind ocamlopt -c -g -annot -bin-annot -thread -w -8-11-21-26-28 -package batteries -package zarith -package yojson -package pprint -I src/ocaml-output -I src/prettyprint/ml -I src/parser/ml -I src/ocaml-output/bootlibs -I src/fstar/ml -I src/basic/ml -o src/ocaml-output/FStar_SMTEncoding_Z3.cmx src/ocaml-output/FStar_SMTEncoding_Z3.ml
''ocamlfind ocamlopt -c -g -annot -bin-annot -thread -w -8-11-21-26-28 -package batteries -package zarith -package yojson -package pprint -I src/ocaml-output -I src/prettyprint/ml -I src/parser/ml -I src/ocaml-output/bootlibs -I src/fstar/ml -I src/basic/ml -o src/ocaml-output/FStar_SMTEncoding_ErrorReporting.cmx src/ocaml-output/FStar_SMTEncoding_ErrorReporting.ml
''ocamlfind ocamlopt -c -g -annot -bin-annot -thread -w -8-11-21-26-28 -package batteries -package zarith -package yojson -package pprint -I src/ocaml-output -I src/prettyprint/ml -I src/parser/ml -I src/ocaml-output/bootlibs -I src/fstar/ml -I src/basic/ml -o src/ocaml-output/FStar_SMTEncoding_Encode.cmx src/ocaml-output/FStar_SMTEncoding_Encode.ml
''ocamlfind ocamlopt -c -g -annot -bin-annot -thread -w -8-11-21-26-28 -package batteries -package zarith -package yojson -package pprint -I src/ocaml-output -I src/prettyprint/ml -I src/parser/ml -I src/ocaml-output/bootlibs -I src/fstar/ml -I src/basic/ml -o src/ocaml-output/FStar_SMTEncoding_SplitQueryCases.cmx src/ocaml-output/FStar_SMTEncoding_SplitQueryCases.ml
''ocamlfind ocamlopt -c -g -annot -bin-annot -thread -w -8-11-21-26-28 -package batteries -package zarith -package yojson -package pprint -I src/ocaml-output -I src/prettyprint/ml -I src/parser/ml -I src/ocaml-output/bootlibs -I src/fstar/ml -I src/basic/ml -o src/ocaml-output/FStar_SMTEncoding_Solver.cmx src/ocaml-output/FStar_SMTEncoding_Solver.ml
''ocamlfind ocamlopt -c -g -annot -bin-annot -thread -w -8-11-21-26-28 -package batteries -package zarith -package yojson -package pprint -I src/ocaml-output -I src/prettyprint/ml -I src/parser/ml -I src/ocaml-output/bootlibs -I src/fstar/ml -I src/basic/ml -o src/ocaml-output/FStar_ToSyntax_Env.cmx src/ocaml-output/FStar_ToSyntax_Env.ml
''ocamlfind ocamlopt -c -g -annot -bin-annot -thread -w -8-11-21-26-28 -package batteries -package zarith -package yojson -package pprint -I src/ocaml-output -I src/prettyprint/ml -I src/parser/ml -I src/ocaml-output/bootlibs -I src/fstar/ml -I src/basic/ml -o src/ocaml-output/FStar_Syntax_MutRecTy.cmx src/ocaml-output/FStar_Syntax_MutRecTy.ml
''ocamlfind ocamlopt -c -g -annot -bin-annot -thread -w -8-11-21-26-28 -package batteries -package zarith -package yojson -package pprint -I src/ocaml-output -I src/prettyprint/ml -I src/parser/ml -I src/ocaml-output/bootlibs -I src/fstar/ml -I src/basic/ml -o src/ocaml-output/FStar_TypeChecker_DMFF.cmx src/ocaml-output/FStar_TypeChecker_DMFF.ml
''ocamlfind ocamlopt -c -g -annot -bin-annot -thread -w -8-11-21-26-28 -package batteries -package zarith -package yojson -package pprint -I src/ocaml-output -I src/prettyprint/ml -I src/parser/ml -I src/ocaml-output/bootlibs -I src/fstar/ml -I src/basic/ml -o src/ocaml-output/FStar_TypeChecker_TcInductive.cmx src/ocaml-output/FStar_TypeChecker_TcInductive.ml
''ocamlfind ocamlopt -c -g -annot -bin-annot -thread -w -8-11-21-26-28 -package batteries -package zarith -package yojson -package pprint -I src/ocaml-output -I src/prettyprint/ml -I src/parser/ml -I src/ocaml-output/bootlibs -I src/fstar/ml -I src/basic/ml -o src/ocaml-output/FStar_Parser_Interleave.cmx src/ocaml-output/FStar_Parser_Interleave.ml
''ocamlfind ocamlopt -c -g -annot -bin-annot -thread -w -8-11-21-26-28 -package batteries -package zarith -package yojson -package pprint -I src/ocaml-output -I src/prettyprint/ml -I src/parser/ml -I src/ocaml-output/bootlibs -I src/fstar/ml -I src/basic/ml -o src/ocaml-output/FStar_ToSyntax_ToSyntax.cmx src/ocaml-output/FStar_ToSyntax_ToSyntax.ml
''ocamlfind ocamlopt -c -g -annot -bin-annot -thread -w -8-11-21-26-28 -package batteries -package zarith -package yojson -package pprint -I src/ocaml-output -I src/prettyprint/ml -I src/parser/ml -I src/ocaml-output/bootlibs -I src/fstar/ml -I src/basic/ml -o src/ocaml-output/FStar_TypeChecker_Tc.cmx src/ocaml-output/FStar_TypeChecker_Tc.ml
''ocamlfind ocamlopt -c -g -annot -bin-annot -thread -w -8-11-21-26-28 -package batteries -package zarith -package yojson -package pprint -I src/ocaml-output -I src/prettyprint/ml -I src/parser/ml -I src/ocaml-output/bootlibs -I src/fstar/ml -I src/basic/ml -o src/ocaml-output/FStar_Universal.cmx src/ocaml-output/FStar_Universal.ml
''ocamlfind ocamlopt -c -g -annot -bin-annot -thread -w -8-11-21-26-28 -package batteries -package zarith -package yojson -package pprint -I src/ocaml-output -I src/prettyprint/ml -I src/parser/ml -I src/ocaml-output/bootlibs -I src/fstar/ml -I src/basic/ml -o src/ocaml-output/FStar_Extraction_Kremlin.cmx src/ocaml-output/FStar_Extraction_Kremlin.ml
''ocamlfind ocamlopt -c -g -annot -bin-annot -thread -w -8-11-21-26-28 -package batteries -package zarith -package yojson -package pprint -I src/ocaml-output -I src/prettyprint/ml -I src/parser/ml -I src/ocaml-output/bootlibs -I src/fstar/ml -I src/basic/ml -o src/ocaml-output/FStar_Extraction_ML_Modul.cmx src/ocaml-output/FStar_Extraction_ML_Modul.ml
''ocamlfind ocamlopt -c -g -annot -bin-annot -thread -w -8-11-21-26-28 -package batteries -package zarith -package yojson -package pprint -I src/ocaml-output -I src/prettyprint/ml -I src/parser/ml -I src/ocaml-output/bootlibs -I src/fstar/ml -I src/basic/ml -o src/ocaml-output/FStar_Fsdoc_Generator.cmx src/ocaml-output/FStar_Fsdoc_Generator.ml
''ocamlfind ocamlopt -c -g -annot -bin-annot -thread -w -8-11-21-26-28 -package batteries -package zarith -package yojson -package pprint -I src/ocaml-output -I src/prettyprint/ml -I src/parser/ml -I src/ocaml-output/bootlibs -I src/fstar/ml -I src/basic/ml -o src/ocaml-output/FStar_Indent.cmx src/ocaml-output/FStar_Indent.ml
''ocamlfind ocamlopt -c -g -annot -bin-annot -thread -w -8-11-21-26-28 -package batteries -package zarith -package yojson -package pprint -I src/ocaml-output -I src/prettyprint/ml -I src/parser/ml -I src/ocaml-output/bootlibs -I src/fstar/ml -I src/basic/ml -o src/ocaml-output/FStar_Interactive.cmx src/ocaml-output/FStar_Interactive.ml
''ocamlfind ocamlopt -c -g -annot -bin-annot -thread -w -8-11-21-26-28 -package batteries -package zarith -package yojson -package pprint -I src/ocaml-output -I src/prettyprint/ml -I src/parser/ml -I src/ocaml-output/bootlibs -I src/fstar/ml -I src/basic/ml -o src/ocaml-output/FStar_Main.cmx src/ocaml-output/FStar_Main.ml
''ocamlfind ocamlopt -c -g -annot -bin-annot -thread -w -8-11-21-26-28 -package batteries -package zarith -package yojson -package pprint -I src/fstar/ml -I src/ocaml-output -I src/prettyprint/ml -I src/parser/ml -I src/ocaml-output/bootlibs -I src/basic/ml -o src/fstar/ml/main.cmx src/fstar/ml/main.ml
''ocamlfind ocamlopt -linkpkg -thread -package batteries -package zarith -package yojson -package pprint src/ocaml-output/bootlibs/FStar_List.cmx src/ocaml-output/bootlibs/MkPrims.cmx src/ocaml-output/bootlibs/prims.cmx src/basic/ml/FStar_Util.cmx src/basic/ml/FStar_Bytes.cmx src/basic/ml/FStar_Getopt.cmx src/basic/ml/FStar_Platform.cmx src/ocaml-output/bootlibs/FStar_Char.cmx src/ocaml-output/bootlibs/FStar_Float.cmx src/ocaml-output/bootlibs/FStar_Int16.cmx src/ocaml-output/bootlibs/FStar_Int32.cmx src/ocaml-output/bootlibs/FStar_Int64.cmx src/ocaml-output/bootlibs/FStar_Int8.cmx src/ocaml-output/bootlibs/FStar_UInt16.cmx src/ocaml-output/bootlibs/FStar_UInt8.cmx src/ocaml-output/bootlibs/FStar_BaseTypes.cmx src/basic/ml/FStar_Range.cmx src/basic/ml/FStar_Unionfind.cmx src/ocaml-output/bootlibs/FStar_All.cmx src/ocaml-output/bootlibs/FStar_ST.cmx src/ocaml-output/bootlibs/FStar_String.cmx src/ocaml-output/FStar_Ident.cmx src/ocaml-output/FStar_Const.cmx src/ocaml-output/FStar_Version.cmx src/ocaml-output/FStar_Options.cmx src/ocaml-output/FStar_Errors.cmx src/ocaml-output/FStar_Syntax_Syntax.cmx src/ocaml-output/FStar_Syntax_Const.cmx src/ocaml-output/bootlibs/FStar_Option.cmx src/ocaml-output/FStar_Syntax_Subst.cmx src/ocaml-output/FStar_Syntax_InstFV.cmx src/ocaml-output/FStar_Syntax_Util.cmx src/ocaml-output/FStar_Syntax_Print.cmx src/ocaml-output/FStar_Parser_AST.cmx src/parser/ml/FStar_Parser_Util.cmx src/ocaml-output/FStar_Parser_Parse.cmx src/parser/ml/FStar_Parser_LexFStar.cmx src/parser/ml/FStar_Parser_ParseIt.cmx src/ocaml-output/FStar_Parser_Driver.cmx src/ocaml-output/FStar_Parser_Dep.cmx src/ocaml-output/FStar_Dependencies.cmx src/ocaml-output/FStar_Extraction_ML_Syntax.cmx src/ocaml-output/FStar_Syntax_Free.cmx src/ocaml-output/FStar_TypeChecker_Common.cmx src/ocaml-output/FStar_TypeChecker_Env.cmx src/ocaml-output/FStar_Extraction_ML_UEnv.cmx src/ocaml-output/FStar_Extraction_ML_Util.cmx src/ocaml-output/FStar_Format.cmx src/ocaml-output/FStar_Extraction_ML_Code.cmx src/ocaml-output/FStar_Extraction_Kremlin.cmx src/ocaml-output/FStar_TypeChecker_Normalize.cmx src/ocaml-output/FStar_TypeChecker_Err.cmx src/ocaml-output/FStar_TypeChecker_Rel.cmx src/ocaml-output/FStar_TypeChecker_Util.cmx src/ocaml-output/FStar_TypeChecker_TcTerm.cmx src/ocaml-output/FStar_Extraction_ML_Term.cmx src/ocaml-output/FStar_Extraction_ML_Modul.cmx src/ocaml-output/FStar_Fsdoc_Generator.cmx src/prettyprint/ml/FStar_Pprint.cmx src/ocaml-output/FStar_Parser_ToDocument.cmx src/ocaml-output/FStar_Indent.cmx src/ocaml-output/FStar_Parser_Interleave.cmx src/ocaml-output/FStar_SMTEncoding_Term.cmx src/ocaml-output/FStar_SMTEncoding_Util.cmx src/ocaml-output/FStar_SMTEncoding_Z3.cmx src/ocaml-output/FStar_SMTEncoding_ErrorReporting.cmx src/ocaml-output/FStar_SMTEncoding_Encode.cmx src/ocaml-output/FStar_SMTEncoding_SplitQueryCases.cmx src/ocaml-output/FStar_SMTEncoding_Solver.cmx src/ocaml-output/FStar_Syntax_MutRecTy.cmx src/ocaml-output/FStar_ToSyntax_Env.cmx src/ocaml-output/FStar_ToSyntax_ToSyntax.cmx src/ocaml-output/FStar_TypeChecker_DMFF.cmx src/ocaml-output/FStar_TypeChecker_TcInductive.cmx src/ocaml-output/FStar_TypeChecker_Tc.cmx src/ocaml-output/FStar_Universal.cmx src/ocaml-output/FStar_Interactive.cmx src/ocaml-output/FStar_Main.cmx src/fstar/ml/main.cmx -o src/fstar/ml/main.native
# Parallel statistics: { count(total): 5(231), max: 5, min: 2, average(total): 2.800(1.039) }
cp _build/src/fstar/ml/main.native ../../bin/fstar.exe
cp _build/src/fstar/ml/main.native ../../bin/fstar.ocaml
make[3]: Leaving directory '/cygdrive/c/Build/Agent2/_work/1/s/src/ocaml-output'
make[2]: Leaving directory '/cygdrive/c/Build/Agent2/_work/1/s/src'
make[1]: Leaving directory '/cygdrive/c/Build/Agent2/_work/1/s/src'
make uregressions interactive-test
make[1]: Entering directory '/cygdrive/c/Build/Agent2/_work/1/s/src'
make -C ../ulib
make -C ../examples all
make -C tests/interactive
make[2]: Entering directory '/cygdrive/c/Build/Agent2/_work/1/s/ulib'
make[2]: Entering directory '/cygdrive/c/Build/Agent2/_work/1/s/src/tests/interactive'
for a in transcript-good*; do echo "Checking $a"; cat $a | ../../../bin/fstar-any.sh --in test.fst | tail -n 1 | grep done-ok || exit 1; done
make[2]: Entering directory '/cygdrive/c/Build/Agent2/_work/1/s/examples'
make -C bug-reports all
make -C hello all
make -C low-level all
Checking transcript-good-1
make -C data_structures all
make -C algorithms all
/cygdrive/c/Build/Agent2/_work/1/s/bin/fstar.exe --trace_error --use_hints FStar.Int.fst
make[3]: Entering directory '/cygdrive/c/Build/Agent2/_work/1/s/examples/bug-reports'
make[3]: Nothing to be done for 'all'.
make[3]: Leaving directory '/cygdrive/c/Build/Agent2/_work/1/s/examples/bug-reports'
make -C crypto all
make[3]: Entering directory '/cygdrive/c/Build/Agent2/_work/1/s/examples/hello'
../../bin/fstar.exe --verify_module hello hello.fst
make -C termination all
make[3]: Entering directory '/cygdrive/c/Build/Agent2/_work/1/s/examples/low-level'
make -C crypto all
make -C software_foundations all
make[3]: Entering directory '/cygdrive/c/Build/Agent2/_work/1/s/examples/data_structures'
make -C ../doc/tutorial/code/exercises all
make -C ../doc/tutorial/code/solutions all
make[3]: Entering directory '/cygdrive/c/Build/Agent2/_work/1/s/examples/crypto'
make[3]: Entering directory '/cygdrive/c/Build/Agent2/_work/1/s/examples/algorithms'
/cygdrive/c/Build/Agent2/_work/1/s/bin/fstar.exe --trace_error --use_hints FStar.ST.fst
make -C rel all
make[4]: Entering directory '/cygdrive/c/Build/Agent2/_work/1/s/examples/low-level/crypto'
../../../bin/fstar.exe --fstar_home ../../.. --max_fuel 4 --initial_fuel 0 --max_ifuel 2 --initial_ifuel 0 --z3rlimit 20  --use_hints --trace_error \
--include ../../../ulib/hyperstack --include hacl \
--__temp_no_proj Crypto.Symmetric.MAC \
--verify_module Buffer.Utils \
Buffer.Utils.fst
make[3]: Entering directory '/cygdrive/c/Build/Agent2/_work/1/s/examples/termination'
../../../bin/fstar.exe --fstar_home ../../.. --max_fuel 4 --initial_fuel 0 --max_ifuel 2 --initial_ifuel 0 --z3rlimit 20  --use_hints --trace_error \
--include ../../../ulib/hyperstack --include hacl \
--__temp_no_proj Crypto.Symmetric.MAC \
--verify_module Crypto.Symmetric.Bytes \
Crypto.Symmetric.Bytes.fst
make -C maths all
make[3]: Entering directory '/cygdrive/c/Build/Agent2/_work/1/s/examples/software_foundations'
../../../bin/fstar.exe --fstar_home ../../.. --max_fuel 4 --initial_fuel 0 --max_ifuel 2 --initial_ifuel 0 --z3rlimit 20  --use_hints --trace_error \
--include ../../../ulib/hyperstack --include hacl \
--__temp_no_proj Crypto.Symmetric.MAC \
--verify_module Crypto.Symmetric.Poly1305.Bigint \
Crypto.Symmetric.Poly1305.Bigint.fst
make -C paradoxes all
/cygdrive/c/Build/Agent2/_work/1/s/bin/fstar.exe --trace_error --use_hints --verify_module BinarySearchTree BinarySearchTree.fst
../../../bin/fstar.exe --fstar_home ../../.. --max_fuel 4 --initial_fuel 0 --max_ifuel 2 --initial_ifuel 0 --z3rlimit 20  --use_hints --trace_error \
--include ../../../ulib/hyperstack --include hacl \
--__temp_no_proj Crypto.Symmetric.MAC \
--verify_module Crypto.Symmetric.Poly1305.Parameters \
Crypto.Symmetric.Poly1305.Parameters.fst
make[3]: Entering directory '/cygdrive/c/Build/Agent2/_work/1/s/doc/tutorial/code/exercises'
make -C printf all
../../../bin/fstar.exe --fstar_home ../../.. --max_fuel 4 --initial_fuel 0 --max_ifuel 2 --initial_ifuel 0 --z3rlimit 20  --use_hints --trace_error \
--include ../../../ulib/hyperstack --include hacl \
--__temp_no_proj Crypto.Symmetric.MAC \
--verify_module Crypto.Symmetric.Poly1305.Bignum.Lemmas.Part1 \
Crypto.Symmetric.Poly1305.Bignum.Lemmas.Part1.fst
make -C metatheory all
../../../bin/fstar.exe --fstar_home ../../.. --max_fuel 4 --initial_fuel 0 --max_ifuel 2 --initial_ifuel 0 --z3rlimit 20  --use_hints --trace_error \
--include ../../../ulib/hyperstack --include hacl \
--__temp_no_proj Crypto.Symmetric.MAC \
--verify_module Crypto.Symmetric.Poly1305.Bignum.Lemmas.Part2 \
Crypto.Symmetric.Poly1305.Bignum.Lemmas.Part2.fst
make[3]: Entering directory '/cygdrive/c/Build/Agent2/_work/1/s/doc/tutorial/code/solutions'
../../../bin/fstar.exe --fstar_home ../../.. --max_fuel 4 --initial_fuel 0 --max_ifuel 2 --initial_ifuel 0 --z3rlimit 20  --use_hints --trace_error \
--include ../../../ulib/hyperstack --include hacl \
--__temp_no_proj Crypto.Symmetric.MAC \
--verify_module Crypto.Symmetric.Poly1305.Bignum.Lemmas.Part3 \
Crypto.Symmetric.Poly1305.Bignum.Lemmas.Part3.fst
make -C verifythis all
/cygdrive/c/Build/Agent2/_work/1/s/bin/fstar.exe --trace_error --use_hints --verify_module BinarySearch BinarySearch.fst
make[3]: Entering directory '/cygdrive/c/Build/Agent2/_work/1/s/examples/rel'
/cygdrive/c/Build/Agent2/_work/1/s/bin/fstar.exe --trace_error --use_hints --include ../../ucontrib/Platform/fst \
--include ../../ucontrib/CoreCrypto/fst \
--z3rlimit 20 AES.fst
make[3]: Entering directory '/cygdrive/c/Build/Agent2/_work/1/s/examples/maths'
/cygdrive/c/Build/Agent2/_work/1/s/bin/fstar.exe --trace_error --use_hints --verify_module wf wf.fst
make[3]: Entering directory '/cygdrive/c/Build/Agent2/_work/1/s/examples/paradoxes'
/cygdrive/c/Build/Agent2/_work/1/s/bin/fstar.exe --trace_error --use_hints --verify_module SfBasic SfBasic.fst
make[3]: Entering directory '/cygdrive/c/Build/Agent2/_work/1/s/examples/metatheory'
make[3]: Entering directory '/cygdrive/c/Build/Agent2/_work/1/s/examples/printf'
make[3]: Entering directory '/cygdrive/c/Build/Agent2/_work/1/s/examples/verifythis'
/cygdrive/c/Build/Agent2/_work/1/s/bin/fstar.exe --trace_error --use_hints --include ../../../..//ucontrib/Platform/fst --include ../../../..//ucontrib/CoreCrypto/fst Ex01a.fst
/cygdrive/c/Build/Agent2/_work/1/s/bin/fstar.exe --trace_error   --use_hints rel.fst whilelanguage.fst ifc.fst ifcExample.fst
/cygdrive/c/Build/Agent2/_work/1/s/bin/fstar.exe --trace_error --use_hints --include ../../../..//ucontrib/Platform/fst --include ../../../..//ucontrib/CoreCrypto/fst Ex01a.fst
/cygdrive/c/Build/Agent2/_work/1/s/bin/fstar.exe --trace_error --use_hints --verify_module Gcd Gcd.fst
/cygdrive/c/Build/Agent2/_work/1/s/bin/fstar.exe --trace_error --use_hints PropositionalExtensionalityInconsistent.fst
/cygdrive/c/Build/Agent2/_work/1/s/bin/fstar.exe --trace_error --use_hints --verify_module ParSubst ParSubst.fst
/cygdrive/c/Build/Agent2/_work/1/s/bin/fstar.exe --trace_error --use_hints --verify_module SimplePrintf SimplePrintf.fst
/cygdrive/c/Build/Agent2/_work/1/s/bin/fstar.exe --trace_error --use_hints 2015/Problem01.fst
Verified module: Wf (460 milliseconds)
All verification conditions discharged successfully
/cygdrive/c/Build/Agent2/_work/1/s/bin/fstar.exe --trace_error --use_hints --verify_module CPS.Simple CPS.Simple.fst
Verified module: FStar.ST (78 milliseconds)
All verification conditions discharged successfully
/cygdrive/c/Build/Agent2/_work/1/s/bin/fstar.exe --trace_error --use_hints FStar.TwoLevelHeap.fst
.\Ex01a.fst(58,0-58,48): (Warning) Top-level let-bindings must be total; this term may have effects
Verified module: Ex01a (778 milliseconds)
All verification conditions discharged successfully
#done-ok
Checking transcript-good-2
/cygdrive/c/Build/Agent2/_work/1/s/bin/fstar.exe --trace_error --use_hints --include ../../../..//ucontrib/Platform/fst --include ../../../..//ucontrib/CoreCrypto/fst Ex02a.fst
.\hello.fst(5,0-5,37): (Warning) Top-level let-bindings must be total; this term may have effects
Verified module: Hello (22 milliseconds)
All verification conditions discharged successfully
make[3]: Leaving directory '/cygdrive/c/Build/Agent2/_work/1/s/examples/hello'
make -C preorders all
Verified module: PropositionalExtensionalityInconsistent (1004 milliseconds)
All verification conditions discharged successfully
make[3]: Leaving directory '/cygdrive/c/Build/Agent2/_work/1/s/examples/paradoxes'
make -C dm4free all
make[3]: Entering directory '/cygdrive/c/Build/Agent2/_work/1/s/examples/preorders'
make[3]: Entering directory '/cygdrive/c/Build/Agent2/_work/1/s/examples/dm4free'
/cygdrive/c/Build/Agent2/_work/1/s/bin/fstar.exe --trace_error --use_hints --verify_module ImmutableST ImmutableST.fst
/cygdrive/c/Build/Agent2/_work/1/s/bin/fstar.exe --trace_error --use_hints FStar.DM4F.MonadLaws.fst
Verified module: Gcd (526 milliseconds)
All verification conditions discharged successfully
make[3]: Leaving directory '/cygdrive/c/Build/Agent2/_work/1/s/examples/maths'
make -C incl all
make[3]: Entering directory '/cygdrive/c/Build/Agent2/_work/1/s/examples/incl'
/cygdrive/c/Build/Agent2/_work/1/s/bin/fstar.exe --trace_error --use_hints --include open.pos --odir open.pos Test.fst
.\Ex01a.fst(68,0-68,48): (Warning) Top-level let-bindings must be total; this term may have effects
Verified module: BinarySearchTree (1743 milliseconds)
All verification conditions discharged successfully
/cygdrive/c/Build/Agent2/_work/1/s/bin/fstar.exe --trace_error --use_hints --verify_module BinarySearchTree0 BinarySearchTree0.fst
Verified module: Ex01a (580 milliseconds)
All verification conditions discharged successfully
/cygdrive/c/Build/Agent2/_work/1/s/bin/fstar.exe --trace_error --use_hints --include ../../../..//ucontrib/Platform/fst --include ../../../..//ucontrib/CoreCrypto/fst Ex02a.fst
Verified module: ParSubst (2643 milliseconds)
All verification conditions discharged successfully
/cygdrive/c/Build/Agent2/_work/1/s/bin/fstar.exe --trace_error --use_hints --verify_module StlcCbvDbPntSubstNoLists StlcCbvDbPntSubstNoLists.fst
Verified module: Problem01 (1239 milliseconds)
All verification conditions discharged successfully
make[3]: Leaving directory '/cygdrive/c/Build/Agent2/_work/1/s/examples/verifythis'
make -C micro-benchmarks all
make[3]: Entering directory '/cygdrive/c/Build/Agent2/_work/1/s/examples/micro-benchmarks'
/cygdrive/c/Build/Agent2/_work/1/s/bin/fstar.exe --trace_error --use_hints --verify_module Unit1.Basic Unit1.Basic.fst
Verified module: SimplePrintf (2807 milliseconds)
All verification conditions discharged successfully
make[3]: Leaving directory '/cygdrive/c/Build/Agent2/_work/1/s/examples/printf'
make -C bytes all
make[3]: Entering directory '/cygdrive/c/Build/Agent2/_work/1/s/examples/bytes'
/cygdrive/c/Build/Agent2/_work/1/s/bin/fstar.exe --trace_error --use_hints --verify_module Platform.Bytes Platform.Bytes.fst
Verified module: FStar.Int (4813 milliseconds)
All verification conditions discharged successfully
/cygdrive/c/Build/Agent2/_work/1/s/bin/fstar.exe --trace_error --use_hints FStar.Tcp.fst
Verified module: Ex02a (217 milliseconds)
All verification conditions discharged successfully
/cygdrive/c/Build/Agent2/_work/1/s/bin/fstar.exe --trace_error --use_hints --include ../../../..//ucontrib/Platform/fst --include ../../../..//ucontrib/CoreCrypto/fst Ex03a.fst
#done-ok
Checking transcript-good-3
Verified module: CPS.Simple (131 milliseconds)
All verification conditions discharged successfully
/cygdrive/c/Build/Agent2/_work/1/s/bin/fstar.exe --trace_error --use_hints --verify_module CPS.Double CPS.Double.fst
Verified module: AES (485 milliseconds)
All verification conditions discharged successfully
/cygdrive/c/Build/Agent2/_work/1/s/bin/fstar.exe --trace_error --use_hints --include ../../ucontrib/Platform/fst \
--include ../../ucontrib/CoreCrypto/fst \
--z3rlimit 20 Encrypt_SymEnc.fst
Verified module: SfBasic (6620 milliseconds)
All verification conditions discharged successfully
/cygdrive/c/Build/Agent2/_work/1/s/bin/fstar.exe --trace_error --use_hints --verify_module SfLists SfLists.fst
Verified module: Test (23 milliseconds)
All verification conditions discharged successfully
/cygdrive/c/Build/Agent2/_work/1/s/bin/fstar.exe --trace_error --use_hints --include private.pos --odir private.pos Test.fst
Verified module: Crypto.Symmetric.Poly1305.Parameters (1050 milliseconds)
All verification conditions discharged successfully
../../../bin/fstar.exe --fstar_home ../../.. --max_fuel 4 --initial_fuel 0 --max_ifuel 2 --initial_ifuel 0 --z3rlimit 20  --use_hints --trace_error \
--include ../../../ulib/hyperstack --include hacl \
--__temp_no_proj Crypto.Symmetric.MAC \
--verify_module Crypto.Symmetric.Poly1305.Bignum.Lemmas.Part4 \
Crypto.Symmetric.Poly1305.Bignum.Lemmas.Part4.fst
Verified module: Ex02a (221 milliseconds)
All verification conditions discharged successfully
/cygdrive/c/Build/Agent2/_work/1/s/bin/fstar.exe --trace_error --use_hints --include ../../../..//ucontrib/Platform/fst --include ../../../..//ucontrib/CoreCrypto/fst Ex03a.fst
Verified module: FStar.DM4F.MonadLaws (1060 milliseconds)
All verification conditions discharged successfully
/cygdrive/c/Build/Agent2/_work/1/s/bin/fstar.exe --trace_error --use_hints Effects.Def.fst
Verified module: BinarySearch (4431 milliseconds)
All verification conditions discharged successfully
Verified module: ImmutableST (1486 milliseconds)
All verification conditions discharged successfully
/cygdrive/c/Build/Agent2/_work/1/s/bin/fstar.exe --trace_error --use_hints --verify_module IntSort IntSort.fst
/cygdrive/c/Build/Agent2/_work/1/s/bin/fstar.exe --trace_error --use_hints --verify_module AllocST AllocST.fst
Verified module: BinarySearchTree0 (1058 milliseconds)
All verification conditions discharged successfully
/cygdrive/c/Build/Agent2/_work/1/s/bin/fstar.exe --trace_error --use_hints --verify_module BinarySearchTreeBasic BinarySearchTreeBasic.fst
Verified module: FStar.TwoLevelHeap (2413 milliseconds)
All verification conditions discharged successfully
/cygdrive/c/Build/Agent2/_work/1/s/bin/fstar.exe --trace_error --use_hints FStar.Integers.fst
Verified module: Ex03a (211 milliseconds)
All verification conditions discharged successfully
/cygdrive/c/Build/Agent2/_work/1/s/bin/fstar.exe --trace_error --use_hints --include ../../../..//ucontrib/Platform/fst --include ../../../..//ucontrib/CoreCrypto/fst Ex03b.fst
Verified module: CPS.Double (134 milliseconds)
All verification conditions discharged successfully
/cygdrive/c/Build/Agent2/_work/1/s/bin/fstar.exe --trace_error --use_hints --verify_module CPS.DoubleLambdaLifting2 CPS.DoubleLambdaLifting2.fst
.\Platform.Bytes.fst(15,32-18,29): (Warning) Pattern misses at least one bound variable: uu___#1088
<input>(2,14-2,15): (Error) Expected expression of type "int"; got expression ""hello"" of type "string"
<input>(2,14-2,15): (Error) Expected expression of type "int"; got expression ""hello"" of type "string"
#done-ok
for a in transcript-bad*; do echo "Checking $a"; cat $a | ../../../bin/fstar-any.sh --in test.fst | tail -n 1 | grep done-nok || exit 1; done
Checking transcript-bad-1
Verified module: Test (21 milliseconds)
All verification conditions discharged successfully
/cygdrive/c/Build/Agent2/_work/1/s/bin/fstar.exe --trace_error --use_hints --include shadow.pos --odir shadow.pos Test.fst
Verified module: Ex03a (203 milliseconds)
All verification conditions discharged successfully
/cygdrive/c/Build/Agent2/_work/1/s/bin/fstar.exe --trace_error --use_hints --include ../../../..//ucontrib/Platform/fst --include ../../../..//ucontrib/CoreCrypto/fst Ex03b.fst
Verified module: Effects.Def (1901 milliseconds)
All verification conditions discharged successfully
/cygdrive/c/Build/Agent2/_work/1/s/bin/fstar.exe --trace_error --use_hints FStar.DM4F.IntST.fst
Verified module: Ex03b (108 milliseconds)
All verification conditions discharged successfully
/cygdrive/c/Build/Agent2/_work/1/s/bin/fstar.exe --trace_error --use_hints --include ../../../..//ucontrib/Platform/fst --include ../../../..//ucontrib/CoreCrypto/fst Ex03c.fst
Verified module: StlcCbvDbPntSubstNoLists (6400 milliseconds)
All verification conditions discharged successfully
/cygdrive/c/Build/Agent2/_work/1/s/bin/fstar.exe --trace_error --use_hints --verify_module StlcStrongDbParSubst StlcStrongDbParSubst.fst
Verified module: AllocST (1108 milliseconds)
All verification conditions discharged successfully
/cygdrive/c/Build/Agent2/_work/1/s/bin/fstar.exe --trace_error --use_hints --verify_module NatHeap NatHeap.fst
Verified module: IntSort (1620 milliseconds)
All verification conditions discharged successfully
/cygdrive/c/Build/Agent2/_work/1/s/bin/fstar.exe --trace_error --use_hints --verify_module InsertionSort InsertionSort.fst
Verified module: Ex03b (106 milliseconds)
All verification conditions discharged successfully
/cygdrive/c/Build/Agent2/_work/1/s/bin/fstar.exe --trace_error --use_hints --include ../../../..//ucontrib/Platform/fst --include ../../../..//ucontrib/CoreCrypto/fst Ex03c.fst
Verified module: CPS.DoubleLambdaLifting2 (107 milliseconds)
All verification conditions discharged successfully
/cygdrive/c/Build/Agent2/_work/1/s/bin/fstar.exe --trace_error --use_hints --verify_module CPS.DoubleDefun CPS.DoubleDefun.fst
Verified module: Test (22 milliseconds)
All verification conditions discharged successfully
/cygdrive/c/Build/Agent2/_work/1/s/bin/fstar.exe --trace_error --use_hints --include trans.pos --odir trans.pos Test.fst
<input>(2,14-2,15): (Error) Expected expression of type "int"; got expression ""hello"" of type "string"
#done-nok
make[2]: Leaving directory '/cygdrive/c/Build/Agent2/_work/1/s/src/tests/interactive'
/cygdrive/c/Build/Agent2/_work/1/s/bin/fstar.exe --trace_error --use_hints --include ../../ucontrib/Platform/fst \
--include ../../ucontrib/CoreCrypto/fst \
--z3rlimit 20 Encrypt_Sample.fst
Verified module: SfLists (6921 milliseconds)
All verification conditions discharged successfully
/cygdrive/c/Build/Agent2/_work/1/s/bin/fstar.exe --trace_error --use_hints --verify_module SfPoly SfPoly.fst
WARNING: (6229,66): pattern does not contain any variable.
Verified module: FStar.Tcp (19 milliseconds)
All verification conditions discharged successfully
/cygdrive/c/Build/Agent2/_work/1/s/bin/fstar.exe --trace_error --use_hints --verify_module Unit1.Projectors2 Unit1.Projectors2.fst
.\Encrypt_SymEnc.fst(29,0-29,18): (Warning) Top-level let-bindings must be total; this term may have effects
Verified module: Ex03c (264 milliseconds)
All verification conditions discharged successfully
Verified module: Encrypt_SymEnc (2216 milliseconds)
All verification conditions discharged successfully
Verified module: BinarySearchTreeBasic (6516 milliseconds)
All verification conditions discharged successfully
/cygdrive/c/Build/Agent2/_work/1/s/bin/fstar.exe --trace_error --use_hints --include ../../../..//ucontrib/Platform/fst --include ../../../..//ucontrib/CoreCrypto/fst Ex04a.fst
../../../bin/fstar.exe --fstar_home ../../.. --max_fuel 4 --initial_fuel 0 --max_ifuel 2 --initial_ifuel 0 --z3rlimit 20  --use_hints --trace_error \
--include ../../../ulib/hyperstack --include hacl \
--__temp_no_proj Crypto.Symmetric.MAC \
--verify_module Crypto.Symmetric.Poly1305.Bignum.Lemmas.Part5 \
Crypto.Symmetric.Poly1305.Bignum.Lemmas.Part5.fst
/cygdrive/c/Build/Agent2/_work/1/s/bin/fstar.exe --trace_error --use_hints --verify_module BinarySearchTreeFirst BinarySearchTreeFirst.fst
WARNING: (67709,66): pattern does not contain any variable.
WARNING: (6491,66): pattern does not contain any variable.
Verified module: Ex03c (120 milliseconds)
All verification conditions discharged successfully
/cygdrive/c/Build/Agent2/_work/1/s/bin/fstar.exe --trace_error --use_hints --include ../../../..//ucontrib/Platform/fst --include ../../../..//ucontrib/CoreCrypto/fst Ex04a.fst
.\ifcExample.fst(10,0-10,15): (Warning) Top-level let-bindings must be total; this term may have effects
.\ifcExample.fst(11,0-11,15): (Warning) Top-level let-bindings must be total; this term may have effects
.\ifcExample.fst(12,0-12,15): (Warning) Top-level let-bindings must be total; this term may have effects
.\ifcExample.fst(13,0-13,17): (Warning) Top-level let-bindings must be total; this term may have effects
Verified module: Test (22 milliseconds)
All verification conditions discharged successfully
/cygdrive/c/Build/Agent2/_work/1/s/bin/fstar.exe --trace_error --use_hints --include plain.pos --odir plain.pos Test.fst
Verified module: InsertionSort (809 milliseconds)
All verification conditions discharged successfully
/cygdrive/c/Build/Agent2/_work/1/s/bin/fstar.exe --trace_error --use_hints --verify_module MergeSort MergeSort.fst
Verified module: FStar.DM4F.IntST (3882 milliseconds)
All verification conditions discharged successfully
/cygdrive/c/Build/Agent2/_work/1/s/bin/fstar.exe --trace_error --use_hints FStar.DM4F.Exceptions.fst
Verified module: WhileLanguage (4789 milliseconds)
Verified module: Rel (1510 milliseconds)
Verified module: Ifc (13242 milliseconds)
Verified module: IfcExample (1606 milliseconds)
All verification conditions discharged successfully
/cygdrive/c/Build/Agent2/_work/1/s/bin/fstar.exe --trace_error   --use_hints bijection.fst random_tapes.fst
Verified module: NatHeap (4037 milliseconds)
All verification conditions discharged successfully
Verified module: CPS.DoubleDefun (1130 milliseconds)
All verification conditions discharged successfully
/cygdrive/c/Build/Agent2/_work/1/s/bin/fstar.exe --trace_error --use_hints --verify_module ImmutableSTwHeaps ImmutableSTwHeaps.fst
/cygdrive/c/Build/Agent2/_work/1/s/bin/fstar.exe --trace_error --use_hints --verify_module CPS.Expr CPS.Expr.fst
WARNING: (6151,66): pattern does not contain any variable.
Verified module: Crypto.Symmetric.Poly1305.Bigint (9625 milliseconds)
All verification conditions discharged successfully
../../../bin/fstar.exe --fstar_home ../../.. --max_fuel 4 --initial_fuel 0 --max_ifuel 2 --initial_ifuel 0 --z3rlimit 20  --use_hints --trace_error \
--include ../../../ulib/hyperstack --include hacl \
--__temp_no_proj Crypto.Symmetric.MAC \
--verify_module Crypto.Symmetric.Poly1305.Bignum.Lemmas.Part6 \
Crypto.Symmetric.Poly1305.Bignum.Lemmas.Part6.fst
.\Platform.Bytes.fst(257,22-260,30): (Warning) Pattern misses at least one bound variable: i#40911
Verified module: Ex04a (329 milliseconds)
All verification conditions discharged successfully
/cygdrive/c/Build/Agent2/_work/1/s/bin/fstar.exe --trace_error --use_hints --include ../../../..//ucontrib/Platform/fst --include ../../../..//ucontrib/CoreCrypto/fst Ex04b.fst
Verified module: Ex04a (195 milliseconds)
All verification conditions discharged successfully
/cygdrive/c/Build/Agent2/_work/1/s/bin/fstar.exe --trace_error --use_hints --include ../../../..//ucontrib/Platform/fst --include ../../../..//ucontrib/CoreCrypto/fst Ex04b.fst
.\Platform.Bytes.fst(257,156-260,30): (Warning) Pattern misses at least one bound variable: i#43023
WARNING: (6487,66): pattern does not contain any variable.
Verified module: Test (19 milliseconds)
All verification conditions discharged successfully
/cygdrive/c/Build/Agent2/_work/1/s/bin/fstar.exe --trace_error --use_hints --include noshadow.pos --odir noshadow.pos Test.fst
Verified module: CPS.Expr (535 milliseconds)
All verification conditions discharged successfully
/cygdrive/c/Build/Agent2/_work/1/s/bin/fstar.exe --trace_error --use_hints --verify_module CPS.SimpleDefun CPS.SimpleDefun.fst
Verified module: BinarySearchTreeFirst (2294 milliseconds)
All verification conditions discharged successfully
/cygdrive/c/Build/Agent2/_work/1/s/bin/fstar.exe --trace_error --use_hints --verify_module RBTree RBTree.fst
WARNING: (67709,66): pattern does not contain any variable.
WARNING: (71262,6): pattern does not contain all quantified variables.
Verified module: Bijection (214 milliseconds)
Verified module: Random_Tapes (754 milliseconds)
All verification conditions discharged successfully
/cygdrive/c/Build/Agent2/_work/1/s/bin/fstar.exe --trace_error   --use_hints delimited_release.fst
Verified module: StlcStrongDbParSubst (8703 milliseconds)
All verification conditions discharged successfully
/cygdrive/c/Build/Agent2/_work/1/s/bin/fstar.exe --trace_error --use_hints --verify_module StlcCbvDbParSubst StlcCbvDbParSubst.fst
Verified module: Encrypt_Sample (43 milliseconds)
All verification conditions discharged successfully
/cygdrive/c/Build/Agent2/_work/1/s/bin/fstar.exe --trace_error --use_hints --include ../../ucontrib/Platform/fst \
--include ../../ucontrib/CoreCrypto/fst \
--z3rlimit 20 SHA1.fst
Verified module: ImmutableSTwHeaps (707 milliseconds)
All verification conditions discharged successfully
/cygdrive/c/Build/Agent2/_work/1/s/bin/fstar.exe --trace_error --use_hints --verify_module ReifyTest ReifyTest.fst
Verified module: FStar.DM4F.Exceptions (2423 milliseconds)
All verification conditions discharged successfully
/cygdrive/c/Build/Agent2/_work/1/s/bin/fstar.exe --trace_error --use_hints FStar.DM4F.ExnSt.fst
Verified module: MergeSort (2038 milliseconds)
All verification conditions discharged successfully
/cygdrive/c/Build/Agent2/_work/1/s/bin/fstar.exe --trace_error --use_hints --verify_module QuickSort.List QuickSort.List.fst
WARNING: (67709,66): pattern does not contain any variable.
WARNING: (71262,6): pattern does not contain all quantified variables.
Verified module: Unit1.Projectors2 (23 milliseconds)
All verification conditions discharged successfully
/cygdrive/c/Build/Agent2/_work/1/s/bin/fstar.exe --trace_error --use_hints --verify_module Unit1.WPsAndTriples Unit1.WPsAndTriples.fst
Verified module: Ex04b (416 milliseconds)
All verification conditions discharged successfully
/cygdrive/c/Build/Agent2/_work/1/s/bin/fstar.exe --trace_error --use_hints --include ../../../..//ucontrib/Platform/fst --include ../../../..//ucontrib/CoreCrypto/fst Ex04c.fst
Verified module: Ex04b (273 milliseconds)
All verification conditions discharged successfully
/cygdrive/c/Build/Agent2/_work/1/s/bin/fstar.exe --trace_error --use_hints --include ../../../..//ucontrib/Platform/fst --include ../../../..//ucontrib/CoreCrypto/fst Ex04c.fst
Verified module: Test (26 milliseconds)
All verification conditions discharged successfully
/cygdrive/c/Build/Agent2/_work/1/s/bin/fstar.exe --trace_error --use_hints --include field.pos --odir field.pos Test.fst
Verified module: SfPoly (9280 milliseconds)
All verification conditions discharged successfully
make[3]: Leaving directory '/cygdrive/c/Build/Agent2/_work/1/s/examples/software_foundations'
make -C tactics all
make[3]: Entering directory '/cygdrive/c/Build/Agent2/_work/1/s/examples/tactics'
/cygdrive/c/Build/Agent2/_work/1/s/bin/fstar.exe --trace_error --use_hints --verify_module MetaCoq MetaCoq.fst
WARNING: (67709,66): pattern does not contain any variable.
WARNING: (71262,6): pattern does not contain all quantified variables.
Verified module: CPS.SimpleDefun (685 milliseconds)
All verification conditions discharged successfully
/cygdrive/c/Build/Agent2/_work/1/s/bin/fstar.exe --trace_error --use_hints --verify_module CPS.SimpleLambdaLifting CPS.SimpleLambdaLifting.fst
Verified module: Unit1.WPsAndTriples (296 milliseconds)
All verification conditions discharged successfully
/cygdrive/c/Build/Agent2/_work/1/s/bin/fstar.exe --trace_error --use_hints --verify_module Unit1.Parser Unit1.Parser.fst
Verified module: Unit1.Basic (17596 milliseconds)
All verification conditions discharged successfully
/cygdrive/c/Build/Agent2/_work/1/s/bin/fstar.exe --trace_error --use_hints --verify_module Unit1.RefinementInference Unit1.RefinementInference.fst
Verified module: Ex04c (388 milliseconds)
All verification conditions discharged successfully
/cygdrive/c/Build/Agent2/_work/1/s/bin/fstar.exe --trace_error --use_hints --include ../../../..//ucontrib/Platform/fst --include ../../../..//ucontrib/CoreCrypto/fst Ex04e.fst
Verified module: Ex04c (749 milliseconds)
All verification conditions discharged successfully
/cygdrive/c/Build/Agent2/_work/1/s/bin/fstar.exe --trace_error --use_hints --include ../../../..//ucontrib/Platform/fst --include ../../../..//ucontrib/CoreCrypto/fst Ex04e.fst
WARNING: (67709,66): pattern does not contain any variable.
WARNING: (71262,6): pattern does not contain all quantified variables.
Verified module: Test (22 milliseconds)
All verification conditions discharged successfully
! /cygdrive/c/Build/Agent2/_work/1/s/bin/fstar.exe --trace_error --use_hints --include plain.neg --odir plain.neg Test.fst > plain.neg/error.log 2>&1
Verified module: ReifyTest (3151 milliseconds)
All verification conditions discharged successfully
/cygdrive/c/Build/Agent2/_work/1/s/bin/fstar.exe --trace_error --use_hints --verify_module AllocSTwHeaps AllocSTwHeaps.fst
Verified module: FStar.DM4F.ExnSt (2945 milliseconds)
All verification conditions discharged successfully
/cygdrive/c/Build/Agent2/_work/1/s/bin/fstar.exe --trace_error --use_hints FStar.DM4F.StExn.fst
Verified module: SHA1 (474 milliseconds)
All verification conditions discharged successfully
/cygdrive/c/Build/Agent2/_work/1/s/bin/fstar.exe --trace_error --use_hints --include ../../ucontrib/Platform/fst \
--include ../../ucontrib/CoreCrypto/fst \
--z3rlimit 20 MAC.fst
Verified module: Unit1.RefinementInference (100 milliseconds)
All verification conditions discharged successfully
/cygdrive/c/Build/Agent2/_work/1/s/bin/fstar.exe --trace_error --use_hints --verify_module Unit1.WPsAndTriples_ST Unit1.WPsAndTriples_ST.fst
Verified module: CPS.SimpleLambdaLifting (124 milliseconds)
All verification conditions discharged successfully
/cygdrive/c/Build/Agent2/_work/1/s/bin/fstar.exe --trace_error --use_hints --verify_module Eval.DB Eval.DB.fst
Verified module: Ex04e (484 milliseconds)
All verification conditions discharged successfully
/cygdrive/c/Build/Agent2/_work/1/s/bin/fstar.exe --trace_error --use_hints --include ../../../..//ucontrib/Platform/fst --include ../../../..//ucontrib/CoreCrypto/fst Ex04f.fst
Verified module: MetaCoq (2240 milliseconds)
All verification conditions discharged successfully
make[3]: Leaving directory '/cygdrive/c/Build/Agent2/_work/1/s/examples/tactics'
/cygdrive/c/Build/Agent2/_work/1/s/bin/fstar.exe --trace_error   --use_hints recursive.fst
Verified module: Unit1.Parser (1139 milliseconds)
All verification conditions discharged successfully
plain.neg failed as expected
! /cygdrive/c/Build/Agent2/_work/1/s/bin/fstar.exe --trace_error --use_hints --include shadow.neg --odir shadow.neg Test.fst > shadow.neg/error.log 2>&1
/cygdrive/c/Build/Agent2/_work/1/s/bin/fstar.exe --trace_error --use_hints FStar.UInt63.fst
Verified module: Ex04e (744 milliseconds)
All verification conditions discharged successfully
/cygdrive/c/Build/Agent2/_work/1/s/bin/fstar.exe --trace_error --use_hints --include ../../../..//ucontrib/Platform/fst --include ../../../..//ucontrib/CoreCrypto/fst Ex04f.fst
Verified module: QuickSort.List (4481 milliseconds)
All verification conditions discharged successfully
/cygdrive/c/Build/Agent2/_work/1/s/bin/fstar.exe --trace_error --use_hints --verify_module QuickSort.Seq QuickSort.Seq.fst
WARNING: (67709,66): pattern does not contain any variable.
WARNING: (71262,6): pattern does not contain all quantified variables.
Verified module: StlcCbvDbParSubst (8625 milliseconds)
All verification conditions discharged successfully
/cygdrive/c/Build/Agent2/_work/1/s/bin/fstar.exe --trace_error --use_hints LambdaOmega.fst --max_fuel 1 --max_ifuel 1 --initial_fuel 1
WARNING: (67709,66): pattern does not contain any variable.
WARNING: (71262,6): pattern does not contain all quantified variables.
Verified module: AllocSTwHeaps (1219 milliseconds)
All verification conditions discharged successfully
/cygdrive/c/Build/Agent2/_work/1/s/bin/fstar.exe --trace_error --use_hints --verify_module Preorder Preorder.fst
Verified module: Unit1.WPsAndTriples_ST (212 milliseconds)
All verification conditions discharged successfully
/cygdrive/c/Build/Agent2/_work/1/s/bin/fstar.exe --trace_error --use_hints --verify_module Unit1.Projectors1 Unit1.Projectors1.fst
shadow.neg failed as expected
! /cygdrive/c/Build/Agent2/_work/1/s/bin/fstar.exe --trace_error --use_hints --include open.neg --odir open.neg Test.fst > open.neg/error.log 2>&1
Verified module: Recursive (545 milliseconds)
All verification conditions discharged successfully
/cygdrive/c/Build/Agent2/_work/1/s/bin/fstar.exe --trace_error --use_hints FStar.DM4F.ST.fst
Verified module: RBTree (12509 milliseconds)
All verification conditions discharged successfully
/cygdrive/c/Build/Agent2/_work/1/s/bin/fstar.exe --trace_error --use_hints --explicit_deps ArrayRealized.fst Vector.fst
Verified module: Ex04f (303 milliseconds)
All verification conditions discharged successfully
Verified module: Delimited_Release (8436 milliseconds)
All verification conditions discharged successfully
make[3]: Leaving directory '/cygdrive/c/Build/Agent2/_work/1/s/examples/rel'
/cygdrive/c/Build/Agent2/_work/1/s/bin/fstar.exe --trace_error --use_hints --include ../../../..//ucontrib/Platform/fst --include ../../../..//ucontrib/CoreCrypto/fst Ex04g.fst
/cygdrive/c/Build/Agent2/_work/1/s/bin/fstar.exe --trace_error --use_hints --verify_module StackMachine StackMachine.fst
Verified module: FStar.DM4F.StExn (4015 milliseconds)
All verification conditions discharged successfully
/cygdrive/c/Build/Agent2/_work/1/s/bin/fstar.exe --trace_error --use_hints --verify_module Unit1.UnificationTests Unit1.UnificationTests.fst
Verified module: Ex04f (1029 milliseconds)
All verification conditions discharged successfully
/cygdrive/c/Build/Agent2/_work/1/s/bin/fstar.exe --trace_error --use_hints --include ../../../..//ucontrib/Platform/fst --include ../../../..//ucontrib/CoreCrypto/fst Ex04g.fst
WARNING: (67709,66): pattern does not contain any variable.
WARNING: (71262,6): pattern does not contain all quantified variables.
Verified module: Crypto.Symmetric.Poly1305.Bignum.Lemmas.Part1 (27280 milliseconds)
All verification conditions discharged successfully
Verified module: Eval.DB (2835 milliseconds)
All verification conditions discharged successfully
/cygdrive/c/Build/Agent2/_work/1/s/bin/fstar.exe --trace_error --use_hints --verify_module termination termination.fst
../../../bin/fstar.exe --fstar_home ../../.. --max_fuel 4 --initial_fuel 0 --max_ifuel 2 --initial_ifuel 0 --z3rlimit 20  --use_hints --trace_error \
--include ../../../ulib/hyperstack --include hacl \
--__temp_no_proj Crypto.Symmetric.MAC \
--verify_module Crypto.Symmetric.Poly1305.Bignum \
Crypto.Symmetric.Poly1305.Bignum.fst
Verified module: Preorder (24 milliseconds)
All verification conditions discharged successfully
/cygdrive/c/Build/Agent2/_work/1/s/bin/fstar.exe --trace_error --use_hints --record_hints --verify_module MRefHeap MRefHeap.fst
.\MAC.fst(45,0-45,35): (Warning) Top-level let-bindings must be total; this term may have effects
WARNING: (67709,66): pattern does not contain any variable.
WARNING: (71262,6): pattern does not contain all quantified variables.
Verified module: MAC (1090 milliseconds)
All verification conditions discharged successfully
/cygdrive/c/Build/Agent2/_work/1/s/bin/fstar.exe --trace_error --use_hints --include ../../ucontrib/Platform/fst \
--include ../../ucontrib/CoreCrypto/fst \
--z3rlimit 20 Sig.fst
All verification conditions discharged successfully
make[3]: Leaving directory '/cygdrive/c/Build/Agent2/_work/1/s/examples/data_structures'
/cygdrive/c/Build/Agent2/_work/1/s/bin/fstar.exe --trace_error --use_hints --include ../../ulib/hyperstack \
--include ../../ucontrib/Platform/fst \
--include ../../ucontrib/CoreCrypto/fst \
--z3rlimit 20 EtM.Plain.fst
.\Ex04g.fst(5,4-5,6): Warning: Admitting tl without a definition
.\Ex04g.fst(4,4-4,6): Warning: Admitting hd without a definition
open.neg failed as expected
! /cygdrive/c/Build/Agent2/_work/1/s/bin/fstar.exe --trace_error --use_hints --include private.neg --odir private.neg Test.fst > private.neg/error.log 2>&1
Verified module: Ex04g (22 milliseconds)
All verification conditions discharged successfully
/cygdrive/c/Build/Agent2/_work/1/s/bin/fstar.exe --trace_error --use_hints --include ../../../..//ucontrib/Platform/fst --include ../../../..//ucontrib/CoreCrypto/fst Ex04h.fst
Verified module: Ex04g (171 milliseconds)
All verification conditions discharged successfully
/cygdrive/c/Build/Agent2/_work/1/s/bin/fstar.exe --trace_error --use_hints --include ../../../..//ucontrib/Platform/fst --include ../../../..//ucontrib/CoreCrypto/fst Ex04h.fst
WARNING: (67709,66): pattern does not contain any variable.
WARNING: (71262,6): pattern does not contain all quantified variables.
Verified module: Unit1.UnificationTests (19 milliseconds)
All verification conditions discharged successfully
/cygdrive/c/Build/Agent2/_work/1/s/bin/fstar.exe --trace_error --use_hints --verify_module SnapshotST SnapshotST.fst
Verified module: FStar.DM4F.ST (1443 milliseconds)
All verification conditions discharged successfully
/cygdrive/c/Build/Agent2/_work/1/s/bin/fstar.exe --trace_error --use_hints FStar.DM4F.Heap.fst
Verified module: Crypto.Symmetric.Poly1305.Bignum.Lemmas.Part2 (29799 milliseconds)
All verification conditions discharged successfully
../../../bin/fstar.exe --fstar_home ../../.. --max_fuel 4 --initial_fuel 0 --max_ifuel 2 --initial_ifuel 0 --z3rlimit 20  --use_hints --trace_error \
--include ../../../ulib/hyperstack --include hacl \
--__temp_no_proj Crypto.Symmetric.MAC \
--verify_module Crypto.Symmetric.Poly1305.Spec \
Crypto.Symmetric.Poly1305.Spec.fst
WARNING: (67709,66): pattern does not contain any variable.
WARNING: (71262,6): pattern does not contain all quantified variables.
Verified module: QuickSort.Seq (3168 milliseconds)
All verification conditions discharged successfully
/cygdrive/c/Build/Agent2/_work/1/s/bin/fstar.exe --trace_error --use_hints --verify_module QuickSort.Array QuickSort.Array.fst
.\Platform.Bytes.fst(15,40-18,29): (Warning) Pattern misses at least one bound variable: uu___#80615
.\Platform.Bytes.fst(257,156-260,30): (Warning) Pattern misses at least one bound variable: i#90062
Verified module: Platform.Bytes (38735 milliseconds)
All verification conditions discharged successfully
make[3]: Leaving directory '/cygdrive/c/Build/Agent2/_work/1/s/examples/bytes'
/cygdrive/c/Build/Agent2/_work/1/s/bin/fstar.exe --trace_error --use_hints FStar.List.Tot.Base.fst
Verified module: FStar.Integers (26129 milliseconds)
All verification conditions discharged successfully
/cygdrive/c/Build/Agent2/_work/1/s/bin/fstar.exe --trace_error --use_hints --verify_module ReifyTestTSST ReifyTestTSST.fst
Verified module: Ex04h (27 milliseconds)
All verification conditions discharged successfully
WARNING: (4121,6): pattern does not contain all quantified variables.
Verified module: Termination (2698 milliseconds)
All verification conditions discharged successfully
make[3]: Leaving directory '/cygdrive/c/Build/Agent2/_work/1/s/examples/termination'
../../../bin/fstar.exe --fstar_home ../../.. --max_fuel 4 --initial_fuel 0 --max_ifuel 2 --initial_ifuel 0 --z3rlimit 20  --use_hints --trace_error \
--include ../../../ulib/hyperstack --include hacl \
--__temp_no_proj Crypto.Symmetric.MAC \
--verify_module Crypto.Symmetric.GF128 \
Crypto.Symmetric.GF128.fst
Verified module: MRefHeap (4044 milliseconds)
All verification conditions discharged successfully
/cygdrive/c/Build/Agent2/_work/1/s/bin/fstar.exe --trace_error --use_hints --include ../../../..//ucontrib/Platform/fst --include ../../../..//ucontrib/CoreCrypto/fst Ex05a.fst
! /cygdrive/c/Build/Agent2/_work/1/s/bin/fstar.exe --trace_error --use_hints --include trans.neg --odir trans.neg Test.fst > trans.neg/error.log 2>&1
private.neg failed as expected
/cygdrive/c/Build/Agent2/_work/1/s/bin/fstar.exe --trace_error --use_hints --include ../../../..//ucontrib/Platform/fst --include ../../../..//ucontrib/CoreCrypto/fst Ex05b.fst
Verified module: Unit1.Projectors1 (1714 milliseconds)
All verification conditions discharged successfully
Verified module: Ex04h (325 milliseconds)
All verification conditions discharged successfully
/cygdrive/c/Build/Agent2/_work/1/s/bin/fstar.exe --trace_error --use_hints --verify_module Unit1.RecursiveTypeFunctions Unit1.RecursiveTypeFunctions.fst
/cygdrive/c/Build/Agent2/_work/1/s/bin/fstar.exe --trace_error --use_hints --include ../../../..//ucontrib/Platform/fst --include ../../../..//ucontrib/CoreCrypto/fst Ex05a.fst
Verified module: FStar.DM4F.Heap (1937 milliseconds)
All verification conditions discharged successfully
/cygdrive/c/Build/Agent2/_work/1/s/bin/fstar.exe --trace_error --use_hints FStar.DM4F.Heap.ST.fst
Verified module: SnapshotST (2519 milliseconds)
All verification conditions discharged successfully
/cygdrive/c/Build/Agent2/_work/1/s/bin/fstar.exe --trace_error --use_hints --verify_module MRefST MRefST.fst
Verified module: ReifyTestTSST (875 milliseconds)
All verification conditions discharged successfully
/cygdrive/c/Build/Agent2/_work/1/s/bin/fstar.exe --trace_error --use_hints --include ../../../..//ucontrib/Platform/fst --include ../../../..//ucontrib/CoreCrypto/fst Ex06a.fst
.\Ex05a.fst(28,4-28,13): Warning: Admitting rev_is_ok without a definition
Verified module: Ex05b (384 milliseconds)
All verification conditions discharged successfully
/cygdrive/c/Build/Agent2/_work/1/s/bin/fstar.exe --trace_error --use_hints --include ../../../..//ucontrib/Platform/fst --include ../../../..//ucontrib/CoreCrypto/fst Ex06b.fst
Verified module: Ex05a (568 milliseconds)
All verification conditions discharged successfully
/cygdrive/c/Build/Agent2/_work/1/s/bin/fstar.exe --trace_error --use_hints --include ../../../..//ucontrib/Platform/fst --include ../../../..//ucontrib/CoreCrypto/fst Ex06e.fst
Verified module: Sig (1310 milliseconds)
All verification conditions discharged successfully
/cygdrive/c/Build/Agent2/_work/1/s/bin/fstar.exe --trace_error --use_hints --include ../../ulib/hyperstack \
--include ../../ucontrib/Platform/fst \
--include ../../ucontrib/CoreCrypto/fst \
--z3rlimit 20 EtM.MAC.fst
Verified module: FStar.List.Tot.Base (5257 milliseconds)
All verification conditions discharged successfully
/cygdrive/c/Build/Agent2/_work/1/s/bin/fstar.exe --trace_error --use_hints FStar.Bytes.fst
trans.neg failed as expected
! /cygdrive/c/Build/Agent2/_work/1/s/bin/fstar.exe --trace_error --use_hints --include noshadow.neg --odir noshadow.neg Test.fst > noshadow.neg/error.log 2>&1
Verified module: FStar.UInt63 (10818 milliseconds)
All verification conditions discharged successfully
/cygdrive/c/Build/Agent2/_work/1/s/bin/fstar.exe --trace_error --use_hints FStar.Reader.fst
Verified module: EtM.Plain (21 milliseconds)
All verification conditions discharged successfully
/cygdrive/c/Build/Agent2/_work/1/s/bin/fstar.exe --trace_error --use_hints --include ../../ulib/hyperstack \
--include ../../ucontrib/Platform/fst \
--include ../../ucontrib/CoreCrypto/fst \
--z3rlimit 20 EtM.CPA.fst
Verified module: Ex05a (960 milliseconds)
All verification conditions discharged successfully
/cygdrive/c/Build/Agent2/_work/1/s/bin/fstar.exe --trace_error --use_hints --include ../../../..//ucontrib/Platform/fst --include ../../../..//ucontrib/CoreCrypto/fst Ex05b.fst
Verified module: Crypto.Symmetric.Poly1305.Bignum.Lemmas.Part5 (14921 milliseconds)
All verification conditions discharged successfully
.\Ex06a.fst(5,4-5,13): Warning: Admitting partition without a definition
../../../bin/fstar.exe --fstar_home ../../.. --max_fuel 4 --initial_fuel 0 --max_ifuel 2 --initial_ifuel 0 --z3rlimit 20  --use_hints --trace_error \
--include ../../../ulib/hyperstack --include hacl \
--__temp_no_proj Crypto.Symmetric.MAC \
--verify_module Crypto.Symmetric.GCM \
Crypto.Symmetric.GCM.fst
Verified module: Ex06a (23 milliseconds)
All verification conditions discharged successfully
Verified module: Unit1.RecursiveTypeFunctions (1736 milliseconds)
All verification conditions discharged successfully
/cygdrive/c/Build/Agent2/_work/1/s/bin/fstar.exe --trace_error --use_hints --include ../../../..//ucontrib/Platform/fst --include ../../../..//ucontrib/CoreCrypto/fst Ex07a.fst
/cygdrive/c/Build/Agent2/_work/1/s/bin/fstar.exe --trace_error --use_hints --verify_module Unit2 Unit2.fst
.\Ex06e.fst(18,4-18,8): Warning: Admitting sort without a definition
Verified module: Ex06e (278 milliseconds)
All verification conditions discharged successfully
/cygdrive/c/Build/Agent2/_work/1/s/bin/fstar.exe --trace_error --use_hints --include ../../../..//ucontrib/Platform/fst --include ../../../..//ucontrib/CoreCrypto/fst Ex07b.fst
Verified module: FStar.DM4F.Heap.ST (3837 milliseconds)
All verification conditions discharged successfully
/cygdrive/c/Build/Agent2/_work/1/s/bin/fstar.exe --trace_error --use_hints FStar.DM4F.StExnC.fst
noshadow.neg failed as expected
make[3]: Leaving directory '/cygdrive/c/Build/Agent2/_work/1/s/examples/incl'
/cygdrive/c/Build/Agent2/_work/1/s/bin/fstar.exe --trace_error --use_hints FStar.DM4F.IFC.fst
Verified module: QuickSort.Array (3935 milliseconds)
All verification conditions discharged successfully
/cygdrive/c/Build/Agent2/_work/1/s/bin/fstar.exe --trace_error --use_hints --verify_module GC GC.fst
Verified module: Ex05b (1516 milliseconds)
All verification conditions discharged successfully
/cygdrive/c/Build/Agent2/_work/1/s/bin/fstar.exe --trace_error --use_hints --include ../../../..//ucontrib/Platform/fst --include ../../../..//ucontrib/CoreCrypto/fst Ex06a.fst
Verified module: FStar.Reader (695 milliseconds)
All verification conditions discharged successfully
/cygdrive/c/Build/Agent2/_work/1/s/bin/fstar.exe --trace_error --use_hints --verify_module TestSet TestSet.fst
Verified module: Ex06b (3990 milliseconds)
All verification conditions discharged successfully
/cygdrive/c/Build/Agent2/_work/1/s/bin/fstar.exe --trace_error --use_hints --include ../../../..//ucontrib/Platform/fst --include ../../../..//ucontrib/CoreCrypto/fst Ex07c.fst
.\Ex07a.fst(228,4-228,14): Warning: Admitting typed_step without a definition
Verified module: FStar.Bytes (340 milliseconds)
All verification conditions discharged successfully
/cygdrive/c/Build/Agent2/_work/1/s/bin/fstar.exe --trace_error --use_hints FStar.Classical.fst
Verified module: Ex06a (129 milliseconds)
All verification conditions discharged successfully
Verified module: Crypto.Symmetric.Poly1305.Bignum.Lemmas.Part6 (20690 milliseconds)
All verification conditions discharged successfully
/cygdrive/c/Build/Agent2/_work/1/s/bin/fstar.exe --trace_error --use_hints --include ../../../..//ucontrib/Platform/fst --include ../../../..//ucontrib/CoreCrypto/fst Ex06b.fst
../../../bin/fstar.exe --fstar_home ../../.. --max_fuel 4 --initial_fuel 0 --max_ifuel 2 --initial_ifuel 0 --z3rlimit 20  --use_hints --trace_error \
--include ../../../ulib/hyperstack --include hacl \
--__temp_no_proj Crypto.Symmetric.MAC \
--verify_module Crypto.Symmetric.MAC \
Crypto.Symmetric.MAC.fst
Verified module: MRefST (7035 milliseconds)
All verification conditions discharged successfully
make[3]: Leaving directory '/cygdrive/c/Build/Agent2/_work/1/s/examples/preorders'
../../../bin/fstar.exe --fstar_home ../../.. --max_fuel 4 --initial_fuel 0 --max_ifuel 2 --initial_ifuel 0 --z3rlimit 20  --use_hints --trace_error \
--include ../../../ulib/hyperstack --include hacl \
--__temp_no_proj Crypto.Symmetric.MAC \
--verify_module Crypto.Symmetric.UF1CMA \
Crypto.Symmetric.UF1CMA.fst
Verified module: Unit2 (1346 milliseconds)
All verification conditions discharged successfully
/cygdrive/c/Build/Agent2/_work/1/s/bin/fstar.exe --trace_error --use_hints FStar.Constructive.fst
Verified module: EtM.MAC (2453 milliseconds)
All verification conditions discharged successfully
/cygdrive/c/Build/Agent2/_work/1/s/bin/fstar.exe --trace_error --use_hints --include ../../ulib/hyperstack \
--include ../../ucontrib/Platform/fst \
--include ../../ucontrib/CoreCrypto/fst \
--z3rlimit 20 EtM.AE.fst
Verified module: TestSet (177 milliseconds)
All verification conditions discharged successfully
/cygdrive/c/Build/Agent2/_work/1/s/bin/fstar.exe --trace_error --use_hints --verify_module TestHeap TestHeap.fst
Verified module: EtM.CPA (2244 milliseconds)
All verification conditions discharged successfully
/cygdrive/c/Build/Agent2/_work/1/s/bin/fstar.exe --trace_error --use_hints --include ../../ulib/hyperstack \
--include ../../ucontrib/Platform/fst \
--include ../../ucontrib/CoreCrypto/fst \
--z3rlimit 20 HyE.RSA.fst
Verified module: FStar.Classical (1651 milliseconds)
All verification conditions discharged successfully
/cygdrive/c/Build/Agent2/_work/1/s/bin/fstar.exe --trace_error --use_hints FStar.Map.fst
Verified module: Buffer.Utils (53321 milliseconds)
All verification conditions discharged successfully
../../../bin/fstar.exe --fstar_home ../../.. --max_fuel 4 --initial_fuel 0 --max_ifuel 2 --initial_ifuel 0 --z3rlimit 20  --use_hints --trace_error \
--include ../../../ulib/hyperstack --include hacl \
--__temp_no_proj Crypto.Symmetric.MAC \
--verify_module Crypto.Symmetric.AES \
Crypto.Symmetric.AES.fst
Verified module: FStar.DM4F.StExnC (5315 milliseconds)
All verification conditions discharged successfully
/cygdrive/c/Build/Agent2/_work/1/s/bin/fstar.exe --trace_error --use_hints FStar.DM4F.Continuations.fst
Verified module: FStar.Constructive (1726 milliseconds)
All verification conditions discharged successfully
/cygdrive/c/Build/Agent2/_work/1/s/bin/fstar.exe --trace_error --use_hints FStar.FunctionalExtensionality.fst
Verified module: FStar.DM4F.IFC (5805 milliseconds)
All verification conditions discharged successfully
/cygdrive/c/Build/Agent2/_work/1/s/bin/fstar.exe --trace_error --use_hints delimcc.fst
Verified module: TestHeap (981 milliseconds)
All verification conditions discharged successfully
/cygdrive/c/Build/Agent2/_work/1/s/bin/fstar.exe --trace_error --use_hints --verify_module ShortCircuit ShortCircuit.fst
Verified module: Ex07a (8614 milliseconds)
All verification conditions discharged successfully
/cygdrive/c/Build/Agent2/_work/1/s/bin/fstar.exe --trace_error --use_hints --include ../../../..//ucontrib/Platform/fst --include ../../../..//ucontrib/CoreCrypto/fst Ex07d.fst
Verified module: GC (8404 milliseconds)
All verification conditions discharged successfully
/cygdrive/c/Build/Agent2/_work/1/s/bin/fstar.exe --trace_error --use_hints --verify_module Unification Unification.fst
Verified module: Ex07b (9913 milliseconds)
All verification conditions discharged successfully
/cygdrive/c/Build/Agent2/_work/1/s/bin/fstar.exe --trace_error --use_hints --include ../../../..//ucontrib/Platform/fst --include ../../../..//ucontrib/CoreCrypto/fst Ex10a.fst
Verified module: FStar.FunctionalExtensionality (189 milliseconds)
All verification conditions discharged successfully
/cygdrive/c/Build/Agent2/_work/1/s/bin/fstar.exe --trace_error --use_hints FStar.MarkovsPrinciple.fst
Verified module: Ex06b (4498 milliseconds)
All verification conditions discharged successfully
/cygdrive/c/Build/Agent2/_work/1/s/bin/fstar.exe --trace_error --use_hints --include ../../../..//ucontrib/Platform/fst --include ../../../..//ucontrib/CoreCrypto/fst Ex06c.fst
Verified module: Crypto.Symmetric.Poly1305.Bignum.Lemmas.Part4 (42037 milliseconds)
All verification conditions discharged successfully
../../../bin/fstar.exe --fstar_home ../../.. --max_fuel 4 --initial_fuel 0 --max_ifuel 2 --initial_ifuel 0 --z3rlimit 20  --use_hints --trace_error \
--include ../../../ulib/hyperstack --include hacl \
--__temp_no_proj Crypto.Symmetric.MAC \
--verify_module Crypto.Symmetric.AES128 \
Crypto.Symmetric.AES128.fst
Verified module: FStar.DM4F.Continuations (2206 milliseconds)
All verification conditions discharged successfully
/cygdrive/c/Build/Agent2/_work/1/s/bin/fstar.exe --trace_error --use_hints --include ../../../..//ucontrib/Platform/fst --include ../../../..//ucontrib/CoreCrypto/fst Ex06d.fst
Verified module: Ex07c (8901 milliseconds)
All verification conditions discharged successfully
Verified module: DelimCC (1068 milliseconds)
All verification conditions discharged successfully
/cygdrive/c/Build/Agent2/_work/1/s/bin/fstar.exe --trace_error --use_hints --verify_module Huffman Huffman.fst
make[3]: Leaving directory '/cygdrive/c/Build/Agent2/_work/1/s/examples/dm4free'
/cygdrive/c/Build/Agent2/_work/1/s/bin/fstar.exe --trace_error --use_hints --include ../../../..//ucontrib/Platform/fst --include ../../../..//ucontrib/CoreCrypto/fst Ex06e.fst
.\Ex07d.fst(225,4-225,8): Warning: Admitting eval without a definition
Verified module: ShortCircuit (1321 milliseconds)
All verification conditions discharged successfully
/cygdrive/c/Build/Agent2/_work/1/s/bin/fstar.exe --trace_error --use_hints --verify_module FirstProofs FirstProofs.fst
Verified module: FStar.Map (4114 milliseconds)
All verification conditions discharged successfully
/cygdrive/c/Build/Agent2/_work/1/s/bin/fstar.exe --trace_error --use_hints FStar.List.fst
Verified module: FStar.MarkovsPrinciple (21 milliseconds)
All verification conditions discharged successfully
/cygdrive/c/Build/Agent2/_work/1/s/bin/fstar.exe --trace_error --use_hints FStar.Array.fst
Verified module: EtM.AE (3761 milliseconds)
All verification conditions discharged successfully
/cygdrive/c/Build/Agent2/_work/1/s/bin/fstar.exe --trace_error --use_hints --include ../../ulib/hyperstack \
--include ../../ucontrib/Platform/fst \
--include ../../ucontrib/CoreCrypto/fst \
--z3rlimit 20 HyE.PlainPKE.fst
.\Ex10a.fst(27,0-27,19): (Warning) Top-level let-bindings must be total; this term may have effects
Verified module: FirstProofs (1156 milliseconds)
All verification conditions discharged successfully
/cygdrive/c/Build/Agent2/_work/1/s/bin/fstar.exe --trace_error --use_hints --verify_module TestMRef TestMRef.fst
Verified module: Ex10a (1131 milliseconds)
All verification conditions discharged successfully
/cygdrive/c/Build/Agent2/_work/1/s/bin/fstar.exe --trace_error --use_hints --include ../../../..//ucontrib/Platform/fst --include ../../../..//ucontrib/CoreCrypto/fst Ex10b.fst
Verified module: Ex06e (803 milliseconds)
All verification conditions discharged successfully
/cygdrive/c/Build/Agent2/_work/1/s/bin/fstar.exe --trace_error --use_hints --include ../../../..//ucontrib/Platform/fst --include ../../../..//ucontrib/CoreCrypto/fst Ex07a.fst
Verified module: HyE.RSA (3574 milliseconds)
Warning: Unable to open hints file: C:\Build\Agent2\_work\1\s\examples\crypto\HyE.RSA.fst.hints; ran without hints
All verification conditions discharged successfully
/cygdrive/c/Build/Agent2/_work/1/s/bin/fstar.exe --trace_error --use_hints --include ../../ulib/hyperstack \
--include ../../ucontrib/Platform/fst \
--include ../../ucontrib/CoreCrypto/fst \
--z3rlimit 20 HyE.PlainHPKE.fst
Verified module: Ex06d (3728 milliseconds)
All verification conditions discharged successfully
/cygdrive/c/Build/Agent2/_work/1/s/bin/fstar.exe --trace_error --use_hints --include ../../../..//ucontrib/Platform/fst --include ../../../..//ucontrib/CoreCrypto/fst Ex07b.fst
Verified module: FStar.List (3424 milliseconds)
All verification conditions discharged successfully
/cygdrive/c/Build/Agent2/_work/1/s/bin/fstar.exe --trace_error --use_hints FStar.SquashEffect.fst
.\TestMRef.fst(8,0-8,20): (Warning) Top-level let-bindings must be total; this term may have effects
Verified module: Ex06c (9643 milliseconds)
All verification conditions discharged successfully
/cygdrive/c/Build/Agent2/_work/1/s/bin/fstar.exe --trace_error --use_hints --include ../../../..//ucontrib/Platform/fst --include ../../../..//ucontrib/CoreCrypto/fst Ex07c.fst
Verified module: Ex10b (1275 milliseconds)
All verification conditions discharged successfully
/cygdrive/c/Build/Agent2/_work/1/s/bin/fstar.exe --trace_error --use_hints --include ../../../..//ucontrib/Platform/fst --include ../../../..//ucontrib/CoreCrypto/fst Ex12a.Cap.fst
Verified module: TestMRef (872 milliseconds)
All verification conditions discharged successfully
/cygdrive/c/Build/Agent2/_work/1/s/bin/fstar.exe --trace_error --use_hints --verify_module TestTwoLevelHeap TestTwoLevelHeap.fst
Verified module: FStar.SquashEffect (300 milliseconds)
All verification conditions discharged successfully
/cygdrive/c/Build/Agent2/_work/1/s/bin/fstar.exe --trace_error --use_hints FStar.IndefiniteDescription.fst
Verified module: Ex07d (14400 milliseconds)
All verification conditions discharged successfully
/cygdrive/c/Build/Agent2/_work/1/s/bin/fstar.exe --trace_error --use_hints --include ../../../..//ucontrib/Platform/fst --include ../../../..//ucontrib/CoreCrypto/fst Ex12d.Pad.fst
Verified module: Crypto.Symmetric.Poly1305.Spec (18621 milliseconds)
All verification conditions discharged successfully
../../../bin/fstar.exe --fstar_home ../../.. --max_fuel 4 --initial_fuel 0 --max_ifuel 2 --initial_ifuel 0 --z3rlimit 20  --use_hints --trace_error \
--include ../../../ulib/hyperstack --include hacl \
--__temp_no_proj Crypto.Symmetric.MAC \
--verify_module Crypto.Symmetric.Chacha20 \
Crypto.Symmetric.Chacha20.fst
Verified module: FStar.Array (3827 milliseconds)
All verification conditions discharged successfully
/cygdrive/c/Build/Agent2/_work/1/s/bin/fstar.exe --trace_error --use_hints FStar.BitVector.fst
Verified module: Huffman (10269 milliseconds)
All verification conditions discharged successfully
../../../bin/fstar.exe --fstar_home ../../.. --max_fuel 4 --initial_fuel 0 --max_ifuel 2 --initial_ifuel 0 --z3rlimit 20  --use_hints --trace_error \
--include ../../../ulib/hyperstack --include hacl \
--__temp_no_proj Crypto.Symmetric.MAC \
--verify_module Crypto.Symmetric.Cipher \
Crypto.Symmetric.Cipher.fst
Verified module: TestTwoLevelHeap (396 milliseconds)
All verification conditions discharged successfully
/cygdrive/c/Build/Agent2/_work/1/s/bin/fstar.exe --trace_error --use_hints --verify_module Mac Mac.fst
.\Ex12a.Cap.fst(21,0-21,26): (Warning) Top-level let-bindings must be total; this term may have effects
Verified module: Ex12a.Cap (216 milliseconds)
All verification conditions discharged successfully
/cygdrive/c/Build/Agent2/_work/1/s/bin/fstar.exe --trace_error --use_hints --include ../../../..//ucontrib/Platform/fst --include ../../../..//ucontrib/CoreCrypto/fst Ex12e.Pad.fst
Verified module: Ex07a (8692 milliseconds)
All verification conditions discharged successfully
/cygdrive/c/Build/Agent2/_work/1/s/bin/fstar.exe --trace_error --use_hints --include ../../../..//ucontrib/Platform/fst --include ../../../..//ucontrib/CoreCrypto/fst Ex07d.fst
Verified module: FStar.IndefiniteDescription (1247 milliseconds)
All verification conditions discharged successfully
/cygdrive/c/Build/Agent2/_work/1/s/bin/fstar.exe --trace_error --use_hints FStar.PropositionalExtensionality.fst
Verified module: StackMachine (50277 milliseconds)
All verification conditions discharged successfully
/cygdrive/c/Build/Agent2/_work/1/s/bin/fstar.exe --trace_error --use_hints --include ../../../..//ucontrib/Platform/fst --include ../../../..//ucontrib/CoreCrypto/fst Ex12f.TMAC.fst
Verified module: HyE.PlainHPKE (21 milliseconds)
Warning: Unable to open hints file: C:\Build\Agent2\_work\1\s\examples\crypto\HyE.PlainHPKE.fst.hints; ran without hints
All verification conditions discharged successfully
/cygdrive/c/Build/Agent2/_work/1/s/bin/fstar.exe --trace_error --use_hints --include ../../ulib/hyperstack \
--include ../../ucontrib/Platform/fst \
--include ../../ucontrib/CoreCrypto/fst \
--z3rlimit 20 HyE.PlainAE.fst
Verified module: LambdaOmega (56648 milliseconds)
All verification conditions discharged successfully
make[3]: Leaving directory '/cygdrive/c/Build/Agent2/_work/1/s/examples/metatheory'
../../../bin/fstar.exe --fstar_home ../../.. --max_fuel 4 --initial_fuel 0 --max_ifuel 2 --initial_ifuel 0 --z3rlimit 20  --use_hints --trace_error \
--include ../../../ulib/hyperstack --include hacl \
--__temp_no_proj Crypto.Symmetric.MAC \
--verify_module Crypto.Symmetric.PRF \
Crypto.Symmetric.PRF.fst
Verified module: FStar.PropositionalExtensionality (21 milliseconds)
All verification conditions discharged successfully
/cygdrive/c/Build/Agent2/_work/1/s/bin/fstar.exe --trace_error --use_hints FStar.Set.fst
Verified module: HyE.PlainPKE (3417 milliseconds)
Warning: Unable to open hints file: C:\Build\Agent2\_work\1\s\examples\crypto\HyE.PlainPKE.fst.hints; ran without hints
All verification conditions discharged successfully
/cygdrive/c/Build/Agent2/_work/1/s/bin/fstar.exe --trace_error --use_hints --include ../../ulib/hyperstack \
--include ../../ucontrib/Platform/fst \
--include ../../ucontrib/CoreCrypto/fst \
--z3rlimit 20 HyE.AE.fst
Verified module: Ex12d.Pad (734 milliseconds)
All verification conditions discharged successfully
/cygdrive/c/Build/Agent2/_work/1/s/bin/fstar.exe --trace_error --use_hints --include ../../../..//ucontrib/Platform/fst --include ../../../..//ucontrib/CoreCrypto/fst Ex12g.TMAC2.fst
Verified module: Unification (23125 milliseconds)
All verification conditions discharged successfully
make[3]: Leaving directory '/cygdrive/c/Build/Agent2/_work/1/s/examples/algorithms'
../../../bin/fstar.exe --fstar_home ../../.. --max_fuel 4 --initial_fuel 0 --max_ifuel 2 --initial_ifuel 0 --z3rlimit 20  --use_hints --trace_error \
--include ../../../ulib/hyperstack --include hacl \
--__temp_no_proj Crypto.Symmetric.MAC \
--verify_module Crypto.AEAD.AES256GCM \
Crypto.AEAD.AES256GCM.fst
.\Mac.fst(70,0-70,35): (Warning) Top-level let-bindings must be total; this term may have effects
Verified module: MAC (1677 milliseconds)
All verification conditions discharged successfully
/cygdrive/c/Build/Agent2/_work/1/s/bin/fstar.exe --trace_error --use_hints --verify_module TestGhost TestGhost.fst
Verified module: FStar.Set (2204 milliseconds)
All verification conditions discharged successfully
/cygdrive/c/Build/Agent2/_work/1/s/bin/fstar.exe --trace_error --use_hints FStar.List.Tot.Properties.fst
.\Ex12f.TMAC.fst(26,4-26,10): Warning: Admitting verify without a definition
.\Ex12f.TMAC.fst(25,4-25,7): Warning: Admitting mac without a definition
.\Ex12f.TMAC.fst(24,4-24,10): Warning: Admitting keygen without a definition
Verified module: Ex12f.TMAC (20 milliseconds)
All verification conditions discharged successfully
/cygdrive/c/Build/Agent2/_work/1/s/bin/fstar.exe --trace_error --use_hints --include ../../../..//ulib/hyperheap Ex11a.fst
Verified module: Ex12e.Pad (1211 milliseconds)
All verification conditions discharged successfully
/cygdrive/c/Build/Agent2/_work/1/s/bin/fstar.exe --trace_error --use_hints --verify_module Normalization Normalization.fst
Verified module: Ex07c (14776 milliseconds)
All verification conditions discharged successfully
/cygdrive/c/Build/Agent2/_work/1/s/bin/fstar.exe --trace_error --use_hints --include ../../../..//ucontrib/Platform/fst --include ../../../..//ucontrib/CoreCrypto/fst Ex10a.fst
Verified module: FStar.BitVector (8288 milliseconds)
All verification conditions discharged successfully
/cygdrive/c/Build/Agent2/_work/1/s/bin/fstar.exe --trace_error --use_hints FStar.UInt32.fst
Verified module: Crypto.Symmetric.Poly1305.Bignum (42431 milliseconds)
All verification conditions discharged successfully
../../../bin/fstar.exe --fstar_home ../../.. --max_fuel 4 --initial_fuel 0 --max_ifuel 2 --initial_ifuel 0 --z3rlimit 20  --use_hints --trace_error \
--include ../../../ulib/hyperstack --include hacl \
--__temp_no_proj Crypto.Symmetric.MAC \
--verify_module Crypto.AEAD.Encoding \
Crypto.AEAD.Encoding.fst
Verified module: Ex07b (18445 milliseconds)
All verification conditions discharged successfully
Verified module: TestGhost (467 milliseconds)
All verification conditions discharged successfully
/cygdrive/c/Build/Agent2/_work/1/s/bin/fstar.exe --trace_error --use_hints --include ../../../..//ucontrib/Platform/fst --include ../../../..//ucontrib/CoreCrypto/fst Ex10b.fst
/cygdrive/c/Build/Agent2/_work/1/s/bin/fstar.exe --trace_error --use_hints --verify_module Positivity Positivity.fst
Verified module: Crypto.Symmetric.GF128 (42828 milliseconds)
All verification conditions discharged successfully
../../../bin/fstar.exe --fstar_home ../../.. --max_fuel 4 --initial_fuel 0 --max_ifuel 2 --initial_ifuel 0 --z3rlimit 20  --use_hints --trace_error \
--include ../../../ulib/hyperstack --include hacl \
--__temp_no_proj Crypto.Symmetric.MAC \
--verify_module Crypto.AEAD.Invariant \
Crypto.AEAD.Invariant.fst
.\Ex12g.TMAC2.fst(30,4-30,10): Warning: Admitting verify without a definition
.\Ex12g.TMAC2.fst(29,4-29,7): Warning: Admitting mac without a definition
Verified module: HyE.PlainAE (3713 milliseconds)
Warning: Unable to open hints file: C:\Build\Agent2\_work\1\s\examples\crypto\HyE.PlainAE.fst.hints; ran without hints
All verification conditions discharged successfully
/cygdrive/c/Build/Agent2/_work/1/s/bin/fstar.exe --trace_error --use_hints --include ../../ulib/hyperstack \
--include ../../ucontrib/Platform/fst \
--include ../../ucontrib/CoreCrypto/fst \
--z3rlimit 20 HyE.PKE.fst
Verified module: Ex12g.TMAC2 (593 milliseconds)
All verification conditions discharged successfully
/cygdrive/c/Build/Agent2/_work/1/s/bin/fstar.exe --trace_error --use_hints FStar.Squash.fst
.\Ex10a.fst(27,0-27,19): (Warning) Top-level let-bindings must be total; this term may have effects
Verified module: Positivity (1036 milliseconds)
All verification conditions discharged successfully
Verified module: Normalization (1867 milliseconds)
All verification conditions discharged successfully
Verified module: Ex10a (2385 milliseconds)
All verification conditions discharged successfully
/cygdrive/c/Build/Agent2/_work/1/s/bin/fstar.exe --trace_error --use_hints --include ../../ulib/hyperstack \
--include ../../ucontrib/Platform/fst \
--include ../../ucontrib/CoreCrypto/fst \
--z3rlimit 20 HyE.HPKE.fst
Verified module: FStar.List.Tot.Properties (7319 milliseconds)
All verification conditions discharged successfully
/cygdrive/c/Build/Agent2/_work/1/s/bin/fstar.exe --trace_error --use_hints NegativeTests.BST.fst NegativeTests.Heap.fst NegativeTests.ShortCircuiting.fst NegativeTests.Bug260.fst NegativeTests.Neg.fst NegativeTests.Termination.fst NegativeTests.False.fst NegativeTests.Set.fst NegativeTests.ImplicitFalse.fst NegativeTests.Positivity.fst 2>&1 | tee fstar_log
/cygdrive/c/Build/Agent2/_work/1/s/bin/fstar.exe --trace_error --use_hints FStar.Heap.fst
/cygdrive/c/Build/Agent2/_work/1/s/bin/fstar.exe --trace_error --use_hints --include ../../../..//ucontrib/Platform/fst --include ../../../..//ucontrib/CoreCrypto/fst Ex12a.Cap.fst
Verified module: Ex10b (2638 milliseconds)
All verification conditions discharged successfully
/cygdrive/c/Build/Agent2/_work/1/s/bin/fstar.exe --trace_error --use_hints --include ../../../..//ucontrib/Platform/fst --include ../../../..//ucontrib/CoreCrypto/fst Ex12b.RPC.fst
Verified i'face (or impl+i'face): FStar.Squash (27 milliseconds)
All verification conditions discharged successfully
/cygdrive/c/Build/Agent2/_work/1/s/bin/fstar.exe --trace_error --use_hints FStar.OrdSet.fst
Verified module: Crypto.Symmetric.GCM (33644 milliseconds)
All verification conditions discharged successfully
../../../bin/fstar.exe --fstar_home ../../.. --max_fuel 4 --initial_fuel 0 --max_ifuel 2 --initial_ifuel 0 --z3rlimit 20  --use_hints --trace_error \
--include ../../../ulib/hyperstack --include hacl \
--__temp_no_proj Crypto.Symmetric.MAC \
--verify_module Crypto.AEAD.BufferUtils \
Crypto.AEAD.BufferUtils.fst
Verified module: Ex07d (18493 milliseconds)
All verification conditions discharged successfully
/cygdrive/c/Build/Agent2/_work/1/s/bin/fstar.exe --trace_error --use_hints --include ../../../..//ucontrib/Platform/fst --include ../../../..//ucontrib/CoreCrypto/fst Ex12d.Pad.fst
Verified module: FStar.Heap (607 milliseconds)
All verification conditions discharged successfully
/cygdrive/c/Build/Agent2/_work/1/s/bin/fstar.exe --trace_error --use_hints FStar.Crypto.fst
.\NegativeTests.Positivity.fst(6,5-7,26): (Error) Inductive type NegativeTests.Positivity.t1 does not satisfy the positivity condition
.\NegativeTests.Positivity.fst(20,5-21,26): (Error) Inductive type NegativeTests.Positivity.t5 does not satisfy the positivity condition
.\NegativeTests.Positivity.fst(30,5-31,24): (Error) Inductive type NegativeTests.Positivity.t7 does not satisfy the positivity condition
.\NegativeTests.Positivity.fst(34,5-35,24): (Error) Inductive type NegativeTests.Positivity.t8 does not satisfy the positivity condition
.\NegativeTests.Positivity.fst(41,5-42,23): (Error) Inductive type NegativeTests.Positivity.t10 does not satisfy the positivity condition
.\NegativeTests.Positivity.fst(45,5-46,30): (Error) Inductive type NegativeTests.Positivity.t11 does not satisfy the positivity condition
.\Ex12a.Cap.fst(19,0-19,26): (Warning) Top-level let-bindings must be total; this term may have effects
.\Ex12b.RPC.fst(8,0-8,53): (Warning) Top-level let-bindings must be total; this term may have effects
.\Ex12b.RPC.fst(21,0-21,39): (Warning) Top-level let-bindings must be total; this term may have effects
Verified module: Ex12a.Cap (435 milliseconds)
All verification conditions discharged successfully
/cygdrive/c/Build/Agent2/_work/1/s/bin/fstar.exe --trace_error --use_hints --include ../../../..//ucontrib/Platform/fst --include ../../../..//ucontrib/CoreCrypto/fst Ex12e.Pad.fst
Verified module: Ex11a (11104 milliseconds)
All verification conditions discharged successfully
make[3]: Leaving directory '/cygdrive/c/Build/Agent2/_work/1/s/doc/tutorial/code/exercises'
/cygdrive/c/Build/Agent2/_work/1/s/bin/fstar.exe --trace_error --use_hints --include ../../../..//ucontrib/Platform/fst --include ../../../..//ucontrib/CoreCrypto/fst Ex12f.TMAC.fst
.\Ex12b.RPC.fst(53,0-54,16): (Warning) Top-level let-bindings must be total; this term may have effects
.\Ex12b.RPC.fst(123,0-123,17): (Warning) Top-level let-bindings must be total; this term may have effects
Verified module: Ex12b.RPC (1147 milliseconds)
All verification conditions discharged successfully
/cygdrive/c/Build/Agent2/_work/1/s/bin/fstar.exe --trace_error --use_hints --include ../../../..//ucontrib/Platform/fst --include ../../../..//ucontrib/CoreCrypto/fst Ex12g.TMAC2.fst
Verified module: FStar.UInt32 (10210 milliseconds)
All verification conditions discharged successfully
/cygdrive/c/Build/Agent2/_work/1/s/bin/fstar.exe --trace_error --use_hints FStar.TSet.fst
Verified module: FStar.TSet (1319 milliseconds)
All verification conditions discharged successfully
/cygdrive/c/Build/Agent2/_work/1/s/bin/fstar.exe --trace_error --use_hints FStar.ErasedLogic.fst
Verified module: FStar.Crypto (1022 milliseconds)
All verification conditions discharged successfully
/cygdrive/c/Build/Agent2/_work/1/s/bin/fstar.exe --trace_error --use_hints FStar.Int64.fst
Verified module: Ex12d.Pad (1009 milliseconds)
All verification conditions discharged successfully
/cygdrive/c/Build/Agent2/_work/1/s/bin/fstar.exe --trace_error --use_hints --include ../../../..//ulib/hyperheap Ex11a.fst
Verified module: FStar.OrdSet (10311 milliseconds)
All verification conditions discharged successfully
/cygdrive/c/Build/Agent2/_work/1/s/bin/fstar.exe --trace_error --use_hints FStar.SquashProperties.fst
Verified module: Ex12g.TMAC2 (876 milliseconds)
All verification conditions discharged successfully
mkdir -p out
../../../bin/fstar.exe --fstar_home ../../.. --max_fuel 4 --initial_fuel 0 --max_ifuel 2 --initial_ifuel 0 --z3rlimit 20  --use_hints --trace_error \
--include ../../../ulib/hyperstack --include hacl \
--__temp_no_proj Crypto.Symmetric.MAC \
--verify_module Crypto.AEAD.Encrypt.Invariant \
Crypto.AEAD.Encrypt.Invariant.fst
Verified module: FStar.ErasedLogic (20 milliseconds)
All verification conditions discharged successfully
/cygdrive/c/Build/Agent2/_work/1/s/bin/fstar.exe --trace_error --use_hints FStar.Seq.Base.fst
Verified module: Ex12f.TMAC (422 milliseconds)
All verification conditions discharged successfully
make -C ../../../..//ulib/ml
make[4]: Entering directory '/cygdrive/c/Build/Agent2/_work/1/s/ulib/ml'
make -C .. mgen
make[5]: Entering directory '/cygdrive/c/Build/Agent2/_work/1/s/ulib/ml'
make[5]: warning: jobserver unavailable: using -j1.  Add '+' to parent make rule.
mkdir -p ml/extracted
/cygdrive/c/Build/Agent2/_work/1/s/bin/fstar.exe --trace_error --use_hints --lax --codegen OCaml --odir ml/extracted FStar.Set.fst FStar.TSet.fst FStar.Map.fst FStar.HyperHeap.fst FStar.HyperStack.fst
Verified module: Ex12e.Pad (2077 milliseconds)
All verification conditions discharged successfully
../../../bin/fstar.exe --fstar_home ../../.. --max_fuel 4 --initial_fuel 0 --max_ifuel 2 --initial_ifuel 0 --z3rlimit 20  --use_hints --trace_error \
--include ../../../ulib/hyperstack --include hacl \
--__temp_no_proj Crypto.Symmetric.MAC \
--verify_module Crypto.AEAD.Enxor.Invariant \
Crypto.AEAD.Enxor.Invariant.fst
Verified module: FStar.SquashProperties (2169 milliseconds)
All verification conditions discharged successfully
/cygdrive/c/Build/Agent2/_work/1/s/bin/fstar.exe --trace_error --use_hints FStar.HyperHeap.fst
Verified module: Crypto.Symmetric.Chacha20 (32087 milliseconds)
All verification conditions discharged successfully
../../../bin/fstar.exe --fstar_home ../../.. --max_fuel 4 --initial_fuel 0 --max_ifuel 2 --initial_ifuel 0 --z3rlimit 20  --use_hints --trace_error \
--include ../../../ulib/hyperstack --include hacl \
--__temp_no_proj Crypto.Symmetric.MAC \
--verify_module Crypto.AEAD.EnxorDexor \
Crypto.AEAD.EnxorDexor.fst
Extracted module Classical
Extracted module Base
Extracted module Properties
Extracted module FunctionalExtensionality
Extracted module PropositionalExtensionality
Extracted module PredicateExtensionality
Extracted module TSet
Extracted module Set
Extracted module Tot
Extracted module Heap
Extracted module Map
Extracted module HyperHeap
Extracted module HyperStack
All verification conditions discharged successfully
make[5]: Leaving directory '/cygdrive/c/Build/Agent2/_work/1/s/ulib'
make prims.o FStar_Mul.o FStar_Float.o FStar_Char.o FStar_Int8.o FStar_UInt8.o FStar_Int16.o FStar_UInt16.o FStar_Int32.o FStar_UInt32.o FStar_Int64.o FStar_UInt64.o FStar_UInt128.o FStar_Int_Cast.o FStar_BaseTypes.o FStar_IO.o FStar_Heap.o FStar_List_Tot_Base.o FStar_List.o FStar_Option.o FStar_String.o FStar_Set.o FStar_Buffer.o FStar_CommonST.o FStar_ST.o FStar_All.o
make[5]: Entering directory '/cygdrive/c/Build/Agent2/_work/1/s/ulib/ml'
make[5]: warning: jobserver unavailable: using -j1.  Add '+' to parent make rule.
ocamlfind opt -thread -package batteries,zarith,stdint -linkpkg -g   -c -I  ./extracted -linkpkg prims.ml
ocamlfind opt -thread -package batteries,zarith,stdint -linkpkg -g   -c -I  ./extracted -linkpkg FStar_Mul.ml
ocamlfind opt -thread -package batteries,zarith,stdint -linkpkg -g   -c -I  ./extracted -linkpkg FStar_Float.ml
ocamlfind opt -thread -package batteries,zarith,stdint -linkpkg -g   -c -I  ./extracted -linkpkg FStar_Char.ml
Verified module: HyE.HPKE (9845 milliseconds)
Warning: Unable to open hints file: C:\Build\Agent2\_work\1\s\examples\crypto\HyE.HPKE.fst.hints; ran without hints
All verification conditions discharged successfully
/cygdrive/c/Build/Agent2/_work/1/s/bin/fstar.exe --trace_error --use_hints --include ../../ulib/hyperstack \
--include ../../ucontrib/Platform/fst \
--include ../../ucontrib/CoreCrypto/fst \
--z3rlimit 20 HyE.Indexing.fsti
ocamlfind opt -thread -package batteries,zarith,stdint -linkpkg -g   -c -I  ./extracted -linkpkg FStar_Int8.ml
ocamlfind opt -thread -package batteries,zarith,stdint -linkpkg -g   -c -I  ./extracted -linkpkg FStar_UInt8.ml
ocamlfind opt -thread -package batteries,zarith,stdint -linkpkg -g   -c -I  ./extracted -linkpkg FStar_Int16.ml
ocamlfind opt -thread -package batteries,zarith,stdint -linkpkg -g   -c -I  ./extracted -linkpkg FStar_UInt16.ml
ocamlfind opt -thread -package batteries,zarith,stdint -linkpkg -g   -c -I  ./extracted -linkpkg FStar_Int32.ml
ocamlfind opt -thread -package batteries,zarith,stdint -linkpkg -g   -c -I  ./extracted -linkpkg FStar_UInt32.ml
ocamlfind opt -thread -package batteries,zarith,stdint -linkpkg -g   -c -I  ./extracted -linkpkg FStar_Int64.ml
ocamlfind opt -thread -package batteries,zarith,stdint -linkpkg -g   -c -I  ./extracted -linkpkg FStar_UInt64.ml
ocamlfind opt -thread -package batteries,zarith,stdint -linkpkg -g   -c -I  ./extracted -linkpkg FStar_UInt128.ml
ocamlfind opt -thread -package batteries,zarith,stdint -linkpkg -g   -c -I  ./extracted -linkpkg FStar_Int_Cast.ml
ocamlfind opt -thread -package batteries,zarith,stdint -linkpkg -g   -c -I  ./extracted -linkpkg FStar_BaseTypes.ml
ocamlfind opt -thread -package batteries,zarith,stdint -linkpkg -g   -c -I  ./extracted -linkpkg FStar_IO.ml
ocamlfind opt -thread -package batteries,zarith,stdint -linkpkg -g   -c -I  ./extracted -linkpkg FStar_Heap.ml
ocamlfind opt -thread -package batteries,zarith,stdint -linkpkg -g   -c -I  ./extracted -linkpkg FStar_List_Tot_Base.ml
ocamlfind opt -thread -package batteries,zarith,stdint -linkpkg -g   -c -I  ./extracted -linkpkg FStar_List.ml
ocamlfind opt -thread -package batteries,zarith,stdint -linkpkg -g   -c -I  ./extracted -linkpkg FStar_Option.ml
ocamlfind opt -thread -package batteries,zarith,stdint -linkpkg -g   -c -I  ./extracted -linkpkg FStar_String.ml
Verified module: HyE.PKE (20058 milliseconds)
Warning: Unable to open hints file: C:\Build\Agent2\_work\1\s\examples\crypto\HyE.PKE.fst.hints; ran without hints
All verification conditions discharged successfully
/cygdrive/c/Build/Agent2/_work/1/s/bin/fstar.exe --trace_error --use_hints --include ../../ulib/hyperstack \
--include ../../ucontrib/Platform/fst \
--include ../../ucontrib/CoreCrypto/fst \
--z3rlimit 20 HyE.Flags.fsti
make[3]: *** No rule to make target 'merkle_tree', needed by 'sall'.
ocamlfind opt -thread -package batteries,zarith,stdint -linkpkg -g   -c -I  ./extracted -linkpkg FStar_Set.ml
ocamlfind opt -thread -package batteries,zarith,stdint -linkpkg -g   -c -I  ./extracted -linkpkg FStar_Buffer.ml
ocamlfind opt -thread -package batteries,zarith,stdint -linkpkg -g   -c -I  ./extracted -linkpkg FStar_CommonST.ml
ocamlfind opt -thread -package batteries,zarith,stdint -linkpkg -g   -c -I  ./extracted -linkpkg FStar_ST.ml
ocamlfind opt -thread -package batteries,zarith,stdint -linkpkg -g   -c -I  ./extracted -linkpkg FStar_All.ml
make[5]: Leaving directory '/cygdrive/c/Build/Agent2/_work/1/s/ulib/ml'
ocamlopt -a prims.cmx FStar_Mul.cmx FStar_Float.cmx FStar_Char.cmx FStar_Int8.cmx FStar_UInt8.cmx FStar_Int16.cmx FStar_UInt16.cmx FStar_Int32.cmx FStar_UInt32.cmx FStar_Int64.cmx FStar_UInt64.cmx FStar_UInt128.cmx FStar_Int_Cast.cmx FStar_BaseTypes.cmx FStar_IO.cmx FStar_Heap.cmx FStar_List_Tot_Base.cmx FStar_List.cmx FStar_Option.cmx FStar_String.cmx FStar_Set.cmx FStar_Buffer.cmx FStar_CommonST.cmx FStar_ST.cmx FStar_All.cmx -o fstarlib.cmxa
make[4]: Leaving directory '/cygdrive/c/Build/Agent2/_work/1/s/ulib/ml'
/cygdrive/c/Build/Agent2/_work/1/s/bin/fstar.exe --trace_error --use_hints --no_extract FStar.All --no_extract FStar.BaseTypes --no_extract FStar.Char --no_extract FStar.Float --no_extract FStar.Heap --no_extract FStar.Int8 --no_extract FStar.Int16 --no_extract FStar.Int32 --no_extract FStar.Int64 --no_extract FStar.UInt8 --no_extract FStar.UInt16 --no_extract FStar.UInt32 --no_extract FStar.UInt64 --no_extract FStar.Int_Cast --no_extract FStar.IO --no_extract FStar.List --no_extract FStar.List.Tot.Base --no_extract FStar.Option --no_extract FStar.Set --no_extract FStar.ST --no_extract FStar.String --no_extract FStar.HyperHeap --no_extract FStar.HyperStack --no_extract FStar.HST --no_extract FStar.Buffer --no_extract FStar.Mul --odir out --codegen OCaml Ex01a.fst
Verified module: HyE.AE (29576 milliseconds)
Warning: Unable to open hints file: C:\Build\Agent2\_work\1\s\examples\crypto\HyE.AE.fst.hints; ran without hints
All verification conditions discharged successfully
/cygdrive/c/Build/Agent2/_work/1/s/bin/fstar.exe --trace_error --use_hints --z3rlimit 10 --verify_module Formatting --verify_module SHA1 --verify_module MAC --verify_module RPC   \
--include ../../ucontrib/Platform/fst \
--include ../../ucontrib/CoreCrypto/fst RPC.fst
Verified module: FStar.Int64 (9129 milliseconds)
All verification conditions discharged successfully
/cygdrive/c/Build/Agent2/_work/1/s/bin/fstar.exe --trace_error --use_hints FStar.List.Tot.fst
Verified module: FStar.Seq.Base (10468 milliseconds)
All verification conditions discharged successfully
/cygdrive/c/Build/Agent2/_work/1/s/bin/fstar.exe --trace_error --use_hints FStar.MRef.fst
Verified module: Ex11a (11595 milliseconds)
All verification conditions discharged successfully
/cygdrive/c/Build/Agent2/_work/1/s/bin/fstar.exe --trace_error --use_hints FStar.Int32.fst
.\NegativeTests.False.fst(13,18-13,35): (Error) Expected type "(l_or l_True l_True)"; but "(Left T)" has type "(c_or (?42889 uu___) l_True)"
.\NegativeTests.False.fst(13,36-13,54): (Error) Expected type "(l_or l_True l_True)"; but "(Right T)" has type "(c_or l_True (?42902 uu___))"
Verified module: Crypto.Symmetric.Poly1305.Bignum.Lemmas.Part3 (127542 milliseconds)
All verification conditions discharged successfully
../../../bin/fstar.exe --fstar_home ../../.. --max_fuel 4 --initial_fuel 0 --max_ifuel 2 --initial_ifuel 0 --z3rlimit 20  --use_hints --trace_error \
--include ../../../ulib/hyperstack --include hacl \
--__temp_no_proj Crypto.Symmetric.MAC \
--verify_module Crypto.AEAD.Wrappers.PRF \
Crypto.AEAD.Wrappers.PRF.fst
.\Ex01a.fst(58,0-58,48): (Warning) Top-level let-bindings must be total; this term may have effects
Extracted module FunctionalExtensionality
Extracted module PropositionalExtensionality
Extracted module PredicateExtensionality
Extracted module TSet
Extracted module Ex01a
Verified module: Ex01a (661 milliseconds)
All verification conditions discharged successfully
ocamlfind opt -package batteries,stdint,zarith -linkpkg -g ../../../..//ulib/ml/fstarlib.cmxa -I ../../../..//ulib/ml out/Ex01a.ml -o Ex01a.exe 2>&1
File "Ex01a.fst", line 30, characters 4-6:
Warning 26: unused variable v1.
File "Ex01a.fst", line 31, characters 4-6:
Warning 26: unused variable v2.
File "Ex01a.fst", line 52, characters 4-6:
Warning 26: unused variable v1.
File "Ex01a.fst", line 53, characters 4-6:
Warning 26: unused variable v2.
File "Ex01a.fst", line 54, characters 4-6:
Warning 26: unused variable v3.
Verified i'face (or impl+i'face): HyE.Indexing (1033 milliseconds)
Warning: Unable to open hints file: C:\Build\Agent2\_work\1\s\examples\crypto\HyE.Indexing.fsti.hints; ran without hints
All verification conditions discharged successfully
/cygdrive/c/Build/Agent2/_work/1/s/bin/fstar.exe --trace_error --use_hints --z3rlimit 10 --verify_module CntFormat --verify_module SHA1 --verify_module MAC --verify_module CntProtocol \
--include ../../ucontrib/Platform/fst \
--include ../../ucontrib/CoreCrypto/fst CntProtocol.fst
make[3]: *** No rule to make target 'padding', needed by 'sall'.
make[3]: *** No rule to make target 'statefulEnc', needed by 'sall'.
Verified module: FStar.List.Tot (19 milliseconds)
All verification conditions discharged successfully
/cygdrive/c/Build/Agent2/_work/1/s/bin/fstar.exe --trace_error --use_hints FStar.PredicateExtensionality.fst
Verified module: FStar.MRef (480 milliseconds)
All verification conditions discharged successfully
/cygdrive/c/Build/Agent2/_work/1/s/bin/fstar.exe --trace_error --use_hints FStar.OrdMap.fst
.\NegativeTests.ImplicitFalse.fst(4,26-4,27): (Error) Failed to resolve implicit argument of type 'l_False' introduced in (?43614 uu___) because user-provided implicit term
./Ex01a.exe 2>&1
Dummy read of file demo/tempfile
Dummy read of file demo/README
Dummy write of string hello! to file demo/tempfile
Dummy read of file demo/tempfile
Dummy read of file demo/README
make[3]: [Makefile:66: Ex01a-ocaml] Error 2 (ignored)
Fatal error: exception Ex01a.InvalidRead
Raised at file "prims.ml", line 103, characters 20-21
Called from file "Ex01a.fst", line 54, characters 9-29
Called from file "Ex01a.fst", line 59, characters 0-21
make[3]: Leaving directory '/cygdrive/c/Build/Agent2/_work/1/s/doc/tutorial/code/solutions'
/cygdrive/c/Build/Agent2/_work/1/s/bin/fstar.exe --trace_error --use_hints FStar.Int.Cast.fst
Verified i'face (or impl+i'face): HyE.Flags (974 milliseconds)
Warning: Unable to open hints file: C:\Build\Agent2\_work\1\s\examples\crypto\HyE.Flags.fsti.hints; ran without hints
All verification conditions discharged successfully
../../../bin/fstar.exe --fstar_home ../../.. --max_fuel 4 --initial_fuel 0 --max_ifuel 2 --initial_ifuel 0 --z3rlimit 20  --use_hints --trace_error \
--include ../../../ulib/hyperstack --include hacl \
--__temp_no_proj Crypto.Symmetric.MAC \
--verify_module Crypto.AEAD.Wrappers.CMA \
Crypto.AEAD.Wrappers.CMA.fst
.\MAC.fst(45,0-45,35): (Warning) Top-level let-bindings must be total; this term may have effects
Verified module: FStar.PredicateExtensionality (117 milliseconds)
All verification conditions discharged successfully
/cygdrive/c/Build/Agent2/_work/1/s/bin/fstar.exe --trace_error --use_hints FStar.All.fst
.\NegativeTests.BST.fst(21,38-21,42): (Error) Subtyping check failed; expected type (right#61:(option (tree 2)){(l_and (l_and (l_and (b2t (op_LessThanOrEqual 0 1)) (b2t (op_LessThanOrEqual 1 2))) (l_iff (b2t (uu___is_None right@0)) (b2t (op_Equality 1 2)))) (l_iff (b2t (uu___is_None (None ))) (b2t (op_Equality 1 0))))}); got type (option (tree 2)) (see .\NegativeTests.BST.fst(13,36-13,57))
.\NegativeTests.BST.fst(22,61-22,65): (Error) Subtyping check failed; expected type (right#61:(option (tree (op_Addition l 1))){(l_and (l_and (l_and (b2t (op_LessThanOrEqual l l)) (b2t (op_LessThanOrEqual l (op_Addition l 1)))) (l_iff (b2t (uu___is_None right@0)) (b2t (op_Equality l (op_Addition l 1))))) (l_iff (b2t (uu___is_None (Some t))) (b2t (op_Equality l l))))}); got type (option (tree (op_Addition l 1))) (see .\NegativeTests.BST.fst(13,36-13,57))
.\NegativeTests.BST.fst(23,78-23,87): (Error) Subtyping check failed; expected type (right#61:(option (tree (op_Addition l 1))){(l_and (l_and (l_and (b2t (op_LessThanOrEqual l (op_Addition l 1))) (b2t (op_LessThanOrEqual (op_Addition l 1) (op_Addition l 1)))) (l_iff (b2t (uu___is_None right@0)) (b2t (op_Equality (op_Addition l 1) (op_Addition l 1))))) (l_iff (b2t (uu___is_None (Some t1))) (b2t (op_Equality (op_Addition l 1) l))))}); got type (option (tree (op_Addition l 1))) (see .\NegativeTests.BST.fst(12,36-12,58))
.\NegativeTests.Bug260.fst(9,12-9,19): (Error) Subtyping check failed; expected type (validity (S (S t))); got type (validity (S t)) (see .\NegativeTests.Bug260.fst(8,37-9,19))
.\NegativeTests.False.fst(3,31-3,42): (Error) assertion failed
.\NegativeTests.Heap.fst(10,14-10,20): (Error) assertion failed (see .\NegativeTests.Heap.fst(10,21-10,54))
.\NegativeTests.Heap.fst(15,2-15,8): (Error) assertion failed (see .\NegativeTests.Heap.fst(15,9-15,14))
.\NegativeTests.ImplicitFalse.fst(4,0-4,33): (Error) assertion failed(Also see: C:\Build\Agent2\_work\1\s\bin\..\ulib\prims.fst(175,22-175,33))
.\NegativeTests.Neg.fst(6,8-6,10): (Error) Subtyping check failed; expected type nat; got type int (see C:\Build\Agent2\_work\1\s\bin\..\ulib\prims.fst(642,17-642,23))
.\NegativeTests.Neg.fst(8,8-8,10): (Error) Subtyping check failed; expected type nat; got type int (see C:\Build\Agent2\_work\1\s\bin\..\ulib\prims.fst(642,17-642,23))
.\NegativeTests.Neg.fst(10,23-10,29): (Error) assertion failed (see .\NegativeTests.Neg.fst(10,30-10,35))
.\NegativeTests.Neg.fst(12,28-13,15): (Error) Patterns are incomplete
.\NegativeTests.Neg.fst(19,32-19,42): (Error) assertion failed (see .\NegativeTests.Neg.fst(15,44-15,57))
.\NegativeTests.Neg.fst(21,83-21,88): (Error) could not prove post-condition
.\NegativeTests.Neg.fst(25,30-25,31): (Error) Subtyping check failed; expected type (uu___#8071:(option 'a){(b2t (uu___is_Some uu___@0))}); got type (option 'a) (see C:\Build\Agent2\_work\1\s\bin\..\ulib\prims.fst(252,4-252,8))
.\NegativeTests.Neg.fst(28,41-28,43): (Error) Subtyping check failed; expected type (uu___#9211:(result int){(b2t (uu___is_V uu___@0))}); got type (result int) (see C:\Build\Agent2\_work\1\s\bin\..\ulib\prims.fst(259,4-259,5))
.\NegativeTests.Neg.fst(32,25-32,26): (Error) Subtyping check failed; expected type nat; got type int (see C:\Build\Agent2\_work\1\s\bin\..\ulib\prims.fst(642,17-642,23))
.\NegativeTests.Set.fst(12,2-12,8): (Error) assertion failed (see .\NegativeTests.Set.fst(12,9-12,30))
.\NegativeTests.Set.fst(16,2-16,8): (Error) assertion failed (see .\NegativeTests.Set.fst(16,9-16,67))
.\NegativeTests.Set.fst(20,2-20,8): (Error) assertion failed (see .\NegativeTests.Set.fst(20,9-20,52))
.\NegativeTests.ShortCircuiting.fst(5,16-5,33): (Error) Subtyping check failed; expected type (b#22:bool{(bad_p b@0)}); got type bool (see .\NegativeTests.ShortCircuiting.fst(4,31-4,38))
.\NegativeTests.ShortCircuiting.fst(8,0-8,36): (Error) assertion failed(Also see: C:\Build\Agent2\_work\1\s\bin\..\ulib\prims.fst(175,22-175,33))
.\NegativeTests.Termination.fst(7,27-7,28): (Error) Subtyping check failed; expected type (z#130:int{(precedes (LexCons m (LexCons z@0 LexTop)) m)}); got type int (see .\NegativeTests.Termination.fst(5,0-7,29))
.\NegativeTests.Termination.fst(13,26-13,35): (Error) Subtyping check failed; expected type (uu___#628:int{(precedes (LexCons n (LexCons uu___@0 LexTop)) (LexCons n (LexCons count LexTop)))}); got type int (see .\NegativeTests.Termination.fst(10,0-13,35))
.\NegativeTests.Termination.fst(20,29-20,54): (Error) Subtyping check failed; expected type (n#1104:int{(precedes (LexCons (op_Subtraction m 1) (LexCons n@0 LexTop)) (LexCons m (LexCons n LexTop)))}); got type int (see .\NegativeTests.Termination.fst(17,0-20,54))
.\NegativeTests.Termination.fst(25,28-25,29): (Error) Subtyping check failed; expected type (uu___#2065:(list 'a){(precedes uu___@0 l)}); got type (list 'a) (see .\NegativeTests.Termination.fst(23,0-25,29))
.\NegativeTests.Termination.fst(37,15-37,29): (Error) Subtyping check failed; expected type (x:(x#2696:nat{(b2t (op_LessThanOrEqual x@0 v))}) -> Tot nat); got type (uu___:(uu___#3541:nat{(precedes uu___@0 v)}) -> Tot nat) (see .\NegativeTests.Termination.fst(34,0-37,29))
.\NegativeTests.Termination.fst(48,19-48,29): (Error) Subtyping check failed; expected type (uu___#4371:snat{(precedes uu___@0 n)}); got type snat (see .\NegativeTests.Termination.fst(44,0-48,29))
.\NegativeTests.Termination.fst(55,34-55,35): (Error) Subtyping check failed; expected type (uu___#4993:snat{(precedes (LexCons (S (S n')) (LexCons uu___@0 LexTop)) (LexCons n (LexCons m LexTop)))}); got type snat (see .\NegativeTests.Termination.fst(51,0-55,35))
.\NegativeTests.Termination.fst(59,2-61,14): (Error) Patterns are incomplete
.\NegativeTests.Termination.fst(67,29-67,31): (Error) Subtyping check failed; expected type (uu___#6171:snat{(precedes (LexCons (S n') (LexCons uu___@0 LexTop)) (LexCons n (LexCons m LexTop)))}); got type (?41403 n m) (see .\NegativeTests.Termination.fst(64,0-67,31))
.\NegativeTests.Termination.fst(73,20-73,26): (Error) Subtyping check failed; expected type (uu___#7294:snat{(precedes uu___@0 n)}); got type snat (see .\NegativeTests.Termination.fst(70,0-73,26))
Verified module: NegativeTests.ShortCircuiting (1179 milliseconds)
Verified module: NegativeTests.Positivity (1383 milliseconds)
Verified module: NegativeTests.BST (4010 milliseconds)
Verified module: NegativeTests.Heap (2740 milliseconds)
Verified module: NegativeTests.Termination (8833 milliseconds)
Verified module: NegativeTests.Neg (8697 milliseconds)
Verified module: NegativeTests.False (1814 milliseconds)
Verified module: NegativeTests.Bug260 (1734 milliseconds)
Verified module: NegativeTests.ImplicitFalse (1203 milliseconds)
Verified module: NegativeTests.Set (2958 milliseconds)
41 errors were reported (see above)
Success: 41 failures were expected
make[3]: Leaving directory '/cygdrive/c/Build/Agent2/_work/1/s/examples/micro-benchmarks'
../../../bin/fstar.exe --fstar_home ../../.. --max_fuel 4 --initial_fuel 0 --max_ifuel 2 --initial_ifuel 0 --z3rlimit 20  --use_hints --trace_error \
--include ../../../ulib/hyperstack --include hacl \
--__temp_no_proj Crypto.Symmetric.MAC \
--verify_module Crypto.AEAD.Wrappers.Encoding \
Crypto.AEAD.Wrappers.Encoding.fst
Verified module: Crypto.AEAD.AES256GCM (25012 milliseconds)
All verification conditions discharged successfully
../../../bin/fstar.exe --fstar_home ../../.. --max_fuel 4 --initial_fuel 0 --max_ifuel 2 --initial_ifuel 0 --z3rlimit 20  --use_hints --trace_error \
--include ../../../ulib/hyperstack --include hacl \
--__temp_no_proj Crypto.Symmetric.MAC \
--verify_module Crypto.AEAD.Decrypt \
Crypto.AEAD.Decrypt.fst
.\RPC.fst(9,0-9,53): (Warning) Top-level let-bindings must be total; this term may have effects
.\RPC.fst(23,0-23,39): (Warning) Top-level let-bindings must be total; this term may have effects
.\RPC.fst(48,0-49,16): (Warning) Top-level let-bindings must be total; this term may have effects
Verified module: FStar.All (36 milliseconds)
All verification conditions discharged successfully
/cygdrive/c/Build/Agent2/_work/1/s/bin/fstar.exe --trace_error --use_hints FStar.UInt128.fst
.\RPC.fst(116,0-116,17): (Warning) Top-level let-bindings must be total; this term may have effects
Verified module: SHA1 (470 milliseconds)
Verified module: MAC (921 milliseconds)
Verified module: Formatting (2592 milliseconds)
Verified module: RPC (1148 milliseconds)
All verification conditions discharged successfully
/cygdrive/c/Build/Agent2/_work/1/s/bin/fstar.exe --trace_error --use_hints FStar.Math.Lib.fst
.\MAC.fst(45,0-45,35): (Warning) Top-level let-bindings must be total; this term may have effects
Verified module: FStar.HyperHeap (16457 milliseconds)
All verification conditions discharged successfully
/cygdrive/c/Build/Agent2/_work/1/s/bin/fstar.exe --trace_error --use_hints FStar.UInt16.fst
.\CntProtocol.fst(14,0-14,53): (Warning) Top-level let-bindings must be total; this term may have effects
.\CntProtocol.fst(29,0-29,26): (Warning) Top-level let-bindings must be total; this term may have effects
.\CntProtocol.fst(32,0-32,54): (Warning) Top-level let-bindings must be total; this term may have effects
.\CntProtocol.fst(35,0-35,54): (Warning) Top-level let-bindings must be total; this term may have effects
Verified module: Crypto.Symmetric.MAC (56152 milliseconds)
All verification conditions discharged successfully
../../../bin/fstar.exe --fstar_home ../../.. --max_fuel 4 --initial_fuel 0 --max_ifuel 2 --initial_ifuel 0 --z3rlimit 20  --use_hints --trace_error \
--include ../../../ulib/hyperstack --include hacl \
--__temp_no_proj Crypto.Symmetric.MAC \
--verify_module Crypto.AEAD.MAC_Wrapper.Invariant \
Crypto.AEAD.MAC_Wrapper.Invariant.fst
.\CntProtocol.fst(99,0-99,39): (Warning) Top-level let-bindings must be total; this term may have effects
Verified module: FStar.Int32 (8862 milliseconds)
All verification conditions discharged successfully
/cygdrive/c/Build/Agent2/_work/1/s/bin/fstar.exe --trace_error --use_hints FStar.Int8.fst
Verified module: Crypto.Symmetric.AES (78541 milliseconds)
All verification conditions discharged successfully
.\CntProtocol.fst(126,0-126,18): (Warning) Top-level let-bindings must be total; this term may have effects
../../../bin/fstar.exe --fstar_home ../../.. --max_fuel 4 --initial_fuel 0 --max_ifuel 2 --initial_ifuel 0 --z3rlimit 20  --use_hints --trace_error \
--include ../../../ulib/hyperstack --include hacl \
--__temp_no_proj Crypto.Symmetric.MAC \
--verify_module Crypto.AEAD.Encrypt.Ideal.Invariant \
Crypto.AEAD.Encrypt.Ideal.Invariant.fst
.\CntProtocol.fst(158,0-174,5): (Warning) Top-level let-bindings must be total; this term may have effects
Verified module: SHA1 (463 milliseconds)
Verified module: MAC (936 milliseconds)
Verified module: CntFormat (2723 milliseconds)
Verified module: CntProtocol (4013 milliseconds)
All verification conditions discharged successfully
make[3]: Leaving directory '/cygdrive/c/Build/Agent2/_work/1/s/examples/crypto'
make[3]: Target 'all' not remade because of errors.
make[2]: *** [Makefile:33: crypto.all] Error 2
/cygdrive/c/Build/Agent2/_work/1/s/bin/fstar.exe --trace_error --use_hints FStar.Seq.Properties.fst
Verified module: Crypto.Symmetric.AES128 (77151 milliseconds)
All verification conditions discharged successfully
../../../bin/fstar.exe --fstar_home ../../.. --max_fuel 4 --initial_fuel 0 --max_ifuel 2 --initial_ifuel 0 --z3rlimit 20  --use_hints --trace_error \
--include ../../../ulib/hyperstack --include hacl \
--__temp_no_proj Crypto.Symmetric.MAC \
--verify_module Crypto.AEAD.Encrypt \
Crypto.AEAD.Encrypt.fst
Verified module: FStar.OrdMap (10947 milliseconds)
All verification conditions discharged successfully
/cygdrive/c/Build/Agent2/_work/1/s/bin/fstar.exe --trace_error --use_hints FStar.Relational.Relational.fst
Verified module: FStar.Math.Lib (6198 milliseconds)
All verification conditions discharged successfully
/cygdrive/c/Build/Agent2/_work/1/s/bin/fstar.exe --trace_error --use_hints FStar.OrdMapProps.fst
Verified module: FStar.Relational.Relational (1751 milliseconds)
All verification conditions discharged successfully
/cygdrive/c/Build/Agent2/_work/1/s/bin/fstar.exe --trace_error --use_hints FStar.Axiomatic.Array.fst
Verified module: FStar.OrdMapProps (282 milliseconds)
All verification conditions discharged successfully
/cygdrive/c/Build/Agent2/_work/1/s/bin/fstar.exe --trace_error --use_hints FStar.Universe.fst
Verified module: FStar.Axiomatic.Array (345 milliseconds)
All verification conditions discharged successfully
/cygdrive/c/Build/Agent2/_work/1/s/bin/fstar.exe --trace_error --use_hints FStar.Int128.fst
Verified module: FStar.UInt128 (10171 milliseconds)
All verification conditions discharged successfully
/cygdrive/c/Build/Agent2/_work/1/s/bin/fstar.exe --trace_error --use_hints FStar.Math.Lemmas.fst
Verified module: FStar.UInt16 (9691 milliseconds)
All verification conditions discharged successfully
/cygdrive/c/Build/Agent2/_work/1/s/bin/fstar.exe --trace_error --use_hints FStar.Int63.fst
Verified i'face (or impl+i'face): FStar.Universe (20 milliseconds)
All verification conditions discharged successfully
/cygdrive/c/Build/Agent2/_work/1/s/bin/fstar.exe --trace_error --use_hints FStar.Relational.Comp.fst
Verified module: FStar.Int.Cast (21664 milliseconds)
All verification conditions discharged successfully
/cygdrive/c/Build/Agent2/_work/1/s/bin/fstar.exe --trace_error --use_hints FStar.Seq.fst
Verified module: FStar.Int8 (8924 milliseconds)
All verification conditions discharged successfully
/cygdrive/c/Build/Agent2/_work/1/s/bin/fstar.exe --trace_error --use_hints FStar.Mul.fst
Verified module: FStar.Relational.Comp (234 milliseconds)
All verification conditions discharged successfully
/cygdrive/c/Build/Agent2/_work/1/s/bin/fstar.exe --trace_error --use_hints FStar.UInt64.fst
Verified module: FStar.Mul (18 milliseconds)
All verification conditions discharged successfully
/cygdrive/c/Build/Agent2/_work/1/s/bin/fstar.exe --trace_error --use_hints FStar.UInt.fst
Verified module: Crypto.Symmetric.Cipher (73743 milliseconds)
All verification conditions discharged successfully
../../../bin/fstar.exe --fstar_home ../../.. --max_fuel 4 --initial_fuel 0 --max_ifuel 2 --initial_ifuel 0 --z3rlimit 20  --use_hints --trace_error \
--include ../../../ulib/hyperstack --include hacl \
--__temp_no_proj Crypto.Symmetric.MAC \
--verify_module Crypto.AEAD \
Crypto.AEAD.fst
Verified module: FStar.Seq (16 milliseconds)
All verification conditions discharged successfully
/cygdrive/c/Build/Agent2/_work/1/s/bin/fstar.exe --trace_error --use_hints FStar.Ghost.fst
Verified module: FStar.Ghost (780 milliseconds)
All verification conditions discharged successfully
/cygdrive/c/Build/Agent2/_work/1/s/bin/fstar.exe --trace_error --use_hints FStar.HyperStack.fst
Verified module: FStar.Int128 (9134 milliseconds)
All verification conditions discharged successfully
/cygdrive/c/Build/Agent2/_work/1/s/bin/fstar.exe --trace_error --use_hints FStar.UInt8.fst
Verified module: FStar.Int63 (8919 milliseconds)
All verification conditions discharged successfully
/cygdrive/c/Build/Agent2/_work/1/s/bin/fstar.exe --trace_error --use_hints FStar.Int16.fst
Verified module: FStar.Seq.Properties (31472 milliseconds)
All verification conditions discharged successfully
Verified module: FStar.UInt64 (9672 milliseconds)
All verification conditions discharged successfully
/cygdrive/c/Build/Agent2/_work/1/s/bin/fstar.exe --trace_error --use_hints FStar.OrdSetProps.fst
/cygdrive/c/Build/Agent2/_work/1/s/bin/fstar.exe --trace_error --use_hints FStar.Util.fst
Verified module: FStar.Util (19 milliseconds)
All verification conditions discharged successfully
/cygdrive/c/Build/Agent2/_work/1/s/bin/fstar.exe --trace_error --use_hints FStar.StrongExcludedMiddle.fst
Verified module: FStar.OrdSetProps (806 milliseconds)
All verification conditions discharged successfully
/cygdrive/c/Build/Agent2/_work/1/s/bin/fstar.exe --trace_error --use_hints FStar.IO.fsti
Verified module: FStar.StrongExcludedMiddle (87 milliseconds)
All verification conditions discharged successfully
/cygdrive/c/Build/Agent2/_work/1/s/bin/fstar.exe --trace_error --use_hints FStar.String.fsti
Verified module: FStar.HyperStack (12281 milliseconds)
All verification conditions discharged successfully
/cygdrive/c/Build/Agent2/_work/1/s/bin/fstar.exe --trace_error --use_hints FStar.Squash.fsti
Verified i'face (or impl+i'face): FStar.IO (90 milliseconds)
All verification conditions discharged successfully
/cygdrive/c/Build/Agent2/_work/1/s/bin/fstar.exe --trace_error --use_hints FStar.Option.fsti
Verified module: FStar.UInt8 (9171 milliseconds)
All verification conditions discharged successfully
/cygdrive/c/Build/Agent2/_work/1/s/bin/fstar.exe --trace_error --use_hints FStar.Matrix2.fsti
Verified i'face (or impl+i'face): FStar.Squash (17 milliseconds)
All verification conditions discharged successfully
/cygdrive/c/Build/Agent2/_work/1/s/bin/fstar.exe --trace_error --use_hints FStar.Universe.fsti
Verified i'face (or impl+i'face): FStar.String (231 milliseconds)
All verification conditions discharged successfully
/cygdrive/c/Build/Agent2/_work/1/s/bin/fstar.exe --trace_error --use_hints FStar.Float.fsti
Verified module: FStar.Int16 (8200 milliseconds)
All verification conditions discharged successfully
/cygdrive/c/Build/Agent2/_work/1/s/bin/fstar.exe --trace_error --use_hints FStar.BaseTypes.fsti
Verified i'face (or impl+i'face): FStar.Option (18 milliseconds)
All verification conditions discharged successfully
/cygdrive/c/Build/Agent2/_work/1/s/bin/fstar.exe --trace_error --use_hints FStar.Char.fsti
Verified i'face (or impl+i'face): FStar.Universe (20 milliseconds)
All verification conditions discharged successfully
/cygdrive/c/Build/Agent2/_work/1/s/bin/fstar.exe --trace_error --use_hints FStar.Map.fst FStar.HyperHeap.fst hyperheap/FStar.ST.fst FStar.Util.fst
Verified i'face (or impl+i'face): FStar.Float (20 milliseconds)
All verification conditions discharged successfully
/cygdrive/c/Build/Agent2/_work/1/s/bin/fstar.exe --trace_error --use_hints FStar.Map.fst FStar.HyperStack.fst hyperstack/FStar.ST.fst hyperstack/FStar.All.fst FStar.Monotonic.RRef.fst FStar.Monotonic.Seq.fst
Verified module: Crypto.AEAD.Wrappers.PRF (29765 milliseconds)
All verification conditions discharged successfully
../../../bin/fstar.exe --fstar_home ../../.. --max_fuel 4 --initial_fuel 0 --max_ifuel 2 --initial_ifuel 0 --z3rlimit 20  --use_hints --trace_error \
--include ../../../ulib/hyperstack --include hacl \
--__temp_no_proj Crypto.Symmetric.MAC \
--verify_module Crypto.Plain \
Crypto.Plain.fst
Verified i'face (or impl+i'face): FStar.Char (256 milliseconds)
All verification conditions discharged successfully
/cygdrive/c/Build/Agent2/_work/1/s/bin/fstar.exe --trace_error --use_hints FStar.Map.fst FStar.HyperStack.fst hyperstack/FStar.ST.fst FStar.Buffer.fst FStar.Buffer.Quantifiers.fst
Verified module: Crypto.AEAD.Wrappers.Encoding (15038 milliseconds)
All verification conditions discharged successfully
../../../bin/fstar.exe --fstar_home ../../.. --max_fuel 4 --initial_fuel 0 --max_ifuel 2 --initial_ifuel 0 --z3rlimit 20  --use_hints --trace_error \
--include ../../../ulib/hyperstack --include hacl \
--__temp_no_proj Crypto.Symmetric.MAC \
--verify_module TestMonotonic \
TestMonotonic.fst
Verified i'face (or impl+i'face): FStar.Matrix2 (2421 milliseconds)
All verification conditions discharged successfully
Verified i'face (or impl+i'face): FStar.BaseTypes (16 milliseconds)
All verification conditions discharged successfully
Verified module: TestMonotonic (2725 milliseconds)
All verification conditions discharged successfully
Verified module: Crypto.AEAD.Decrypt (15213 milliseconds)
All verification conditions discharged successfully
Verified module: Crypto.AEAD (2135 milliseconds)
All verification conditions discharged successfully
Verified module: Crypto.Symmetric.UF1CMA (139811 milliseconds)
All verification conditions discharged successfully
Verified module: FStar.Map (3938 milliseconds)
Verified module: FStar.HyperHeap (13885 milliseconds)
Verified module: FStar.ST (916 milliseconds)
Verified module: FStar.Util (20 milliseconds)
All verification conditions discharged successfully
Verified module: Crypto.AEAD.Encrypt.Ideal.Invariant (36841 milliseconds)
All verification conditions discharged successfully
Verified module: Crypto.Plain (6645 milliseconds)
All verification conditions discharged successfully
Verified module: Crypto.AEAD.MAC_Wrapper.Invariant (30741 milliseconds)
All verification conditions discharged successfully
Verified module: FStar.Map (3552 milliseconds)
Verified module: FStar.HyperStack (11406 milliseconds)
Verified module: FStar.ST (9228 milliseconds)
Verified module: FStar.Monotonic.RRef (1098 milliseconds)
Verified module: FStar.Monotonic.Seq (12891 milliseconds)
Verified module: FStar.All (33 milliseconds)
All verification conditions discharged successfully
Verified module: Crypto.AEAD.Encrypt (49637 milliseconds)
All verification conditions discharged successfully
Verified module: FStar.UInt (76989 milliseconds)
All verification conditions discharged successfully
Verified module: Crypto.AEAD.Enxor.Invariant (110023 milliseconds)
All verification conditions discharged successfully
Verified module: Crypto.Symmetric.Bytes (283052 milliseconds)
All verification conditions discharged successfully
Verified module: Crypto.Symmetric.PRF (150852 milliseconds)
All verification conditions discharged successfully
Verified module: Crypto.AEAD.Encrypt.Invariant (141331 milliseconds)
All verification conditions discharged successfully
Verified module: Crypto.AEAD.BufferUtils (218266 milliseconds)
All verification conditions discharged successfully
Verified module: Crypto.AEAD.Invariant (225575 milliseconds)
All verification conditions discharged successfully
Verified module: FStar.Map (4108 milliseconds)
Verified module: FStar.HyperStack (13677 milliseconds)
Verified module: FStar.ST (10698 milliseconds)
Verified module: FStar.Buffer (129124 milliseconds)
Verified module: FStar.Buffer.Quantifiers (4799 milliseconds)
All verification conditions discharged successfully
Verified module: Crypto.AEAD.EnxorDexor (245756 milliseconds)
All verification conditions discharged successfully
Verified module: FStar.Math.Lemmas (292486 milliseconds)
All verification conditions discharged successfully
make[2]: Leaving directory '/cygdrive/c/Build/Agent2/_work/1/s/ulib'
Verified module: Crypto.AEAD.Encoding (389127 milliseconds)
All verification conditions discharged successfully
Verified module: Crypto.AEAD.Wrappers.CMA (375688 milliseconds)
All verification conditions discharged successfully
make[4]: Leaving directory '/cygdrive/c/Build/Agent2/_work/1/s/examples/low-level/crypto'
make[3]: Leaving directory '/cygdrive/c/Build/Agent2/_work/1/s/examples/low-level'
make[2]: Leaving directory '/cygdrive/c/Build/Agent2/_work/1/s/examples'
make[2]: Target 'all' not remade because of errors.
make[1]: Leaving directory '/cygdrive/c/Build/Agent2/_work/1/s/src'
make[1]: *** [Makefile:255: uexamples] Error 2
make: Leaving directory '/cygdrive/c/Build/Agent2/_work/1/s/src'
make[1]: Target 'uregressions' not remade because of errors.
make: *** [Makefile:236: utest] Error 2
