make[1]: warning: jobserver unavailable: using -j1.  Add '+' to parent make rule.
make[1]: warning: jobserver unavailable: using -j1.  Add '+' to parent make rule.
Warning: you are using the standard library and/or the %inline keyword. We
recommend switching on --infer in order to avoid obscure type error messages.
warning: CRLF will be replaced by LF in src/parser/parse.fsi.
The file will have its original line endings in your working directory.
File "src/basic/ml/FStar_Util.ml", line 47, characters 57-65:
Warning 40: st_mtime was selected from type BatUnix.stats.
It is not visible in the current scope, and will not 
be selected if the type becomes unknown.
File "src/basic/ml/FStar_Util.ml", line 47, characters 57-65:
Warning 40: st_mtime was selected from type BatUnix.stats.
It is not visible in the current scope, and will not 
be selected if the type becomes unknown.
make[3]: warning: jobserver unavailable: using -j1.  Add '+' to parent make rule.
.\u_boot_fsts\FStar.Syntax.Syntax.fst(393,0-393,33): (Warning) Annotation from val declaration overrides inline type annotation
.\u_boot_fsts\FStar.Syntax.Syntax.fst(444,0-444,48): (Warning) Annotation from val declaration overrides inline type annotation
.\u_boot_fsts\FStar.Syntax.Syntax.fst(445,0-445,76): (Warning) Annotation from val declaration overrides inline type annotation
.\u_boot_fsts\FStar.Syntax.Syntax.fst(495,0-497,38): (Warning) Annotation from val declaration overrides inline type annotation
.\u_boot_fsts\FStar.TypeChecker.Util.fst(70,0-72,32): (Warning) Annotation from val declaration overrides inline type annotation
.\u_boot_fsts\FStar.TypeChecker.Env.fst(296,0-300,35): (Warning) Annotation from val declaration overrides inline type annotation
.\u_boot_fsts\FStar.TypeChecker.Env.fst(734,0-736,39): (Warning) Annotation from val declaration overrides inline type annotation
warning: CRLF will be replaced by LF in src/parser/ml/parse.mly.
The file will have its original line endings in your working directory.
warning: CRLF will be replaced by LF in src/parser/parse.fsi.
The file will have its original line endings in your working directory.
warning: CRLF will be replaced by LF in src/parser/parse.fsy.
The file will have its original line endings in your working directory.
make[3]: warning: jobserver unavailable: using -j1.  Add '+' to parent make rule.
make[3]: warning: jobserver unavailable: using -j1.  Add '+' to parent make rule.
File "extracted/FStar_Pervasives.ml", line 22, characters 35-66:
Warning 8: this pattern-matching is not exhaustive.
Here is an example of a value that is not matched:
(E _|Err _)
File "extracted/FStar_Pervasives.ml", line 25, characters 35-66:
Warning 8: this pattern-matching is not exhaustive.
Here is an example of a value that is not matched:
(V _|Err _)
File "extracted/FStar_Pervasives.ml", line 28, characters 39-76:
Warning 8: this pattern-matching is not exhaustive.
Here is an example of a value that is not matched:
(V _|E _)
File "extracted/FStar_Pervasives.ml", line 64, characters 38-72:
Warning 8: this pattern-matching is not exhaustive.
Here is an example of a value that is not matched:
None
File "extracted/FStar_Pervasives.ml", line 71, characters 37-70:
Warning 8: this pattern-matching is not exhaustive.
Here is an example of a value that is not matched:
Inr _
File "extracted/FStar_Pervasives.ml", line 74, characters 37-70:
Warning 8: this pattern-matching is not exhaustive.
Here is an example of a value that is not matched:
Inl _
.\hello.fst(5,0-5,37): (Warning) Top-level let-bindings must be total; this term may have effects
.\Ex01a.fst(68,0-68,48): (Warning) Top-level let-bindings must be total; this term may have effects
.\Ex01a.fst(58,0-58,48): (Warning) Top-level let-bindings must be total; this term may have effects
.\Encrypt_SymEnc.fst(29,0-29,18): (Warning) Top-level let-bindings must be total; this term may have effects
WARNING: (6998,51): pattern does not contain all quantified variables.
WARNING: (6998,51): pattern does not contain all quantified variables.
.\Platform.Bytes.fst(15,32-18,29): (Warning) Pattern misses at least one bound variable: uu___#414646
WARNING: (6949,46): pattern does not contain any variable.
Warning: Unable to open hints file: C:\Build\Agent1\_work\2\s\examples\tactics\Apply.fst.hints; ran without hints
WARNING: (7132,46): pattern does not contain any variable.
WARNING: (6848,46): pattern does not contain any variable.
.\Platform.Bytes.fst(257,22-260,30): (Warning) Pattern misses at least one bound variable: i#451138
.\Platform.Bytes.fst(261,8-261,24): (Warning) Pattern misses at least one bound variable: i#453137 (see also .\Platform.Bytes.fst(257,156-260,30))
WARNING: (7154,46): pattern does not contain any variable.
.\Ex10a.fst(27,0-27,22): (Warning) Top-level let-bindings must be total; this term may have effects
.\MAC.fst(45,0-45,35): (Warning) Top-level let-bindings must be total; this term may have effects
WARNING: (66205,46): pattern does not contain any variable.
WARNING: (70101,43): pattern does not contain all quantified variables.
WARNING: (66205,46): pattern does not contain any variable.
WARNING: (70101,43): pattern does not contain all quantified variables.
jsonparser.pos\Test.fst(0,0-0,0): (Warning) Test: Unexpected output from Z3: (error "line 149062 column 95: Wrong number of arguments (1) passed to function (declare-fun JSONParser.Spec.object_as_type.fuel_instrumented

jsonparser.pos\Test.fst(0,0-0,0): (Warning) Test: Unexpected output from Z3: (Fuel Term Term Term Term)

jsonparser.pos\Test.fst(0,0-0,0): (Warning) Test: Unexpected output from Z3: Term)")

jsonparser.pos\Test.fst(0,0-0,0): (Warning) Test: Unexpected output from Z3: (error "line 149085 column 82: Wrong number of arguments (1) passed to function (declare-fun JSONParser.Spec.object_as_type.fuel_instrumented

jsonparser.pos\Test.fst(0,0-0,0): (Warning) Test: Unexpected output from Z3: (Fuel Term Term Term Term)

jsonparser.pos\Test.fst(0,0-0,0): (Warning) Test: Unexpected output from Z3: Term)")

jsonparser.pos\Test.fst(0,0-0,0): (Warning) Test: Unexpected output from Z3: (error "line 150415 column 47: Wrong number of arguments (1) passed to function (declare-fun JSONParser.Spec.gprint.fuel_instrumented (Fuel Term Term) Term)")

jsonparser.pos\Test.fst(0,0-0,0): (Warning) Test: Unexpected output from Z3: (error "line 153458 column 47: Wrong number of arguments (1) passed to function (declare-fun JSONParser.Spec.gparse.fuel_instrumented

jsonparser.pos\Test.fst(0,0-0,0): (Warning) Test: Unexpected output from Z3: (Fuel Term Term Term)

jsonparser.pos\Test.fst(0,0-0,0): (Warning) Test: Unexpected output from Z3: Term)")

WARNING: (66205,46): pattern does not contain any variable.
WARNING: (70101,43): pattern does not contain all quantified variables.
WARNING: (66205,46): pattern does not contain any variable.
WARNING: (70101,43): pattern does not contain all quantified variables.
WARNING: (66205,46): pattern does not contain any variable.
WARNING: (70101,43): pattern does not contain all quantified variables.
.\Ex12a.Cap.fst(21,0-21,26): (Warning) Top-level let-bindings must be total; this term may have effects
WARNING: (66205,46): pattern does not contain any variable.
WARNING: (70101,43): pattern does not contain all quantified variables.
WARNING: (66205,46): pattern does not contain any variable.
WARNING: (70101,43): pattern does not contain all quantified variables.
WARNING: (66205,46): pattern does not contain any variable.
WARNING: (70101,43): pattern does not contain all quantified variables.
WARNING: (66205,46): pattern does not contain any variable.
WARNING: (70101,43): pattern does not contain all quantified variables.
.\Platform.Bytes.fst(15,40-18,29): (Warning) Pattern misses at least one bound variable: uu___#487692
.\Platform.Bytes.fst(261,8-261,24): (Warning) Pattern misses at least one bound variable: i#496080 (see also .\Platform.Bytes.fst(257,156-260,30))
.\RPC.fst(9,0-9,53): (Warning) Top-level let-bindings must be total; this term may have effects
.\RPC.fst(23,0-23,39): (Warning) Top-level let-bindings must be total; this term may have effects
.\RPC.fst(48,0-49,16): (Warning) Top-level let-bindings must be total; this term may have effects
.\RPC.fst(116,0-116,17): (Warning) Top-level let-bindings must be total; this term may have effects
Warning: Unable to open hints file: C:\Build\Agent1\_work\2\s\ulib\FStar.Reflection.fst.hints; ran without hints
.\CntProtocol.fst(14,0-14,53): (Warning) Top-level let-bindings must be total; this term may have effects
.\Ex10a.fst(27,0-27,22): (Warning) Top-level let-bindings must be total; this term may have effects
.\CntProtocol.fst(29,0-29,26): (Warning) Top-level let-bindings must be total; this term may have effects
.\CntProtocol.fst(32,0-32,54): (Warning) Top-level let-bindings must be total; this term may have effects
.\CntProtocol.fst(35,0-35,54): (Warning) Top-level let-bindings must be total; this term may have effects
.\CntProtocol.fst(99,0-99,39): (Warning) Top-level let-bindings must be total; this term may have effects
.\CntProtocol.fst(126,0-126,18): (Warning) Top-level let-bindings must be total; this term may have effects
.\CntProtocol.fst(172,0-188,5): (Warning) Top-level let-bindings must be total; this term may have effects
Warning: Unable to open hints file: C:\Build\Agent1\_work\2\s\ulib\FStar.Tactics.Builtins.fst.hints; ran without hints
Unexpected error
FStar_Errors.Error(_)
Raised at file "src/ocaml-output/FStar_ToSyntax_Env.ml", line 2371, characters 12-71
Called from file "src/ocaml-output/FStar_ToSyntax_ToSyntax.ml", line 1474, characters 14-206
Called from file "src/ocaml-output/FStar_ToSyntax_ToSyntax.ml", line 1336, characters 6-41
Called from file "src/ocaml-output/FStar_ToSyntax_ToSyntax.ml", line 1336, characters 6-41
Called from file "src/ocaml-output/FStar_ToSyntax_ToSyntax.ml", line 1336, characters 6-41
Called from file "src/ocaml-output/FStar_ToSyntax_ToSyntax.ml", line 1336, characters 6-41
Called from file "src/ocaml-output/FStar_ToSyntax_ToSyntax.ml", line 1336, characters 6-41
Called from file "src/batList.mlv", line 513, characters 26-35
Called from file "src/batList.mlv", line 517, characters 2-18
Called from file "src/ocaml-output/FStar_ToSyntax_ToSyntax.ml", line 2344, characters 20-141
Called from file "src/ocaml-output/FStar_ToSyntax_ToSyntax.ml", line 5009, characters 26-70
Called from file "src/ocaml-output/FStar_ToSyntax_ToSyntax.ml", line 5424, characters 35-54
Called from file "list.ml", line 84, characters 24-34
Called from file "src/ocaml-output/FStar_ToSyntax_ToSyntax.ml", line 5474, characters 30-54
Called from file "src/ocaml-output/FStar_ToSyntax_ToSyntax.ml", line 5521, characters 24-55
Called from file "src/ocaml-output/FStar_ToSyntax_ToSyntax.ml", line 5553, characters 37-57
Called from file "list.ml", line 84, characters 24-34
Called from file "src/ocaml-output/FStar_ToSyntax_ToSyntax.ml", line 5548, characters 8-326
Called from file "src/ocaml-output/FStar_Universal.ml", line 275, characters 26-47
Called from file "src/ocaml-output/FStar_Universal.ml", line 357, characters 32-71
Called from file "src/ocaml-output/FStar_Universal.ml", line 376, characters 31-72
Called from file "src/ocaml-output/FStar_Universal.ml", line 392, characters 24-71
Called from file "src/ocaml-output/FStar_Universal.ml", line 432, characters 26-68
Called from file "src/ocaml-output/FStar_Main.ml", line 208, characters 27-67
Called from file "src/ocaml-output/FStar_Main.ml", line 230, characters 6-11

.\GRewrite.fst(7,30-7,38): (Error) Identifier not found: [grewrite]
1 error was reported (see above)
make[3]: *** [../Makefile.include:15: GRewrite.uver] Error 1
.\Ex12a.Cap.fst(19,0-19,26): (Warning) Top-level let-bindings must be total; this term may have effects
Unexpected error
FStar_Errors.Error(_)
Raised at file "src/ocaml-output/FStar_Tactics_Interpreter.ml", line 427, characters 22-221
Called from file "src/ocaml-output/FStar_Tactics_Interpreter.ml", line 521, characters 29-35
Called from file "src/ocaml-output/FStar_Tactics_Interpreter.ml", line 485, characters 49-63
Called from file "src/ocaml-output/FStar_Tactics_Interpreter.ml", line 480, characters 21-575
Called from file "src/ocaml-output/FStar_Tactics_Interpreter.ml", line 468, characters 16-38
Called from file "src/ocaml-output/FStar_Tactics_Interpreter.ml", line 500, characters 36-55
Called from file "src/ocaml-output/FStar_Tactics_Interpreter.ml", line 485, characters 49-63
Called from file "src/batList.mlv", line 502, characters 12-26
Called from file "src/ocaml-output/FStar_Tactics_Interpreter.ml", line 480, characters 21-575
Called from file "src/ocaml-output/FStar_Tactics_Interpreter.ml", line 468, characters 16-38
Called from file "src/ocaml-output/FStar_Tactics_Interpreter.ml", line 500, characters 36-55
Called from file "src/ocaml-output/FStar_Tactics_Interpreter.ml", line 485, characters 49-63
Called from file "src/batList.mlv", line 502, characters 12-26
Called from file "src/ocaml-output/FStar_Tactics_Interpreter.ml", line 480, characters 21-575
Called from file "src/ocaml-output/FStar_Tactics_Interpreter.ml", line 485, characters 49-63
Called from file "src/batList.mlv", line 502, characters 12-26
Called from file "src/ocaml-output/FStar_Tactics_Interpreter.ml", line 480, characters 21-575
Called from file "src/ocaml-output/FStar_Tactics_Interpreter.ml", line 597, characters 28-63
Called from file "src/ocaml-output/FStar_TypeChecker_Rel.ml", line 7357, characters 31-139
Called from file "src/ocaml-output/FStar_TypeChecker_Rel.ml", line 7441, characters 24-56
Called from file "src/ocaml-output/FStar_TypeChecker_Rel.ml", line 7601, characters 28-50
Called from file "src/ocaml-output/FStar_TypeChecker_Util.ml", line 3626, characters 10-58
Called from file "src/ocaml-output/FStar_TypeChecker_TcTerm.ml", line 4620, characters 26-77
Called from file "src/ocaml-output/FStar_TypeChecker_Tc.ml", line 3719, characters 20-1023
Called from file "src/ocaml-output/FStar_TypeChecker_Tc.ml", line 4178, characters 31-46
Called from file "src/basic/ml/FStar_Util.ml", line 572, characters 30-37
Called from file "src/ocaml-output/FStar_TypeChecker_Tc.ml", line 4224, characters 8-70
Called from file "src/ocaml-output/FStar_TypeChecker_Tc.ml", line 4314, characters 25-77
Called from file "src/ocaml-output/FStar_TypeChecker_Tc.ml", line 4582, characters 23-49
Called from file "src/basic/ml/FStar_Util.ml", line 44, characters 14-18
Called from file "src/ocaml-output/FStar_Universal.ml", line 287, characters 34-233
Called from file "list.ml", line 84, characters 24-34
Called from file "ulib/ml/FStar_All.ml", line 3, characters 21-24
Called from file "src/ocaml-output/FStar_SMTEncoding_Solver.ml", line 104, characters 16-20
Called from file "src/ocaml-output/FStar_Universal.ml", line 357, characters 32-71
Called from file "src/ocaml-output/FStar_Universal.ml", line 376, characters 31-72
Called from file "src/ocaml-output/FStar_Universal.ml", line 392, characters 24-71
Called from file "src/ocaml-output/FStar_Universal.ml", line 432, characters 26-68
Called from file "src/ocaml-output/FStar_Main.ml", line 208, characters 27-67
Called from file "src/ocaml-output/FStar_Main.ml", line 230, characters 6-11

.\Syntax.fst(57,8-57,24): (Error) user tactic failed: "term_as_formula did not recognize an equality" (see also C:\Build\Agent1\_work\2\s\ulib\FStar.Tactics.Effect.fst(82,30-82,46))
1 error was reported (see above)
make[3]: *** [../Makefile.include:15: Syntax.uver] Error 1
Warning: Unable to open hints file: C:\Build\Agent1\_work\2\s\ulib\FStar.Reflection.Syntax.Lemmas.fst.hints; ran without hints
.\Ex12b.RPC.fst(8,0-8,53): (Warning) Top-level let-bindings must be total; this term may have effects
.\Ex12b.RPC.fst(21,0-21,39): (Warning) Top-level let-bindings must be total; this term may have effects
.\TestMRef.fst(8,0-8,20): (Warning) Top-level let-bindings must be total; this term may have effects
.\Ex12b.RPC.fst(53,0-54,16): (Warning) Top-level let-bindings must be total; this term may have effects
.\Ex12b.RPC.fst(123,0-123,17): (Warning) Top-level let-bindings must be total; this term may have effects
.\Mac.fst(70,0-70,35): (Warning) Top-level let-bindings must be total; this term may have effects
make[5]: warning: jobserver unavailable: using -j1.  Add '+' to parent make rule.
make[5]: warning: jobserver unavailable: using -j1.  Add '+' to parent make rule.
File "extracted/FStar_Pervasives.ml", line 22, characters 35-66:
Warning 8: this pattern-matching is not exhaustive.
Here is an example of a value that is not matched:
(E _|Err _)
File "extracted/FStar_Pervasives.ml", line 25, characters 35-66:
Warning 8: this pattern-matching is not exhaustive.
Here is an example of a value that is not matched:
(V _|Err _)
File "extracted/FStar_Pervasives.ml", line 28, characters 39-76:
Warning 8: this pattern-matching is not exhaustive.
Here is an example of a value that is not matched:
(V _|E _)
File "extracted/FStar_Pervasives.ml", line 64, characters 38-72:
Warning 8: this pattern-matching is not exhaustive.
Here is an example of a value that is not matched:
None
File "extracted/FStar_Pervasives.ml", line 71, characters 37-70:
Warning 8: this pattern-matching is not exhaustive.
Here is an example of a value that is not matched:
Inr _
File "extracted/FStar_Pervasives.ml", line 74, characters 37-70:
Warning 8: this pattern-matching is not exhaustive.
Here is an example of a value that is not matched:
Inl _
.\Ex01a.fst(58,0-58,48): (Warning) Top-level let-bindings must be total; this term may have effects
Unexpected error
FStar_Errors.Error(_)
Raised at file "src/ocaml-output/FStar_ToSyntax_Env.ml", line 2371, characters 12-71
Called from file "src/ocaml-output/FStar_ToSyntax_ToSyntax.ml", line 1474, characters 14-206
Called from file "src/ocaml-output/FStar_ToSyntax_ToSyntax.ml", line 1336, characters 6-41
Called from file "src/ocaml-output/FStar_ToSyntax_ToSyntax.ml", line 1336, characters 6-41
Called from file "src/ocaml-output/FStar_ToSyntax_ToSyntax.ml", line 1336, characters 6-41
Called from file "src/ocaml-output/FStar_ToSyntax_ToSyntax.ml", line 1336, characters 6-41
Called from file "src/ocaml-output/FStar_ToSyntax_ToSyntax.ml", line 1336, characters 6-41
Called from file "src/ocaml-output/FStar_ToSyntax_ToSyntax.ml", line 1336, characters 6-41
Called from file "src/ocaml-output/FStar_ToSyntax_ToSyntax.ml", line 1336, characters 6-41
Called from file "src/ocaml-output/FStar_ToSyntax_ToSyntax.ml", line 1336, characters 6-41
Called from file "src/batList.mlv", line 513, characters 26-35
Called from file "src/batList.mlv", line 517, characters 2-18
Called from file "src/ocaml-output/FStar_ToSyntax_ToSyntax.ml", line 2344, characters 20-141
Called from file "src/ocaml-output/FStar_ToSyntax_ToSyntax.ml", line 5009, characters 26-70
Called from file "src/ocaml-output/FStar_ToSyntax_ToSyntax.ml", line 5424, characters 35-54
Called from file "list.ml", line 84, characters 24-34
Called from file "src/ocaml-output/FStar_ToSyntax_ToSyntax.ml", line 5474, characters 30-54
Called from file "src/ocaml-output/FStar_ToSyntax_ToSyntax.ml", line 5521, characters 24-55
Called from file "src/ocaml-output/FStar_ToSyntax_ToSyntax.ml", line 5553, characters 37-57
Called from file "list.ml", line 84, characters 24-34
Called from file "src/ocaml-output/FStar_ToSyntax_ToSyntax.ml", line 5548, characters 8-326
Called from file "src/ocaml-output/FStar_Universal.ml", line 275, characters 26-47
Called from file "src/ocaml-output/FStar_Universal.ml", line 357, characters 32-71
Called from file "src/ocaml-output/FStar_Universal.ml", line 376, characters 31-72
Called from file "src/ocaml-output/FStar_Universal.ml", line 392, characters 24-71
Called from file "src/ocaml-output/FStar_Universal.ml", line 432, characters 26-68
Called from file "src/ocaml-output/FStar_Main.ml", line 208, characters 27-67
Called from file "src/ocaml-output/FStar_Main.ml", line 230, characters 6-11

.\Cases.fst(31,15-31,23): (Error) Identifier not found: [unsquash]
1 error was reported (see above)
make[3]: *** [../Makefile.include:15: Cases.uver] Error 1
make[3]: [Makefile:66: Ex01a-ocaml] Error 2 (ignored)
Warning: Unable to open hints file: C:\Build\Agent1\_work\2\s\examples\tactics\Pruning.fst.hints; ran without hints
Warning: Unable to open hints file: C:\Build\Agent1\_work\2\s\examples\tactics\Canon.fst.hints; ran without hints
Warning: Unable to open hints file: C:\Build\Agent1\_work\2\s\ulib\FStar.Tactics.Arith.fst.hints; ran without hints
Warning: Unable to open hints file: C:\Build\Agent1\_work\2\s\ulib\FStar.Reflection.Arith.fst.hints; ran without hints
Warning: Unable to open hints file: C:\Build\Agent1\_work\2\s\examples\tactics\BinaryTreesEnumeration.fst.hints; ran without hints
Warning: Unable to open hints file: C:\Build\Agent1\_work\2\s\examples\tactics\Arith.fst.hints; ran without hints
make[3]: Target 'all' not remade because of errors.
make[2]: *** [Makefile:35: tactics.all] Error 2
Warning: Unable to open hints file: C:\Build\Agent1\_work\2\s\ulib\FStar.Tactics.Effect.fst.hints; ran without hints
Warning: Unable to open hints file: C:\Build\Agent1\_work\2\s\ulib\FStar.Reflection.Syntax.fst.hints; ran without hints
make[2]: Target 'all' not remade because of errors.
make[1]: *** [Makefile:279: uexamples] Error 2
Warning: Unable to open hints file: C:\Build\Agent1\_work\2\s\ulib\FStar.Tactics.Derived.fst.hints; ran without hints
Warning: Unable to open hints file: C:\Build\Agent1\_work\2\s\ulib\FStar.Tactics.Canon.fst.hints; ran without hints
Warning: Unable to open hints file: C:\Build\Agent1\_work\2\s\ulib\FStar.Reflection.Formula.fst.hints; ran without hints
make[1]: Target 'uregressions' not remade because of errors.
make: *** [Makefile:260: utest] Error 2
