dos2unix: converting file parser/parse.fsi to Unix format...
Warning: you are using the standard library and/or the %inline keyword. We
recommend switching on --infer in order to avoid obscure type error messages.
dos2unix: converting file parse.mly to Unix format...
File "src/basic/ml/FStar_Util.ml", line 49, characters 57-65:
Warning 40: st_mtime was selected from type BatUnix.stats.
It is not visible in the current scope, and will not 
be selected if the type becomes unknown.
File "src/basic/ml/FStar_Util.ml", line 49, characters 57-65:
Warning 40: st_mtime was selected from type BatUnix.stats.
It is not visible in the current scope, and will not 
be selected if the type becomes unknown.
.\u_boot_fsts\FStar.Syntax.Syntax.fst(394,0-394,33): (Warning) Annotation from val declaration overrides inline type annotation
.\u_boot_fsts\FStar.Syntax.Syntax.fst(445,0-445,48): (Warning) Annotation from val declaration overrides inline type annotation
.\u_boot_fsts\FStar.Syntax.Syntax.fst(446,0-446,76): (Warning) Annotation from val declaration overrides inline type annotation
.\u_boot_fsts\FStar.Syntax.Syntax.fst(496,0-498,38): (Warning) Annotation from val declaration overrides inline type annotation
.\u_boot_fsts\FStar.TypeChecker.Util.fst(71,0-73,32): (Warning) Annotation from val declaration overrides inline type annotation
.\u_boot_fsts\FStar.TypeChecker.Env.fst(282,0-286,35): (Warning) Annotation from val declaration overrides inline type annotation
.\u_boot_fsts\FStar.TypeChecker.Env.fst(716,0-718,39): (Warning) Annotation from val declaration overrides inline type annotation
.\Ex01a.fst(68,0-68,48): (Warning) Top-level let-bindings must be total; this term may have effects
.\Ex01a.fst(58,0-58,48): (Warning) Top-level let-bindings must be total; this term may have effects
make[2]: *** [Makefile:54: search.cons-snoc.out.check] Error 1
make[2]: Target 'default' not remade because of errors.
make[1]: *** [Makefile:266: interactive-test] Error 2
Unexpected error
FStar_Errors.Error(_)
Raised at file "src/ocaml-output/FStar_ToSyntax_Interleave.ml", line 98, characters 26-35
Called from file "src/ocaml-output/FStar_ToSyntax_Interleave.ml", line 319, characters 46-73
Called from file "list.ml", line 84, characters 24-34
Called from file "src/ocaml-output/FStar_ToSyntax_Interleave.ml", line 314, characters 19-549
Called from file "src/ocaml-output/FStar_Universal.ml", line 38, characters 30-124
Called from file "src/ocaml-output/FStar_Universal.ml", line 290, characters 26-47
Called from file "src/ocaml-output/FStar_Universal.ml", line 378, characters 18-100
Called from file "src/ocaml-output/FStar_Universal.ml", line 407, characters 31-72
Called from file "src/ocaml-output/FStar_Universal.ml", line 424, characters 24-71
Called from file "src/ocaml-output/FStar_Universal.ml", line 465, characters 26-68
Called from file "src/ocaml-output/FStar_Main.ml", line 213, characters 27-67
Called from file "src/ocaml-output/FStar_Main.ml", line 236, characters 6-11

.\Array.fst(42,0-42,51): (Error) Expected the definition of as_seq to precede init_at
1 error was reported (see above)
make[3]: *** [../Makefile.include:16: Array.uver] Error 1
WARNING: (7093,51): pattern does not contain all quantified variables.
WARNING: (7093,51): pattern does not contain all quantified variables.
.\Encrypt_SymEnc.fst(30,0-30,27): (Warning) Top-level let-bindings must be total; this term may have effects
.\MAC.fst(45,0-45,53): (Warning) Top-level let-bindings must be total; this term may have effects
File "ulib/ml/FStar_HyperStack_ST.ml", line 9, characters 14-18:
Error: Unbound value root
make[3]: *** [Makefile:26: fstarlib.cma] Error 2
make[3]: Target 'all' not remade because of errors.
make[2]: *** [Makefile:12: ocaml] Error 2
make[1]: *** [Makefile:274: hello] Error 2
.\Ex10a.fst(28,0-28,22): (Warning) Top-level let-bindings must be total; this term may have effects
.\RPC.fst(9,0-9,53): (Warning) Top-level let-bindings must be total; this term may have effects
.\RPC.fst(23,0-23,39): (Warning) Top-level let-bindings must be total; this term may have effects
.\RPC.fst(48,0-49,16): (Warning) Top-level let-bindings must be total; this term may have effects
.\RPC.fst(116,0-116,17): (Warning) Top-level let-bindings must be total; this term may have effects
.\Ex10a.fst(28,0-28,22): (Warning) Top-level let-bindings must be total; this term may have effects
.\Ex12a.Cap.fst(22,0-22,26): (Warning) Top-level let-bindings must be total; this term may have effects
Warning: the module declaration "module AriadneM" found in file Ariadne.fst does not match its filename. Dependencies will be incorrect.
Unexpected error
FStar_Errors.Err("You passed --verify_module ariadne but I found no file that contains [module ariadne] in the dependency graph.\n")
Raised at file "src/ocaml-output/FStar_Parser_Dep.ml", line 973, characters 24-34
Called from file "list.ml", line 73, characters 12-15
Called from file "src/ocaml-output/FStar_Parser_Dep.ml", line 940, characters 7-1023
Called from file "src/ocaml-output/FStar_Dependencies.ml", line 12, characters 24-66
Called from file "src/ocaml-output/FStar_Main.ml", line 210, characters 27-116
Called from file "src/ocaml-output/FStar_Main.ml", line 236, characters 6-11

(Error) You passed --verify_module ariadne but I found no file that contains [module ariadne] in the dependency graph.

1 error was reported (see above)
make[3]: *** [../Makefile.include:16: Ariadne.uver] Error 1
.\Ex12a.Cap.fst(20,0-20,26): (Warning) Top-level let-bindings must be total; this term may have effects
.\Platform.Bytes.fst(15,32-18,29): (Warning) Pattern misses at least one bound variable: uu___#454524
WARNING: (7044,46): pattern does not contain any variable.
WARNING: (7227,46): pattern does not contain any variable.
WARNING: (6943,46): pattern does not contain any variable.
.\Platform.Bytes.fst(257,22-260,30): (Warning) Pattern misses at least one bound variable: i#491318
.\Platform.Bytes.fst(261,8-261,24): (Warning) Pattern misses at least one bound variable: i#493317 (see also .\Platform.Bytes.fst(257,156-260,30))
WARNING: (7249,46): pattern does not contain any variable.
WARNING: (68153,46): pattern does not contain any variable.
WARNING: (72049,43): pattern does not contain all quantified variables.
WARNING: (68153,46): pattern does not contain any variable.
WARNING: (72049,43): pattern does not contain all quantified variables.
WARNING: (7076,46): pattern does not contain any variable.
WARNING: (68153,46): pattern does not contain any variable.
WARNING: (72049,43): pattern does not contain all quantified variables.
WARNING: (68153,46): pattern does not contain any variable.
WARNING: (72049,43): pattern does not contain all quantified variables.
WARNING: (68153,46): pattern does not contain any variable.
WARNING: (72049,43): pattern does not contain all quantified variables.
WARNING: (68153,46): pattern does not contain any variable.
WARNING: (72049,43): pattern does not contain all quantified variables.
WARNING: (68153,46): pattern does not contain any variable.
WARNING: (72049,43): pattern does not contain all quantified variables.
WARNING: (68153,46): pattern does not contain any variable.
WARNING: (72049,43): pattern does not contain all quantified variables.
WARNING: (68153,46): pattern does not contain any variable.
WARNING: (72049,43): pattern does not contain all quantified variables.
.\Platform.Bytes.fst(15,40-18,29): (Warning) Pattern misses at least one bound variable: uu___#528042
.\Platform.Bytes.fst(261,8-261,24): (Warning) Pattern misses at least one bound variable: i#536429 (see also .\Platform.Bytes.fst(257,156-260,30))
jsonparser.pos\Test.fst(0,0-0,0): (Warning) Test: Unexpected output from Z3: (error "line 138425 column 95: Wrong number of arguments (1) passed to function (declare-fun JSONParser.Spec.object_as_type.fuel_instrumented

jsonparser.pos\Test.fst(0,0-0,0): (Warning) Test: Unexpected output from Z3: (Fuel Term Term Term Term)

jsonparser.pos\Test.fst(0,0-0,0): (Warning) Test: Unexpected output from Z3: Term)")

jsonparser.pos\Test.fst(0,0-0,0): (Warning) Test: Unexpected output from Z3: (error "line 138448 column 82: Wrong number of arguments (1) passed to function (declare-fun JSONParser.Spec.object_as_type.fuel_instrumented

jsonparser.pos\Test.fst(0,0-0,0): (Warning) Test: Unexpected output from Z3: (Fuel Term Term Term Term)

jsonparser.pos\Test.fst(0,0-0,0): (Warning) Test: Unexpected output from Z3: Term)")

jsonparser.pos\Test.fst(0,0-0,0): (Warning) Test: Unexpected output from Z3: (error "line 139722 column 47: Wrong number of arguments (1) passed to function (declare-fun JSONParser.Spec.gprint.fuel_instrumented (Fuel Term Term) Term)")

jsonparser.pos\Test.fst(0,0-0,0): (Warning) Test: Unexpected output from Z3: (error "line 142765 column 47: Wrong number of arguments (1) passed to function (declare-fun JSONParser.Spec.gparse.fuel_instrumented

jsonparser.pos\Test.fst(0,0-0,0): (Warning) Test: Unexpected output from Z3: (Fuel Term Term Term)

jsonparser.pos\Test.fst(0,0-0,0): (Warning) Test: Unexpected output from Z3: Term)")

jsonparser.pos\Test.fst(0,0-0,0): (Warning) Test: Unexpected output from Z3: (error "line 138425 column 95: Wrong number of arguments (1) passed to function (declare-fun JSONParser.Spec.object_as_type.fuel_instrumented

jsonparser.pos\Test.fst(0,0-0,0): (Warning) Test: Unexpected output from Z3: (Fuel Term Term Term Term)

jsonparser.pos\Test.fst(0,0-0,0): (Warning) Test: Unexpected output from Z3: Term)")

jsonparser.pos\Test.fst(0,0-0,0): (Warning) Test: Unexpected output from Z3: (error "line 138448 column 82: Wrong number of arguments (1) passed to function (declare-fun JSONParser.Spec.object_as_type.fuel_instrumented

jsonparser.pos\Test.fst(0,0-0,0): (Warning) Test: Unexpected output from Z3: (Fuel Term Term Term Term)

jsonparser.pos\Test.fst(0,0-0,0): (Warning) Test: Unexpected output from Z3: Term)")

jsonparser.pos\Test.fst(0,0-0,0): (Warning) Test: Unexpected output from Z3: (error "line 139722 column 47: Wrong number of arguments (1) passed to function (declare-fun JSONParser.Spec.gprint.fuel_instrumented (Fuel Term Term) Term)")

jsonparser.pos\Test.fst(0,0-0,0): (Warning) Test: Unexpected output from Z3: (error "line 142765 column 47: Wrong number of arguments (1) passed to function (declare-fun JSONParser.Spec.gparse.fuel_instrumented

jsonparser.pos\Test.fst(0,0-0,0): (Warning) Test: Unexpected output from Z3: (Fuel Term Term Term)

jsonparser.pos\Test.fst(0,0-0,0): (Warning) Test: Unexpected output from Z3: Term)")

Warning: Unable to open hints file: C:\Build\Agent1\_work\2\s\examples\preorders\FreezingArray.fst.hints; ran without hints
.\Ex12b.RPC.fst(8,0-8,53): (Warning) Top-level let-bindings must be total; this term may have effects
.\Ex12b.RPC.fst(21,0-21,39): (Warning) Top-level let-bindings must be total; this term may have effects
.\Ex12b.RPC.fst(53,0-54,16): (Warning) Top-level let-bindings must be total; this term may have effects
.\Ex12b.RPC.fst(123,0-123,17): (Warning) Top-level let-bindings must be total; this term may have effects
.\CntProtocol.fst(14,0-14,53): (Warning) Top-level let-bindings must be total; this term may have effects
.\CntProtocol.fst(29,0-29,26): (Warning) Top-level let-bindings must be total; this term may have effects
.\CntProtocol.fst(32,0-32,54): (Warning) Top-level let-bindings must be total; this term may have effects
.\CntProtocol.fst(35,0-35,54): (Warning) Top-level let-bindings must be total; this term may have effects
.\CntProtocol.fst(99,0-99,39): (Warning) Top-level let-bindings must be total; this term may have effects
.\CntProtocol.fst(126,0-126,18): (Warning) Top-level let-bindings must be total; this term may have effects
.\CntProtocol.fst(172,0-188,5): (Warning) Top-level let-bindings must be total; this term may have effects
.\TestMRef.fst(8,0-8,15): (Warning) Top-level let-bindings must be total; this term may have effects
File "ulib/ml/FStar_HyperStack_ST.ml", line 9, characters 14-18:
Error: Unbound value root
make[4]: *** [Makefile:26: fstarlib.cma] Error 2
make[4]: Target 'all' not remade because of errors.
make[3]: *** [Makefile:56: Ex01a-ocaml] Error 2
.\Mac.fst(70,0-70,53): (Warning) Top-level let-bindings must be total; this term may have effects
make[3]: Target 'all' not remade because of errors.
make[2]: *** [Makefile:35: preorders.all] Error 2
Warning: Unable to open hints file: C:\Build\Agent1\_work\2\s\ulib\FStar.Monotonic.HyperHeap.fst.hints; ran without hints
Warning: Unable to open hints file: C:\Build\Agent1\_work\2\s\ulib\FStar.Monotonic.Heap.fst.hints; ran without hints
Warning: Unable to open hints file: C:\Build\Agent1\_work\2\s\ulib\FStar.Monotonic.HyperStack.fst.hints; ran without hints
Warning: Unable to open hints file: C:\Build\Agent1\_work\2\s\ulib\FStar.Preorder.fst.hints; ran without hints
Warning: Unable to open hints file: C:\Build\Agent1\_work\2\s\ulib\FStar.Seq.Sorted.fst.hints; ran without hints
Warning: Unable to open hints file: C:\Build\Agent1\_work\2\s\ulib\FStar.Monotonic.Heap.fsti.hints; ran without hints
.\Ex11a.fst(131,0-139,34): (Error) Unknown assertion failed
Verified module: Ex11a (192863 milliseconds)
1 error was reported (see above)
make[3]: *** [Makefile:38: verify-Ex11a.fst] Error 1
make[3]: Target 'all' not remade because of errors.
make[2]: *** [Makefile:35: ../doc/tutorial/code/exercises.all] Error 2
.\Ex11a.fst(132,0-140,34): (Error) Unknown assertion failed
.\Ex11a.fst(213,0-223,48): (Error) Unknown assertion failed
Verified module: Ex11a (277959 milliseconds)
2 errors were reported (see above)
make[3]: *** [Makefile:39: verify-Ex11a.fst] Error 1
make[3]: Target 'all' not remade because of errors.
make[2]: *** [Makefile:35: ../doc/tutorial/code/solutions.all] Error 2
make[2]: Target 'all' not remade because of errors.
make[1]: *** [Makefile:283: uexamples] Error 2
make[1]: Target 'uregressions' not remade because of errors.
make: *** [Makefile:260: utest] Error 2
