warning: CRLF will be replaced by LF in src/parser/parse.fsi.
The file will have its original line endings in your working directory.
Warning: you are using the standard library and/or the %inline keyword. We
recommend switching on --infer in order to avoid obscure type error messages.
File "src/basic/ml/FStar_Util.ml", line 47, characters 57-65:
Warning 40: st_mtime was selected from type BatUnix.stats.
It is not visible in the current scope, and will not 
be selected if the type becomes unknown.
File "src/basic/ml/FStar_Util.ml", line 47, characters 57-65:
Warning 40: st_mtime was selected from type BatUnix.stats.
It is not visible in the current scope, and will not 
be selected if the type becomes unknown.
.\u_boot_fsts\FStar.Syntax.Syntax.fst(394,0-394,33): (Warning) Annotation from val declaration overrides inline type annotation
.\u_boot_fsts\FStar.Syntax.Syntax.fst(445,0-445,48): (Warning) Annotation from val declaration overrides inline type annotation
.\u_boot_fsts\FStar.Syntax.Syntax.fst(446,0-446,76): (Warning) Annotation from val declaration overrides inline type annotation
.\u_boot_fsts\FStar.Syntax.Syntax.fst(496,0-498,38): (Warning) Annotation from val declaration overrides inline type annotation
.\u_boot_fsts\FStar.TypeChecker.Util.fst(71,0-73,32): (Warning) Annotation from val declaration overrides inline type annotation
.\u_boot_fsts\FStar.TypeChecker.Env.fst(282,0-286,35): (Warning) Annotation from val declaration overrides inline type annotation
.\u_boot_fsts\FStar.TypeChecker.Env.fst(716,0-718,39): (Warning) Annotation from val declaration overrides inline type annotation
warning: CRLF will be replaced by LF in src/parser/ml/parse.mly.
The file will have its original line endings in your working directory.
warning: CRLF will be replaced by LF in src/parser/parse.fsi.
The file will have its original line endings in your working directory.
warning: CRLF will be replaced by LF in src/parser/parse.fsy.
The file will have its original line endings in your working directory.
make[3]: warning: jobserver unavailable: using -j1.  Add '+' to parent make rule.
File "ulib/ml/extracted/FStar_IndefiniteDescription.ml", line 7, characters 31-33:
Warning 20: this argument will not be used by the function.
File "ulib/ml/extracted/FStar_Tactics.ml", line 353, characters 45-46:
Warning 20: this argument will not be used by the function.
File "ulib/ml/extracted/FStar_Util.ml", line 2, characters 40-41:
Warning 20: this argument will not be used by the function.
File "ulib/ml/extracted/FStar_Util.ml", line 2, characters 42-43:
Warning 20: this argument will not be used by the function.
File "ulib/ml/extracted/FStar_Util.ml", line 3, characters 64-65:
Warning 20: this argument will not be used by the function.
File "ulib/ml/extracted/FStar_Util.ml", line 5, characters 37-38:
Warning 20: this argument will not be used by the function.
File "ulib/ml/extracted/FStar_Util.ml", line 5, characters 62-63:
Warning 20: this argument will not be used by the function.
File "ulib/ml/extracted/FStar_IndefiniteDescription.ml", line 7, characters 31-33:
Warning 20: this argument will not be used by the function.
File "ulib/ml/extracted/FStar_Tactics.ml", line 353, characters 45-46:
Warning 20: this argument will not be used by the function.
File "ulib/ml/extracted/FStar_Util.ml", line 2, characters 40-41:
Warning 20: this argument will not be used by the function.
File "ulib/ml/extracted/FStar_Util.ml", line 2, characters 42-43:
Warning 20: this argument will not be used by the function.
File "ulib/ml/extracted/FStar_Util.ml", line 3, characters 64-65:
Warning 20: this argument will not be used by the function.
File "ulib/ml/extracted/FStar_Util.ml", line 5, characters 37-38:
Warning 20: this argument will not be used by the function.
File "ulib/ml/extracted/FStar_Util.ml", line 5, characters 62-63:
Warning 20: this argument will not be used by the function.
make[3]: warning: jobserver unavailable: using -j1.  Add '+' to parent make rule.
.\hello.fst(5,0-5,37): (Warning) Top-level let-bindings must be total; this term may have effects
.\Ex01a.fst(68,0-68,48): (Warning) Top-level let-bindings must be total; this term may have effects
.\Ex01a.fst(58,0-58,48): (Warning) Top-level let-bindings must be total; this term may have effects
.\Encrypt_SymEnc.fst(30,0-30,18): (Warning) Top-level let-bindings must be total; this term may have effects
.\MAC.fst(45,0-45,35): (Warning) Top-level let-bindings must be total; this term may have effects
.\Platform.Bytes.fst(15,32-18,29): (Warning) Pattern misses at least one bound variable: uu___#421564
WARNING: (6866,46): pattern does not contain any variable.
WARNING: (7049,46): pattern does not contain any variable.
WARNING: (6765,46): pattern does not contain any variable.
Warning: Unable to open hints file: C:\Build\Agent1\_work\2\s\ulib\FStar.Pervasives.Native.fst.hints; ran without hints
.\Platform.Bytes.fst(257,22-260,30): (Warning) Pattern misses at least one bound variable: i#458360
.\Platform.Bytes.fst(261,8-261,24): (Warning) Pattern misses at least one bound variable: i#460359 (see also .\Platform.Bytes.fst(257,156-260,30))
WARNING: (7071,46): pattern does not contain any variable.
WARNING: (65171,46): pattern does not contain any variable.
WARNING: (69067,43): pattern does not contain all quantified variables.
WARNING: (6915,51): pattern does not contain all quantified variables.
WARNING: (6915,51): pattern does not contain all quantified variables.
WARNING: (65171,46): pattern does not contain any variable.
WARNING: (69067,43): pattern does not contain all quantified variables.
WARNING: (6898,46): pattern does not contain any variable.
WARNING: (65171,46): pattern does not contain any variable.
WARNING: (69067,43): pattern does not contain all quantified variables.
WARNING: (65171,46): pattern does not contain any variable.
WARNING: (69067,43): pattern does not contain all quantified variables.
.\RPC.fst(9,0-9,53): (Warning) Top-level let-bindings must be total; this term may have effects
.\RPC.fst(23,0-23,39): (Warning) Top-level let-bindings must be total; this term may have effects
.\RPC.fst(48,0-49,16): (Warning) Top-level let-bindings must be total; this term may have effects
WARNING: (65171,46): pattern does not contain any variable.
WARNING: (69067,43): pattern does not contain all quantified variables.
.\RPC.fst(116,0-116,17): (Warning) Top-level let-bindings must be total; this term may have effects
WARNING: (65171,46): pattern does not contain any variable.
WARNING: (69067,43): pattern does not contain all quantified variables.
WARNING: (65171,46): pattern does not contain any variable.
WARNING: (69067,43): pattern does not contain all quantified variables.
WARNING: (65171,46): pattern does not contain any variable.
WARNING: (69067,43): pattern does not contain all quantified variables.
WARNING: (65171,46): pattern does not contain any variable.
WARNING: (69067,43): pattern does not contain all quantified variables.
.\Platform.Bytes.fst(15,40-18,29): (Warning) Pattern misses at least one bound variable: uu___#495084
.\Platform.Bytes.fst(261,8-261,24): (Warning) Pattern misses at least one bound variable: i#503472 (see also .\Platform.Bytes.fst(257,156-260,30))
.\CntProtocol.fst(14,0-14,53): (Warning) Top-level let-bindings must be total; this term may have effects
.\CntProtocol.fst(29,0-29,26): (Warning) Top-level let-bindings must be total; this term may have effects
.\CntProtocol.fst(32,0-32,54): (Warning) Top-level let-bindings must be total; this term may have effects
.\CntProtocol.fst(35,0-35,54): (Warning) Top-level let-bindings must be total; this term may have effects
.\CntProtocol.fst(99,0-99,39): (Warning) Top-level let-bindings must be total; this term may have effects
jsonparser.pos\Test.fst(0,0-0,0): (Warning) Test: Unexpected output from Z3: (error "line 133459 column 95: Wrong number of arguments (1) passed to function (declare-fun JSONParser.Spec.object_as_type.fuel_instrumented

jsonparser.pos\Test.fst(0,0-0,0): (Warning) Test: Unexpected output from Z3: (Fuel Term Term Term Term)

jsonparser.pos\Test.fst(0,0-0,0): (Warning) Test: Unexpected output from Z3: Term)")

jsonparser.pos\Test.fst(0,0-0,0): (Warning) Test: Unexpected output from Z3: (error "line 133482 column 82: Wrong number of arguments (1) passed to function (declare-fun JSONParser.Spec.object_as_type.fuel_instrumented

jsonparser.pos\Test.fst(0,0-0,0): (Warning) Test: Unexpected output from Z3: (Fuel Term Term Term Term)

jsonparser.pos\Test.fst(0,0-0,0): (Warning) Test: Unexpected output from Z3: Term)")

jsonparser.pos\Test.fst(0,0-0,0): (Warning) Test: Unexpected output from Z3: (error "line 134756 column 47: Wrong number of arguments (1) passed to function (declare-fun JSONParser.Spec.gprint.fuel_instrumented (Fuel Term Term) Term)")

jsonparser.pos\Test.fst(0,0-0,0): (Warning) Test: Unexpected output from Z3: (error "line 137799 column 47: Wrong number of arguments (1) passed to function (declare-fun JSONParser.Spec.gparse.fuel_instrumented

jsonparser.pos\Test.fst(0,0-0,0): (Warning) Test: Unexpected output from Z3: (Fuel Term Term Term)

jsonparser.pos\Test.fst(0,0-0,0): (Warning) Test: Unexpected output from Z3: Term)")

.\CntProtocol.fst(126,0-126,18): (Warning) Top-level let-bindings must be total; this term may have effects
.\CntProtocol.fst(172,0-188,5): (Warning) Top-level let-bindings must be total; this term may have effects
.\Ex10a.fst(28,0-28,22): (Warning) Top-level let-bindings must be total; this term may have effects
.\Ex10a.fst(28,0-28,22): (Warning) Top-level let-bindings must be total; this term may have effects
.\Ex12a.Cap.fst(20,0-20,26): (Warning) Top-level let-bindings must be total; this term may have effects
.\Ex12b.RPC.fst(8,0-8,53): (Warning) Top-level let-bindings must be total; this term may have effects
.\Ex12b.RPC.fst(21,0-21,39): (Warning) Top-level let-bindings must be total; this term may have effects
.\TestMRef.fst(8,0-8,20): (Warning) Top-level let-bindings must be total; this term may have effects
.\Ex12a.Cap.fst(22,0-22,26): (Warning) Top-level let-bindings must be total; this term may have effects
.\Ex12b.RPC.fst(53,0-54,16): (Warning) Top-level let-bindings must be total; this term may have effects
.\Ex12b.RPC.fst(123,0-123,17): (Warning) Top-level let-bindings must be total; this term may have effects
make[5]: warning: jobserver unavailable: using -j1.  Add '+' to parent make rule.
make[5]: warning: jobserver unavailable: using -j1.  Add '+' to parent make rule.
.\Mac.fst(70,0-70,35): (Warning) Top-level let-bindings must be total; this term may have effects
.\Ex01a.fst(58,0-58,48): (Warning) Top-level let-bindings must be total; this term may have effects
make[3]: [Makefile:59: Ex01a-ocaml] Error 2 (ignored)
.\FStar.Math.Lib.fst(15,0-17,41): (Error) Unknown assertion failed
Verified module: FStar.Math.Lib (13765 milliseconds)
1 error was reported (see above)
make[2]: *** [Makefile:16: FStar.Math.Lib.fst-ver] Error 1
.\FStar.Math.Lemmas.fst(561,0-568,41): (Error) Unknown assertion failed
Verified module: FStar.Math.Lemmas (103765 milliseconds)
1 error was reported (see above)
make[2]: *** [Makefile:16: FStar.Math.Lemmas.fst-ver] Error 1
make[2]: Target 'all' not remade because of errors.
make[1]: *** [Makefile:277: ulib] Error 2
make[1]: Target 'uregressions' not remade because of errors.
make: *** [Makefile:261: utest] Error 2
