This is /home/everbld/everest-ci/ci
Working directory: /cygdrive/c/Build/Agent/_work/1/s
About to run: make -C src utest -j 24 -k
BUILD_SOURCEBRANCHNAME: aseem_positivity
BUILD_DEFINITIONNAME: FStar-CI-Windows
make: Entering directory '/cygdrive/c/Build/Agent/_work/1/s/src'
make all
make[1]: Entering directory '/cygdrive/c/Build/Agent/_work/1/s/src'
make[1]: warning: jobserver unavailable: using -j1.  Add '+' to parent make rule.
VS/.nuget/NuGet.exe restore VS/FStar.sln
Installing 'FsLexYacc 6.1.0'.
Installing 'FsLexYacc.Runtime 6.1.0'.
Successfully installed 'FsLexYacc.Runtime 6.1.0'.
Successfully installed 'FsLexYacc 6.1.0'.
make -C VS install-packages
make[2]: Entering directory '/cygdrive/c/Build/Agent/_work/1/s/src/VS'
[ -d packages ] || make update-nuget
.nuget/NuGet.exe restore FStar.sln
All packages listed in packages.config are already installed.
find packages -name '*.exe' -exec chmod +x '{}' ';'
make[2]: Leaving directory '/cygdrive/c/Build/Agent/_work/1/s/src/VS'
"C:/Program Files (x86)/MSBuild/14.0/bin/amd64/"/MSBuild.exe /verbosity:minimal /p:Configuration=Release VS/FStar.sln
Microsoft (R) Build Engine version 14.0.25420.1
Copyright (C) Microsoft Corporation. All rights reserved.

basic -> C:\Build\Agent\_work\1\s\bin\basic.dll
Restoring NuGet packages...
To prevent NuGet from downloading packages during build, open the Visual Studio Options dialog, click on the Package Manager node and uncheck 'Allow NuGet to download missing packages'.
All packages listed in packages.config are already installed.
prettyprint -> C:\Build\Agent\_work\1\s\bin\prettyprint.dll
C:\Build\Agent\_work\1\s\src\syntax\FStar.Syntax.Print.fs(487,36): warning FS0025: Incomplete pattern matches on this expression. For example, the value 'Sig_pragma (LightOff, _)' may indicate a case not covered by the pattern(s). [C:\Build\Agent\_work\1\s\src\syntax\syntax.fsproj]
syntax -> C:\Build\Agent\_work\1\s\bin\syntax.dll
typechecker -> C:\Build\Agent\_work\1\s\bin\typechecker.dll
compiling to dfas (can take a while...)
342 states
writing output
building tables
computing first function...time: 00:00:00.1929356
building kernels...time: 00:00:00.1328196
building kernel table...time: 00:00:00.0165482
computing lookahead relations........................................................................................................................................................................................................................................................................................................................................................................................................................................................................................................................................................................................................................................................................................................................................................time: 00:00:00.4732636
building lookahead table...time: 00:00:00.2071022
building action table...state 415: shift/reduce error on SEMICOLON
state 442: shift/reduce error on BAR
state 445: shift/reduce error on LBRACE
state 446: shift/reduce error on BAR
state 457: shift/reduce error on BAR
state 533: shift/reduce error on COLON_EQUALS
state 569: shift/reduce error on LBRACE
time: 00:00:00.7183961
building goto table...time: 00:00:00.2280263
returning tables.
7 shift/reduce conflicts
725 states
139 nonterminals
141 terminals
392 productions
#rows in action table: 725
parser -> C:\Build\Agent\_work\1\s\bin\parser.dll
format -> C:\Build\Agent\_work\1\s\bin\format.dll
extraction -> C:\Build\Agent\_work\1\s\bin\extraction.dll
fsdoc -> C:\Build\Agent\_work\1\s\bin\fsdoc.dll
smtencoding -> C:\Build\Agent\_work\1\s\bin\smtencoding.dll
tosyntax -> C:\Build\Agent\_work\1\s\bin\tosyntax.dll
fstar -> C:\Build\Agent\_work\1\s\bin\fstar.exe
tests -> C:\Build\Agent\_work\1\s\bin\tests.exe
chmod a+x ../bin/tests.exe
chmod a+x ../bin/fstar.exe
make[1]: Leaving directory '/cygdrive/c/Build/Agent/_work/1/s/src'
make fsharp-regressions #normalizer failures on linux so only run on windows
make[1]: Entering directory '/cygdrive/c/Build/Agent/_work/1/s/src'
make[1]: warning: jobserver unavailable: using -j1.  Add '+' to parent make rule.
../bin/tests.exe
Initializing ...
Testing the normalizer
0: ...
1: ...
2: ...
3: ...
4: ...
5: ...
6: ...
7: ...
8: ...
9: ...
10: ...
11: ...
12: ...
13: ...
14: ...
15: ...
16: ...
17: ...
18: ...
19: ...
20: ...
21: ...
22: ...
23: ...
Normalizer ok
Testing the unifier
0 ...
Unify x
and x

1 ...
Unify x
and y

2 ...
Unify x
and ((fun x -> x@0) x)

3 ...
Unify (fun x -> x@0)
and (fun x -> x@0)

4 ...
Unify (fun x -> x@0)
and (fun y -> y@0)

5 ...
Unify (fun x y -> x@1)
and (fun a b -> a@1)

6 ...
Unify (fun x y z -> y@1)
and (fun a b c -> b@1)

7 ...
Unify (fun x y -> y@0)
and (fun x y -> x@1)

8 ...
Unify (fun x y z -> y@1)
and (fun x y z -> z@0)

9 ...
Unify (fun x -> (?20515 x@0))
and (fun x -> (tuple2 x@0 x@0))

10 ...
Unify (fun x -> (?20520 x@0))
and (fun x y -> (op_Addition x@1 y@0))

11 ...
Unify (x:int -> y:(y#162476:int{(eq2 y@0 x@1)}) -> Tot bool)
and (x:int -> y:int -> Tot bool)

12 ...
Unify (a:Type -> b:(_:a@0 -> Type) -> x:a@1 -> y:(b@1 x@0) -> Type)
and (a:Type -> b:(_:a@0 -> Type) -> x:a@1 -> y:(b@1 x@0) -> Type)

Unifier ok
make[1]: Leaving directory '/cygdrive/c/Build/Agent/_work/1/s/src'
make -C ocaml-output
make[1]: Entering directory '/cygdrive/c/Build/Agent/_work/1/s/src/ocaml-output'
# TODO : call menhir directly when positions are fixed instead of
# letting OCamlbuild go through ocamlyacc
menhir  --only-preprocess-for-ocamlyacc ../parser/parse.mly > parse.mly
Warning: you are using the standard library and/or the %inline keyword. We
recommend switching on --infer in order to avoid obscure type error messages.
warning: CRLF will be replaced by LF in src/parser/parse.fsi.
The file will have its original line endings in your working directory.
# Save a copy of the dumb parse.mly for whoever doesn't have menhir.
echo 'let version = "0.9.3.1-beta"' > FStar_Version.ml
cp parse.mly ../parser/ml/
echo 'let platform = "Windows_x64"' >> FStar_Version.ml
echo "%{" > ../parser/parse.fsy
# We are opening the same module twice but we need these modules
echo 'let compiler = "OCaml 4.02.3"' >> FStar_Version.ml
echo "#light \"off\"" >> ../parser/parse.fsy
# open for the definition of tokens
echo 'let date = "2017-02-01T04:50:14-08:00"' >> FStar_Version.ml
echo "// (c) Microsoft Corporation. All rights reserved" >> ../parser/parse.fsy
echo "open Prims" > FStar_Parser_Parse.ml
echo 'let commit= "896c8af (dirty)"' >> FStar_Version.ml
echo "open Prims" >> ../parser/parse.fsy
echo "open FStar_Errors" >> FStar_Parser_Parse.ml
echo "open FStar.Errors" >> ../parser/parse.fsy
echo "open FStar_List" >> FStar_Parser_Parse.ml
echo "open FStar.List" >> ../parser/parse.fsy
echo "open FStar_Util" >> FStar_Parser_Parse.ml
echo "open FStar.Util" >> ../parser/parse.fsy
echo "open FStar_Range" >> FStar_Parser_Parse.ml
echo "open FStar.Range" >> ../parser/parse.fsy
echo "open FStar_Options" >> FStar_Parser_Parse.ml
echo "open FStar.Options" >> ../parser/parse.fsy
echo "open FStar_Syntax_Syntax" >> FStar_Parser_Parse.ml
echo "open FStar.Syntax.Syntax" >> ../parser/parse.fsy
echo "open FStar_Syntax_Const" >> FStar_Parser_Parse.ml
echo "open FStar.Syntax.Const" >> ../parser/parse.fsy
echo "open FStar_Syntax_Util" >> FStar_Parser_Parse.ml
echo "open FStar.Syntax.Util" >> ../parser/parse.fsy
echo "open FStar_Parser_AST" >> FStar_Parser_Parse.ml
echo "open FStar.Parser.AST" >> ../parser/parse.fsy
echo "open FStar_Parser_Util" >> FStar_Parser_Parse.ml
echo "open FStar.Parser.Util" >> ../parser/parse.fsy
echo "open FStar_Const" >> FStar_Parser_Parse.ml
echo "open FStar.Const" >> ../parser/parse.fsy
echo "open FStar_Ident" >> FStar_Parser_Parse.ml
echo "open FStar.Ident" >> ../parser/parse.fsy
echo "open FStar_String" >> FStar_Parser_Parse.ml
echo "open FStar.String" >> ../parser/parse.fsy
# TODO: create a proper OCamlbuild rule for this production so that
# TODO : fsyacc seems to complain as soon as there is an arrow -> in a %type declaration...
# OCamlbuild knows how to generate parse.mly first (possibly using
cat parse.mly | sed -e '/%{/d' \
-e '/^open /d' \
-e '/%token/s/[a-zA-Z0-9_]*\.//g' \
-e '/%type/s/[a-zA-Z0-9_]*\.//g' \
-e '/%token.*->.*/d' \
-e '/%type.*->.*/d' \
>> ../parser/parse.fsy
# menhir) and removes the production as needed.
ocamlyacc parse.mly
6 shift/reduce conflicts.
cat parse.ml >> FStar_Parser_Parse.ml
rm parse.ml parse.mli
cd ../../ && ocamlbuild -cflag '-g' -I src/ocaml-output -I src/basic/ml -I src/parser/ml -I src/fstar/ml -j 24 -build-dir src/ocaml-output/_build -I src/prettyprint/ml -I src/ocaml-output/bootlibs -use-ocamlfind main.native
mkdir 'C:\Build\Agent\_work\1\s\src/ocaml-output/_build'
mkdir src
mkdir src/fstar
mkdir src/fstar/ml
''ocamlfind ocamldep -package batteries -package zarith -package yojson -package pprint -modules src/fstar/ml/main.ml > src/fstar/ml/main.ml.depends
mkdir src/ocaml-output
''ocamlfind ocamldep -package batteries -package zarith -package yojson -package pprint -modules src/ocaml-output/FStar_Main.ml > src/ocaml-output/FStar_Main.ml.depends
mkdir src/ocaml-output/bootlibs
''ocamlfind ocamldep -package batteries -package zarith -package yojson -package pprint -modules src/ocaml-output/bootlibs/FStar_All.ml > src/ocaml-output/bootlibs/FStar_All.ml.depends
''ocamlfind ocamldep -package batteries -package zarith -package yojson -package pprint -modules src/ocaml-output/FStar_Dependencies.ml > src/ocaml-output/FStar_Dependencies.ml.depends
''ocamlfind ocamlc -c -g -annot -bin-annot -thread -w -8-11-21-26-28 -package batteries -package zarith -package yojson -package pprint -I src/ocaml-output/bootlibs -I src/ocaml-output -I src/prettyprint/ml -I src/parser/ml -I src/fstar/ml -I src/basic/ml -o src/ocaml-output/bootlibs/FStar_All.cmo src/ocaml-output/bootlibs/FStar_All.ml
''ocamlfind ocamldep -package batteries -package zarith -package yojson -package pprint -modules src/ocaml-output/bootlibs/FStar_List.ml > src/ocaml-output/bootlibs/FStar_List.ml.depends
''ocamlfind ocamldep -package batteries -package zarith -package yojson -package pprint -modules src/ocaml-output/FStar_Options.ml > src/ocaml-output/FStar_Options.ml.depends
''ocamlfind ocamldep -package batteries -package zarith -package yojson -package pprint -modules src/ocaml-output/bootlibs/FStar_BaseTypes.ml > src/ocaml-output/bootlibs/FStar_BaseTypes.ml.depends
''ocamlfind ocamldep -package batteries -package zarith -package yojson -package pprint -modules src/ocaml-output/bootlibs/FStar_Char.ml > src/ocaml-output/bootlibs/FStar_Char.ml.depends
''ocamlfind ocamldep -package batteries -package zarith -package yojson -package pprint -modules src/ocaml-output/bootlibs/FStar_Float.ml > src/ocaml-output/bootlibs/FStar_Float.ml.depends
''ocamlfind ocamldep -package batteries -package zarith -package yojson -package pprint -modules src/ocaml-output/bootlibs/FStar_Int16.ml > src/ocaml-output/bootlibs/FStar_Int16.ml.depends
''ocamlfind ocamldep -package batteries -package zarith -package yojson -package pprint -modules src/ocaml-output/bootlibs/FStar_Int32.ml > src/ocaml-output/bootlibs/FStar_Int32.ml.depends
''ocamlfind ocamldep -package batteries -package zarith -package yojson -package pprint -modules src/ocaml-output/bootlibs/FStar_Int64.ml > src/ocaml-output/bootlibs/FStar_Int64.ml.depends
''ocamlfind ocamldep -package batteries -package zarith -package yojson -package pprint -modules src/ocaml-output/bootlibs/FStar_Int8.ml > src/ocaml-output/bootlibs/FStar_Int8.ml.depends
''ocamlfind ocamldep -package batteries -package zarith -package yojson -package pprint -modules src/ocaml-output/bootlibs/FStar_UInt16.ml > src/ocaml-output/bootlibs/FStar_UInt16.ml.depends
''ocamlfind ocamldep -package batteries -package zarith -package yojson -package pprint -modules src/ocaml-output/bootlibs/FStar_UInt8.ml > src/ocaml-output/bootlibs/FStar_UInt8.ml.depends
''ocamlfind ocamlc -c -g -annot -bin-annot -thread -w -8-11-21-26-28 -package batteries -package zarith -package yojson -package pprint -I src/ocaml-output/bootlibs -I src/ocaml-output -I src/prettyprint/ml -I src/parser/ml -I src/fstar/ml -I src/basic/ml -o src/ocaml-output/bootlibs/FStar_Char.cmo src/ocaml-output/bootlibs/FStar_Char.ml
''ocamlfind ocamlc -c -g -annot -bin-annot -thread -w -8-11-21-26-28 -package batteries -package zarith -package yojson -package pprint -I src/ocaml-output/bootlibs -I src/ocaml-output -I src/prettyprint/ml -I src/parser/ml -I src/fstar/ml -I src/basic/ml -o src/ocaml-output/bootlibs/FStar_Float.cmo src/ocaml-output/bootlibs/FStar_Float.ml
''ocamlfind ocamlc -c -g -annot -bin-annot -thread -w -8-11-21-26-28 -package batteries -package zarith -package yojson -package pprint -I src/ocaml-output/bootlibs -I src/ocaml-output -I src/prettyprint/ml -I src/parser/ml -I src/fstar/ml -I src/basic/ml -o src/ocaml-output/bootlibs/FStar_Int16.cmo src/ocaml-output/bootlibs/FStar_Int16.ml
''ocamlfind ocamlc -c -g -annot -bin-annot -thread -w -8-11-21-26-28 -package batteries -package zarith -package yojson -package pprint -I src/ocaml-output/bootlibs -I src/ocaml-output -I src/prettyprint/ml -I src/parser/ml -I src/fstar/ml -I src/basic/ml -o src/ocaml-output/bootlibs/FStar_Int32.cmo src/ocaml-output/bootlibs/FStar_Int32.ml
''ocamlfind ocamlc -c -g -annot -bin-annot -thread -w -8-11-21-26-28 -package batteries -package zarith -package yojson -package pprint -I src/ocaml-output/bootlibs -I src/ocaml-output -I src/prettyprint/ml -I src/parser/ml -I src/fstar/ml -I src/basic/ml -o src/ocaml-output/bootlibs/FStar_Int64.cmo src/ocaml-output/bootlibs/FStar_Int64.ml
''ocamlfind ocamlc -c -g -annot -bin-annot -thread -w -8-11-21-26-28 -package batteries -package zarith -package yojson -package pprint -I src/ocaml-output/bootlibs -I src/ocaml-output -I src/prettyprint/ml -I src/parser/ml -I src/fstar/ml -I src/basic/ml -o src/ocaml-output/bootlibs/FStar_Int8.cmo src/ocaml-output/bootlibs/FStar_Int8.ml
''ocamlfind ocamlc -c -g -annot -bin-annot -thread -w -8-11-21-26-28 -package batteries -package zarith -package yojson -package pprint -I src/ocaml-output/bootlibs -I src/ocaml-output -I src/prettyprint/ml -I src/parser/ml -I src/fstar/ml -I src/basic/ml -o src/ocaml-output/bootlibs/FStar_UInt16.cmo src/ocaml-output/bootlibs/FStar_UInt16.ml
''ocamlfind ocamlc -c -g -annot -bin-annot -thread -w -8-11-21-26-28 -package batteries -package zarith -package yojson -package pprint -I src/ocaml-output/bootlibs -I src/ocaml-output -I src/prettyprint/ml -I src/parser/ml -I src/fstar/ml -I src/basic/ml -o src/ocaml-output/bootlibs/FStar_UInt8.cmo src/ocaml-output/bootlibs/FStar_UInt8.ml
mkdir src/basic
mkdir src/basic/ml
''ocamlfind ocamldep -package batteries -package zarith -package yojson -package pprint -modules src/basic/ml/FStar_Getopt.ml > src/basic/ml/FStar_Getopt.ml.depends
''ocamlfind ocamlc -c -g -annot -bin-annot -thread -w -8-11-21-26-28 -package batteries -package zarith -package yojson -package pprint -I src/ocaml-output/bootlibs -I src/ocaml-output -I src/prettyprint/ml -I src/parser/ml -I src/fstar/ml -I src/basic/ml -o src/ocaml-output/bootlibs/FStar_List.cmo src/ocaml-output/bootlibs/FStar_List.ml
''ocamlfind ocamldep -package batteries -package zarith -package yojson -package pprint -modules src/basic/ml/FStar_Platform.ml > src/basic/ml/FStar_Platform.ml.depends
''ocamlfind ocamldep -package batteries -package zarith -package yojson -package pprint -modules src/ocaml-output/bootlibs/FStar_ST.ml > src/ocaml-output/bootlibs/FStar_ST.ml.depends
''ocamlfind ocamldep -package batteries -package zarith -package yojson -package pprint -modules src/ocaml-output/bootlibs/FStar_String.ml > src/ocaml-output/bootlibs/FStar_String.ml.depends
''ocamlfind ocamldep -package batteries -package zarith -package yojson -package pprint -modules src/basic/ml/FStar_Util.ml > src/basic/ml/FStar_Util.ml.depends
''ocamlfind ocamldep -package batteries -package zarith -package yojson -package pprint -modules src/ocaml-output/bootlibs/prims.ml > src/ocaml-output/bootlibs/prims.ml.depends
''ocamlfind ocamldep -package batteries -package zarith -package yojson -package pprint -modules src/ocaml-output/bootlibs/MkPrims.ml > src/ocaml-output/bootlibs/MkPrims.ml.depends
''ocamlfind ocamlc -c -g -annot -bin-annot -thread -w -8-11-21-26-28 -package batteries -package zarith -package yojson -package pprint -I src/ocaml-output/bootlibs -I src/ocaml-output -I src/prettyprint/ml -I src/parser/ml -I src/fstar/ml -I src/basic/ml -o src/ocaml-output/bootlibs/MkPrims.cmo src/ocaml-output/bootlibs/MkPrims.ml
''ocamlfind ocamlc -c -g -annot -bin-annot -thread -w -8-11-21-26-28 -package batteries -package zarith -package yojson -package pprint -I src/ocaml-output/bootlibs -I src/ocaml-output -I src/prettyprint/ml -I src/parser/ml -I src/fstar/ml -I src/basic/ml -o src/ocaml-output/bootlibs/prims.cmo src/ocaml-output/bootlibs/prims.ml
''ocamlfind ocamldep -package batteries -package zarith -package yojson -package pprint -modules src/ocaml-output/FStar_Version.ml > src/ocaml-output/FStar_Version.ml.depends
''ocamlfind ocamlc -c -g -annot -bin-annot -thread -w -8-11-21-26-28 -package batteries -package zarith -package yojson -package pprint -I src/ocaml-output/bootlibs -I src/ocaml-output -I src/prettyprint/ml -I src/parser/ml -I src/fstar/ml -I src/basic/ml -o src/ocaml-output/bootlibs/FStar_BaseTypes.cmo src/ocaml-output/bootlibs/FStar_BaseTypes.ml
''ocamlfind ocamlc -c -g -annot -bin-annot -thread -w -8-11-21-26-28 -package batteries -package zarith -package yojson -package pprint -I src/basic/ml -I src/ocaml-output -I src/prettyprint/ml -I src/parser/ml -I src/ocaml-output/bootlibs -I src/fstar/ml -o src/basic/ml/FStar_Getopt.cmo src/basic/ml/FStar_Getopt.ml
''ocamlfind ocamlc -c -g -annot -bin-annot -thread -w -8-11-21-26-28 -package batteries -package zarith -package yojson -package pprint -I src/basic/ml -I src/ocaml-output -I src/prettyprint/ml -I src/parser/ml -I src/ocaml-output/bootlibs -I src/fstar/ml -o src/basic/ml/FStar_Platform.cmo src/basic/ml/FStar_Platform.ml
''ocamlfind ocamlc -c -g -annot -bin-annot -thread -w -8-11-21-26-28 -package batteries -package zarith -package yojson -package pprint -I src/ocaml-output/bootlibs -I src/ocaml-output -I src/prettyprint/ml -I src/parser/ml -I src/fstar/ml -I src/basic/ml -o src/ocaml-output/bootlibs/FStar_ST.cmo src/ocaml-output/bootlibs/FStar_ST.ml
''ocamlfind ocamlc -c -g -annot -bin-annot -thread -w -8-11-21-26-28 -package batteries -package zarith -package yojson -package pprint -I src/ocaml-output/bootlibs -I src/ocaml-output -I src/prettyprint/ml -I src/parser/ml -I src/fstar/ml -I src/basic/ml -o src/ocaml-output/bootlibs/FStar_String.cmo src/ocaml-output/bootlibs/FStar_String.ml
''ocamlfind ocamlc -c -g -annot -bin-annot -thread -w -8-11-21-26-28 -package batteries -package zarith -package yojson -package pprint -I src/basic/ml -I src/ocaml-output -I src/prettyprint/ml -I src/parser/ml -I src/ocaml-output/bootlibs -I src/fstar/ml -o src/basic/ml/FStar_Util.cmo src/basic/ml/FStar_Util.ml
File "src/basic/ml/FStar_Util.ml", line 47, characters 57-65:
Warning 40: st_mtime was selected from type BatUnix.stats.
It is not visible in the current scope, and will not 
be selected if the type becomes unknown.
''ocamlfind ocamlc -c -g -annot -bin-annot -thread -w -8-11-21-26-28 -package batteries -package zarith -package yojson -package pprint -I src/ocaml-output -I src/prettyprint/ml -I src/parser/ml -I src/ocaml-output/bootlibs -I src/fstar/ml -I src/basic/ml -o src/ocaml-output/FStar_Version.cmo src/ocaml-output/FStar_Version.ml
''ocamlfind ocamldep -package batteries -package zarith -package yojson -package pprint -modules src/ocaml-output/FStar_Parser_Dep.ml > src/ocaml-output/FStar_Parser_Dep.ml.depends
''ocamlfind ocamldep -package batteries -package zarith -package yojson -package pprint -modules src/ocaml-output/FStar_Const.ml > src/ocaml-output/FStar_Const.ml.depends
''ocamlfind ocamldep -package batteries -package zarith -package yojson -package pprint -modules src/ocaml-output/FStar_Ident.ml > src/ocaml-output/FStar_Ident.ml.depends
''ocamlfind ocamldep -package batteries -package zarith -package yojson -package pprint -modules src/basic/ml/FStar_Range.ml > src/basic/ml/FStar_Range.ml.depends
''ocamlfind ocamlc -c -g -annot -bin-annot -thread -w -8-11-21-26-28 -package batteries -package zarith -package yojson -package pprint -I src/basic/ml -I src/ocaml-output -I src/prettyprint/ml -I src/parser/ml -I src/ocaml-output/bootlibs -I src/fstar/ml -o src/basic/ml/FStar_Range.cmo src/basic/ml/FStar_Range.ml
''ocamlfind ocamlc -c -g -annot -bin-annot -thread -w -8-11-21-26-28 -package batteries -package zarith -package yojson -package pprint -I src/ocaml-output -I src/prettyprint/ml -I src/parser/ml -I src/ocaml-output/bootlibs -I src/fstar/ml -I src/basic/ml -o src/ocaml-output/FStar_Ident.cmo src/ocaml-output/FStar_Ident.ml
''ocamlfind ocamldep -package batteries -package zarith -package yojson -package pprint -modules src/ocaml-output/FStar_Errors.ml > src/ocaml-output/FStar_Errors.ml.depends
''ocamlfind ocamlc -c -g -annot -bin-annot -thread -w -8-11-21-26-28 -package batteries -package zarith -package yojson -package pprint -I src/ocaml-output -I src/prettyprint/ml -I src/parser/ml -I src/ocaml-output/bootlibs -I src/fstar/ml -I src/basic/ml -o src/ocaml-output/FStar_Options.cmo src/ocaml-output/FStar_Options.ml
''ocamlfind ocamldep -package batteries -package zarith -package yojson -package pprint -modules src/ocaml-output/FStar_Parser_AST.ml > src/ocaml-output/FStar_Parser_AST.ml.depends
''ocamlfind ocamlc -c -g -annot -bin-annot -thread -w -8-11-21-26-28 -package batteries -package zarith -package yojson -package pprint -I src/ocaml-output -I src/prettyprint/ml -I src/parser/ml -I src/ocaml-output/bootlibs -I src/fstar/ml -I src/basic/ml -o src/ocaml-output/FStar_Const.cmo src/ocaml-output/FStar_Const.ml
''ocamlfind ocamlc -c -g -annot -bin-annot -thread -w -8-11-21-26-28 -package batteries -package zarith -package yojson -package pprint -I src/ocaml-output -I src/prettyprint/ml -I src/parser/ml -I src/ocaml-output/bootlibs -I src/fstar/ml -I src/basic/ml -o src/ocaml-output/FStar_Errors.cmo src/ocaml-output/FStar_Errors.ml
''ocamlfind ocamldep -package batteries -package zarith -package yojson -package pprint -modules src/ocaml-output/FStar_Syntax_Const.ml > src/ocaml-output/FStar_Syntax_Const.ml.depends
''ocamlfind ocamldep -package batteries -package zarith -package yojson -package pprint -modules src/ocaml-output/FStar_Syntax_Syntax.ml > src/ocaml-output/FStar_Syntax_Syntax.ml.depends
''ocamlfind ocamldep -package batteries -package zarith -package yojson -package pprint -modules src/basic/ml/FStar_Unionfind.ml > src/basic/ml/FStar_Unionfind.ml.depends
''ocamlfind ocamlc -c -g -annot -bin-annot -thread -w -8-11-21-26-28 -package batteries -package zarith -package yojson -package pprint -I src/basic/ml -I src/ocaml-output -I src/prettyprint/ml -I src/parser/ml -I src/ocaml-output/bootlibs -I src/fstar/ml -o src/basic/ml/FStar_Unionfind.cmo src/basic/ml/FStar_Unionfind.ml
''ocamlfind ocamlc -c -g -annot -bin-annot -thread -w -8-11-21-26-28 -package batteries -package zarith -package yojson -package pprint -I src/ocaml-output -I src/prettyprint/ml -I src/parser/ml -I src/ocaml-output/bootlibs -I src/fstar/ml -I src/basic/ml -o src/ocaml-output/FStar_Syntax_Syntax.cmo src/ocaml-output/FStar_Syntax_Syntax.ml
''ocamlfind ocamldep -package batteries -package zarith -package yojson -package pprint -modules src/ocaml-output/FStar_Syntax_Print.ml > src/ocaml-output/FStar_Syntax_Print.ml.depends
''ocamlfind ocamlc -c -g -annot -bin-annot -thread -w -8-11-21-26-28 -package batteries -package zarith -package yojson -package pprint -I src/ocaml-output -I src/prettyprint/ml -I src/parser/ml -I src/ocaml-output/bootlibs -I src/fstar/ml -I src/basic/ml -o src/ocaml-output/FStar_Syntax_Const.cmo src/ocaml-output/FStar_Syntax_Const.ml
''ocamlfind ocamldep -package batteries -package zarith -package yojson -package pprint -modules src/ocaml-output/FStar_Syntax_Subst.ml > src/ocaml-output/FStar_Syntax_Subst.ml.depends
''ocamlfind ocamldep -package batteries -package zarith -package yojson -package pprint -modules src/ocaml-output/bootlibs/FStar_Option.ml > src/ocaml-output/bootlibs/FStar_Option.ml.depends
''ocamlfind ocamlc -c -g -annot -bin-annot -thread -w -8-11-21-26-28 -package batteries -package zarith -package yojson -package pprint -I src/ocaml-output/bootlibs -I src/ocaml-output -I src/prettyprint/ml -I src/parser/ml -I src/fstar/ml -I src/basic/ml -o src/ocaml-output/bootlibs/FStar_Option.cmo src/ocaml-output/bootlibs/FStar_Option.ml
''ocamlfind ocamldep -package batteries -package zarith -package yojson -package pprint -modules src/ocaml-output/FStar_Syntax_Util.ml > src/ocaml-output/FStar_Syntax_Util.ml.depends
''ocamlfind ocamldep -package batteries -package zarith -package yojson -package pprint -modules src/ocaml-output/FStar_Syntax_InstFV.ml > src/ocaml-output/FStar_Syntax_InstFV.ml.depends
''ocamlfind ocamlc -c -g -annot -bin-annot -thread -w -8-11-21-26-28 -package batteries -package zarith -package yojson -package pprint -I src/ocaml-output -I src/prettyprint/ml -I src/parser/ml -I src/ocaml-output/bootlibs -I src/fstar/ml -I src/basic/ml -o src/ocaml-output/FStar_Syntax_Subst.cmo src/ocaml-output/FStar_Syntax_Subst.ml
''ocamlfind ocamlc -c -g -annot -bin-annot -thread -w -8-11-21-26-28 -package batteries -package zarith -package yojson -package pprint -I src/ocaml-output -I src/prettyprint/ml -I src/parser/ml -I src/ocaml-output/bootlibs -I src/fstar/ml -I src/basic/ml -o src/ocaml-output/FStar_Syntax_InstFV.cmo src/ocaml-output/FStar_Syntax_InstFV.ml
''ocamlfind ocamlc -c -g -annot -bin-annot -thread -w -8-11-21-26-28 -package batteries -package zarith -package yojson -package pprint -I src/ocaml-output -I src/prettyprint/ml -I src/parser/ml -I src/ocaml-output/bootlibs -I src/fstar/ml -I src/basic/ml -o src/ocaml-output/FStar_Syntax_Util.cmo src/ocaml-output/FStar_Syntax_Util.ml
''ocamlfind ocamlc -c -g -annot -bin-annot -thread -w -8-11-21-26-28 -package batteries -package zarith -package yojson -package pprint -I src/ocaml-output -I src/prettyprint/ml -I src/parser/ml -I src/ocaml-output/bootlibs -I src/fstar/ml -I src/basic/ml -o src/ocaml-output/FStar_Syntax_Print.cmo src/ocaml-output/FStar_Syntax_Print.ml
''ocamlfind ocamldep -package batteries -package zarith -package yojson -package pprint -modules src/ocaml-output/FStar_Parser_Driver.ml > src/ocaml-output/FStar_Parser_Driver.ml.depends
''ocamlfind ocamlc -c -g -annot -bin-annot -thread -w -8-11-21-26-28 -package batteries -package zarith -package yojson -package pprint -I src/ocaml-output -I src/prettyprint/ml -I src/parser/ml -I src/ocaml-output/bootlibs -I src/fstar/ml -I src/basic/ml -o src/ocaml-output/FStar_Parser_AST.cmo src/ocaml-output/FStar_Parser_AST.ml
mkdir src/parser
mkdir src/parser/ml
''ocamlfind ocamldep -package batteries -package zarith -package yojson -package pprint -modules src/parser/ml/FStar_Parser_ParseIt.ml > src/parser/ml/FStar_Parser_ParseIt.ml.depends
''ocamllex.opt -q src/parser/ml/FStar_Parser_LexFStar.mll
''ocamlfind ocamldep -package batteries -package zarith -package yojson -package pprint -modules src/parser/ml/FStar_Parser_LexFStar.ml > src/parser/ml/FStar_Parser_LexFStar.ml.depends
''ocamlfind ocamldep -package batteries -package zarith -package yojson -package pprint -modules src/ocaml-output/FStar_Parser_Parse.ml > src/ocaml-output/FStar_Parser_Parse.ml.depends
''ocamlfind ocamldep -package batteries -package zarith -package yojson -package pprint -modules src/parser/ml/FStar_Parser_Util.ml > src/parser/ml/FStar_Parser_Util.ml.depends
''ocamlfind ocamlc -c -g -annot -bin-annot -thread -w -8-11-21-26-28 -package batteries -package zarith -package yojson -package pprint -I src/parser/ml -I src/ocaml-output -I src/prettyprint/ml -I src/ocaml-output/bootlibs -I src/fstar/ml -I src/basic/ml -o src/parser/ml/FStar_Parser_Util.cmo src/parser/ml/FStar_Parser_Util.ml
''ocamlfind ocamlc -c -g -annot -bin-annot -thread -w -8-11-21-26-28 -package batteries -package zarith -package yojson -package pprint -I src/ocaml-output -I src/prettyprint/ml -I src/parser/ml -I src/ocaml-output/bootlibs -I src/fstar/ml -I src/basic/ml -o src/ocaml-output/FStar_Parser_Parse.cmo src/ocaml-output/FStar_Parser_Parse.ml
''ocamlfind ocamlc -c -g -annot -bin-annot -thread -w -8-11-21-26-28 -package batteries -package zarith -package yojson -package pprint -I src/parser/ml -I src/ocaml-output -I src/prettyprint/ml -I src/ocaml-output/bootlibs -I src/fstar/ml -I src/basic/ml -o src/parser/ml/FStar_Parser_LexFStar.cmo src/parser/ml/FStar_Parser_LexFStar.ml
''ocamlfind ocamlc -c -g -annot -bin-annot -thread -w -8-11-21-26-28 -package batteries -package zarith -package yojson -package pprint -I src/parser/ml -I src/ocaml-output -I src/prettyprint/ml -I src/ocaml-output/bootlibs -I src/fstar/ml -I src/basic/ml -o src/parser/ml/FStar_Parser_ParseIt.cmo src/parser/ml/FStar_Parser_ParseIt.ml
''ocamlfind ocamlc -c -g -annot -bin-annot -thread -w -8-11-21-26-28 -package batteries -package zarith -package yojson -package pprint -I src/ocaml-output -I src/prettyprint/ml -I src/parser/ml -I src/ocaml-output/bootlibs -I src/fstar/ml -I src/basic/ml -o src/ocaml-output/FStar_Parser_Driver.cmo src/ocaml-output/FStar_Parser_Driver.ml
''ocamlfind ocamlc -c -g -annot -bin-annot -thread -w -8-11-21-26-28 -package batteries -package zarith -package yojson -package pprint -I src/ocaml-output -I src/prettyprint/ml -I src/parser/ml -I src/ocaml-output/bootlibs -I src/fstar/ml -I src/basic/ml -o src/ocaml-output/FStar_Parser_Dep.cmo src/ocaml-output/FStar_Parser_Dep.ml
''ocamlfind ocamldep -package batteries -package zarith -package yojson -package pprint -modules src/ocaml-output/FStar_Extraction_Kremlin.ml > src/ocaml-output/FStar_Extraction_Kremlin.ml.depends
''ocamlfind ocamldep -package batteries -package zarith -package yojson -package pprint -modules src/ocaml-output/FStar_Extraction_ML_Code.ml > src/ocaml-output/FStar_Extraction_ML_Code.ml.depends
''ocamlfind ocamldep -package batteries -package zarith -package yojson -package pprint -modules src/basic/ml/FStar_Bytes.ml > src/basic/ml/FStar_Bytes.ml.depends
''ocamlfind ocamldep -package batteries -package zarith -package yojson -package pprint -modules src/ocaml-output/FStar_Extraction_ML_Syntax.ml > src/ocaml-output/FStar_Extraction_ML_Syntax.ml.depends
''ocamlfind ocamldep -package batteries -package zarith -package yojson -package pprint -modules src/ocaml-output/FStar_Extraction_ML_Util.ml > src/ocaml-output/FStar_Extraction_ML_Util.ml.depends
''ocamlfind ocamlc -c -g -annot -bin-annot -thread -w -8-11-21-26-28 -package batteries -package zarith -package yojson -package pprint -I src/ocaml-output -I src/prettyprint/ml -I src/parser/ml -I src/ocaml-output/bootlibs -I src/fstar/ml -I src/basic/ml -o src/ocaml-output/FStar_Extraction_ML_Syntax.cmo src/ocaml-output/FStar_Extraction_ML_Syntax.ml
''ocamlfind ocamldep -package batteries -package zarith -package yojson -package pprint -modules src/ocaml-output/FStar_Extraction_ML_UEnv.ml > src/ocaml-output/FStar_Extraction_ML_UEnv.ml.depends
''ocamlfind ocamldep -package batteries -package zarith -package yojson -package pprint -modules src/ocaml-output/FStar_TypeChecker_Env.ml > src/ocaml-output/FStar_TypeChecker_Env.ml.depends
''ocamlfind ocamldep -package batteries -package zarith -package yojson -package pprint -modules src/ocaml-output/FStar_Syntax_Free.ml > src/ocaml-output/FStar_Syntax_Free.ml.depends
''ocamlfind ocamldep -package batteries -package zarith -package yojson -package pprint -modules src/ocaml-output/FStar_TypeChecker_Common.ml > src/ocaml-output/FStar_TypeChecker_Common.ml.depends
''ocamlfind ocamlc -c -g -annot -bin-annot -thread -w -8-11-21-26-28 -package batteries -package zarith -package yojson -package pprint -I src/ocaml-output -I src/prettyprint/ml -I src/parser/ml -I src/ocaml-output/bootlibs -I src/fstar/ml -I src/basic/ml -o src/ocaml-output/FStar_Syntax_Free.cmo src/ocaml-output/FStar_Syntax_Free.ml
''ocamlfind ocamlc -c -g -annot -bin-annot -thread -w -8-11-21-26-28 -package batteries -package zarith -package yojson -package pprint -I src/ocaml-output -I src/prettyprint/ml -I src/parser/ml -I src/ocaml-output/bootlibs -I src/fstar/ml -I src/basic/ml -o src/ocaml-output/FStar_TypeChecker_Common.cmo src/ocaml-output/FStar_TypeChecker_Common.ml
''ocamlfind ocamlc -c -g -annot -bin-annot -thread -w -8-11-21-26-28 -package batteries -package zarith -package yojson -package pprint -I src/ocaml-output -I src/prettyprint/ml -I src/parser/ml -I src/ocaml-output/bootlibs -I src/fstar/ml -I src/basic/ml -o src/ocaml-output/FStar_TypeChecker_Env.cmo src/ocaml-output/FStar_TypeChecker_Env.ml
''ocamlfind ocamlc -c -g -annot -bin-annot -thread -w -8-11-21-26-28 -package batteries -package zarith -package yojson -package pprint -I src/ocaml-output -I src/prettyprint/ml -I src/parser/ml -I src/ocaml-output/bootlibs -I src/fstar/ml -I src/basic/ml -o src/ocaml-output/FStar_Extraction_ML_UEnv.cmo src/ocaml-output/FStar_Extraction_ML_UEnv.ml
''ocamlfind ocamldep -package batteries -package zarith -package yojson -package pprint -modules src/ocaml-output/FStar_Format.ml > src/ocaml-output/FStar_Format.ml.depends
''ocamlfind ocamlc -c -g -annot -bin-annot -thread -w -8-11-21-26-28 -package batteries -package zarith -package yojson -package pprint -I src/basic/ml -I src/ocaml-output -I src/prettyprint/ml -I src/parser/ml -I src/ocaml-output/bootlibs -I src/fstar/ml -o src/basic/ml/FStar_Bytes.cmo src/basic/ml/FStar_Bytes.ml
''ocamlfind ocamlc -c -g -annot -bin-annot -thread -w -8-11-21-26-28 -package batteries -package zarith -package yojson -package pprint -I src/ocaml-output -I src/prettyprint/ml -I src/parser/ml -I src/ocaml-output/bootlibs -I src/fstar/ml -I src/basic/ml -o src/ocaml-output/FStar_Extraction_ML_Util.cmo src/ocaml-output/FStar_Extraction_ML_Util.ml
''ocamlfind ocamlc -c -g -annot -bin-annot -thread -w -8-11-21-26-28 -package batteries -package zarith -package yojson -package pprint -I src/ocaml-output -I src/prettyprint/ml -I src/parser/ml -I src/ocaml-output/bootlibs -I src/fstar/ml -I src/basic/ml -o src/ocaml-output/FStar_Format.cmo src/ocaml-output/FStar_Format.ml
''ocamlfind ocamlc -c -g -annot -bin-annot -thread -w -8-11-21-26-28 -package batteries -package zarith -package yojson -package pprint -I src/ocaml-output -I src/prettyprint/ml -I src/parser/ml -I src/ocaml-output/bootlibs -I src/fstar/ml -I src/basic/ml -o src/ocaml-output/FStar_Extraction_ML_Code.cmo src/ocaml-output/FStar_Extraction_ML_Code.ml
''ocamlfind ocamldep -package batteries -package zarith -package yojson -package pprint -modules src/ocaml-output/FStar_Extraction_ML_Modul.ml > src/ocaml-output/FStar_Extraction_ML_Modul.ml.depends
''ocamlfind ocamldep -package batteries -package zarith -package yojson -package pprint -modules src/ocaml-output/FStar_Extraction_ML_Term.ml > src/ocaml-output/FStar_Extraction_ML_Term.ml.depends
''ocamlfind ocamldep -package batteries -package zarith -package yojson -package pprint -modules src/ocaml-output/FStar_TypeChecker_Normalize.ml > src/ocaml-output/FStar_TypeChecker_Normalize.ml.depends
''ocamlfind ocamldep -package batteries -package zarith -package yojson -package pprint -modules src/ocaml-output/FStar_TypeChecker_TcTerm.ml > src/ocaml-output/FStar_TypeChecker_TcTerm.ml.depends
''ocamlfind ocamldep -package batteries -package zarith -package yojson -package pprint -modules src/ocaml-output/FStar_TypeChecker_Err.ml > src/ocaml-output/FStar_TypeChecker_Err.ml.depends
''ocamlfind ocamlc -c -g -annot -bin-annot -thread -w -8-11-21-26-28 -package batteries -package zarith -package yojson -package pprint -I src/ocaml-output -I src/prettyprint/ml -I src/parser/ml -I src/ocaml-output/bootlibs -I src/fstar/ml -I src/basic/ml -o src/ocaml-output/FStar_TypeChecker_Normalize.cmo src/ocaml-output/FStar_TypeChecker_Normalize.ml
''ocamlfind ocamldep -package batteries -package zarith -package yojson -package pprint -modules src/ocaml-output/FStar_TypeChecker_Rel.ml > src/ocaml-output/FStar_TypeChecker_Rel.ml.depends
''ocamlfind ocamlc -c -g -annot -bin-annot -thread -w -8-11-21-26-28 -package batteries -package zarith -package yojson -package pprint -I src/ocaml-output -I src/prettyprint/ml -I src/parser/ml -I src/ocaml-output/bootlibs -I src/fstar/ml -I src/basic/ml -o src/ocaml-output/FStar_TypeChecker_Err.cmo src/ocaml-output/FStar_TypeChecker_Err.ml
''ocamlfind ocamldep -package batteries -package zarith -package yojson -package pprint -modules src/ocaml-output/FStar_TypeChecker_Util.ml > src/ocaml-output/FStar_TypeChecker_Util.ml.depends
''ocamlfind ocamlc -c -g -annot -bin-annot -thread -w -8-11-21-26-28 -package batteries -package zarith -package yojson -package pprint -I src/ocaml-output -I src/prettyprint/ml -I src/parser/ml -I src/ocaml-output/bootlibs -I src/fstar/ml -I src/basic/ml -o src/ocaml-output/FStar_TypeChecker_Rel.cmo src/ocaml-output/FStar_TypeChecker_Rel.ml
''ocamlfind ocamlc -c -g -annot -bin-annot -thread -w -8-11-21-26-28 -package batteries -package zarith -package yojson -package pprint -I src/ocaml-output -I src/prettyprint/ml -I src/parser/ml -I src/ocaml-output/bootlibs -I src/fstar/ml -I src/basic/ml -o src/ocaml-output/FStar_TypeChecker_Util.cmo src/ocaml-output/FStar_TypeChecker_Util.ml
''ocamlfind ocamlc -c -g -annot -bin-annot -thread -w -8-11-21-26-28 -package batteries -package zarith -package yojson -package pprint -I src/ocaml-output -I src/prettyprint/ml -I src/parser/ml -I src/ocaml-output/bootlibs -I src/fstar/ml -I src/basic/ml -o src/ocaml-output/FStar_TypeChecker_TcTerm.cmo src/ocaml-output/FStar_TypeChecker_TcTerm.ml
''ocamlfind ocamlc -c -g -annot -bin-annot -thread -w -8-11-21-26-28 -package batteries -package zarith -package yojson -package pprint -I src/ocaml-output -I src/prettyprint/ml -I src/parser/ml -I src/ocaml-output/bootlibs -I src/fstar/ml -I src/basic/ml -o src/ocaml-output/FStar_Extraction_ML_Term.cmo src/ocaml-output/FStar_Extraction_ML_Term.ml
''ocamlfind ocamldep -package batteries -package zarith -package yojson -package pprint -modules src/ocaml-output/FStar_Fsdoc_Generator.ml > src/ocaml-output/FStar_Fsdoc_Generator.ml.depends
''ocamlfind ocamldep -package batteries -package zarith -package yojson -package pprint -modules src/ocaml-output/FStar_Indent.ml > src/ocaml-output/FStar_Indent.ml.depends
''ocamlfind ocamldep -package batteries -package zarith -package yojson -package pprint -modules src/ocaml-output/FStar_Parser_ToDocument.ml > src/ocaml-output/FStar_Parser_ToDocument.ml.depends
mkdir src/prettyprint
mkdir src/prettyprint/ml
''ocamlfind ocamldep -package batteries -package zarith -package yojson -package pprint -modules src/prettyprint/ml/FStar_Pprint.ml > src/prettyprint/ml/FStar_Pprint.ml.depends
''ocamlfind ocamlc -c -g -annot -bin-annot -thread -w -8-11-21-26-28 -package batteries -package zarith -package yojson -package pprint -I src/prettyprint/ml -I src/ocaml-output -I src/parser/ml -I src/ocaml-output/bootlibs -I src/fstar/ml -I src/basic/ml -o src/prettyprint/ml/FStar_Pprint.cmo src/prettyprint/ml/FStar_Pprint.ml
''ocamlfind ocamlc -c -g -annot -bin-annot -thread -w -8-11-21-26-28 -package batteries -package zarith -package yojson -package pprint -I src/ocaml-output -I src/prettyprint/ml -I src/parser/ml -I src/ocaml-output/bootlibs -I src/fstar/ml -I src/basic/ml -o src/ocaml-output/FStar_Parser_ToDocument.cmo src/ocaml-output/FStar_Parser_ToDocument.ml
''ocamlfind ocamldep -package batteries -package zarith -package yojson -package pprint -modules src/ocaml-output/FStar_Interactive.ml > src/ocaml-output/FStar_Interactive.ml.depends
''ocamlfind ocamlc -c -g -annot -bin-annot -thread -w -8-11-21-26-28 -package batteries -package zarith -package yojson -package pprint -I src/ocaml-output -I src/prettyprint/ml -I src/parser/ml -I src/ocaml-output/bootlibs -I src/fstar/ml -I src/basic/ml -o src/ocaml-output/FStar_Dependencies.cmo src/ocaml-output/FStar_Dependencies.ml
''ocamlfind ocamldep -package batteries -package zarith -package yojson -package pprint -modules src/ocaml-output/FStar_SMTEncoding_Solver.ml > src/ocaml-output/FStar_SMTEncoding_Solver.ml.depends
''ocamlfind ocamldep -package batteries -package zarith -package yojson -package pprint -modules src/ocaml-output/FStar_SMTEncoding_Encode.ml > src/ocaml-output/FStar_SMTEncoding_Encode.ml.depends
''ocamlfind ocamldep -package batteries -package zarith -package yojson -package pprint -modules src/ocaml-output/FStar_SMTEncoding_ErrorReporting.ml > src/ocaml-output/FStar_SMTEncoding_ErrorReporting.ml.depends
''ocamlfind ocamldep -package batteries -package zarith -package yojson -package pprint -modules src/ocaml-output/FStar_SMTEncoding_Term.ml > src/ocaml-output/FStar_SMTEncoding_Term.ml.depends
''ocamlfind ocamldep -package batteries -package zarith -package yojson -package pprint -modules src/ocaml-output/FStar_SMTEncoding_Util.ml > src/ocaml-output/FStar_SMTEncoding_Util.ml.depends
''ocamlfind ocamlc -c -g -annot -bin-annot -thread -w -8-11-21-26-28 -package batteries -package zarith -package yojson -package pprint -I src/ocaml-output -I src/prettyprint/ml -I src/parser/ml -I src/ocaml-output/bootlibs -I src/fstar/ml -I src/basic/ml -o src/ocaml-output/FStar_SMTEncoding_Term.cmo src/ocaml-output/FStar_SMTEncoding_Term.ml
''ocamlfind ocamldep -package batteries -package zarith -package yojson -package pprint -modules src/ocaml-output/FStar_SMTEncoding_Z3.ml > src/ocaml-output/FStar_SMTEncoding_Z3.ml.depends
''ocamlfind ocamlc -c -g -annot -bin-annot -thread -w -8-11-21-26-28 -package batteries -package zarith -package yojson -package pprint -I src/ocaml-output -I src/prettyprint/ml -I src/parser/ml -I src/ocaml-output/bootlibs -I src/fstar/ml -I src/basic/ml -o src/ocaml-output/FStar_SMTEncoding_Util.cmo src/ocaml-output/FStar_SMTEncoding_Util.ml
''ocamlfind ocamlc -c -g -annot -bin-annot -thread -w -8-11-21-26-28 -package batteries -package zarith -package yojson -package pprint -I src/ocaml-output -I src/prettyprint/ml -I src/parser/ml -I src/ocaml-output/bootlibs -I src/fstar/ml -I src/basic/ml -o src/ocaml-output/FStar_SMTEncoding_Z3.cmo src/ocaml-output/FStar_SMTEncoding_Z3.ml
''ocamlfind ocamlc -c -g -annot -bin-annot -thread -w -8-11-21-26-28 -package batteries -package zarith -package yojson -package pprint -I src/ocaml-output -I src/prettyprint/ml -I src/parser/ml -I src/ocaml-output/bootlibs -I src/fstar/ml -I src/basic/ml -o src/ocaml-output/FStar_SMTEncoding_ErrorReporting.cmo src/ocaml-output/FStar_SMTEncoding_ErrorReporting.ml
''ocamlfind ocamldep -package batteries -package zarith -package yojson -package pprint -modules src/ocaml-output/FStar_SMTEncoding_SplitQueryCases.ml > src/ocaml-output/FStar_SMTEncoding_SplitQueryCases.ml.depends
''ocamlfind ocamlc -c -g -annot -bin-annot -thread -w -8-11-21-26-28 -package batteries -package zarith -package yojson -package pprint -I src/ocaml-output -I src/prettyprint/ml -I src/parser/ml -I src/ocaml-output/bootlibs -I src/fstar/ml -I src/basic/ml -o src/ocaml-output/FStar_SMTEncoding_Encode.cmo src/ocaml-output/FStar_SMTEncoding_Encode.ml
''ocamlfind ocamlc -c -g -annot -bin-annot -thread -w -8-11-21-26-28 -package batteries -package zarith -package yojson -package pprint -I src/ocaml-output -I src/prettyprint/ml -I src/parser/ml -I src/ocaml-output/bootlibs -I src/fstar/ml -I src/basic/ml -o src/ocaml-output/FStar_SMTEncoding_SplitQueryCases.cmo src/ocaml-output/FStar_SMTEncoding_SplitQueryCases.ml
''ocamlfind ocamlc -c -g -annot -bin-annot -thread -w -8-11-21-26-28 -package batteries -package zarith -package yojson -package pprint -I src/ocaml-output -I src/prettyprint/ml -I src/parser/ml -I src/ocaml-output/bootlibs -I src/fstar/ml -I src/basic/ml -o src/ocaml-output/FStar_SMTEncoding_Solver.cmo src/ocaml-output/FStar_SMTEncoding_Solver.ml
''ocamlfind ocamldep -package batteries -package zarith -package yojson -package pprint -modules src/ocaml-output/FStar_Universal.ml > src/ocaml-output/FStar_Universal.ml.depends
''ocamlfind ocamlc -c -g -annot -bin-annot -thread -w -8-11-21-26-28 -package batteries -package zarith -package yojson -package pprint -I src/ocaml-output -I src/prettyprint/ml -I src/parser/ml -I src/ocaml-output/bootlibs -I src/fstar/ml -I src/basic/ml -o src/ocaml-output/FStar_Interactive.cmo src/ocaml-output/FStar_Interactive.ml
''ocamlfind ocamldep -package batteries -package zarith -package yojson -package pprint -modules src/ocaml-output/FStar_Parser_Interleave.ml > src/ocaml-output/FStar_Parser_Interleave.ml.depends
''ocamlfind ocamldep -package batteries -package zarith -package yojson -package pprint -modules src/ocaml-output/FStar_ToSyntax_Env.ml > src/ocaml-output/FStar_ToSyntax_Env.ml.depends
''ocamlfind ocamldep -package batteries -package zarith -package yojson -package pprint -modules src/ocaml-output/FStar_ToSyntax_ToSyntax.ml > src/ocaml-output/FStar_ToSyntax_ToSyntax.ml.depends
''ocamlfind ocamldep -package batteries -package zarith -package yojson -package pprint -modules src/ocaml-output/FStar_Syntax_MutRecTy.ml > src/ocaml-output/FStar_Syntax_MutRecTy.ml.depends
''ocamlfind ocamlc -c -g -annot -bin-annot -thread -w -8-11-21-26-28 -package batteries -package zarith -package yojson -package pprint -I src/ocaml-output -I src/prettyprint/ml -I src/parser/ml -I src/ocaml-output/bootlibs -I src/fstar/ml -I src/basic/ml -o src/ocaml-output/FStar_ToSyntax_Env.cmo src/ocaml-output/FStar_ToSyntax_Env.ml
''ocamlfind ocamlc -c -g -annot -bin-annot -thread -w -8-11-21-26-28 -package batteries -package zarith -package yojson -package pprint -I src/ocaml-output -I src/prettyprint/ml -I src/parser/ml -I src/ocaml-output/bootlibs -I src/fstar/ml -I src/basic/ml -o src/ocaml-output/FStar_Syntax_MutRecTy.cmo src/ocaml-output/FStar_Syntax_MutRecTy.ml
''ocamlfind ocamldep -package batteries -package zarith -package yojson -package pprint -modules src/ocaml-output/FStar_TypeChecker_Tc.ml > src/ocaml-output/FStar_TypeChecker_Tc.ml.depends
''ocamlfind ocamldep -package batteries -package zarith -package yojson -package pprint -modules src/ocaml-output/FStar_TypeChecker_DMFF.ml > src/ocaml-output/FStar_TypeChecker_DMFF.ml.depends
''ocamlfind ocamlc -c -g -annot -bin-annot -thread -w -8-11-21-26-28 -package batteries -package zarith -package yojson -package pprint -I src/ocaml-output -I src/prettyprint/ml -I src/parser/ml -I src/ocaml-output/bootlibs -I src/fstar/ml -I src/basic/ml -o src/ocaml-output/FStar_TypeChecker_DMFF.cmo src/ocaml-output/FStar_TypeChecker_DMFF.ml
''ocamlfind ocamlc -c -g -annot -bin-annot -thread -w -8-11-21-26-28 -package batteries -package zarith -package yojson -package pprint -I src/ocaml-output -I src/prettyprint/ml -I src/parser/ml -I src/ocaml-output/bootlibs -I src/fstar/ml -I src/basic/ml -o src/ocaml-output/FStar_Parser_Interleave.cmo src/ocaml-output/FStar_Parser_Interleave.ml
''ocamlfind ocamlc -c -g -annot -bin-annot -thread -w -8-11-21-26-28 -package batteries -package zarith -package yojson -package pprint -I src/ocaml-output -I src/prettyprint/ml -I src/parser/ml -I src/ocaml-output/bootlibs -I src/fstar/ml -I src/basic/ml -o src/ocaml-output/FStar_ToSyntax_ToSyntax.cmo src/ocaml-output/FStar_ToSyntax_ToSyntax.ml
''ocamlfind ocamlc -c -g -annot -bin-annot -thread -w -8-11-21-26-28 -package batteries -package zarith -package yojson -package pprint -I src/ocaml-output -I src/prettyprint/ml -I src/parser/ml -I src/ocaml-output/bootlibs -I src/fstar/ml -I src/basic/ml -o src/ocaml-output/FStar_TypeChecker_Tc.cmo src/ocaml-output/FStar_TypeChecker_Tc.ml
''ocamlfind ocamlc -c -g -annot -bin-annot -thread -w -8-11-21-26-28 -package batteries -package zarith -package yojson -package pprint -I src/ocaml-output -I src/prettyprint/ml -I src/parser/ml -I src/ocaml-output/bootlibs -I src/fstar/ml -I src/basic/ml -o src/ocaml-output/FStar_Extraction_Kremlin.cmo src/ocaml-output/FStar_Extraction_Kremlin.ml
''ocamlfind ocamlc -c -g -annot -bin-annot -thread -w -8-11-21-26-28 -package batteries -package zarith -package yojson -package pprint -I src/ocaml-output -I src/prettyprint/ml -I src/parser/ml -I src/ocaml-output/bootlibs -I src/fstar/ml -I src/basic/ml -o src/ocaml-output/FStar_Extraction_ML_Modul.cmo src/ocaml-output/FStar_Extraction_ML_Modul.ml
''ocamlfind ocamlc -c -g -annot -bin-annot -thread -w -8-11-21-26-28 -package batteries -package zarith -package yojson -package pprint -I src/ocaml-output -I src/prettyprint/ml -I src/parser/ml -I src/ocaml-output/bootlibs -I src/fstar/ml -I src/basic/ml -o src/ocaml-output/FStar_Fsdoc_Generator.cmo src/ocaml-output/FStar_Fsdoc_Generator.ml
''ocamlfind ocamlc -c -g -annot -bin-annot -thread -w -8-11-21-26-28 -package batteries -package zarith -package yojson -package pprint -I src/ocaml-output -I src/prettyprint/ml -I src/parser/ml -I src/ocaml-output/bootlibs -I src/fstar/ml -I src/basic/ml -o src/ocaml-output/FStar_Indent.cmo src/ocaml-output/FStar_Indent.ml
''ocamlfind ocamlc -c -g -annot -bin-annot -thread -w -8-11-21-26-28 -package batteries -package zarith -package yojson -package pprint -I src/ocaml-output -I src/prettyprint/ml -I src/parser/ml -I src/ocaml-output/bootlibs -I src/fstar/ml -I src/basic/ml -o src/ocaml-output/FStar_Universal.cmo src/ocaml-output/FStar_Universal.ml
''ocamlfind ocamlc -c -g -annot -bin-annot -thread -w -8-11-21-26-28 -package batteries -package zarith -package yojson -package pprint -I src/ocaml-output -I src/prettyprint/ml -I src/parser/ml -I src/ocaml-output/bootlibs -I src/fstar/ml -I src/basic/ml -o src/ocaml-output/FStar_Main.cmo src/ocaml-output/FStar_Main.ml
''ocamlfind ocamlc -c -g -annot -bin-annot -thread -w -8-11-21-26-28 -package batteries -package zarith -package yojson -package pprint -I src/fstar/ml -I src/ocaml-output -I src/prettyprint/ml -I src/parser/ml -I src/ocaml-output/bootlibs -I src/basic/ml -o src/fstar/ml/main.cmo src/fstar/ml/main.ml
''ocamlfind ocamlopt -c -g -annot -bin-annot -thread -w -8-11-21-26-28 -package batteries -package zarith -package yojson -package pprint -I src/ocaml-output/bootlibs -I src/ocaml-output -I src/prettyprint/ml -I src/parser/ml -I src/fstar/ml -I src/basic/ml -o src/ocaml-output/bootlibs/FStar_All.cmx src/ocaml-output/bootlibs/FStar_All.ml
''ocamlfind ocamlopt -c -g -annot -bin-annot -thread -w -8-11-21-26-28 -package batteries -package zarith -package yojson -package pprint -I src/ocaml-output/bootlibs -I src/ocaml-output -I src/prettyprint/ml -I src/parser/ml -I src/fstar/ml -I src/basic/ml -o src/ocaml-output/bootlibs/FStar_Char.cmx src/ocaml-output/bootlibs/FStar_Char.ml
''ocamlfind ocamlopt -c -g -annot -bin-annot -thread -w -8-11-21-26-28 -package batteries -package zarith -package yojson -package pprint -I src/ocaml-output/bootlibs -I src/ocaml-output -I src/prettyprint/ml -I src/parser/ml -I src/fstar/ml -I src/basic/ml -o src/ocaml-output/bootlibs/FStar_Float.cmx src/ocaml-output/bootlibs/FStar_Float.ml
''ocamlfind ocamlopt -c -g -annot -bin-annot -thread -w -8-11-21-26-28 -package batteries -package zarith -package yojson -package pprint -I src/ocaml-output/bootlibs -I src/ocaml-output -I src/prettyprint/ml -I src/parser/ml -I src/fstar/ml -I src/basic/ml -o src/ocaml-output/bootlibs/FStar_Int16.cmx src/ocaml-output/bootlibs/FStar_Int16.ml
''ocamlfind ocamlopt -c -g -annot -bin-annot -thread -w -8-11-21-26-28 -package batteries -package zarith -package yojson -package pprint -I src/ocaml-output/bootlibs -I src/ocaml-output -I src/prettyprint/ml -I src/parser/ml -I src/fstar/ml -I src/basic/ml -o src/ocaml-output/bootlibs/FStar_Int32.cmx src/ocaml-output/bootlibs/FStar_Int32.ml
''ocamlfind ocamlopt -c -g -annot -bin-annot -thread -w -8-11-21-26-28 -package batteries -package zarith -package yojson -package pprint -I src/ocaml-output/bootlibs -I src/ocaml-output -I src/prettyprint/ml -I src/parser/ml -I src/fstar/ml -I src/basic/ml -o src/ocaml-output/bootlibs/FStar_Int64.cmx src/ocaml-output/bootlibs/FStar_Int64.ml
''ocamlfind ocamlopt -c -g -annot -bin-annot -thread -w -8-11-21-26-28 -package batteries -package zarith -package yojson -package pprint -I src/ocaml-output/bootlibs -I src/ocaml-output -I src/prettyprint/ml -I src/parser/ml -I src/fstar/ml -I src/basic/ml -o src/ocaml-output/bootlibs/FStar_Int8.cmx src/ocaml-output/bootlibs/FStar_Int8.ml
''ocamlfind ocamlopt -c -g -annot -bin-annot -thread -w -8-11-21-26-28 -package batteries -package zarith -package yojson -package pprint -I src/ocaml-output/bootlibs -I src/ocaml-output -I src/prettyprint/ml -I src/parser/ml -I src/fstar/ml -I src/basic/ml -o src/ocaml-output/bootlibs/FStar_UInt16.cmx src/ocaml-output/bootlibs/FStar_UInt16.ml
''ocamlfind ocamlopt -c -g -annot -bin-annot -thread -w -8-11-21-26-28 -package batteries -package zarith -package yojson -package pprint -I src/ocaml-output/bootlibs -I src/ocaml-output -I src/prettyprint/ml -I src/parser/ml -I src/fstar/ml -I src/basic/ml -o src/ocaml-output/bootlibs/FStar_UInt8.cmx src/ocaml-output/bootlibs/FStar_UInt8.ml
''ocamlfind ocamlopt -c -g -annot -bin-annot -thread -w -8-11-21-26-28 -package batteries -package zarith -package yojson -package pprint -I src/ocaml-output/bootlibs -I src/ocaml-output -I src/prettyprint/ml -I src/parser/ml -I src/fstar/ml -I src/basic/ml -o src/ocaml-output/bootlibs/FStar_List.cmx src/ocaml-output/bootlibs/FStar_List.ml
''ocamlfind ocamlopt -c -g -annot -bin-annot -thread -w -8-11-21-26-28 -package batteries -package zarith -package yojson -package pprint -I src/ocaml-output/bootlibs -I src/ocaml-output -I src/prettyprint/ml -I src/parser/ml -I src/fstar/ml -I src/basic/ml -o src/ocaml-output/bootlibs/MkPrims.cmx src/ocaml-output/bootlibs/MkPrims.ml
''ocamlfind ocamlopt -c -g -annot -bin-annot -thread -w -8-11-21-26-28 -package batteries -package zarith -package yojson -package pprint -I src/ocaml-output/bootlibs -I src/ocaml-output -I src/prettyprint/ml -I src/parser/ml -I src/fstar/ml -I src/basic/ml -o src/ocaml-output/bootlibs/prims.cmx src/ocaml-output/bootlibs/prims.ml
''ocamlfind ocamlopt -c -g -annot -bin-annot -thread -w -8-11-21-26-28 -package batteries -package zarith -package yojson -package pprint -I src/ocaml-output/bootlibs -I src/ocaml-output -I src/prettyprint/ml -I src/parser/ml -I src/fstar/ml -I src/basic/ml -o src/ocaml-output/bootlibs/FStar_BaseTypes.cmx src/ocaml-output/bootlibs/FStar_BaseTypes.ml
''ocamlfind ocamlopt -c -g -annot -bin-annot -thread -w -8-11-21-26-28 -package batteries -package zarith -package yojson -package pprint -I src/basic/ml -I src/ocaml-output -I src/prettyprint/ml -I src/parser/ml -I src/ocaml-output/bootlibs -I src/fstar/ml -o src/basic/ml/FStar_Getopt.cmx src/basic/ml/FStar_Getopt.ml
''ocamlfind ocamlopt -c -g -annot -bin-annot -thread -w -8-11-21-26-28 -package batteries -package zarith -package yojson -package pprint -I src/basic/ml -I src/ocaml-output -I src/prettyprint/ml -I src/parser/ml -I src/ocaml-output/bootlibs -I src/fstar/ml -o src/basic/ml/FStar_Platform.cmx src/basic/ml/FStar_Platform.ml
''ocamlfind ocamlopt -c -g -annot -bin-annot -thread -w -8-11-21-26-28 -package batteries -package zarith -package yojson -package pprint -I src/ocaml-output/bootlibs -I src/ocaml-output -I src/prettyprint/ml -I src/parser/ml -I src/fstar/ml -I src/basic/ml -o src/ocaml-output/bootlibs/FStar_ST.cmx src/ocaml-output/bootlibs/FStar_ST.ml
''ocamlfind ocamlopt -c -g -annot -bin-annot -thread -w -8-11-21-26-28 -package batteries -package zarith -package yojson -package pprint -I src/ocaml-output/bootlibs -I src/ocaml-output -I src/prettyprint/ml -I src/parser/ml -I src/fstar/ml -I src/basic/ml -o src/ocaml-output/bootlibs/FStar_String.cmx src/ocaml-output/bootlibs/FStar_String.ml
''ocamlfind ocamlopt -c -g -annot -bin-annot -thread -w -8-11-21-26-28 -package batteries -package zarith -package yojson -package pprint -I src/basic/ml -I src/ocaml-output -I src/prettyprint/ml -I src/parser/ml -I src/ocaml-output/bootlibs -I src/fstar/ml -o src/basic/ml/FStar_Util.cmx src/basic/ml/FStar_Util.ml
File "src/basic/ml/FStar_Util.ml", line 47, characters 57-65:
Warning 40: st_mtime was selected from type BatUnix.stats.
It is not visible in the current scope, and will not 
be selected if the type becomes unknown.
''ocamlfind ocamlopt -c -g -annot -bin-annot -thread -w -8-11-21-26-28 -package batteries -package zarith -package yojson -package pprint -I src/ocaml-output -I src/prettyprint/ml -I src/parser/ml -I src/ocaml-output/bootlibs -I src/fstar/ml -I src/basic/ml -o src/ocaml-output/FStar_Version.cmx src/ocaml-output/FStar_Version.ml
''ocamlfind ocamlopt -c -g -annot -bin-annot -thread -w -8-11-21-26-28 -package batteries -package zarith -package yojson -package pprint -I src/basic/ml -I src/ocaml-output -I src/prettyprint/ml -I src/parser/ml -I src/ocaml-output/bootlibs -I src/fstar/ml -o src/basic/ml/FStar_Range.cmx src/basic/ml/FStar_Range.ml
''ocamlfind ocamlopt -c -g -annot -bin-annot -thread -w -8-11-21-26-28 -package batteries -package zarith -package yojson -package pprint -I src/ocaml-output -I src/prettyprint/ml -I src/parser/ml -I src/ocaml-output/bootlibs -I src/fstar/ml -I src/basic/ml -o src/ocaml-output/FStar_Ident.cmx src/ocaml-output/FStar_Ident.ml
''ocamlfind ocamlopt -c -g -annot -bin-annot -thread -w -8-11-21-26-28 -package batteries -package zarith -package yojson -package pprint -I src/ocaml-output -I src/prettyprint/ml -I src/parser/ml -I src/ocaml-output/bootlibs -I src/fstar/ml -I src/basic/ml -o src/ocaml-output/FStar_Options.cmx src/ocaml-output/FStar_Options.ml
''ocamlfind ocamlopt -c -g -annot -bin-annot -thread -w -8-11-21-26-28 -package batteries -package zarith -package yojson -package pprint -I src/ocaml-output -I src/prettyprint/ml -I src/parser/ml -I src/ocaml-output/bootlibs -I src/fstar/ml -I src/basic/ml -o src/ocaml-output/FStar_Const.cmx src/ocaml-output/FStar_Const.ml
''ocamlfind ocamlopt -c -g -annot -bin-annot -thread -w -8-11-21-26-28 -package batteries -package zarith -package yojson -package pprint -I src/ocaml-output -I src/prettyprint/ml -I src/parser/ml -I src/ocaml-output/bootlibs -I src/fstar/ml -I src/basic/ml -o src/ocaml-output/FStar_Errors.cmx src/ocaml-output/FStar_Errors.ml
''ocamlfind ocamlopt -c -g -annot -bin-annot -thread -w -8-11-21-26-28 -package batteries -package zarith -package yojson -package pprint -I src/basic/ml -I src/ocaml-output -I src/prettyprint/ml -I src/parser/ml -I src/ocaml-output/bootlibs -I src/fstar/ml -o src/basic/ml/FStar_Unionfind.cmx src/basic/ml/FStar_Unionfind.ml
''ocamlfind ocamlopt -c -g -annot -bin-annot -thread -w -8-11-21-26-28 -package batteries -package zarith -package yojson -package pprint -I src/ocaml-output -I src/prettyprint/ml -I src/parser/ml -I src/ocaml-output/bootlibs -I src/fstar/ml -I src/basic/ml -o src/ocaml-output/FStar_Syntax_Syntax.cmx src/ocaml-output/FStar_Syntax_Syntax.ml
''ocamlfind ocamlopt -c -g -annot -bin-annot -thread -w -8-11-21-26-28 -package batteries -package zarith -package yojson -package pprint -I src/ocaml-output -I src/prettyprint/ml -I src/parser/ml -I src/ocaml-output/bootlibs -I src/fstar/ml -I src/basic/ml -o src/ocaml-output/FStar_Syntax_Const.cmx src/ocaml-output/FStar_Syntax_Const.ml
''ocamlfind ocamlopt -c -g -annot -bin-annot -thread -w -8-11-21-26-28 -package batteries -package zarith -package yojson -package pprint -I src/ocaml-output/bootlibs -I src/ocaml-output -I src/prettyprint/ml -I src/parser/ml -I src/fstar/ml -I src/basic/ml -o src/ocaml-output/bootlibs/FStar_Option.cmx src/ocaml-output/bootlibs/FStar_Option.ml
''ocamlfind ocamlopt -c -g -annot -bin-annot -thread -w -8-11-21-26-28 -package batteries -package zarith -package yojson -package pprint -I src/ocaml-output -I src/prettyprint/ml -I src/parser/ml -I src/ocaml-output/bootlibs -I src/fstar/ml -I src/basic/ml -o src/ocaml-output/FStar_Syntax_Subst.cmx src/ocaml-output/FStar_Syntax_Subst.ml
''ocamlfind ocamlopt -c -g -annot -bin-annot -thread -w -8-11-21-26-28 -package batteries -package zarith -package yojson -package pprint -I src/ocaml-output -I src/prettyprint/ml -I src/parser/ml -I src/ocaml-output/bootlibs -I src/fstar/ml -I src/basic/ml -o src/ocaml-output/FStar_Syntax_InstFV.cmx src/ocaml-output/FStar_Syntax_InstFV.ml
''ocamlfind ocamlopt -c -g -annot -bin-annot -thread -w -8-11-21-26-28 -package batteries -package zarith -package yojson -package pprint -I src/ocaml-output -I src/prettyprint/ml -I src/parser/ml -I src/ocaml-output/bootlibs -I src/fstar/ml -I src/basic/ml -o src/ocaml-output/FStar_Syntax_Util.cmx src/ocaml-output/FStar_Syntax_Util.ml
''ocamlfind ocamlopt -c -g -annot -bin-annot -thread -w -8-11-21-26-28 -package batteries -package zarith -package yojson -package pprint -I src/ocaml-output -I src/prettyprint/ml -I src/parser/ml -I src/ocaml-output/bootlibs -I src/fstar/ml -I src/basic/ml -o src/ocaml-output/FStar_Syntax_Print.cmx src/ocaml-output/FStar_Syntax_Print.ml
''ocamlfind ocamlopt -c -g -annot -bin-annot -thread -w -8-11-21-26-28 -package batteries -package zarith -package yojson -package pprint -I src/ocaml-output -I src/prettyprint/ml -I src/parser/ml -I src/ocaml-output/bootlibs -I src/fstar/ml -I src/basic/ml -o src/ocaml-output/FStar_Parser_AST.cmx src/ocaml-output/FStar_Parser_AST.ml
''ocamlfind ocamlopt -c -g -annot -bin-annot -thread -w -8-11-21-26-28 -package batteries -package zarith -package yojson -package pprint -I src/parser/ml -I src/ocaml-output -I src/prettyprint/ml -I src/ocaml-output/bootlibs -I src/fstar/ml -I src/basic/ml -o src/parser/ml/FStar_Parser_Util.cmx src/parser/ml/FStar_Parser_Util.ml
''ocamlfind ocamlopt -c -g -annot -bin-annot -thread -w -8-11-21-26-28 -package batteries -package zarith -package yojson -package pprint -I src/ocaml-output -I src/prettyprint/ml -I src/parser/ml -I src/ocaml-output/bootlibs -I src/fstar/ml -I src/basic/ml -o src/ocaml-output/FStar_Parser_Parse.cmx src/ocaml-output/FStar_Parser_Parse.ml
''ocamlfind ocamlopt -c -g -annot -bin-annot -thread -w -8-11-21-26-28 -package batteries -package zarith -package yojson -package pprint -I src/parser/ml -I src/ocaml-output -I src/prettyprint/ml -I src/ocaml-output/bootlibs -I src/fstar/ml -I src/basic/ml -o src/parser/ml/FStar_Parser_LexFStar.cmx src/parser/ml/FStar_Parser_LexFStar.ml
''ocamlfind ocamlopt -c -g -annot -bin-annot -thread -w -8-11-21-26-28 -package batteries -package zarith -package yojson -package pprint -I src/parser/ml -I src/ocaml-output -I src/prettyprint/ml -I src/ocaml-output/bootlibs -I src/fstar/ml -I src/basic/ml -o src/parser/ml/FStar_Parser_ParseIt.cmx src/parser/ml/FStar_Parser_ParseIt.ml
''ocamlfind ocamlopt -c -g -annot -bin-annot -thread -w -8-11-21-26-28 -package batteries -package zarith -package yojson -package pprint -I src/ocaml-output -I src/prettyprint/ml -I src/parser/ml -I src/ocaml-output/bootlibs -I src/fstar/ml -I src/basic/ml -o src/ocaml-output/FStar_Parser_Driver.cmx src/ocaml-output/FStar_Parser_Driver.ml
''ocamlfind ocamlopt -c -g -annot -bin-annot -thread -w -8-11-21-26-28 -package batteries -package zarith -package yojson -package pprint -I src/ocaml-output -I src/prettyprint/ml -I src/parser/ml -I src/ocaml-output/bootlibs -I src/fstar/ml -I src/basic/ml -o src/ocaml-output/FStar_Parser_Dep.cmx src/ocaml-output/FStar_Parser_Dep.ml
''ocamlfind ocamlopt -c -g -annot -bin-annot -thread -w -8-11-21-26-28 -package batteries -package zarith -package yojson -package pprint -I src/ocaml-output -I src/prettyprint/ml -I src/parser/ml -I src/ocaml-output/bootlibs -I src/fstar/ml -I src/basic/ml -o src/ocaml-output/FStar_Extraction_ML_Syntax.cmx src/ocaml-output/FStar_Extraction_ML_Syntax.ml
''ocamlfind ocamlopt -c -g -annot -bin-annot -thread -w -8-11-21-26-28 -package batteries -package zarith -package yojson -package pprint -I src/ocaml-output -I src/prettyprint/ml -I src/parser/ml -I src/ocaml-output/bootlibs -I src/fstar/ml -I src/basic/ml -o src/ocaml-output/FStar_Syntax_Free.cmx src/ocaml-output/FStar_Syntax_Free.ml
''ocamlfind ocamlopt -c -g -annot -bin-annot -thread -w -8-11-21-26-28 -package batteries -package zarith -package yojson -package pprint -I src/ocaml-output -I src/prettyprint/ml -I src/parser/ml -I src/ocaml-output/bootlibs -I src/fstar/ml -I src/basic/ml -o src/ocaml-output/FStar_TypeChecker_Common.cmx src/ocaml-output/FStar_TypeChecker_Common.ml
''ocamlfind ocamlopt -c -g -annot -bin-annot -thread -w -8-11-21-26-28 -package batteries -package zarith -package yojson -package pprint -I src/ocaml-output -I src/prettyprint/ml -I src/parser/ml -I src/ocaml-output/bootlibs -I src/fstar/ml -I src/basic/ml -o src/ocaml-output/FStar_TypeChecker_Env.cmx src/ocaml-output/FStar_TypeChecker_Env.ml
''ocamlfind ocamlopt -c -g -annot -bin-annot -thread -w -8-11-21-26-28 -package batteries -package zarith -package yojson -package pprint -I src/ocaml-output -I src/prettyprint/ml -I src/parser/ml -I src/ocaml-output/bootlibs -I src/fstar/ml -I src/basic/ml -o src/ocaml-output/FStar_Extraction_ML_UEnv.cmx src/ocaml-output/FStar_Extraction_ML_UEnv.ml
''ocamlfind ocamlopt -c -g -annot -bin-annot -thread -w -8-11-21-26-28 -package batteries -package zarith -package yojson -package pprint -I src/basic/ml -I src/ocaml-output -I src/prettyprint/ml -I src/parser/ml -I src/ocaml-output/bootlibs -I src/fstar/ml -o src/basic/ml/FStar_Bytes.cmx src/basic/ml/FStar_Bytes.ml
''ocamlfind ocamlopt -c -g -annot -bin-annot -thread -w -8-11-21-26-28 -package batteries -package zarith -package yojson -package pprint -I src/ocaml-output -I src/prettyprint/ml -I src/parser/ml -I src/ocaml-output/bootlibs -I src/fstar/ml -I src/basic/ml -o src/ocaml-output/FStar_Extraction_ML_Util.cmx src/ocaml-output/FStar_Extraction_ML_Util.ml
''ocamlfind ocamlopt -c -g -annot -bin-annot -thread -w -8-11-21-26-28 -package batteries -package zarith -package yojson -package pprint -I src/ocaml-output -I src/prettyprint/ml -I src/parser/ml -I src/ocaml-output/bootlibs -I src/fstar/ml -I src/basic/ml -o src/ocaml-output/FStar_Format.cmx src/ocaml-output/FStar_Format.ml
''ocamlfind ocamlopt -c -g -annot -bin-annot -thread -w -8-11-21-26-28 -package batteries -package zarith -package yojson -package pprint -I src/ocaml-output -I src/prettyprint/ml -I src/parser/ml -I src/ocaml-output/bootlibs -I src/fstar/ml -I src/basic/ml -o src/ocaml-output/FStar_Extraction_ML_Code.cmx src/ocaml-output/FStar_Extraction_ML_Code.ml
''ocamlfind ocamlopt -c -g -annot -bin-annot -thread -w -8-11-21-26-28 -package batteries -package zarith -package yojson -package pprint -I src/ocaml-output -I src/prettyprint/ml -I src/parser/ml -I src/ocaml-output/bootlibs -I src/fstar/ml -I src/basic/ml -o src/ocaml-output/FStar_TypeChecker_Normalize.cmx src/ocaml-output/FStar_TypeChecker_Normalize.ml
''ocamlfind ocamlopt -c -g -annot -bin-annot -thread -w -8-11-21-26-28 -package batteries -package zarith -package yojson -package pprint -I src/ocaml-output -I src/prettyprint/ml -I src/parser/ml -I src/ocaml-output/bootlibs -I src/fstar/ml -I src/basic/ml -o src/ocaml-output/FStar_TypeChecker_Err.cmx src/ocaml-output/FStar_TypeChecker_Err.ml
''ocamlfind ocamlopt -c -g -annot -bin-annot -thread -w -8-11-21-26-28 -package batteries -package zarith -package yojson -package pprint -I src/ocaml-output -I src/prettyprint/ml -I src/parser/ml -I src/ocaml-output/bootlibs -I src/fstar/ml -I src/basic/ml -o src/ocaml-output/FStar_TypeChecker_Rel.cmx src/ocaml-output/FStar_TypeChecker_Rel.ml
''ocamlfind ocamlopt -c -g -annot -bin-annot -thread -w -8-11-21-26-28 -package batteries -package zarith -package yojson -package pprint -I src/ocaml-output -I src/prettyprint/ml -I src/parser/ml -I src/ocaml-output/bootlibs -I src/fstar/ml -I src/basic/ml -o src/ocaml-output/FStar_TypeChecker_Util.cmx src/ocaml-output/FStar_TypeChecker_Util.ml
''ocamlfind ocamlopt -c -g -annot -bin-annot -thread -w -8-11-21-26-28 -package batteries -package zarith -package yojson -package pprint -I src/ocaml-output -I src/prettyprint/ml -I src/parser/ml -I src/ocaml-output/bootlibs -I src/fstar/ml -I src/basic/ml -o src/ocaml-output/FStar_TypeChecker_TcTerm.cmx src/ocaml-output/FStar_TypeChecker_TcTerm.ml
''ocamlfind ocamlopt -c -g -annot -bin-annot -thread -w -8-11-21-26-28 -package batteries -package zarith -package yojson -package pprint -I src/ocaml-output -I src/prettyprint/ml -I src/parser/ml -I src/ocaml-output/bootlibs -I src/fstar/ml -I src/basic/ml -o src/ocaml-output/FStar_Extraction_ML_Term.cmx src/ocaml-output/FStar_Extraction_ML_Term.ml
''ocamlfind ocamlopt -c -g -annot -bin-annot -thread -w -8-11-21-26-28 -package batteries -package zarith -package yojson -package pprint -I src/prettyprint/ml -I src/ocaml-output -I src/parser/ml -I src/ocaml-output/bootlibs -I src/fstar/ml -I src/basic/ml -o src/prettyprint/ml/FStar_Pprint.cmx src/prettyprint/ml/FStar_Pprint.ml
''ocamlfind ocamlopt -c -g -annot -bin-annot -thread -w -8-11-21-26-28 -package batteries -package zarith -package yojson -package pprint -I src/ocaml-output -I src/prettyprint/ml -I src/parser/ml -I src/ocaml-output/bootlibs -I src/fstar/ml -I src/basic/ml -o src/ocaml-output/FStar_Parser_ToDocument.cmx src/ocaml-output/FStar_Parser_ToDocument.ml
''ocamlfind ocamlopt -c -g -annot -bin-annot -thread -w -8-11-21-26-28 -package batteries -package zarith -package yojson -package pprint -I src/ocaml-output -I src/prettyprint/ml -I src/parser/ml -I src/ocaml-output/bootlibs -I src/fstar/ml -I src/basic/ml -o src/ocaml-output/FStar_Dependencies.cmx src/ocaml-output/FStar_Dependencies.ml
''ocamlfind ocamlopt -c -g -annot -bin-annot -thread -w -8-11-21-26-28 -package batteries -package zarith -package yojson -package pprint -I src/ocaml-output -I src/prettyprint/ml -I src/parser/ml -I src/ocaml-output/bootlibs -I src/fstar/ml -I src/basic/ml -o src/ocaml-output/FStar_SMTEncoding_Term.cmx src/ocaml-output/FStar_SMTEncoding_Term.ml
''ocamlfind ocamlopt -c -g -annot -bin-annot -thread -w -8-11-21-26-28 -package batteries -package zarith -package yojson -package pprint -I src/ocaml-output -I src/prettyprint/ml -I src/parser/ml -I src/ocaml-output/bootlibs -I src/fstar/ml -I src/basic/ml -o src/ocaml-output/FStar_SMTEncoding_Util.cmx src/ocaml-output/FStar_SMTEncoding_Util.ml
''ocamlfind ocamlopt -c -g -annot -bin-annot -thread -w -8-11-21-26-28 -package batteries -package zarith -package yojson -package pprint -I src/ocaml-output -I src/prettyprint/ml -I src/parser/ml -I src/ocaml-output/bootlibs -I src/fstar/ml -I src/basic/ml -o src/ocaml-output/FStar_SMTEncoding_Z3.cmx src/ocaml-output/FStar_SMTEncoding_Z3.ml
''ocamlfind ocamlopt -c -g -annot -bin-annot -thread -w -8-11-21-26-28 -package batteries -package zarith -package yojson -package pprint -I src/ocaml-output -I src/prettyprint/ml -I src/parser/ml -I src/ocaml-output/bootlibs -I src/fstar/ml -I src/basic/ml -o src/ocaml-output/FStar_SMTEncoding_ErrorReporting.cmx src/ocaml-output/FStar_SMTEncoding_ErrorReporting.ml
''ocamlfind ocamlopt -c -g -annot -bin-annot -thread -w -8-11-21-26-28 -package batteries -package zarith -package yojson -package pprint -I src/ocaml-output -I src/prettyprint/ml -I src/parser/ml -I src/ocaml-output/bootlibs -I src/fstar/ml -I src/basic/ml -o src/ocaml-output/FStar_SMTEncoding_Encode.cmx src/ocaml-output/FStar_SMTEncoding_Encode.ml
''ocamlfind ocamlopt -c -g -annot -bin-annot -thread -w -8-11-21-26-28 -package batteries -package zarith -package yojson -package pprint -I src/ocaml-output -I src/prettyprint/ml -I src/parser/ml -I src/ocaml-output/bootlibs -I src/fstar/ml -I src/basic/ml -o src/ocaml-output/FStar_SMTEncoding_SplitQueryCases.cmx src/ocaml-output/FStar_SMTEncoding_SplitQueryCases.ml
''ocamlfind ocamlopt -c -g -annot -bin-annot -thread -w -8-11-21-26-28 -package batteries -package zarith -package yojson -package pprint -I src/ocaml-output -I src/prettyprint/ml -I src/parser/ml -I src/ocaml-output/bootlibs -I src/fstar/ml -I src/basic/ml -o src/ocaml-output/FStar_SMTEncoding_Solver.cmx src/ocaml-output/FStar_SMTEncoding_Solver.ml
''ocamlfind ocamlopt -c -g -annot -bin-annot -thread -w -8-11-21-26-28 -package batteries -package zarith -package yojson -package pprint -I src/ocaml-output -I src/prettyprint/ml -I src/parser/ml -I src/ocaml-output/bootlibs -I src/fstar/ml -I src/basic/ml -o src/ocaml-output/FStar_Interactive.cmx src/ocaml-output/FStar_Interactive.ml
''ocamlfind ocamlopt -c -g -annot -bin-annot -thread -w -8-11-21-26-28 -package batteries -package zarith -package yojson -package pprint -I src/ocaml-output -I src/prettyprint/ml -I src/parser/ml -I src/ocaml-output/bootlibs -I src/fstar/ml -I src/basic/ml -o src/ocaml-output/FStar_ToSyntax_Env.cmx src/ocaml-output/FStar_ToSyntax_Env.ml
''ocamlfind ocamlopt -c -g -annot -bin-annot -thread -w -8-11-21-26-28 -package batteries -package zarith -package yojson -package pprint -I src/ocaml-output -I src/prettyprint/ml -I src/parser/ml -I src/ocaml-output/bootlibs -I src/fstar/ml -I src/basic/ml -o src/ocaml-output/FStar_Syntax_MutRecTy.cmx src/ocaml-output/FStar_Syntax_MutRecTy.ml
''ocamlfind ocamlopt -c -g -annot -bin-annot -thread -w -8-11-21-26-28 -package batteries -package zarith -package yojson -package pprint -I src/ocaml-output -I src/prettyprint/ml -I src/parser/ml -I src/ocaml-output/bootlibs -I src/fstar/ml -I src/basic/ml -o src/ocaml-output/FStar_TypeChecker_DMFF.cmx src/ocaml-output/FStar_TypeChecker_DMFF.ml
''ocamlfind ocamlopt -c -g -annot -bin-annot -thread -w -8-11-21-26-28 -package batteries -package zarith -package yojson -package pprint -I src/ocaml-output -I src/prettyprint/ml -I src/parser/ml -I src/ocaml-output/bootlibs -I src/fstar/ml -I src/basic/ml -o src/ocaml-output/FStar_Parser_Interleave.cmx src/ocaml-output/FStar_Parser_Interleave.ml
''ocamlfind ocamlopt -c -g -annot -bin-annot -thread -w -8-11-21-26-28 -package batteries -package zarith -package yojson -package pprint -I src/ocaml-output -I src/prettyprint/ml -I src/parser/ml -I src/ocaml-output/bootlibs -I src/fstar/ml -I src/basic/ml -o src/ocaml-output/FStar_ToSyntax_ToSyntax.cmx src/ocaml-output/FStar_ToSyntax_ToSyntax.ml
''ocamlfind ocamlopt -c -g -annot -bin-annot -thread -w -8-11-21-26-28 -package batteries -package zarith -package yojson -package pprint -I src/ocaml-output -I src/prettyprint/ml -I src/parser/ml -I src/ocaml-output/bootlibs -I src/fstar/ml -I src/basic/ml -o src/ocaml-output/FStar_TypeChecker_Tc.cmx src/ocaml-output/FStar_TypeChecker_Tc.ml
''ocamlfind ocamlopt -c -g -annot -bin-annot -thread -w -8-11-21-26-28 -package batteries -package zarith -package yojson -package pprint -I src/ocaml-output -I src/prettyprint/ml -I src/parser/ml -I src/ocaml-output/bootlibs -I src/fstar/ml -I src/basic/ml -o src/ocaml-output/FStar_Extraction_Kremlin.cmx src/ocaml-output/FStar_Extraction_Kremlin.ml
''ocamlfind ocamlopt -c -g -annot -bin-annot -thread -w -8-11-21-26-28 -package batteries -package zarith -package yojson -package pprint -I src/ocaml-output -I src/prettyprint/ml -I src/parser/ml -I src/ocaml-output/bootlibs -I src/fstar/ml -I src/basic/ml -o src/ocaml-output/FStar_Extraction_ML_Modul.cmx src/ocaml-output/FStar_Extraction_ML_Modul.ml
''ocamlfind ocamlopt -c -g -annot -bin-annot -thread -w -8-11-21-26-28 -package batteries -package zarith -package yojson -package pprint -I src/ocaml-output -I src/prettyprint/ml -I src/parser/ml -I src/ocaml-output/bootlibs -I src/fstar/ml -I src/basic/ml -o src/ocaml-output/FStar_Fsdoc_Generator.cmx src/ocaml-output/FStar_Fsdoc_Generator.ml
''ocamlfind ocamlopt -c -g -annot -bin-annot -thread -w -8-11-21-26-28 -package batteries -package zarith -package yojson -package pprint -I src/ocaml-output -I src/prettyprint/ml -I src/parser/ml -I src/ocaml-output/bootlibs -I src/fstar/ml -I src/basic/ml -o src/ocaml-output/FStar_Indent.cmx src/ocaml-output/FStar_Indent.ml
''ocamlfind ocamlopt -c -g -annot -bin-annot -thread -w -8-11-21-26-28 -package batteries -package zarith -package yojson -package pprint -I src/ocaml-output -I src/prettyprint/ml -I src/parser/ml -I src/ocaml-output/bootlibs -I src/fstar/ml -I src/basic/ml -o src/ocaml-output/FStar_Universal.cmx src/ocaml-output/FStar_Universal.ml
''ocamlfind ocamlopt -c -g -annot -bin-annot -thread -w -8-11-21-26-28 -package batteries -package zarith -package yojson -package pprint -I src/ocaml-output -I src/prettyprint/ml -I src/parser/ml -I src/ocaml-output/bootlibs -I src/fstar/ml -I src/basic/ml -o src/ocaml-output/FStar_Main.cmx src/ocaml-output/FStar_Main.ml
''ocamlfind ocamlopt -c -g -annot -bin-annot -thread -w -8-11-21-26-28 -package batteries -package zarith -package yojson -package pprint -I src/fstar/ml -I src/ocaml-output -I src/prettyprint/ml -I src/parser/ml -I src/ocaml-output/bootlibs -I src/basic/ml -o src/fstar/ml/main.cmx src/fstar/ml/main.ml
''ocamlfind ocamlopt -linkpkg -thread -package batteries -package zarith -package yojson -package pprint src/ocaml-output/bootlibs/FStar_List.cmx src/ocaml-output/bootlibs/MkPrims.cmx src/ocaml-output/bootlibs/prims.cmx src/basic/ml/FStar_Util.cmx src/basic/ml/FStar_Bytes.cmx src/basic/ml/FStar_Getopt.cmx src/basic/ml/FStar_Platform.cmx src/ocaml-output/bootlibs/FStar_Char.cmx src/ocaml-output/bootlibs/FStar_Float.cmx src/ocaml-output/bootlibs/FStar_Int16.cmx src/ocaml-output/bootlibs/FStar_Int32.cmx src/ocaml-output/bootlibs/FStar_Int64.cmx src/ocaml-output/bootlibs/FStar_Int8.cmx src/ocaml-output/bootlibs/FStar_UInt16.cmx src/ocaml-output/bootlibs/FStar_UInt8.cmx src/ocaml-output/bootlibs/FStar_BaseTypes.cmx src/basic/ml/FStar_Range.cmx src/basic/ml/FStar_Unionfind.cmx src/ocaml-output/bootlibs/FStar_All.cmx src/ocaml-output/bootlibs/FStar_ST.cmx src/ocaml-output/bootlibs/FStar_String.cmx src/ocaml-output/FStar_Ident.cmx src/ocaml-output/FStar_Const.cmx src/ocaml-output/FStar_Version.cmx src/ocaml-output/FStar_Options.cmx src/ocaml-output/FStar_Errors.cmx src/ocaml-output/FStar_Syntax_Syntax.cmx src/ocaml-output/FStar_Syntax_Const.cmx src/ocaml-output/bootlibs/FStar_Option.cmx src/ocaml-output/FStar_Syntax_Subst.cmx src/ocaml-output/FStar_Syntax_InstFV.cmx src/ocaml-output/FStar_Syntax_Util.cmx src/ocaml-output/FStar_Syntax_Print.cmx src/ocaml-output/FStar_Parser_AST.cmx src/parser/ml/FStar_Parser_Util.cmx src/ocaml-output/FStar_Parser_Parse.cmx src/parser/ml/FStar_Parser_LexFStar.cmx src/parser/ml/FStar_Parser_ParseIt.cmx src/ocaml-output/FStar_Parser_Driver.cmx src/ocaml-output/FStar_Parser_Dep.cmx src/ocaml-output/FStar_Dependencies.cmx src/ocaml-output/FStar_Extraction_ML_Syntax.cmx src/ocaml-output/FStar_Syntax_Free.cmx src/ocaml-output/FStar_TypeChecker_Common.cmx src/ocaml-output/FStar_TypeChecker_Env.cmx src/ocaml-output/FStar_Extraction_ML_UEnv.cmx src/ocaml-output/FStar_Extraction_ML_Util.cmx src/ocaml-output/FStar_Format.cmx src/ocaml-output/FStar_Extraction_ML_Code.cmx src/ocaml-output/FStar_Extraction_Kremlin.cmx src/ocaml-output/FStar_TypeChecker_Normalize.cmx src/ocaml-output/FStar_TypeChecker_Err.cmx src/ocaml-output/FStar_TypeChecker_Rel.cmx src/ocaml-output/FStar_TypeChecker_Util.cmx src/ocaml-output/FStar_TypeChecker_TcTerm.cmx src/ocaml-output/FStar_Extraction_ML_Term.cmx src/ocaml-output/FStar_Extraction_ML_Modul.cmx src/ocaml-output/FStar_Fsdoc_Generator.cmx src/prettyprint/ml/FStar_Pprint.cmx src/ocaml-output/FStar_Parser_ToDocument.cmx src/ocaml-output/FStar_Indent.cmx src/ocaml-output/FStar_SMTEncoding_Term.cmx src/ocaml-output/FStar_SMTEncoding_Util.cmx src/ocaml-output/FStar_SMTEncoding_Z3.cmx src/ocaml-output/FStar_SMTEncoding_ErrorReporting.cmx src/ocaml-output/FStar_SMTEncoding_Encode.cmx src/ocaml-output/FStar_SMTEncoding_SplitQueryCases.cmx src/ocaml-output/FStar_SMTEncoding_Solver.cmx src/ocaml-output/FStar_Interactive.cmx src/ocaml-output/FStar_Parser_Interleave.cmx src/ocaml-output/FStar_Syntax_MutRecTy.cmx src/ocaml-output/FStar_ToSyntax_Env.cmx src/ocaml-output/FStar_ToSyntax_ToSyntax.cmx src/ocaml-output/FStar_TypeChecker_DMFF.cmx src/ocaml-output/FStar_TypeChecker_Tc.cmx src/ocaml-output/FStar_Universal.cmx src/ocaml-output/FStar_Main.cmx src/fstar/ml/main.cmx -o src/fstar/ml/main.native
# Parallel statistics: { count(total): 16(189), max: 8, min: 2, average(total): 4.000(1.254) }
cp _build/src/fstar/ml/main.native ../../bin/fstar.exe
cp _build/src/fstar/ml/main.native ../../bin/fstar.ocaml
make[1]: Leaving directory '/cygdrive/c/Build/Agent/_work/1/s/src/ocaml-output'
make fstar-ocaml
make[1]: Entering directory '/cygdrive/c/Build/Agent/_work/1/s/src'
make ocaml
make[2]: Entering directory '/cygdrive/c/Build/Agent/_work/1/s/src'
rm -rf boot_fstis u_boot_fsts u_ocaml-output
mkdir boot_fstis u_boot_fsts u_ocaml-output
make prep
make[3]: Entering directory '/cygdrive/c/Build/Agent/_work/1/s/src'
make[3]: warning: jobserver unavailable: using -j1.  Add '+' to parent make rule.
cp basic/string.fsi boot_fstis/FStar.string.fsti
cp basic/list.fsi boot_fstis/FStar.list.fst
sed -i 's/open Prims/module ALL_TEMP = FStar.All/g' boot_fstis/FStar.list.fst
sed -i 's/<.* when .* : equality>//g' boot_fstis/FStar.list.fst
sed -i 's/val/assume val/g' boot_fstis/FStar.list.fst
cp basic/util.fsi boot_fstis/FStar.util.fsti
sed -i 's/open System.IO/module ALL_TMP = FStar.All/g' boot_fstis/FStar.util.fsti
sed -i 's/type time.*/assume new type time/g'  boot_fstis/FStar.util.fsti
sed -i 's/type smap.*/assume new type smap : Type0 -> Type0/g'  boot_fstis/FStar.util.fsti
sed -i 's/type out_channel.*/assume new type out_channel/g'  boot_fstis/FStar.util.fsti
sed -i 's/type file_handle.*/assume new type file_handle/g'  boot_fstis/FStar.util.fsti
sed -i 's/type stream_reader.*/assume new type stream_reader/g'  boot_fstis/FStar.util.fsti
sed -i 's/type string_builder.*/assume new type string_builder/g'  boot_fstis/FStar.util.fsti
sed -i 's/type proc.*/assume new type proc/g' boot_fstis/FStar.util.fsti
sed -i 's/type set.*/assume new type set:Type0 -> Type0/g' boot_fstis/FStar.util.fsti
cp basic/platform.fsi boot_fstis/FStar.platform.fsti
cp basic/bytes.fsti boot_fstis/FStar.bytes.fst
cp basic/range.fsi boot_fstis/FStar.range.fsti
cp basic/version.fsi boot_fstis/FStar.version.fsti
cp basic/getopt.fsi boot_fstis/FStar.getopt.fsti
cp basic/unionfind.fsi boot_fstis/FStar.unionfind.fsti
sed -i 's/type cell.*/module ALL_TMP = FStar.All/g' boot_fstis/FStar.unionfind.fsti
sed -i 's/and contents.*//g' boot_fstis/FStar.unionfind.fsti
sed -i 's/.*| Data.*//g' boot_fstis/FStar.unionfind.fsti
sed -i 's/.*| Fwd.*//g' boot_fstis/FStar.unionfind.fsti
sed -i 's/type uvar.*/assume new type uvar : Type0 -> Type0/g' boot_fstis/FStar.unionfind.fsti
cp prettyprint/prettyprint.fsi boot_fstis/FStar.Pprint.fsti
echo "#light \"off\"" > boot_fstis/FStar.Parser.Parse.fsti
head -n -12 parser/parse.fsi >> boot_fstis/FStar.Parser.Parse.fsti
sed -i 's/module FStar.Parser.Parse/module FStar.Parser.Parse\nopen FStar.All\nopen FStar.BaseTypes\ntype bytes = array<byte>/' boot_fstis/FStar.Parser.Parse.fsti
make rename_as_fst
make[4]: Entering directory '/cygdrive/c/Build/Agent/_work/1/s/src'
./tools/rename_all_boot_fsts
[rename_all_boot_fsts]: copying ./basic/FStar.Const.fs to u_boot_fsts/FStar.Const.fst
[rename_all_boot_fsts]: copying ./basic/FStar.Errors.fs to u_boot_fsts/FStar.Errors.fst
[rename_all_boot_fsts]: copying ./basic/FStar.Ident.fs to u_boot_fsts/FStar.Ident.fst
[rename_all_boot_fsts]: copying ./basic/FStar.Options.fs to u_boot_fsts/FStar.Options.fst
[rename_all_boot_fsts]: copying ./basic/FStar.Options.fsi to u_boot_fsts/FStar.Options.fsti
./boot_fstis/FStar.bytes.fst is unrecognized
./boot_fstis/FStar.getopt.fsti is unrecognized
./boot_fstis/FStar.list.fst is unrecognized
./boot_fstis/FStar.Parser.Parse.fsti is unrecognized
./boot_fstis/FStar.platform.fsti is unrecognized
./boot_fstis/FStar.Pprint.fsti is unrecognized
./boot_fstis/FStar.range.fsti is unrecognized
./boot_fstis/FStar.string.fsti is unrecognized
./boot_fstis/FStar.unionfind.fsti is unrecognized
./boot_fstis/FStar.util.fsti is unrecognized
./boot_fstis/FStar.version.fsti is unrecognized
[rename_all_boot_fsts]: copying ./extraction/FStar.Extraction.Kremlin.fs to u_boot_fsts/FStar.Extraction.Kremlin.fst
[rename_all_boot_fsts]: copying ./extraction/FStar.Extraction.ML.Code.fs to u_boot_fsts/FStar.Extraction.ML.Code.fst
[rename_all_boot_fsts]: copying ./extraction/FStar.Extraction.ML.Code.fsi to u_boot_fsts/FStar.Extraction.ML.Code.fsti
[rename_all_boot_fsts]: copying ./extraction/FStar.Extraction.ML.Modul.fs to u_boot_fsts/FStar.Extraction.ML.Modul.fst
[rename_all_boot_fsts]: copying ./extraction/FStar.Extraction.ML.Syntax.fs to u_boot_fsts/FStar.Extraction.ML.Syntax.fst
[rename_all_boot_fsts]: copying ./extraction/FStar.Extraction.ML.Term.fs to u_boot_fsts/FStar.Extraction.ML.Term.fst
[rename_all_boot_fsts]: copying ./extraction/FStar.Extraction.ML.UEnv.fs to u_boot_fsts/FStar.Extraction.ML.UEnv.fst
[rename_all_boot_fsts]: copying ./extraction/FStar.Extraction.ML.Util.fs to u_boot_fsts/FStar.Extraction.ML.Util.fst
[rename_all_boot_fsts]: copying ./format/FStar.Format.fs to u_boot_fsts/FStar.Format.fst
[rename_all_boot_fsts]: copying ./fsdoc/FStar.Fsdoc.Generator.fs to u_boot_fsts/FStar.Fsdoc.Generator.fst
[rename_all_boot_fsts]: copying ./fstar/FStar.Dependencies.fs to u_boot_fsts/FStar.Dependencies.fst
[rename_all_boot_fsts]: copying ./fstar/FStar.Indent.fs to u_boot_fsts/FStar.Indent.fst
[rename_all_boot_fsts]: copying ./fstar/FStar.Interactive.fs to u_boot_fsts/FStar.Interactive.fst
[rename_all_boot_fsts]: copying ./fstar/FStar.Main.fs to u_boot_fsts/FStar.Main.fst
[rename_all_boot_fsts]: copying ./fstar/FStar.Top.fs to u_boot_fsts/FStar.Top.fst
[rename_all_boot_fsts]: copying ./fstar/FStar.Universal.fs to u_boot_fsts/FStar.Universal.fst
[rename_all_boot_fsts]: copying ./parser/FStar.Parser.AST.fs to u_boot_fsts/FStar.Parser.AST.fst
[rename_all_boot_fsts]: copying ./parser/FStar.Parser.Dep.fs to u_boot_fsts/FStar.Parser.Dep.fst
[rename_all_boot_fsts]: copying ./parser/FStar.Parser.Dep.fsi to u_boot_fsts/FStar.Parser.Dep.fsti
[rename_all_boot_fsts]: copying ./parser/FStar.Parser.Driver.fs to u_boot_fsts/FStar.Parser.Driver.fst
[rename_all_boot_fsts]: copying ./parser/FStar.Parser.Interleave.fs to u_boot_fsts/FStar.Parser.Interleave.fst
[rename_all_boot_fsts]: copying ./parser/FStar.Parser.Lexhelp.fs to u_boot_fsts/FStar.Parser.Lexhelp.fst
[rename_all_boot_fsts]: copying ./parser/FStar.Parser.ToDocument.fs to u_boot_fsts/FStar.Parser.ToDocument.fst
[rename_all_boot_fsts]: copying ./parser/FStar.Parser.ToDocument.fsi to u_boot_fsts/FStar.Parser.ToDocument.fsti
[rename_all_boot_fsts]: copying ./smtencoding/FStar.SMTEncoding.Encode.fs to u_boot_fsts/FStar.SMTEncoding.Encode.fst
[rename_all_boot_fsts]: copying ./smtencoding/FStar.SMTEncoding.Encode.fsi to u_boot_fsts/FStar.SMTEncoding.Encode.fsti
[rename_all_boot_fsts]: copying ./smtencoding/FStar.SMTEncoding.ErrorReporting.fs to u_boot_fsts/FStar.SMTEncoding.ErrorReporting.fst
[rename_all_boot_fsts]: copying ./smtencoding/FStar.SMTEncoding.ErrorReporting.fsi to u_boot_fsts/FStar.SMTEncoding.ErrorReporting.fsti
[rename_all_boot_fsts]: copying ./smtencoding/FStar.SMTEncoding.Solver.fs to u_boot_fsts/FStar.SMTEncoding.Solver.fst
[rename_all_boot_fsts]: copying ./smtencoding/FStar.SMTEncoding.Solver.fsi to u_boot_fsts/FStar.SMTEncoding.Solver.fsti
[rename_all_boot_fsts]: copying ./smtencoding/FStar.SMTEncoding.SplitQueryCases.fs to u_boot_fsts/FStar.SMTEncoding.SplitQueryCases.fst
[rename_all_boot_fsts]: copying ./smtencoding/FStar.SMTEncoding.Term.fs to u_boot_fsts/FStar.SMTEncoding.Term.fst
[rename_all_boot_fsts]: copying ./smtencoding/FStar.SMTEncoding.Term.fsi to u_boot_fsts/FStar.SMTEncoding.Term.fsti
[rename_all_boot_fsts]: copying ./smtencoding/FStar.SMTEncoding.Util.fs to u_boot_fsts/FStar.SMTEncoding.Util.fst
[rename_all_boot_fsts]: copying ./smtencoding/FStar.SMTEncoding.Z3.fs to u_boot_fsts/FStar.SMTEncoding.Z3.fst
[rename_all_boot_fsts]: copying ./syntax/FStar.Syntax.Const.fs to u_boot_fsts/FStar.Syntax.Const.fst
[rename_all_boot_fsts]: copying ./syntax/FStar.Syntax.Free.fs to u_boot_fsts/FStar.Syntax.Free.fst
[rename_all_boot_fsts]: copying ./syntax/FStar.Syntax.Free.fsi to u_boot_fsts/FStar.Syntax.Free.fsti
[rename_all_boot_fsts]: copying ./syntax/FStar.Syntax.InstFV.fs to u_boot_fsts/FStar.Syntax.InstFV.fst
[rename_all_boot_fsts]: copying ./syntax/FStar.Syntax.InstFV.fsi to u_boot_fsts/FStar.Syntax.InstFV.fsti
[rename_all_boot_fsts]: copying ./syntax/FStar.Syntax.MutRecTy.fs to u_boot_fsts/FStar.Syntax.MutRecTy.fst
[rename_all_boot_fsts]: copying ./syntax/FStar.Syntax.MutRecTy.fsi to u_boot_fsts/FStar.Syntax.MutRecTy.fsti
[rename_all_boot_fsts]: copying ./syntax/FStar.Syntax.Print.fs to u_boot_fsts/FStar.Syntax.Print.fst
[rename_all_boot_fsts]: copying ./syntax/FStar.Syntax.Print.fsi to u_boot_fsts/FStar.Syntax.Print.fsti
[rename_all_boot_fsts]: copying ./syntax/FStar.Syntax.Subst.fs to u_boot_fsts/FStar.Syntax.Subst.fst
[rename_all_boot_fsts]: copying ./syntax/FStar.Syntax.Subst.fsi to u_boot_fsts/FStar.Syntax.Subst.fsti
[rename_all_boot_fsts]: copying ./syntax/FStar.Syntax.Syntax.fs to u_boot_fsts/FStar.Syntax.Syntax.fst
[rename_all_boot_fsts]: copying ./syntax/FStar.Syntax.Syntax.fsi to u_boot_fsts/FStar.Syntax.Syntax.fsti
[rename_all_boot_fsts]: copying ./syntax/FStar.Syntax.Util.fs to u_boot_fsts/FStar.Syntax.Util.fst
[rename_all_boot_fsts]: copying ./tosyntax/FStar.ToSyntax.Env.fs to u_boot_fsts/FStar.ToSyntax.Env.fst
[rename_all_boot_fsts]: copying ./tosyntax/FStar.ToSyntax.Env.fsi to u_boot_fsts/FStar.ToSyntax.Env.fsti
[rename_all_boot_fsts]: copying ./tosyntax/FStar.ToSyntax.ToSyntax.fs to u_boot_fsts/FStar.ToSyntax.ToSyntax.fst
[rename_all_boot_fsts]: copying ./tosyntax/FStar.ToSyntax.ToSyntax.fsi to u_boot_fsts/FStar.ToSyntax.ToSyntax.fsti
[rename_all_boot_fsts]: copying ./typechecker/FStar.TypeChecker.Common.fs to u_boot_fsts/FStar.TypeChecker.Common.fst
[rename_all_boot_fsts]: copying ./typechecker/FStar.TypeChecker.DMFF.fs to u_boot_fsts/FStar.TypeChecker.DMFF.fst
[rename_all_boot_fsts]: copying ./typechecker/FStar.TypeChecker.DMFF.fsi to u_boot_fsts/FStar.TypeChecker.DMFF.fsti
[rename_all_boot_fsts]: copying ./typechecker/FStar.TypeChecker.Env.fs to u_boot_fsts/FStar.TypeChecker.Env.fst
[rename_all_boot_fsts]: copying ./typechecker/FStar.TypeChecker.Env.fsi to u_boot_fsts/FStar.TypeChecker.Env.fsti
[rename_all_boot_fsts]: copying ./typechecker/FStar.TypeChecker.Err.fs to u_boot_fsts/FStar.TypeChecker.Err.fst
[rename_all_boot_fsts]: copying ./typechecker/FStar.TypeChecker.Normalize.fs to u_boot_fsts/FStar.TypeChecker.Normalize.fst
[rename_all_boot_fsts]: copying ./typechecker/FStar.TypeChecker.Normalize.fsi to u_boot_fsts/FStar.TypeChecker.Normalize.fsti
[rename_all_boot_fsts]: copying ./typechecker/FStar.TypeChecker.Rel.fs to u_boot_fsts/FStar.TypeChecker.Rel.fst
[rename_all_boot_fsts]: copying ./typechecker/FStar.TypeChecker.Rel.fsi to u_boot_fsts/FStar.TypeChecker.Rel.fsti
[rename_all_boot_fsts]: copying ./typechecker/FStar.TypeChecker.Tc.fs to u_boot_fsts/FStar.TypeChecker.Tc.fst
[rename_all_boot_fsts]: copying ./typechecker/FStar.TypeChecker.Tc.fsi to u_boot_fsts/FStar.TypeChecker.Tc.fsti
[rename_all_boot_fsts]: copying ./typechecker/FStar.TypeChecker.TcTerm.fs to u_boot_fsts/FStar.TypeChecker.TcTerm.fst
[rename_all_boot_fsts]: copying ./typechecker/FStar.TypeChecker.TcTerm.fsi to u_boot_fsts/FStar.TypeChecker.TcTerm.fsti
[rename_all_boot_fsts]: copying ./typechecker/FStar.TypeChecker.Util.fs to u_boot_fsts/FStar.TypeChecker.Util.fst
[rename_all_boot_fsts]: copying ./typechecker/FStar.TypeChecker.Util.fsi to u_boot_fsts/FStar.TypeChecker.Util.fsti
cp parser/parseit.fsi u_boot_fsts/FStar.Parser.Parseit.fsti
make[4]: Leaving directory '/cygdrive/c/Build/Agent/_work/1/s/src'
sed -i "s/type term' =/type term' : Type0 =/g"      u_boot_fsts/FStar.Syntax.Syntax.fst* #TODO, fix up universe generalization for mutual recursive types, issue #806
sed -i "s/and pat' =/and pat' : Type0 =/g"          u_boot_fsts/FStar.Syntax.Syntax.fst* #TODO, fix up universe generalization for mutual recursive types, issue #806
sed -i "s/and comp' =/and comp' : Type0 =/g"        u_boot_fsts/FStar.Syntax.Syntax.fst* #TODO, fix up universe generalization for mutual recursive types, issue #806
sed -i 's/type env =/type env : Type0 =/g'          u_boot_fsts/FStar.TypeChecker.Env.fst* #TODO, fix up universe generalization for mutual recursive types, issue #806
sed -i 's/and solver_t =/and solver_t : Type0 =/g'  u_boot_fsts/FStar.TypeChecker.Env.fst* #TODO, fix up universe generalization for mutual recursive types, issue #806
sed -i 's/and guard_t =/and guard_t : Type0 =/g'    u_boot_fsts/FStar.TypeChecker.Env.fst* #TODO, fix up universe generalization for mutual recursive types, issue #806
sed -i "s/type term' =/type term': Type0 =/g"       u_boot_fsts/FStar.SMTEncoding.Term.fst* #TODO, fix up universe generalization for mutual recursive types, issue #806
sed -i "s/type term' =/type term': Type0 =/g"       u_boot_fsts/FStar.SMTEncoding.Term.fst* #TODO, fix up universe generalization for mutual recursive types, issue #806
sed -i "s/type term' =/type term': Type0 =/g"       u_boot_fsts/FStar.Parser.AST.fst #TODO, fix up universe generalization for mutual recursive types, issue #806
sed -i "s/type pattern' =/type pattern': Type0 =/g" u_boot_fsts/FStar.Parser.AST.fst #TODO, fix up universe generalization for mutual recursive types, issue #806
sed -i "s/type decl' =/type decl': Type0 =/g"       u_boot_fsts/FStar.Parser.AST.fst #TODO, fix up universe generalization for mutual recursive types, issue #806
sed -i "s/type mlexpr' =/type mlexpr': Type0 =/g"   u_boot_fsts/FStar.Extraction.ML.Syntax.fst #TODO, fix up universe generalization for mutual recursive types, issue #806
sed -i "s/type mlsig1 =/type mlsig1: Type0 =/g"     u_boot_fsts/FStar.Extraction.ML.Syntax.fst #TODO, fix up universe generalization for mutual recursive types, issue #806
sed -i 's/module FStar.Parser.Lexhelp/module FStar.Parser.Lexhelp open FStar.Mul/' u_boot_fsts/FStar.Parser.Lexhelp.fst #uses * for multiplication only
make[3]: Leaving directory '/cygdrive/c/Build/Agent/_work/1/s/src'
make u_extract_misc u_extract_syntax u_extract_parser \
u_extract_typechecker u_extract_tosyntax u_extract_smtencoding \
u_extract_extraction u_extract_fstar
make[3]: Entering directory '/cygdrive/c/Build/Agent/_work/1/s/src'
../bin/fstar.exe --trace_error --eager_inference --lax --MLish --no_location_info --odir u_ocaml-output --codegen OCaml --include ../ulib --include u_boot_fsts --include boot_fstis u_boot_fsts/FStar.Options.fst u_boot_fsts/FStar.Ident.fst u_boot_fsts/FStar.Errors.fst u_boot_fsts/FStar.Const.fst u_boot_fsts/FStar.Format.fst --extract_module FStar.Options --extract_module FStar.Ident --extract_module FStar.Errors --extract_module FStar.Const --extract_module FStar.Format
../bin/fstar.exe --trace_error --eager_inference --lax --MLish --no_location_info --odir u_ocaml-output --codegen OCaml --include ../ulib --include u_boot_fsts --include boot_fstis u_boot_fsts/FStar.Syntax.Syntax.fst u_boot_fsts/FStar.Syntax.Const.fst u_boot_fsts/FStar.Syntax.Subst.fst u_boot_fsts/FStar.Syntax.Free.fst u_boot_fsts/FStar.Syntax.InstFV.fst u_boot_fsts/FStar.Syntax.Util.fst u_boot_fsts/FStar.Syntax.Print.fst u_boot_fsts/FStar.Syntax.MutRecTy.fst u_boot_fsts/FStar.Fsdoc.Generator.fst --extract_namespace FStar.Syntax --extract_namespace FStar.Fsdoc
../bin/fstar.exe --trace_error --eager_inference --lax --MLish --no_location_info --odir u_ocaml-output --codegen OCaml --include ../ulib --include u_boot_fsts --include boot_fstis u_boot_fsts/FStar.Parser.AST.fst u_boot_fsts/FStar.Parser.Interleave.fst u_boot_fsts/FStar.Parser.Lexhelp.fst u_boot_fsts/FStar.Parser.Parseit.fsti u_boot_fsts/FStar.Parser.Driver.fst u_boot_fsts/FStar.Parser.Dep.fst u_boot_fsts/FStar.Parser.ToDocument.fst --extract_namespace FStar.Parser
../bin/fstar.exe --trace_error --eager_inference --lax --MLish --no_location_info --odir u_ocaml-output --codegen OCaml --include ../ulib --include u_boot_fsts --include boot_fstis u_boot_fsts/FStar.TypeChecker.Common.fst u_boot_fsts/FStar.TypeChecker.Env.fst u_boot_fsts/FStar.TypeChecker.Normalize.fst u_boot_fsts/FStar.TypeChecker.Err.fst --extract_namespace FStar.TypeChecker
../bin/fstar.exe --trace_error --eager_inference --lax --MLish --no_location_info --odir u_ocaml-output --codegen OCaml --include ../ulib --include u_boot_fsts --include boot_fstis u_boot_fsts/FStar.TypeChecker.Rel.fst --extract_module FStar.TypeChecker.Rel
../bin/fstar.exe --trace_error --eager_inference --lax --MLish --no_location_info --odir u_ocaml-output --codegen OCaml --include ../ulib --include u_boot_fsts --include boot_fstis u_boot_fsts/FStar.TypeChecker.Util.fst --extract_module FStar.TypeChecker.Util
../bin/fstar.exe --trace_error --eager_inference --lax --MLish --no_location_info --odir u_ocaml-output --codegen OCaml --include ../ulib --include u_boot_fsts --include boot_fstis u_boot_fsts/FStar.TypeChecker.DMFF.fst --extract_module FStar.TypeChecker.DMFF
../bin/fstar.exe --trace_error --eager_inference --lax --MLish --no_location_info --odir u_ocaml-output --codegen OCaml --include ../ulib --include u_boot_fsts --include boot_fstis u_boot_fsts/FStar.TypeChecker.TcTerm.fst --extract_module FStar.TypeChecker.TcTerm
../bin/fstar.exe --trace_error --eager_inference --lax --MLish --no_location_info --odir u_ocaml-output --codegen OCaml --include ../ulib --include u_boot_fsts --include boot_fstis u_boot_fsts/FStar.TypeChecker.Tc.fst --extract_module FStar.TypeChecker.Tc
../bin/fstar.exe --trace_error --eager_inference --lax --MLish --no_location_info --odir u_ocaml-output --codegen OCaml --include ../ulib --include u_boot_fsts --include boot_fstis u_boot_fsts/FStar.ToSyntax.Env.fst u_boot_fsts/FStar.ToSyntax.ToSyntax.fst --extract_namespace FStar.ToSyntax
../bin/fstar.exe --trace_error --eager_inference --lax --MLish --no_location_info --odir u_ocaml-output --codegen OCaml --include ../ulib --include u_boot_fsts --include boot_fstis u_boot_fsts/FStar.SMTEncoding.Term.fst u_boot_fsts/FStar.SMTEncoding.Util.fst u_boot_fsts/FStar.SMTEncoding.Z3.fst u_boot_fsts/FStar.SMTEncoding.SplitQueryCases.fst u_boot_fsts/FStar.SMTEncoding.ErrorReporting.fst --extract_namespace FStar.SMTEncoding
../bin/fstar.exe --trace_error --eager_inference --lax --MLish --no_location_info --odir u_ocaml-output --codegen OCaml --include ../ulib --include u_boot_fsts --include boot_fstis u_boot_fsts/FStar.SMTEncoding.Encode.fst --extract_module FStar.SMTEncoding.Encode
../bin/fstar.exe --trace_error --eager_inference --lax --MLish --no_location_info --odir u_ocaml-output --codegen OCaml --include ../ulib --include u_boot_fsts --include boot_fstis u_boot_fsts/FStar.SMTEncoding.Solver.fst --extract_module FStar.SMTEncoding.Solver
../bin/fstar.exe --trace_error --eager_inference --lax --MLish --no_location_info --odir u_ocaml-output --codegen OCaml --include ../ulib --include u_boot_fsts --include boot_fstis u_boot_fsts/FStar.Extraction.ML.Syntax.fst u_boot_fsts/FStar.Extraction.ML.UEnv.fst u_boot_fsts/FStar.Extraction.ML.Util.fst u_boot_fsts/FStar.Extraction.ML.Code.fst u_boot_fsts/FStar.Extraction.ML.Term.fst u_boot_fsts/FStar.Extraction.ML.Modul.fst u_boot_fsts/FStar.Extraction.Kremlin.fst --extract_namespace FStar.Extraction
../bin/fstar.exe --trace_error --eager_inference --lax --MLish --no_location_info --odir u_ocaml-output --codegen OCaml --include ../ulib --include u_boot_fsts --include boot_fstis u_boot_fsts/FStar.Dependencies.fst u_boot_fsts/FStar.Interactive.fst u_boot_fsts/FStar.Universal.fst u_boot_fsts/FStar.Indent.fst u_boot_fsts/FStar.Main.fst --extract_module FStar.Dependencies --extract_module FStar.Interactive --extract_module FStar.Universal --extract_module FStar.Indent --extract_module FStar.Main
Extracted module Options
Extracted module Errors
Extracted module Ident
Extracted module Const
Extracted module Format
All verification conditions discharged successfully
.\u_boot_fsts\FStar.Syntax.Syntax.fst(397,0-397,33): (Warning) Annotation from val declaration overrides inline type annotation
.\u_boot_fsts\FStar.Syntax.Syntax.fst(446,0-446,48): (Warning) Annotation from val declaration overrides inline type annotation
.\u_boot_fsts\FStar.Syntax.Syntax.fst(447,0-447,76): (Warning) Annotation from val declaration overrides inline type annotation
.\u_boot_fsts\FStar.Syntax.Syntax.fst(498,0-500,38): (Warning) Annotation from val declaration overrides inline type annotation
.\u_boot_fsts\FStar.TypeChecker.Env.fst(304,0-308,35): (Warning) Annotation from val declaration overrides inline type annotation
.\u_boot_fsts\FStar.TypeChecker.Util.fst(70,0-72,32): (Warning) Annotation from val declaration overrides inline type annotation
C:\Build\Agent\_work\1\s\src\boot_fstis\FStar.Pprint.fsti(33,0-33,13) (Warning): Adding an implicit 'assume new' qualifier on document
Extracted module Syntax
Extracted module Subst
Extracted module InstFV
Extracted module Const
Extracted module Util
Extracted module Print
Extracted module Generator
Extracted module Free
Extracted module MutRecTy
All verification conditions discharged successfully
Extracted module Term
Extracted module Util
Extracted module SplitQueryCases
Extracted module Z3
Extracted module ErrorReporting
All verification conditions discharged successfully
Extracted module AST
Extracted module Driver
Extracted module Common
Extracted module Lexhelp
Extracted module Env
C:\Build\Agent\_work\1\s\src\boot_fstis\FStar.Pprint.fsti(33,0-33,13) (Warning): Adding an implicit 'assume new' qualifier on document
Extracted module ToDocument
Extracted module Dep
Extracted module Interleave
All verification conditions discharged successfully
Extracted module Util
Extracted module Normalize
All verification conditions discharged successfully
Extracted module Err
All verification conditions discharged successfully
Extracted module Syntax
Extracted module UEnv
Extracted module Util
Extracted module Code
Extracted module Term
Extracted module Modul
Extracted module Kremlin
All verification conditions discharged successfully
Extracted module Solver
All verification conditions discharged successfully
Extracted module Dependencies
Extracted module Indent
Extracted module Interactive
Extracted module Universal
Extracted module Main
All verification conditions discharged successfully
Extracted module DMFF
All verification conditions discharged successfully
Extracted module Env
Extracted module ToSyntax
All verification conditions discharged successfully
Extracted module TcTerm
All verification conditions discharged successfully
Extracted module Rel
All verification conditions discharged successfully
Extracted module Encode
All verification conditions discharged successfully
Extracted module Tc
All verification conditions discharged successfully
make[3]: Leaving directory '/cygdrive/c/Build/Agent/_work/1/s/src'
cp u_ocaml-output/*.ml ocaml-output/
make[2]: Leaving directory '/cygdrive/c/Build/Agent/_work/1/s/src'
make boot-ocaml
make[2]: Entering directory '/cygdrive/c/Build/Agent/_work/1/s/src'
make -C ocaml-output all
make[3]: Entering directory '/cygdrive/c/Build/Agent/_work/1/s/src/ocaml-output'
cd ../../ && ocamlbuild -cflag '-g' -I src/ocaml-output -I src/basic/ml -I src/parser/ml -I src/fstar/ml -j 24 -build-dir src/ocaml-output/_build -I src/prettyprint/ml -I src/ocaml-output/bootlibs -use-ocamlfind main.native
# No parallelism done
cp _build/src/fstar/ml/main.native ../../bin/fstar.exe
cp _build/src/fstar/ml/main.native ../../bin/fstar.ocaml
make[3]: Leaving directory '/cygdrive/c/Build/Agent/_work/1/s/src/ocaml-output'
make[2]: Leaving directory '/cygdrive/c/Build/Agent/_work/1/s/src'
make[1]: Leaving directory '/cygdrive/c/Build/Agent/_work/1/s/src'
make uregressions
make[1]: Entering directory '/cygdrive/c/Build/Agent/_work/1/s/src'
make -C ../ulib
make -C ../examples all
make[2]: Entering directory '/cygdrive/c/Build/Agent/_work/1/s/ulib'
make[2]: Entering directory '/cygdrive/c/Build/Agent/_work/1/s/examples'
make -C bug-reports all
make -C hello all
make -C low-level all
/cygdrive/c/Build/Agent/_work/1/s/bin/fstar.exe --trace_error --use_hints FStar.Int.fst
make -C data_structures all
make[3]: Entering directory '/cygdrive/c/Build/Agent/_work/1/s/examples/bug-reports'
make[3]: Nothing to be done for 'all'.
make[3]: Leaving directory '/cygdrive/c/Build/Agent/_work/1/s/examples/bug-reports'
make -C algorithms all
make -C crypto all
make[3]: Entering directory '/cygdrive/c/Build/Agent/_work/1/s/examples/low-level'
make -C crypto all
make[3]: Entering directory '/cygdrive/c/Build/Agent/_work/1/s/examples/hello'
../../bin/fstar.exe --verify_module hello hello.fst
make -C termination all
/cygdrive/c/Build/Agent/_work/1/s/bin/fstar.exe --trace_error --use_hints FStar.ST.fst
make[3]: Entering directory '/cygdrive/c/Build/Agent/_work/1/s/examples/data_structures'
make -C software_foundations all
make -C ../doc/tutorial/code/exercises all
make[3]: Entering directory '/cygdrive/c/Build/Agent/_work/1/s/examples/algorithms'
make[3]: Entering directory '/cygdrive/c/Build/Agent/_work/1/s/examples/crypto'
make -C ../doc/tutorial/code/solutions all
make[4]: Entering directory '/cygdrive/c/Build/Agent/_work/1/s/examples/low-level/crypto'
../../../bin/fstar.exe --fstar_home ../../.. --max_fuel 4 --initial_fuel 0 --max_ifuel 2 --initial_ifuel 0 --z3rlimit 20  --use_hints --trace_error \
--include ../../../ulib/hyperstack --include hacl \
--__temp_no_proj Crypto.Symmetric.MAC \
--verify_module Buffer.Utils \
Buffer.Utils.fst
make -C rel all
../../../bin/fstar.exe --fstar_home ../../.. --max_fuel 4 --initial_fuel 0 --max_ifuel 2 --initial_ifuel 0 --z3rlimit 20  --use_hints --trace_error \
--include ../../../ulib/hyperstack --include hacl \
--__temp_no_proj Crypto.Symmetric.MAC \
--verify_module Crypto.Symmetric.Bytes \
Crypto.Symmetric.Bytes.fst
make[3]: Entering directory '/cygdrive/c/Build/Agent/_work/1/s/examples/termination'
make[3]: Entering directory '/cygdrive/c/Build/Agent/_work/1/s/examples/software_foundations'
make -C maths all
../../../bin/fstar.exe --fstar_home ../../.. --max_fuel 4 --initial_fuel 0 --max_ifuel 2 --initial_ifuel 0 --z3rlimit 20  --use_hints --trace_error \
--include ../../../ulib/hyperstack --include hacl \
--__temp_no_proj Crypto.Symmetric.MAC \
--verify_module Crypto.Symmetric.Poly1305.Bigint \
Crypto.Symmetric.Poly1305.Bigint.fst
/cygdrive/c/Build/Agent/_work/1/s/bin/fstar.exe --trace_error --use_hints FStar.TwoLevelHeap.fst
../../../bin/fstar.exe --fstar_home ../../.. --max_fuel 4 --initial_fuel 0 --max_ifuel 2 --initial_ifuel 0 --z3rlimit 20  --use_hints --trace_error \
--include ../../../ulib/hyperstack --include hacl \
--__temp_no_proj Crypto.Symmetric.MAC \
--verify_module Crypto.Symmetric.Poly1305.Parameters \
Crypto.Symmetric.Poly1305.Parameters.fst
/cygdrive/c/Build/Agent/_work/1/s/bin/fstar.exe --trace_error --use_hints --verify_module BinarySearchTree BinarySearchTree.fst
make -C paradoxes all
../../../bin/fstar.exe --fstar_home ../../.. --max_fuel 4 --initial_fuel 0 --max_ifuel 2 --initial_ifuel 0 --z3rlimit 20  --use_hints --trace_error \
--include ../../../ulib/hyperstack --include hacl \
--__temp_no_proj Crypto.Symmetric.MAC \
--verify_module Crypto.Symmetric.Poly1305.Bignum.Lemmas.Part1 \
Crypto.Symmetric.Poly1305.Bignum.Lemmas.Part1.fst
make -C printf all
/cygdrive/c/Build/Agent/_work/1/s/bin/fstar.exe --trace_error --use_hints --include ../../ucontrib/Platform/fst \
--include ../../ucontrib/CoreCrypto/fst \
--z3rlimit 20 AES.fst
../../../bin/fstar.exe --fstar_home ../../.. --max_fuel 4 --initial_fuel 0 --max_ifuel 2 --initial_ifuel 0 --z3rlimit 20  --use_hints --trace_error \
--include ../../../ulib/hyperstack --include hacl \
--__temp_no_proj Crypto.Symmetric.MAC \
--verify_module Crypto.Symmetric.Poly1305.Bignum.Lemmas.Part2 \
Crypto.Symmetric.Poly1305.Bignum.Lemmas.Part2.fst
../../../bin/fstar.exe --fstar_home ../../.. --max_fuel 4 --initial_fuel 0 --max_ifuel 2 --initial_ifuel 0 --z3rlimit 20  --use_hints --trace_error \
--include ../../../ulib/hyperstack --include hacl \
--__temp_no_proj Crypto.Symmetric.MAC \
--verify_module Crypto.Symmetric.Poly1305.Bignum.Lemmas.Part3 \
Crypto.Symmetric.Poly1305.Bignum.Lemmas.Part3.fst
make -C metatheory all
/cygdrive/c/Build/Agent/_work/1/s/bin/fstar.exe --trace_error --use_hints --verify_module BinarySearch BinarySearch.fst
make[3]: Entering directory '/cygdrive/c/Build/Agent/_work/1/s/doc/tutorial/code/exercises'
make[3]: Entering directory '/cygdrive/c/Build/Agent/_work/1/s/examples/rel'
../../../bin/fstar.exe --fstar_home ../../.. --max_fuel 4 --initial_fuel 0 --max_ifuel 2 --initial_ifuel 0 --z3rlimit 20  --use_hints --trace_error \
--include ../../../ulib/hyperstack --include hacl \
--__temp_no_proj Crypto.Symmetric.MAC \
--verify_module Crypto.Symmetric.Poly1305.Bignum.Lemmas.Part4 \
Crypto.Symmetric.Poly1305.Bignum.Lemmas.Part4.fst
make[3]: Entering directory '/cygdrive/c/Build/Agent/_work/1/s/doc/tutorial/code/solutions'
make[3]: Entering directory '/cygdrive/c/Build/Agent/_work/1/s/examples/maths'
/cygdrive/c/Build/Agent/_work/1/s/bin/fstar.exe --trace_error --use_hints --verify_module wf wf.fst
make[3]: Entering directory '/cygdrive/c/Build/Agent/_work/1/s/examples/paradoxes'
/cygdrive/c/Build/Agent/_work/1/s/bin/fstar.exe --trace_error --use_hints --verify_module SfBasic SfBasic.fst
make[3]: Entering directory '/cygdrive/c/Build/Agent/_work/1/s/examples/metatheory'
make[3]: Entering directory '/cygdrive/c/Build/Agent/_work/1/s/examples/printf'
/cygdrive/c/Build/Agent/_work/1/s/bin/fstar.exe --trace_error   --use_hints rel.fst whilelanguage.fst ifc.fst ifcExample.fst
/cygdrive/c/Build/Agent/_work/1/s/bin/fstar.exe --trace_error --use_hints --include ../../../..//ucontrib/Platform/fst --include ../../../..//ucontrib/CoreCrypto/fst Ex01a.fst
/cygdrive/c/Build/Agent/_work/1/s/bin/fstar.exe --trace_error --use_hints --verify_module Gcd Gcd.fst
/cygdrive/c/Build/Agent/_work/1/s/bin/fstar.exe --trace_error --use_hints --include ../../../..//ucontrib/Platform/fst --include ../../../..//ucontrib/CoreCrypto/fst Ex01a.fst
/cygdrive/c/Build/Agent/_work/1/s/bin/fstar.exe --trace_error --use_hints PropositionalExtensionalityInconsistent.fst
/cygdrive/c/Build/Agent/_work/1/s/bin/fstar.exe --trace_error --use_hints --verify_module ParSubst ParSubst.fst
/cygdrive/c/Build/Agent/_work/1/s/bin/fstar.exe --trace_error --use_hints --verify_module SimplePrintf SimplePrintf.fst
Verified module: Hello (19 milliseconds)
All verification conditions discharged successfully
make[3]: Leaving directory '/cygdrive/c/Build/Agent/_work/1/s/examples/hello'
make -C verifythis all
Verified module: FStar.ST (45 milliseconds)
All verification conditions discharged successfully
make[3]: Entering directory '/cygdrive/c/Build/Agent/_work/1/s/examples/verifythis'
/cygdrive/c/Build/Agent/_work/1/s/bin/fstar.exe --trace_error --use_hints FStar.Tcp.fst
/cygdrive/c/Build/Agent/_work/1/s/bin/fstar.exe --trace_error --use_hints 2015/Problem01.fst
Verified module: Wf (378 milliseconds)
All verification conditions discharged successfully
/cygdrive/c/Build/Agent/_work/1/s/bin/fstar.exe --trace_error --use_hints --verify_module CPS.Simple CPS.Simple.fst
.\Ex01a.fst(68,0-68,48): (Warning) Top-level let-bindings must be total; this term may have effects
Verified module: Ex01a (402 milliseconds)
All verification conditions discharged successfully
/cygdrive/c/Build/Agent/_work/1/s/bin/fstar.exe --trace_error --use_hints --include ../../../..//ucontrib/Platform/fst --include ../../../..//ucontrib/CoreCrypto/fst Ex02a.fst
.\Ex01a.fst(58,0-58,48): (Warning) Top-level let-bindings must be total; this term may have effects
Verified module: Ex01a (571 milliseconds)
All verification conditions discharged successfully
/cygdrive/c/Build/Agent/_work/1/s/bin/fstar.exe --trace_error --use_hints --include ../../../..//ucontrib/Platform/fst --include ../../../..//ucontrib/CoreCrypto/fst Ex02a.fst
Verified module: PropositionalExtensionalityInconsistent (791 milliseconds)
All verification conditions discharged successfully
make[3]: Leaving directory '/cygdrive/c/Build/Agent/_work/1/s/examples/paradoxes'
make -C preorders all
make[3]: Entering directory '/cygdrive/c/Build/Agent/_work/1/s/examples/preorders'
/cygdrive/c/Build/Agent/_work/1/s/bin/fstar.exe --trace_error --use_hints --verify_module ImmutableST ImmutableST.fst
Verified module: BinarySearchTree (1380 milliseconds)
All verification conditions discharged successfully
/cygdrive/c/Build/Agent/_work/1/s/bin/fstar.exe --trace_error --use_hints --verify_module BinarySearchTree0 BinarySearchTree0.fst
Verified module: FStar.TwoLevelHeap (1909 milliseconds)
All verification conditions discharged successfully
/cygdrive/c/Build/Agent/_work/1/s/bin/fstar.exe --trace_error --use_hints FStar.Integers.fst
Verified module: ParSubst (2114 milliseconds)
All verification conditions discharged successfully
/cygdrive/c/Build/Agent/_work/1/s/bin/fstar.exe --trace_error --use_hints --verify_module StlcCbvDbPntSubstNoLists StlcCbvDbPntSubstNoLists.fst
Verified module: Gcd (452 milliseconds)
All verification conditions discharged successfully
make[3]: Leaving directory '/cygdrive/c/Build/Agent/_work/1/s/examples/maths'
make -C dm4free all
make[3]: Entering directory '/cygdrive/c/Build/Agent/_work/1/s/examples/dm4free'
/cygdrive/c/Build/Agent/_work/1/s/bin/fstar.exe --trace_error --use_hints FStar.DM4F.MonadLaws.fst
Verified module: SimplePrintf (2191 milliseconds)
All verification conditions discharged successfully
make[3]: Leaving directory '/cygdrive/c/Build/Agent/_work/1/s/examples/printf'
make -C incl all
make[3]: Entering directory '/cygdrive/c/Build/Agent/_work/1/s/examples/incl'
/cygdrive/c/Build/Agent/_work/1/s/bin/fstar.exe --trace_error --use_hints --include open.pos --odir open.pos open.pos/Test.fst
Verified module: FStar.Int (3915 milliseconds)
All verification conditions discharged successfully
Verified module: Ex02a (170 milliseconds)
All verification conditions discharged successfully
/cygdrive/c/Build/Agent/_work/1/s/bin/fstar.exe --trace_error --use_hints FStar.UInt63.fst
/cygdrive/c/Build/Agent/_work/1/s/bin/fstar.exe --trace_error --use_hints --include ../../../..//ucontrib/Platform/fst --include ../../../..//ucontrib/CoreCrypto/fst Ex03a.fst
Verified module: Ex02a (168 milliseconds)
All verification conditions discharged successfully
/cygdrive/c/Build/Agent/_work/1/s/bin/fstar.exe --trace_error --use_hints --include ../../../..//ucontrib/Platform/fst --include ../../../..//ucontrib/CoreCrypto/fst Ex03a.fst
Verified module: CPS.Simple (113 milliseconds)
All verification conditions discharged successfully
/cygdrive/c/Build/Agent/_work/1/s/bin/fstar.exe --trace_error --use_hints --verify_module CPS.Double CPS.Double.fst
Verified module: AES (425 milliseconds)
All verification conditions discharged successfully
/cygdrive/c/Build/Agent/_work/1/s/bin/fstar.exe --trace_error --use_hints --include ../../ucontrib/Platform/fst \
--include ../../ucontrib/CoreCrypto/fst \
--z3rlimit 20 Encrypt_SymEnc.fst
Verified module: Problem01 (1057 milliseconds)
All verification conditions discharged successfully
make[3]: Leaving directory '/cygdrive/c/Build/Agent/_work/1/s/examples/verifythis'
make -C micro-benchmarks all
Verified module: SfBasic (5160 milliseconds)
All verification conditions discharged successfully
make[3]: Entering directory '/cygdrive/c/Build/Agent/_work/1/s/examples/micro-benchmarks'
/cygdrive/c/Build/Agent/_work/1/s/bin/fstar.exe --trace_error --use_hints --verify_module SfLists SfLists.fst
Verified module: BinarySearch (3337 milliseconds)
All verification conditions discharged successfully
/cygdrive/c/Build/Agent/_work/1/s/bin/fstar.exe --trace_error --use_hints --verify_module Unit1.Basic Unit1.Basic.fst
/cygdrive/c/Build/Agent/_work/1/s/bin/fstar.exe --trace_error --use_hints --verify_module IntSort IntSort.fst
Verified module: ImmutableST (1297 milliseconds)
All verification conditions discharged successfully
/cygdrive/c/Build/Agent/_work/1/s/bin/fstar.exe --trace_error --use_hints --verify_module AllocST AllocST.fst
Verified module: BinarySearchTree0 (822 milliseconds)
All verification conditions discharged successfully
/cygdrive/c/Build/Agent/_work/1/s/bin/fstar.exe --trace_error --use_hints --verify_module BinarySearchTreeBasic BinarySearchTreeBasic.fst
Verified module: Crypto.Symmetric.Poly1305.Parameters (762 milliseconds)
All verification conditions discharged successfully
../../../bin/fstar.exe --fstar_home ../../.. --max_fuel 4 --initial_fuel 0 --max_ifuel 2 --initial_ifuel 0 --z3rlimit 20  --use_hints --trace_error \
--include ../../../ulib/hyperstack --include hacl \
--__temp_no_proj Crypto.Symmetric.MAC \
--verify_module Crypto.Symmetric.Poly1305.Bignum.Lemmas.Part5 \
Crypto.Symmetric.Poly1305.Bignum.Lemmas.Part5.fst
Verified module: Test (20 milliseconds)
All verification conditions discharged successfully
/cygdrive/c/Build/Agent/_work/1/s/bin/fstar.exe --trace_error --use_hints --include private.pos --odir private.pos private.pos/Test.fst
Verified module: FStar.DM4F.MonadLaws (828 milliseconds)
All verification conditions discharged successfully
/cygdrive/c/Build/Agent/_work/1/s/bin/fstar.exe --trace_error --use_hints Effects.Def.fst
Verified module: Ex03a (168 milliseconds)
All verification conditions discharged successfully
/cygdrive/c/Build/Agent/_work/1/s/bin/fstar.exe --trace_error --use_hints --include ../../../..//ucontrib/Platform/fst --include ../../../..//ucontrib/CoreCrypto/fst Ex03b.fst
Verified module: CPS.Double (96 milliseconds)
All verification conditions discharged successfully
/cygdrive/c/Build/Agent/_work/1/s/bin/fstar.exe --trace_error --use_hints --verify_module CPS.DoubleLambdaLifting2 CPS.DoubleLambdaLifting2.fst
Verified module: Ex03a (158 milliseconds)
All verification conditions discharged successfully
/cygdrive/c/Build/Agent/_work/1/s/bin/fstar.exe --trace_error --use_hints --include ../../../..//ucontrib/Platform/fst --include ../../../..//ucontrib/CoreCrypto/fst Ex03b.fst
Verified module: FStar.Tcp (17 milliseconds)
All verification conditions discharged successfully
/cygdrive/c/Build/Agent/_work/1/s/bin/fstar.exe --trace_error --use_hints FStar.List.Tot.Base.fst
Verified module: Test (18 milliseconds)
All verification conditions discharged successfully
/cygdrive/c/Build/Agent/_work/1/s/bin/fstar.exe --trace_error --use_hints --include shadow.pos --odir shadow.pos shadow.pos/Test.fst
Verified module: AllocST (1345 milliseconds)
All verification conditions discharged successfully
/cygdrive/c/Build/Agent/_work/1/s/bin/fstar.exe --trace_error --use_hints --verify_module NatHeap NatHeap.fst
Verified module: IntSort (1405 milliseconds)
All verification conditions discharged successfully
/cygdrive/c/Build/Agent/_work/1/s/bin/fstar.exe --trace_error --use_hints --verify_module InsertionSort InsertionSort.fst
Verified module: StlcCbvDbPntSubstNoLists (5400 milliseconds)
All verification conditions discharged successfully
/cygdrive/c/Build/Agent/_work/1/s/bin/fstar.exe --trace_error --use_hints --verify_module StlcStrongDbParSubst StlcStrongDbParSubst.fst
Verified module: CPS.DoubleLambdaLifting2 (99 milliseconds)
All verification conditions discharged successfully
Verified module: Ex03b (95 milliseconds)
All verification conditions discharged successfully
/cygdrive/c/Build/Agent/_work/1/s/bin/fstar.exe --trace_error --use_hints --verify_module CPS.DoubleDefun CPS.DoubleDefun.fst
/cygdrive/c/Build/Agent/_work/1/s/bin/fstar.exe --trace_error --use_hints --include ../../../..//ucontrib/Platform/fst --include ../../../..//ucontrib/CoreCrypto/fst Ex03c.fst
Verified module: Ex03b (97 milliseconds)
All verification conditions discharged successfully
/cygdrive/c/Build/Agent/_work/1/s/bin/fstar.exe --trace_error --use_hints --include ../../../..//ucontrib/Platform/fst --include ../../../..//ucontrib/CoreCrypto/fst Ex03c.fst
.\Encrypt_SymEnc.fst(29,0-29,18): (Warning) Top-level let-bindings must be total; this term may have effects
Verified module: Effects.Def (1702 milliseconds)
All verification conditions discharged successfully
/cygdrive/c/Build/Agent/_work/1/s/bin/fstar.exe --trace_error --use_hints FStar.DM4F.IntST.fst
Verified module: Encrypt_SymEnc (1813 milliseconds)
All verification conditions discharged successfully
/cygdrive/c/Build/Agent/_work/1/s/bin/fstar.exe --trace_error --use_hints --include ../../ucontrib/Platform/fst \
--include ../../ucontrib/CoreCrypto/fst \
--z3rlimit 20 Encrypt_Sample.fst
Verified module: Test (19 milliseconds)
All verification conditions discharged successfully
/cygdrive/c/Build/Agent/_work/1/s/bin/fstar.exe --trace_error --use_hints --include trans.pos --odir trans.pos trans.pos/Test.fst
Verified module: BinarySearchTreeBasic (5165 milliseconds)
All verification conditions discharged successfully
/cygdrive/c/Build/Agent/_work/1/s/bin/fstar.exe --trace_error --use_hints --verify_module BinarySearchTreeFirst BinarySearchTreeFirst.fst
Verified module: SfLists (5895 milliseconds)
All verification conditions discharged successfully
/cygdrive/c/Build/Agent/_work/1/s/bin/fstar.exe --trace_error --use_hints --verify_module SfPoly SfPoly.fst
Verified module: Ex03c (196 milliseconds)
All verification conditions discharged successfully
/cygdrive/c/Build/Agent/_work/1/s/bin/fstar.exe --trace_error --use_hints --include ../../../..//ucontrib/Platform/fst --include ../../../..//ucontrib/CoreCrypto/fst Ex04a.fst
Verified module: Ex03c (101 milliseconds)
All verification conditions discharged successfully
/cygdrive/c/Build/Agent/_work/1/s/bin/fstar.exe --trace_error --use_hints --include ../../../..//ucontrib/Platform/fst --include ../../../..//ucontrib/CoreCrypto/fst Ex04a.fst
.\ifcExample.fst(10,0-10,15): (Warning) Top-level let-bindings must be total; this term may have effects
.\ifcExample.fst(11,0-11,15): (Warning) Top-level let-bindings must be total; this term may have effects
.\ifcExample.fst(12,0-12,15): (Warning) Top-level let-bindings must be total; this term may have effects
.\ifcExample.fst(13,0-13,17): (Warning) Top-level let-bindings must be total; this term may have effects
Verified module: CPS.DoubleDefun (898 milliseconds)
All verification conditions discharged successfully
/cygdrive/c/Build/Agent/_work/1/s/bin/fstar.exe --trace_error --use_hints --verify_module CPS.Expr CPS.Expr.fst
Verified module: InsertionSort (654 milliseconds)
All verification conditions discharged successfully
/cygdrive/c/Build/Agent/_work/1/s/bin/fstar.exe --trace_error --use_hints --verify_module MergeSort MergeSort.fst
Verified module: WhileLanguage (3591 milliseconds)
Verified module: Rel (1075 milliseconds)
Verified module: Ifc (10099 milliseconds)
Verified module: IfcExample (1415 milliseconds)
All verification conditions discharged successfully
/cygdrive/c/Build/Agent/_work/1/s/bin/fstar.exe --trace_error   --use_hints bijection.fst random_tapes.fst
Verified module: FStar.List.Tot.Base (4490 milliseconds)
All verification conditions discharged successfully
/cygdrive/c/Build/Agent/_work/1/s/bin/fstar.exe --trace_error --use_hints FStar.Bytes.fst
Verified module: Test (18 milliseconds)
All verification conditions discharged successfully
/cygdrive/c/Build/Agent/_work/1/s/bin/fstar.exe --trace_error --use_hints --include plain.pos --odir plain.pos plain.pos/Test.fst
Verified module: NatHeap (3266 milliseconds)
All verification conditions discharged successfully
/cygdrive/c/Build/Agent/_work/1/s/bin/fstar.exe --trace_error --use_hints --verify_module ImmutableSTwHeaps ImmutableSTwHeaps.fst
Verified module: Crypto.Symmetric.Poly1305.Bigint (7755 milliseconds)
All verification conditions discharged successfully
../../../bin/fstar.exe --fstar_home ../../.. --max_fuel 4 --initial_fuel 0 --max_ifuel 2 --initial_ifuel 0 --z3rlimit 20  --use_hints --trace_error \
--include ../../../ulib/hyperstack --include hacl \
--__temp_no_proj Crypto.Symmetric.MAC \
--verify_module Crypto.Symmetric.Poly1305.Bignum.Lemmas.Part6 \
Crypto.Symmetric.Poly1305.Bignum.Lemmas.Part6.fst
Verified module: Ex04a (262 milliseconds)
All verification conditions discharged successfully
/cygdrive/c/Build/Agent/_work/1/s/bin/fstar.exe --trace_error --use_hints --include ../../../..//ucontrib/Platform/fst --include ../../../..//ucontrib/CoreCrypto/fst Ex04b.fst
.\BinarySearchTreeFirst.fst(30,0-39,17) : (Error) Inductive type BinarySearchTreeFirst.tree does not satisfy the positivity condition
Unexpected error
FStar_Errors.Error(_)
Raised by primitive operation at file "src/batString.mlv", line 145, characters 30-54
Called from file "src/batReturn.ml", line 29, characters 6-29

/cygdrive/c/Build/Agent/_work/1/s/bin/fstar.exe --trace_error --use_hints --verify_module RBTree RBTree.fst
make[3]: *** [../Makefile.include:15: BinarySearchTreeFirst.uver] Error 1
Verified module: Ex04a (646 milliseconds)
All verification conditions discharged successfully
/cygdrive/c/Build/Agent/_work/1/s/bin/fstar.exe --trace_error --use_hints --include ../../../..//ucontrib/Platform/fst --include ../../../..//ucontrib/CoreCrypto/fst Ex04b.fst
Verified module: FStar.DM4F.IntST (2999 milliseconds)
All verification conditions discharged successfully
/cygdrive/c/Build/Agent/_work/1/s/bin/fstar.exe --trace_error --use_hints FStar.DM4F.Exceptions.fst
Verified module: CPS.Expr (487 milliseconds)
All verification conditions discharged successfully
/cygdrive/c/Build/Agent/_work/1/s/bin/fstar.exe --trace_error --use_hints --verify_module CPS.SimpleDefun CPS.SimpleDefun.fst
Verified module: Test (17 milliseconds)
All verification conditions discharged successfully
/cygdrive/c/Build/Agent/_work/1/s/bin/fstar.exe --trace_error --use_hints --include noshadow.pos --odir noshadow.pos noshadow.pos/Test.fst
Verified module: Encrypt_Sample (38 milliseconds)
All verification conditions discharged successfully
/cygdrive/c/Build/Agent/_work/1/s/bin/fstar.exe --trace_error --use_hints --include ../../ucontrib/Platform/fst \
--include ../../ucontrib/CoreCrypto/fst \
--z3rlimit 20 SHA1.fst
Verified module: Bijection (180 milliseconds)
Verified module: Random_Tapes (645 milliseconds)
All verification conditions discharged successfully
/cygdrive/c/Build/Agent/_work/1/s/bin/fstar.exe --trace_error   --use_hints delimited_release.fst
Verified module: MergeSort (1578 milliseconds)
All verification conditions discharged successfully
/cygdrive/c/Build/Agent/_work/1/s/bin/fstar.exe --trace_error --use_hints --verify_module QuickSort.List QuickSort.List.fst
Verified module: FStar.UInt63 (9029 milliseconds)
All verification conditions discharged successfully
/cygdrive/c/Build/Agent/_work/1/s/bin/fstar.exe --trace_error --use_hints FStar.Reader.fst
Verified module: Ex04b (336 milliseconds)
All verification conditions discharged successfully
/cygdrive/c/Build/Agent/_work/1/s/bin/fstar.exe --trace_error --use_hints --include ../../../..//ucontrib/Platform/fst --include ../../../..//ucontrib/CoreCrypto/fst Ex04c.fst
Verified module: Ex04b (257 milliseconds)
All verification conditions discharged successfully
Verified module: ImmutableSTwHeaps (596 milliseconds)
All verification conditions discharged successfully
/cygdrive/c/Build/Agent/_work/1/s/bin/fstar.exe --trace_error --use_hints --include ../../../..//ucontrib/Platform/fst --include ../../../..//ucontrib/CoreCrypto/fst Ex04c.fst
Verified module: StlcStrongDbParSubst (7339 milliseconds)
All verification conditions discharged successfully
/cygdrive/c/Build/Agent/_work/1/s/bin/fstar.exe --trace_error --use_hints --verify_module ReifyTest ReifyTest.fst
/cygdrive/c/Build/Agent/_work/1/s/bin/fstar.exe --trace_error --use_hints --verify_module StlcCbvDbParSubst StlcCbvDbParSubst.fst
Verified module: Test (21 milliseconds)
All verification conditions discharged successfully
/cygdrive/c/Build/Agent/_work/1/s/bin/fstar.exe --trace_error --use_hints --include field.pos --odir field.pos field.pos/Test.fst
Verified module: FStar.DM4F.Exceptions (2173 milliseconds)
All verification conditions discharged successfully
/cygdrive/c/Build/Agent/_work/1/s/bin/fstar.exe --trace_error --use_hints FStar.DM4F.ExnSt.fst
Verified module: CPS.SimpleDefun (567 milliseconds)
All verification conditions discharged successfully
/cygdrive/c/Build/Agent/_work/1/s/bin/fstar.exe --trace_error --use_hints --verify_module CPS.SimpleLambdaLifting CPS.SimpleLambdaLifting.fst
Verified module: Ex04c (306 milliseconds)
All verification conditions discharged successfully
/cygdrive/c/Build/Agent/_work/1/s/bin/fstar.exe --trace_error --use_hints --include ../../../..//ucontrib/Platform/fst --include ../../../..//ucontrib/CoreCrypto/fst Ex04e.fst
Verified module: Ex04c (702 milliseconds)
All verification conditions discharged successfully
/cygdrive/c/Build/Agent/_work/1/s/bin/fstar.exe --trace_error --use_hints --include ../../../..//ucontrib/Platform/fst --include ../../../..//ucontrib/CoreCrypto/fst Ex04e.fst
Verified module: FStar.Reader (547 milliseconds)
All verification conditions discharged successfully
/cygdrive/c/Build/Agent/_work/1/s/bin/fstar.exe --trace_error --use_hints FStar.Classical.fst
Verified module: FStar.Bytes (334 milliseconds)
All verification conditions discharged successfully
/cygdrive/c/Build/Agent/_work/1/s/bin/fstar.exe --trace_error --use_hints FStar.Constructive.fst
Verified module: Test (18 milliseconds)
All verification conditions discharged successfully
Verified module: SfPoly (7993 milliseconds)
All verification conditions discharged successfully
! /cygdrive/c/Build/Agent/_work/1/s/bin/fstar.exe --trace_error --use_hints --include plain.neg --odir plain.neg plain.neg/Test.fst > plain.neg/error.log 2>&1
make[3]: Leaving directory '/cygdrive/c/Build/Agent/_work/1/s/examples/software_foundations'
make -C bytes all
make[3]: Entering directory '/cygdrive/c/Build/Agent/_work/1/s/examples/bytes'
/cygdrive/c/Build/Agent/_work/1/s/bin/fstar.exe --trace_error --use_hints --verify_module Platform.Bytes Platform.Bytes.fst
Verified module: SHA1 (411 milliseconds)
All verification conditions discharged successfully
/cygdrive/c/Build/Agent/_work/1/s/bin/fstar.exe --trace_error --use_hints --include ../../ucontrib/Platform/fst \
--include ../../ucontrib/CoreCrypto/fst \
--z3rlimit 20 MAC.fst
Verified module: ReifyTest (2727 milliseconds)
All verification conditions discharged successfully
/cygdrive/c/Build/Agent/_work/1/s/bin/fstar.exe --trace_error --use_hints --verify_module AllocSTwHeaps AllocSTwHeaps.fst
Verified module: CPS.SimpleLambdaLifting (104 milliseconds)
All verification conditions discharged successfully
/cygdrive/c/Build/Agent/_work/1/s/bin/fstar.exe --trace_error --use_hints --verify_module Eval.DB Eval.DB.fst
Verified module: QuickSort.List (3521 milliseconds)
All verification conditions discharged successfully
/cygdrive/c/Build/Agent/_work/1/s/bin/fstar.exe --trace_error --use_hints --verify_module QuickSort.Seq QuickSort.Seq.fst
Verified module: Ex04e (589 milliseconds)
All verification conditions discharged successfully
/cygdrive/c/Build/Agent/_work/1/s/bin/fstar.exe --trace_error --use_hints --include ../../../..//ucontrib/Platform/fst --include ../../../..//ucontrib/CoreCrypto/fst Ex04f.fst
Verified module: Ex04e (840 milliseconds)
All verification conditions discharged successfully
/cygdrive/c/Build/Agent/_work/1/s/bin/fstar.exe --trace_error --use_hints --include ../../../..//ucontrib/Platform/fst --include ../../../..//ucontrib/CoreCrypto/fst Ex04f.fst
plain.neg failed as expected
! /cygdrive/c/Build/Agent/_work/1/s/bin/fstar.exe --trace_error --use_hints --include shadow.neg --odir shadow.neg shadow.neg/Test.fst > shadow.neg/error.log 2>&1
Verified module: Unit1.Basic (14540 milliseconds)
All verification conditions discharged successfully
/cygdrive/c/Build/Agent/_work/1/s/bin/fstar.exe --trace_error --use_hints --verify_module Unit1.Projectors2 Unit1.Projectors2.fst
Verified module: FStar.Classical (1406 milliseconds)
All verification conditions discharged successfully
/cygdrive/c/Build/Agent/_work/1/s/bin/fstar.exe --trace_error --use_hints FStar.Map.fst
Verified module: FStar.Constructive (1524 milliseconds)
All verification conditions discharged successfully
/cygdrive/c/Build/Agent/_work/1/s/bin/fstar.exe --trace_error --use_hints FStar.FunctionalExtensionality.fst
Verified module: FStar.DM4F.ExnSt (2518 milliseconds)
All verification conditions discharged successfully
/cygdrive/c/Build/Agent/_work/1/s/bin/fstar.exe --trace_error --use_hints FStar.DM4F.StExn.fst
.\Platform.Bytes.fst(15,32-18,29): (Warning) Pattern misses at least one bound variable: uu___#1088
Verified module: Delimited_Release (7188 milliseconds)
All verification conditions discharged successfully
/cygdrive/c/Build/Agent/_work/1/s/bin/fstar.exe --trace_error   --use_hints recursive.fst
Verified module: RBTree (10727 milliseconds)
All verification conditions discharged successfully
/cygdrive/c/Build/Agent/_work/1/s/bin/fstar.exe --trace_error --use_hints --explicit_deps ArrayRealized.fst Vector.fst
Verified module: StlcCbvDbParSubst (6961 milliseconds)
All verification conditions discharged successfully
/cygdrive/c/Build/Agent/_work/1/s/bin/fstar.exe --trace_error --use_hints LambdaOmega.fst --max_fuel 1 --max_ifuel 1 --initial_fuel 1
Verified module: AllocSTwHeaps (881 milliseconds)
All verification conditions discharged successfully
/cygdrive/c/Build/Agent/_work/1/s/bin/fstar.exe --trace_error --use_hints --verify_module Preorder Preorder.fst
shadow.neg failed as expected
! /cygdrive/c/Build/Agent/_work/1/s/bin/fstar.exe --trace_error --use_hints --include open.neg --odir open.neg open.neg/Test.fst > open.neg/error.log 2>&1
Verified module: Ex04f (243 milliseconds)
All verification conditions discharged successfully
Verified module: Ex04f (857 milliseconds)
All verification conditions discharged successfully
/cygdrive/c/Build/Agent/_work/1/s/bin/fstar.exe --trace_error --use_hints --include ../../../..//ucontrib/Platform/fst --include ../../../..//ucontrib/CoreCrypto/fst Ex04g.fst
/cygdrive/c/Build/Agent/_work/1/s/bin/fstar.exe --trace_error --use_hints --include ../../../..//ucontrib/Platform/fst --include ../../../..//ucontrib/CoreCrypto/fst Ex04g.fst
Verified module: FStar.Integers (21164 milliseconds)
All verification conditions discharged successfully
/cygdrive/c/Build/Agent/_work/1/s/bin/fstar.exe --trace_error --use_hints FStar.MarkovsPrinciple.fst
Verified module: Eval.DB (2369 milliseconds)
All verification conditions discharged successfully
/cygdrive/c/Build/Agent/_work/1/s/bin/fstar.exe --trace_error --use_hints --verify_module termination termination.fst
Verified module: FStar.FunctionalExtensionality (158 milliseconds)
All verification conditions discharged successfully
.\MAC.fst(45,0-45,35): (Warning) Top-level let-bindings must be total; this term may have effects
/cygdrive/c/Build/Agent/_work/1/s/bin/fstar.exe --trace_error --use_hints FStar.List.fst
Verified module: MAC (873 milliseconds)
All verification conditions discharged successfully
/cygdrive/c/Build/Agent/_work/1/s/bin/fstar.exe --trace_error --use_hints --include ../../ucontrib/Platform/fst \
--include ../../ucontrib/CoreCrypto/fst \
--z3rlimit 20 Sig.fst
All verification conditions discharged successfully
make[3]: Leaving directory '/cygdrive/c/Build/Agent/_work/1/s/examples/data_structures'
make[3]: Target 'all' not remade because of errors.
make -C tactics all
make[2]: *** [Makefile:33: data_structures.all] Error 2
Verified module: Preorder (20 milliseconds)
All verification conditions discharged successfully
make[3]: Entering directory '/cygdrive/c/Build/Agent/_work/1/s/examples/tactics'
/cygdrive/c/Build/Agent/_work/1/s/bin/fstar.exe --trace_error --use_hints --record_hints --verify_module MRefHeap MRefHeap.fst
/cygdrive/c/Build/Agent/_work/1/s/bin/fstar.exe --trace_error --use_hints --verify_module MetaCoq MetaCoq.fst
Verified module: Recursive (440 milliseconds)
All verification conditions discharged successfully
make[3]: Leaving directory '/cygdrive/c/Build/Agent/_work/1/s/examples/rel'
/cygdrive/c/Build/Agent/_work/1/s/bin/fstar.exe --trace_error --use_hints FStar.Array.fst
open.neg failed as expected
! /cygdrive/c/Build/Agent/_work/1/s/bin/fstar.exe --trace_error --use_hints --include private.neg --odir private.neg private.neg/Test.fst > private.neg/error.log 2>&1
.\Ex04g.fst(5,4-5,6): Warning: Admitting tl without a definition
.\Ex04g.fst(4,4-4,6): Warning: Admitting hd without a definition
Verified module: Ex04g (17 milliseconds)
All verification conditions discharged successfully
/cygdrive/c/Build/Agent/_work/1/s/bin/fstar.exe --trace_error --use_hints --include ../../../..//ucontrib/Platform/fst --include ../../../..//ucontrib/CoreCrypto/fst Ex04h.fst
Verified module: FStar.MarkovsPrinciple (19 milliseconds)
All verification conditions discharged successfully
/cygdrive/c/Build/Agent/_work/1/s/bin/fstar.exe --trace_error --use_hints FStar.SquashEffect.fst
Verified module: Ex04g (166 milliseconds)
All verification conditions discharged successfully
/cygdrive/c/Build/Agent/_work/1/s/bin/fstar.exe --trace_error --use_hints --include ../../../..//ucontrib/Platform/fst --include ../../../..//ucontrib/CoreCrypto/fst Ex04h.fst
Verified module: QuickSort.Seq (2369 milliseconds)
All verification conditions discharged successfully
/cygdrive/c/Build/Agent/_work/1/s/bin/fstar.exe --trace_error --use_hints --verify_module QuickSort.Array QuickSort.Array.fst
Verified module: FStar.Map (3677 milliseconds)
All verification conditions discharged successfully
/cygdrive/c/Build/Agent/_work/1/s/bin/fstar.exe --trace_error --use_hints FStar.IndefiniteDescription.fst
WARNING: (6229,66): pattern does not contain any variable.
Verified module: Crypto.Symmetric.Poly1305.Bignum.Lemmas.Part1 (23708 milliseconds)
All verification conditions discharged successfully
../../../bin/fstar.exe --fstar_home ../../.. --max_fuel 4 --initial_fuel 0 --max_ifuel 2 --initial_ifuel 0 --z3rlimit 20  --use_hints --trace_error \
--include ../../../ulib/hyperstack --include hacl \
--__temp_no_proj Crypto.Symmetric.MAC \
--verify_module Crypto.Symmetric.Poly1305.Bignum \
Crypto.Symmetric.Poly1305.Bignum.fst
Verified module: Crypto.Symmetric.Poly1305.Bignum.Lemmas.Part5 (11378 milliseconds)
All verification conditions discharged successfully
Verified module: FStar.DM4F.StExn (3245 milliseconds)
All verification conditions discharged successfully
/cygdrive/c/Build/Agent/_work/1/s/bin/fstar.exe --trace_error --use_hints FStar.DM4F.ST.fst
../../../bin/fstar.exe --fstar_home ../../.. --max_fuel 4 --initial_fuel 0 --max_ifuel 2 --initial_ifuel 0 --z3rlimit 20  --use_hints --trace_error \
--include ../../../ulib/hyperstack --include hacl \
--__temp_no_proj Crypto.Symmetric.MAC \
--verify_module Crypto.Symmetric.Poly1305.Spec \
Crypto.Symmetric.Poly1305.Spec.fst
WARNING: (67709,66): pattern does not contain any variable.
WARNING: (6491,66): pattern does not contain any variable.
Verified module: Ex04h (20 milliseconds)
All verification conditions discharged successfully
/cygdrive/c/Build/Agent/_work/1/s/bin/fstar.exe --trace_error --use_hints --include ../../../..//ucontrib/Platform/fst --include ../../../..//ucontrib/CoreCrypto/fst Ex05a.fst
WARNING: (4121,6): pattern does not contain all quantified variables.
Verified module: Termination (2478 milliseconds)
All verification conditions discharged successfully
make[3]: Leaving directory '/cygdrive/c/Build/Agent/_work/1/s/examples/termination'
! /cygdrive/c/Build/Agent/_work/1/s/bin/fstar.exe --trace_error --use_hints --include trans.neg --odir trans.neg trans.neg/Test.fst > trans.neg/error.log 2>&1
private.neg failed as expected
/cygdrive/c/Build/Agent/_work/1/s/bin/fstar.exe --trace_error --use_hints FStar.BitVector.fst
Verified module: Unit1.Projectors2 (19 milliseconds)
All verification conditions discharged successfully
/cygdrive/c/Build/Agent/_work/1/s/bin/fstar.exe --trace_error --use_hints --verify_module Unit1.WPsAndTriples Unit1.WPsAndTriples.fst
WARNING: (6151,66): pattern does not contain any variable.
Verified module: FStar.SquashEffect (230 milliseconds)
All verification conditions discharged successfully
Verified module: Ex04h (251 milliseconds)
All verification conditions discharged successfully
/cygdrive/c/Build/Agent/_work/1/s/bin/fstar.exe --trace_error --use_hints FStar.PropositionalExtensionality.fst
/cygdrive/c/Build/Agent/_work/1/s/bin/fstar.exe --trace_error --use_hints --include ../../../..//ucontrib/Platform/fst --include ../../../..//ucontrib/CoreCrypto/fst Ex05a.fst
Verified module: MetaCoq (1787 milliseconds)
All verification conditions discharged successfully
make[3]: Leaving directory '/cygdrive/c/Build/Agent/_work/1/s/examples/tactics'
/cygdrive/c/Build/Agent/_work/1/s/bin/fstar.exe --trace_error --use_hints --include ../../../..//ucontrib/Platform/fst --include ../../../..//ucontrib/CoreCrypto/fst Ex05b.fst
Verified module: FStar.List (2959 milliseconds)
All verification conditions discharged successfully
/cygdrive/c/Build/Agent/_work/1/s/bin/fstar.exe --trace_error --use_hints --verify_module Unit1.Parser Unit1.Parser.fst
.\Platform.Bytes.fst(257,22-260,30): (Warning) Pattern misses at least one bound variable: i#40911
Verified module: Crypto.Symmetric.Poly1305.Bignum.Lemmas.Part2 (27061 milliseconds)
All verification conditions discharged successfully
! /cygdrive/c/Build/Agent/_work/1/s/bin/fstar.exe --trace_error --use_hints --include noshadow.neg --odir noshadow.neg noshadow.neg/Test.fst > noshadow.neg/error.log 2>&1
Verified module: FStar.IndefiniteDescription (1151 milliseconds)
All verification conditions discharged successfully
.\Platform.Bytes.fst(257,156-260,30): (Warning) Pattern misses at least one bound variable: i#43023
/cygdrive/c/Build/Agent/_work/1/s/bin/fstar.exe --trace_error --use_hints FStar.Set.fst
WARNING: (6487,66): pattern does not contain any variable.
.\Ex05a.fst(28,4-28,13): Warning: Admitting rev_is_ok without a definition
Verified module: FStar.DM4F.ST (1129 milliseconds)
All verification conditions discharged successfully
/cygdrive/c/Build/Agent/_work/1/s/bin/fstar.exe --trace_error --use_hints FStar.DM4F.Heap.fst
Verified module: Ex05a (483 milliseconds)
All verification conditions discharged successfully
/cygdrive/c/Build/Agent/_work/1/s/bin/fstar.exe --trace_error --use_hints --include ../../../..//ucontrib/Platform/fst --include ../../../..//ucontrib/CoreCrypto/fst Ex05b.fst
trans.neg failed as expected
/cygdrive/c/Build/Agent/_work/1/s/bin/fstar.exe --trace_error --use_hints --include ../../../..//ucontrib/Platform/fst --include ../../../..//ucontrib/CoreCrypto/fst Ex06a.fst
Verified module: Sig (1140 milliseconds)
All verification conditions discharged successfully
/cygdrive/c/Build/Agent/_work/1/s/bin/fstar.exe --trace_error --use_hints --include ../../ulib/hyperstack \
--include ../../ucontrib/Platform/fst \
--include ../../ucontrib/CoreCrypto/fst \
--z3rlimit 20 EtM.Plain.fst
Verified module: Unit1.WPsAndTriples (240 milliseconds)
All verification conditions discharged successfully
/cygdrive/c/Build/Agent/_work/1/s/bin/fstar.exe --trace_error --use_hints FStar.DM4F.Heap.ST.fst
Verified module: MRefHeap (4099 milliseconds)
All verification conditions discharged successfully
/cygdrive/c/Build/Agent/_work/1/s/bin/fstar.exe --trace_error --use_hints --verify_module SnapshotST SnapshotST.fst
Verified module: FStar.PropositionalExtensionality (18 milliseconds)
All verification conditions discharged successfully
/cygdrive/c/Build/Agent/_work/1/s/bin/fstar.exe --trace_error --use_hints FStar.List.Tot.Properties.fst
WARNING: (67709,66): pattern does not contain any variable.
WARNING: (71262,6): pattern does not contain all quantified variables.
Verified module: Ex05a (912 milliseconds)
All verification conditions discharged successfully
/cygdrive/c/Build/Agent/_work/1/s/bin/fstar.exe --trace_error --use_hints --include ../../../..//ucontrib/Platform/fst --include ../../../..//ucontrib/CoreCrypto/fst Ex06a.fst
WARNING: (67709,66): pattern does not contain any variable.
WARNING: (71262,6): pattern does not contain all quantified variables.
noshadow.neg failed as expected
make[3]: Leaving directory '/cygdrive/c/Build/Agent/_work/1/s/examples/incl'
/cygdrive/c/Build/Agent/_work/1/s/bin/fstar.exe --trace_error --use_hints --verify_module ReifyTestTSST ReifyTestTSST.fst
Verified module: Unit1.Parser (1030 milliseconds)
All verification conditions discharged successfully
/cygdrive/c/Build/Agent/_work/1/s/bin/fstar.exe --trace_error --use_hints --verify_module Unit1.RefinementInference Unit1.RefinementInference.fst
Verified module: QuickSort.Array (3030 milliseconds)
All verification conditions discharged successfully
/cygdrive/c/Build/Agent/_work/1/s/bin/fstar.exe --trace_error --use_hints --verify_module GC GC.fst
Verified module: Ex05b (1359 milliseconds)
All verification conditions discharged successfully
/cygdrive/c/Build/Agent/_work/1/s/bin/fstar.exe --trace_error --use_hints --include ../../../..//ucontrib/Platform/fst --include ../../../..//ucontrib/CoreCrypto/fst Ex06b.fst
Verified module: FStar.Array (3554 milliseconds)
All verification conditions discharged successfully
/cygdrive/c/Build/Agent/_work/1/s/bin/fstar.exe --trace_error --use_hints FStar.UInt32.fst
.\Ex06a.fst(5,4-5,13): Warning: Admitting partition without a definition
Verified module: Ex06a (25 milliseconds)
All verification conditions discharged successfully
/cygdrive/c/Build/Agent/_work/1/s/bin/fstar.exe --trace_error --use_hints --include ../../../..//ucontrib/Platform/fst --include ../../../..//ucontrib/CoreCrypto/fst Ex06b.fst
Verified module: FStar.Set (1949 milliseconds)
All verification conditions discharged successfully
/cygdrive/c/Build/Agent/_work/1/s/bin/fstar.exe --trace_error --use_hints FStar.Squash.fst
Verified module: Ex05b (320 milliseconds)
All verification conditions discharged successfully
/cygdrive/c/Build/Agent/_work/1/s/bin/fstar.exe --trace_error --use_hints --include ../../../..//ucontrib/Platform/fst --include ../../../..//ucontrib/CoreCrypto/fst Ex06e.fst
Verified module: FStar.DM4F.Heap (1627 milliseconds)
All verification conditions discharged successfully
/cygdrive/c/Build/Agent/_work/1/s/bin/fstar.exe --trace_error --use_hints FStar.DM4F.StExnC.fst
WARNING: (67709,66): pattern does not contain any variable.
WARNING: (71262,6): pattern does not contain all quantified variables.
Verified module: Unit1.RefinementInference (89 milliseconds)
All verification conditions discharged successfully
/cygdrive/c/Build/Agent/_work/1/s/bin/fstar.exe --trace_error --use_hints --verify_module Unit1.WPsAndTriples_ST Unit1.WPsAndTriples_ST.fst
Verified module: Ex06a (129 milliseconds)
All verification conditions discharged successfully
/cygdrive/c/Build/Agent/_work/1/s/bin/fstar.exe --trace_error --use_hints --include ../../../..//ucontrib/Platform/fst --include ../../../..//ucontrib/CoreCrypto/fst Ex06c.fst
WARNING: (67709,66): pattern does not contain any variable.
WARNING: (71262,6): pattern does not contain all quantified variables.
Verified module: Crypto.Symmetric.Poly1305.Bignum.Lemmas.Part4 (33980 milliseconds)
All verification conditions discharged successfully
Verified module: SnapshotST (2000 milliseconds)
All verification conditions discharged successfully
/cygdrive/c/Build/Agent/_work/1/s/bin/fstar.exe --trace_error --use_hints --verify_module MRefST MRefST.fst
../../../bin/fstar.exe --fstar_home ../../.. --max_fuel 4 --initial_fuel 0 --max_ifuel 2 --initial_ifuel 0 --z3rlimit 20  --use_hints --trace_error \
--include ../../../ulib/hyperstack --include hacl \
--__temp_no_proj Crypto.Symmetric.MAC \
--verify_module Crypto.Symmetric.GF128 \
Crypto.Symmetric.GF128.fst
Verified module: ReifyTestTSST (730 milliseconds)
All verification conditions discharged successfully
/cygdrive/c/Build/Agent/_work/1/s/bin/fstar.exe --trace_error --use_hints --include ../../../..//ucontrib/Platform/fst --include ../../../..//ucontrib/CoreCrypto/fst Ex07a.fst
.\Ex06e.fst(18,4-18,8): Warning: Admitting sort without a definition
Verified module: FStar.DM4F.Heap.ST (3349 milliseconds)
All verification conditions discharged successfully
../../../bin/fstar.exe --fstar_home ../../.. --max_fuel 4 --initial_fuel 0 --max_ifuel 2 --initial_ifuel 0 --z3rlimit 20  --use_hints --trace_error \
--include ../../../ulib/hyperstack --include hacl \
--__temp_no_proj Crypto.Symmetric.MAC \
--verify_module Crypto.Symmetric.GCM \
Crypto.Symmetric.GCM.fst
Verified module: Ex06e (248 milliseconds)
All verification conditions discharged successfully
/cygdrive/c/Build/Agent/_work/1/s/bin/fstar.exe --trace_error --use_hints FStar.Heap.fst
Verified i'face (or impl+i'face): FStar.Squash (19 milliseconds)
All verification conditions discharged successfully
/cygdrive/c/Build/Agent/_work/1/s/bin/fstar.exe --trace_error --use_hints FStar.OrdSet.fst
Verified module: Unit1.WPsAndTriples_ST (178 milliseconds)
All verification conditions discharged successfully
/cygdrive/c/Build/Agent/_work/1/s/bin/fstar.exe --trace_error --use_hints --verify_module Unit1.Projectors1 Unit1.Projectors1.fst
Verified module: EtM.Plain (20 milliseconds)
All verification conditions discharged successfully
/cygdrive/c/Build/Agent/_work/1/s/bin/fstar.exe --trace_error --use_hints --include ../../ulib/hyperstack \
--include ../../ucontrib/Platform/fst \
--include ../../ucontrib/CoreCrypto/fst \
--z3rlimit 20 EtM.MAC.fst
.\Ex07a.fst(228,4-228,14): Warning: Admitting typed_step without a definition
Verified module: Ex06b (4200 milliseconds)
All verification conditions discharged successfully
Verified module: FStar.BitVector (7715 milliseconds)
All verification conditions discharged successfully
/cygdrive/c/Build/Agent/_work/1/s/bin/fstar.exe --trace_error --use_hints --include ../../../..//ucontrib/Platform/fst --include ../../../..//ucontrib/CoreCrypto/fst Ex06d.fst
/cygdrive/c/Build/Agent/_work/1/s/bin/fstar.exe --trace_error --use_hints FStar.Crypto.fst
Verified module: Ex06b (4026 milliseconds)
All verification conditions discharged successfully
/cygdrive/c/Build/Agent/_work/1/s/bin/fstar.exe --trace_error --use_hints --include ../../../..//ucontrib/Platform/fst --include ../../../..//ucontrib/CoreCrypto/fst Ex07b.fst
Verified module: FStar.Heap (551 milliseconds)
All verification conditions discharged successfully
/cygdrive/c/Build/Agent/_work/1/s/bin/fstar.exe --trace_error --use_hints FStar.TSet.fst
Verified module: Buffer.Utils (42427 milliseconds)
All verification conditions discharged successfully
../../../bin/fstar.exe --fstar_home ../../.. --max_fuel 4 --initial_fuel 0 --max_ifuel 2 --initial_ifuel 0 --z3rlimit 20  --use_hints --trace_error \
--include ../../../ulib/hyperstack --include hacl \
--__temp_no_proj Crypto.Symmetric.MAC \
--verify_module Crypto.Symmetric.MAC \
Crypto.Symmetric.MAC.fst
WARNING: (67709,66): pattern does not contain any variable.
WARNING: (71262,6): pattern does not contain all quantified variables.
Verified module: FStar.List.Tot.Properties (6709 milliseconds)
All verification conditions discharged successfully
/cygdrive/c/Build/Agent/_work/1/s/bin/fstar.exe --trace_error --use_hints FStar.ErasedLogic.fst
WARNING: (67709,66): pattern does not contain any variable.
WARNING: (71262,6): pattern does not contain all quantified variables.
Verified module: FStar.DM4F.StExnC (4035 milliseconds)
All verification conditions discharged successfully
/cygdrive/c/Build/Agent/_work/1/s/bin/fstar.exe --trace_error --use_hints FStar.DM4F.IFC.fst
Verified module: GC (7812 milliseconds)
All verification conditions discharged successfully
/cygdrive/c/Build/Agent/_work/1/s/bin/fstar.exe --trace_error --use_hints --verify_module Unification Unification.fst
WARNING: (67709,66): pattern does not contain any variable.
WARNING: (71262,6): pattern does not contain all quantified variables.
Verified module: FStar.ErasedLogic (19 milliseconds)
All verification conditions discharged successfully
/cygdrive/c/Build/Agent/_work/1/s/bin/fstar.exe --trace_error --use_hints FStar.Int64.fst
Verified module: FStar.TSet (1195 milliseconds)
All verification conditions discharged successfully
/cygdrive/c/Build/Agent/_work/1/s/bin/fstar.exe --trace_error --use_hints FStar.SquashProperties.fst
Verified module: Crypto.Symmetric.Poly1305.Bignum.Lemmas.Part6 (19929 milliseconds)
All verification conditions discharged successfully
../../../bin/fstar.exe --fstar_home ../../.. --max_fuel 4 --initial_fuel 0 --max_ifuel 2 --initial_ifuel 0 --z3rlimit 20  --use_hints --trace_error \
--include ../../../ulib/hyperstack --include hacl \
--__temp_no_proj Crypto.Symmetric.MAC \
--verify_module Crypto.Symmetric.UF1CMA \
Crypto.Symmetric.UF1CMA.fst
Verified module: MRefST (6039 milliseconds)
All verification conditions discharged successfully
make[3]: Leaving directory '/cygdrive/c/Build/Agent/_work/1/s/examples/preorders'
/cygdrive/c/Build/Agent/_work/1/s/bin/fstar.exe --trace_error --use_hints --verify_module Huffman Huffman.fst
Verified module: Ex06d (3344 milliseconds)
All verification conditions discharged successfully
/cygdrive/c/Build/Agent/_work/1/s/bin/fstar.exe --trace_error --use_hints --include ../../ulib/hyperstack \
--include ../../ucontrib/Platform/fst \
--include ../../ucontrib/CoreCrypto/fst \
--z3rlimit 20 EtM.CPA.fst
WARNING: (67709,66): pattern does not contain any variable.
WARNING: (71262,6): pattern does not contain all quantified variables.
Verified module: Ex07a (7858 milliseconds)
All verification conditions discharged successfully
/cygdrive/c/Build/Agent/_work/1/s/bin/fstar.exe --trace_error --use_hints --include ../../../..//ucontrib/Platform/fst --include ../../../..//ucontrib/CoreCrypto/fst Ex07c.fst
Verified module: Ex06c (8741 milliseconds)
All verification conditions discharged successfully
/cygdrive/c/Build/Agent/_work/1/s/bin/fstar.exe --trace_error --use_hints --include ../../../..//ucontrib/Platform/fst --include ../../../..//ucontrib/CoreCrypto/fst Ex06e.fst
WARNING: (67709,66): pattern does not contain any variable.
WARNING: (71262,6): pattern does not contain all quantified variables.
Verified module: FStar.Crypto (966 milliseconds)
All verification conditions discharged successfully
/cygdrive/c/Build/Agent/_work/1/s/bin/fstar.exe --trace_error --use_hints FStar.Seq.Base.fst
Verified module: EtM.MAC (1951 milliseconds)
All verification conditions discharged successfully
/cygdrive/c/Build/Agent/_work/1/s/bin/fstar.exe --trace_error --use_hints --include ../../ulib/hyperstack \
--include ../../ucontrib/Platform/fst \
--include ../../ucontrib/CoreCrypto/fst \
--z3rlimit 20 EtM.AE.fst
WARNING: (67709,66): pattern does not contain any variable.
WARNING: (71262,6): pattern does not contain all quantified variables.
Verified module: FStar.DM4F.IFC (4289 milliseconds)
All verification conditions discharged successfully
/cygdrive/c/Build/Agent/_work/1/s/bin/fstar.exe --trace_error --use_hints FStar.DM4F.Continuations.fst
Verified module: FStar.UInt32 (8699 milliseconds)
All verification conditions discharged successfully
Verified module: Unit1.Projectors1 (1405 milliseconds)
All verification conditions discharged successfully
/cygdrive/c/Build/Agent/_work/1/s/bin/fstar.exe --trace_error --use_hints --verify_module Unit1.UnificationTests Unit1.UnificationTests.fst
/cygdrive/c/Build/Agent/_work/1/s/bin/fstar.exe --trace_error --use_hints FStar.HyperHeap.fst
.\Platform.Bytes.fst(15,40-18,29): (Warning) Pattern misses at least one bound variable: uu___#80615
.\Platform.Bytes.fst(257,156-260,30): (Warning) Pattern misses at least one bound variable: i#90062
Verified module: Platform.Bytes (33461 milliseconds)
All verification conditions discharged successfully
make[3]: Leaving directory '/cygdrive/c/Build/Agent/_work/1/s/examples/bytes'
/cygdrive/c/Build/Agent/_work/1/s/bin/fstar.exe --trace_error --use_hints --include ../../../..//ucontrib/Platform/fst --include ../../../..//ucontrib/CoreCrypto/fst Ex07d.fst
Verified module: FStar.SquashProperties (1806 milliseconds)
All verification conditions discharged successfully
/cygdrive/c/Build/Agent/_work/1/s/bin/fstar.exe --trace_error --use_hints FStar.List.Tot.fst
Verified module: Ex07b (7932 milliseconds)
All verification conditions discharged successfully
/cygdrive/c/Build/Agent/_work/1/s/bin/fstar.exe --trace_error --use_hints --include ../../../..//ucontrib/Platform/fst --include ../../../..//ucontrib/CoreCrypto/fst Ex10a.fst
Verified module: FStar.OrdSet (9970 milliseconds)
All verification conditions discharged successfully
/cygdrive/c/Build/Agent/_work/1/s/bin/fstar.exe --trace_error --use_hints FStar.MRef.fst
Verified module: Ex06e (716 milliseconds)
All verification conditions discharged successfully
/cygdrive/c/Build/Agent/_work/1/s/bin/fstar.exe --trace_error --use_hints --include ../../../..//ucontrib/Platform/fst --include ../../../..//ucontrib/CoreCrypto/fst Ex07a.fst
Verified module: Unit1.UnificationTests (19 milliseconds)
All verification conditions discharged successfully
/cygdrive/c/Build/Agent/_work/1/s/bin/fstar.exe --trace_error --use_hints --verify_module Unit1.RecursiveTypeFunctions Unit1.RecursiveTypeFunctions.fst
.\Ex07d.fst(225,4-225,8): Warning: Admitting eval without a definition
Verified module: Crypto.Symmetric.Poly1305.Spec (15469 milliseconds)
All verification conditions discharged successfully
../../../bin/fstar.exe --fstar_home ../../.. --max_fuel 4 --initial_fuel 0 --max_ifuel 2 --initial_ifuel 0 --z3rlimit 20  --use_hints --trace_error \
--include ../../../ulib/hyperstack --include hacl \
--__temp_no_proj Crypto.Symmetric.MAC \
--verify_module Crypto.Symmetric.AES \
Crypto.Symmetric.AES.fst
Verified module: FStar.List.Tot (20 milliseconds)
All verification conditions discharged successfully
/cygdrive/c/Build/Agent/_work/1/s/bin/fstar.exe --trace_error --use_hints FStar.Int32.fst
Verified module: FStar.DM4F.Continuations (1999 milliseconds)
All verification conditions discharged successfully
/cygdrive/c/Build/Agent/_work/1/s/bin/fstar.exe --trace_error --use_hints delimcc.fst
Verified module: FStar.MRef (424 milliseconds)
All verification conditions discharged successfully
/cygdrive/c/Build/Agent/_work/1/s/bin/fstar.exe --trace_error --use_hints FStar.PredicateExtensionality.fst
.\Ex10a.fst(27,0-27,19): (Warning) Top-level let-bindings must be total; this term may have effects
Verified module: Ex10a (1024 milliseconds)
All verification conditions discharged successfully
/cygdrive/c/Build/Agent/_work/1/s/bin/fstar.exe --trace_error --use_hints --include ../../../..//ucontrib/Platform/fst --include ../../../..//ucontrib/CoreCrypto/fst Ex10b.fst
Verified module: EtM.CPA (1968 milliseconds)
All verification conditions discharged successfully
/cygdrive/c/Build/Agent/_work/1/s/bin/fstar.exe --trace_error --use_hints --include ../../ulib/hyperstack \
--include ../../ucontrib/Platform/fst \
--include ../../ucontrib/CoreCrypto/fst \
--z3rlimit 20 HyE.RSA.fst
Verified module: Huffman (8097 milliseconds)
All verification conditions discharged successfully
../../../bin/fstar.exe --fstar_home ../../.. --max_fuel 4 --initial_fuel 0 --max_ifuel 2 --initial_ifuel 0 --z3rlimit 20  --use_hints --trace_error \
--include ../../../ulib/hyperstack --include hacl \
--__temp_no_proj Crypto.Symmetric.MAC \
--verify_module Crypto.Symmetric.AES128 \
Crypto.Symmetric.AES128.fst
Verified module: Ex07c (7796 milliseconds)
All verification conditions discharged successfully
/cygdrive/c/Build/Agent/_work/1/s/bin/fstar.exe --trace_error --use_hints --include ../../../..//ucontrib/Platform/fst --include ../../../..//ucontrib/CoreCrypto/fst Ex12a.Cap.fst
Verified module: Unit1.RecursiveTypeFunctions (1462 milliseconds)
All verification conditions discharged successfully
/cygdrive/c/Build/Agent/_work/1/s/bin/fstar.exe --trace_error --use_hints --verify_module Unit2 Unit2.fst
Verified module: DelimCC (837 milliseconds)
All verification conditions discharged successfully
Verified module: FStar.PredicateExtensionality (96 milliseconds)
All verification conditions discharged successfully
make[3]: Leaving directory '/cygdrive/c/Build/Agent/_work/1/s/examples/dm4free'
/cygdrive/c/Build/Agent/_work/1/s/bin/fstar.exe --trace_error --use_hints --include ../../../..//ucontrib/Platform/fst --include ../../../..//ucontrib/CoreCrypto/fst Ex12d.Pad.fst
/cygdrive/c/Build/Agent/_work/1/s/bin/fstar.exe --trace_error --use_hints FStar.OrdMap.fst
Verified module: EtM.AE (3214 milliseconds)
All verification conditions discharged successfully
/cygdrive/c/Build/Agent/_work/1/s/bin/fstar.exe --trace_error --use_hints --include ../../ulib/hyperstack \
--include ../../ucontrib/Platform/fst \
--include ../../ucontrib/CoreCrypto/fst \
--z3rlimit 20 HyE.PlainPKE.fst
Verified module: FStar.Int64 (8126 milliseconds)
All verification conditions discharged successfully
/cygdrive/c/Build/Agent/_work/1/s/bin/fstar.exe --trace_error --use_hints FStar.Int.Cast.fst
Verified module: Ex10b (1048 milliseconds)
All verification conditions discharged successfully
/cygdrive/c/Build/Agent/_work/1/s/bin/fstar.exe --trace_error --use_hints --include ../../../..//ucontrib/Platform/fst --include ../../../..//ucontrib/CoreCrypto/fst Ex12e.Pad.fst
Verified module: FStar.Seq.Base (9449 milliseconds)
All verification conditions discharged successfully
/cygdrive/c/Build/Agent/_work/1/s/bin/fstar.exe --trace_error --use_hints FStar.All.fst
Verified module: Ex07a (7551 milliseconds)
All verification conditions discharged successfully
/cygdrive/c/Build/Agent/_work/1/s/bin/fstar.exe --trace_error --use_hints --include ../../../..//ucontrib/Platform/fst --include ../../../..//ucontrib/CoreCrypto/fst Ex07b.fst
Verified module: Unit2 (1225 milliseconds)
All verification conditions discharged successfully
/cygdrive/c/Build/Agent/_work/1/s/bin/fstar.exe --trace_error --use_hints --verify_module TestSet TestSet.fst
.\Ex12a.Cap.fst(21,0-21,26): (Warning) Top-level let-bindings must be total; this term may have effects
Verified module: Ex12a.Cap (219 milliseconds)
All verification conditions discharged successfully
/cygdrive/c/Build/Agent/_work/1/s/bin/fstar.exe --trace_error --use_hints --include ../../../..//ucontrib/Platform/fst --include ../../../..//ucontrib/CoreCrypto/fst Ex12f.TMAC.fst
Verified module: FStar.All (55 milliseconds)
All verification conditions discharged successfully
/cygdrive/c/Build/Agent/_work/1/s/bin/fstar.exe --trace_error --use_hints FStar.UInt128.fst
Verified module: TestSet (162 milliseconds)
All verification conditions discharged successfully
/cygdrive/c/Build/Agent/_work/1/s/bin/fstar.exe --trace_error --use_hints --verify_module TestHeap TestHeap.fst
Verified module: Ex07d (13506 milliseconds)
All verification conditions discharged successfully
/cygdrive/c/Build/Agent/_work/1/s/bin/fstar.exe --trace_error --use_hints --include ../../../..//ucontrib/Platform/fst --include ../../../..//ucontrib/CoreCrypto/fst Ex12g.TMAC2.fst
Verified module: Unification (19547 milliseconds)
All verification conditions discharged successfully
make[3]: Leaving directory '/cygdrive/c/Build/Agent/_work/1/s/examples/algorithms'
/cygdrive/c/Build/Agent/_work/1/s/bin/fstar.exe --trace_error --use_hints FStar.Math.Lib.fst
Verified module: LambdaOmega (47287 milliseconds)
All verification conditions discharged successfully
Verified module: FStar.HyperHeap (14909 milliseconds)
All verification conditions discharged successfully
/cygdrive/c/Build/Agent/_work/1/s/bin/fstar.exe --trace_error --use_hints --verify_module StackMachine StackMachine.fst
/cygdrive/c/Build/Agent/_work/1/s/bin/fstar.exe --trace_error --use_hints FStar.UInt16.fst
Verified module: Ex12d.Pad (712 milliseconds)
All verification conditions discharged successfully
/cygdrive/c/Build/Agent/_work/1/s/bin/fstar.exe --trace_error --use_hints --include ../../ulib/hyperstack \
--include ../../ucontrib/Platform/fst \
--include ../../ucontrib/CoreCrypto/fst \
--z3rlimit 20 HyE.Plain.fst
Verified module: HyE.RSA (333 milliseconds)
All verification conditions discharged successfully
/cygdrive/c/Build/Agent/_work/1/s/bin/fstar.exe --trace_error --use_hints --include ../../ulib/hyperstack \
--include ../../ucontrib/Platform/fst \
--include ../../ucontrib/CoreCrypto/fst \
--z3rlimit 20 HyE.AE.fst
Verified module: FStar.Int32 (8606 milliseconds)
All verification conditions discharged successfully
Verified module: TestHeap (888 milliseconds)
All verification conditions discharged successfully
/cygdrive/c/Build/Agent/_work/1/s/bin/fstar.exe --trace_error --use_hints FStar.Int8.fst
/cygdrive/c/Build/Agent/_work/1/s/bin/fstar.exe --trace_error --use_hints --verify_module ShortCircuit ShortCircuit.fst
Verified module: Ex12e.Pad (963 milliseconds)
All verification conditions discharged successfully
/cygdrive/c/Build/Agent/_work/1/s/bin/fstar.exe --trace_error --use_hints --include ../../../..//ulib/hyperheap Ex11a.fst
.\Ex12f.TMAC.fst(26,4-26,10): Warning: Admitting verify without a definition
.\Ex12f.TMAC.fst(25,4-25,7): Warning: Admitting mac without a definition
.\Ex12f.TMAC.fst(24,4-24,10): Warning: Admitting keygen without a definition
Verified module: Ex12f.TMAC (19 milliseconds)
All verification conditions discharged successfully
/cygdrive/c/Build/Agent/_work/1/s/bin/fstar.exe --trace_error --use_hints FStar.Seq.Properties.fst
Verified module: FStar.OrdMap (10745 milliseconds)
All verification conditions discharged successfully
Verified module: HyE.PlainPKE (178 milliseconds)
All verification conditions discharged successfully
/cygdrive/c/Build/Agent/_work/1/s/bin/fstar.exe --trace_error --use_hints FStar.Relational.Relational.fst
/cygdrive/c/Build/Agent/_work/1/s/bin/fstar.exe --trace_error --use_hints --include ../../ulib/hyperstack \
--include ../../ucontrib/Platform/fst \
--include ../../ucontrib/CoreCrypto/fst \
--z3rlimit 20 HyE.CCA2.fst
Verified module: ShortCircuit (1343 milliseconds)
All verification conditions discharged successfully
/cygdrive/c/Build/Agent/_work/1/s/bin/fstar.exe --trace_error --use_hints --verify_module FirstProofs FirstProofs.fst
.\Ex12g.TMAC2.fst(30,4-30,10): Warning: Admitting verify without a definition
.\Ex12g.TMAC2.fst(29,4-29,7): Warning: Admitting mac without a definition
Verified module: FStar.Math.Lib (6561 milliseconds)
All verification conditions discharged successfully
/cygdrive/c/Build/Agent/_work/1/s/bin/fstar.exe --trace_error --use_hints FStar.OrdMapProps.fst
Verified module: Ex12g.TMAC2 (593 milliseconds)
All verification conditions discharged successfully
../../../bin/fstar.exe --fstar_home ../../.. --max_fuel 4 --initial_fuel 0 --max_ifuel 2 --initial_ifuel 0 --z3rlimit 20  --use_hints --trace_error \
--include ../../../ulib/hyperstack --include hacl \
--__temp_no_proj Crypto.Symmetric.MAC \
--verify_module Crypto.Symmetric.Chacha20 \
Crypto.Symmetric.Chacha20.fst
Verified module: HyE.AE (2279 milliseconds)
All verification conditions discharged successfully
/cygdrive/c/Build/Agent/_work/1/s/bin/fstar.exe --trace_error --use_hints --include ../../ulib/hyperstack \
--include ../../ucontrib/Platform/fst \
--include ../../ucontrib/CoreCrypto/fst \
--z3rlimit 20 HyE.HCCA2.fst
Verified module: HyE.Plain (21 milliseconds)
All verification conditions discharged successfully
/cygdrive/c/Build/Agent/_work/1/s/bin/fstar.exe --trace_error --use_hints --z3rlimit 10 --verify_module Formatting --verify_module SHA1 --verify_module MAC --verify_module RPC   \
--include ../../ucontrib/Platform/fst \
--include ../../ucontrib/CoreCrypto/fst RPC.fst
Verified module: Ex07b (14599 milliseconds)
All verification conditions discharged successfully
/cygdrive/c/Build/Agent/_work/1/s/bin/fstar.exe --trace_error --use_hints --include ../../../..//ucontrib/Platform/fst --include ../../../..//ucontrib/CoreCrypto/fst Ex07c.fst
Verified module: FirstProofs (994 milliseconds)
All verification conditions discharged successfully
/cygdrive/c/Build/Agent/_work/1/s/bin/fstar.exe --trace_error --use_hints --verify_module TestMRef TestMRef.fst
Verified module: FStar.Relational.Relational (2872 milliseconds)
All verification conditions discharged successfully
/cygdrive/c/Build/Agent/_work/1/s/bin/fstar.exe --trace_error --use_hints FStar.Axiomatic.Array.fst
Verified module: FStar.OrdMapProps (283 milliseconds)
All verification conditions discharged successfully
/cygdrive/c/Build/Agent/_work/1/s/bin/fstar.exe --trace_error --use_hints FStar.Universe.fst
.\TestMRef.fst(8,0-8,20): (Warning) Top-level let-bindings must be total; this term may have effects
Verified module: FStar.UInt16 (9895 milliseconds)
All verification conditions discharged successfully
/cygdrive/c/Build/Agent/_work/1/s/bin/fstar.exe --trace_error --use_hints FStar.Int128.fst
Verified module: FStar.Axiomatic.Array (310 milliseconds)
All verification conditions discharged successfully
/cygdrive/c/Build/Agent/_work/1/s/bin/fstar.exe --trace_error --use_hints FStar.Math.Lemmas.fst
Verified module: TestMRef (720 milliseconds)
All verification conditions discharged successfully
/cygdrive/c/Build/Agent/_work/1/s/bin/fstar.exe --trace_error --use_hints --verify_module TestTwoLevelHeap TestTwoLevelHeap.fst
Verified module: Crypto.Symmetric.GCM (31699 milliseconds)
All verification conditions discharged successfully
../../../bin/fstar.exe --fstar_home ../../.. --max_fuel 4 --initial_fuel 0 --max_ifuel 2 --initial_ifuel 0 --z3rlimit 20  --use_hints --trace_error \
--include ../../../ulib/hyperstack --include hacl \
--__temp_no_proj Crypto.Symmetric.MAC \
--verify_module Crypto.Symmetric.Cipher \
Crypto.Symmetric.Cipher.fst
Verified module: Crypto.Symmetric.GF128 (34219 milliseconds)
All verification conditions discharged successfully
../../../bin/fstar.exe --fstar_home ../../.. --max_fuel 4 --initial_fuel 0 --max_ifuel 2 --initial_ifuel 0 --z3rlimit 20  --use_hints --trace_error \
--include ../../../ulib/hyperstack --include hacl \
--__temp_no_proj Crypto.Symmetric.MAC \
--verify_module Crypto.Symmetric.PRF \
Crypto.Symmetric.PRF.fst
Verified module: FStar.UInt128 (10207 milliseconds)
All verification conditions discharged successfully
/cygdrive/c/Build/Agent/_work/1/s/bin/fstar.exe --trace_error --use_hints FStar.Int63.fst
.\MAC.fst(45,0-45,35): (Warning) Top-level let-bindings must be total; this term may have effects
Verified module: Ex11a (9950 milliseconds)
All verification conditions discharged successfully
make[3]: Leaving directory '/cygdrive/c/Build/Agent/_work/1/s/doc/tutorial/code/exercises'
../../../bin/fstar.exe --fstar_home ../../.. --max_fuel 4 --initial_fuel 0 --max_ifuel 2 --initial_ifuel 0 --z3rlimit 20  --use_hints --trace_error \
--include ../../../ulib/hyperstack --include hacl \
--__temp_no_proj Crypto.Symmetric.MAC \
--verify_module Crypto.AEAD.AES256GCM \
Crypto.AEAD.AES256GCM.fst
Verified i'face (or impl+i'face): FStar.Universe (17 milliseconds)
All verification conditions discharged successfully
/cygdrive/c/Build/Agent/_work/1/s/bin/fstar.exe --trace_error --use_hints FStar.Relational.Comp.fst
Verified module: Crypto.Symmetric.Poly1305.Bignum (40998 milliseconds)
All verification conditions discharged successfully
../../../bin/fstar.exe --fstar_home ../../.. --max_fuel 4 --initial_fuel 0 --max_ifuel 2 --initial_ifuel 0 --z3rlimit 20  --use_hints --trace_error \
--include ../../../ulib/hyperstack --include hacl \
--__temp_no_proj Crypto.Symmetric.MAC \
--verify_module Crypto.AEAD.Encoding \
Crypto.AEAD.Encoding.fst
Verified module: TestTwoLevelHeap (395 milliseconds)
All verification conditions discharged successfully
/cygdrive/c/Build/Agent/_work/1/s/bin/fstar.exe --trace_error --use_hints --verify_module Mac Mac.fst
Verified module: FStar.Int8 (8241 milliseconds)
All verification conditions discharged successfully
/cygdrive/c/Build/Agent/_work/1/s/bin/fstar.exe --trace_error --use_hints FStar.Seq.fst
.\RPC.fst(23,0-23,39): (Warning) Top-level let-bindings must be total; this term may have effects
.\RPC.fst(48,0-49,16): (Warning) Top-level let-bindings must be total; this term may have effects
Verified module: HyE.HCCA2 (1256 milliseconds)
All verification conditions discharged successfully
/cygdrive/c/Build/Agent/_work/1/s/bin/fstar.exe --trace_error --use_hints --z3rlimit 10 --verify_module CntFormat --verify_module SHA1 --verify_module MAC --verify_module CntProtocol \
--include ../../ucontrib/Platform/fst \
--include ../../ucontrib/CoreCrypto/fst CntProtocol.fst
Verified module: FStar.Relational.Comp (200 milliseconds)
All verification conditions discharged successfully
/cygdrive/c/Build/Agent/_work/1/s/bin/fstar.exe --trace_error --use_hints FStar.Mul.fst
.\RPC.fst(116,0-116,17): (Warning) Top-level let-bindings must be total; this term may have effects
Verified module: SHA1 (412 milliseconds)
Verified module: MAC (814 milliseconds)
Verified module: Formatting (2417 milliseconds)
Verified module: RPC (958 milliseconds)
All verification conditions discharged successfully
/cygdrive/c/Build/Agent/_work/1/s/bin/fstar.exe --trace_error --use_hints --include ../../../..//ucontrib/Platform/fst --include ../../../..//ucontrib/CoreCrypto/fst Ex07d.fst
Verified module: HyE.CCA2 (1705 milliseconds)
All verification conditions discharged successfully
/cygdrive/c/Build/Agent/_work/1/s/bin/fstar.exe --trace_error --use_hints FStar.UInt64.fst
Verified module: FStar.Int.Cast (21386 milliseconds)
All verification conditions discharged successfully
/cygdrive/c/Build/Agent/_work/1/s/bin/fstar.exe --trace_error --use_hints FStar.UInt.fst
Verified module: FStar.Mul (18 milliseconds)
All verification conditions discharged successfully
/cygdrive/c/Build/Agent/_work/1/s/bin/fstar.exe --trace_error --use_hints FStar.Ghost.fst
Verified module: FStar.Seq (18 milliseconds)
All verification conditions discharged successfully
/cygdrive/c/Build/Agent/_work/1/s/bin/fstar.exe --trace_error --use_hints FStar.HyperStack.fst
Verified module: Ex07c (13215 milliseconds)
All verification conditions discharged successfully
/cygdrive/c/Build/Agent/_work/1/s/bin/fstar.exe --trace_error --use_hints --include ../../../..//ucontrib/Platform/fst --include ../../../..//ucontrib/CoreCrypto/fst Ex10a.fst
.\MAC.fst(45,0-45,35): (Warning) Top-level let-bindings must be total; this term may have effects
.\Mac.fst(70,0-70,35): (Warning) Top-level let-bindings must be total; this term may have effects
Verified module: FStar.Ghost (746 milliseconds)
All verification conditions discharged successfully
/cygdrive/c/Build/Agent/_work/1/s/bin/fstar.exe --trace_error --use_hints FStar.UInt8.fst
Verified module: MAC (3098 milliseconds)
All verification conditions discharged successfully
/cygdrive/c/Build/Agent/_work/1/s/bin/fstar.exe --trace_error --use_hints --verify_module TestGhost TestGhost.fst
.\CntProtocol.fst(29,0-29,26): (Warning) Top-level let-bindings must be total; this term may have effects
.\CntProtocol.fst(32,0-32,54): (Warning) Top-level let-bindings must be total; this term may have effects
.\CntProtocol.fst(35,0-35,54): (Warning) Top-level let-bindings must be total; this term may have effects
.\Ex10a.fst(27,0-27,19): (Warning) Top-level let-bindings must be total; this term may have effects
Verified module: FStar.Int128 (8533 milliseconds)
All verification conditions discharged successfully
/cygdrive/c/Build/Agent/_work/1/s/bin/fstar.exe --trace_error --use_hints FStar.Int16.fst
.\CntProtocol.fst(99,0-99,39): (Warning) Top-level let-bindings must be total; this term may have effects
Verified module: FStar.Int63 (8224 milliseconds)
All verification conditions discharged successfully
/cygdrive/c/Build/Agent/_work/1/s/bin/fstar.exe --trace_error --use_hints FStar.OrdSetProps.fst
.\CntProtocol.fst(126,0-126,18): (Warning) Top-level let-bindings must be total; this term may have effects
Verified module: Ex10a (1967 milliseconds)
All verification conditions discharged successfully
/cygdrive/c/Build/Agent/_work/1/s/bin/fstar.exe --trace_error --use_hints --include ../../../..//ucontrib/Platform/fst --include ../../../..//ucontrib/CoreCrypto/fst Ex10b.fst
.\CntProtocol.fst(158,0-174,5): (Warning) Top-level let-bindings must be total; this term may have effects
Verified module: SHA1 (399 milliseconds)
Verified module: MAC (854 milliseconds)
Verified module: CntFormat (2383 milliseconds)
Verified module: CntProtocol (3528 milliseconds)
All verification conditions discharged successfully
Verified module: TestGhost (359 milliseconds)
All verification conditions discharged successfully
/cygdrive/c/Build/Agent/_work/1/s/bin/fstar.exe --trace_error --use_hints --verify_module Normalization Normalization.fst
make[3]: Leaving directory '/cygdrive/c/Build/Agent/_work/1/s/examples/crypto'
../../../bin/fstar.exe --fstar_home ../../.. --max_fuel 4 --initial_fuel 0 --max_ifuel 2 --initial_ifuel 0 --z3rlimit 20  --use_hints --trace_error \
--include ../../../ulib/hyperstack --include hacl \
--__temp_no_proj Crypto.Symmetric.MAC \
--verify_module Crypto.AEAD.Invariant \
Crypto.AEAD.Invariant.fst
Verified module: FStar.Seq.Properties (29119 milliseconds)
All verification conditions discharged successfully
/cygdrive/c/Build/Agent/_work/1/s/bin/fstar.exe --trace_error --use_hints FStar.Util.fst
Verified module: Ex07d (13442 milliseconds)
All verification conditions discharged successfully
/cygdrive/c/Build/Agent/_work/1/s/bin/fstar.exe --trace_error --use_hints --include ../../../..//ucontrib/Platform/fst --include ../../../..//ucontrib/CoreCrypto/fst Ex12a.Cap.fst
Verified module: FStar.OrdSetProps (736 milliseconds)
All verification conditions discharged successfully
/cygdrive/c/Build/Agent/_work/1/s/bin/fstar.exe --trace_error --use_hints FStar.StrongExcludedMiddle.fst
Verified module: FStar.UInt64 (8669 milliseconds)
All verification conditions discharged successfully
/cygdrive/c/Build/Agent/_work/1/s/bin/fstar.exe --trace_error --use_hints FStar.IO.fsti
Verified module: Ex10b (2048 milliseconds)
All verification conditions discharged successfully
/cygdrive/c/Build/Agent/_work/1/s/bin/fstar.exe --trace_error --use_hints --include ../../../..//ucontrib/Platform/fst --include ../../../..//ucontrib/CoreCrypto/fst Ex12b.RPC.fst
Verified module: Normalization (1429 milliseconds)
All verification conditions discharged successfully
/cygdrive/c/Build/Agent/_work/1/s/bin/fstar.exe --trace_error --use_hints NegativeTests.BST.fst NegativeTests.Heap.fst NegativeTests.ShortCircuiting.fst NegativeTests.Bug260.fst NegativeTests.Neg.fst NegativeTests.Termination.fst NegativeTests.False.fst NegativeTests.Set.fst NegativeTests.ImplicitFalse.fst 2>&1 | tee fstar_log
Verified module: FStar.StrongExcludedMiddle (86 milliseconds)
All verification conditions discharged successfully
/cygdrive/c/Build/Agent/_work/1/s/bin/fstar.exe --trace_error --use_hints FStar.String.fsti
Verified module: FStar.Util (20 milliseconds)
All verification conditions discharged successfully
/cygdrive/c/Build/Agent/_work/1/s/bin/fstar.exe --trace_error --use_hints FStar.Squash.fsti
Verified i'face (or impl+i'face): FStar.IO (89 milliseconds)
All verification conditions discharged successfully
/cygdrive/c/Build/Agent/_work/1/s/bin/fstar.exe --trace_error --use_hints FStar.Option.fsti
Verified module: FStar.HyperStack (11482 milliseconds)
All verification conditions discharged successfully
/cygdrive/c/Build/Agent/_work/1/s/bin/fstar.exe --trace_error --use_hints FStar.Matrix2.fsti
Verified module: StackMachine (40526 milliseconds)
All verification conditions discharged successfully
make[3]: Leaving directory '/cygdrive/c/Build/Agent/_work/1/s/examples/metatheory'
/cygdrive/c/Build/Agent/_work/1/s/bin/fstar.exe --trace_error --use_hints FStar.Universe.fsti
.\NegativeTests.BST.fst(4,0-14,17) : (Error) Inductive type NegativeTests.BST.tree does not satisfy the positivity condition
Unexpected error
FStar_Errors.Error(_)
Raised by primitive operation at file "src/batString.mlv", line 145, characters 30-54
Called from file "src/batReturn.ml", line 29, characters 6-29

.\NegativeTests.ShortCircuiting.fst(5,16-5,33): (Error) Subtyping check failed; expected type (b#22:bool{(bad_p b@0)}); got type bool (see .\NegativeTests.ShortCircuiting.fst(4,31-4,38))
.\NegativeTests.ShortCircuiting.fst(8,0-8,36): (Error) assertion failed(Also see: C:\Build\Agent\_work\1\s\bin\..\ulib\prims.fst(175,22-175,33))
2 errors were reported (see above)
.\Ex12a.Cap.fst(19,0-19,26): (Warning) Top-level let-bindings must be total; this term may have effects
Wrong failure count: 2 (expected 35)
make[3]: *** [Makefile:34: all-neg] Error 1
make[3]: Leaving directory '/cygdrive/c/Build/Agent/_work/1/s/examples/micro-benchmarks'
make[3]: Target 'all' not remade because of errors.
/cygdrive/c/Build/Agent/_work/1/s/bin/fstar.exe --trace_error --use_hints --include ../../../..//ucontrib/Platform/fst --include ../../../..//ucontrib/CoreCrypto/fst Ex12d.Pad.fst
make[2]: *** [Makefile:33: micro-benchmarks.all] Error 2
Verified module: FStar.UInt8 (8661 milliseconds)
All verification conditions discharged successfully
Verified module: Ex12a.Cap (331 milliseconds)
All verification conditions discharged successfully
/cygdrive/c/Build/Agent/_work/1/s/bin/fstar.exe --trace_error --use_hints FStar.Float.fsti
/cygdrive/c/Build/Agent/_work/1/s/bin/fstar.exe --trace_error --use_hints --include ../../../..//ucontrib/Platform/fst --include ../../../..//ucontrib/CoreCrypto/fst Ex12e.Pad.fst
.\Ex12b.RPC.fst(21,0-21,39): (Warning) Top-level let-bindings must be total; this term may have effects
Verified i'face (or impl+i'face): FStar.String (222 milliseconds)
All verification conditions discharged successfully
Verified i'face (or impl+i'face): FStar.Squash (18 milliseconds)
All verification conditions discharged successfully
/cygdrive/c/Build/Agent/_work/1/s/bin/fstar.exe --trace_error --use_hints FStar.BaseTypes.fsti
.\Ex12b.RPC.fst(53,0-54,16): (Warning) Top-level let-bindings must be total; this term may have effects
/cygdrive/c/Build/Agent/_work/1/s/bin/fstar.exe --trace_error --use_hints FStar.Char.fsti
Verified i'face (or impl+i'face): FStar.Option (20 milliseconds)
All verification conditions discharged successfully
.\Ex12b.RPC.fst(123,0-123,17): (Warning) Top-level let-bindings must be total; this term may have effects
/cygdrive/c/Build/Agent/_work/1/s/bin/fstar.exe --trace_error --use_hints FStar.Map.fst FStar.HyperHeap.fst hyperheap/FStar.ST.fst FStar.Util.fst
Verified module: Ex12b.RPC (935 milliseconds)
All verification conditions discharged successfully
/cygdrive/c/Build/Agent/_work/1/s/bin/fstar.exe --trace_error --use_hints --include ../../../..//ucontrib/Platform/fst --include ../../../..//ucontrib/CoreCrypto/fst Ex12f.TMAC.fst
Verified i'face (or impl+i'face): FStar.Universe (21 milliseconds)
All verification conditions discharged successfully
/cygdrive/c/Build/Agent/_work/1/s/bin/fstar.exe --trace_error --use_hints FStar.Map.fst FStar.HyperStack.fst hyperstack/FStar.ST.fst hyperstack/FStar.All.fst FStar.Monotonic.RRef.fst FStar.Monotonic.Seq.fst
Verified i'face (or impl+i'face): FStar.Float (20 milliseconds)
All verification conditions discharged successfully
/cygdrive/c/Build/Agent/_work/1/s/bin/fstar.exe --trace_error --use_hints FStar.Map.fst FStar.HyperStack.fst hyperstack/FStar.ST.fst FStar.Buffer.fst FStar.Buffer.Quantifiers.fst
Verified module: FStar.Int16 (8239 milliseconds)
All verification conditions discharged successfully
/cygdrive/c/Build/Agent/_work/1/s/bin/fstar.exe --trace_error --use_hints --include ../../../..//ucontrib/Platform/fst --include ../../../..//ucontrib/CoreCrypto/fst Ex12g.TMAC2.fst
Verified i'face (or impl+i'face): FStar.Char (221 milliseconds)
All verification conditions discharged successfully
../../../bin/fstar.exe --fstar_home ../../.. --max_fuel 4 --initial_fuel 0 --max_ifuel 2 --initial_ifuel 0 --z3rlimit 20  --use_hints --trace_error \
--include ../../../ulib/hyperstack --include hacl \
--__temp_no_proj Crypto.Symmetric.MAC \
--verify_module Crypto.AEAD.BufferUtils \
Crypto.AEAD.BufferUtils.fst
Verified i'face (or impl+i'face): FStar.Matrix2 (2208 milliseconds)
All verification conditions discharged successfully
../../../bin/fstar.exe --fstar_home ../../.. --max_fuel 4 --initial_fuel 0 --max_ifuel 2 --initial_ifuel 0 --z3rlimit 20  --use_hints --trace_error \
--include ../../../ulib/hyperstack --include hacl \
--__temp_no_proj Crypto.Symmetric.MAC \
--verify_module Crypto.AEAD.Encrypt.Invariant \
Crypto.AEAD.Encrypt.Invariant.fst
Verified module: Ex12d.Pad (799 milliseconds)
All verification conditions discharged successfully
/cygdrive/c/Build/Agent/_work/1/s/bin/fstar.exe --trace_error --use_hints --include ../../../..//ulib/hyperheap Ex11a.fst
Verified module: Crypto.Symmetric.Poly1305.Bignum.Lemmas.Part3 (123772 milliseconds)
All verification conditions discharged successfully
../../../bin/fstar.exe --fstar_home ../../.. --max_fuel 4 --initial_fuel 0 --max_ifuel 2 --initial_ifuel 0 --z3rlimit 20  --use_hints --trace_error \
--include ../../../ulib/hyperstack --include hacl \
--__temp_no_proj Crypto.Symmetric.MAC \
--verify_module Crypto.AEAD.Enxor.Invariant \
Crypto.AEAD.Enxor.Invariant.fst
Verified module: Ex12e.Pad (1698 milliseconds)
All verification conditions discharged successfully
mkdir -p out
../../../bin/fstar.exe --fstar_home ../../.. --max_fuel 4 --initial_fuel 0 --max_ifuel 2 --initial_ifuel 0 --z3rlimit 20  --use_hints --trace_error \
--include ../../../ulib/hyperstack --include hacl \
--__temp_no_proj Crypto.Symmetric.MAC \
--verify_module Crypto.AEAD.EnxorDexor \
Crypto.AEAD.EnxorDexor.fst
Verified module: Ex12f.TMAC (330 milliseconds)
All verification conditions discharged successfully
Verified module: Crypto.Symmetric.Chacha20 (29191 milliseconds)
All verification conditions discharged successfully
make -C ../../../..//ulib/ml
make[4]: Entering directory '/cygdrive/c/Build/Agent/_work/1/s/ulib/ml'
make -C .. mgen
make[5]: Entering directory '/cygdrive/c/Build/Agent/_work/1/s/ulib/ml'
make[5]: warning: jobserver unavailable: using -j1.  Add '+' to parent make rule.
../../../bin/fstar.exe --fstar_home ../../.. --max_fuel 4 --initial_fuel 0 --max_ifuel 2 --initial_ifuel 0 --z3rlimit 20  --use_hints --trace_error \
--include ../../../ulib/hyperstack --include hacl \
--__temp_no_proj Crypto.Symmetric.MAC \
--verify_module Crypto.AEAD.Wrappers.PRF \
Crypto.AEAD.Wrappers.PRF.fst
Verified i'face (or impl+i'face): FStar.BaseTypes (17 milliseconds)
All verification conditions discharged successfully
mkdir -p ml/extracted
../../../bin/fstar.exe --fstar_home ../../.. --max_fuel 4 --initial_fuel 0 --max_ifuel 2 --initial_ifuel 0 --z3rlimit 20  --use_hints --trace_error \
--include ../../../ulib/hyperstack --include hacl \
--__temp_no_proj Crypto.Symmetric.MAC \
--verify_module Crypto.AEAD.Wrappers.CMA \
Crypto.AEAD.Wrappers.CMA.fst
/cygdrive/c/Build/Agent/_work/1/s/bin/fstar.exe --trace_error --use_hints --lax --codegen OCaml --odir ml/extracted FStar.Set.fst FStar.TSet.fst FStar.Map.fst FStar.HyperHeap.fst FStar.HyperStack.fst
Verified module: Ex12g.TMAC2 (767 milliseconds)
All verification conditions discharged successfully
../../../bin/fstar.exe --fstar_home ../../.. --max_fuel 4 --initial_fuel 0 --max_ifuel 2 --initial_ifuel 0 --z3rlimit 20  --use_hints --trace_error \
--include ../../../ulib/hyperstack --include hacl \
--__temp_no_proj Crypto.Symmetric.MAC \
--verify_module Crypto.AEAD.Wrappers.Encoding \
Crypto.AEAD.Wrappers.Encoding.fst
Verified module: Crypto.Symmetric.MAC (54810 milliseconds)
All verification conditions discharged successfully
Extracted module Classical
Extracted module Base
Extracted module Properties
Extracted module FunctionalExtensionality
Extracted module PropositionalExtensionality
Extracted module PredicateExtensionality
Extracted module TSet
Extracted module Set
Extracted module Tot
Extracted module Heap
Extracted module Map
Extracted module HyperHeap
../../../bin/fstar.exe --fstar_home ../../.. --max_fuel 4 --initial_fuel 0 --max_ifuel 2 --initial_ifuel 0 --z3rlimit 20  --use_hints --trace_error \
--include ../../../ulib/hyperstack --include hacl \
--__temp_no_proj Crypto.Symmetric.MAC \
--verify_module Crypto.AEAD.Decrypt \
Crypto.AEAD.Decrypt.fst
Extracted module HyperStack
All verification conditions discharged successfully
make[5]: Leaving directory '/cygdrive/c/Build/Agent/_work/1/s/ulib'
make prims.o FStar_Mul.o FStar_Float.o FStar_Char.o FStar_Int8.o FStar_UInt8.o FStar_Int16.o FStar_UInt16.o FStar_Int32.o FStar_UInt32.o FStar_Int64.o FStar_UInt64.o FStar_UInt128.o FStar_Int_Cast.o FStar_BaseTypes.o FStar_IO.o FStar_Heap.o FStar_List_Tot_Base.o FStar_List.o FStar_Option.o FStar_String.o FStar_Set.o FStar_Buffer.o FStar_CommonST.o FStar_ST.o FStar_All.o
make[5]: Entering directory '/cygdrive/c/Build/Agent/_work/1/s/ulib/ml'
make[5]: warning: jobserver unavailable: using -j1.  Add '+' to parent make rule.
ocamlfind opt -thread -package batteries,zarith,stdint -linkpkg -g   -c -I  ./extracted -linkpkg prims.ml
ocamlfind opt -thread -package batteries,zarith,stdint -linkpkg -g   -c -I  ./extracted -linkpkg FStar_Mul.ml
ocamlfind opt -thread -package batteries,zarith,stdint -linkpkg -g   -c -I  ./extracted -linkpkg FStar_Float.ml
ocamlfind opt -thread -package batteries,zarith,stdint -linkpkg -g   -c -I  ./extracted -linkpkg FStar_Char.ml
ocamlfind opt -thread -package batteries,zarith,stdint -linkpkg -g   -c -I  ./extracted -linkpkg FStar_Int8.ml
ocamlfind opt -thread -package batteries,zarith,stdint -linkpkg -g   -c -I  ./extracted -linkpkg FStar_UInt8.ml
ocamlfind opt -thread -package batteries,zarith,stdint -linkpkg -g   -c -I  ./extracted -linkpkg FStar_Int16.ml
ocamlfind opt -thread -package batteries,zarith,stdint -linkpkg -g   -c -I  ./extracted -linkpkg FStar_UInt16.ml
ocamlfind opt -thread -package batteries,zarith,stdint -linkpkg -g   -c -I  ./extracted -linkpkg FStar_Int32.ml
ocamlfind opt -thread -package batteries,zarith,stdint -linkpkg -g   -c -I  ./extracted -linkpkg FStar_UInt32.ml
ocamlfind opt -thread -package batteries,zarith,stdint -linkpkg -g   -c -I  ./extracted -linkpkg FStar_Int64.ml
ocamlfind opt -thread -package batteries,zarith,stdint -linkpkg -g   -c -I  ./extracted -linkpkg FStar_UInt64.ml
ocamlfind opt -thread -package batteries,zarith,stdint -linkpkg -g   -c -I  ./extracted -linkpkg FStar_UInt128.ml
ocamlfind opt -thread -package batteries,zarith,stdint -linkpkg -g   -c -I  ./extracted -linkpkg FStar_Int_Cast.ml
ocamlfind opt -thread -package batteries,zarith,stdint -linkpkg -g   -c -I  ./extracted -linkpkg FStar_BaseTypes.ml
ocamlfind opt -thread -package batteries,zarith,stdint -linkpkg -g   -c -I  ./extracted -linkpkg FStar_IO.ml
ocamlfind opt -thread -package batteries,zarith,stdint -linkpkg -g   -c -I  ./extracted -linkpkg FStar_Heap.ml
ocamlfind opt -thread -package batteries,zarith,stdint -linkpkg -g   -c -I  ./extracted -linkpkg FStar_List_Tot_Base.ml
ocamlfind opt -thread -package batteries,zarith,stdint -linkpkg -g   -c -I  ./extracted -linkpkg FStar_List.ml
ocamlfind opt -thread -package batteries,zarith,stdint -linkpkg -g   -c -I  ./extracted -linkpkg FStar_Option.ml
ocamlfind opt -thread -package batteries,zarith,stdint -linkpkg -g   -c -I  ./extracted -linkpkg FStar_String.ml
ocamlfind opt -thread -package batteries,zarith,stdint -linkpkg -g   -c -I  ./extracted -linkpkg FStar_Set.ml
ocamlfind opt -thread -package batteries,zarith,stdint -linkpkg -g   -c -I  ./extracted -linkpkg FStar_Buffer.ml
ocamlfind opt -thread -package batteries,zarith,stdint -linkpkg -g   -c -I  ./extracted -linkpkg FStar_CommonST.ml
ocamlfind opt -thread -package batteries,zarith,stdint -linkpkg -g   -c -I  ./extracted -linkpkg FStar_ST.ml
ocamlfind opt -thread -package batteries,zarith,stdint -linkpkg -g   -c -I  ./extracted -linkpkg FStar_All.ml
make[5]: Leaving directory '/cygdrive/c/Build/Agent/_work/1/s/ulib/ml'
ocamlopt -a prims.cmx FStar_Mul.cmx FStar_Float.cmx FStar_Char.cmx FStar_Int8.cmx FStar_UInt8.cmx FStar_Int16.cmx FStar_UInt16.cmx FStar_Int32.cmx FStar_UInt32.cmx FStar_Int64.cmx FStar_UInt64.cmx FStar_UInt128.cmx FStar_Int_Cast.cmx FStar_BaseTypes.cmx FStar_IO.cmx FStar_Heap.cmx FStar_List_Tot_Base.cmx FStar_List.cmx FStar_Option.cmx FStar_String.cmx FStar_Set.cmx FStar_Buffer.cmx FStar_CommonST.cmx FStar_ST.cmx FStar_All.cmx -o fstarlib.cmxa
Verified module: Crypto.AEAD.AES256GCM (23790 milliseconds)
All verification conditions discharged successfully
../../../bin/fstar.exe --fstar_home ../../.. --max_fuel 4 --initial_fuel 0 --max_ifuel 2 --initial_ifuel 0 --z3rlimit 20  --use_hints --trace_error \
--include ../../../ulib/hyperstack --include hacl \
--__temp_no_proj Crypto.Symmetric.MAC \
--verify_module Crypto.AEAD.MAC_Wrapper.Invariant \
Crypto.AEAD.MAC_Wrapper.Invariant.fst
make[4]: Leaving directory '/cygdrive/c/Build/Agent/_work/1/s/ulib/ml'
/cygdrive/c/Build/Agent/_work/1/s/bin/fstar.exe --trace_error --use_hints --no_extract FStar.All --no_extract FStar.BaseTypes --no_extract FStar.Char --no_extract FStar.Float --no_extract FStar.Heap --no_extract FStar.Int8 --no_extract FStar.Int16 --no_extract FStar.Int32 --no_extract FStar.Int64 --no_extract FStar.UInt8 --no_extract FStar.UInt16 --no_extract FStar.UInt32 --no_extract FStar.UInt64 --no_extract FStar.Int_Cast --no_extract FStar.IO --no_extract FStar.List --no_extract FStar.List.Tot.Base --no_extract FStar.Option --no_extract FStar.Set --no_extract FStar.ST --no_extract FStar.String --no_extract FStar.HyperHeap --no_extract FStar.HyperStack --no_extract FStar.HST --no_extract FStar.Buffer --no_extract FStar.Mul --odir out --codegen OCaml Ex01a.fst
.\Ex01a.fst(58,0-58,48): (Warning) Top-level let-bindings must be total; this term may have effects
Extracted module FunctionalExtensionality
Extracted module PropositionalExtensionality
Extracted module PredicateExtensionality
Extracted module TSet
Extracted module Ex01a
Verified module: Ex01a (559 milliseconds)
All verification conditions discharged successfully
ocamlfind opt -package batteries,stdint,zarith -linkpkg -g ../../../..//ulib/ml/fstarlib.cmxa -I ../../../..//ulib/ml out/Ex01a.ml -o Ex01a.exe 2>&1
File "Ex01a.fst", line 30, characters 4-6:
Warning 26: unused variable v1.
File "Ex01a.fst", line 31, characters 4-6:
Warning 26: unused variable v2.
File "Ex01a.fst", line 52, characters 4-6:
Warning 26: unused variable v1.
File "Ex01a.fst", line 53, characters 4-6:
Warning 26: unused variable v2.
File "Ex01a.fst", line 54, characters 4-6:
Warning 26: unused variable v3.
./Ex01a.exe 2>&1
Fatal error: exception Ex01a.InvalidRead
Raised at file "prims.ml", line 103, characters 20-21
Called from file "Ex01a.fst", line 54, characters 9-29
Called from file "Ex01a.fst", line 59, characters 0-21
make[3]: [Makefile:66: Ex01a-ocaml] Error 2 (ignored)
../../../bin/fstar.exe --fstar_home ../../.. --max_fuel 4 --initial_fuel 0 --max_ifuel 2 --initial_ifuel 0 --z3rlimit 20  --use_hints --trace_error \
--include ../../../ulib/hyperstack --include hacl \
--__temp_no_proj Crypto.Symmetric.MAC \
--verify_module Crypto.AEAD.Encrypt.Ideal.Invariant \
Crypto.AEAD.Encrypt.Ideal.Invariant.fst
Verified module: Ex11a (10447 milliseconds)
All verification conditions discharged successfully
make[3]: Leaving directory '/cygdrive/c/Build/Agent/_work/1/s/doc/tutorial/code/solutions'
../../../bin/fstar.exe --fstar_home ../../.. --max_fuel 4 --initial_fuel 0 --max_ifuel 2 --initial_ifuel 0 --z3rlimit 20  --use_hints --trace_error \
--include ../../../ulib/hyperstack --include hacl \
--__temp_no_proj Crypto.Symmetric.MAC \
--verify_module Crypto.AEAD.Encrypt \
Crypto.AEAD.Encrypt.fst
Verified module: FStar.Map (3867 milliseconds)
Verified module: FStar.HyperHeap (15302 milliseconds)
Verified module: FStar.ST (1041 milliseconds)
Verified module: FStar.Util (23 milliseconds)
All verification conditions discharged successfully
../../../bin/fstar.exe --fstar_home ../../.. --max_fuel 4 --initial_fuel 0 --max_ifuel 2 --initial_ifuel 0 --z3rlimit 20  --use_hints --trace_error \
--include ../../../ulib/hyperstack --include hacl \
--__temp_no_proj Crypto.Symmetric.MAC \
--verify_module Crypto.AEAD \
Crypto.AEAD.fst
Verified module: Crypto.Symmetric.AES (72952 milliseconds)
All verification conditions discharged successfully
../../../bin/fstar.exe --fstar_home ../../.. --max_fuel 4 --initial_fuel 0 --max_ifuel 2 --initial_ifuel 0 --z3rlimit 20  --use_hints --trace_error \
--include ../../../ulib/hyperstack --include hacl \
--__temp_no_proj Crypto.Symmetric.MAC \
--verify_module Crypto.Plain \
Crypto.Plain.fst
Verified module: Crypto.Symmetric.AES128 (71400 milliseconds)
All verification conditions discharged successfully
../../../bin/fstar.exe --fstar_home ../../.. --max_fuel 4 --initial_fuel 0 --max_ifuel 2 --initial_ifuel 0 --z3rlimit 20  --use_hints --trace_error \
--include ../../../ulib/hyperstack --include hacl \
--__temp_no_proj Crypto.Symmetric.MAC \
--verify_module TestMonotonic \
TestMonotonic.fst
Verified module: TestMonotonic (2843 milliseconds)
All verification conditions discharged successfully
Verified module: Crypto.Plain (7384 milliseconds)
All verification conditions discharged successfully
Verified module: FStar.Map (3547 milliseconds)
Verified module: FStar.HyperStack (12462 milliseconds)
Verified module: FStar.ST (10066 milliseconds)
Verified module: FStar.Monotonic.RRef (1184 milliseconds)
Verified module: FStar.Monotonic.Seq (14028 milliseconds)
Verified module: FStar.All (40 milliseconds)
All verification conditions discharged successfully
Verified module: Crypto.Symmetric.Cipher (70880 milliseconds)
All verification conditions discharged successfully
Verified module: FStar.UInt (81489 milliseconds)
All verification conditions discharged successfully
Verified module: Crypto.AEAD.Wrappers.Encoding (14521 milliseconds)
All verification conditions discharged successfully
Verified module: Crypto.AEAD (2290 milliseconds)
All verification conditions discharged successfully
Verified module: Crypto.AEAD.Decrypt (15560 milliseconds)
All verification conditions discharged successfully
Verified module: Crypto.AEAD.Wrappers.PRF (27179 milliseconds)
All verification conditions discharged successfully
Verified module: Crypto.AEAD.MAC_Wrapper.Invariant (29860 milliseconds)
All verification conditions discharged successfully
Verified module: Crypto.AEAD.Encrypt.Ideal.Invariant (33672 milliseconds)
All verification conditions discharged successfully
Verified module: Crypto.AEAD.Encrypt (54094 milliseconds)
All verification conditions discharged successfully
Verified module: Crypto.Symmetric.PRF (117787 milliseconds)
All verification conditions discharged successfully
.\Crypto.AEAD.BufferUtils.fst(129,8-129,71): (Error) could not prove post-condition
Verified module: Crypto.AEAD.BufferUtils (115912 milliseconds)
1 error was reported (see above)
make[4]: *** [Makefile:97: Crypto.AEAD.BufferUtils.fst-ver] Error 1
Verified module: Crypto.Symmetric.Bytes (262352 milliseconds)
All verification conditions discharged successfully
Verified module: Crypto.AEAD.Encrypt.Invariant (101872 milliseconds)
All verification conditions discharged successfully
Verified module: Crypto.AEAD.Enxor.Invariant (110020 milliseconds)
All verification conditions discharged successfully
Verified module: Crypto.AEAD.Invariant (205290 milliseconds)
All verification conditions discharged successfully
Verified module: Crypto.Symmetric.UF1CMA (274719 milliseconds)
All verification conditions discharged successfully
Verified module: FStar.Math.Lemmas (295470 milliseconds)
All verification conditions discharged successfully
Verified module: Crypto.AEAD.EnxorDexor (245995 milliseconds)
All verification conditions discharged successfully
.\FStar.Buffer.fst(551,12-551,66): (Error) could not prove post-condition
Verified module: FStar.Map (4366 milliseconds)
Verified module: FStar.HyperStack (14971 milliseconds)
Verified module: FStar.ST (11652 milliseconds)
Verified module: FStar.Buffer (278061 milliseconds)
Verified module: FStar.Buffer.Quantifiers (4768 milliseconds)
1 error was reported (see above)
make[2]: Leaving directory '/cygdrive/c/Build/Agent/_work/1/s/ulib'
make[2]: *** [Makefile:64: bufferq] Error 1
make[2]: Target 'all' not remade because of errors.
make[1]: *** [Makefile:266: ulib] Error 2
Verified module: Crypto.AEAD.Encoding (357610 milliseconds)
All verification conditions discharged successfully
Verified module: Crypto.AEAD.Wrappers.CMA (385359 milliseconds)
All verification conditions discharged successfully
make[4]: Leaving directory '/cygdrive/c/Build/Agent/_work/1/s/examples/low-level/crypto'
make[4]: Target 'all' not remade because of errors.
make[3]: Leaving directory '/cygdrive/c/Build/Agent/_work/1/s/examples/low-level'
make[3]: *** [Makefile:35: all] Error 2
make[2]: Leaving directory '/cygdrive/c/Build/Agent/_work/1/s/examples'
make[2]: *** [Makefile:33: low-level.all] Error 2
make[1]: Leaving directory '/cygdrive/c/Build/Agent/_work/1/s/src'
make[2]: Target 'all' not remade because of errors.
make: Leaving directory '/cygdrive/c/Build/Agent/_work/1/s/src'
make[1]: *** [Makefile:269: uexamples] Error 2
make[1]: Target 'uregressions' not remade because of errors.
make: *** [Makefile:254: utest] Error 2
