dos2unix: converting file parser/parse.fsi to Unix format...
Warning: you are using the standard library and/or the %inline keyword. We
recommend switching on --infer in order to avoid obscure type error messages.
dos2unix: converting file parse.mly to Unix format...
File "src/basic/ml/FStar_Util.ml", line 49, characters 57-65:
Warning 40: st_mtime was selected from type BatUnix.stats.
It is not visible in the current scope, and will not 
be selected if the type becomes unknown.
File "src/basic/ml/FStar_Util.ml", line 49, characters 57-65:
Warning 40: st_mtime was selected from type BatUnix.stats.
It is not visible in the current scope, and will not 
be selected if the type becomes unknown.
.\u_boot_fsts\FStar.TypeChecker.Util.fst(71,0-73,32): (Warning) Annotation from val declaration overrides inline type annotation
.\u_boot_fsts\FStar.Syntax.Syntax.fst(394,0-394,33): (Warning) Annotation from val declaration overrides inline type annotation
.\u_boot_fsts\FStar.Syntax.Syntax.fst(445,0-445,48): (Warning) Annotation from val declaration overrides inline type annotation
.\u_boot_fsts\FStar.Syntax.Syntax.fst(446,0-446,76): (Warning) Annotation from val declaration overrides inline type annotation
.\u_boot_fsts\FStar.Syntax.Syntax.fst(496,0-498,38): (Warning) Annotation from val declaration overrides inline type annotation
.\u_boot_fsts\FStar.TypeChecker.Env.fst(282,0-286,35): (Warning) Annotation from val declaration overrides inline type annotation
.\u_boot_fsts\FStar.TypeChecker.Env.fst(716,0-718,39): (Warning) Annotation from val declaration overrides inline type annotation
.\Ex01a.fst(58,0-58,48): (Warning) Top-level let-bindings must be total; this term may have effects
.\Ex01a.fst(68,0-68,48): (Warning) Top-level let-bindings must be total; this term may have effects
Unexpected error
FStar_Errors.Error(_)
Raised at file "src/ocaml-output/FStar_ToSyntax_Env.ml", line 1980, characters 21-31
Called from file "src/ocaml-output/FStar_ToSyntax_ToSyntax.ml", line 5207, characters 21-62
Called from file "src/ocaml-output/FStar_ToSyntax_ToSyntax.ml", line 5682, characters 35-54
Called from file "list.ml", line 84, characters 24-34
Called from file "src/ocaml-output/FStar_ToSyntax_ToSyntax.ml", line 5733, characters 30-54
Called from file "src/ocaml-output/FStar_ToSyntax_ToSyntax.ml", line 5784, characters 8-63
Called from file "src/ocaml-output/FStar_ToSyntax_ToSyntax.ml", line 5817, characters 37-57
Called from file "list.ml", line 84, characters 24-34
Called from file "src/ocaml-output/FStar_ToSyntax_ToSyntax.ml", line 5812, characters 8-326
Called from file "src/ocaml-output/FStar_Universal.ml", line 290, characters 26-47
Called from file "src/ocaml-output/FStar_Universal.ml", line 383, characters 18-101
Called from file "src/ocaml-output/FStar_Universal.ml", line 407, characters 31-72
Called from file "src/ocaml-output/FStar_Universal.ml", line 424, characters 24-71
Called from file "src/ocaml-output/FStar_Universal.ml", line 465, characters 26-68
Called from file "src/ocaml-output/FStar_Main.ml", line 213, characters 27-67
Called from file "src/ocaml-output/FStar_Main.ml", line 236, characters 6-11

.\ImmutableST.fst(3,5-3,13): (Error) Namespace Preorder cannot be found
1 error was reported (see above)
make[3]: *** [../Makefile.include:16: ImmutableST.uver] Error 1
Unexpected error
FStar_Errors.Error(_)
Raised at file "src/ocaml-output/FStar_ToSyntax_Env.ml", line 1980, characters 21-31
Called from file "src/ocaml-output/FStar_ToSyntax_ToSyntax.ml", line 5207, characters 21-62
Called from file "src/ocaml-output/FStar_ToSyntax_ToSyntax.ml", line 5682, characters 35-54
Called from file "list.ml", line 84, characters 24-34
Called from file "src/ocaml-output/FStar_ToSyntax_ToSyntax.ml", line 5733, characters 30-54
Called from file "src/ocaml-output/FStar_ToSyntax_ToSyntax.ml", line 5784, characters 8-63
Called from file "src/ocaml-output/FStar_ToSyntax_ToSyntax.ml", line 5817, characters 37-57
Called from file "list.ml", line 84, characters 24-34
Called from file "src/ocaml-output/FStar_ToSyntax_ToSyntax.ml", line 5812, characters 8-326
Called from file "src/ocaml-output/FStar_Universal.ml", line 290, characters 26-47
Called from file "src/ocaml-output/FStar_Universal.ml", line 383, characters 18-101
Called from file "src/ocaml-output/FStar_Universal.ml", line 407, characters 31-72
Called from file "src/ocaml-output/FStar_Universal.ml", line 424, characters 24-71
Called from file "src/ocaml-output/FStar_Universal.ml", line 465, characters 26-68
Called from file "src/ocaml-output/FStar_Main.ml", line 213, characters 27-67
Called from file "src/ocaml-output/FStar_Main.ml", line 236, characters 6-11

.\AllocST.fst(3,5-3,13): (Error) Namespace Preorder cannot be found
1 error was reported (see above)
make[3]: *** [../Makefile.include:16: AllocST.uver] Error 1
Unexpected error
FStar_Errors.Error(_)
Raised at file "src/ocaml-output/FStar_ToSyntax_Env.ml", line 2545, characters 12-71
Called from file "src/ocaml-output/FStar_ToSyntax_ToSyntax.ml", line 1539, characters 14-206
Called from file "src/ocaml-output/FStar_ToSyntax_ToSyntax.ml", line 1395, characters 6-41
Called from file "src/ocaml-output/FStar_ToSyntax_ToSyntax.ml", line 1395, characters 6-41
Called from file "src/ocaml-output/FStar_ToSyntax_ToSyntax.ml", line 1395, characters 6-41
Called from file "src/batList.mlv", line 169, characters 28-33
Called from file "src/batList.mlv", line 172, characters 4-12
Called from file "src/ocaml-output/FStar_ToSyntax_ToSyntax.ml", line 3138, characters 35-56
Called from file "src/ocaml-output/FStar_ToSyntax_ToSyntax.ml", line 2046, characters 25-72
Called from file "src/ocaml-output/FStar_ToSyntax_ToSyntax.ml", line 1395, characters 6-41
Called from file "src/ocaml-output/FStar_ToSyntax_ToSyntax.ml", line 5682, characters 35-54
Called from file "list.ml", line 84, characters 24-34
Called from file "src/ocaml-output/FStar_ToSyntax_ToSyntax.ml", line 5733, characters 30-54
Called from file "src/ocaml-output/FStar_ToSyntax_ToSyntax.ml", line 5784, characters 8-63
Called from file "src/ocaml-output/FStar_ToSyntax_ToSyntax.ml", line 5817, characters 37-57
Called from file "list.ml", line 84, characters 24-34
Called from file "src/ocaml-output/FStar_ToSyntax_ToSyntax.ml", line 5812, characters 8-326
Called from file "src/ocaml-output/FStar_Universal.ml", line 290, characters 26-47
Called from file "src/ocaml-output/FStar_Universal.ml", line 383, characters 18-101
Called from file "src/ocaml-output/FStar_Universal.ml", line 407, characters 31-72
Called from file "src/ocaml-output/FStar_Universal.ml", line 424, characters 24-71
Called from file "src/ocaml-output/FStar_Universal.ml", line 465, characters 26-68
Called from file "src/ocaml-output/FStar_Main.ml", line 213, characters 27-67
Called from file "src/ocaml-output/FStar_Main.ml", line 236, characters 6-11

.\AES.fst(30,26-30,39): (Error) Identifier not found: [modifies_none]
1 error was reported (see above)
make[3]: *** [Makefile:57: verify-AES.fst] Error 1
Unexpected error
FStar_Errors.Error(_)
Raised at file "src/ocaml-output/FStar_ToSyntax_Env.ml", line 2545, characters 12-71
Called from file "src/ocaml-output/FStar_ToSyntax_ToSyntax.ml", line 1539, characters 14-206
Called from file "src/ocaml-output/FStar_ToSyntax_ToSyntax.ml", line 1395, characters 6-41
Called from file "src/ocaml-output/FStar_ToSyntax_ToSyntax.ml", line 1395, characters 6-41
Called from file "src/ocaml-output/FStar_ToSyntax_ToSyntax.ml", line 1395, characters 6-41
Called from file "src/batList.mlv", line 169, characters 28-33
Called from file "src/batList.mlv", line 172, characters 4-12
Called from file "src/ocaml-output/FStar_ToSyntax_ToSyntax.ml", line 3138, characters 35-56
Called from file "src/ocaml-output/FStar_ToSyntax_ToSyntax.ml", line 2046, characters 25-72
Called from file "src/ocaml-output/FStar_ToSyntax_ToSyntax.ml", line 1395, characters 6-41
Called from file "src/ocaml-output/FStar_ToSyntax_ToSyntax.ml", line 5682, characters 35-54
Called from file "list.ml", line 84, characters 24-34
Called from file "src/ocaml-output/FStar_ToSyntax_ToSyntax.ml", line 5733, characters 30-54
Called from file "src/ocaml-output/FStar_ToSyntax_ToSyntax.ml", line 5784, characters 8-63
Called from file "src/ocaml-output/FStar_ToSyntax_ToSyntax.ml", line 5817, characters 37-57
Called from file "list.ml", line 84, characters 24-34
Called from file "src/ocaml-output/FStar_ToSyntax_ToSyntax.ml", line 5812, characters 8-326
Called from file "src/ocaml-output/FStar_Universal.ml", line 290, characters 26-47
Called from file "src/ocaml-output/FStar_Universal.ml", line 383, characters 18-101
Called from file "src/ocaml-output/FStar_Universal.ml", line 407, characters 31-72
Called from file "src/ocaml-output/FStar_Universal.ml", line 424, characters 24-71
Called from file "src/ocaml-output/FStar_Universal.ml", line 465, characters 26-68
Called from file "src/ocaml-output/FStar_Main.ml", line 213, characters 27-67
Called from file "src/ocaml-output/FStar_Main.ml", line 236, characters 6-11

.\AES.fst(30,26-30,39): (Error) Identifier not found: [modifies_none]
1 error was reported (see above)
make[3]: *** [Makefile:57: verify-Encrypt_SymEnc.fst] Error 1
Unexpected error
FStar_Errors.Error(_)
Raised at file "src/ocaml-output/FStar_ToSyntax_Env.ml", line 2545, characters 12-71
Called from file "src/ocaml-output/FStar_ToSyntax_ToSyntax.ml", line 1539, characters 14-206
Called from file "src/ocaml-output/FStar_ToSyntax_ToSyntax.ml", line 1395, characters 6-41
Called from file "src/ocaml-output/FStar_ToSyntax_ToSyntax.ml", line 1395, characters 6-41
Called from file "src/ocaml-output/FStar_ToSyntax_ToSyntax.ml", line 1395, characters 6-41
Called from file "src/batList.mlv", line 169, characters 28-33
Called from file "src/batList.mlv", line 172, characters 4-12
Called from file "src/ocaml-output/FStar_ToSyntax_ToSyntax.ml", line 3138, characters 35-56
Called from file "src/ocaml-output/FStar_ToSyntax_ToSyntax.ml", line 2046, characters 25-72
Called from file "src/ocaml-output/FStar_ToSyntax_ToSyntax.ml", line 1395, characters 6-41
Called from file "src/ocaml-output/FStar_ToSyntax_ToSyntax.ml", line 5682, characters 35-54
Called from file "list.ml", line 84, characters 24-34
Called from file "src/ocaml-output/FStar_ToSyntax_ToSyntax.ml", line 5733, characters 30-54
Called from file "src/ocaml-output/FStar_ToSyntax_ToSyntax.ml", line 5784, characters 8-63
Called from file "src/ocaml-output/FStar_ToSyntax_ToSyntax.ml", line 5817, characters 37-57
Called from file "list.ml", line 84, characters 24-34
Called from file "src/ocaml-output/FStar_ToSyntax_ToSyntax.ml", line 5812, characters 8-326
Called from file "src/ocaml-output/FStar_Universal.ml", line 290, characters 26-47
Called from file "src/ocaml-output/FStar_Universal.ml", line 383, characters 18-101
Called from file "src/ocaml-output/FStar_Universal.ml", line 407, characters 31-72
Called from file "src/ocaml-output/FStar_Universal.ml", line 424, characters 24-71
Called from file "src/ocaml-output/FStar_Universal.ml", line 465, characters 26-68
Called from file "src/ocaml-output/FStar_Main.ml", line 213, characters 27-67
Called from file "src/ocaml-output/FStar_Main.ml", line 236, characters 6-11

.\AES.fst(30,26-30,39): (Error) Identifier not found: [modifies_none]
1 error was reported (see above)
make[3]: *** [Makefile:57: verify-Encrypt_Sample.fst] Error 1
Unexpected error
FStar_Errors.Error(_)
Raised at file "src/ocaml-output/FStar_ToSyntax_Env.ml", line 1980, characters 21-31
Called from file "src/ocaml-output/FStar_ToSyntax_ToSyntax.ml", line 5207, characters 21-62
Called from file "src/ocaml-output/FStar_ToSyntax_ToSyntax.ml", line 5682, characters 35-54
Called from file "list.ml", line 84, characters 24-34
Called from file "src/ocaml-output/FStar_ToSyntax_ToSyntax.ml", line 5733, characters 30-54
Called from file "src/ocaml-output/FStar_ToSyntax_ToSyntax.ml", line 5784, characters 8-63
Called from file "src/ocaml-output/FStar_ToSyntax_ToSyntax.ml", line 5817, characters 37-57
Called from file "list.ml", line 84, characters 24-34
Called from file "src/ocaml-output/FStar_ToSyntax_ToSyntax.ml", line 5812, characters 8-326
Called from file "src/ocaml-output/FStar_Universal.ml", line 290, characters 26-47
Called from file "src/ocaml-output/FStar_Universal.ml", line 383, characters 18-101
Called from file "src/ocaml-output/FStar_Universal.ml", line 407, characters 31-72
Called from file "src/ocaml-output/FStar_Universal.ml", line 424, characters 24-71
Called from file "src/ocaml-output/FStar_Universal.ml", line 465, characters 26-68
Called from file "src/ocaml-output/FStar_Main.ml", line 213, characters 27-67
Called from file "src/ocaml-output/FStar_Main.ml", line 236, characters 6-11

.\ImmutableSTwHeaps.fst(4,5-4,13): (Error) Namespace Preorder cannot be found
1 error was reported (see above)
make[3]: *** [../Makefile.include:16: ImmutableSTwHeaps.uver] Error 1
Unexpected error
FStar_Errors.Error(_)
Raised at file "src/ocaml-output/FStar_ToSyntax_Env.ml", line 1980, characters 21-31
Called from file "src/ocaml-output/FStar_ToSyntax_ToSyntax.ml", line 5207, characters 21-62
Called from file "src/ocaml-output/FStar_ToSyntax_ToSyntax.ml", line 5682, characters 35-54
Called from file "list.ml", line 84, characters 24-34
Called from file "src/ocaml-output/FStar_ToSyntax_ToSyntax.ml", line 5733, characters 30-54
Called from file "src/ocaml-output/FStar_ToSyntax_ToSyntax.ml", line 5784, characters 8-63
Called from file "src/ocaml-output/FStar_ToSyntax_ToSyntax.ml", line 5817, characters 37-57
Called from file "list.ml", line 84, characters 24-34
Called from file "src/ocaml-output/FStar_ToSyntax_ToSyntax.ml", line 5812, characters 8-326
Called from file "src/ocaml-output/FStar_Universal.ml", line 290, characters 26-47
Called from file "src/ocaml-output/FStar_Universal.ml", line 383, characters 18-101
Called from file "src/ocaml-output/FStar_Universal.ml", line 407, characters 31-72
Called from file "src/ocaml-output/FStar_Universal.ml", line 424, characters 24-71
Called from file "src/ocaml-output/FStar_Universal.ml", line 465, characters 26-68
Called from file "src/ocaml-output/FStar_Main.ml", line 213, characters 27-67
Called from file "src/ocaml-output/FStar_Main.ml", line 236, characters 6-11

.\MRefHeap.fst(3,5-3,13): (Error) Namespace Preorder cannot be found
1 error was reported (see above)
make[3]: *** [../Makefile.include:16: ReifyTest.uver] Error 1
Unexpected error
FStar_Errors.Error(_)
Raised at file "src/ocaml-output/FStar_ToSyntax_Env.ml", line 1980, characters 21-31
Called from file "src/ocaml-output/FStar_ToSyntax_ToSyntax.ml", line 5207, characters 21-62
Called from file "src/ocaml-output/FStar_ToSyntax_ToSyntax.ml", line 5682, characters 35-54
Called from file "list.ml", line 84, characters 24-34
Called from file "src/ocaml-output/FStar_ToSyntax_ToSyntax.ml", line 5733, characters 30-54
Called from file "src/ocaml-output/FStar_ToSyntax_ToSyntax.ml", line 5784, characters 8-63
Called from file "src/ocaml-output/FStar_ToSyntax_ToSyntax.ml", line 5817, characters 37-57
Called from file "list.ml", line 84, characters 24-34
Called from file "src/ocaml-output/FStar_ToSyntax_ToSyntax.ml", line 5812, characters 8-326
Called from file "src/ocaml-output/FStar_Universal.ml", line 290, characters 26-47
Called from file "src/ocaml-output/FStar_Universal.ml", line 383, characters 18-101
Called from file "src/ocaml-output/FStar_Universal.ml", line 407, characters 31-72
Called from file "src/ocaml-output/FStar_Universal.ml", line 424, characters 24-71
Called from file "src/ocaml-output/FStar_Universal.ml", line 465, characters 26-68
Called from file "src/ocaml-output/FStar_Main.ml", line 213, characters 27-67
Called from file "src/ocaml-output/FStar_Main.ml", line 236, characters 6-11

.\AllocSTwHeaps.fst(3,5-3,13): (Error) Namespace Preorder cannot be found
1 error was reported (see above)
make[3]: *** [../Makefile.include:16: AllocSTwHeaps.uver] Error 1
Unexpected error
FStar_Errors.Error(_)
Raised at file "src/ocaml-output/FStar_TypeChecker_Rel.ml", line 7578, characters 18-55
Called from file "src/ocaml-output/FStar_TypeChecker_Rel.ml", line 7594, characters 27-55
Called from file "ulib/ml/FStar_All.ml", line 3, characters 21-24
Called from file "src/ocaml-output/FStar_TypeChecker_TcTerm.ml", line 1512, characters 22-108
Called from file "src/ocaml-output/FStar_TypeChecker_TcTerm.ml", line 5587, characters 21-1023
Called from file "src/ocaml-output/FStar_TypeChecker_TcTerm.ml", line 4685, characters 27-59
Called from file "src/ocaml-output/FStar_TypeChecker_Tc.ml", line 3771, characters 20-1023
Called from file "src/ocaml-output/FStar_TypeChecker_Tc.ml", line 4170, characters 31-46
Called from file "src/basic/ml/FStar_Util.ml", line 574, characters 30-37
Called from file "src/ocaml-output/FStar_TypeChecker_Tc.ml", line 4216, characters 8-70
Called from file "src/ocaml-output/FStar_TypeChecker_Tc.ml", line 4304, characters 25-77
Called from file "src/ocaml-output/FStar_TypeChecker_Tc.ml", line 4574, characters 23-49
Called from file "src/basic/ml/FStar_Util.ml", line 46, characters 14-18
Called from file "src/ocaml-output/FStar_Universal.ml", line 302, characters 34-233
Called from file "list.ml", line 84, characters 24-34
Called from file "ulib/ml/FStar_All.ml", line 3, characters 21-24
Called from file "src/ocaml-output/FStar_Universal.ml", line 383, characters 18-101
Called from file "src/ocaml-output/FStar_Universal.ml", line 407, characters 31-72
Called from file "src/ocaml-output/FStar_Universal.ml", line 424, characters 24-71
Called from file "src/ocaml-output/FStar_Universal.ml", line 465, characters 26-68
Called from file "src/ocaml-output/FStar_Main.ml", line 213, characters 27-67
Called from file "src/ocaml-output/FStar_Main.ml", line 236, characters 6-11

.\FStar.Relational.Relational.fst(64,24-64,27): (Error) uu___unification_ 333458 is not a subtype of the expected type (x:uu___unification_ 333460{ FStar.Monotonic.Heap.valid_upd h r x })
1 error was reported (see above)
make[4]: *** [Makefile:44: .mgen] Error 1
make[3]: *** [Makefile:39: .mgen] Error 2
make[3]: Target 'all' not remade because of errors.
make[2]: *** [Makefile:12: ocaml] Error 2
make[1]: *** [Makefile:274: hello] Error 2
Unexpected error
FStar_Errors.Error(_)
Raised at file "src/ocaml-output/FStar_ToSyntax_Env.ml", line 1980, characters 21-31
Called from file "src/ocaml-output/FStar_ToSyntax_ToSyntax.ml", line 5207, characters 21-62
Called from file "src/ocaml-output/FStar_ToSyntax_ToSyntax.ml", line 5682, characters 35-54
Called from file "list.ml", line 84, characters 24-34
Called from file "src/ocaml-output/FStar_ToSyntax_ToSyntax.ml", line 5733, characters 30-54
Called from file "src/ocaml-output/FStar_ToSyntax_ToSyntax.ml", line 5784, characters 8-63
Called from file "src/ocaml-output/FStar_ToSyntax_ToSyntax.ml", line 5817, characters 37-57
Called from file "list.ml", line 84, characters 24-34
Called from file "src/ocaml-output/FStar_ToSyntax_ToSyntax.ml", line 5812, characters 8-326
Called from file "src/ocaml-output/FStar_Universal.ml", line 290, characters 26-47
Called from file "src/ocaml-output/FStar_Universal.ml", line 383, characters 18-101
Called from file "src/ocaml-output/FStar_Universal.ml", line 407, characters 31-72
Called from file "src/ocaml-output/FStar_Universal.ml", line 424, characters 24-71
Called from file "src/ocaml-output/FStar_Universal.ml", line 465, characters 26-68
Called from file "src/ocaml-output/FStar_Main.ml", line 213, characters 27-67
Called from file "src/ocaml-output/FStar_Main.ml", line 236, characters 6-11

.\MRefHeap.fst(3,5-3,13): (Error) Namespace Preorder cannot be found
1 error was reported (see above)
make[3]: *** [Makefile:11: MRefHeap.uver] Error 1
Unexpected error
FStar_Errors.Error(_)
Raised at file "src/ocaml-output/FStar_ToSyntax_Env.ml", line 1980, characters 21-31
Called from file "src/ocaml-output/FStar_ToSyntax_ToSyntax.ml", line 5207, characters 21-62
Called from file "src/ocaml-output/FStar_ToSyntax_ToSyntax.ml", line 5682, characters 35-54
Called from file "list.ml", line 84, characters 24-34
Called from file "src/ocaml-output/FStar_ToSyntax_ToSyntax.ml", line 5733, characters 30-54
Called from file "src/ocaml-output/FStar_ToSyntax_ToSyntax.ml", line 5784, characters 8-63
Called from file "src/ocaml-output/FStar_ToSyntax_ToSyntax.ml", line 5817, characters 37-57
Called from file "list.ml", line 84, characters 24-34
Called from file "src/ocaml-output/FStar_ToSyntax_ToSyntax.ml", line 5812, characters 8-326
Called from file "src/ocaml-output/FStar_Universal.ml", line 290, characters 26-47
Called from file "src/ocaml-output/FStar_Universal.ml", line 383, characters 18-101
Called from file "src/ocaml-output/FStar_Universal.ml", line 407, characters 31-72
Called from file "src/ocaml-output/FStar_Universal.ml", line 424, characters 24-71
Called from file "src/ocaml-output/FStar_Universal.ml", line 465, characters 26-68
Called from file "src/ocaml-output/FStar_Main.ml", line 213, characters 27-67
Called from file "src/ocaml-output/FStar_Main.ml", line 236, characters 6-11

.\SnapshotST.fst(10,5-10,13): (Error) Namespace Preorder cannot be found
1 error was reported (see above)
make[3]: *** [../Makefile.include:16: SnapshotST.uver] Error 1
Unexpected error
FStar_Errors.Error(_)
Raised at file "src/ocaml-output/FStar_ToSyntax_Env.ml", line 1980, characters 21-31
Called from file "src/ocaml-output/FStar_ToSyntax_ToSyntax.ml", line 5207, characters 21-62
Called from file "src/ocaml-output/FStar_ToSyntax_ToSyntax.ml", line 5682, characters 35-54
Called from file "list.ml", line 84, characters 24-34
Called from file "src/ocaml-output/FStar_ToSyntax_ToSyntax.ml", line 5733, characters 30-54
Called from file "src/ocaml-output/FStar_ToSyntax_ToSyntax.ml", line 5784, characters 8-63
Called from file "src/ocaml-output/FStar_ToSyntax_ToSyntax.ml", line 5817, characters 37-57
Called from file "list.ml", line 84, characters 24-34
Called from file "src/ocaml-output/FStar_ToSyntax_ToSyntax.ml", line 5812, characters 8-326
Called from file "src/ocaml-output/FStar_Universal.ml", line 290, characters 26-47
Called from file "src/ocaml-output/FStar_Universal.ml", line 383, characters 18-101
Called from file "src/ocaml-output/FStar_Universal.ml", line 407, characters 31-72
Called from file "src/ocaml-output/FStar_Universal.ml", line 424, characters 24-71
Called from file "src/ocaml-output/FStar_Universal.ml", line 465, characters 26-68
Called from file "src/ocaml-output/FStar_Main.ml", line 213, characters 27-67
Called from file "src/ocaml-output/FStar_Main.ml", line 236, characters 6-11

.\ReifyTestTSST.fst(3,5-3,13): (Error) Namespace Preorder cannot be found
1 error was reported (see above)
make[3]: *** [../Makefile.include:16: ReifyTestTSST.uver] Error 1
Unexpected error
FStar_Errors.Error(_)
Raised at file "src/ocaml-output/FStar_ToSyntax_Env.ml", line 1980, characters 21-31
Called from file "src/ocaml-output/FStar_ToSyntax_ToSyntax.ml", line 5207, characters 21-62
Called from file "src/ocaml-output/FStar_ToSyntax_ToSyntax.ml", line 5682, characters 35-54
Called from file "list.ml", line 84, characters 24-34
Called from file "src/ocaml-output/FStar_ToSyntax_ToSyntax.ml", line 5733, characters 30-54
Called from file "src/ocaml-output/FStar_ToSyntax_ToSyntax.ml", line 5784, characters 8-63
Called from file "src/ocaml-output/FStar_ToSyntax_ToSyntax.ml", line 5817, characters 37-57
Called from file "list.ml", line 84, characters 24-34
Called from file "src/ocaml-output/FStar_ToSyntax_ToSyntax.ml", line 5812, characters 8-326
Called from file "src/ocaml-output/FStar_Universal.ml", line 290, characters 26-47
Called from file "src/ocaml-output/FStar_Universal.ml", line 383, characters 18-101
Called from file "src/ocaml-output/FStar_Universal.ml", line 407, characters 31-72
Called from file "src/ocaml-output/FStar_Universal.ml", line 424, characters 24-71
Called from file "src/ocaml-output/FStar_Universal.ml", line 465, characters 26-68
Called from file "src/ocaml-output/FStar_Main.ml", line 213, characters 27-67
Called from file "src/ocaml-output/FStar_Main.ml", line 236, characters 6-11

.\MRefHeap.fst(3,5-3,13): (Error) Namespace Preorder cannot be found
1 error was reported (see above)
make[3]: *** [../Makefile.include:16: MRefST.uver] Error 1
make[3]: Target 'all' not remade because of errors.
make[2]: *** [Makefile:35: preorders.all] Error 2
.\MAC.fst(45,0-45,35): (Warning) Top-level let-bindings must be total; this term may have effects
WARNING: (7066,51): pattern does not contain all quantified variables.
WARNING: (7066,51): pattern does not contain all quantified variables.
Unexpected error
FStar_Errors.Error(_)
Raised at file "src/ocaml-output/FStar_ToSyntax_Env.ml", line 2545, characters 12-71
Called from file "src/ocaml-output/FStar_ToSyntax_ToSyntax.ml", line 1539, characters 14-206
Called from file "src/ocaml-output/FStar_ToSyntax_ToSyntax.ml", line 1395, characters 6-41
Called from file "src/ocaml-output/FStar_ToSyntax_ToSyntax.ml", line 1395, characters 6-41
Called from file "src/ocaml-output/FStar_ToSyntax_ToSyntax.ml", line 1395, characters 6-41
Called from file "src/batList.mlv", line 169, characters 28-33
Called from file "src/batList.mlv", line 172, characters 4-12
Called from file "src/ocaml-output/FStar_ToSyntax_ToSyntax.ml", line 3138, characters 35-56
Called from file "src/ocaml-output/FStar_ToSyntax_ToSyntax.ml", line 2046, characters 25-72
Called from file "src/ocaml-output/FStar_ToSyntax_ToSyntax.ml", line 1395, characters 6-41
Called from file "src/ocaml-output/FStar_ToSyntax_ToSyntax.ml", line 5682, characters 35-54
Called from file "list.ml", line 84, characters 24-34
Called from file "src/ocaml-output/FStar_ToSyntax_ToSyntax.ml", line 5733, characters 30-54
Called from file "src/ocaml-output/FStar_ToSyntax_ToSyntax.ml", line 5784, characters 8-63
Called from file "src/ocaml-output/FStar_ToSyntax_ToSyntax.ml", line 5817, characters 37-57
Called from file "list.ml", line 84, characters 24-34
Called from file "src/ocaml-output/FStar_ToSyntax_ToSyntax.ml", line 5812, characters 8-326
Called from file "src/ocaml-output/FStar_Universal.ml", line 290, characters 26-47
Called from file "src/ocaml-output/FStar_Universal.ml", line 383, characters 18-101
Called from file "src/ocaml-output/FStar_Universal.ml", line 407, characters 31-72
Called from file "src/ocaml-output/FStar_Universal.ml", line 424, characters 24-71
Called from file "src/ocaml-output/FStar_Universal.ml", line 465, characters 26-68
Called from file "src/ocaml-output/FStar_Main.ml", line 213, characters 27-67
Called from file "src/ocaml-output/FStar_Main.ml", line 236, characters 6-11

.\Ex10a.fst(55,61-55,74): (Error) Identifier not found: [modifies_none]
1 error was reported (see above)
make[3]: *** [Makefile:38: verify-Ex10a.fst] Error 1
.\RPC.fst(9,0-9,53): (Warning) Top-level let-bindings must be total; this term may have effects
.\RPC.fst(23,0-23,39): (Warning) Top-level let-bindings must be total; this term may have effects
.\RPC.fst(48,0-49,16): (Warning) Top-level let-bindings must be total; this term may have effects
.\RPC.fst(116,0-116,17): (Warning) Top-level let-bindings must be total; this term may have effects
.\Ex12a.Cap.fst(22,0-22,26): (Warning) Top-level let-bindings must be total; this term may have effects
.\Platform.Bytes.fst(15,32-18,29): (Warning) Pattern misses at least one bound variable: uu___#451633
WARNING: (7017,46): pattern does not contain any variable.
WARNING: (7200,46): pattern does not contain any variable.
WARNING: (6916,46): pattern does not contain any variable.
.\Platform.Bytes.fst(257,22-260,30): (Warning) Pattern misses at least one bound variable: i#488427
.\Platform.Bytes.fst(261,8-261,24): (Warning) Pattern misses at least one bound variable: i#490426 (see also .\Platform.Bytes.fst(257,156-260,30))
WARNING: (7222,46): pattern does not contain any variable.
WARNING: (67855,46): pattern does not contain any variable.
WARNING: (71751,43): pattern does not contain all quantified variables.
WARNING: (67855,46): pattern does not contain any variable.
WARNING: (71751,43): pattern does not contain all quantified variables.
WARNING: (7049,46): pattern does not contain any variable.
WARNING: (67855,46): pattern does not contain any variable.
WARNING: (71751,43): pattern does not contain all quantified variables.
WARNING: (67855,46): pattern does not contain any variable.
WARNING: (71751,43): pattern does not contain all quantified variables.
WARNING: (67855,46): pattern does not contain any variable.
WARNING: (71751,43): pattern does not contain all quantified variables.
WARNING: (67855,46): pattern does not contain any variable.
WARNING: (71751,43): pattern does not contain all quantified variables.
WARNING: (67855,46): pattern does not contain any variable.
WARNING: (71751,43): pattern does not contain all quantified variables.
WARNING: (67855,46): pattern does not contain any variable.
WARNING: (71751,43): pattern does not contain all quantified variables.
WARNING: (67855,46): pattern does not contain any variable.
WARNING: (71751,43): pattern does not contain all quantified variables.
.\Platform.Bytes.fst(15,40-18,29): (Warning) Pattern misses at least one bound variable: uu___#525151
.\Platform.Bytes.fst(261,8-261,24): (Warning) Pattern misses at least one bound variable: i#533538 (see also .\Platform.Bytes.fst(257,156-260,30))
.\Unit1.WPsAndTriples_ST.fst(21,0-21,19): (Error) Unknown assertion failed
.\Unit1.WPsAndTriples_ST.fst(21,8-21,19): (Error) Unknown assertion failed
.\Unit1.WPsAndTriples_ST.fst(21,8-21,19): (Error) Unknown assertion failed
Verified module: Unit1.WPsAndTriples_ST (1990 milliseconds)
3 errors were reported (see above)
make[3]: *** [../Makefile.include:16: Unit1.WPsAndTriples_ST.uver] Error 1
Unexpected error
FStar_Errors.Error(_)
Raised at file "src/ocaml-output/FStar_ToSyntax_Env.ml", line 2545, characters 12-71
Called from file "src/ocaml-output/FStar_ToSyntax_ToSyntax.ml", line 1539, characters 14-206
Called from file "src/ocaml-output/FStar_ToSyntax_ToSyntax.ml", line 1395, characters 6-41
Called from file "src/ocaml-output/FStar_ToSyntax_ToSyntax.ml", line 1395, characters 6-41
Called from file "src/ocaml-output/FStar_ToSyntax_ToSyntax.ml", line 1395, characters 6-41
Called from file "src/batList.mlv", line 169, characters 28-33
Called from file "src/batList.mlv", line 172, characters 4-12
Called from file "src/ocaml-output/FStar_ToSyntax_ToSyntax.ml", line 3138, characters 35-56
Called from file "src/ocaml-output/FStar_ToSyntax_ToSyntax.ml", line 2046, characters 25-72
Called from file "src/ocaml-output/FStar_ToSyntax_ToSyntax.ml", line 1395, characters 6-41
Called from file "src/ocaml-output/FStar_ToSyntax_ToSyntax.ml", line 5682, characters 35-54
Called from file "list.ml", line 84, characters 24-34
Called from file "src/ocaml-output/FStar_ToSyntax_ToSyntax.ml", line 5733, characters 30-54
Called from file "src/ocaml-output/FStar_ToSyntax_ToSyntax.ml", line 5784, characters 8-63
Called from file "src/ocaml-output/FStar_ToSyntax_ToSyntax.ml", line 5817, characters 37-57
Called from file "list.ml", line 84, characters 24-34
Called from file "src/ocaml-output/FStar_ToSyntax_ToSyntax.ml", line 5812, characters 8-326
Called from file "src/ocaml-output/FStar_Universal.ml", line 290, characters 26-47
Called from file "src/ocaml-output/FStar_Universal.ml", line 383, characters 18-101
Called from file "src/ocaml-output/FStar_Universal.ml", line 407, characters 31-72
Called from file "src/ocaml-output/FStar_Universal.ml", line 424, characters 24-71
Called from file "src/ocaml-output/FStar_Universal.ml", line 465, characters 26-68
Called from file "src/ocaml-output/FStar_Main.ml", line 213, characters 27-67
Called from file "src/ocaml-output/FStar_Main.ml", line 236, characters 6-11

.\Ex10a.fst(59,61-59,74): (Error) Identifier not found: [modifies_none]
1 error was reported (see above)
make[3]: *** [Makefile:39: verify-Ex10a.fst] Error 1
.\CntProtocol.fst(14,0-14,53): (Warning) Top-level let-bindings must be total; this term may have effects
.\CntProtocol.fst(29,0-29,26): (Warning) Top-level let-bindings must be total; this term may have effects
.\CntProtocol.fst(32,0-32,54): (Warning) Top-level let-bindings must be total; this term may have effects
.\CntProtocol.fst(35,0-35,54): (Warning) Top-level let-bindings must be total; this term may have effects
.\CntProtocol.fst(99,0-99,39): (Warning) Top-level let-bindings must be total; this term may have effects
.\CntProtocol.fst(126,0-126,18): (Warning) Top-level let-bindings must be total; this term may have effects
.\CntProtocol.fst(172,0-188,5): (Warning) Top-level let-bindings must be total; this term may have effects
.\TestMRef.fst(8,0-8,20): (Warning) Top-level let-bindings must be total; this term may have effects
jsonparser.pos\Test.fst(0,0-0,0): (Warning) Test: Unexpected output from Z3: (error "line 135728 column 95: Wrong number of arguments (1) passed to function (declare-fun JSONParser.Spec.object_as_type.fuel_instrumented

jsonparser.pos\Test.fst(0,0-0,0): (Warning) Test: Unexpected output from Z3: (Fuel Term Term Term Term)

jsonparser.pos\Test.fst(0,0-0,0): (Warning) Test: Unexpected output from Z3: Term)")

jsonparser.pos\Test.fst(0,0-0,0): (Warning) Test: Unexpected output from Z3: (error "line 135751 column 82: Wrong number of arguments (1) passed to function (declare-fun JSONParser.Spec.object_as_type.fuel_instrumented

jsonparser.pos\Test.fst(0,0-0,0): (Warning) Test: Unexpected output from Z3: (Fuel Term Term Term Term)

jsonparser.pos\Test.fst(0,0-0,0): (Warning) Test: Unexpected output from Z3: Term)")

jsonparser.pos\Test.fst(0,0-0,0): (Warning) Test: Unexpected output from Z3: (error "line 137025 column 47: Wrong number of arguments (1) passed to function (declare-fun JSONParser.Spec.gprint.fuel_instrumented (Fuel Term Term) Term)")

jsonparser.pos\Test.fst(0,0-0,0): (Warning) Test: Unexpected output from Z3: (error "line 140068 column 47: Wrong number of arguments (1) passed to function (declare-fun JSONParser.Spec.gparse.fuel_instrumented

jsonparser.pos\Test.fst(0,0-0,0): (Warning) Test: Unexpected output from Z3: (Fuel Term Term Term)

jsonparser.pos\Test.fst(0,0-0,0): (Warning) Test: Unexpected output from Z3: Term)")

.\Ex12a.Cap.fst(20,0-20,26): (Warning) Top-level let-bindings must be total; this term may have effects
.\Mac.fst(70,0-70,35): (Warning) Top-level let-bindings must be total; this term may have effects
.\Ex12b.RPC.fst(8,0-8,53): (Warning) Top-level let-bindings must be total; this term may have effects
.\Ex12b.RPC.fst(21,0-21,39): (Warning) Top-level let-bindings must be total; this term may have effects
.\Ex12b.RPC.fst(53,0-54,16): (Warning) Top-level let-bindings must be total; this term may have effects
.\Ex12b.RPC.fst(123,0-123,17): (Warning) Top-level let-bindings must be total; this term may have effects
.\StRel.fst(19,0-19,13): (Error) Unknown assertion failed
Verified module: StRel (2059 milliseconds)
1 error was reported (see above)
make[3]: *** [../Makefile.include:16: StRel.uver] Error 1
make[3]: Target 'all' not remade because of errors.
make[2]: *** [Makefile:35: crypto.all] Error 2
Warning: Unable to open hints file: C:\Build\Agent1\_work\2\s\ulib\FStar.Monotonic.Heap.fst.hints; ran without hints
make[3]: Target 'all' not remade because of errors.
make[2]: *** [Makefile:35: ../doc/tutorial/code/exercises.all] Error 2
Unexpected error
Failure("Bound term variable not found (after unmangling): uu___#295167 in environment: sel_rel1, eq_irel, or_irel, and_irel, eq_rel, or_rel, and_rel, snd_rel, fst_rel, triple_rel, pair_rel, cons_rel, tl_rel, op_Hat_Slash, op_Hat_Star, op_Hat_Minus, op_Hat_Plus, rel_map3G, rel_map3T, rel_map2G, rel_map2T, rel_map2Teq, rel_map1T, tu, tu, twice, eq, double, __proj__R__item__r, __proj__R__item__l, uu___is_R, R, rel, try_with, exit, failwith, pipe_left, pipe_right, lift_exn_all, lift_state_all, all_wp, all_post, all_pre, all_pre, get, write, read, alloc, recall, ref, contains_pred, lift_gst_state, st_wp, st_post, st_pre, st_pre, gst_recall, gst_witness, witnessed, stable, heap_predicate, heap_predicate, gst_put, gst_get, heap_rel, lift_div_gst, gst_wp, gst_post, gst_pre, gst_pre, ref, trivial_preorder, lemma_upd_equals_upd_tot_for_contained_refs, lemma_sel_equals_sel_tot_for_contained_refs, upd_upd_same_mref, lemma_unused_upd_modifies, lemma_contains_upd_modifies, lemma_upd_unused, lemma_upd_contains_different_addr, lemma_unused_upd_contains, lemma_well_typed_upd_contains, lemma_upd_contains, lemma_in_dom_emp, lemma_mref_injectivity, lemma_mref_injectivity, lemma_sel_upd2, lemma_sel_upd1, lemma_sel_same_addr, lemma_free_mm_unused, lemma_free_mm_contains, lemma_free_mm_sel, lemma_alloc, lemma_distinct_addrs_unused, lemma_distinct_addrs_distinct_preorders, lemma_distinct_addrs_distinct_types, lemma_contains_implies_used, equal_dom, modifies, modifies_t, free_mm, alloc, upd, upd_tot, valid_upd, sel, sel_tot, op_Hat_Plus_Hat, op_Plus_Plus_Hat, op_Hat_Plus_Plus, only, only_t, fresh, unused_in, contains, compare_addrs, is_mm, addr_of, mref, emp, emp, equal_extensional, equal, heap, heap, tset, set, lemma_mem_tset_of_set, lemma_mem_tset_of_set_r, lemma_mem_tset_of_set_l, tset_of_set, lemma_equal_refl, lemma_equal_elim, lemma_equal_intro, mem_subset, subset_mem, mem_complement, mem_intersect, mem_union, mem_singleton, mem_empty, subset, complement, intersect, union, singleton, empty, mem, equal, set, predicateExtensionality, peq, predicate, apply, axiom, as_set, as_set', as_set', eqtype, eqtype, disjoint_not_in_both, lemma_equal_refl, lemma_equal_elim, lemma_equal_intro, mem_subset, subset_mem, mem_complement, mem_intersect, mem_union, mem_singleton, mem_empty, subset, disjoint, complement, intersect, union, singleton, empty, mem, equal, set, gfeq, gfun, feq, efun, excluded_middle, or_elim, ghost_lemma, impl_intro_gen, forall_impl_intro, move_requires, exists_elim, impl_intro, impl_intro_gtot, forall_to_exists_2, forall_to_exists, exists_intro, forall_intro_3, forall_intro_2, forall_intro', forall_intro, forall_intro_squash_gtot_join, forall_intro_squash_gtot, lemma_to_squash_gtot, gtot_to_lemma, lemma_forall_intro_gtot, forall_intro_gtot, arrow_to_impl, impl_to_arrow, get_forall, get_equality, get_squashed, give_witness, strong_excluded_middle, join_squash, map_squash, bind_squash, return_squash, squash_double_sum, squash_double_arrow, proof_irrelevance, give_proof, get_proof, stable, preorder, preorder_rel, predicate, relation, false_elim, ignore, __proj__Mkdtuple4__item___4, __proj__Mkdtuple4__item___3, __proj__Mkdtuple4__item___2, __proj__Mkdtuple4__item___1, uu___is_Mkdtuple4, Mkdtuple4, dtuple4, __proj__Mkdtuple3__item___3, __proj__Mkdtuple3__item___2, __proj__Mkdtuple3__item___1, uu___is_Mkdtuple3, Mkdtuple3, dtuple3, dsnd, dfst, __proj__Inr__item__v, uu___is_Inr, __proj__Inl__item__v, uu___is_Inl, Inr, Inl, either, invertOption, allow_inversion, inversion, all_trivial, all_null_wp, all_assume_p, all_assert_p, all_close_wp, all_stronger, all_if_then_else, all_bind_wp, all_return, all_ite_wp, all_wp_h, all_post_h, all_pre_h, raise, lift_div_exn, ex_trivial, ex_null_wp, ex_assume_p, ex_assert_p, ex_close_wp, ex_stronger, ex_if_then_else, ex_ite_wp, ex_bind_wp, ex_return, ex_wp, ex_post, ex_pre, ex_pre, __proj__Err__item__msg, uu___is_Err, __proj__E__item__e, uu___is_E, __proj__V__item__v, uu___is_V, Err, E, V, result, st_trivial, st_null_wp, st_assume_p, st_assert_p, st_close_wp, st_stronger, st_ite_wp, st_if_then_else, st_bind_wp, st_return, st_wp_h, st_post_h, st_pre_h, __proj__Mktuple8__item___8, __proj__Mktuple8__item___7, __proj__Mktuple8__item___6, __proj__Mktuple8__item___5, __proj__Mktuple8__item___4, __proj__Mktuple8__item___3, __proj__Mktuple8__item___2, __proj__Mktuple8__item___1, uu___is_Mktuple8, Mktuple8, tuple8, __proj__Mktuple7__item___7, __proj__Mktuple7__item___6, __proj__Mktuple7__item___5, __proj__Mktuple7__item___4, __proj__Mktuple7__item___3, __proj__Mktuple7__item___2, __proj__Mktuple7__item___1, uu___is_Mktuple7, Mktuple7, tuple7, __proj__Mktuple6__item___6, __proj__Mktuple6__item___5, __proj__Mktuple6__item___4, __proj__Mktuple6__item___3, __proj__Mktuple6__item___2, __proj__Mktuple6__item___1, uu___is_Mktuple6, Mktuple6, tuple6, __proj__Mktuple5__item___5, __proj__Mktuple5__item___4, __proj__Mktuple5__item___3, __proj__Mktuple5__item___2, __proj__Mktuple5__item___1, uu___is_Mktuple5, Mktuple5, tuple5, __proj__Mktuple4__item___4, __proj__Mktuple4__item___3, __proj__Mktuple4__item___2, __proj__Mktuple4__item___1, uu___is_Mktuple4, Mktuple4, tuple4, __proj__Mktuple3__item___3, __proj__Mktuple3__item___2, __proj__Mktuple3__item___1, uu___is_Mktuple3, Mktuple3, tuple3, snd, fst, __proj__Mktuple2__item___2, __proj__Mktuple2__item___1, uu___is_Mktuple2, Mktuple2, tuple2, __proj__Some__item__v, uu___is_Some, uu___is_None, Some, None, option, assert_norm, normalize, normalize_term, string_of_int, string_of_bool, abs, min, pow2, pow2, op_Division, op_Modulus, nonzero, nonzero, pos, pos, nat, nat, cut, _assert, admitP, unsafe_coerce, magic, admit, _assume, as_ensures, as_requires, LexTop, lex_t, lex_t, returnM, decreases, smt_pat_or, smt_pat, pattern, pattern, __proj__Cons__item__tl, __proj__Cons__item__hd, uu___is_Cons, uu___is_Nil, Cons, Nil, list, strcat, array, exn, exn, op_disEquality, op_Equality, op_LessThan, op_GreaterThanOrEqual, op_GreaterThan, op_LessThanOrEqual, op_Minus, op_Addition, op_Subtraction, op_Multiply, op_Negation, op_BarBar, op_AmpAmp, int, int, guard_free, pure_wp, pure_post, pure_pre, pure_pre, range_of, labeled, string, string, range_0, range_0, range, range, l_Exists, __proj__Mkdtuple2__item___2, __proj__Mkdtuple2__item___1, uu___is_Mkdtuple2, Mkdtuple2, dtuple2, prop, prop, l_Forall, has_type, precedes, l_not, l_iff, l_imp, l_or, __proj__Right__item___0, uu___is_Right, __proj__Left__item___0, uu___is_Left, Right, Left, c_or, l_and, __proj__And__item___1, __proj__And__item___0, uu___is_And, And, c_and, b2t, eq3, uu___is_HRefl, HRefl, h_equals, eq2, uu___is_Refl, Refl, equals, l_False, l_False, l_True, l_True, squash, unit, unit, uu___is_T, T, c_True, c_True, c_False, c_False, bool, bool, eqtype, eqtype, hasEq, cps, cps, attribute, attribute")
Raised at file "pervasives.ml", line 30, characters 22-33
Called from file "src/ocaml-output/FStar_SMTEncoding_Encode.ml", line 1230, characters 20-41
Called from file "src/ocaml-output/FStar_SMTEncoding_Encode.ml", line 2726, characters 39-56
Called from file "list.ml", line 84, characters 24-34
Called from file "ulib/ml/FStar_All.ml", line 3, characters 21-24
Called from file "src/ocaml-output/FStar_SMTEncoding_Encode.ml", line 1867, characters 38-60
Called from file "src/ocaml-output/FStar_SMTEncoding_Encode.ml", line 1059, characters 27-44
Called from file "src/ocaml-output/FStar_SMTEncoding_Encode.ml", line 1032, characters 33-77
Called from file "list.ml", line 84, characters 24-34
Called from file "ulib/ml/FStar_All.ml", line 3, characters 21-24
Called from file "src/ocaml-output/FStar_SMTEncoding_Encode.ml", line 4599, characters 29-116
Called from file "src/ocaml-output/FStar_SMTEncoding_Encode.ml", line 4884, characters 32-65
Called from file "src/ocaml-output/FStar_SMTEncoding_Encode.ml", line 5240, characters 38-152
Called from file "list.ml", line 84, characters 24-34
Called from file "ulib/ml/FStar_All.ml", line 3, characters 21-24
Called from file "src/ocaml-output/FStar_SMTEncoding_Encode.ml", line 6005, characters 24-45
Called from file "src/ocaml-output/FStar_SMTEncoding_Encode.ml", line 8143, characters 24-44
Called from file "src/ocaml-output/FStar_SMTEncoding_Encode.ml", line 8172, characters 24-53
Called from file "list.ml", line 73, characters 12-15
Called from file "src/ocaml-output/FStar_TypeChecker_Tc.ml", line 4196, characters 19-202
Called from file "src/basic/ml/FStar_Util.ml", line 574, characters 30-37
Called from file "src/ocaml-output/FStar_TypeChecker_Tc.ml", line 4216, characters 8-70
Called from file "src/ocaml-output/FStar_TypeChecker_Tc.ml", line 4304, characters 25-77
Called from file "src/ocaml-output/FStar_TypeChecker_Tc.ml", line 4574, characters 23-49
Called from file "src/basic/ml/FStar_Util.ml", line 46, characters 14-18
Called from file "src/ocaml-output/FStar_Universal.ml", line 302, characters 34-233
Called from file "list.ml", line 84, characters 24-34
Called from file "ulib/ml/FStar_All.ml", line 3, characters 21-24
Called from file "src/ocaml-output/FStar_Universal.ml", line 383, characters 18-101
Called from file "src/ocaml-output/FStar_Universal.ml", line 407, characters 31-72
Called from file "src/ocaml-output/FStar_Universal.ml", line 424, characters 24-71
Called from file "src/ocaml-output/FStar_Universal.ml", line 465, characters 26-68
Called from file "src/ocaml-output/FStar_Main.ml", line 213, characters 27-67
Called from file "src/ocaml-output/FStar_Main.ml", line 236, characters 6-11

make[2]: *** [Makefile:16: FStar.Relational.Comp.fst-ver] Error 1
Warning: Unable to open hints file: C:\Build\Agent1\_work\2\s\ulib\FStar.Preorder.fst.hints; ran without hints
.\While.fst(102,0-109,25): (Error) Unknown assertion failed
.\While.fst(116,0-137,9): (Error) Unknown assertion failed
Verified module: While (9077 milliseconds)
2 errors were reported (see above)
make[3]: *** [../Makefile.include:16: While.uver] Error 1
File "ulib/ml/FStar_Constructive.ml", line 43, characters 20-47:
Error: Unbound module FStar_Pervasives
make[4]: *** [Makefile:26: fstarlib.cma] Error 2
make[4]: Target 'all' not remade because of errors.
make[3]: *** [Makefile:56: Ex01a-ocaml] Error 2
make[3]: Target 'all' not remade because of errors.
make[2]: *** [Makefile:35: micro-benchmarks.all] Error 2
Unexpected error
Failure("Bound term variable not found (after unmangling): uu___#292249 in environment: sel_rel1, eq_irel, or_irel, and_irel, eq_rel, or_rel, and_rel, snd_rel, fst_rel, triple_rel, pair_rel, cons_rel, tl_rel, op_Hat_Slash, op_Hat_Star, op_Hat_Minus, op_Hat_Plus, rel_map3G, rel_map3T, rel_map2G, rel_map2T, rel_map2Teq, rel_map1T, tu, tu, twice, eq, double, __proj__R__item__r, __proj__R__item__l, uu___is_R, R, rel, ref, trivial_preorder, lemma_upd_equals_upd_tot_for_contained_refs, lemma_sel_equals_sel_tot_for_contained_refs, upd_upd_same_mref, lemma_unused_upd_modifies, lemma_contains_upd_modifies, lemma_upd_unused, lemma_upd_contains_different_addr, lemma_unused_upd_contains, lemma_well_typed_upd_contains, lemma_upd_contains, lemma_in_dom_emp, lemma_mref_injectivity, lemma_mref_injectivity, lemma_sel_upd2, lemma_sel_upd1, lemma_sel_same_addr, lemma_free_mm_unused, lemma_free_mm_contains, lemma_free_mm_sel, lemma_alloc, lemma_distinct_addrs_unused, lemma_distinct_addrs_distinct_preorders, lemma_distinct_addrs_distinct_types, lemma_contains_implies_used, equal_dom, modifies, modifies_t, free_mm, alloc, upd, upd_tot, valid_upd, sel, sel_tot, op_Hat_Plus_Hat, op_Plus_Plus_Hat, op_Hat_Plus_Plus, only, only_t, fresh, unused_in, contains, compare_addrs, is_mm, addr_of, mref, emp, emp, equal_extensional, equal, heap, heap, tset, set, lemma_mem_tset_of_set, lemma_mem_tset_of_set_r, lemma_mem_tset_of_set_l, tset_of_set, lemma_equal_refl, lemma_equal_elim, lemma_equal_intro, mem_subset, subset_mem, mem_complement, mem_intersect, mem_union, mem_singleton, mem_empty, subset, complement, intersect, union, singleton, empty, mem, equal, set, predicateExtensionality, peq, predicate, apply, axiom, as_set, as_set', as_set', eqtype, eqtype, disjoint_not_in_both, lemma_equal_refl, lemma_equal_elim, lemma_equal_intro, mem_subset, subset_mem, mem_complement, mem_intersect, mem_union, mem_singleton, mem_empty, subset, disjoint, complement, intersect, union, singleton, empty, mem, equal, set, strong_excluded_middle, stable, preorder, preorder_rel, predicate, relation, gfeq, gfun, feq, efun, excluded_middle, or_elim, ghost_lemma, impl_intro_gen, forall_impl_intro, move_requires, exists_elim, impl_intro, impl_intro_gtot, forall_to_exists_2, forall_to_exists, exists_intro, forall_intro_3, forall_intro_2, forall_intro', forall_intro, forall_intro_squash_gtot_join, forall_intro_squash_gtot, lemma_to_squash_gtot, gtot_to_lemma, lemma_forall_intro_gtot, forall_intro_gtot, arrow_to_impl, impl_to_arrow, get_forall, get_equality, get_squashed, give_witness, join_squash, map_squash, bind_squash, return_squash, squash_double_sum, squash_double_arrow, proof_irrelevance, give_proof, get_proof, false_elim, ignore, __proj__Mkdtuple4__item___4, __proj__Mkdtuple4__item___3, __proj__Mkdtuple4__item___2, __proj__Mkdtuple4__item___1, uu___is_Mkdtuple4, Mkdtuple4, dtuple4, __proj__Mkdtuple3__item___3, __proj__Mkdtuple3__item___2, __proj__Mkdtuple3__item___1, uu___is_Mkdtuple3, Mkdtuple3, dtuple3, dsnd, dfst, __proj__Inr__item__v, uu___is_Inr, __proj__Inl__item__v, uu___is_Inl, Inr, Inl, either, invertOption, allow_inversion, inversion, all_trivial, all_null_wp, all_assume_p, all_assert_p, all_close_wp, all_stronger, all_if_then_else, all_bind_wp, all_return, all_ite_wp, all_wp_h, all_post_h, all_pre_h, raise, lift_div_exn, ex_trivial, ex_null_wp, ex_assume_p, ex_assert_p, ex_close_wp, ex_stronger, ex_if_then_else, ex_ite_wp, ex_bind_wp, ex_return, ex_wp, ex_post, ex_pre, ex_pre, __proj__Err__item__msg, uu___is_Err, __proj__E__item__e, uu___is_E, __proj__V__item__v, uu___is_V, Err, E, V, result, st_trivial, st_null_wp, st_assume_p, st_assert_p, st_close_wp, st_stronger, st_ite_wp, st_if_then_else, st_bind_wp, st_return, st_wp_h, st_post_h, st_pre_h, __proj__Mktuple8__item___8, __proj__Mktuple8__item___7, __proj__Mktuple8__item___6, __proj__Mktuple8__item___5, __proj__Mktuple8__item___4, __proj__Mktuple8__item___3, __proj__Mktuple8__item___2, __proj__Mktuple8__item___1, uu___is_Mktuple8, Mktuple8, tuple8, __proj__Mktuple7__item___7, __proj__Mktuple7__item___6, __proj__Mktuple7__item___5, __proj__Mktuple7__item___4, __proj__Mktuple7__item___3, __proj__Mktuple7__item___2, __proj__Mktuple7__item___1, uu___is_Mktuple7, Mktuple7, tuple7, __proj__Mktuple6__item___6, __proj__Mktuple6__item___5, __proj__Mktuple6__item___4, __proj__Mktuple6__item___3, __proj__Mktuple6__item___2, __proj__Mktuple6__item___1, uu___is_Mktuple6, Mktuple6, tuple6, __proj__Mktuple5__item___5, __proj__Mktuple5__item___4, __proj__Mktuple5__item___3, __proj__Mktuple5__item___2, __proj__Mktuple5__item___1, uu___is_Mktuple5, Mktuple5, tuple5, __proj__Mktuple4__item___4, __proj__Mktuple4__item___3, __proj__Mktuple4__item___2, __proj__Mktuple4__item___1, uu___is_Mktuple4, Mktuple4, tuple4, __proj__Mktuple3__item___3, __proj__Mktuple3__item___2, __proj__Mktuple3__item___1, uu___is_Mktuple3, Mktuple3, tuple3, snd, fst, __proj__Mktuple2__item___2, __proj__Mktuple2__item___1, uu___is_Mktuple2, Mktuple2, tuple2, __proj__Some__item__v, uu___is_Some, uu___is_None, Some, None, option, assert_norm, normalize, normalize_term, string_of_int, string_of_bool, abs, min, pow2, pow2, op_Division, op_Modulus, nonzero, nonzero, pos, pos, nat, nat, cut, _assert, admitP, unsafe_coerce, magic, admit, _assume, as_ensures, as_requires, LexTop, lex_t, lex_t, returnM, decreases, smt_pat_or, smt_pat, pattern, pattern, __proj__Cons__item__tl, __proj__Cons__item__hd, uu___is_Cons, uu___is_Nil, Cons, Nil, list, strcat, array, exn, exn, op_disEquality, op_Equality, op_LessThan, op_GreaterThanOrEqual, op_GreaterThan, op_LessThanOrEqual, op_Minus, op_Addition, op_Subtraction, op_Multiply, op_Negation, op_BarBar, op_AmpAmp, int, int, guard_free, pure_wp, pure_post, pure_pre, pure_pre, range_of, labeled, string, string, range_0, range_0, range, range, l_Exists, __proj__Mkdtuple2__item___2, __proj__Mkdtuple2__item___1, uu___is_Mkdtuple2, Mkdtuple2, dtuple2, prop, prop, l_Forall, has_type, precedes, l_not, l_iff, l_imp, l_or, __proj__Right__item___0, uu___is_Right, __proj__Left__item___0, uu___is_Left, Right, Left, c_or, l_and, __proj__And__item___1, __proj__And__item___0, uu___is_And, And, c_and, b2t, eq3, uu___is_HRefl, HRefl, h_equals, eq2, uu___is_Refl, Refl, equals, l_False, l_False, l_True, l_True, squash, unit, unit, uu___is_T, T, c_True, c_True, c_False, c_False, bool, bool, eqtype, eqtype, hasEq, cps, cps, attribute, attribute")
Raised at file "pervasives.ml", line 30, characters 22-33
Called from file "src/ocaml-output/FStar_SMTEncoding_Encode.ml", line 1230, characters 20-41
Called from file "src/ocaml-output/FStar_SMTEncoding_Encode.ml", line 2726, characters 39-56
Called from file "list.ml", line 84, characters 24-34
Called from file "ulib/ml/FStar_All.ml", line 3, characters 21-24
Called from file "src/ocaml-output/FStar_SMTEncoding_Encode.ml", line 1867, characters 38-60
Called from file "src/ocaml-output/FStar_SMTEncoding_Encode.ml", line 1059, characters 27-44
Called from file "src/ocaml-output/FStar_SMTEncoding_Encode.ml", line 1032, characters 33-77
Called from file "list.ml", line 84, characters 24-34
Called from file "ulib/ml/FStar_All.ml", line 3, characters 21-24
Called from file "src/ocaml-output/FStar_SMTEncoding_Encode.ml", line 4599, characters 29-116
Called from file "src/ocaml-output/FStar_SMTEncoding_Encode.ml", line 4884, characters 32-65
Called from file "src/ocaml-output/FStar_SMTEncoding_Encode.ml", line 5240, characters 38-152
Called from file "list.ml", line 84, characters 24-34
Called from file "ulib/ml/FStar_All.ml", line 3, characters 21-24
Called from file "src/ocaml-output/FStar_SMTEncoding_Encode.ml", line 6005, characters 24-45
Called from file "src/ocaml-output/FStar_SMTEncoding_Encode.ml", line 8143, characters 24-44
Called from file "src/ocaml-output/FStar_SMTEncoding_Encode.ml", line 8172, characters 24-53
Called from file "list.ml", line 73, characters 12-15
Called from file "src/ocaml-output/FStar_TypeChecker_Tc.ml", line 4196, characters 19-202
Called from file "src/basic/ml/FStar_Util.ml", line 574, characters 30-37
Called from file "src/ocaml-output/FStar_TypeChecker_Tc.ml", line 4216, characters 8-70
Called from file "src/ocaml-output/FStar_TypeChecker_Tc.ml", line 4304, characters 25-77
Called from file "src/ocaml-output/FStar_TypeChecker_Tc.ml", line 4574, characters 23-49
Called from file "src/basic/ml/FStar_Util.ml", line 46, characters 14-18
Called from file "src/ocaml-output/FStar_Universal.ml", line 302, characters 34-233
Called from file "list.ml", line 84, characters 24-34
Called from file "ulib/ml/FStar_All.ml", line 3, characters 21-24
Called from file "src/ocaml-output/FStar_SMTEncoding_Solver.ml", line 115, characters 16-20
Called from file "src/ocaml-output/FStar_Universal.ml", line 383, characters 18-101
Called from file "src/ocaml-output/FStar_Universal.ml", line 407, characters 31-72
Called from file "src/ocaml-output/FStar_Universal.ml", line 424, characters 24-71
Called from file "src/ocaml-output/FStar_Universal.ml", line 465, characters 26-68
Called from file "src/ocaml-output/FStar_Main.ml", line 213, characters 27-67
Called from file "src/ocaml-output/FStar_Main.ml", line 236, characters 6-11

make[2]: *** [Makefile:16: FStar.Relational.Relational.fst-ver] Error 1
Warning: Unable to open hints file: C:\Build\Agent1\_work\2\s\ulib\FStar.Seq.Sorted.fst.hints; ran without hints
Warning: Unable to open hints file: C:\Build\Agent1\_work\2\s\ulib\FStar.Monotonic.Heap.fsti.hints; ran without hints
make[3]: Target 'all' not remade because of errors.
make[2]: *** [Makefile:35: rel.all] Error 2
make[3]: Target 'all' not remade because of errors.
make[2]: *** [Makefile:35: ../doc/tutorial/code/solutions.all] Error 2
make[2]: Target 'all' not remade because of errors.
make[1]: *** [Makefile:283: uexamples] Error 2
.\FStar.Buffer.fst(899,8-907,55): (Error) Unknown assertion failed
Verified module: FStar.Buffer (321018 milliseconds)
1 error was reported (see above)
make[2]: *** [Makefile:16: FStar.Buffer.fst-ver] Error 1
make[2]: Target 'all' not remade because of errors.
make[1]: *** [Makefile:280: ulib] Error 2
make[1]: Target 'uregressions' not remade because of errors.
make: *** [Makefile:260: utest] Error 2
