make[1]: warning: jobserver unavailable: using -j1.  Add '+' to parent make rule.
Warning: you are using the standard library and/or the %inline keyword. We
recommend switching on --infer in order to avoid obscure type error messages.
6 shift/reduce conflicts.
make[3]: warning: jobserver unavailable: using -j1.  Add '+' to parent make rule.
./u_boot_fsts/FStar.Syntax.Syntax.fst(397,0-397,33): (Warning) Annotation from val declaration overrides inline type annotation
./u_boot_fsts/FStar.Syntax.Syntax.fst(446,0-446,48): (Warning) Annotation from val declaration overrides inline type annotation
./u_boot_fsts/FStar.Syntax.Syntax.fst(447,0-447,76): (Warning) Annotation from val declaration overrides inline type annotation
./u_boot_fsts/FStar.Syntax.Syntax.fst(498,0-500,38): (Warning) Annotation from val declaration overrides inline type annotation
./u_boot_fsts/FStar.TypeChecker.Env.fst(274,0-278,35): (Warning) Annotation from val declaration overrides inline type annotation
./u_boot_fsts/FStar.TypeChecker.Util.fst(70,0-72,32): (Warning) Annotation from val declaration overrides inline type annotation
6 shift/reduce conflicts.
./hello.fst(5,0-5,37): (Warning) Top-level let-bindings must be total; this term may have effects
./Ex01a.fst(58,0-58,48): (Warning) Top-level let-bindings must be total; this term may have effects
./Ex01a.fst(68,0-68,48): (Warning) Top-level let-bindings must be total; this term may have effects
./Encrypt_SymEnc.fst(29,0-29,18): (Warning) Top-level let-bindings must be total; this term may have effects
<input>(2,14-2,15): (Error) Expected expression of type "int"; got expression ""hello"" of type "string"
<input>(2,14-2,15): (Error) Expected expression of type "int"; got expression ""hello"" of type "string"
<input>(2,14-2,15): (Error) Expected expression of type "int"; got expression ""hello"" of type "string"
./ifcExample.fst(10,0-10,15): (Warning) Top-level let-bindings must be total; this term may have effects
./ifcExample.fst(11,0-11,15): (Warning) Top-level let-bindings must be total; this term may have effects
./ifcExample.fst(12,0-12,15): (Warning) Top-level let-bindings must be total; this term may have effects
./ifcExample.fst(13,0-13,17): (Warning) Top-level let-bindings must be total; this term may have effects
./MAC.fst(45,0-45,35): (Warning) Top-level let-bindings must be total; this term may have effects
WARNING: (4121,6): pattern does not contain all quantified variables.
./RPC.fst(9,0-9,53): (Warning) Top-level let-bindings must be total; this term may have effects
./RPC.fst(23,0-23,39): (Warning) Top-level let-bindings must be total; this term may have effects
./RPC.fst(48,0-49,16): (Warning) Top-level let-bindings must be total; this term may have effects
./RPC.fst(116,0-116,17): (Warning) Top-level let-bindings must be total; this term may have effects
./CntProtocol.fst(14,0-14,53): (Warning) Top-level let-bindings must be total; this term may have effects
./CntProtocol.fst(29,0-29,26): (Warning) Top-level let-bindings must be total; this term may have effects
./CntProtocol.fst(32,0-32,54): (Warning) Top-level let-bindings must be total; this term may have effects
./CntProtocol.fst(35,0-35,54): (Warning) Top-level let-bindings must be total; this term may have effects
./CntProtocol.fst(99,0-99,39): (Warning) Top-level let-bindings must be total; this term may have effects
./CntProtocol.fst(126,0-126,18): (Warning) Top-level let-bindings must be total; this term may have effects
./CntProtocol.fst(158,0-174,5): (Warning) Top-level let-bindings must be total; this term may have effects
./Ex10a.fst(27,0-27,19): (Warning) Top-level let-bindings must be total; this term may have effects
./Ex12a.Cap.fst(21,0-21,26): (Warning) Top-level let-bindings must be total; this term may have effects
./Platform.Bytes.fst(15,32-18,29): (Warning) Pattern misses at least one bound variable: uu___#1088
WARNING: (6328,66): pattern does not contain any variable.
WARNING: (67995,66): pattern does not contain any variable.
WARNING: (6590,66): pattern does not contain any variable.
WARNING: (6250,66): pattern does not contain any variable.
./Platform.Bytes.fst(257,22-260,30): (Warning) Pattern misses at least one bound variable: i#40911
./Platform.Bytes.fst(257,156-260,30): (Warning) Pattern misses at least one bound variable: i#43023
WARNING: (6586,66): pattern does not contain any variable.
WARNING: (67995,66): pattern does not contain any variable.
WARNING: (71548,6): pattern does not contain all quantified variables.
WARNING: (67995,66): pattern does not contain any variable.
WARNING: (71548,6): pattern does not contain all quantified variables.
./Ex10a.fst(27,0-27,19): (Warning) Top-level let-bindings must be total; this term may have effects
WARNING: (67995,66): pattern does not contain any variable.
WARNING: (71548,6): pattern does not contain all quantified variables.
WARNING: (67995,66): pattern does not contain any variable.
WARNING: (71548,6): pattern does not contain all quantified variables.
./Ex12a.Cap.fst(19,0-19,26): (Warning) Top-level let-bindings must be total; this term may have effects
WARNING: (67995,66): pattern does not contain any variable.
WARNING: (71548,6): pattern does not contain all quantified variables.
./Ex12b.RPC.fst(8,0-8,53): (Warning) Top-level let-bindings must be total; this term may have effects
./Ex12b.RPC.fst(21,0-21,39): (Warning) Top-level let-bindings must be total; this term may have effects
WARNING: (67995,66): pattern does not contain any variable.
WARNING: (71548,6): pattern does not contain all quantified variables.
./Ex12b.RPC.fst(53,0-54,16): (Warning) Top-level let-bindings must be total; this term may have effects
./Ex12b.RPC.fst(123,0-123,17): (Warning) Top-level let-bindings must be total; this term may have effects
WARNING: (67995,66): pattern does not contain any variable.
WARNING: (71548,6): pattern does not contain all quantified variables.
WARNING: (67995,66): pattern does not contain any variable.
WARNING: (71548,6): pattern does not contain all quantified variables.
WARNING: (67995,66): pattern does not contain any variable.
WARNING: (71548,6): pattern does not contain all quantified variables.
WARNING: (67995,66): pattern does not contain any variable.
WARNING: (71548,6): pattern does not contain all quantified variables.
./Platform.Bytes.fst(15,40-18,29): (Warning) Pattern misses at least one bound variable: uu___#80615
./Platform.Bytes.fst(257,156-260,30): (Warning) Pattern misses at least one bound variable: i#90062
./TestMRef.fst(8,0-8,20): (Warning) Top-level let-bindings must be total; this term may have effects
make[5]: warning: jobserver unavailable: using -j1.  Add '+' to parent make rule.
make[5]: warning: jobserver unavailable: using -j1.  Add '+' to parent make rule.
./Mac.fst(70,0-70,35): (Warning) Top-level let-bindings must be total; this term may have effects
./Ex01a.fst(58,0-58,48): (Warning) Top-level let-bindings must be total; this term may have effects
make[3]: [Ex01a-ocaml] Error 2 (ignored)
Unexpected error
Unix.Unix_error(Unix.ENOMEM, "fork", "")
Raised by primitive operation at file "unix.ml", line 926, characters 8-14
Called from file "unix.ml", line 971, characters 4-126
Re-raised at file "unix.ml", line 978, characters 10-11
Called from file "src/basic/ml/FStar_Util.ml", line 130, characters 19-44
Called from file "src/ocaml-output/FStar_SMTEncoding_Z3.ml", line 250, characters 23-36
Called from file "src/ocaml-output/FStar_SMTEncoding_Z3.ml", line 613, characters 16-37
Called from file "src/ocaml-output/FStar_TypeChecker_Tc.ml", line 2538, characters 17-103
Called from file "src/ocaml-output/FStar_TypeChecker_Tc.ml", line 3365, characters 31-45
Called from file "list.ml", line 84, characters 24-34
Called from file "src/ocaml-output/FStar_TypeChecker_Tc.ml", line 3407, characters 8-1023
Called from file "src/ocaml-output/FStar_TypeChecker_Tc.ml", line 3524, characters 25-76
Called from file "src/ocaml-output/FStar_TypeChecker_Tc.ml", line 3781, characters 23-49
Called from file "src/basic/ml/FStar_Util.ml", line 44, characters 14-18
Called from file "src/ocaml-output/FStar_Universal.ml", line 178, characters 34-232
Called from file "list.ml", line 84, characters 24-34
Called from file "src/ocaml-output/bootlibs/FStar_All.ml", line 3, characters 21-24
Called from file "src/ocaml-output/FStar_Universal.ml", line 285, characters 29-77
Called from file "src/ocaml-output/FStar_Universal.ml", line 304, characters 31-72
Called from file "src/ocaml-output/FStar_Universal.ml", line 320, characters 24-71
Called from file "src/ocaml-output/FStar_Universal.ml", line 360, characters 26-68
Called from file "src/ocaml-output/FStar_Main.ml", line 221, characters 38-77
Called from file "src/ocaml-output/FStar_Main.ml", line 249, characters 16-21
Called from file "src/ocaml-output/bootlibs/FStar_All.ml", line 5, characters 25-30

make[4]: *** [Crypto.AEAD.EnxorDexor.fst-ver] Error 1
make[4]: Target 'all' not remade because of errors.
make[3]: *** [all] Error 2
make[2]: *** [low-level.all] Error 2
make[2]: Target 'all' not remade because of errors.
make[1]: *** [uexamples] Error 2
make[1]: Target 'uregressions' not remade because of errors.
make: *** [utest] Error 2
