This is /home/everbld/everest-ci/ci
Working directory: /cygdrive/c/Build/Agent/_work/1/s
About to run: make -C src utest -j 24 -k
BUILD_SOURCEBRANCHNAME: nik_private
BUILD_DEFINITIONNAME: FStar-CI-Windows
make: Entering directory '/cygdrive/c/Build/Agent/_work/1/s/src'
make all
make[1]: Entering directory '/cygdrive/c/Build/Agent/_work/1/s/src'
make[1]: warning: jobserver unavailable: using -j1.  Add '+' to parent make rule.
VS/.nuget/NuGet.exe restore VS/FStar.sln
Installing 'FsLexYacc 6.1.0'.
Installing 'FsLexYacc.Runtime 6.1.0'.
Successfully installed 'FsLexYacc.Runtime 6.1.0'.
Successfully installed 'FsLexYacc 6.1.0'.
make -C VS install-packages
make[2]: Entering directory '/cygdrive/c/Build/Agent/_work/1/s/src/VS'
[ -d packages ] || make update-nuget
.nuget/NuGet.exe restore FStar.sln
All packages listed in packages.config are already installed.
find packages -name '*.exe' -exec chmod +x '{}' ';'
make[2]: Leaving directory '/cygdrive/c/Build/Agent/_work/1/s/src/VS'
"C:/Program Files (x86)/MSBuild/14.0/bin/amd64/"/MSBuild.exe /verbosity:minimal /p:Configuration=Release VS/FStar.sln
Microsoft (R) Build Engine version 14.0.25420.1
Copyright (C) Microsoft Corporation. All rights reserved.

basic -> C:\Build\Agent\_work\1\s\bin\basic.dll
absyn -> C:\Build\Agent\_work\1\s\bin\absyn.dll
tc -> C:\Build\Agent\_work\1\s\bin\tc.dll
format -> C:\Build\Agent\_work\1\s\bin\format.dll
tosmt -> C:\Build\Agent\_work\1\s\bin\tosmt.dll
Restoring NuGet packages...
To prevent NuGet from downloading packages during build, open the Visual Studio Options dialog, click on the Package Manager node and uncheck 'Allow NuGet to download missing packages'.
All packages listed in packages.config are already installed.
prettyprint -> C:\Build\Agent\_work\1\s\bin\prettyprint.dll
syntax -> C:\Build\Agent\_work\1\s\bin\syntax.dll
typechecker -> C:\Build\Agent\_work\1\s\bin\typechecker.dll
compiling to dfas (can take a while...)
342 states
writing output
building tables
computing first function...time: 00:00:00.1864962
building kernels...time: 00:00:00.1289913
building kernel table...time: 00:00:00.0160479
computing lookahead relations........................................................................................................................................................................................................................................................................................................................................................................................................................................................................................................................................................................................................................................................................................................................................................time: 00:00:00.4532891
building lookahead table...time: 00:00:00.1967349
building action table...state 415: shift/reduce error on SEMICOLON
state 442: shift/reduce error on BAR
state 445: shift/reduce error on LBRACE
state 446: shift/reduce error on BAR
state 457: shift/reduce error on BAR
state 533: shift/reduce error on COLON_EQUALS
state 569: shift/reduce error on LBRACE
time: 00:00:00.6908090
building goto table...time: 00:00:00.2176966
returning tables.
7 shift/reduce conflicts
725 states
139 nonterminals
141 terminals
392 productions
#rows in action table: 725
parser -> C:\Build\Agent\_work\1\s\bin\parser.dll
desugar -> C:\Build\Agent\_work\1\s\bin\desugar.dll
extraction -> C:\Build\Agent\_work\1\s\bin\extraction.dll
fsdoc -> C:\Build\Agent\_work\1\s\bin\fsdoc.dll
smtencoding -> C:\Build\Agent\_work\1\s\bin\smtencoding.dll
stratifiedextraction -> C:\Build\Agent\_work\1\s\bin\stratifiedextraction.dll
tosyntax -> C:\Build\Agent\_work\1\s\bin\tosyntax.dll
fstar -> C:\Build\Agent\_work\1\s\bin\fstar.exe
tests -> C:\Build\Agent\_work\1\s\bin\tests.exe
chmod a+x ../bin/tests.exe
chmod a+x ../bin/fstar.exe
make[1]: Leaving directory '/cygdrive/c/Build/Agent/_work/1/s/src'
make fsharp-regressions
make[1]: Entering directory '/cygdrive/c/Build/Agent/_work/1/s/src'
make[1]: warning: jobserver unavailable: using -j1.  Add '+' to parent make rule.
../bin/tests.exe
Initializing ...
Testing the normalizer
0: ...
1: ...
2: ...
3: ...
4: ...
5: ...
6: ...
7: ...
8: ...
9: ...
10: ...
11: ...
12: ...
13: ...
14: ...
15: ...
16: ...
17: ...
18: ...
19: ...
20: ...
21: ...
22: ...
23: ...
Normalizer ok
Testing the unifier
0 ...
Unify x
and x

1 ...
Unify x
and y

2 ...
Unify x
and ((fun x -> x@0) x)

3 ...
Unify (fun x -> x@0)
and (fun x -> x@0)

4 ...
Unify (fun x -> x@0)
and (fun y -> y@0)

5 ...
Unify (fun x y -> x@1)
and (fun a b -> a@1)

6 ...
Unify (fun x y z -> y@1)
and (fun a b c -> b@1)

7 ...
Unify (fun x y -> y@0)
and (fun x y -> x@1)

8 ...
Unify (fun x y z -> y@1)
and (fun x y z -> z@0)

9 ...
Unify (fun x -> (?22029 x@0))
and (fun x -> (tuple2 x@0 x@0))

10 ...
Unify (fun x -> (?22034 x@0))
and (fun x y -> (op_Addition x@1 y@0))

11 ...
Unify (x:int -> y:(y#169909:int{(eq2 y@0 x@1)}) -> Tot bool)
and (x:int -> y:int -> Tot bool)

12 ...
Unify (a:Type -> b:(_:a@0 -> Type) -> x:a@1 -> y:(b@1 x@0) -> Type)
and (a:Type -> b:(_:a@0 -> Type) -> x:a@1 -> y:(b@1 x@0) -> Type)

Unifier ok
make[1]: Leaving directory '/cygdrive/c/Build/Agent/_work/1/s/src'
make -C ocaml-output
make[1]: Entering directory '/cygdrive/c/Build/Agent/_work/1/s/src/ocaml-output'
# TODO : call menhir directly when positions are fixed instead of
# letting OCamlbuild go through ocamlyacc
menhir  --only-preprocess-for-ocamlyacc ../parser/parse.mly > parse.mly
Warning: you are using the standard library and/or the %inline keyword. We
recommend switching on --infer in order to avoid obscure type error messages.
warning: CRLF will be replaced by LF in src/parser/parse.fsi.
The file will have its original line endings in your working directory.
# Save a copy of the dumb parse.mly for whoever doesn't have menhir.
echo 'let version = "0.9.3.1-beta"' > FStar_Version.ml
cp parse.mly ../parser/ml/
echo 'let platform = "Windows_x64"' >> FStar_Version.ml
echo "%{" > ../parser/parse.fsy
# We are opening the same module twice but we need these modules
echo 'let compiler = "OCaml 4.02.3"' >> FStar_Version.ml
echo "#light \"off\"" >> ../parser/parse.fsy
# open for the definition of tokens
echo 'let date = "2017-01-14T02:36:45-08:00"' >> FStar_Version.ml
echo "// (c) Microsoft Corporation. All rights reserved" >> ../parser/parse.fsy
echo "open Prims" > FStar_Parser_Parse.ml
echo 'let commit= "647e3bc (dirty)"' >> FStar_Version.ml
echo "open Prims" >> ../parser/parse.fsy
echo "open FStar_List" >> FStar_Parser_Parse.ml
echo "open FStar.Errors" >> ../parser/parse.fsy
echo "open FStar_Util" >> FStar_Parser_Parse.ml
echo "open FStar_Range" >> FStar_Parser_Parse.ml
echo "open FStar.List" >> ../parser/parse.fsy
echo "open FStar_Options" >> FStar_Parser_Parse.ml
echo "open FStar.Util" >> ../parser/parse.fsy
echo "open FStar_Absyn_Syntax" >> FStar_Parser_Parse.ml
echo "open FStar.Range" >> ../parser/parse.fsy
echo "open FStar_Absyn_Const" >> FStar_Parser_Parse.ml
echo "open FStar.Options" >> ../parser/parse.fsy
echo "open FStar_Absyn_Util" >> FStar_Parser_Parse.ml
echo "open FStar.Syntax.Syntax" >> ../parser/parse.fsy
echo "open FStar_Parser_AST" >> FStar_Parser_Parse.ml
echo "open FStar.Syntax.Const" >> ../parser/parse.fsy
echo "open FStar_Parser_Util" >> FStar_Parser_Parse.ml
echo "open FStar.Syntax.Util" >> ../parser/parse.fsy
echo "open FStar_Const" >> FStar_Parser_Parse.ml
echo "open FStar.Parser.AST" >> ../parser/parse.fsy
echo "open FStar_Ident" >> FStar_Parser_Parse.ml
echo "open FStar.Parser.Util" >> ../parser/parse.fsy
echo "open FStar_String" >> FStar_Parser_Parse.ml
echo "open FStar.Const" >> ../parser/parse.fsy
# TODO: create a proper OCamlbuild rule for this production so that
echo "open FStar.Ident" >> ../parser/parse.fsy
# OCamlbuild knows how to generate parse.mly first (possibly using
echo "open FStar.String" >> ../parser/parse.fsy
# menhir) and removes the production as needed.
# TODO : fsyacc seems to complain as soon as there is an arrow -> in a %type declaration...
ocamlyacc parse.mly
cat parse.mly | sed -e '/%{/d' \
-e '/^open /d' \
-e '/%token/s/[a-zA-Z0-9_]*\.//g' \
-e '/%type/s/[a-zA-Z0-9_]*\.//g' \
-e '/%token.*->.*/d' \
-e '/%type.*->.*/d' \
>> ../parser/parse.fsy
6 shift/reduce conflicts.
cat parse.ml >> FStar_Parser_Parse.ml
rm parse.ml parse.mli
cd ../../ && ocamlbuild -cflag '-g' -I src/ocaml-output -I src/basic/ml -I src/parser/ml -I src/fstar/ml -j 24 -build-dir src/ocaml-output/_build -I src/prettyprint/ml -I lib/ml -use-ocamlfind main.native
mkdir 'C:\Build\Agent\_work\1\s\src/ocaml-output/_build'
mkdir src
mkdir src/fstar
mkdir src/fstar/ml
''ocamlfind ocamldep -package batteries -package zarith -package yojson -package pprint -modules src/fstar/ml/main.ml > src/fstar/ml/main.ml.depends
mkdir src/ocaml-output
''ocamlfind ocamldep -package batteries -package zarith -package yojson -package pprint -modules src/ocaml-output/FStar_FStar.ml > src/ocaml-output/FStar_FStar.ml.depends
''ocamlfind ocamldep -package batteries -package zarith -package yojson -package pprint -modules src/ocaml-output/FStar_Absyn_Syntax.ml > src/ocaml-output/FStar_Absyn_Syntax.ml.depends
mkdir lib
mkdir lib/ml
''ocamlfind ocamldep -package batteries -package zarith -package yojson -package pprint -modules lib/ml/FStar_All.ml > lib/ml/FStar_All.ml.depends
''ocamlfind ocamldep -package batteries -package zarith -package yojson -package pprint -modules src/ocaml-output/FStar_Const.ml > src/ocaml-output/FStar_Const.ml.depends
''ocamlfind ocamldep -package batteries -package zarith -package yojson -package pprint -modules lib/ml/FStar_BaseTypes.ml > lib/ml/FStar_BaseTypes.ml.depends
''ocamlfind ocamldep -package batteries -package zarith -package yojson -package pprint -modules lib/ml/FStar_Char.ml > lib/ml/FStar_Char.ml.depends
''ocamlfind ocamldep -package batteries -package zarith -package yojson -package pprint -modules lib/ml/FStar_Float.ml > lib/ml/FStar_Float.ml.depends
''ocamlfind ocamldep -package batteries -package zarith -package yojson -package pprint -modules lib/ml/FStar_Int16.ml > lib/ml/FStar_Int16.ml.depends
''ocamlfind ocamldep -package batteries -package zarith -package yojson -package pprint -modules lib/ml/FStar_Int32.ml > lib/ml/FStar_Int32.ml.depends
''ocamlfind ocamldep -package batteries -package zarith -package yojson -package pprint -modules lib/ml/FStar_Int64.ml > lib/ml/FStar_Int64.ml.depends
''ocamlfind ocamldep -package batteries -package zarith -package yojson -package pprint -modules lib/ml/FStar_Int8.ml > lib/ml/FStar_Int8.ml.depends
''ocamlfind ocamldep -package batteries -package zarith -package yojson -package pprint -modules lib/ml/FStar_UInt16.ml > lib/ml/FStar_UInt16.ml.depends
''ocamlfind ocamldep -package batteries -package zarith -package yojson -package pprint -modules lib/ml/FStar_UInt8.ml > lib/ml/FStar_UInt8.ml.depends
''ocamlfind ocamlc -c -g -annot -bin-annot -thread -w -8-11-21-26-28 -package batteries -package zarith -package yojson -package pprint -I lib/ml -I src/ocaml-output -I src/prettyprint/ml -I src/parser/ml -I src/fstar/ml -I src/basic/ml -o lib/ml/FStar_Char.cmo lib/ml/FStar_Char.ml
''ocamlfind ocamlc -c -g -annot -bin-annot -thread -w -8-11-21-26-28 -package batteries -package zarith -package yojson -package pprint -I lib/ml -I src/ocaml-output -I src/prettyprint/ml -I src/parser/ml -I src/fstar/ml -I src/basic/ml -o lib/ml/FStar_Float.cmo lib/ml/FStar_Float.ml
''ocamlfind ocamlc -c -g -annot -bin-annot -thread -w -8-11-21-26-28 -package batteries -package zarith -package yojson -package pprint -I lib/ml -I src/ocaml-output -I src/prettyprint/ml -I src/parser/ml -I src/fstar/ml -I src/basic/ml -o lib/ml/FStar_Int16.cmo lib/ml/FStar_Int16.ml
''ocamlfind ocamlc -c -g -annot -bin-annot -thread -w -8-11-21-26-28 -package batteries -package zarith -package yojson -package pprint -I lib/ml -I src/ocaml-output -I src/prettyprint/ml -I src/parser/ml -I src/fstar/ml -I src/basic/ml -o lib/ml/FStar_Int32.cmo lib/ml/FStar_Int32.ml
''ocamlfind ocamlc -c -g -annot -bin-annot -thread -w -8-11-21-26-28 -package batteries -package zarith -package yojson -package pprint -I lib/ml -I src/ocaml-output -I src/prettyprint/ml -I src/parser/ml -I src/fstar/ml -I src/basic/ml -o lib/ml/FStar_Int64.cmo lib/ml/FStar_Int64.ml
''ocamlfind ocamlc -c -g -annot -bin-annot -thread -w -8-11-21-26-28 -package batteries -package zarith -package yojson -package pprint -I lib/ml -I src/ocaml-output -I src/prettyprint/ml -I src/parser/ml -I src/fstar/ml -I src/basic/ml -o lib/ml/FStar_Int8.cmo lib/ml/FStar_Int8.ml
''ocamlfind ocamlc -c -g -annot -bin-annot -thread -w -8-11-21-26-28 -package batteries -package zarith -package yojson -package pprint -I lib/ml -I src/ocaml-output -I src/prettyprint/ml -I src/parser/ml -I src/fstar/ml -I src/basic/ml -o lib/ml/FStar_UInt16.cmo lib/ml/FStar_UInt16.ml
''ocamlfind ocamlc -c -g -annot -bin-annot -thread -w -8-11-21-26-28 -package batteries -package zarith -package yojson -package pprint -I lib/ml -I src/ocaml-output -I src/prettyprint/ml -I src/parser/ml -I src/fstar/ml -I src/basic/ml -o lib/ml/FStar_UInt8.cmo lib/ml/FStar_UInt8.ml
''ocamlfind ocamldep -package batteries -package zarith -package yojson -package pprint -modules src/ocaml-output/FStar_Ident.ml > src/ocaml-output/FStar_Ident.ml.depends
''ocamlfind ocamlc -c -g -annot -bin-annot -thread -w -8-11-21-26-28 -package batteries -package zarith -package yojson -package pprint -I lib/ml -I src/ocaml-output -I src/prettyprint/ml -I src/parser/ml -I src/fstar/ml -I src/basic/ml -o lib/ml/FStar_All.cmo lib/ml/FStar_All.ml
''ocamlfind ocamldep -package batteries -package zarith -package yojson -package pprint -modules lib/ml/FStar_List.ml > lib/ml/FStar_List.ml.depends
mkdir src/basic
mkdir src/basic/ml
''ocamlfind ocamldep -package batteries -package zarith -package yojson -package pprint -modules src/basic/ml/FStar_Range.ml > src/basic/ml/FStar_Range.ml.depends
''ocamlfind ocamlc -c -g -annot -bin-annot -thread -w -8-11-21-26-28 -package batteries -package zarith -package yojson -package pprint -I lib/ml -I src/ocaml-output -I src/prettyprint/ml -I src/parser/ml -I src/fstar/ml -I src/basic/ml -o lib/ml/FStar_BaseTypes.cmo lib/ml/FStar_BaseTypes.ml
''ocamlfind ocamldep -package batteries -package zarith -package yojson -package pprint -modules src/basic/ml/FStar_Util.ml > src/basic/ml/FStar_Util.ml.depends
''ocamlfind ocamlc -c -g -annot -bin-annot -thread -w -8-11-21-26-28 -package batteries -package zarith -package yojson -package pprint -I lib/ml -I src/ocaml-output -I src/prettyprint/ml -I src/parser/ml -I src/fstar/ml -I src/basic/ml -o lib/ml/FStar_List.cmo lib/ml/FStar_List.ml
''ocamlfind ocamldep -package batteries -package zarith -package yojson -package pprint -modules lib/ml/prims.ml > lib/ml/prims.ml.depends
''ocamlfind ocamldep -package batteries -package zarith -package yojson -package pprint -modules lib/ml/MkPrims.ml > lib/ml/MkPrims.ml.depends
''ocamlfind ocamlc -c -g -annot -bin-annot -thread -w -8-11-21-26-28 -package batteries -package zarith -package yojson -package pprint -I lib/ml -I src/ocaml-output -I src/prettyprint/ml -I src/parser/ml -I src/fstar/ml -I src/basic/ml -o lib/ml/MkPrims.cmo lib/ml/MkPrims.ml
''ocamlfind ocamlc -c -g -annot -bin-annot -thread -w -8-11-21-26-28 -package batteries -package zarith -package yojson -package pprint -I lib/ml -I src/ocaml-output -I src/prettyprint/ml -I src/parser/ml -I src/fstar/ml -I src/basic/ml -o lib/ml/prims.cmo lib/ml/prims.ml
''ocamlfind ocamlc -c -g -annot -bin-annot -thread -w -8-11-21-26-28 -package batteries -package zarith -package yojson -package pprint -I src/basic/ml -I src/ocaml-output -I src/prettyprint/ml -I src/parser/ml -I src/fstar/ml -I lib/ml -o src/basic/ml/FStar_Util.cmo src/basic/ml/FStar_Util.ml
File "src/basic/ml/FStar_Util.ml", line 47, characters 57-65:
Warning 40: st_mtime was selected from type BatUnix.stats.
It is not visible in the current scope, and will not 
be selected if the type becomes unknown.
''ocamlfind ocamldep -package batteries -package zarith -package yojson -package pprint -modules lib/ml/FStar_ST.ml > lib/ml/FStar_ST.ml.depends
''ocamlfind ocamldep -package batteries -package zarith -package yojson -package pprint -modules lib/ml/FStar_String.ml > lib/ml/FStar_String.ml.depends
''ocamlfind ocamlc -c -g -annot -bin-annot -thread -w -8-11-21-26-28 -package batteries -package zarith -package yojson -package pprint -I src/basic/ml -I src/ocaml-output -I src/prettyprint/ml -I src/parser/ml -I src/fstar/ml -I lib/ml -o src/basic/ml/FStar_Range.cmo src/basic/ml/FStar_Range.ml
''ocamlfind ocamlc -c -g -annot -bin-annot -thread -w -8-11-21-26-28 -package batteries -package zarith -package yojson -package pprint -I lib/ml -I src/ocaml-output -I src/prettyprint/ml -I src/parser/ml -I src/fstar/ml -I src/basic/ml -o lib/ml/FStar_ST.cmo lib/ml/FStar_ST.ml
''ocamlfind ocamlc -c -g -annot -bin-annot -thread -w -8-11-21-26-28 -package batteries -package zarith -package yojson -package pprint -I lib/ml -I src/ocaml-output -I src/prettyprint/ml -I src/parser/ml -I src/fstar/ml -I src/basic/ml -o lib/ml/FStar_String.cmo lib/ml/FStar_String.ml
''ocamlfind ocamlc -c -g -annot -bin-annot -thread -w -8-11-21-26-28 -package batteries -package zarith -package yojson -package pprint -I src/ocaml-output -I src/prettyprint/ml -I src/parser/ml -I src/fstar/ml -I src/basic/ml -I lib/ml -o src/ocaml-output/FStar_Ident.cmo src/ocaml-output/FStar_Ident.ml
''ocamlfind ocamldep -package batteries -package zarith -package yojson -package pprint -modules src/ocaml-output/FStar_Errors.ml > src/ocaml-output/FStar_Errors.ml.depends
''ocamlfind ocamldep -package batteries -package zarith -package yojson -package pprint -modules src/ocaml-output/FStar_Options.ml > src/ocaml-output/FStar_Options.ml.depends
''ocamlfind ocamldep -package batteries -package zarith -package yojson -package pprint -modules src/basic/ml/FStar_Getopt.ml > src/basic/ml/FStar_Getopt.ml.depends
''ocamlfind ocamldep -package batteries -package zarith -package yojson -package pprint -modules src/basic/ml/FStar_Platform.ml > src/basic/ml/FStar_Platform.ml.depends
''ocamlfind ocamldep -package batteries -package zarith -package yojson -package pprint -modules src/ocaml-output/FStar_Version.ml > src/ocaml-output/FStar_Version.ml.depends
''ocamlfind ocamlc -c -g -annot -bin-annot -thread -w -8-11-21-26-28 -package batteries -package zarith -package yojson -package pprint -I src/basic/ml -I src/ocaml-output -I src/prettyprint/ml -I src/parser/ml -I src/fstar/ml -I lib/ml -o src/basic/ml/FStar_Getopt.cmo src/basic/ml/FStar_Getopt.ml
''ocamlfind ocamlc -c -g -annot -bin-annot -thread -w -8-11-21-26-28 -package batteries -package zarith -package yojson -package pprint -I src/basic/ml -I src/ocaml-output -I src/prettyprint/ml -I src/parser/ml -I src/fstar/ml -I lib/ml -o src/basic/ml/FStar_Platform.cmo src/basic/ml/FStar_Platform.ml
''ocamlfind ocamlc -c -g -annot -bin-annot -thread -w -8-11-21-26-28 -package batteries -package zarith -package yojson -package pprint -I src/ocaml-output -I src/prettyprint/ml -I src/parser/ml -I src/fstar/ml -I src/basic/ml -I lib/ml -o src/ocaml-output/FStar_Version.cmo src/ocaml-output/FStar_Version.ml
''ocamlfind ocamlc -c -g -annot -bin-annot -thread -w -8-11-21-26-28 -package batteries -package zarith -package yojson -package pprint -I src/ocaml-output -I src/prettyprint/ml -I src/parser/ml -I src/fstar/ml -I src/basic/ml -I lib/ml -o src/ocaml-output/FStar_Options.cmo src/ocaml-output/FStar_Options.ml
''ocamlfind ocamldep -package batteries -package zarith -package yojson -package pprint -modules src/basic/ml/FStar_Unionfind.ml > src/basic/ml/FStar_Unionfind.ml.depends
''ocamlfind ocamlc -c -g -annot -bin-annot -thread -w -8-11-21-26-28 -package batteries -package zarith -package yojson -package pprint -I src/ocaml-output -I src/prettyprint/ml -I src/parser/ml -I src/fstar/ml -I src/basic/ml -I lib/ml -o src/ocaml-output/FStar_Const.cmo src/ocaml-output/FStar_Const.ml
''ocamlfind ocamlc -c -g -annot -bin-annot -thread -w -8-11-21-26-28 -package batteries -package zarith -package yojson -package pprint -I src/ocaml-output -I src/prettyprint/ml -I src/parser/ml -I src/fstar/ml -I src/basic/ml -I lib/ml -o src/ocaml-output/FStar_Errors.cmo src/ocaml-output/FStar_Errors.ml
''ocamlfind ocamlc -c -g -annot -bin-annot -thread -w -8-11-21-26-28 -package batteries -package zarith -package yojson -package pprint -I src/basic/ml -I src/ocaml-output -I src/prettyprint/ml -I src/parser/ml -I src/fstar/ml -I lib/ml -o src/basic/ml/FStar_Unionfind.cmo src/basic/ml/FStar_Unionfind.ml
''ocamlfind ocamldep -package batteries -package zarith -package yojson -package pprint -modules src/ocaml-output/FStar_Dependencies.ml > src/ocaml-output/FStar_Dependencies.ml.depends
''ocamlfind ocamldep -package batteries -package zarith -package yojson -package pprint -modules src/ocaml-output/FStar_Parser_Dep.ml > src/ocaml-output/FStar_Parser_Dep.ml.depends
''ocamlfind ocamldep -package batteries -package zarith -package yojson -package pprint -modules src/ocaml-output/FStar_Parser_AST.ml > src/ocaml-output/FStar_Parser_AST.ml.depends
''ocamlfind ocamldep -package batteries -package zarith -package yojson -package pprint -modules src/ocaml-output/FStar_Syntax_Const.ml > src/ocaml-output/FStar_Syntax_Const.ml.depends
''ocamlfind ocamldep -package batteries -package zarith -package yojson -package pprint -modules src/ocaml-output/FStar_Syntax_Syntax.ml > src/ocaml-output/FStar_Syntax_Syntax.ml.depends
''ocamlfind ocamlc -c -g -annot -bin-annot -thread -w -8-11-21-26-28 -package batteries -package zarith -package yojson -package pprint -I src/ocaml-output -I src/prettyprint/ml -I src/parser/ml -I src/fstar/ml -I src/basic/ml -I lib/ml -o src/ocaml-output/FStar_Syntax_Syntax.cmo src/ocaml-output/FStar_Syntax_Syntax.ml
''ocamlfind ocamldep -package batteries -package zarith -package yojson -package pprint -modules src/ocaml-output/FStar_Syntax_Print.ml > src/ocaml-output/FStar_Syntax_Print.ml.depends
''ocamlfind ocamlc -c -g -annot -bin-annot -thread -w -8-11-21-26-28 -package batteries -package zarith -package yojson -package pprint -I src/ocaml-output -I src/prettyprint/ml -I src/parser/ml -I src/fstar/ml -I src/basic/ml -I lib/ml -o src/ocaml-output/FStar_Syntax_Const.cmo src/ocaml-output/FStar_Syntax_Const.ml
''ocamlfind ocamldep -package batteries -package zarith -package yojson -package pprint -modules src/ocaml-output/FStar_Syntax_Subst.ml > src/ocaml-output/FStar_Syntax_Subst.ml.depends
''ocamlfind ocamldep -package batteries -package zarith -package yojson -package pprint -modules lib/ml/FStar_Option.ml > lib/ml/FStar_Option.ml.depends
''ocamlfind ocamlc -c -g -annot -bin-annot -thread -w -8-11-21-26-28 -package batteries -package zarith -package yojson -package pprint -I lib/ml -I src/ocaml-output -I src/prettyprint/ml -I src/parser/ml -I src/fstar/ml -I src/basic/ml -o lib/ml/FStar_Option.cmo lib/ml/FStar_Option.ml
''ocamlfind ocamldep -package batteries -package zarith -package yojson -package pprint -modules src/ocaml-output/FStar_Syntax_Util.ml > src/ocaml-output/FStar_Syntax_Util.ml.depends
''ocamlfind ocamldep -package batteries -package zarith -package yojson -package pprint -modules src/ocaml-output/FStar_Syntax_InstFV.ml > src/ocaml-output/FStar_Syntax_InstFV.ml.depends
''ocamlfind ocamlc -c -g -annot -bin-annot -thread -w -8-11-21-26-28 -package batteries -package zarith -package yojson -package pprint -I src/ocaml-output -I src/prettyprint/ml -I src/parser/ml -I src/fstar/ml -I src/basic/ml -I lib/ml -o src/ocaml-output/FStar_Syntax_Subst.cmo src/ocaml-output/FStar_Syntax_Subst.ml
''ocamlfind ocamlc -c -g -annot -bin-annot -thread -w -8-11-21-26-28 -package batteries -package zarith -package yojson -package pprint -I src/ocaml-output -I src/prettyprint/ml -I src/parser/ml -I src/fstar/ml -I src/basic/ml -I lib/ml -o src/ocaml-output/FStar_Syntax_InstFV.cmo src/ocaml-output/FStar_Syntax_InstFV.ml
''ocamlfind ocamlc -c -g -annot -bin-annot -thread -w -8-11-21-26-28 -package batteries -package zarith -package yojson -package pprint -I src/ocaml-output -I src/prettyprint/ml -I src/parser/ml -I src/fstar/ml -I src/basic/ml -I lib/ml -o src/ocaml-output/FStar_Syntax_Util.cmo src/ocaml-output/FStar_Syntax_Util.ml
''ocamlfind ocamlc -c -g -annot -bin-annot -thread -w -8-11-21-26-28 -package batteries -package zarith -package yojson -package pprint -I src/ocaml-output -I src/prettyprint/ml -I src/parser/ml -I src/fstar/ml -I src/basic/ml -I lib/ml -o src/ocaml-output/FStar_Syntax_Print.cmo src/ocaml-output/FStar_Syntax_Print.ml
''ocamlfind ocamldep -package batteries -package zarith -package yojson -package pprint -modules src/ocaml-output/FStar_Parser_Driver.ml > src/ocaml-output/FStar_Parser_Driver.ml.depends
''ocamlfind ocamlc -c -g -annot -bin-annot -thread -w -8-11-21-26-28 -package batteries -package zarith -package yojson -package pprint -I src/ocaml-output -I src/prettyprint/ml -I src/parser/ml -I src/fstar/ml -I src/basic/ml -I lib/ml -o src/ocaml-output/FStar_Parser_AST.cmo src/ocaml-output/FStar_Parser_AST.ml
mkdir src/parser
mkdir src/parser/ml
''ocamlfind ocamldep -package batteries -package zarith -package yojson -package pprint -modules src/parser/ml/FStar_Parser_ParseIt.ml > src/parser/ml/FStar_Parser_ParseIt.ml.depends
''ocamllex.opt -q src/parser/ml/FStar_Parser_LexFStar.mll
''ocamlfind ocamldep -package batteries -package zarith -package yojson -package pprint -modules src/parser/ml/FStar_Parser_LexFStar.ml > src/parser/ml/FStar_Parser_LexFStar.ml.depends
''ocamlfind ocamldep -package batteries -package zarith -package yojson -package pprint -modules src/ocaml-output/FStar_Parser_Parse.ml > src/ocaml-output/FStar_Parser_Parse.ml.depends
''ocamlfind ocamldep -package batteries -package zarith -package yojson -package pprint -modules src/ocaml-output/FStar_Absyn_Const.ml > src/ocaml-output/FStar_Absyn_Const.ml.depends
''ocamlfind ocamlc -c -g -annot -bin-annot -thread -w -8-11-21-26-28 -package batteries -package zarith -package yojson -package pprint -I src/ocaml-output -I src/prettyprint/ml -I src/parser/ml -I src/fstar/ml -I src/basic/ml -I lib/ml -o src/ocaml-output/FStar_Absyn_Syntax.cmo src/ocaml-output/FStar_Absyn_Syntax.ml
''ocamlfind ocamldep -package batteries -package zarith -package yojson -package pprint -modules src/ocaml-output/FStar_Absyn_Util.ml > src/ocaml-output/FStar_Absyn_Util.ml.depends
''ocamlfind ocamlc -c -g -annot -bin-annot -thread -w -8-11-21-26-28 -package batteries -package zarith -package yojson -package pprint -I src/ocaml-output -I src/prettyprint/ml -I src/parser/ml -I src/fstar/ml -I src/basic/ml -I lib/ml -o src/ocaml-output/FStar_Absyn_Const.cmo src/ocaml-output/FStar_Absyn_Const.ml
''ocamlfind ocamldep -package batteries -package zarith -package yojson -package pprint -modules src/ocaml-output/FStar_Absyn_Visit.ml > src/ocaml-output/FStar_Absyn_Visit.ml.depends
''ocamlfind ocamlc -c -g -annot -bin-annot -thread -w -8-11-21-26-28 -package batteries -package zarith -package yojson -package pprint -I src/ocaml-output -I src/prettyprint/ml -I src/parser/ml -I src/fstar/ml -I src/basic/ml -I lib/ml -o src/ocaml-output/FStar_Absyn_Visit.cmo src/ocaml-output/FStar_Absyn_Visit.ml
''ocamlfind ocamldep -package batteries -package zarith -package yojson -package pprint -modules src/parser/ml/FStar_Parser_Util.ml > src/parser/ml/FStar_Parser_Util.ml.depends
''ocamlfind ocamlc -c -g -annot -bin-annot -thread -w -8-11-21-26-28 -package batteries -package zarith -package yojson -package pprint -I src/ocaml-output -I src/prettyprint/ml -I src/parser/ml -I src/fstar/ml -I src/basic/ml -I lib/ml -o src/ocaml-output/FStar_Absyn_Util.cmo src/ocaml-output/FStar_Absyn_Util.ml
''ocamlfind ocamlc -c -g -annot -bin-annot -thread -w -8-11-21-26-28 -package batteries -package zarith -package yojson -package pprint -I src/parser/ml -I src/ocaml-output -I src/prettyprint/ml -I src/fstar/ml -I src/basic/ml -I lib/ml -o src/parser/ml/FStar_Parser_Util.cmo src/parser/ml/FStar_Parser_Util.ml
''ocamlfind ocamlc -c -g -annot -bin-annot -thread -w -8-11-21-26-28 -package batteries -package zarith -package yojson -package pprint -I src/ocaml-output -I src/prettyprint/ml -I src/parser/ml -I src/fstar/ml -I src/basic/ml -I lib/ml -o src/ocaml-output/FStar_Parser_Parse.cmo src/ocaml-output/FStar_Parser_Parse.ml
''ocamlfind ocamlc -c -g -annot -bin-annot -thread -w -8-11-21-26-28 -package batteries -package zarith -package yojson -package pprint -I src/parser/ml -I src/ocaml-output -I src/prettyprint/ml -I src/fstar/ml -I src/basic/ml -I lib/ml -o src/parser/ml/FStar_Parser_LexFStar.cmo src/parser/ml/FStar_Parser_LexFStar.ml
''ocamlfind ocamlc -c -g -annot -bin-annot -thread -w -8-11-21-26-28 -package batteries -package zarith -package yojson -package pprint -I src/parser/ml -I src/ocaml-output -I src/prettyprint/ml -I src/fstar/ml -I src/basic/ml -I lib/ml -o src/parser/ml/FStar_Parser_ParseIt.cmo src/parser/ml/FStar_Parser_ParseIt.ml
''ocamlfind ocamlc -c -g -annot -bin-annot -thread -w -8-11-21-26-28 -package batteries -package zarith -package yojson -package pprint -I src/ocaml-output -I src/prettyprint/ml -I src/parser/ml -I src/fstar/ml -I src/basic/ml -I lib/ml -o src/ocaml-output/FStar_Parser_Driver.cmo src/ocaml-output/FStar_Parser_Driver.ml
''ocamlfind ocamlc -c -g -annot -bin-annot -thread -w -8-11-21-26-28 -package batteries -package zarith -package yojson -package pprint -I src/ocaml-output -I src/prettyprint/ml -I src/parser/ml -I src/fstar/ml -I src/basic/ml -I lib/ml -o src/ocaml-output/FStar_Parser_Dep.cmo src/ocaml-output/FStar_Parser_Dep.ml
''ocamlfind ocamldep -package batteries -package zarith -package yojson -package pprint -modules src/ocaml-output/FStar_Extraction_Kremlin.ml > src/ocaml-output/FStar_Extraction_Kremlin.ml.depends
''ocamlfind ocamldep -package batteries -package zarith -package yojson -package pprint -modules src/ocaml-output/FStar_Extraction_ML_Code.ml > src/ocaml-output/FStar_Extraction_ML_Code.ml.depends
''ocamlfind ocamldep -package batteries -package zarith -package yojson -package pprint -modules src/basic/ml/FStar_Bytes.ml > src/basic/ml/FStar_Bytes.ml.depends
''ocamlfind ocamldep -package batteries -package zarith -package yojson -package pprint -modules src/ocaml-output/FStar_Extraction_ML_Syntax.ml > src/ocaml-output/FStar_Extraction_ML_Syntax.ml.depends
''ocamlfind ocamldep -package batteries -package zarith -package yojson -package pprint -modules src/ocaml-output/FStar_Extraction_ML_Util.ml > src/ocaml-output/FStar_Extraction_ML_Util.ml.depends
''ocamlfind ocamlc -c -g -annot -bin-annot -thread -w -8-11-21-26-28 -package batteries -package zarith -package yojson -package pprint -I src/ocaml-output -I src/prettyprint/ml -I src/parser/ml -I src/fstar/ml -I src/basic/ml -I lib/ml -o src/ocaml-output/FStar_Extraction_ML_Syntax.cmo src/ocaml-output/FStar_Extraction_ML_Syntax.ml
''ocamlfind ocamldep -package batteries -package zarith -package yojson -package pprint -modules src/ocaml-output/FStar_Extraction_ML_UEnv.ml > src/ocaml-output/FStar_Extraction_ML_UEnv.ml.depends
''ocamlfind ocamldep -package batteries -package zarith -package yojson -package pprint -modules src/ocaml-output/FStar_TypeChecker_Env.ml > src/ocaml-output/FStar_TypeChecker_Env.ml.depends
''ocamlfind ocamldep -package batteries -package zarith -package yojson -package pprint -modules src/ocaml-output/FStar_Syntax_Free.ml > src/ocaml-output/FStar_Syntax_Free.ml.depends
''ocamlfind ocamldep -package batteries -package zarith -package yojson -package pprint -modules src/ocaml-output/FStar_TypeChecker_Common.ml > src/ocaml-output/FStar_TypeChecker_Common.ml.depends
''ocamlfind ocamlc -c -g -annot -bin-annot -thread -w -8-11-21-26-28 -package batteries -package zarith -package yojson -package pprint -I src/ocaml-output -I src/prettyprint/ml -I src/parser/ml -I src/fstar/ml -I src/basic/ml -I lib/ml -o src/ocaml-output/FStar_Syntax_Free.cmo src/ocaml-output/FStar_Syntax_Free.ml
''ocamlfind ocamlc -c -g -annot -bin-annot -thread -w -8-11-21-26-28 -package batteries -package zarith -package yojson -package pprint -I src/ocaml-output -I src/prettyprint/ml -I src/parser/ml -I src/fstar/ml -I src/basic/ml -I lib/ml -o src/ocaml-output/FStar_TypeChecker_Common.cmo src/ocaml-output/FStar_TypeChecker_Common.ml
''ocamlfind ocamlc -c -g -annot -bin-annot -thread -w -8-11-21-26-28 -package batteries -package zarith -package yojson -package pprint -I src/ocaml-output -I src/prettyprint/ml -I src/parser/ml -I src/fstar/ml -I src/basic/ml -I lib/ml -o src/ocaml-output/FStar_TypeChecker_Env.cmo src/ocaml-output/FStar_TypeChecker_Env.ml
''ocamlfind ocamlc -c -g -annot -bin-annot -thread -w -8-11-21-26-28 -package batteries -package zarith -package yojson -package pprint -I src/ocaml-output -I src/prettyprint/ml -I src/parser/ml -I src/fstar/ml -I src/basic/ml -I lib/ml -o src/ocaml-output/FStar_Extraction_ML_UEnv.cmo src/ocaml-output/FStar_Extraction_ML_UEnv.ml
''ocamlfind ocamldep -package batteries -package zarith -package yojson -package pprint -modules src/ocaml-output/FStar_Format.ml > src/ocaml-output/FStar_Format.ml.depends
''ocamlfind ocamlc -c -g -annot -bin-annot -thread -w -8-11-21-26-28 -package batteries -package zarith -package yojson -package pprint -I src/basic/ml -I src/ocaml-output -I src/prettyprint/ml -I src/parser/ml -I src/fstar/ml -I lib/ml -o src/basic/ml/FStar_Bytes.cmo src/basic/ml/FStar_Bytes.ml
''ocamlfind ocamlc -c -g -annot -bin-annot -thread -w -8-11-21-26-28 -package batteries -package zarith -package yojson -package pprint -I src/ocaml-output -I src/prettyprint/ml -I src/parser/ml -I src/fstar/ml -I src/basic/ml -I lib/ml -o src/ocaml-output/FStar_Extraction_ML_Util.cmo src/ocaml-output/FStar_Extraction_ML_Util.ml
''ocamlfind ocamlc -c -g -annot -bin-annot -thread -w -8-11-21-26-28 -package batteries -package zarith -package yojson -package pprint -I src/ocaml-output -I src/prettyprint/ml -I src/parser/ml -I src/fstar/ml -I src/basic/ml -I lib/ml -o src/ocaml-output/FStar_Format.cmo src/ocaml-output/FStar_Format.ml
''ocamlfind ocamlc -c -g -annot -bin-annot -thread -w -8-11-21-26-28 -package batteries -package zarith -package yojson -package pprint -I src/ocaml-output -I src/prettyprint/ml -I src/parser/ml -I src/fstar/ml -I src/basic/ml -I lib/ml -o src/ocaml-output/FStar_Extraction_ML_Code.cmo src/ocaml-output/FStar_Extraction_ML_Code.ml
''ocamlfind ocamldep -package batteries -package zarith -package yojson -package pprint -modules src/ocaml-output/FStar_Extraction_ML_Modul.ml > src/ocaml-output/FStar_Extraction_ML_Modul.ml.depends
''ocamlfind ocamldep -package batteries -package zarith -package yojson -package pprint -modules src/ocaml-output/FStar_Extraction_ML_Term.ml > src/ocaml-output/FStar_Extraction_ML_Term.ml.depends
''ocamlfind ocamldep -package batteries -package zarith -package yojson -package pprint -modules src/ocaml-output/FStar_TypeChecker_Normalize.ml > src/ocaml-output/FStar_TypeChecker_Normalize.ml.depends
''ocamlfind ocamldep -package batteries -package zarith -package yojson -package pprint -modules src/ocaml-output/FStar_TypeChecker_TcTerm.ml > src/ocaml-output/FStar_TypeChecker_TcTerm.ml.depends
''ocamlfind ocamldep -package batteries -package zarith -package yojson -package pprint -modules src/ocaml-output/FStar_TypeChecker_Err.ml > src/ocaml-output/FStar_TypeChecker_Err.ml.depends
''ocamlfind ocamlc -c -g -annot -bin-annot -thread -w -8-11-21-26-28 -package batteries -package zarith -package yojson -package pprint -I src/ocaml-output -I src/prettyprint/ml -I src/parser/ml -I src/fstar/ml -I src/basic/ml -I lib/ml -o src/ocaml-output/FStar_TypeChecker_Normalize.cmo src/ocaml-output/FStar_TypeChecker_Normalize.ml
''ocamlfind ocamldep -package batteries -package zarith -package yojson -package pprint -modules src/ocaml-output/FStar_TypeChecker_Rel.ml > src/ocaml-output/FStar_TypeChecker_Rel.ml.depends
''ocamlfind ocamlc -c -g -annot -bin-annot -thread -w -8-11-21-26-28 -package batteries -package zarith -package yojson -package pprint -I src/ocaml-output -I src/prettyprint/ml -I src/parser/ml -I src/fstar/ml -I src/basic/ml -I lib/ml -o src/ocaml-output/FStar_TypeChecker_Err.cmo src/ocaml-output/FStar_TypeChecker_Err.ml
''ocamlfind ocamldep -package batteries -package zarith -package yojson -package pprint -modules src/ocaml-output/FStar_TypeChecker_Util.ml > src/ocaml-output/FStar_TypeChecker_Util.ml.depends
''ocamlfind ocamlc -c -g -annot -bin-annot -thread -w -8-11-21-26-28 -package batteries -package zarith -package yojson -package pprint -I src/ocaml-output -I src/prettyprint/ml -I src/parser/ml -I src/fstar/ml -I src/basic/ml -I lib/ml -o src/ocaml-output/FStar_TypeChecker_Rel.cmo src/ocaml-output/FStar_TypeChecker_Rel.ml
''ocamlfind ocamlc -c -g -annot -bin-annot -thread -w -8-11-21-26-28 -package batteries -package zarith -package yojson -package pprint -I src/ocaml-output -I src/prettyprint/ml -I src/parser/ml -I src/fstar/ml -I src/basic/ml -I lib/ml -o src/ocaml-output/FStar_TypeChecker_Util.cmo src/ocaml-output/FStar_TypeChecker_Util.ml
''ocamlfind ocamlc -c -g -annot -bin-annot -thread -w -8-11-21-26-28 -package batteries -package zarith -package yojson -package pprint -I src/ocaml-output -I src/prettyprint/ml -I src/parser/ml -I src/fstar/ml -I src/basic/ml -I lib/ml -o src/ocaml-output/FStar_TypeChecker_TcTerm.cmo src/ocaml-output/FStar_TypeChecker_TcTerm.ml
''ocamlfind ocamlc -c -g -annot -bin-annot -thread -w -8-11-21-26-28 -package batteries -package zarith -package yojson -package pprint -I src/ocaml-output -I src/prettyprint/ml -I src/parser/ml -I src/fstar/ml -I src/basic/ml -I lib/ml -o src/ocaml-output/FStar_Extraction_ML_Term.cmo src/ocaml-output/FStar_Extraction_ML_Term.ml
''ocamlfind ocamldep -package batteries -package zarith -package yojson -package pprint -modules src/ocaml-output/FStar_Fsdoc_Generator.ml > src/ocaml-output/FStar_Fsdoc_Generator.ml.depends
''ocamlfind ocamldep -package batteries -package zarith -package yojson -package pprint -modules src/ocaml-output/FStar_Indent.ml > src/ocaml-output/FStar_Indent.ml.depends
''ocamlfind ocamldep -package batteries -package zarith -package yojson -package pprint -modules src/ocaml-output/FStar_Parser_ToDocument.ml > src/ocaml-output/FStar_Parser_ToDocument.ml.depends
mkdir src/prettyprint
mkdir src/prettyprint/ml
''ocamlfind ocamldep -package batteries -package zarith -package yojson -package pprint -modules src/prettyprint/ml/FStar_Pprint.ml > src/prettyprint/ml/FStar_Pprint.ml.depends
''ocamlfind ocamlc -c -g -annot -bin-annot -thread -w -8-11-21-26-28 -package batteries -package zarith -package yojson -package pprint -I src/prettyprint/ml -I src/ocaml-output -I src/parser/ml -I src/fstar/ml -I src/basic/ml -I lib/ml -o src/prettyprint/ml/FStar_Pprint.cmo src/prettyprint/ml/FStar_Pprint.ml
''ocamlfind ocamlc -c -g -annot -bin-annot -thread -w -8-11-21-26-28 -package batteries -package zarith -package yojson -package pprint -I src/ocaml-output -I src/prettyprint/ml -I src/parser/ml -I src/fstar/ml -I src/basic/ml -I lib/ml -o src/ocaml-output/FStar_Parser_ToDocument.cmo src/ocaml-output/FStar_Parser_ToDocument.ml
''ocamlfind ocamldep -package batteries -package zarith -package yojson -package pprint -modules src/ocaml-output/FStar_Interactive.ml > src/ocaml-output/FStar_Interactive.ml.depends
''ocamlfind ocamlc -c -g -annot -bin-annot -thread -w -8-11-21-26-28 -package batteries -package zarith -package yojson -package pprint -I src/ocaml-output -I src/prettyprint/ml -I src/parser/ml -I src/fstar/ml -I src/basic/ml -I lib/ml -o src/ocaml-output/FStar_Dependencies.cmo src/ocaml-output/FStar_Dependencies.ml
''ocamlfind ocamldep -package batteries -package zarith -package yojson -package pprint -modules src/ocaml-output/FStar_SMTEncoding_Solver.ml > src/ocaml-output/FStar_SMTEncoding_Solver.ml.depends
''ocamlfind ocamldep -package batteries -package zarith -package yojson -package pprint -modules src/ocaml-output/FStar_SMTEncoding_Encode.ml > src/ocaml-output/FStar_SMTEncoding_Encode.ml.depends
''ocamlfind ocamldep -package batteries -package zarith -package yojson -package pprint -modules src/ocaml-output/FStar_SMTEncoding_ErrorReporting.ml > src/ocaml-output/FStar_SMTEncoding_ErrorReporting.ml.depends
''ocamlfind ocamldep -package batteries -package zarith -package yojson -package pprint -modules src/ocaml-output/FStar_SMTEncoding_Term.ml > src/ocaml-output/FStar_SMTEncoding_Term.ml.depends
''ocamlfind ocamldep -package batteries -package zarith -package yojson -package pprint -modules src/ocaml-output/FStar_SMTEncoding_Util.ml > src/ocaml-output/FStar_SMTEncoding_Util.ml.depends
''ocamlfind ocamlc -c -g -annot -bin-annot -thread -w -8-11-21-26-28 -package batteries -package zarith -package yojson -package pprint -I src/ocaml-output -I src/prettyprint/ml -I src/parser/ml -I src/fstar/ml -I src/basic/ml -I lib/ml -o src/ocaml-output/FStar_SMTEncoding_Term.cmo src/ocaml-output/FStar_SMTEncoding_Term.ml
''ocamlfind ocamldep -package batteries -package zarith -package yojson -package pprint -modules src/ocaml-output/FStar_SMTEncoding_Z3.ml > src/ocaml-output/FStar_SMTEncoding_Z3.ml.depends
''ocamlfind ocamlc -c -g -annot -bin-annot -thread -w -8-11-21-26-28 -package batteries -package zarith -package yojson -package pprint -I src/ocaml-output -I src/prettyprint/ml -I src/parser/ml -I src/fstar/ml -I src/basic/ml -I lib/ml -o src/ocaml-output/FStar_SMTEncoding_Util.cmo src/ocaml-output/FStar_SMTEncoding_Util.ml
''ocamlfind ocamlc -c -g -annot -bin-annot -thread -w -8-11-21-26-28 -package batteries -package zarith -package yojson -package pprint -I src/ocaml-output -I src/prettyprint/ml -I src/parser/ml -I src/fstar/ml -I src/basic/ml -I lib/ml -o src/ocaml-output/FStar_SMTEncoding_Z3.cmo src/ocaml-output/FStar_SMTEncoding_Z3.ml
''ocamlfind ocamlc -c -g -annot -bin-annot -thread -w -8-11-21-26-28 -package batteries -package zarith -package yojson -package pprint -I src/ocaml-output -I src/prettyprint/ml -I src/parser/ml -I src/fstar/ml -I src/basic/ml -I lib/ml -o src/ocaml-output/FStar_SMTEncoding_ErrorReporting.cmo src/ocaml-output/FStar_SMTEncoding_ErrorReporting.ml
''ocamlfind ocamldep -package batteries -package zarith -package yojson -package pprint -modules src/ocaml-output/FStar_SMTEncoding_SplitQueryCases.ml > src/ocaml-output/FStar_SMTEncoding_SplitQueryCases.ml.depends
''ocamlfind ocamlc -c -g -annot -bin-annot -thread -w -8-11-21-26-28 -package batteries -package zarith -package yojson -package pprint -I src/ocaml-output -I src/prettyprint/ml -I src/parser/ml -I src/fstar/ml -I src/basic/ml -I lib/ml -o src/ocaml-output/FStar_SMTEncoding_Encode.cmo src/ocaml-output/FStar_SMTEncoding_Encode.ml
''ocamlfind ocamlc -c -g -annot -bin-annot -thread -w -8-11-21-26-28 -package batteries -package zarith -package yojson -package pprint -I src/ocaml-output -I src/prettyprint/ml -I src/parser/ml -I src/fstar/ml -I src/basic/ml -I lib/ml -o src/ocaml-output/FStar_SMTEncoding_SplitQueryCases.cmo src/ocaml-output/FStar_SMTEncoding_SplitQueryCases.ml
''ocamlfind ocamlc -c -g -annot -bin-annot -thread -w -8-11-21-26-28 -package batteries -package zarith -package yojson -package pprint -I src/ocaml-output -I src/prettyprint/ml -I src/parser/ml -I src/fstar/ml -I src/basic/ml -I lib/ml -o src/ocaml-output/FStar_SMTEncoding_Solver.cmo src/ocaml-output/FStar_SMTEncoding_Solver.ml
''ocamlfind ocamldep -package batteries -package zarith -package yojson -package pprint -modules src/ocaml-output/FStar_Stratified.ml > src/ocaml-output/FStar_Stratified.ml.depends
''ocamlfind ocamlc -c -g -annot -bin-annot -thread -w -8-11-21-26-28 -package batteries -package zarith -package yojson -package pprint -I src/ocaml-output -I src/prettyprint/ml -I src/parser/ml -I src/fstar/ml -I src/basic/ml -I lib/ml -o src/ocaml-output/FStar_Interactive.cmo src/ocaml-output/FStar_Interactive.ml
''ocamlfind ocamldep -package batteries -package zarith -package yojson -package pprint -modules src/ocaml-output/FStar_Parser_Desugar.ml > src/ocaml-output/FStar_Parser_Desugar.ml.depends
''ocamlfind ocamldep -package batteries -package zarith -package yojson -package pprint -modules src/ocaml-output/FStar_Absyn_Print.ml > src/ocaml-output/FStar_Absyn_Print.ml.depends
''ocamlfind ocamldep -package batteries -package zarith -package yojson -package pprint -modules src/ocaml-output/FStar_Parser_DesugarEnv.ml > src/ocaml-output/FStar_Parser_DesugarEnv.ml.depends
''ocamlfind ocamlc -c -g -annot -bin-annot -thread -w -8-11-21-26-28 -package batteries -package zarith -package yojson -package pprint -I src/ocaml-output -I src/prettyprint/ml -I src/parser/ml -I src/fstar/ml -I src/basic/ml -I lib/ml -o src/ocaml-output/FStar_Absyn_Print.cmo src/ocaml-output/FStar_Absyn_Print.ml
''ocamlfind ocamlc -c -g -annot -bin-annot -thread -w -8-11-21-26-28 -package batteries -package zarith -package yojson -package pprint -I src/ocaml-output -I src/prettyprint/ml -I src/parser/ml -I src/fstar/ml -I src/basic/ml -I lib/ml -o src/ocaml-output/FStar_Parser_DesugarEnv.cmo src/ocaml-output/FStar_Parser_DesugarEnv.ml
''ocamlfind ocamldep -package batteries -package zarith -package yojson -package pprint -modules src/ocaml-output/FStar_Tc_Env.ml > src/ocaml-output/FStar_Tc_Env.ml.depends
''ocamlfind ocamldep -package batteries -package zarith -package yojson -package pprint -modules src/ocaml-output/FStar_Tc_Tc.ml > src/ocaml-output/FStar_Tc_Tc.ml.depends
''ocamlfind ocamlc -c -g -annot -bin-annot -thread -w -8-11-21-26-28 -package batteries -package zarith -package yojson -package pprint -I src/ocaml-output -I src/prettyprint/ml -I src/parser/ml -I src/fstar/ml -I src/basic/ml -I lib/ml -o src/ocaml-output/FStar_Tc_Env.cmo src/ocaml-output/FStar_Tc_Env.ml
''ocamlfind ocamldep -package batteries -package zarith -package yojson -package pprint -modules src/ocaml-output/FStar_Tc_Errors.ml > src/ocaml-output/FStar_Tc_Errors.ml.depends
''ocamlfind ocamldep -package batteries -package zarith -package yojson -package pprint -modules src/ocaml-output/FStar_Tc_Normalize.ml > src/ocaml-output/FStar_Tc_Normalize.ml.depends
''ocamlfind ocamldep -package batteries -package zarith -package yojson -package pprint -modules src/ocaml-output/FStar_Tc_Recheck.ml > src/ocaml-output/FStar_Tc_Recheck.ml.depends
''ocamlfind ocamlc -c -g -annot -bin-annot -thread -w -8-11-21-26-28 -package batteries -package zarith -package yojson -package pprint -I src/ocaml-output -I src/prettyprint/ml -I src/parser/ml -I src/fstar/ml -I src/basic/ml -I lib/ml -o src/ocaml-output/FStar_Tc_Recheck.cmo src/ocaml-output/FStar_Tc_Recheck.ml
''ocamlfind ocamlc -c -g -annot -bin-annot -thread -w -8-11-21-26-28 -package batteries -package zarith -package yojson -package pprint -I src/ocaml-output -I src/prettyprint/ml -I src/parser/ml -I src/fstar/ml -I src/basic/ml -I lib/ml -o src/ocaml-output/FStar_Tc_Normalize.cmo src/ocaml-output/FStar_Tc_Normalize.ml
''ocamlfind ocamldep -package batteries -package zarith -package yojson -package pprint -modules src/ocaml-output/FStar_Tc_Rel.ml > src/ocaml-output/FStar_Tc_Rel.ml.depends
''ocamlfind ocamlc -c -g -annot -bin-annot -thread -w -8-11-21-26-28 -package batteries -package zarith -package yojson -package pprint -I src/ocaml-output -I src/prettyprint/ml -I src/parser/ml -I src/fstar/ml -I src/basic/ml -I lib/ml -o src/ocaml-output/FStar_Tc_Errors.cmo src/ocaml-output/FStar_Tc_Errors.ml
''ocamlfind ocamldep -package batteries -package zarith -package yojson -package pprint -modules src/ocaml-output/FStar_Tc_Util.ml > src/ocaml-output/FStar_Tc_Util.ml.depends
''ocamlfind ocamlc -c -g -annot -bin-annot -thread -w -8-11-21-26-28 -package batteries -package zarith -package yojson -package pprint -I src/ocaml-output -I src/prettyprint/ml -I src/parser/ml -I src/fstar/ml -I src/basic/ml -I lib/ml -o src/ocaml-output/FStar_Tc_Rel.cmo src/ocaml-output/FStar_Tc_Rel.ml
''ocamlfind ocamlc -c -g -annot -bin-annot -thread -w -8-11-21-26-28 -package batteries -package zarith -package yojson -package pprint -I src/ocaml-output -I src/prettyprint/ml -I src/parser/ml -I src/fstar/ml -I src/basic/ml -I lib/ml -o src/ocaml-output/FStar_Tc_Util.cmo src/ocaml-output/FStar_Tc_Util.ml
''ocamlfind ocamldep -package batteries -package zarith -package yojson -package pprint -modules src/ocaml-output/FStar_ToSMT_Encode.ml > src/ocaml-output/FStar_ToSMT_Encode.ml.depends
''ocamlfind ocamldep -package batteries -package zarith -package yojson -package pprint -modules src/ocaml-output/FStar_ToSMT_SplitQueryCases.ml > src/ocaml-output/FStar_ToSMT_SplitQueryCases.ml.depends
''ocamlfind ocamldep -package batteries -package zarith -package yojson -package pprint -modules src/ocaml-output/FStar_ToSMT_Term.ml > src/ocaml-output/FStar_ToSMT_Term.ml.depends
''ocamlfind ocamlc -c -g -annot -bin-annot -thread -w -8-11-21-26-28 -package batteries -package zarith -package yojson -package pprint -I src/ocaml-output -I src/prettyprint/ml -I src/parser/ml -I src/fstar/ml -I src/basic/ml -I lib/ml -o src/ocaml-output/FStar_ToSMT_Term.cmo src/ocaml-output/FStar_ToSMT_Term.ml
''ocamlfind ocamldep -package batteries -package zarith -package yojson -package pprint -modules src/ocaml-output/FStar_ToSMT_Z3.ml > src/ocaml-output/FStar_ToSMT_Z3.ml.depends
''ocamlfind ocamlc -c -g -annot -bin-annot -thread -w -8-11-21-26-28 -package batteries -package zarith -package yojson -package pprint -I src/ocaml-output -I src/prettyprint/ml -I src/parser/ml -I src/fstar/ml -I src/basic/ml -I lib/ml -o src/ocaml-output/FStar_ToSMT_SplitQueryCases.cmo src/ocaml-output/FStar_ToSMT_SplitQueryCases.ml
''ocamlfind ocamlc -c -g -annot -bin-annot -thread -w -8-11-21-26-28 -package batteries -package zarith -package yojson -package pprint -I src/ocaml-output -I src/prettyprint/ml -I src/parser/ml -I src/fstar/ml -I src/basic/ml -I lib/ml -o src/ocaml-output/FStar_ToSMT_Z3.cmo src/ocaml-output/FStar_ToSMT_Z3.ml
''ocamlfind ocamlc -c -g -annot -bin-annot -thread -w -8-11-21-26-28 -package batteries -package zarith -package yojson -package pprint -I src/ocaml-output -I src/prettyprint/ml -I src/parser/ml -I src/fstar/ml -I src/basic/ml -I lib/ml -o src/ocaml-output/FStar_Parser_Desugar.cmo src/ocaml-output/FStar_Parser_Desugar.ml
''ocamlfind ocamlc -c -g -annot -bin-annot -thread -w -8-11-21-26-28 -package batteries -package zarith -package yojson -package pprint -I src/ocaml-output -I src/prettyprint/ml -I src/parser/ml -I src/fstar/ml -I src/basic/ml -I lib/ml -o src/ocaml-output/FStar_Tc_Tc.cmo src/ocaml-output/FStar_Tc_Tc.ml
''ocamlfind ocamlc -c -g -annot -bin-annot -thread -w -8-11-21-26-28 -package batteries -package zarith -package yojson -package pprint -I src/ocaml-output -I src/prettyprint/ml -I src/parser/ml -I src/fstar/ml -I src/basic/ml -I lib/ml -o src/ocaml-output/FStar_ToSMT_Encode.cmo src/ocaml-output/FStar_ToSMT_Encode.ml
''ocamlfind ocamldep -package batteries -package zarith -package yojson -package pprint -modules src/ocaml-output/FStar_StratifiedExtraction_ML_Env.ml > src/ocaml-output/FStar_StratifiedExtraction_ML_Env.ml.depends
''ocamlfind ocamldep -package batteries -package zarith -package yojson -package pprint -modules src/ocaml-output/FStar_StratifiedExtraction_ML_ExtractMod.ml > src/ocaml-output/FStar_StratifiedExtraction_ML_ExtractMod.ml.depends
''ocamlfind ocamlc -c -g -annot -bin-annot -thread -w -8-11-21-26-28 -package batteries -package zarith -package yojson -package pprint -I src/ocaml-output -I src/prettyprint/ml -I src/parser/ml -I src/fstar/ml -I src/basic/ml -I lib/ml -o src/ocaml-output/FStar_StratifiedExtraction_ML_Env.cmo src/ocaml-output/FStar_StratifiedExtraction_ML_Env.ml
''ocamlfind ocamldep -package batteries -package zarith -package yojson -package pprint -modules src/ocaml-output/FStar_StratifiedExtraction_ML_ExtractExp.ml > src/ocaml-output/FStar_StratifiedExtraction_ML_ExtractExp.ml.depends
''ocamlfind ocamldep -package batteries -package zarith -package yojson -package pprint -modules src/ocaml-output/FStar_StratifiedExtraction_ML_ExtractTyp.ml > src/ocaml-output/FStar_StratifiedExtraction_ML_ExtractTyp.ml.depends
''ocamlfind ocamldep -package batteries -package zarith -package yojson -package pprint -modules src/ocaml-output/FStar_StratifiedExtraction_ML_Util.ml > src/ocaml-output/FStar_StratifiedExtraction_ML_Util.ml.depends
''ocamlfind ocamlc -c -g -annot -bin-annot -thread -w -8-11-21-26-28 -package batteries -package zarith -package yojson -package pprint -I src/ocaml-output -I src/prettyprint/ml -I src/parser/ml -I src/fstar/ml -I src/basic/ml -I lib/ml -o src/ocaml-output/FStar_StratifiedExtraction_ML_Util.cmo src/ocaml-output/FStar_StratifiedExtraction_ML_Util.ml
''ocamlfind ocamlc -c -g -annot -bin-annot -thread -w -8-11-21-26-28 -package batteries -package zarith -package yojson -package pprint -I src/ocaml-output -I src/prettyprint/ml -I src/parser/ml -I src/fstar/ml -I src/basic/ml -I lib/ml -o src/ocaml-output/FStar_StratifiedExtraction_ML_ExtractTyp.cmo src/ocaml-output/FStar_StratifiedExtraction_ML_ExtractTyp.ml
''ocamlfind ocamlc -c -g -annot -bin-annot -thread -w -8-11-21-26-28 -package batteries -package zarith -package yojson -package pprint -I src/ocaml-output -I src/prettyprint/ml -I src/parser/ml -I src/fstar/ml -I src/basic/ml -I lib/ml -o src/ocaml-output/FStar_StratifiedExtraction_ML_ExtractExp.cmo src/ocaml-output/FStar_StratifiedExtraction_ML_ExtractExp.ml
''ocamlfind ocamldep -package batteries -package zarith -package yojson -package pprint -modules src/ocaml-output/FStar_Universal.ml > src/ocaml-output/FStar_Universal.ml.depends
''ocamlfind ocamldep -package batteries -package zarith -package yojson -package pprint -modules src/ocaml-output/FStar_Parser_Interleave.ml > src/ocaml-output/FStar_Parser_Interleave.ml.depends
''ocamlfind ocamldep -package batteries -package zarith -package yojson -package pprint -modules src/ocaml-output/FStar_ToSyntax_Env.ml > src/ocaml-output/FStar_ToSyntax_Env.ml.depends
''ocamlfind ocamldep -package batteries -package zarith -package yojson -package pprint -modules src/ocaml-output/FStar_ToSyntax_ToSyntax.ml > src/ocaml-output/FStar_ToSyntax_ToSyntax.ml.depends
''ocamlfind ocamldep -package batteries -package zarith -package yojson -package pprint -modules src/ocaml-output/FStar_Syntax_MutRecTy.ml > src/ocaml-output/FStar_Syntax_MutRecTy.ml.depends
''ocamlfind ocamlc -c -g -annot -bin-annot -thread -w -8-11-21-26-28 -package batteries -package zarith -package yojson -package pprint -I src/ocaml-output -I src/prettyprint/ml -I src/parser/ml -I src/fstar/ml -I src/basic/ml -I lib/ml -o src/ocaml-output/FStar_ToSyntax_Env.cmo src/ocaml-output/FStar_ToSyntax_Env.ml
''ocamlfind ocamlc -c -g -annot -bin-annot -thread -w -8-11-21-26-28 -package batteries -package zarith -package yojson -package pprint -I src/ocaml-output -I src/prettyprint/ml -I src/parser/ml -I src/fstar/ml -I src/basic/ml -I lib/ml -o src/ocaml-output/FStar_Syntax_MutRecTy.cmo src/ocaml-output/FStar_Syntax_MutRecTy.ml
''ocamlfind ocamldep -package batteries -package zarith -package yojson -package pprint -modules src/ocaml-output/FStar_TypeChecker_Tc.ml > src/ocaml-output/FStar_TypeChecker_Tc.ml.depends
''ocamlfind ocamldep -package batteries -package zarith -package yojson -package pprint -modules src/ocaml-output/FStar_TypeChecker_DMFF.ml > src/ocaml-output/FStar_TypeChecker_DMFF.ml.depends
''ocamlfind ocamlc -c -g -annot -bin-annot -thread -w -8-11-21-26-28 -package batteries -package zarith -package yojson -package pprint -I src/ocaml-output -I src/prettyprint/ml -I src/parser/ml -I src/fstar/ml -I src/basic/ml -I lib/ml -o src/ocaml-output/FStar_TypeChecker_DMFF.cmo src/ocaml-output/FStar_TypeChecker_DMFF.ml
''ocamlfind ocamlc -c -g -annot -bin-annot -thread -w -8-11-21-26-28 -package batteries -package zarith -package yojson -package pprint -I src/ocaml-output -I src/prettyprint/ml -I src/parser/ml -I src/fstar/ml -I src/basic/ml -I lib/ml -o src/ocaml-output/FStar_Parser_Interleave.cmo src/ocaml-output/FStar_Parser_Interleave.ml
''ocamlfind ocamlc -c -g -annot -bin-annot -thread -w -8-11-21-26-28 -package batteries -package zarith -package yojson -package pprint -I src/ocaml-output -I src/prettyprint/ml -I src/parser/ml -I src/fstar/ml -I src/basic/ml -I lib/ml -o src/ocaml-output/FStar_ToSyntax_ToSyntax.cmo src/ocaml-output/FStar_ToSyntax_ToSyntax.ml
''ocamlfind ocamlc -c -g -annot -bin-annot -thread -w -8-11-21-26-28 -package batteries -package zarith -package yojson -package pprint -I src/ocaml-output -I src/prettyprint/ml -I src/parser/ml -I src/fstar/ml -I src/basic/ml -I lib/ml -o src/ocaml-output/FStar_TypeChecker_Tc.cmo src/ocaml-output/FStar_TypeChecker_Tc.ml
''ocamlfind ocamlc -c -g -annot -bin-annot -thread -w -8-11-21-26-28 -package batteries -package zarith -package yojson -package pprint -I src/ocaml-output -I src/prettyprint/ml -I src/parser/ml -I src/fstar/ml -I src/basic/ml -I lib/ml -o src/ocaml-output/FStar_Extraction_Kremlin.cmo src/ocaml-output/FStar_Extraction_Kremlin.ml
''ocamlfind ocamlc -c -g -annot -bin-annot -thread -w -8-11-21-26-28 -package batteries -package zarith -package yojson -package pprint -I src/ocaml-output -I src/prettyprint/ml -I src/parser/ml -I src/fstar/ml -I src/basic/ml -I lib/ml -o src/ocaml-output/FStar_Extraction_ML_Modul.cmo src/ocaml-output/FStar_Extraction_ML_Modul.ml
''ocamlfind ocamlc -c -g -annot -bin-annot -thread -w -8-11-21-26-28 -package batteries -package zarith -package yojson -package pprint -I src/ocaml-output -I src/prettyprint/ml -I src/parser/ml -I src/fstar/ml -I src/basic/ml -I lib/ml -o src/ocaml-output/FStar_Fsdoc_Generator.cmo src/ocaml-output/FStar_Fsdoc_Generator.ml
''ocamlfind ocamlc -c -g -annot -bin-annot -thread -w -8-11-21-26-28 -package batteries -package zarith -package yojson -package pprint -I src/ocaml-output -I src/prettyprint/ml -I src/parser/ml -I src/fstar/ml -I src/basic/ml -I lib/ml -o src/ocaml-output/FStar_Indent.cmo src/ocaml-output/FStar_Indent.ml
''ocamlfind ocamlc -c -g -annot -bin-annot -thread -w -8-11-21-26-28 -package batteries -package zarith -package yojson -package pprint -I src/ocaml-output -I src/prettyprint/ml -I src/parser/ml -I src/fstar/ml -I src/basic/ml -I lib/ml -o src/ocaml-output/FStar_Stratified.cmo src/ocaml-output/FStar_Stratified.ml
''ocamlfind ocamlc -c -g -annot -bin-annot -thread -w -8-11-21-26-28 -package batteries -package zarith -package yojson -package pprint -I src/ocaml-output -I src/prettyprint/ml -I src/parser/ml -I src/fstar/ml -I src/basic/ml -I lib/ml -o src/ocaml-output/FStar_StratifiedExtraction_ML_ExtractMod.cmo src/ocaml-output/FStar_StratifiedExtraction_ML_ExtractMod.ml
''ocamlfind ocamlc -c -g -annot -bin-annot -thread -w -8-11-21-26-28 -package batteries -package zarith -package yojson -package pprint -I src/ocaml-output -I src/prettyprint/ml -I src/parser/ml -I src/fstar/ml -I src/basic/ml -I lib/ml -o src/ocaml-output/FStar_Universal.cmo src/ocaml-output/FStar_Universal.ml
''ocamlfind ocamlc -c -g -annot -bin-annot -thread -w -8-11-21-26-28 -package batteries -package zarith -package yojson -package pprint -I src/ocaml-output -I src/prettyprint/ml -I src/parser/ml -I src/fstar/ml -I src/basic/ml -I lib/ml -o src/ocaml-output/FStar_FStar.cmo src/ocaml-output/FStar_FStar.ml
''ocamlfind ocamlc -c -g -annot -bin-annot -thread -w -8-11-21-26-28 -package batteries -package zarith -package yojson -package pprint -I src/fstar/ml -I src/ocaml-output -I src/prettyprint/ml -I src/parser/ml -I src/basic/ml -I lib/ml -o src/fstar/ml/main.cmo src/fstar/ml/main.ml
''ocamlfind ocamlopt -c -g -annot -bin-annot -thread -w -8-11-21-26-28 -package batteries -package zarith -package yojson -package pprint -I lib/ml -I src/ocaml-output -I src/prettyprint/ml -I src/parser/ml -I src/fstar/ml -I src/basic/ml -o lib/ml/FStar_Char.cmx lib/ml/FStar_Char.ml
''ocamlfind ocamlopt -c -g -annot -bin-annot -thread -w -8-11-21-26-28 -package batteries -package zarith -package yojson -package pprint -I lib/ml -I src/ocaml-output -I src/prettyprint/ml -I src/parser/ml -I src/fstar/ml -I src/basic/ml -o lib/ml/FStar_Float.cmx lib/ml/FStar_Float.ml
''ocamlfind ocamlopt -c -g -annot -bin-annot -thread -w -8-11-21-26-28 -package batteries -package zarith -package yojson -package pprint -I lib/ml -I src/ocaml-output -I src/prettyprint/ml -I src/parser/ml -I src/fstar/ml -I src/basic/ml -o lib/ml/FStar_Int16.cmx lib/ml/FStar_Int16.ml
''ocamlfind ocamlopt -c -g -annot -bin-annot -thread -w -8-11-21-26-28 -package batteries -package zarith -package yojson -package pprint -I lib/ml -I src/ocaml-output -I src/prettyprint/ml -I src/parser/ml -I src/fstar/ml -I src/basic/ml -o lib/ml/FStar_Int32.cmx lib/ml/FStar_Int32.ml
''ocamlfind ocamlopt -c -g -annot -bin-annot -thread -w -8-11-21-26-28 -package batteries -package zarith -package yojson -package pprint -I lib/ml -I src/ocaml-output -I src/prettyprint/ml -I src/parser/ml -I src/fstar/ml -I src/basic/ml -o lib/ml/FStar_Int64.cmx lib/ml/FStar_Int64.ml
''ocamlfind ocamlopt -c -g -annot -bin-annot -thread -w -8-11-21-26-28 -package batteries -package zarith -package yojson -package pprint -I lib/ml -I src/ocaml-output -I src/prettyprint/ml -I src/parser/ml -I src/fstar/ml -I src/basic/ml -o lib/ml/FStar_Int8.cmx lib/ml/FStar_Int8.ml
''ocamlfind ocamlopt -c -g -annot -bin-annot -thread -w -8-11-21-26-28 -package batteries -package zarith -package yojson -package pprint -I lib/ml -I src/ocaml-output -I src/prettyprint/ml -I src/parser/ml -I src/fstar/ml -I src/basic/ml -o lib/ml/FStar_UInt16.cmx lib/ml/FStar_UInt16.ml
''ocamlfind ocamlopt -c -g -annot -bin-annot -thread -w -8-11-21-26-28 -package batteries -package zarith -package yojson -package pprint -I lib/ml -I src/ocaml-output -I src/prettyprint/ml -I src/parser/ml -I src/fstar/ml -I src/basic/ml -o lib/ml/FStar_UInt8.cmx lib/ml/FStar_UInt8.ml
''ocamlfind ocamlopt -c -g -annot -bin-annot -thread -w -8-11-21-26-28 -package batteries -package zarith -package yojson -package pprint -I lib/ml -I src/ocaml-output -I src/prettyprint/ml -I src/parser/ml -I src/fstar/ml -I src/basic/ml -o lib/ml/FStar_All.cmx lib/ml/FStar_All.ml
''ocamlfind ocamlopt -c -g -annot -bin-annot -thread -w -8-11-21-26-28 -package batteries -package zarith -package yojson -package pprint -I lib/ml -I src/ocaml-output -I src/prettyprint/ml -I src/parser/ml -I src/fstar/ml -I src/basic/ml -o lib/ml/FStar_BaseTypes.cmx lib/ml/FStar_BaseTypes.ml
''ocamlfind ocamlopt -c -g -annot -bin-annot -thread -w -8-11-21-26-28 -package batteries -package zarith -package yojson -package pprint -I lib/ml -I src/ocaml-output -I src/prettyprint/ml -I src/parser/ml -I src/fstar/ml -I src/basic/ml -o lib/ml/FStar_List.cmx lib/ml/FStar_List.ml
''ocamlfind ocamlopt -c -g -annot -bin-annot -thread -w -8-11-21-26-28 -package batteries -package zarith -package yojson -package pprint -I lib/ml -I src/ocaml-output -I src/prettyprint/ml -I src/parser/ml -I src/fstar/ml -I src/basic/ml -o lib/ml/MkPrims.cmx lib/ml/MkPrims.ml
''ocamlfind ocamlopt -c -g -annot -bin-annot -thread -w -8-11-21-26-28 -package batteries -package zarith -package yojson -package pprint -I lib/ml -I src/ocaml-output -I src/prettyprint/ml -I src/parser/ml -I src/fstar/ml -I src/basic/ml -o lib/ml/prims.cmx lib/ml/prims.ml
''ocamlfind ocamlopt -c -g -annot -bin-annot -thread -w -8-11-21-26-28 -package batteries -package zarith -package yojson -package pprint -I src/basic/ml -I src/ocaml-output -I src/prettyprint/ml -I src/parser/ml -I src/fstar/ml -I lib/ml -o src/basic/ml/FStar_Util.cmx src/basic/ml/FStar_Util.ml
File "src/basic/ml/FStar_Util.ml", line 47, characters 57-65:
Warning 40: st_mtime was selected from type BatUnix.stats.
It is not visible in the current scope, and will not 
be selected if the type becomes unknown.
''ocamlfind ocamlopt -c -g -annot -bin-annot -thread -w -8-11-21-26-28 -package batteries -package zarith -package yojson -package pprint -I src/basic/ml -I src/ocaml-output -I src/prettyprint/ml -I src/parser/ml -I src/fstar/ml -I lib/ml -o src/basic/ml/FStar_Range.cmx src/basic/ml/FStar_Range.ml
''ocamlfind ocamlopt -c -g -annot -bin-annot -thread -w -8-11-21-26-28 -package batteries -package zarith -package yojson -package pprint -I lib/ml -I src/ocaml-output -I src/prettyprint/ml -I src/parser/ml -I src/fstar/ml -I src/basic/ml -o lib/ml/FStar_ST.cmx lib/ml/FStar_ST.ml
''ocamlfind ocamlopt -c -g -annot -bin-annot -thread -w -8-11-21-26-28 -package batteries -package zarith -package yojson -package pprint -I lib/ml -I src/ocaml-output -I src/prettyprint/ml -I src/parser/ml -I src/fstar/ml -I src/basic/ml -o lib/ml/FStar_String.cmx lib/ml/FStar_String.ml
''ocamlfind ocamlopt -c -g -annot -bin-annot -thread -w -8-11-21-26-28 -package batteries -package zarith -package yojson -package pprint -I src/ocaml-output -I src/prettyprint/ml -I src/parser/ml -I src/fstar/ml -I src/basic/ml -I lib/ml -o src/ocaml-output/FStar_Ident.cmx src/ocaml-output/FStar_Ident.ml
''ocamlfind ocamlopt -c -g -annot -bin-annot -thread -w -8-11-21-26-28 -package batteries -package zarith -package yojson -package pprint -I src/basic/ml -I src/ocaml-output -I src/prettyprint/ml -I src/parser/ml -I src/fstar/ml -I lib/ml -o src/basic/ml/FStar_Getopt.cmx src/basic/ml/FStar_Getopt.ml
''ocamlfind ocamlopt -c -g -annot -bin-annot -thread -w -8-11-21-26-28 -package batteries -package zarith -package yojson -package pprint -I src/basic/ml -I src/ocaml-output -I src/prettyprint/ml -I src/parser/ml -I src/fstar/ml -I lib/ml -o src/basic/ml/FStar_Platform.cmx src/basic/ml/FStar_Platform.ml
''ocamlfind ocamlopt -c -g -annot -bin-annot -thread -w -8-11-21-26-28 -package batteries -package zarith -package yojson -package pprint -I src/ocaml-output -I src/prettyprint/ml -I src/parser/ml -I src/fstar/ml -I src/basic/ml -I lib/ml -o src/ocaml-output/FStar_Version.cmx src/ocaml-output/FStar_Version.ml
''ocamlfind ocamlopt -c -g -annot -bin-annot -thread -w -8-11-21-26-28 -package batteries -package zarith -package yojson -package pprint -I src/ocaml-output -I src/prettyprint/ml -I src/parser/ml -I src/fstar/ml -I src/basic/ml -I lib/ml -o src/ocaml-output/FStar_Options.cmx src/ocaml-output/FStar_Options.ml
''ocamlfind ocamlopt -c -g -annot -bin-annot -thread -w -8-11-21-26-28 -package batteries -package zarith -package yojson -package pprint -I src/ocaml-output -I src/prettyprint/ml -I src/parser/ml -I src/fstar/ml -I src/basic/ml -I lib/ml -o src/ocaml-output/FStar_Const.cmx src/ocaml-output/FStar_Const.ml
''ocamlfind ocamlopt -c -g -annot -bin-annot -thread -w -8-11-21-26-28 -package batteries -package zarith -package yojson -package pprint -I src/ocaml-output -I src/prettyprint/ml -I src/parser/ml -I src/fstar/ml -I src/basic/ml -I lib/ml -o src/ocaml-output/FStar_Errors.cmx src/ocaml-output/FStar_Errors.ml
''ocamlfind ocamlopt -c -g -annot -bin-annot -thread -w -8-11-21-26-28 -package batteries -package zarith -package yojson -package pprint -I src/basic/ml -I src/ocaml-output -I src/prettyprint/ml -I src/parser/ml -I src/fstar/ml -I lib/ml -o src/basic/ml/FStar_Unionfind.cmx src/basic/ml/FStar_Unionfind.ml
''ocamlfind ocamlopt -c -g -annot -bin-annot -thread -w -8-11-21-26-28 -package batteries -package zarith -package yojson -package pprint -I src/ocaml-output -I src/prettyprint/ml -I src/parser/ml -I src/fstar/ml -I src/basic/ml -I lib/ml -o src/ocaml-output/FStar_Syntax_Syntax.cmx src/ocaml-output/FStar_Syntax_Syntax.ml
''ocamlfind ocamlopt -c -g -annot -bin-annot -thread -w -8-11-21-26-28 -package batteries -package zarith -package yojson -package pprint -I src/ocaml-output -I src/prettyprint/ml -I src/parser/ml -I src/fstar/ml -I src/basic/ml -I lib/ml -o src/ocaml-output/FStar_Syntax_Const.cmx src/ocaml-output/FStar_Syntax_Const.ml
''ocamlfind ocamlopt -c -g -annot -bin-annot -thread -w -8-11-21-26-28 -package batteries -package zarith -package yojson -package pprint -I lib/ml -I src/ocaml-output -I src/prettyprint/ml -I src/parser/ml -I src/fstar/ml -I src/basic/ml -o lib/ml/FStar_Option.cmx lib/ml/FStar_Option.ml
''ocamlfind ocamlopt -c -g -annot -bin-annot -thread -w -8-11-21-26-28 -package batteries -package zarith -package yojson -package pprint -I src/ocaml-output -I src/prettyprint/ml -I src/parser/ml -I src/fstar/ml -I src/basic/ml -I lib/ml -o src/ocaml-output/FStar_Syntax_Subst.cmx src/ocaml-output/FStar_Syntax_Subst.ml
''ocamlfind ocamlopt -c -g -annot -bin-annot -thread -w -8-11-21-26-28 -package batteries -package zarith -package yojson -package pprint -I src/ocaml-output -I src/prettyprint/ml -I src/parser/ml -I src/fstar/ml -I src/basic/ml -I lib/ml -o src/ocaml-output/FStar_Syntax_InstFV.cmx src/ocaml-output/FStar_Syntax_InstFV.ml
''ocamlfind ocamlopt -c -g -annot -bin-annot -thread -w -8-11-21-26-28 -package batteries -package zarith -package yojson -package pprint -I src/ocaml-output -I src/prettyprint/ml -I src/parser/ml -I src/fstar/ml -I src/basic/ml -I lib/ml -o src/ocaml-output/FStar_Syntax_Util.cmx src/ocaml-output/FStar_Syntax_Util.ml
''ocamlfind ocamlopt -c -g -annot -bin-annot -thread -w -8-11-21-26-28 -package batteries -package zarith -package yojson -package pprint -I src/ocaml-output -I src/prettyprint/ml -I src/parser/ml -I src/fstar/ml -I src/basic/ml -I lib/ml -o src/ocaml-output/FStar_Syntax_Print.cmx src/ocaml-output/FStar_Syntax_Print.ml
''ocamlfind ocamlopt -c -g -annot -bin-annot -thread -w -8-11-21-26-28 -package batteries -package zarith -package yojson -package pprint -I src/ocaml-output -I src/prettyprint/ml -I src/parser/ml -I src/fstar/ml -I src/basic/ml -I lib/ml -o src/ocaml-output/FStar_Parser_AST.cmx src/ocaml-output/FStar_Parser_AST.ml
''ocamlfind ocamlopt -c -g -annot -bin-annot -thread -w -8-11-21-26-28 -package batteries -package zarith -package yojson -package pprint -I src/ocaml-output -I src/prettyprint/ml -I src/parser/ml -I src/fstar/ml -I src/basic/ml -I lib/ml -o src/ocaml-output/FStar_Absyn_Syntax.cmx src/ocaml-output/FStar_Absyn_Syntax.ml
''ocamlfind ocamlopt -c -g -annot -bin-annot -thread -w -8-11-21-26-28 -package batteries -package zarith -package yojson -package pprint -I src/ocaml-output -I src/prettyprint/ml -I src/parser/ml -I src/fstar/ml -I src/basic/ml -I lib/ml -o src/ocaml-output/FStar_Absyn_Const.cmx src/ocaml-output/FStar_Absyn_Const.ml
''ocamlfind ocamlopt -c -g -annot -bin-annot -thread -w -8-11-21-26-28 -package batteries -package zarith -package yojson -package pprint -I src/ocaml-output -I src/prettyprint/ml -I src/parser/ml -I src/fstar/ml -I src/basic/ml -I lib/ml -o src/ocaml-output/FStar_Absyn_Visit.cmx src/ocaml-output/FStar_Absyn_Visit.ml
''ocamlfind ocamlopt -c -g -annot -bin-annot -thread -w -8-11-21-26-28 -package batteries -package zarith -package yojson -package pprint -I src/ocaml-output -I src/prettyprint/ml -I src/parser/ml -I src/fstar/ml -I src/basic/ml -I lib/ml -o src/ocaml-output/FStar_Absyn_Util.cmx src/ocaml-output/FStar_Absyn_Util.ml
''ocamlfind ocamlopt -c -g -annot -bin-annot -thread -w -8-11-21-26-28 -package batteries -package zarith -package yojson -package pprint -I src/parser/ml -I src/ocaml-output -I src/prettyprint/ml -I src/fstar/ml -I src/basic/ml -I lib/ml -o src/parser/ml/FStar_Parser_Util.cmx src/parser/ml/FStar_Parser_Util.ml
''ocamlfind ocamlopt -c -g -annot -bin-annot -thread -w -8-11-21-26-28 -package batteries -package zarith -package yojson -package pprint -I src/ocaml-output -I src/prettyprint/ml -I src/parser/ml -I src/fstar/ml -I src/basic/ml -I lib/ml -o src/ocaml-output/FStar_Parser_Parse.cmx src/ocaml-output/FStar_Parser_Parse.ml
''ocamlfind ocamlopt -c -g -annot -bin-annot -thread -w -8-11-21-26-28 -package batteries -package zarith -package yojson -package pprint -I src/parser/ml -I src/ocaml-output -I src/prettyprint/ml -I src/fstar/ml -I src/basic/ml -I lib/ml -o src/parser/ml/FStar_Parser_LexFStar.cmx src/parser/ml/FStar_Parser_LexFStar.ml
''ocamlfind ocamlopt -c -g -annot -bin-annot -thread -w -8-11-21-26-28 -package batteries -package zarith -package yojson -package pprint -I src/parser/ml -I src/ocaml-output -I src/prettyprint/ml -I src/fstar/ml -I src/basic/ml -I lib/ml -o src/parser/ml/FStar_Parser_ParseIt.cmx src/parser/ml/FStar_Parser_ParseIt.ml
''ocamlfind ocamlopt -c -g -annot -bin-annot -thread -w -8-11-21-26-28 -package batteries -package zarith -package yojson -package pprint -I src/ocaml-output -I src/prettyprint/ml -I src/parser/ml -I src/fstar/ml -I src/basic/ml -I lib/ml -o src/ocaml-output/FStar_Parser_Driver.cmx src/ocaml-output/FStar_Parser_Driver.ml
''ocamlfind ocamlopt -c -g -annot -bin-annot -thread -w -8-11-21-26-28 -package batteries -package zarith -package yojson -package pprint -I src/ocaml-output -I src/prettyprint/ml -I src/parser/ml -I src/fstar/ml -I src/basic/ml -I lib/ml -o src/ocaml-output/FStar_Parser_Dep.cmx src/ocaml-output/FStar_Parser_Dep.ml
''ocamlfind ocamlopt -c -g -annot -bin-annot -thread -w -8-11-21-26-28 -package batteries -package zarith -package yojson -package pprint -I src/ocaml-output -I src/prettyprint/ml -I src/parser/ml -I src/fstar/ml -I src/basic/ml -I lib/ml -o src/ocaml-output/FStar_Extraction_ML_Syntax.cmx src/ocaml-output/FStar_Extraction_ML_Syntax.ml
''ocamlfind ocamlopt -c -g -annot -bin-annot -thread -w -8-11-21-26-28 -package batteries -package zarith -package yojson -package pprint -I src/ocaml-output -I src/prettyprint/ml -I src/parser/ml -I src/fstar/ml -I src/basic/ml -I lib/ml -o src/ocaml-output/FStar_Syntax_Free.cmx src/ocaml-output/FStar_Syntax_Free.ml
''ocamlfind ocamlopt -c -g -annot -bin-annot -thread -w -8-11-21-26-28 -package batteries -package zarith -package yojson -package pprint -I src/ocaml-output -I src/prettyprint/ml -I src/parser/ml -I src/fstar/ml -I src/basic/ml -I lib/ml -o src/ocaml-output/FStar_TypeChecker_Common.cmx src/ocaml-output/FStar_TypeChecker_Common.ml
''ocamlfind ocamlopt -c -g -annot -bin-annot -thread -w -8-11-21-26-28 -package batteries -package zarith -package yojson -package pprint -I src/ocaml-output -I src/prettyprint/ml -I src/parser/ml -I src/fstar/ml -I src/basic/ml -I lib/ml -o src/ocaml-output/FStar_TypeChecker_Env.cmx src/ocaml-output/FStar_TypeChecker_Env.ml
''ocamlfind ocamlopt -c -g -annot -bin-annot -thread -w -8-11-21-26-28 -package batteries -package zarith -package yojson -package pprint -I src/ocaml-output -I src/prettyprint/ml -I src/parser/ml -I src/fstar/ml -I src/basic/ml -I lib/ml -o src/ocaml-output/FStar_Extraction_ML_UEnv.cmx src/ocaml-output/FStar_Extraction_ML_UEnv.ml
''ocamlfind ocamlopt -c -g -annot -bin-annot -thread -w -8-11-21-26-28 -package batteries -package zarith -package yojson -package pprint -I src/basic/ml -I src/ocaml-output -I src/prettyprint/ml -I src/parser/ml -I src/fstar/ml -I lib/ml -o src/basic/ml/FStar_Bytes.cmx src/basic/ml/FStar_Bytes.ml
''ocamlfind ocamlopt -c -g -annot -bin-annot -thread -w -8-11-21-26-28 -package batteries -package zarith -package yojson -package pprint -I src/ocaml-output -I src/prettyprint/ml -I src/parser/ml -I src/fstar/ml -I src/basic/ml -I lib/ml -o src/ocaml-output/FStar_Extraction_ML_Util.cmx src/ocaml-output/FStar_Extraction_ML_Util.ml
''ocamlfind ocamlopt -c -g -annot -bin-annot -thread -w -8-11-21-26-28 -package batteries -package zarith -package yojson -package pprint -I src/ocaml-output -I src/prettyprint/ml -I src/parser/ml -I src/fstar/ml -I src/basic/ml -I lib/ml -o src/ocaml-output/FStar_Format.cmx src/ocaml-output/FStar_Format.ml
''ocamlfind ocamlopt -c -g -annot -bin-annot -thread -w -8-11-21-26-28 -package batteries -package zarith -package yojson -package pprint -I src/ocaml-output -I src/prettyprint/ml -I src/parser/ml -I src/fstar/ml -I src/basic/ml -I lib/ml -o src/ocaml-output/FStar_Extraction_ML_Code.cmx src/ocaml-output/FStar_Extraction_ML_Code.ml
''ocamlfind ocamlopt -c -g -annot -bin-annot -thread -w -8-11-21-26-28 -package batteries -package zarith -package yojson -package pprint -I src/ocaml-output -I src/prettyprint/ml -I src/parser/ml -I src/fstar/ml -I src/basic/ml -I lib/ml -o src/ocaml-output/FStar_TypeChecker_Normalize.cmx src/ocaml-output/FStar_TypeChecker_Normalize.ml
''ocamlfind ocamlopt -c -g -annot -bin-annot -thread -w -8-11-21-26-28 -package batteries -package zarith -package yojson -package pprint -I src/ocaml-output -I src/prettyprint/ml -I src/parser/ml -I src/fstar/ml -I src/basic/ml -I lib/ml -o src/ocaml-output/FStar_TypeChecker_Err.cmx src/ocaml-output/FStar_TypeChecker_Err.ml
''ocamlfind ocamlopt -c -g -annot -bin-annot -thread -w -8-11-21-26-28 -package batteries -package zarith -package yojson -package pprint -I src/ocaml-output -I src/prettyprint/ml -I src/parser/ml -I src/fstar/ml -I src/basic/ml -I lib/ml -o src/ocaml-output/FStar_TypeChecker_Rel.cmx src/ocaml-output/FStar_TypeChecker_Rel.ml
''ocamlfind ocamlopt -c -g -annot -bin-annot -thread -w -8-11-21-26-28 -package batteries -package zarith -package yojson -package pprint -I src/ocaml-output -I src/prettyprint/ml -I src/parser/ml -I src/fstar/ml -I src/basic/ml -I lib/ml -o src/ocaml-output/FStar_TypeChecker_Util.cmx src/ocaml-output/FStar_TypeChecker_Util.ml
''ocamlfind ocamlopt -c -g -annot -bin-annot -thread -w -8-11-21-26-28 -package batteries -package zarith -package yojson -package pprint -I src/ocaml-output -I src/prettyprint/ml -I src/parser/ml -I src/fstar/ml -I src/basic/ml -I lib/ml -o src/ocaml-output/FStar_TypeChecker_TcTerm.cmx src/ocaml-output/FStar_TypeChecker_TcTerm.ml
''ocamlfind ocamlopt -c -g -annot -bin-annot -thread -w -8-11-21-26-28 -package batteries -package zarith -package yojson -package pprint -I src/ocaml-output -I src/prettyprint/ml -I src/parser/ml -I src/fstar/ml -I src/basic/ml -I lib/ml -o src/ocaml-output/FStar_Extraction_ML_Term.cmx src/ocaml-output/FStar_Extraction_ML_Term.ml
''ocamlfind ocamlopt -c -g -annot -bin-annot -thread -w -8-11-21-26-28 -package batteries -package zarith -package yojson -package pprint -I src/prettyprint/ml -I src/ocaml-output -I src/parser/ml -I src/fstar/ml -I src/basic/ml -I lib/ml -o src/prettyprint/ml/FStar_Pprint.cmx src/prettyprint/ml/FStar_Pprint.ml
''ocamlfind ocamlopt -c -g -annot -bin-annot -thread -w -8-11-21-26-28 -package batteries -package zarith -package yojson -package pprint -I src/ocaml-output -I src/prettyprint/ml -I src/parser/ml -I src/fstar/ml -I src/basic/ml -I lib/ml -o src/ocaml-output/FStar_Parser_ToDocument.cmx src/ocaml-output/FStar_Parser_ToDocument.ml
''ocamlfind ocamlopt -c -g -annot -bin-annot -thread -w -8-11-21-26-28 -package batteries -package zarith -package yojson -package pprint -I src/ocaml-output -I src/prettyprint/ml -I src/parser/ml -I src/fstar/ml -I src/basic/ml -I lib/ml -o src/ocaml-output/FStar_Dependencies.cmx src/ocaml-output/FStar_Dependencies.ml
''ocamlfind ocamlopt -c -g -annot -bin-annot -thread -w -8-11-21-26-28 -package batteries -package zarith -package yojson -package pprint -I src/ocaml-output -I src/prettyprint/ml -I src/parser/ml -I src/fstar/ml -I src/basic/ml -I lib/ml -o src/ocaml-output/FStar_SMTEncoding_Term.cmx src/ocaml-output/FStar_SMTEncoding_Term.ml
''ocamlfind ocamlopt -c -g -annot -bin-annot -thread -w -8-11-21-26-28 -package batteries -package zarith -package yojson -package pprint -I src/ocaml-output -I src/prettyprint/ml -I src/parser/ml -I src/fstar/ml -I src/basic/ml -I lib/ml -o src/ocaml-output/FStar_SMTEncoding_Util.cmx src/ocaml-output/FStar_SMTEncoding_Util.ml
''ocamlfind ocamlopt -c -g -annot -bin-annot -thread -w -8-11-21-26-28 -package batteries -package zarith -package yojson -package pprint -I src/ocaml-output -I src/prettyprint/ml -I src/parser/ml -I src/fstar/ml -I src/basic/ml -I lib/ml -o src/ocaml-output/FStar_SMTEncoding_Z3.cmx src/ocaml-output/FStar_SMTEncoding_Z3.ml
''ocamlfind ocamlopt -c -g -annot -bin-annot -thread -w -8-11-21-26-28 -package batteries -package zarith -package yojson -package pprint -I src/ocaml-output -I src/prettyprint/ml -I src/parser/ml -I src/fstar/ml -I src/basic/ml -I lib/ml -o src/ocaml-output/FStar_SMTEncoding_ErrorReporting.cmx src/ocaml-output/FStar_SMTEncoding_ErrorReporting.ml
''ocamlfind ocamlopt -c -g -annot -bin-annot -thread -w -8-11-21-26-28 -package batteries -package zarith -package yojson -package pprint -I src/ocaml-output -I src/prettyprint/ml -I src/parser/ml -I src/fstar/ml -I src/basic/ml -I lib/ml -o src/ocaml-output/FStar_SMTEncoding_Encode.cmx src/ocaml-output/FStar_SMTEncoding_Encode.ml
''ocamlfind ocamlopt -c -g -annot -bin-annot -thread -w -8-11-21-26-28 -package batteries -package zarith -package yojson -package pprint -I src/ocaml-output -I src/prettyprint/ml -I src/parser/ml -I src/fstar/ml -I src/basic/ml -I lib/ml -o src/ocaml-output/FStar_SMTEncoding_SplitQueryCases.cmx src/ocaml-output/FStar_SMTEncoding_SplitQueryCases.ml
''ocamlfind ocamlopt -c -g -annot -bin-annot -thread -w -8-11-21-26-28 -package batteries -package zarith -package yojson -package pprint -I src/ocaml-output -I src/prettyprint/ml -I src/parser/ml -I src/fstar/ml -I src/basic/ml -I lib/ml -o src/ocaml-output/FStar_SMTEncoding_Solver.cmx src/ocaml-output/FStar_SMTEncoding_Solver.ml
''ocamlfind ocamlopt -c -g -annot -bin-annot -thread -w -8-11-21-26-28 -package batteries -package zarith -package yojson -package pprint -I src/ocaml-output -I src/prettyprint/ml -I src/parser/ml -I src/fstar/ml -I src/basic/ml -I lib/ml -o src/ocaml-output/FStar_Interactive.cmx src/ocaml-output/FStar_Interactive.ml
''ocamlfind ocamlopt -c -g -annot -bin-annot -thread -w -8-11-21-26-28 -package batteries -package zarith -package yojson -package pprint -I src/ocaml-output -I src/prettyprint/ml -I src/parser/ml -I src/fstar/ml -I src/basic/ml -I lib/ml -o src/ocaml-output/FStar_Absyn_Print.cmx src/ocaml-output/FStar_Absyn_Print.ml
''ocamlfind ocamlopt -c -g -annot -bin-annot -thread -w -8-11-21-26-28 -package batteries -package zarith -package yojson -package pprint -I src/ocaml-output -I src/prettyprint/ml -I src/parser/ml -I src/fstar/ml -I src/basic/ml -I lib/ml -o src/ocaml-output/FStar_Parser_DesugarEnv.cmx src/ocaml-output/FStar_Parser_DesugarEnv.ml
''ocamlfind ocamlopt -c -g -annot -bin-annot -thread -w -8-11-21-26-28 -package batteries -package zarith -package yojson -package pprint -I src/ocaml-output -I src/prettyprint/ml -I src/parser/ml -I src/fstar/ml -I src/basic/ml -I lib/ml -o src/ocaml-output/FStar_Tc_Env.cmx src/ocaml-output/FStar_Tc_Env.ml
''ocamlfind ocamlopt -c -g -annot -bin-annot -thread -w -8-11-21-26-28 -package batteries -package zarith -package yojson -package pprint -I src/ocaml-output -I src/prettyprint/ml -I src/parser/ml -I src/fstar/ml -I src/basic/ml -I lib/ml -o src/ocaml-output/FStar_Tc_Recheck.cmx src/ocaml-output/FStar_Tc_Recheck.ml
''ocamlfind ocamlopt -c -g -annot -bin-annot -thread -w -8-11-21-26-28 -package batteries -package zarith -package yojson -package pprint -I src/ocaml-output -I src/prettyprint/ml -I src/parser/ml -I src/fstar/ml -I src/basic/ml -I lib/ml -o src/ocaml-output/FStar_Tc_Normalize.cmx src/ocaml-output/FStar_Tc_Normalize.ml
''ocamlfind ocamlopt -c -g -annot -bin-annot -thread -w -8-11-21-26-28 -package batteries -package zarith -package yojson -package pprint -I src/ocaml-output -I src/prettyprint/ml -I src/parser/ml -I src/fstar/ml -I src/basic/ml -I lib/ml -o src/ocaml-output/FStar_Tc_Errors.cmx src/ocaml-output/FStar_Tc_Errors.ml
''ocamlfind ocamlopt -c -g -annot -bin-annot -thread -w -8-11-21-26-28 -package batteries -package zarith -package yojson -package pprint -I src/ocaml-output -I src/prettyprint/ml -I src/parser/ml -I src/fstar/ml -I src/basic/ml -I lib/ml -o src/ocaml-output/FStar_Tc_Rel.cmx src/ocaml-output/FStar_Tc_Rel.ml
''ocamlfind ocamlopt -c -g -annot -bin-annot -thread -w -8-11-21-26-28 -package batteries -package zarith -package yojson -package pprint -I src/ocaml-output -I src/prettyprint/ml -I src/parser/ml -I src/fstar/ml -I src/basic/ml -I lib/ml -o src/ocaml-output/FStar_Tc_Util.cmx src/ocaml-output/FStar_Tc_Util.ml
''ocamlfind ocamlopt -c -g -annot -bin-annot -thread -w -8-11-21-26-28 -package batteries -package zarith -package yojson -package pprint -I src/ocaml-output -I src/prettyprint/ml -I src/parser/ml -I src/fstar/ml -I src/basic/ml -I lib/ml -o src/ocaml-output/FStar_ToSMT_Term.cmx src/ocaml-output/FStar_ToSMT_Term.ml
''ocamlfind ocamlopt -c -g -annot -bin-annot -thread -w -8-11-21-26-28 -package batteries -package zarith -package yojson -package pprint -I src/ocaml-output -I src/prettyprint/ml -I src/parser/ml -I src/fstar/ml -I src/basic/ml -I lib/ml -o src/ocaml-output/FStar_ToSMT_SplitQueryCases.cmx src/ocaml-output/FStar_ToSMT_SplitQueryCases.ml
''ocamlfind ocamlopt -c -g -annot -bin-annot -thread -w -8-11-21-26-28 -package batteries -package zarith -package yojson -package pprint -I src/ocaml-output -I src/prettyprint/ml -I src/parser/ml -I src/fstar/ml -I src/basic/ml -I lib/ml -o src/ocaml-output/FStar_ToSMT_Z3.cmx src/ocaml-output/FStar_ToSMT_Z3.ml
''ocamlfind ocamlopt -c -g -annot -bin-annot -thread -w -8-11-21-26-28 -package batteries -package zarith -package yojson -package pprint -I src/ocaml-output -I src/prettyprint/ml -I src/parser/ml -I src/fstar/ml -I src/basic/ml -I lib/ml -o src/ocaml-output/FStar_Parser_Desugar.cmx src/ocaml-output/FStar_Parser_Desugar.ml
''ocamlfind ocamlopt -c -g -annot -bin-annot -thread -w -8-11-21-26-28 -package batteries -package zarith -package yojson -package pprint -I src/ocaml-output -I src/prettyprint/ml -I src/parser/ml -I src/fstar/ml -I src/basic/ml -I lib/ml -o src/ocaml-output/FStar_Tc_Tc.cmx src/ocaml-output/FStar_Tc_Tc.ml
''ocamlfind ocamlopt -c -g -annot -bin-annot -thread -w -8-11-21-26-28 -package batteries -package zarith -package yojson -package pprint -I src/ocaml-output -I src/prettyprint/ml -I src/parser/ml -I src/fstar/ml -I src/basic/ml -I lib/ml -o src/ocaml-output/FStar_ToSMT_Encode.cmx src/ocaml-output/FStar_ToSMT_Encode.ml
''ocamlfind ocamlopt -c -g -annot -bin-annot -thread -w -8-11-21-26-28 -package batteries -package zarith -package yojson -package pprint -I src/ocaml-output -I src/prettyprint/ml -I src/parser/ml -I src/fstar/ml -I src/basic/ml -I lib/ml -o src/ocaml-output/FStar_StratifiedExtraction_ML_Env.cmx src/ocaml-output/FStar_StratifiedExtraction_ML_Env.ml
''ocamlfind ocamlopt -c -g -annot -bin-annot -thread -w -8-11-21-26-28 -package batteries -package zarith -package yojson -package pprint -I src/ocaml-output -I src/prettyprint/ml -I src/parser/ml -I src/fstar/ml -I src/basic/ml -I lib/ml -o src/ocaml-output/FStar_StratifiedExtraction_ML_Util.cmx src/ocaml-output/FStar_StratifiedExtraction_ML_Util.ml
''ocamlfind ocamlopt -c -g -annot -bin-annot -thread -w -8-11-21-26-28 -package batteries -package zarith -package yojson -package pprint -I src/ocaml-output -I src/prettyprint/ml -I src/parser/ml -I src/fstar/ml -I src/basic/ml -I lib/ml -o src/ocaml-output/FStar_StratifiedExtraction_ML_ExtractTyp.cmx src/ocaml-output/FStar_StratifiedExtraction_ML_ExtractTyp.ml
''ocamlfind ocamlopt -c -g -annot -bin-annot -thread -w -8-11-21-26-28 -package batteries -package zarith -package yojson -package pprint -I src/ocaml-output -I src/prettyprint/ml -I src/parser/ml -I src/fstar/ml -I src/basic/ml -I lib/ml -o src/ocaml-output/FStar_StratifiedExtraction_ML_ExtractExp.cmx src/ocaml-output/FStar_StratifiedExtraction_ML_ExtractExp.ml
''ocamlfind ocamlopt -c -g -annot -bin-annot -thread -w -8-11-21-26-28 -package batteries -package zarith -package yojson -package pprint -I src/ocaml-output -I src/prettyprint/ml -I src/parser/ml -I src/fstar/ml -I src/basic/ml -I lib/ml -o src/ocaml-output/FStar_ToSyntax_Env.cmx src/ocaml-output/FStar_ToSyntax_Env.ml
''ocamlfind ocamlopt -c -g -annot -bin-annot -thread -w -8-11-21-26-28 -package batteries -package zarith -package yojson -package pprint -I src/ocaml-output -I src/prettyprint/ml -I src/parser/ml -I src/fstar/ml -I src/basic/ml -I lib/ml -o src/ocaml-output/FStar_Syntax_MutRecTy.cmx src/ocaml-output/FStar_Syntax_MutRecTy.ml
''ocamlfind ocamlopt -c -g -annot -bin-annot -thread -w -8-11-21-26-28 -package batteries -package zarith -package yojson -package pprint -I src/ocaml-output -I src/prettyprint/ml -I src/parser/ml -I src/fstar/ml -I src/basic/ml -I lib/ml -o src/ocaml-output/FStar_TypeChecker_DMFF.cmx src/ocaml-output/FStar_TypeChecker_DMFF.ml
''ocamlfind ocamlopt -c -g -annot -bin-annot -thread -w -8-11-21-26-28 -package batteries -package zarith -package yojson -package pprint -I src/ocaml-output -I src/prettyprint/ml -I src/parser/ml -I src/fstar/ml -I src/basic/ml -I lib/ml -o src/ocaml-output/FStar_Parser_Interleave.cmx src/ocaml-output/FStar_Parser_Interleave.ml
''ocamlfind ocamlopt -c -g -annot -bin-annot -thread -w -8-11-21-26-28 -package batteries -package zarith -package yojson -package pprint -I src/ocaml-output -I src/prettyprint/ml -I src/parser/ml -I src/fstar/ml -I src/basic/ml -I lib/ml -o src/ocaml-output/FStar_ToSyntax_ToSyntax.cmx src/ocaml-output/FStar_ToSyntax_ToSyntax.ml
''ocamlfind ocamlopt -c -g -annot -bin-annot -thread -w -8-11-21-26-28 -package batteries -package zarith -package yojson -package pprint -I src/ocaml-output -I src/prettyprint/ml -I src/parser/ml -I src/fstar/ml -I src/basic/ml -I lib/ml -o src/ocaml-output/FStar_TypeChecker_Tc.cmx src/ocaml-output/FStar_TypeChecker_Tc.ml
''ocamlfind ocamlopt -c -g -annot -bin-annot -thread -w -8-11-21-26-28 -package batteries -package zarith -package yojson -package pprint -I src/ocaml-output -I src/prettyprint/ml -I src/parser/ml -I src/fstar/ml -I src/basic/ml -I lib/ml -o src/ocaml-output/FStar_Extraction_Kremlin.cmx src/ocaml-output/FStar_Extraction_Kremlin.ml
''ocamlfind ocamlopt -c -g -annot -bin-annot -thread -w -8-11-21-26-28 -package batteries -package zarith -package yojson -package pprint -I src/ocaml-output -I src/prettyprint/ml -I src/parser/ml -I src/fstar/ml -I src/basic/ml -I lib/ml -o src/ocaml-output/FStar_Extraction_ML_Modul.cmx src/ocaml-output/FStar_Extraction_ML_Modul.ml
''ocamlfind ocamlopt -c -g -annot -bin-annot -thread -w -8-11-21-26-28 -package batteries -package zarith -package yojson -package pprint -I src/ocaml-output -I src/prettyprint/ml -I src/parser/ml -I src/fstar/ml -I src/basic/ml -I lib/ml -o src/ocaml-output/FStar_Fsdoc_Generator.cmx src/ocaml-output/FStar_Fsdoc_Generator.ml
''ocamlfind ocamlopt -c -g -annot -bin-annot -thread -w -8-11-21-26-28 -package batteries -package zarith -package yojson -package pprint -I src/ocaml-output -I src/prettyprint/ml -I src/parser/ml -I src/fstar/ml -I src/basic/ml -I lib/ml -o src/ocaml-output/FStar_Indent.cmx src/ocaml-output/FStar_Indent.ml
''ocamlfind ocamlopt -c -g -annot -bin-annot -thread -w -8-11-21-26-28 -package batteries -package zarith -package yojson -package pprint -I src/ocaml-output -I src/prettyprint/ml -I src/parser/ml -I src/fstar/ml -I src/basic/ml -I lib/ml -o src/ocaml-output/FStar_Stratified.cmx src/ocaml-output/FStar_Stratified.ml
''ocamlfind ocamlopt -c -g -annot -bin-annot -thread -w -8-11-21-26-28 -package batteries -package zarith -package yojson -package pprint -I src/ocaml-output -I src/prettyprint/ml -I src/parser/ml -I src/fstar/ml -I src/basic/ml -I lib/ml -o src/ocaml-output/FStar_StratifiedExtraction_ML_ExtractMod.cmx src/ocaml-output/FStar_StratifiedExtraction_ML_ExtractMod.ml
''ocamlfind ocamlopt -c -g -annot -bin-annot -thread -w -8-11-21-26-28 -package batteries -package zarith -package yojson -package pprint -I src/ocaml-output -I src/prettyprint/ml -I src/parser/ml -I src/fstar/ml -I src/basic/ml -I lib/ml -o src/ocaml-output/FStar_Universal.cmx src/ocaml-output/FStar_Universal.ml
''ocamlfind ocamlopt -c -g -annot -bin-annot -thread -w -8-11-21-26-28 -package batteries -package zarith -package yojson -package pprint -I src/ocaml-output -I src/prettyprint/ml -I src/parser/ml -I src/fstar/ml -I src/basic/ml -I lib/ml -o src/ocaml-output/FStar_FStar.cmx src/ocaml-output/FStar_FStar.ml
''ocamlfind ocamlopt -c -g -annot -bin-annot -thread -w -8-11-21-26-28 -package batteries -package zarith -package yojson -package pprint -I src/fstar/ml -I src/ocaml-output -I src/prettyprint/ml -I src/parser/ml -I src/basic/ml -I lib/ml -o src/fstar/ml/main.cmx src/fstar/ml/main.ml
''ocamlfind ocamlopt -linkpkg -thread -package batteries -package zarith -package yojson -package pprint lib/ml/FStar_All.cmx lib/ml/FStar_Char.cmx lib/ml/FStar_Float.cmx lib/ml/FStar_Int16.cmx lib/ml/FStar_Int32.cmx lib/ml/FStar_Int64.cmx lib/ml/FStar_Int8.cmx lib/ml/FStar_UInt16.cmx lib/ml/FStar_UInt8.cmx lib/ml/FStar_BaseTypes.cmx lib/ml/FStar_List.cmx lib/ml/FStar_Option.cmx lib/ml/FStar_ST.cmx lib/ml/FStar_String.cmx lib/ml/MkPrims.cmx lib/ml/prims.cmx src/basic/ml/FStar_Util.cmx src/basic/ml/FStar_Bytes.cmx src/basic/ml/FStar_Getopt.cmx src/basic/ml/FStar_Platform.cmx src/basic/ml/FStar_Range.cmx src/basic/ml/FStar_Unionfind.cmx src/ocaml-output/FStar_Ident.cmx src/ocaml-output/FStar_Const.cmx src/ocaml-output/FStar_Version.cmx src/ocaml-output/FStar_Options.cmx src/ocaml-output/FStar_Errors.cmx src/ocaml-output/FStar_Absyn_Syntax.cmx src/ocaml-output/FStar_Absyn_Const.cmx src/ocaml-output/FStar_Absyn_Visit.cmx src/ocaml-output/FStar_Absyn_Util.cmx src/ocaml-output/FStar_Absyn_Print.cmx src/ocaml-output/FStar_Syntax_Syntax.cmx src/ocaml-output/FStar_Syntax_Const.cmx src/ocaml-output/FStar_Syntax_Subst.cmx src/ocaml-output/FStar_Syntax_InstFV.cmx src/ocaml-output/FStar_Syntax_Util.cmx src/ocaml-output/FStar_Syntax_Print.cmx src/ocaml-output/FStar_Parser_AST.cmx src/parser/ml/FStar_Parser_Util.cmx src/ocaml-output/FStar_Parser_Parse.cmx src/parser/ml/FStar_Parser_LexFStar.cmx src/parser/ml/FStar_Parser_ParseIt.cmx src/ocaml-output/FStar_Parser_Driver.cmx src/ocaml-output/FStar_Parser_Dep.cmx src/ocaml-output/FStar_Dependencies.cmx src/ocaml-output/FStar_Extraction_ML_Syntax.cmx src/ocaml-output/FStar_Syntax_Free.cmx src/ocaml-output/FStar_TypeChecker_Common.cmx src/ocaml-output/FStar_TypeChecker_Env.cmx src/ocaml-output/FStar_Extraction_ML_UEnv.cmx src/ocaml-output/FStar_Extraction_ML_Util.cmx src/ocaml-output/FStar_Format.cmx src/ocaml-output/FStar_Extraction_ML_Code.cmx src/ocaml-output/FStar_Extraction_Kremlin.cmx src/ocaml-output/FStar_TypeChecker_Normalize.cmx src/ocaml-output/FStar_TypeChecker_Err.cmx src/ocaml-output/FStar_TypeChecker_Rel.cmx src/ocaml-output/FStar_TypeChecker_Util.cmx src/ocaml-output/FStar_TypeChecker_TcTerm.cmx src/ocaml-output/FStar_Extraction_ML_Term.cmx src/ocaml-output/FStar_Extraction_ML_Modul.cmx src/ocaml-output/FStar_Fsdoc_Generator.cmx src/prettyprint/ml/FStar_Pprint.cmx src/ocaml-output/FStar_Parser_ToDocument.cmx src/ocaml-output/FStar_Indent.cmx src/ocaml-output/FStar_SMTEncoding_Term.cmx src/ocaml-output/FStar_SMTEncoding_Util.cmx src/ocaml-output/FStar_SMTEncoding_Z3.cmx src/ocaml-output/FStar_SMTEncoding_ErrorReporting.cmx src/ocaml-output/FStar_SMTEncoding_Encode.cmx src/ocaml-output/FStar_SMTEncoding_SplitQueryCases.cmx src/ocaml-output/FStar_SMTEncoding_Solver.cmx src/ocaml-output/FStar_Interactive.cmx src/ocaml-output/FStar_Parser_DesugarEnv.cmx src/ocaml-output/FStar_Parser_Desugar.cmx src/ocaml-output/FStar_Parser_Interleave.cmx src/ocaml-output/FStar_Tc_Env.cmx src/ocaml-output/FStar_Tc_Recheck.cmx src/ocaml-output/FStar_Tc_Normalize.cmx src/ocaml-output/FStar_Tc_Errors.cmx src/ocaml-output/FStar_Tc_Rel.cmx src/ocaml-output/FStar_Tc_Util.cmx src/ocaml-output/FStar_Tc_Tc.cmx src/ocaml-output/FStar_ToSMT_Term.cmx src/ocaml-output/FStar_ToSMT_SplitQueryCases.cmx src/ocaml-output/FStar_ToSMT_Z3.cmx src/ocaml-output/FStar_ToSMT_Encode.cmx src/ocaml-output/FStar_Stratified.cmx src/ocaml-output/FStar_StratifiedExtraction_ML_Env.cmx src/ocaml-output/FStar_StratifiedExtraction_ML_Util.cmx src/ocaml-output/FStar_StratifiedExtraction_ML_ExtractTyp.cmx src/ocaml-output/FStar_StratifiedExtraction_ML_ExtractExp.cmx src/ocaml-output/FStar_StratifiedExtraction_ML_ExtractMod.cmx src/ocaml-output/FStar_Syntax_MutRecTy.cmx src/ocaml-output/FStar_ToSyntax_Env.cmx src/ocaml-output/FStar_ToSyntax_ToSyntax.cmx src/ocaml-output/FStar_TypeChecker_DMFF.cmx src/ocaml-output/FStar_TypeChecker_Tc.cmx src/ocaml-output/FStar_Universal.cmx src/ocaml-output/FStar_FStar.cmx src/fstar/ml/main.cmx -o src/fstar/ml/main.native
# Parallel statistics: { count(total): 26(249), max: 8, min: 2, average(total): 3.308(1.241) }
cp _build/src/fstar/ml/main.native ../../bin/fstar.exe
cp _build/src/fstar/ml/main.native ../../bin/fstar.ocaml
make[1]: Leaving directory '/cygdrive/c/Build/Agent/_work/1/s/src/ocaml-output'
make fstar-ocaml
make[1]: Entering directory '/cygdrive/c/Build/Agent/_work/1/s/src'
make ocaml
make[2]: Entering directory '/cygdrive/c/Build/Agent/_work/1/s/src'
make clean_ocaml_prep
make[3]: Entering directory '/cygdrive/c/Build/Agent/_work/1/s/src'
rm -rf boot_fsts boot_fstis
mkdir boot_fsts boot_fstis
cp basic/bytes.fsti boot_fstis/
make[3]: Leaving directory '/cygdrive/c/Build/Agent/_work/1/s/src'
make extract_ocaml_prep
make[3]: Entering directory '/cygdrive/c/Build/Agent/_work/1/s/src'
./tools/make_all_boot_fsts "basic/FStar.Options.fs basic/FStar.Ident.fs basic/FStar.Errors.fs basic/FStar.Const.fs format/FStar.Format.fs absyn/FStar.Absyn.Syntax.fs absyn/FStar.Absyn.Const.fs absyn/FStar.Absyn.Visit.fs absyn/FStar.Absyn.Util.fs absyn/FStar.Absyn.Print.fs syntax/FStar.Syntax.Syntax.fsi syntax/FStar.Syntax.Syntax.fs syntax/FStar.Syntax.Const.fs syntax/FStar.Syntax.Subst.fsi syntax/FStar.Syntax.Subst.fs syntax/FStar.Syntax.Free.fsi syntax/FStar.Syntax.Free.fs syntax/FStar.Syntax.InstFV.fsi syntax/FStar.Syntax.InstFV.fs syntax/FStar.Syntax.Util.fs syntax/FStar.Syntax.Print.fsi syntax/FStar.Syntax.Print.fs syntax/FStar.Syntax.MutRecTy.fsi syntax/FStar.Syntax.MutRecTy.fs tc/FStar.Tc.Env.fsi tc/FStar.Tc.Env.fs tc/FStar.Tc.Recheck.fs tc/FStar.Tc.Normalize.fsi tc/FStar.Tc.Normalize.fs tc/FStar.Tc.Errors.fs tc/FStar.Tc.Rel.fsi tc/FStar.Tc.Rel.fs tc/FStar.Tc.Util.fsi tc/FStar.Tc.Util.fs tc/FStar.Tc.Tc.fs tosmt/FStar.ToSMT.Term.fsi tosmt/FStar.ToSMT.Term.fs tosmt/FStar.ToSMT.Z3.fs tosmt/FStar.ToSMT.SplitQueryCases.fs tosmt/FStar.ToSMT.Encode.fs parser/FStar.Parser.ast.fs parser/FStar.Parser.Interleave.fs parser/FStar.Parser.Lexhelp.fs parser/parseit.fsi parser/FStar.Parser.Driver.fs parser/FStar.Parser.Dep.fs parser/FStar.Parser.ToDocument.fs desugar/FStar.Parser.DesugarEnv.fs desugar/FStar.Parser.Desugar.fs tosyntax/FStar.ToSyntax.Env.fsi tosyntax/FStar.ToSyntax.Env.fs tosyntax/FStar.ToSyntax.ToSyntax.fsi tosyntax/FStar.ToSyntax.ToSyntax.fs typechecker/FStar.TypeChecker.Common.fs typechecker/FStar.TypeChecker.Env.fsi typechecker/FStar.TypeChecker.Env.fs typechecker/FStar.TypeChecker.Normalize.fsi typechecker/FStar.TypeChecker.Normalize.fs typechecker/FStar.TypeChecker.Err.fs typechecker/FStar.TypeChecker.Rel.fsi typechecker/FStar.TypeChecker.Rel.fs typechecker/FStar.TypeChecker.Util.fsi typechecker/FStar.TypeChecker.Util.fs typechecker/FStar.TypeChecker.DMFF.fsi typechecker/FStar.TypeChecker.DMFF.fs typechecker/FStar.TypeChecker.TcTerm.fsi typechecker/FStar.TypeChecker.TcTerm.fs typechecker/FStar.TypeChecker.Tc.fsi typechecker/FStar.TypeChecker.Tc.fs extraction/FStar.Extraction.ML.Syntax.fs extraction/FStar.Extraction.ML.UEnv.fs extraction/FStar.Extraction.ML.Util.fs extraction/FStar.Extraction.ML.Code.fsi extraction/FStar.Extraction.ML.Code.fs extraction/FStar.Extraction.ML.Term.fs extraction/FStar.Extraction.ML.Modul.fs extraction/FStar.Extraction.kremlin.fs stratifiedextraction/FStar.StratifiedExtraction.ML.Env.fs stratifiedextraction/FStar.StratifiedExtraction.ML.Util.fs stratifiedextraction/FStar.StratifiedExtraction.ML.ExtractTyp.fs stratifiedextraction/FStar.StratifiedExtraction.ML.ExtractExp.fs stratifiedextraction/FStar.StratifiedExtraction.ML.ExtractMod.fs fsdoc/FStar.Fsdoc.Generator.fs smtencoding/FStar.SMTEncoding.Term.fsi smtencoding/FStar.SMTEncoding.Term.fs smtencoding/FStar.SMTEncoding.Util.fs smtencoding/FStar.SMTEncoding.Z3.fs smtencoding/FStar.SMTEncoding.SplitQueryCases.fs smtencoding/FStar.SMTEncoding.ErrorReporting.fs smtencoding/FStar.SMTEncoding.Encode.fs smtencoding/FStar.SMTEncoding.Solver.fs fstar/FStar.Dependencies.fs fstar/FStar.Interactive.fs fstar/FStar.Stratified.fs fstar/FStar.Universal.fs fstar/FStar.Indent.fs fstar/FStar.FStar.fs"
[make_all_boot_fsts]: full_name=FStar.Options, noext_file=basic/FStar.Options
Found an .fs; also found an .fsi
Found marker for basic/FStar.Options.fs at line 44
[make_all_boot_fsts]: full_name=FStar.Ident, noext_file=basic/FStar.Ident
Found an .fs; found no .fsi, doing a .fs  .fst copy
[make_all_boot_fsts]: full_name=FStar.Errors, noext_file=basic/FStar.Errors
Found an .fs; found no .fsi, doing a .fs  .fst copy
[make_all_boot_fsts]: full_name=FStar.Const, noext_file=basic/FStar.Const
Found an .fs; found no .fsi, doing a .fs  .fst copy
[make_all_boot_fsts]: full_name=FStar.Format, noext_file=format/FStar.Format
Found an .fs; found no .fsi, doing a .fs  .fst copy
[make_all_boot_fsts]: full_name=FStar.Absyn.Syntax, noext_file=absyn/FStar.Absyn.Syntax
Found an .fs; also found an .fsi
Found marker for absyn/FStar.Absyn.Syntax.fs at line 274
[make_all_boot_fsts]: full_name=FStar.Absyn.Const, noext_file=absyn/FStar.Absyn.Const
Found an .fs; found no .fsi, doing a .fs  .fst copy
[make_all_boot_fsts]: full_name=FStar.Absyn.Visit, noext_file=absyn/FStar.Absyn.Visit
Found an .fs; found no .fsi, doing a .fs  .fst copy
[make_all_boot_fsts]: full_name=FStar.Absyn.Util, noext_file=absyn/FStar.Absyn.Util
Found an .fs; found no .fsi, doing a .fs  .fst copy
[make_all_boot_fsts]: full_name=FStar.Absyn.Print, noext_file=absyn/FStar.Absyn.Print
Found an .fs; found no .fsi, doing a .fs  .fst copy
[make_all_boot_fsts]: full_name=FStar.Syntax.Syntax, noext_file=syntax/FStar.Syntax.Syntax.fsi
[make_all_boot_fsts]: full_name=FStar.Syntax.Syntax, noext_file=syntax/FStar.Syntax.Syntax
Found an .fs; also found an .fsi
Found marker for syntax/FStar.Syntax.Syntax.fs at line 348
[make_all_boot_fsts]: full_name=FStar.Syntax.Const, noext_file=syntax/FStar.Syntax.Const
Found an .fs; found no .fsi, doing a .fs  .fst copy
[make_all_boot_fsts]: full_name=FStar.Syntax.Subst, noext_file=syntax/FStar.Syntax.Subst.fsi
[make_all_boot_fsts]: full_name=FStar.Syntax.Subst, noext_file=syntax/FStar.Syntax.Subst
Found an .fs; also found an .fsi
Found marker for syntax/FStar.Syntax.Subst.fs at line 28
[make_all_boot_fsts]: full_name=FStar.Syntax.Free, noext_file=syntax/FStar.Syntax.Free.fsi
[make_all_boot_fsts]: full_name=FStar.Syntax.Free, noext_file=syntax/FStar.Syntax.Free
Found an .fs; also found an .fsi
Found marker for syntax/FStar.Syntax.Free.fs at line 26
[make_all_boot_fsts]: full_name=FStar.Syntax.InstFV, noext_file=syntax/FStar.Syntax.InstFV.fsi
[make_all_boot_fsts]: full_name=FStar.Syntax.InstFV, noext_file=syntax/FStar.Syntax.InstFV
Found an .fs; also found an .fsi
Found marker for syntax/FStar.Syntax.InstFV.fs at line 27
[make_all_boot_fsts]: full_name=FStar.Syntax.Util, noext_file=syntax/FStar.Syntax.Util
Found an .fs; found no .fsi, doing a .fs  .fst copy
[make_all_boot_fsts]: full_name=FStar.Syntax.Print, noext_file=syntax/FStar.Syntax.Print.fsi
[make_all_boot_fsts]: full_name=FStar.Syntax.Print, noext_file=syntax/FStar.Syntax.Print
Found an .fs; also found an .fsi
Found marker for syntax/FStar.Syntax.Print.fs at line 30
[make_all_boot_fsts]: full_name=FStar.Syntax.MutRecTy, noext_file=syntax/FStar.Syntax.MutRecTy.fsi
[make_all_boot_fsts]: full_name=FStar.Syntax.MutRecTy, noext_file=syntax/FStar.Syntax.MutRecTy
Found an .fs; also found an .fsi
Found marker for syntax/FStar.Syntax.MutRecTy.fs at line 28
[make_all_boot_fsts]: full_name=FStar.Tc.Env, noext_file=tc/FStar.Tc.Env.fsi
[make_all_boot_fsts]: full_name=FStar.Tc.Env, noext_file=tc/FStar.Tc.Env
Found an .fs; also found an .fsi
Found marker for tc/FStar.Tc.Env.fs at line 104
[make_all_boot_fsts]: full_name=FStar.Tc.Recheck, noext_file=tc/FStar.Tc.Recheck
Found an .fs; found no .fsi, doing a .fs  .fst copy
[make_all_boot_fsts]: full_name=FStar.Tc.Normalize, noext_file=tc/FStar.Tc.Normalize.fsi
[make_all_boot_fsts]: full_name=FStar.Tc.Normalize, noext_file=tc/FStar.Tc.Normalize
Found an .fs; also found an .fsi
Found marker for tc/FStar.Tc.Normalize.fs at line 56
[make_all_boot_fsts]: full_name=FStar.Tc.Errors, noext_file=tc/FStar.Tc.Errors
Found an .fs; found no .fsi, doing a .fs  .fst copy
[make_all_boot_fsts]: full_name=FStar.Tc.Rel, noext_file=tc/FStar.Tc.Rel.fsi
[make_all_boot_fsts]: full_name=FStar.Tc.Rel, noext_file=tc/FStar.Tc.Rel
Found an .fs; also found an .fsi
Found marker for tc/FStar.Tc.Rel.fs at line 117
[make_all_boot_fsts]: full_name=FStar.Tc.Util, noext_file=tc/FStar.Tc.Util.fsi
[make_all_boot_fsts]: full_name=FStar.Tc.Util, noext_file=tc/FStar.Tc.Util
Found an .fs; also found an .fsi
Found marker for tc/FStar.Tc.Util.fs at line 35
[make_all_boot_fsts]: full_name=FStar.Tc.Tc, noext_file=tc/FStar.Tc.Tc
Found an .fs; found no .fsi, doing a .fs  .fst copy
[make_all_boot_fsts]: full_name=FStar.ToSMT.Term, noext_file=tosmt/FStar.ToSMT.Term.fsi
[make_all_boot_fsts]: full_name=FStar.ToSMT.Term, noext_file=tosmt/FStar.ToSMT.Term
Found an .fs; also found an .fsi
Found marker for tosmt/FStar.ToSMT.Term.fs at line 113
[make_all_boot_fsts]: full_name=FStar.ToSMT.Z3, noext_file=tosmt/FStar.ToSMT.Z3
Found an .fs; found no .fsi, doing a .fs  .fst copy
[make_all_boot_fsts]: full_name=FStar.ToSMT.SplitQueryCases, noext_file=tosmt/FStar.ToSMT.SplitQueryCases
Found an .fs; found no .fsi, doing a .fs  .fst copy
[make_all_boot_fsts]: full_name=FStar.ToSMT.Encode, noext_file=tosmt/FStar.ToSMT.Encode
Found an .fs; found no .fsi, doing a .fs  .fst copy
[make_all_boot_fsts]: full_name=FStar.Parser.AST, noext_file=parser/FStar.Parser.ast
Found an .fs; found no .fsi, doing a .fs  .fst copy
[make_all_boot_fsts]: full_name=FStar.Parser.Interleave, noext_file=parser/FStar.Parser.Interleave
Found an .fs; found no .fsi, doing a .fs  .fst copy
[make_all_boot_fsts]: full_name=FStar.Parser.Lexhelp, noext_file=parser/FStar.Parser.Lexhelp
Found an .fs; found no .fsi, doing a .fs  .fst copy
[make_all_boot_fsts]: full_name=FStar.Parser.ParseIt, noext_file=parser/parseit.fsi
[make_all_boot_fsts]: full_name=FStar.Parser.Driver, noext_file=parser/FStar.Parser.Driver
Found an .fs; found no .fsi, doing a .fs  .fst copy
[make_all_boot_fsts]: full_name=FStar.Parser.Dep, noext_file=parser/FStar.Parser.Dep
Found an .fs; also found an .fsi
Found marker for parser/FStar.Parser.Dep.fs at line 53
[make_all_boot_fsts]: full_name=FStar.Parser.ToDocument, noext_file=parser/FStar.Parser.ToDocument
Found an .fs; also found an .fsi
Found marker for parser/FStar.Parser.ToDocument.fs at line 32
[make_all_boot_fsts]: full_name=FStar.Parser.DesugarEnv, noext_file=desugar/FStar.Parser.DesugarEnv
Found an .fs; also found an .fsi
Found marker for desugar/FStar.Parser.DesugarEnv.fs at line 77
[make_all_boot_fsts]: full_name=FStar.Parser.Desugar, noext_file=desugar/FStar.Parser.Desugar
Found an .fs; also found an .fsi
Found marker for desugar/FStar.Parser.Desugar.fs at line 31
[make_all_boot_fsts]: full_name=FStar.ToSyntax.Env, noext_file=tosyntax/FStar.ToSyntax.Env.fsi
[make_all_boot_fsts]: full_name=FStar.ToSyntax.Env, noext_file=tosyntax/FStar.ToSyntax.Env
Found an .fs; also found an .fsi
Found marker for tosyntax/FStar.ToSyntax.Env.fs at line 101
[make_all_boot_fsts]: full_name=FStar.ToSyntax.ToSyntax, noext_file=tosyntax/FStar.ToSyntax.ToSyntax.fsi
[make_all_boot_fsts]: full_name=FStar.ToSyntax.ToSyntax, noext_file=tosyntax/FStar.ToSyntax.ToSyntax
Found an .fs; also found an .fsi
Found marker for tosyntax/FStar.ToSyntax.ToSyntax.fs at line 35
[make_all_boot_fsts]: full_name=FStar.TypeChecker.Common, noext_file=typechecker/FStar.TypeChecker.Common
Found an .fs; found no .fsi, doing a .fs  .fst copy
[make_all_boot_fsts]: full_name=FStar.TypeChecker.Env, noext_file=typechecker/FStar.TypeChecker.Env.fsi
[make_all_boot_fsts]: full_name=FStar.TypeChecker.Env, noext_file=typechecker/FStar.TypeChecker.Env
Found an .fs; also found an .fsi
Found marker for typechecker/FStar.TypeChecker.Env.fs at line 111
[make_all_boot_fsts]: full_name=FStar.TypeChecker.Normalize, noext_file=typechecker/FStar.TypeChecker.Normalize.fsi
[make_all_boot_fsts]: full_name=FStar.TypeChecker.Normalize, noext_file=typechecker/FStar.TypeChecker.Normalize
Found an .fs; also found an .fsi
Found marker for typechecker/FStar.TypeChecker.Normalize.fs at line 102
[make_all_boot_fsts]: full_name=FStar.TypeChecker.Err, noext_file=typechecker/FStar.TypeChecker.Err
Found an .fs; found no .fsi, doing a .fs  .fst copy
[make_all_boot_fsts]: full_name=FStar.TypeChecker.Rel, noext_file=typechecker/FStar.TypeChecker.Rel.fsi
[make_all_boot_fsts]: full_name=FStar.TypeChecker.Rel, noext_file=typechecker/FStar.TypeChecker.Rel
Found an .fs; also found an .fsi
Found marker for typechecker/FStar.TypeChecker.Rel.fs at line 40
[make_all_boot_fsts]: full_name=FStar.TypeChecker.Util, noext_file=typechecker/FStar.TypeChecker.Util.fsi
[make_all_boot_fsts]: full_name=FStar.TypeChecker.Util, noext_file=typechecker/FStar.TypeChecker.Util
Found an .fs; also found an .fsi
Found marker for typechecker/FStar.TypeChecker.Util.fs at line 34
[make_all_boot_fsts]: full_name=FStar.TypeChecker.DMFF, noext_file=typechecker/FStar.TypeChecker.DMFF.fsi
[make_all_boot_fsts]: full_name=FStar.TypeChecker.DMFF, noext_file=typechecker/FStar.TypeChecker.DMFF
Found an .fs; also found an .fsi
Found marker for typechecker/FStar.TypeChecker.DMFF.fs at line 50
typechecker/FStar.TypeChecker.TcTerm.fsi does not contain an FStar module
[make_all_boot_fsts]: full_name=FStar.TypeChecker.TcTerm, noext_file=typechecker/FStar.TypeChecker.TcTerm
Found an .fs; also found an .fsi
Found marker for typechecker/FStar.TypeChecker.TcTerm.fs at line 40
[make_all_boot_fsts]: full_name=FStar.TypeChecker.Tc, noext_file=typechecker/FStar.TypeChecker.Tc.fsi
[make_all_boot_fsts]: full_name=FStar.TypeChecker.Tc, noext_file=typechecker/FStar.TypeChecker.Tc
Found an .fs; also found an .fsi
Found marker for typechecker/FStar.TypeChecker.Tc.fs at line 41
[make_all_boot_fsts]: full_name=FStar.Extraction.ML.Syntax, noext_file=extraction/FStar.Extraction.ML.Syntax
Found an .fs; found no .fsi, doing a .fs  .fst copy
[make_all_boot_fsts]: full_name=FStar.Extraction.ML.UEnv, noext_file=extraction/FStar.Extraction.ML.UEnv
Found an .fs; found no .fsi, doing a .fs  .fst copy
[make_all_boot_fsts]: full_name=FStar.Extraction.ML.Util, noext_file=extraction/FStar.Extraction.ML.Util
Found an .fs; found no .fsi, doing a .fs  .fst copy
[make_all_boot_fsts]: full_name=FStar.Extraction.ML.Code, noext_file=extraction/FStar.Extraction.ML.Code.fsi
[make_all_boot_fsts]: full_name=FStar.Extraction.ML.Code, noext_file=extraction/FStar.Extraction.ML.Code
Found an .fs; also found an .fsi
Found marker for extraction/FStar.Extraction.ML.Code.fs at line 29
[make_all_boot_fsts]: full_name=FStar.Extraction.ML.Term, noext_file=extraction/FStar.Extraction.ML.Term
Found an .fs; found no .fsi, doing a .fs  .fst copy
[make_all_boot_fsts]: full_name=FStar.Extraction.ML.Modul, noext_file=extraction/FStar.Extraction.ML.Modul
Found an .fs; found no .fsi, doing a .fs  .fst copy
[make_all_boot_fsts]: full_name=FStar.Extraction.Kremlin, noext_file=extraction/FStar.Extraction.kremlin
Found an .fs; found no .fsi, doing a .fs  .fst copy
[make_all_boot_fsts]: full_name=FStar.StratifiedExtraction.ML.Env, noext_file=stratifiedextraction/FStar.StratifiedExtraction.ML.Env
Found an .fs; found no .fsi, doing a .fs  .fst copy
[make_all_boot_fsts]: full_name=FStar.StratifiedExtraction.ML.Util, noext_file=stratifiedextraction/FStar.StratifiedExtraction.ML.Util
Found an .fs; found no .fsi, doing a .fs  .fst copy
[make_all_boot_fsts]: full_name=FStar.StratifiedExtraction.ML.ExtractTyp, noext_file=stratifiedextraction/FStar.StratifiedExtraction.ML.ExtractTyp
Found an .fs; found no .fsi, doing a .fs  .fst copy
[make_all_boot_fsts]: full_name=FStar.StratifiedExtraction.ML.ExtractExp, noext_file=stratifiedextraction/FStar.StratifiedExtraction.ML.ExtractExp
Found an .fs; found no .fsi, doing a .fs  .fst copy
[make_all_boot_fsts]: full_name=FStar.StratifiedExtraction.ML.ExtractMod, noext_file=stratifiedextraction/FStar.StratifiedExtraction.ML.ExtractMod
Found an .fs; found no .fsi, doing a .fs  .fst copy
[make_all_boot_fsts]: full_name=FStar.Fsdoc.Generator, noext_file=fsdoc/FStar.Fsdoc.Generator
Found an .fs; found no .fsi, doing a .fs  .fst copy
[make_all_boot_fsts]: full_name=FStar.SMTEncoding.Term, noext_file=smtencoding/FStar.SMTEncoding.Term.fsi
[make_all_boot_fsts]: full_name=FStar.SMTEncoding.Term, noext_file=smtencoding/FStar.SMTEncoding.Term
Found an .fs; also found an .fsi
Found marker for smtencoding/FStar.SMTEncoding.Term.fs at line 123
[make_all_boot_fsts]: full_name=FStar.SMTEncoding.Util, noext_file=smtencoding/FStar.SMTEncoding.Util
Found an .fs; found no .fsi, doing a .fs  .fst copy
[make_all_boot_fsts]: full_name=FStar.SMTEncoding.Z3, noext_file=smtencoding/FStar.SMTEncoding.Z3
Found an .fs; found no .fsi, doing a .fs  .fst copy
[make_all_boot_fsts]: full_name=FStar.SMTEncoding.SplitQueryCases, noext_file=smtencoding/FStar.SMTEncoding.SplitQueryCases
Found an .fs; found no .fsi, doing a .fs  .fst copy
[make_all_boot_fsts]: full_name=FStar.SMTEncoding.ErrorReporting, noext_file=smtencoding/FStar.SMTEncoding.ErrorReporting
Found an .fs; found no .fsi, doing a .fs  .fst copy
[make_all_boot_fsts]: full_name=FStar.SMTEncoding.Encode, noext_file=smtencoding/FStar.SMTEncoding.Encode
Found an .fs; found no .fsi, doing a .fs  .fst copy
[make_all_boot_fsts]: full_name=FStar.SMTEncoding.Solver, noext_file=smtencoding/FStar.SMTEncoding.Solver
Found an .fs; found no .fsi, doing a .fs  .fst copy
[make_all_boot_fsts]: full_name=FStar.Dependencies, noext_file=fstar/FStar.Dependencies
Found an .fs; found no .fsi, doing a .fs  .fst copy
[make_all_boot_fsts]: full_name=FStar.Interactive, noext_file=fstar/FStar.Interactive
Found an .fs; found no .fsi, doing a .fs  .fst copy
[make_all_boot_fsts]: full_name=FStar.Stratified, noext_file=fstar/FStar.Stratified
Found an .fs; found no .fsi, doing a .fs  .fst copy
[make_all_boot_fsts]: full_name=FStar.Universal, noext_file=fstar/FStar.Universal
Found an .fs; found no .fsi, doing a .fs  .fst copy
[make_all_boot_fsts]: full_name=FStar.Indent, noext_file=fstar/FStar.Indent
Found an .fs; found no .fsi, doing a .fs  .fst copy
[make_all_boot_fsts]: full_name=FStar.FStar, noext_file=fstar/FStar.FStar
Found an .fs; found no .fsi, doing a .fs  .fst copy
FStar.Options.fst FStar.Ident.fst FStar.Errors.fst FStar.Const.fst FStar.Format.fst FStar.Absyn.Syntax.fst FStar.Absyn.Const.fst FStar.Absyn.Visit.fst FStar.Absyn.Util.fst FStar.Absyn.Print.fst FStar.Syntax.Syntax.fst FStar.Syntax.Const.fst FStar.Syntax.Subst.fst FStar.Syntax.Free.fst FStar.Syntax.InstFV.fst FStar.Syntax.Util.fst FStar.Syntax.Print.fst FStar.Syntax.MutRecTy.fst FStar.Tc.Env.fst FStar.Tc.Recheck.fst FStar.Tc.Normalize.fst FStar.Tc.Errors.fst FStar.Tc.Rel.fst FStar.Tc.Util.fst FStar.Tc.Tc.fst FStar.ToSMT.Term.fst FStar.ToSMT.Z3.fst FStar.ToSMT.SplitQueryCases.fst FStar.ToSMT.Encode.fst FStar.Parser.AST.fst FStar.Parser.Interleave.fst FStar.Parser.Lexhelp.fst FStar.Parser.Driver.fst FStar.Parser.Dep.fst FStar.Parser.ToDocument.fst FStar.Parser.DesugarEnv.fst FStar.Parser.Desugar.fst FStar.ToSyntax.Env.fst FStar.ToSyntax.ToSyntax.fst FStar.TypeChecker.Common.fst FStar.TypeChecker.Env.fst FStar.TypeChecker.Normalize.fst FStar.TypeChecker.Err.fst FStar.TypeChecker.Rel.fst FStar.TypeChecker.Util.fst FStar.TypeChecker.DMFF.fst FStar.TypeChecker.TcTerm.fst FStar.TypeChecker.Tc.fst FStar.Extraction.ML.Syntax.fst FStar.Extraction.ML.UEnv.fst FStar.Extraction.ML.Util.fst FStar.Extraction.ML.Code.fst FStar.Extraction.ML.Term.fst FStar.Extraction.ML.Modul.fst FStar.Extraction.Kremlin.fst FStar.StratifiedExtraction.ML.Env.fst FStar.StratifiedExtraction.ML.Util.fst FStar.StratifiedExtraction.ML.ExtractTyp.fst FStar.StratifiedExtraction.ML.ExtractExp.fst FStar.StratifiedExtraction.ML.ExtractMod.fst FStar.Fsdoc.Generator.fst FStar.SMTEncoding.Term.fst FStar.SMTEncoding.Util.fst FStar.SMTEncoding.Z3.fst FStar.SMTEncoding.SplitQueryCases.fst FStar.SMTEncoding.ErrorReporting.fst FStar.SMTEncoding.Encode.fst FStar.SMTEncoding.Solver.fst FStar.Dependencies.fst FStar.Interactive.fst FStar.Stratified.fst FStar.Universal.fst FStar.Indent.fst FStar.FStar.fst
make[3]: Leaving directory '/cygdrive/c/Build/Agent/_work/1/s/src'
make extract_ocaml
make[3]: Entering directory '/cygdrive/c/Build/Agent/_work/1/s/src'
cat basic/util.fsi | sed 's/open System.IO//g' | sed 's/type time.*/new type time/g' | sed 's/type smap.*/new type smap : Type -> Type/g' | sed 's/type out_channel.*/new type out_channel/g' | sed 's/type file_handle.*/new type file_handle/g' | sed 's/type stream_reader.*/new type stream_reader/g' | sed 's/type string_builder.*/new type string_builder/g' | sed 's/type proc.*/new type proc/g' | sed 's/type set.*/new type set:Type -> Type/g' > ../lib/FStar.Util.fsti
cp basic/getopt.fsi ../lib/FStar.GetOpt.fsti
cat basic/unionfind.fsi | sed 's/type cell.*//g' | sed 's/and contents.*//g' | sed 's/.*| Data.*//g' | sed 's/.*| Fwd.*//g' | sed 's/type uvar.*/new type uvar : Type -> Type/g' > ../lib/FStar.Unionfind.fsti
cp basic/string.fsi boot_fstis/string.fsti
cp basic/platform.fsi boot_fstis/platform.fsti
cp basic/version.fsi boot_fstis/version.fsti
cp basic/range.fsi boot_fstis/range.fsti
cp prettyprint/prettyprint.fsi boot_fstis/FStar.Pprint.fsti
head -n -12 parser/parse.fsi > boot_fsts/FStar.Parser.Parse.fsti
cp parser/parseit.fsi boot_fsts/FStar.Parser.ParseIt.fsti
sed -i 's/module FStar.Parser.Parse/module FStar.Parser.Parse open FStar.BaseTypes type bytes = array<byte>/' boot_fsts/FStar.Parser.Parse.fsti
../bin/fstar.exe --stratified --explicit_deps --eager_inference \
--lax --fs_typ_app --no_location_info --no_extract FStar.Int8 --no_extract FStar.UInt8 --no_extract FStar.Int16 --no_extract FStar.UInt16 --no_extract FStar.Int32 --no_extract FStar.UInt32 --no_extract FStar.Int64 --no_extract FStar.UInt64 --odir ocaml-output --MLish  --codegen OCaml ../lib/allboot.fsti ../lib/stboot.fsti ../lib/list.fsti ../lib/option.fsti ../lib/FStar.Float.fsti ../lib/FStar.Char.fsti ../lib/FStar.Int8.fst ../lib/FStar.UInt8.fst ../lib/FStar.Int16.fst ../lib/FStar.UInt16.fst ../lib/FStar.Int32.fst ../lib/FStar.UInt32.fst ../lib/FStar.Int64.fst ../lib/FStar.UInt64.fst ../lib/FStar.BaseTypes.fsti ../lib/FStar.Util.fsti ../lib/FStar.GetOpt.fsti ../lib/FStar.Unionfind.fsti boot_fstis/string.fsti boot_fstis/bytes.fsti boot_fstis/platform.fsti boot_fstis/version.fsti boot_fstis/range.fsti boot_fstis/FStar.Pprint.fsti boot_fsts/FStar.Options.fst boot_fsts/FStar.Ident.fst boot_fsts/FStar.Const.fst boot_fsts/FStar.Errors.fst boot_fsts/FStar.Format.fst boot_fsts/FStar.Absyn.Syntax.fst boot_fsts/FStar.Absyn.Const.fst boot_fsts/FStar.Absyn.Visit.fst boot_fsts/FStar.Absyn.Util.fst boot_fsts/FStar.Absyn.Print.fst boot_fsts/FStar.Syntax.Syntax.fst boot_fsts/FStar.Syntax.Const.fst boot_fsts/FStar.Syntax.Subst.fst boot_fsts/FStar.Syntax.Free.fst boot_fsts/FStar.Syntax.InstFV.fst boot_fsts/FStar.Syntax.Util.fst boot_fsts/FStar.Syntax.Print.fst boot_fsts/FStar.Syntax.MutRecTy.fst boot_fsts/FStar.Tc.Env.fst boot_fsts/FStar.Tc.Recheck.fst boot_fsts/FStar.Tc.Normalize.fst boot_fsts/FStar.Tc.Errors.fst boot_fsts/FStar.Tc.Rel.fst boot_fsts/FStar.Tc.Util.fst boot_fsts/FStar.Tc.Tc.fst boot_fsts/FStar.ToSMT.Term.fst boot_fsts/FStar.ToSMT.Z3.fst boot_fsts/FStar.ToSMT.SplitQueryCases.fst boot_fsts/FStar.ToSMT.Encode.fst boot_fsts/FStar.TypeChecker.Common.fst boot_fsts/FStar.TypeChecker.Env.fst boot_fsts/FStar.TypeChecker.Normalize.fst boot_fsts/FStar.TypeChecker.Err.fst boot_fsts/FStar.TypeChecker.Rel.fst boot_fsts/FStar.TypeChecker.Util.fst boot_fsts/FStar.TypeChecker.DMFF.fst boot_fsts/FStar.TypeChecker.TcTerm.fst boot_fsts/FStar.TypeChecker.Tc.fst boot_fsts/FStar.Parser.AST.fst boot_fsts/FStar.Parser.Interleave.fst boot_fsts/FStar.Parser.ToDocument.fst boot_fsts/FStar.Parser.Parse.fsti boot_fsts/FStar.Parser.Lexhelp.fst boot_fsts/FStar.Parser.ParseIt.fsti boot_fsts/FStar.Parser.Driver.fst boot_fsts/FStar.Parser.Dep.fst boot_fsts/FStar.Parser.DesugarEnv.fst boot_fsts/FStar.Parser.Desugar.fst boot_fsts/FStar.ToSyntax.Env.fst boot_fsts/FStar.ToSyntax.ToSyntax.fst boot_fsts/FStar.Extraction.ML.Syntax.fst boot_fsts/FStar.Extraction.ML.UEnv.fst boot_fsts/FStar.Extraction.ML.Util.fst boot_fsts/FStar.Extraction.ML.Code.fst boot_fsts/FStar.Extraction.ML.Term.fst boot_fsts/FStar.Extraction.ML.Modul.fst boot_fsts/FStar.Extraction.Kremlin.fst boot_fsts/FStar.StratifiedExtraction.ML.Env.fst boot_fsts/FStar.StratifiedExtraction.ML.Util.fst boot_fsts/FStar.StratifiedExtraction.ML.ExtractTyp.fst boot_fsts/FStar.StratifiedExtraction.ML.ExtractExp.fst boot_fsts/FStar.StratifiedExtraction.ML.ExtractMod.fst boot_fsts/FStar.Fsdoc.Generator.fst boot_fsts/FStar.SMTEncoding.Term.fst boot_fsts/FStar.SMTEncoding.Util.fst boot_fsts/FStar.SMTEncoding.Z3.fst boot_fsts/FStar.SMTEncoding.SplitQueryCases.fst boot_fsts/FStar.SMTEncoding.ErrorReporting.fst boot_fsts/FStar.SMTEncoding.Encode.fst boot_fsts/FStar.SMTEncoding.Solver.fst boot_fsts/FStar.Dependencies.fst boot_fsts/FStar.Interactive.fst boot_fsts/FStar.Stratified.fst boot_fsts/FStar.Universal.fst boot_fsts/FStar.Indent.fst boot_fsts/FStar.FStar.fst
.\boot_fstis\FStar.Pprint.fsti(32,0-32,13) (Warning): Adding an implicit 'new' qualifier on document
.\boot_fsts\FStar.Absyn.Syntax.fst(443,0-443,104): Warning: Annotation from val declaration overrides inline type annotation
.\boot_fsts\FStar.Absyn.Syntax.fst(444,0-444,108): Warning: Annotation from val declaration overrides inline type annotation
.\boot_fsts\FStar.Absyn.Syntax.fst(484,0-484,110): Warning: Annotation from val declaration overrides inline type annotation
.\boot_fsts\FStar.Absyn.Syntax.fst(581,0-581,108): Warning: Annotation from val declaration overrides inline type annotation
.\boot_fsts\FStar.Syntax.Syntax.fst(456,0-456,33): Warning: Annotation from val declaration overrides inline type annotation
.\boot_fsts\FStar.Syntax.Syntax.fst(505,0-505,48): Warning: Annotation from val declaration overrides inline type annotation
.\boot_fsts\FStar.Syntax.Syntax.fst(506,0-506,76): Warning: Annotation from val declaration overrides inline type annotation
.\boot_fsts\FStar.Syntax.Syntax.fst(557,0-559,38): Warning: Annotation from val declaration overrides inline type annotation
.\boot_fsts\FStar.TypeChecker.Env.fst(366,0-370,35): Warning: Annotation from val declaration overrides inline type annotation
.\boot_fsts\FStar.TypeChecker.Util.fst(111,0-113,32): Warning: Annotation from val declaration overrides inline type annotation
All verification conditions discharged successfully
make[3]: Leaving directory '/cygdrive/c/Build/Agent/_work/1/s/src'
make[2]: Leaving directory '/cygdrive/c/Build/Agent/_work/1/s/src'
make boot-ocaml
make[2]: Entering directory '/cygdrive/c/Build/Agent/_work/1/s/src'
# +make -C ocaml-output clean
make -C ocaml-output all
make[3]: Entering directory '/cygdrive/c/Build/Agent/_work/1/s/src/ocaml-output'
cd ../../ && ocamlbuild -cflag '-g' -I src/ocaml-output -I src/basic/ml -I src/parser/ml -I src/fstar/ml -j 24 -build-dir src/ocaml-output/_build -I src/prettyprint/ml -I lib/ml -use-ocamlfind main.native
''ocamlfind ocamldep -package batteries -package zarith -package yojson -package pprint -modules src/ocaml-output/FStar_TypeChecker_TcTerm.ml > src/ocaml-output/FStar_TypeChecker_TcTerm.ml.depends
''ocamlfind ocamlc -c -g -annot -bin-annot -thread -w -8-11-21-26-28 -package batteries -package zarith -package yojson -package pprint -I src/ocaml-output -I src/prettyprint/ml -I src/parser/ml -I src/fstar/ml -I src/basic/ml -I lib/ml -o src/ocaml-output/FStar_TypeChecker_TcTerm.cmo src/ocaml-output/FStar_TypeChecker_TcTerm.ml
''ocamlfind ocamlopt -c -g -annot -bin-annot -thread -w -8-11-21-26-28 -package batteries -package zarith -package yojson -package pprint -I src/ocaml-output -I src/prettyprint/ml -I src/parser/ml -I src/fstar/ml -I src/basic/ml -I lib/ml -o src/ocaml-output/FStar_TypeChecker_TcTerm.cmx src/ocaml-output/FStar_TypeChecker_TcTerm.ml
''ocamlfind ocamlopt -c -g -annot -bin-annot -thread -w -8-11-21-26-28 -package batteries -package zarith -package yojson -package pprint -I src/ocaml-output -I src/prettyprint/ml -I src/parser/ml -I src/fstar/ml -I src/basic/ml -I lib/ml -o src/ocaml-output/FStar_Extraction_ML_Term.cmx src/ocaml-output/FStar_Extraction_ML_Term.ml
''ocamlfind ocamlopt -c -g -annot -bin-annot -thread -w -8-11-21-26-28 -package batteries -package zarith -package yojson -package pprint -I src/ocaml-output -I src/prettyprint/ml -I src/parser/ml -I src/fstar/ml -I src/basic/ml -I lib/ml -o src/ocaml-output/FStar_TypeChecker_Tc.cmx src/ocaml-output/FStar_TypeChecker_Tc.ml
''ocamlfind ocamlopt -c -g -annot -bin-annot -thread -w -8-11-21-26-28 -package batteries -package zarith -package yojson -package pprint -I src/ocaml-output -I src/prettyprint/ml -I src/parser/ml -I src/fstar/ml -I src/basic/ml -I lib/ml -o src/ocaml-output/FStar_Extraction_ML_Modul.cmx src/ocaml-output/FStar_Extraction_ML_Modul.ml
''ocamlfind ocamlopt -c -g -annot -bin-annot -thread -w -8-11-21-26-28 -package batteries -package zarith -package yojson -package pprint -I src/ocaml-output -I src/prettyprint/ml -I src/parser/ml -I src/fstar/ml -I src/basic/ml -I lib/ml -o src/ocaml-output/FStar_Universal.cmx src/ocaml-output/FStar_Universal.ml
''ocamlfind ocamlopt -c -g -annot -bin-annot -thread -w -8-11-21-26-28 -package batteries -package zarith -package yojson -package pprint -I src/ocaml-output -I src/prettyprint/ml -I src/parser/ml -I src/fstar/ml -I src/basic/ml -I lib/ml -o src/ocaml-output/FStar_FStar.cmx src/ocaml-output/FStar_FStar.ml
''ocamlfind ocamlopt -c -g -annot -bin-annot -thread -w -8-11-21-26-28 -package batteries -package zarith -package yojson -package pprint -I src/fstar/ml -I src/ocaml-output -I src/prettyprint/ml -I src/parser/ml -I src/basic/ml -I lib/ml -o src/fstar/ml/main.cmx src/fstar/ml/main.ml
''ocamlfind ocamlopt -linkpkg -thread -package batteries -package zarith -package yojson -package pprint lib/ml/FStar_All.cmx lib/ml/FStar_Char.cmx lib/ml/FStar_Float.cmx lib/ml/FStar_Int16.cmx lib/ml/FStar_Int32.cmx lib/ml/FStar_Int64.cmx lib/ml/FStar_Int8.cmx lib/ml/FStar_UInt16.cmx lib/ml/FStar_UInt8.cmx lib/ml/FStar_BaseTypes.cmx lib/ml/FStar_List.cmx lib/ml/FStar_Option.cmx lib/ml/FStar_ST.cmx lib/ml/FStar_String.cmx lib/ml/MkPrims.cmx lib/ml/prims.cmx src/basic/ml/FStar_Util.cmx src/basic/ml/FStar_Bytes.cmx src/basic/ml/FStar_Getopt.cmx src/basic/ml/FStar_Platform.cmx src/basic/ml/FStar_Range.cmx src/basic/ml/FStar_Unionfind.cmx src/ocaml-output/FStar_Ident.cmx src/ocaml-output/FStar_Const.cmx src/ocaml-output/FStar_Version.cmx src/ocaml-output/FStar_Options.cmx src/ocaml-output/FStar_Errors.cmx src/ocaml-output/FStar_Absyn_Syntax.cmx src/ocaml-output/FStar_Absyn_Const.cmx src/ocaml-output/FStar_Absyn_Visit.cmx src/ocaml-output/FStar_Absyn_Util.cmx src/ocaml-output/FStar_Absyn_Print.cmx src/ocaml-output/FStar_Syntax_Syntax.cmx src/ocaml-output/FStar_Syntax_Const.cmx src/ocaml-output/FStar_Syntax_Subst.cmx src/ocaml-output/FStar_Syntax_InstFV.cmx src/ocaml-output/FStar_Syntax_Util.cmx src/ocaml-output/FStar_Syntax_Print.cmx src/ocaml-output/FStar_Parser_AST.cmx src/parser/ml/FStar_Parser_Util.cmx src/ocaml-output/FStar_Parser_Parse.cmx src/parser/ml/FStar_Parser_LexFStar.cmx src/parser/ml/FStar_Parser_ParseIt.cmx src/ocaml-output/FStar_Parser_Driver.cmx src/ocaml-output/FStar_Parser_Dep.cmx src/ocaml-output/FStar_Dependencies.cmx src/ocaml-output/FStar_Extraction_ML_Syntax.cmx src/ocaml-output/FStar_Syntax_Free.cmx src/ocaml-output/FStar_TypeChecker_Common.cmx src/ocaml-output/FStar_TypeChecker_Env.cmx src/ocaml-output/FStar_Extraction_ML_UEnv.cmx src/ocaml-output/FStar_Extraction_ML_Util.cmx src/ocaml-output/FStar_Format.cmx src/ocaml-output/FStar_Extraction_ML_Code.cmx src/ocaml-output/FStar_Extraction_Kremlin.cmx src/ocaml-output/FStar_TypeChecker_Normalize.cmx src/ocaml-output/FStar_TypeChecker_Err.cmx src/ocaml-output/FStar_TypeChecker_Rel.cmx src/ocaml-output/FStar_TypeChecker_Util.cmx src/ocaml-output/FStar_TypeChecker_TcTerm.cmx src/ocaml-output/FStar_Extraction_ML_Term.cmx src/ocaml-output/FStar_Extraction_ML_Modul.cmx src/ocaml-output/FStar_Fsdoc_Generator.cmx src/prettyprint/ml/FStar_Pprint.cmx src/ocaml-output/FStar_Parser_ToDocument.cmx src/ocaml-output/FStar_Indent.cmx src/ocaml-output/FStar_SMTEncoding_Term.cmx src/ocaml-output/FStar_SMTEncoding_Util.cmx src/ocaml-output/FStar_SMTEncoding_Z3.cmx src/ocaml-output/FStar_SMTEncoding_ErrorReporting.cmx src/ocaml-output/FStar_SMTEncoding_Encode.cmx src/ocaml-output/FStar_SMTEncoding_SplitQueryCases.cmx src/ocaml-output/FStar_SMTEncoding_Solver.cmx src/ocaml-output/FStar_Interactive.cmx src/ocaml-output/FStar_Parser_DesugarEnv.cmx src/ocaml-output/FStar_Parser_Desugar.cmx src/ocaml-output/FStar_Parser_Interleave.cmx src/ocaml-output/FStar_Tc_Env.cmx src/ocaml-output/FStar_Tc_Recheck.cmx src/ocaml-output/FStar_Tc_Normalize.cmx src/ocaml-output/FStar_Tc_Errors.cmx src/ocaml-output/FStar_Tc_Rel.cmx src/ocaml-output/FStar_Tc_Util.cmx src/ocaml-output/FStar_Tc_Tc.cmx src/ocaml-output/FStar_ToSMT_Term.cmx src/ocaml-output/FStar_ToSMT_SplitQueryCases.cmx src/ocaml-output/FStar_ToSMT_Z3.cmx src/ocaml-output/FStar_ToSMT_Encode.cmx src/ocaml-output/FStar_Stratified.cmx src/ocaml-output/FStar_StratifiedExtraction_ML_Env.cmx src/ocaml-output/FStar_StratifiedExtraction_ML_Util.cmx src/ocaml-output/FStar_StratifiedExtraction_ML_ExtractTyp.cmx src/ocaml-output/FStar_StratifiedExtraction_ML_ExtractExp.cmx src/ocaml-output/FStar_StratifiedExtraction_ML_ExtractMod.cmx src/ocaml-output/FStar_Syntax_MutRecTy.cmx src/ocaml-output/FStar_ToSyntax_Env.cmx src/ocaml-output/FStar_ToSyntax_ToSyntax.cmx src/ocaml-output/FStar_TypeChecker_DMFF.cmx src/ocaml-output/FStar_TypeChecker_Tc.cmx src/ocaml-output/FStar_Universal.cmx src/ocaml-output/FStar_FStar.cmx src/fstar/ml/main.cmx -o src/fstar/ml/main.native
# Parallel statistics: { count(total): 1(308), max: 2, min: 2, average(total): 2.000(1.003) }
cp _build/src/fstar/ml/main.native ../../bin/fstar.exe
cp _build/src/fstar/ml/main.native ../../bin/fstar.ocaml
make[3]: Leaving directory '/cygdrive/c/Build/Agent/_work/1/s/src/ocaml-output'
make[2]: Leaving directory '/cygdrive/c/Build/Agent/_work/1/s/src'
make[1]: Leaving directory '/cygdrive/c/Build/Agent/_work/1/s/src'
make uregressions
make[1]: Entering directory '/cygdrive/c/Build/Agent/_work/1/s/src'
make -C ../ulib
make -C ../examples uall
make[2]: Entering directory '/cygdrive/c/Build/Agent/_work/1/s/ulib'
make[2]: Entering directory '/cygdrive/c/Build/Agent/_work/1/s/examples'
make -C bug-reports uall
make -C low-level uall
make -C data_structures uall
/cygdrive/c/Build/Agent/_work/1/s/bin/fstar.exe --trace_error --use_hints FStar.Int.fst
make -C algorithms uall
make -C crypto uall
make[3]: Entering directory '/cygdrive/c/Build/Agent/_work/1/s/examples/bug-reports'
make[3]: Nothing to be done for 'uall'.
make[3]: Leaving directory '/cygdrive/c/Build/Agent/_work/1/s/examples/bug-reports'
make[3]: Entering directory '/cygdrive/c/Build/Agent/_work/1/s/examples/low-level'
make -C crypto all
make -C termination uall
make -C software_foundations uall
make[3]: Entering directory '/cygdrive/c/Build/Agent/_work/1/s/examples/data_structures'
make[3]: Entering directory '/cygdrive/c/Build/Agent/_work/1/s/examples/algorithms'
make -C ../doc/tutorial/code/exercises uall
/cygdrive/c/Build/Agent/_work/1/s/bin/fstar.exe --trace_error --use_hints FStar.ST.fst
make[4]: Entering directory '/cygdrive/c/Build/Agent/_work/1/s/examples/low-level/crypto'
../../../bin/fstar.exe --fstar_home ../../.. --max_fuel 4 --initial_fuel 0 --max_ifuel 2 --initial_ifuel 0 --z3rlimit 20  --use_hints --trace_error \
--include ../../../ulib/hyperstack --include hacl \
--__temp_no_proj Crypto.Symmetric.MAC \
--verify_module Buffer.Utils \
Buffer.Utils.fst
make[3]: Entering directory '/cygdrive/c/Build/Agent/_work/1/s/examples/crypto'
make -C ../doc/tutorial/code/solutions uall
../../../bin/fstar.exe --fstar_home ../../.. --max_fuel 4 --initial_fuel 0 --max_ifuel 2 --initial_ifuel 0 --z3rlimit 20  --use_hints --trace_error \
--include ../../../ulib/hyperstack --include hacl \
--__temp_no_proj Crypto.Symmetric.MAC \
--verify_module Crypto.Symmetric.Bytes \
Crypto.Symmetric.Bytes.fst
../../../bin/fstar.exe --fstar_home ../../.. --max_fuel 4 --initial_fuel 0 --max_ifuel 2 --initial_ifuel 0 --z3rlimit 20  --use_hints --trace_error \
--include ../../../ulib/hyperstack --include hacl \
--__temp_no_proj Crypto.Symmetric.MAC \
--verify_module Crypto.Symmetric.Poly1305.Bigint \
Crypto.Symmetric.Poly1305.Bigint.fst
make[3]: Entering directory '/cygdrive/c/Build/Agent/_work/1/s/examples/termination'
make -C relational uall
../../../bin/fstar.exe --fstar_home ../../.. --max_fuel 4 --initial_fuel 0 --max_ifuel 2 --initial_ifuel 0 --z3rlimit 20  --use_hints --trace_error \
--include ../../../ulib/hyperstack --include hacl \
--__temp_no_proj Crypto.Symmetric.MAC \
--verify_module Crypto.Symmetric.Poly1305.Parameters \
Crypto.Symmetric.Poly1305.Parameters.fst
make -C relational/new uall
../../../bin/fstar.exe --fstar_home ../../.. --max_fuel 4 --initial_fuel 0 --max_ifuel 2 --initial_ifuel 0 --z3rlimit 20  --use_hints --trace_error \
--include ../../../ulib/hyperstack --include hacl \
--__temp_no_proj Crypto.Symmetric.MAC \
--verify_module Crypto.Symmetric.Poly1305.Bignum.Lemmas.Part1 \
Crypto.Symmetric.Poly1305.Bignum.Lemmas.Part1.fst
make[3]: Entering directory '/cygdrive/c/Build/Agent/_work/1/s/examples/software_foundations'
make[3]: Nothing to be done for 'uall'.
make[3]: Leaving directory '/cygdrive/c/Build/Agent/_work/1/s/examples/software_foundations'
../../../bin/fstar.exe --fstar_home ../../.. --max_fuel 4 --initial_fuel 0 --max_ifuel 2 --initial_ifuel 0 --z3rlimit 20  --use_hints --trace_error \
--include ../../../ulib/hyperstack --include hacl \
--__temp_no_proj Crypto.Symmetric.MAC \
--verify_module Crypto.Symmetric.Poly1305.Bignum.Lemmas.Part2 \
Crypto.Symmetric.Poly1305.Bignum.Lemmas.Part2.fst
make -C voting uall
../../../bin/fstar.exe --fstar_home ../../.. --max_fuel 4 --initial_fuel 0 --max_ifuel 2 --initial_ifuel 0 --z3rlimit 20  --use_hints --trace_error \
--include ../../../ulib/hyperstack --include hacl \
--__temp_no_proj Crypto.Symmetric.MAC \
--verify_module Crypto.Symmetric.Poly1305.Bignum.Lemmas.Part3 \
Crypto.Symmetric.Poly1305.Bignum.Lemmas.Part3.fst
make -C maths uall
../../../bin/fstar.exe --fstar_home ../../.. --max_fuel 4 --initial_fuel 0 --max_ifuel 2 --initial_ifuel 0 --z3rlimit 20  --use_hints --trace_error \
--include ../../../ulib/hyperstack --include hacl \
--__temp_no_proj Crypto.Symmetric.MAC \
--verify_module Crypto.Symmetric.Poly1305.Bignum.Lemmas.Part4 \
Crypto.Symmetric.Poly1305.Bignum.Lemmas.Part4.fst
/cygdrive/c/Build/Agent/_work/1/s/bin/fstar.exe --trace_error --use_hints --verify_module BinarySearchTree BinarySearchTree.fst
/cygdrive/c/Build/Agent/_work/1/s/bin/fstar.exe --trace_error --use_hints --verify_module BinarySearch BinarySearch.fst
../../../bin/fstar.exe --fstar_home ../../.. --max_fuel 4 --initial_fuel 0 --max_ifuel 2 --initial_ifuel 0 --z3rlimit 20  --use_hints --trace_error \
--include ../../../ulib/hyperstack --include hacl \
--__temp_no_proj Crypto.Symmetric.MAC \
--verify_module Crypto.Symmetric.Poly1305.Bignum.Lemmas.Part5 \
Crypto.Symmetric.Poly1305.Bignum.Lemmas.Part5.fst
make -C paradoxes uall
make[3]: Entering directory '/cygdrive/c/Build/Agent/_work/1/s/examples/relational'
make[3]: Nothing to be done for 'uall'.
make[3]: Leaving directory '/cygdrive/c/Build/Agent/_work/1/s/examples/relational'
../../../bin/fstar.exe --fstar_home ../../.. --max_fuel 4 --initial_fuel 0 --max_ifuel 2 --initial_ifuel 0 --z3rlimit 20  --use_hints --trace_error \
--include ../../../ulib/hyperstack --include hacl \
--__temp_no_proj Crypto.Symmetric.MAC \
--verify_module Crypto.Symmetric.Poly1305.Bignum.Lemmas.Part6 \
Crypto.Symmetric.Poly1305.Bignum.Lemmas.Part6.fst
make[3]: Entering directory '/cygdrive/c/Build/Agent/_work/1/s/doc/tutorial/code/exercises'
/cygdrive/c/Build/Agent/_work/1/s/bin/fstar.exe --trace_error --use_hints FStar.TwoLevelHeap.fst
make -C printf uall
make[3]: Entering directory '/cygdrive/c/Build/Agent/_work/1/s/doc/tutorial/code/solutions'
/cygdrive/c/Build/Agent/_work/1/s/bin/fstar.exe --trace_error --use_hints --verify_module wf wf.fst
/cygdrive/c/Build/Agent/_work/1/s/bin/fstar.exe --trace_error --use_hints --include ../../ucontrib/Platform/fst \
--include ../../ucontrib/CoreCrypto/fst \
--z3rlimit 20 AES.fst
make[3]: Entering directory '/cygdrive/c/Build/Agent/_work/1/s/examples/relational/new'
make[3]: Entering directory '/cygdrive/c/Build/Agent/_work/1/s/examples/voting'
make[3]: Nothing to be done for 'uall'.
make[3]: Leaving directory '/cygdrive/c/Build/Agent/_work/1/s/examples/voting'
make -C metatheory uall
make[3]: Entering directory '/cygdrive/c/Build/Agent/_work/1/s/examples/maths'
make[3]: Entering directory '/cygdrive/c/Build/Agent/_work/1/s/examples/paradoxes'
make[3]: Entering directory '/cygdrive/c/Build/Agent/_work/1/s/examples/printf'
/cygdrive/c/Build/Agent/_work/1/s/bin/fstar.exe --trace_error --use_hints --include ../../../..//ucontrib/Platform/fst --include ../../../..//ucontrib/CoreCrypto/fst Ex01a.fst
/cygdrive/c/Build/Agent/_work/1/s/bin/fstar.exe --trace_error   --use_hints rel.fst whilelanguage.fst ifc.fst ifcExample.fst
make[3]: Entering directory '/cygdrive/c/Build/Agent/_work/1/s/examples/metatheory'
/cygdrive/c/Build/Agent/_work/1/s/bin/fstar.exe --trace_error --use_hints --include ../../../..//ucontrib/Platform/fst --include ../../../..//ucontrib/CoreCrypto/fst Ex01a.fst
/cygdrive/c/Build/Agent/_work/1/s/bin/fstar.exe --trace_error --use_hints --verify_module Gcd Gcd.fst
/cygdrive/c/Build/Agent/_work/1/s/bin/fstar.exe --trace_error --use_hints PropositionalExtensionalityInconsistent.fst
/cygdrive/c/Build/Agent/_work/1/s/bin/fstar.exe --trace_error --use_hints --verify_module SimplePrintf SimplePrintf.fst
/cygdrive/c/Build/Agent/_work/1/s/bin/fstar.exe --trace_error --use_hints --verify_module ParSubst ParSubst.fst
Verified module: FStar.ST (70 milliseconds)
All verification conditions discharged successfully
/cygdrive/c/Build/Agent/_work/1/s/bin/fstar.exe --trace_error --use_hints FStar.Tcp.fst
.\Ex01a.fst(67,0-67,48): (Warning) Top-level let-bindings must be total; this term may have effects
Verified module: Ex01a (523 milliseconds)
All verification conditions discharged successfully
/cygdrive/c/Build/Agent/_work/1/s/bin/fstar.exe --trace_error --use_hints --include ../../../..//ucontrib/Platform/fst --include ../../../..//ucontrib/CoreCrypto/fst Ex02a.fst
Verified module: Wf (417 milliseconds)
All verification conditions discharged successfully
make[3]: Leaving directory '/cygdrive/c/Build/Agent/_work/1/s/examples/termination'
make -C verifythis uall
make[3]: Entering directory '/cygdrive/c/Build/Agent/_work/1/s/examples/verifythis'
make[3]: Nothing to be done for 'uall'.
make[3]: Leaving directory '/cygdrive/c/Build/Agent/_work/1/s/examples/verifythis'
make -C preorders uall
make[3]: Entering directory '/cygdrive/c/Build/Agent/_work/1/s/examples/preorders'
/cygdrive/c/Build/Agent/_work/1/s/bin/fstar.exe --trace_error --use_hints --verify_module ImmutableST ImmutableST.fst
Verified module: PropositionalExtensionalityInconsistent (891 milliseconds)
All verification conditions discharged successfully
make[3]: Leaving directory '/cygdrive/c/Build/Agent/_work/1/s/examples/paradoxes'
make -C dm4free uall
make[3]: Entering directory '/cygdrive/c/Build/Agent/_work/1/s/examples/dm4free'
/cygdrive/c/Build/Agent/_work/1/s/bin/fstar.exe --trace_error --use_hints FStar.DM4F.MonadLaws.fst
.\Ex01a.fst(57,0-57,48): (Warning) Top-level let-bindings must be total; this term may have effects
Verified module: Ex01a (1460 milliseconds)
All verification conditions discharged successfully
/cygdrive/c/Build/Agent/_work/1/s/bin/fstar.exe --trace_error --use_hints --include ../../../..//ucontrib/Platform/fst --include ../../../..//ucontrib/CoreCrypto/fst Ex02a.fst
Verified module: BinarySearchTree (1613 milliseconds)
All verification conditions discharged successfully
/cygdrive/c/Build/Agent/_work/1/s/bin/fstar.exe --trace_error --use_hints --verify_module BinarySearchTree0 BinarySearchTree0.fst
Verified module: Gcd (518 milliseconds)
All verification conditions discharged successfully
make[3]: Leaving directory '/cygdrive/c/Build/Agent/_work/1/s/examples/maths'
make -C incl uall
make[3]: Entering directory '/cygdrive/c/Build/Agent/_work/1/s/examples/incl'
/cygdrive/c/Build/Agent/_work/1/s/bin/fstar.exe --trace_error --use_hints --include open.pos --odir open.pos Test.fst
Verified module: ParSubst (2507 milliseconds)
All verification conditions discharged successfully
/cygdrive/c/Build/Agent/_work/1/s/bin/fstar.exe --trace_error --use_hints --verify_module StlcCbvDbPntSubstNoLists StlcCbvDbPntSubstNoLists.fst
Verified module: SimplePrintf (2569 milliseconds)
All verification conditions discharged successfully
make[3]: Leaving directory '/cygdrive/c/Build/Agent/_work/1/s/examples/printf'
make -C unit-tests uall
make[3]: Entering directory '/cygdrive/c/Build/Agent/_work/1/s/examples/unit-tests'
/cygdrive/c/Build/Agent/_work/1/s/bin/fstar.exe --trace_error --use_hints --verify_module FirstProofs FirstProofs.fst
Verified module: FStar.TwoLevelHeap (2163 milliseconds)
All verification conditions discharged successfully
/cygdrive/c/Build/Agent/_work/1/s/bin/fstar.exe --trace_error --use_hints FStar.Integers.fst
Verified module: FStar.Int (4365 milliseconds)
All verification conditions discharged successfully
/cygdrive/c/Build/Agent/_work/1/s/bin/fstar.exe --trace_error --use_hints FStar.UInt63.fst
Verified module: BinarySearch (3415 milliseconds)
All verification conditions discharged successfully
/cygdrive/c/Build/Agent/_work/1/s/bin/fstar.exe --trace_error --use_hints --verify_module IntSort IntSort.fst
Verified module: AES (434 milliseconds)
All verification conditions discharged successfully
/cygdrive/c/Build/Agent/_work/1/s/bin/fstar.exe --trace_error --use_hints --include ../../ucontrib/Platform/fst \
--include ../../ucontrib/CoreCrypto/fst \
--z3rlimit 20 Encrypt_SymEnc.fst
Unexpected error
Failure("k=(h0:heap -> h1:heap -> n:((fun h0 h1 -> nat) h0@1 h1@0) -> x:(?34294 h0@2 h1@1 n@0) -> y:((fun h0 h1 n x -> (dtuple2 ((fun h0 h1 n x -> (?34359 h0@3 h1@2 n@1 x@0)) h0@3 h1@2 n@1 x@0) (?34356 h0@3 h1@2 n@1 x@0))) h0@3 h1@2 n@1 x@0) -> Tot (uu___:((fun h0 h1 n x y -> (?34359 h0@4 h1@3 n@2 x@1)) h0@4 h1@3 n@2 x@1 y@0) -> Type))\nxs=h0, h1, n, x, y, uu___\nargs=h0 h1 n x y\nIll-formed substitutution")
Raised at file "pervasives.ml", line 30, characters 22-33
Called from file "src/ocaml-output/FStar_TypeChecker_Rel.ml", line 3542, characters 30-57
Called from file "src/ocaml-output/FStar_TypeChecker_Rel.ml", line 3197, characters 7-33
Called from file "src/ocaml-output/FStar_TypeChecker_Rel.ml", line 2587, characters 10-219
Called from file "src/ocaml-output/FStar_TypeChecker_Rel.ml", line 2015, characters 7-45
Called from file "src/ocaml-output/FStar_TypeChecker_Rel.ml", line 4650, characters 10-27
Called from file "src/ocaml-output/FStar_TypeChecker_Rel.ml", line 5049, characters 15-47
Called from file "src/ocaml-output/FStar_TypeChecker_TcTerm.ml", line 2196, characters 17-86
Called from file "src/ocaml-output/FStar_TypeChecker_TcTerm.ml", line 2516, characters 15-30
Called from file "src/ocaml-output/FStar_TypeChecker_TcTerm.ml", line 1054, characters 3-63
Called from file "src/ocaml-output/FStar_TypeChecker_TcTerm.ml", line 2188, characters 15-1023
Called from file "src/ocaml-output/FStar_TypeChecker_TcTerm.ml", line 2516, characters 15-30
Called from file "src/ocaml-output/FStar_TypeChecker_TcTerm.ml", line 1054, characters 3-63
Called from file "src/ocaml-output/FStar_TypeChecker_TcTerm.ml", line 2188, characters 15-1023
Called from file "src/ocaml-output/FStar_TypeChecker_TcTerm.ml", line 2516, characters 15-30
Called from file "src/ocaml-output/FStar_TypeChecker_TcTerm.ml", line 1054, characters 3-63
Called from file "src/ocaml-output/FStar_TypeChecker_TcTerm.ml", line 737, characters 3-23
Called from file "src/ocaml-output/FStar_TypeChecker_TcTerm.ml", line 2188, characters 15-1023
Called from file "src/ocaml-output/FStar_TypeChecker_TcTerm.ml", line 3787, characters 15-1023
Called from file "src/ocaml-output/FStar_TypeChecker_TcTerm.ml", line 3273, characters 15-48
Called from file "src/ocaml-output/FStar_TypeChecker_Tc.ml", line 3170, characters 22-1023
Called from file "src/ocaml-output/FStar_TypeChecker_Tc.ml", line 3354, characters 15-31
Called from file "list.ml", line 84, characters 24-34
Called from file "src/ocaml-output/FStar_TypeChecker_Tc.ml", line 3387, characters 15-753
Called from file "src/ocaml-output/FStar_TypeChecker_Tc.ml", line 3470, characters 15-68
Called from file "src/ocaml-output/FStar_TypeChecker_Tc.ml", line 3636, characters 15-43
/cygdrive/c/Build/Agent/_work/1/s/bin/fstar.exe --trace_error --use_hints --verify_module AllocST AllocST.fst
Called from file "src/basic/ml/FStar_Util.ml", line 44, characters 14-18
Called from file "src/ocaml-output/FStar_Universal.ml", line 168, characters 14-133
Called from file "list.ml", line 84, characters 24-34
Called from file "lib/ml/FStar_All.ml", line 3, characters 21-24
Called from file "src/ocaml-output/FStar_Universal.ml", line 291, characters 15-65
Called from file "src/ocaml-output/FStar_Universal.ml", line 316, characters 14-57
Called from file "src/ocaml-output/FStar_Universal.ml", line 327, characters 14-71
Called from file "src/ocaml-output/FStar_Universal.ml", line 363, characters 14-58
Called from file "src/ocaml-output/FStar_FStar.ml", line 234, characters 14-55
Called from file "src/ocaml-output/FStar_FStar.ml", line 296, characters 15-22

make[3]: *** [../Makefile.include:63: ImmutableST.uver] Error 1
Verified module: Ex02a (230 milliseconds)
All verification conditions discharged successfully
/cygdrive/c/Build/Agent/_work/1/s/bin/fstar.exe --trace_error --use_hints --include ../../../..//ucontrib/Platform/fst --include ../../../..//ucontrib/CoreCrypto/fst Ex03a.fst
Verified module: Test (21 milliseconds)
All verification conditions discharged successfully
Warning: Unable to open hints file: C:\Build\Agent\_work\1\s\examples\incl\Test.fst.hints; ran without hints
/cygdrive/c/Build/Agent/_work/1/s/bin/fstar.exe --trace_error --use_hints --include private.pos --odir private.pos Test.fst
Verified module: Ex02a (197 milliseconds)
All verification conditions discharged successfully
/cygdrive/c/Build/Agent/_work/1/s/bin/fstar.exe --trace_error --use_hints --include ../../../..//ucontrib/Platform/fst --include ../../../..//ucontrib/CoreCrypto/fst Ex03a.fst
Verified module: FStar.DM4F.MonadLaws (1001 milliseconds)
All verification conditions discharged successfully
/cygdrive/c/Build/Agent/_work/1/s/bin/fstar.exe --trace_error --use_hints Effects.Def.fst
Verified module: Crypto.Symmetric.Poly1305.Parameters (829 milliseconds)
All verification conditions discharged successfully
Verified module: BinarySearchTree0 (891 milliseconds)
All verification conditions discharged successfully
../../../bin/fstar.exe --fstar_home ../../.. --max_fuel 4 --initial_fuel 0 --max_ifuel 2 --initial_ifuel 0 --z3rlimit 20  --use_hints --trace_error \
--include ../../../ulib/hyperstack --include hacl \
--__temp_no_proj Crypto.Symmetric.MAC \
--verify_module Crypto.Symmetric.Poly1305.Bignum \
Crypto.Symmetric.Poly1305.Bignum.fst
/cygdrive/c/Build/Agent/_work/1/s/bin/fstar.exe --trace_error --use_hints --verify_module BinarySearchTreeBasic BinarySearchTreeBasic.fst
Verified module: FirstProofs (980 milliseconds)
All verification conditions discharged successfully
/cygdrive/c/Build/Agent/_work/1/s/bin/fstar.exe --trace_error --use_hints --verify_module ShortCircuit ShortCircuit.fst
Unexpected error
Failure("k=(h0:heap -> h1:heap -> n:((fun h0 h1 -> nat) h0@1 h1@0) -> x:(?34294 h0@2 h1@1 n@0) -> y:((fun h0 h1 n x -> (dtuple2 ((fun h0 h1 n x -> (?34359 h0@3 h1@2 n@1 x@0)) h0@3 h1@2 n@1 x@0) (?34356 h0@3 h1@2 n@1 x@0))) h0@3 h1@2 n@1 x@0) -> Tot (uu___:((fun h0 h1 n x y -> (?34359 h0@4 h1@3 n@2 x@1)) h0@4 h1@3 n@2 x@1 y@0) -> Type))\nxs=h0, h1, n, x, y, uu___\nargs=h0 h1 n x y\nIll-formed substitutution")
Raised at file "pervasives.ml", line 30, characters 22-33
Called from file "src/ocaml-output/FStar_TypeChecker_Rel.ml", line 3542, characters 30-57
Called from file "src/ocaml-output/FStar_TypeChecker_Rel.ml", line 3197, characters 7-33
Called from file "src/ocaml-output/FStar_TypeChecker_Rel.ml", line 2587, characters 10-219
Called from file "src/ocaml-output/FStar_TypeChecker_Rel.ml", line 2015, characters 7-45
Called from file "src/ocaml-output/FStar_TypeChecker_Rel.ml", line 4650, characters 10-27
Called from file "src/ocaml-output/FStar_TypeChecker_Rel.ml", line 5049, characters 15-47
Called from file "src/ocaml-output/FStar_TypeChecker_TcTerm.ml", line 2196, characters 17-86
Called from file "src/ocaml-output/FStar_TypeChecker_TcTerm.ml", line 2516, characters 15-30
Called from file "src/ocaml-output/FStar_TypeChecker_TcTerm.ml", line 1054, characters 3-63
Called from file "src/ocaml-output/FStar_TypeChecker_TcTerm.ml", line 2188, characters 15-1023
Called from file "src/ocaml-output/FStar_TypeChecker_TcTerm.ml", line 2516, characters 15-30
Called from file "src/ocaml-output/FStar_TypeChecker_TcTerm.ml", line 1054, characters 3-63
Called from file "src/ocaml-output/FStar_TypeChecker_TcTerm.ml", line 2188, characters 15-1023
Called from file "src/ocaml-output/FStar_TypeChecker_TcTerm.ml", line 2516, characters 15-30
Called from file "src/ocaml-output/FStar_TypeChecker_TcTerm.ml", line 1054, characters 3-63
Called from file "src/ocaml-output/FStar_TypeChecker_TcTerm.ml", line 737, characters 3-23
Called from file "src/ocaml-output/FStar_TypeChecker_TcTerm.ml", line 2188, characters 15-1023
Called from file "src/ocaml-output/FStar_TypeChecker_TcTerm.ml", line 3787, characters 15-1023
Called from file "src/ocaml-output/FStar_TypeChecker_TcTerm.ml", line 3273, characters 15-48
Called from file "src/ocaml-output/FStar_TypeChecker_Tc.ml", line 3170, characters 22-1023
Called from file "src/ocaml-output/FStar_TypeChecker_Tc.ml", line 3354, characters 15-31
Called from file "list.ml", line 84, characters 24-34
/cygdrive/c/Build/Agent/_work/1/s/bin/fstar.exe --trace_error --use_hints --verify_module NatHeap NatHeap.fst
Called from file "src/ocaml-output/FStar_TypeChecker_Tc.ml", line 3387, characters 15-753
Called from file "src/ocaml-output/FStar_TypeChecker_Tc.ml", line 3470, characters 15-68
Called from file "src/ocaml-output/FStar_TypeChecker_Tc.ml", line 3636, characters 15-43
Called from file "src/basic/ml/FStar_Util.ml", line 44, characters 14-18
Called from file "src/ocaml-output/FStar_Universal.ml", line 168, characters 14-133
Called from file "list.ml", line 84, characters 24-34
Called from file "lib/ml/FStar_All.ml", line 3, characters 21-24
Called from file "src/ocaml-output/FStar_Universal.ml", line 291, characters 15-65
Called from file "src/ocaml-output/FStar_Universal.ml", line 316, characters 14-57
Called from file "src/ocaml-output/FStar_Universal.ml", line 327, characters 14-71
Called from file "src/ocaml-output/FStar_Universal.ml", line 363, characters 14-58
Called from file "src/ocaml-output/FStar_FStar.ml", line 234, characters 14-55
Called from file "src/ocaml-output/FStar_FStar.ml", line 296, characters 15-22

make[3]: *** [../Makefile.include:63: AllocST.uver] Error 1
Verified module: Ex03a (205 milliseconds)
All verification conditions discharged successfully
/cygdrive/c/Build/Agent/_work/1/s/bin/fstar.exe --trace_error --use_hints --include ../../../..//ucontrib/Platform/fst --include ../../../..//ucontrib/CoreCrypto/fst Ex03b.fst
Verified module: FStar.Tcp (21 milliseconds)
All verification conditions discharged successfully
/cygdrive/c/Build/Agent/_work/1/s/bin/fstar.exe --trace_error --use_hints FStar.Bytes.fst
Verified module: Test (23 milliseconds)
All verification conditions discharged successfully
Warning: Unable to open hints file: C:\Build\Agent\_work\1\s\examples\incl\Test.fst.hints; ran without hints
/cygdrive/c/Build/Agent/_work/1/s/bin/fstar.exe --trace_error --use_hints --include shadow.pos --odir shadow.pos Test.fst
Verified module: Ex03a (173 milliseconds)
All verification conditions discharged successfully
/cygdrive/c/Build/Agent/_work/1/s/bin/fstar.exe --trace_error --use_hints --include ../../../..//ucontrib/Platform/fst --include ../../../..//ucontrib/CoreCrypto/fst Ex03b.fst
Verified module: IntSort (1532 milliseconds)
All verification conditions discharged successfully
/cygdrive/c/Build/Agent/_work/1/s/bin/fstar.exe --trace_error --use_hints --verify_module InsertionSort InsertionSort.fst
Verified module: Effects.Def (2216 milliseconds)
All verification conditions discharged successfully
/cygdrive/c/Build/Agent/_work/1/s/bin/fstar.exe --trace_error --use_hints FStar.DM4F.IntST.fst
Verified module: StlcCbvDbPntSubstNoLists (6262 milliseconds)
All verification conditions discharged successfully
/cygdrive/c/Build/Agent/_work/1/s/bin/fstar.exe --trace_error --use_hints --verify_module StlcStrongDbParSubst StlcStrongDbParSubst.fst
Verified module: Ex03b (119 milliseconds)
All verification conditions discharged successfully
/cygdrive/c/Build/Agent/_work/1/s/bin/fstar.exe --trace_error --use_hints --include ../../../..//ucontrib/Platform/fst --include ../../../..//ucontrib/CoreCrypto/fst Ex03c.fst
Verified module: ShortCircuit (1415 milliseconds)
All verification conditions discharged successfully
/cygdrive/c/Build/Agent/_work/1/s/bin/fstar.exe --trace_error --use_hints --verify_module Unit1.Projectors1 Unit1.Projectors1.fst
.\ifcExample.fst(10,0-10,15): (Warning) Top-level let-bindings must be total; this term may have effects
.\ifcExample.fst(11,0-11,15): (Warning) Top-level let-bindings must be total; this term may have effects
.\ifcExample.fst(12,0-12,15): (Warning) Top-level let-bindings must be total; this term may have effects
.\ifcExample.fst(13,0-13,17): (Warning) Top-level let-bindings must be total; this term may have effects
Verified module: Ex03b (120 milliseconds)
All verification conditions discharged successfully
/cygdrive/c/Build/Agent/_work/1/s/bin/fstar.exe --trace_error --use_hints --include ../../../..//ucontrib/Platform/fst --include ../../../..//ucontrib/CoreCrypto/fst Ex03c.fst
Verified module: Test (21 milliseconds)
All verification conditions discharged successfully
Warning: Unable to open hints file: C:\Build\Agent\_work\1\s\examples\incl\Test.fst.hints; ran without hints
/cygdrive/c/Build/Agent/_work/1/s/bin/fstar.exe --trace_error --use_hints --include trans.pos --odir trans.pos Test.fst
.\Encrypt_SymEnc.fst(29,0-29,18): (Warning) Top-level let-bindings must be total; this term may have effects
Verified module: InsertionSort (733 milliseconds)
All verification conditions discharged successfully
Verified module: NatHeap (3789 milliseconds)
All verification conditions discharged successfully
/cygdrive/c/Build/Agent/_work/1/s/bin/fstar.exe --trace_error --use_hints --verify_module MergeSort MergeSort.fst
/cygdrive/c/Build/Agent/_work/1/s/bin/fstar.exe --trace_error --use_hints --verify_module ImmutableSTwHeaps ImmutableSTwHeaps.fst
Verified module: Encrypt_SymEnc (2086 milliseconds)
All verification conditions discharged successfully
/cygdrive/c/Build/Agent/_work/1/s/bin/fstar.exe --trace_error --use_hints --include ../../ucontrib/Platform/fst \
--include ../../ucontrib/CoreCrypto/fst \
--z3rlimit 20 Encrypt_Sample.fst
Verified module: WhileLanguage (4043 milliseconds)
Verified module: Rel (1509 milliseconds)
Verified module: Ifc (9152 milliseconds)
Verified module: IfcExample (1967 milliseconds)
All verification conditions discharged successfully
/cygdrive/c/Build/Agent/_work/1/s/bin/fstar.exe --trace_error   --use_hints bijection.fst random_tapes.fst
Verified module: Ex03c (120 milliseconds)
All verification conditions discharged successfully
/cygdrive/c/Build/Agent/_work/1/s/bin/fstar.exe --trace_error --use_hints --include ../../../..//ucontrib/Platform/fst --include ../../../..//ucontrib/CoreCrypto/fst Ex04a.fst
Verified module: BinarySearchTreeBasic (6178 milliseconds)
All verification conditions discharged successfully
/cygdrive/c/Build/Agent/_work/1/s/bin/fstar.exe --trace_error --use_hints --verify_module BinarySearchTreeFirst BinarySearchTreeFirst.fst
Verified module: Test (19 milliseconds)
All verification conditions discharged successfully
Warning: Unable to open hints file: C:\Build\Agent\_work\1\s\examples\incl\Test.fst.hints; ran without hints
/cygdrive/c/Build/Agent/_work/1/s/bin/fstar.exe --trace_error --use_hints --include plain.pos --odir plain.pos Test.fst
Verified module: Ex03c (215 milliseconds)
All verification conditions discharged successfully
/cygdrive/c/Build/Agent/_work/1/s/bin/fstar.exe --trace_error --use_hints --include ../../../..//ucontrib/Platform/fst --include ../../../..//ucontrib/CoreCrypto/fst Ex04a.fst
Verified module: Bijection (167 milliseconds)
Verified module: Random_Tapes (723 milliseconds)
All verification conditions discharged successfully
/cygdrive/c/Build/Agent/_work/1/s/bin/fstar.exe --trace_error   --use_hints delimited_release.fst
Verified module: FStar.UInt63 (9824 milliseconds)
All verification conditions discharged successfully
Verified module: ImmutableSTwHeaps (1436 milliseconds)
All verification conditions discharged successfully
/cygdrive/c/Build/Agent/_work/1/s/bin/fstar.exe --trace_error --use_hints --verify_module ReifyTest ReifyTest.fst
/cygdrive/c/Build/Agent/_work/1/s/bin/fstar.exe --trace_error --use_hints FStar.Mul.fst
Verified module: FStar.Bytes (360 milliseconds)
All verification conditions discharged successfully
Verified module: Ex04a (194 milliseconds)
All verification conditions discharged successfully
/cygdrive/c/Build/Agent/_work/1/s/bin/fstar.exe --trace_error --use_hints FStar.Reader.fst
/cygdrive/c/Build/Agent/_work/1/s/bin/fstar.exe --trace_error --use_hints --include ../../../..//ucontrib/Platform/fst --include ../../../..//ucontrib/CoreCrypto/fst Ex04b.fst
Verified module: Test (18 milliseconds)
All verification conditions discharged successfully
Warning: Unable to open hints file: C:\Build\Agent\_work\1\s\examples\incl\Test.fst.hints; ran without hints
/cygdrive/c/Build/Agent/_work/1/s/bin/fstar.exe --trace_error --use_hints --include noshadow.pos --odir noshadow.pos Test.fst
Verified module: FStar.DM4F.IntST (5263 milliseconds)
All verification conditions discharged successfully
/cygdrive/c/Build/Agent/_work/1/s/bin/fstar.exe --trace_error --use_hints FStar.DM4F.Exceptions.fst
Verified module: Encrypt_Sample (27 milliseconds)
All verification conditions discharged successfully
/cygdrive/c/Build/Agent/_work/1/s/bin/fstar.exe --trace_error --use_hints --include ../../ucontrib/Platform/fst \
--include ../../ucontrib/CoreCrypto/fst \
--z3rlimit 20 SHA1.fst
Verified module: Crypto.Symmetric.Poly1305.Bigint (9457 milliseconds)
All verification conditions discharged successfully
../../../bin/fstar.exe --fstar_home ../../.. --max_fuel 4 --initial_fuel 0 --max_ifuel 2 --initial_ifuel 0 --z3rlimit 20  --use_hints --trace_error \
--include ../../../ulib/hyperstack --include hacl \
--__temp_no_proj Crypto.Symmetric.MAC \
--verify_module Crypto.Symmetric.Poly1305.Spec \
Crypto.Symmetric.Poly1305.Spec.fst
Verified module: BinarySearchTreeFirst (2183 milliseconds)
All verification conditions discharged successfully
/cygdrive/c/Build/Agent/_work/1/s/bin/fstar.exe --trace_error --use_hints --verify_module RBTree RBTree.fst
Verified module: Ex04a (322 milliseconds)
All verification conditions discharged successfully
/cygdrive/c/Build/Agent/_work/1/s/bin/fstar.exe --trace_error --use_hints --include ../../../..//ucontrib/Platform/fst --include ../../../..//ucontrib/CoreCrypto/fst Ex04b.fst
Verified module: MergeSort (5871 milliseconds)
All verification conditions discharged successfully
/cygdrive/c/Build/Agent/_work/1/s/bin/fstar.exe --trace_error --use_hints --verify_module QuickSort.List QuickSort.List.fst
Verified module: FStar.Reader (688 milliseconds)
All verification conditions discharged successfully
/cygdrive/c/Build/Agent/_work/1/s/bin/fstar.exe --trace_error --use_hints FStar.Classical.fst
Verified module: FStar.Mul (22 milliseconds)
All verification conditions discharged successfully
/cygdrive/c/Build/Agent/_work/1/s/bin/fstar.exe --trace_error --use_hints FStar.Constructive.fst
Verified module: Test (21 milliseconds)
All verification conditions discharged successfully
Warning: Unable to open hints file: C:\Build\Agent\_work\1\s\examples\incl\Test.fst.hints; ran without hints
/cygdrive/c/Build/Agent/_work/1/s/bin/fstar.exe --trace_error --use_hints --include field.pos --odir field.pos Test.fst
.\MRefHeap.fst(23,9-23,10) : (Error) (?34558 a r h m) is not a subtype of the expected type (dtuple2 (?34580 a r h m v) (?34581 a r h m v))
Unexpected error
FStar_Errors.Error(_)
Raised by primitive operation at file "src/batString.mlv", line 145, characters 30-54
Called from file "src/batReturn.ml", line 29, characters 6-29

/cygdrive/c/Build/Agent/_work/1/s/bin/fstar.exe --trace_error --use_hints --verify_module AllocSTwHeaps AllocSTwHeaps.fst
make[3]: *** [../Makefile.include:63: ReifyTest.uver] Error 1
Verified module: Ex04b (264 milliseconds)
All verification conditions discharged successfully
/cygdrive/c/Build/Agent/_work/1/s/bin/fstar.exe --trace_error --use_hints --include ../../../..//ucontrib/Platform/fst --include ../../../..//ucontrib/CoreCrypto/fst Ex04c.fst
Verified module: StlcStrongDbParSubst (9086 milliseconds)
All verification conditions discharged successfully
/cygdrive/c/Build/Agent/_work/1/s/bin/fstar.exe --trace_error --use_hints --verify_module StlcCbvDbParSubst StlcCbvDbParSubst.fst
Verified module: Ex04b (417 milliseconds)
All verification conditions discharged successfully
/cygdrive/c/Build/Agent/_work/1/s/bin/fstar.exe --trace_error --use_hints --include ../../../..//ucontrib/Platform/fst --include ../../../..//ucontrib/CoreCrypto/fst Ex04c.fst
Verified module: Test (21 milliseconds)
All verification conditions discharged successfully
Warning: Unable to open hints file: C:\Build\Agent\_work\1\s\examples\incl\Test.fst.hints; ran without hints
! /cygdrive/c/Build/Agent/_work/1/s/bin/fstar.exe --trace_error --use_hints --include plain.neg --odir plain.neg Test.fst > plain.neg/error.log 2>&1
Verified module: FStar.Classical (1558 milliseconds)
All verification conditions discharged successfully
/cygdrive/c/Build/Agent/_work/1/s/bin/fstar.exe --trace_error --use_hints FStar.Map.fst
Verified module: Unit1.Projectors1 (1432 milliseconds)
All verification conditions discharged successfully
/cygdrive/c/Build/Agent/_work/1/s/bin/fstar.exe --trace_error --use_hints --verify_module Unit1.Projectors2 Unit1.Projectors2.fst
Verified module: FStar.DM4F.Exceptions (4017 milliseconds)
All verification conditions discharged successfully
/cygdrive/c/Build/Agent/_work/1/s/bin/fstar.exe --trace_error --use_hints FStar.DM4F.ExnSt.fst
Verified module: FStar.Constructive (1709 milliseconds)
All verification conditions discharged successfully
/cygdrive/c/Build/Agent/_work/1/s/bin/fstar.exe --trace_error --use_hints FStar.OrdSetProps.fst
Verified module: Ex04c (351 milliseconds)
All verification conditions discharged successfully
/cygdrive/c/Build/Agent/_work/1/s/bin/fstar.exe --trace_error --use_hints --include ../../../..//ucontrib/Platform/fst --include ../../../..//ucontrib/CoreCrypto/fst Ex04e.fst
Verified module: SHA1 (420 milliseconds)
All verification conditions discharged successfully
/cygdrive/c/Build/Agent/_work/1/s/bin/fstar.exe --trace_error --use_hints --include ../../ucontrib/Platform/fst \
--include ../../ucontrib/CoreCrypto/fst \
--z3rlimit 20 MAC.fst
Verified module: AllocSTwHeaps (1557 milliseconds)
All verification conditions discharged successfully
/cygdrive/c/Build/Agent/_work/1/s/bin/fstar.exe --trace_error --use_hints --verify_module Preorder Preorder.fst
Verified module: Delimited_Release (7542 milliseconds)
All verification conditions discharged successfully
/cygdrive/c/Build/Agent/_work/1/s/bin/fstar.exe --trace_error   --use_hints recursive.fst
Verified module: Ex04c (841 milliseconds)
All verification conditions discharged successfully
/cygdrive/c/Build/Agent/_work/1/s/bin/fstar.exe --trace_error --use_hints --include ../../../..//ucontrib/Platform/fst --include ../../../..//ucontrib/CoreCrypto/fst Ex04e.fst
plain.neg failed as expected
! /cygdrive/c/Build/Agent/_work/1/s/bin/fstar.exe --trace_error --use_hints --include shadow.neg --odir shadow.neg Test.fst > shadow.neg/error.log 2>&1
Verified module: QuickSort.List (5339 milliseconds)
All verification conditions discharged successfully
/cygdrive/c/Build/Agent/_work/1/s/bin/fstar.exe --trace_error --use_hints --verify_module QuickSort.Seq QuickSort.Seq.fst
Verified module: Ex04e (431 milliseconds)
All verification conditions discharged successfully
/cygdrive/c/Build/Agent/_work/1/s/bin/fstar.exe --trace_error --use_hints --include ../../../..//ucontrib/Platform/fst --include ../../../..//ucontrib/CoreCrypto/fst Ex04f.fst
Verified module: Preorder (39 milliseconds)
All verification conditions discharged successfully
/cygdrive/c/Build/Agent/_work/1/s/bin/fstar.exe --trace_error --use_hints --record_hints --verify_module MRefHeap MRefHeap.fst
Verified module: FStar.OrdSetProps (719 milliseconds)
All verification conditions discharged successfully
/cygdrive/c/Build/Agent/_work/1/s/bin/fstar.exe --trace_error --use_hints FStar.SquashEffect.fst
Verified module: Recursive (534 milliseconds)
All verification conditions discharged successfully
make[3]: Leaving directory '/cygdrive/c/Build/Agent/_work/1/s/examples/relational/new'
! /cygdrive/c/Build/Agent/_work/1/s/bin/fstar.exe --trace_error --use_hints --include open.neg --odir open.neg Test.fst > open.neg/error.log 2>&1
Verified module: FStar.Map (3864 milliseconds)
All verification conditions discharged successfully
/cygdrive/c/Build/Agent/_work/1/s/bin/fstar.exe --trace_error --use_hints FStar.FunctionalExtensionality.fst
Verified module: Ex04e (755 milliseconds)
All verification conditions discharged successfully
/cygdrive/c/Build/Agent/_work/1/s/bin/fstar.exe --trace_error --use_hints --include ../../../..//ucontrib/Platform/fst --include ../../../..//ucontrib/CoreCrypto/fst Ex04f.fst
shadow.neg failed as expected
! /cygdrive/c/Build/Agent/_work/1/s/bin/fstar.exe --trace_error --use_hints --include private.neg --odir private.neg Test.fst > private.neg/error.log 2>&1
Verified module: Crypto.Symmetric.Poly1305.Bignum.Lemmas.Part6 (19183 milliseconds)
All verification conditions discharged successfully
../../../bin/fstar.exe --fstar_home ../../.. --max_fuel 4 --initial_fuel 0 --max_ifuel 2 --initial_ifuel 0 --z3rlimit 20  --use_hints --trace_error \
--include ../../../ulib/hyperstack --include hacl \
--__temp_no_proj Crypto.Symmetric.MAC \
--verify_module Crypto.Symmetric.GF128 \
Crypto.Symmetric.GF128.fst
Verified module: Crypto.Symmetric.Poly1305.Bignum.Lemmas.Part5 (12180 milliseconds)
All verification conditions discharged successfully
../../../bin/fstar.exe --fstar_home ../../.. --max_fuel 4 --initial_fuel 0 --max_ifuel 2 --initial_ifuel 0 --z3rlimit 20  --use_hints --trace_error \
--include ../../../ulib/hyperstack --include hacl \
--__temp_no_proj Crypto.Symmetric.MAC \
--verify_module Crypto.Symmetric.GCM \
Crypto.Symmetric.GCM.fst
Verified module: RBTree (11219 milliseconds)
All verification conditions discharged successfully
/cygdrive/c/Build/Agent/_work/1/s/bin/fstar.exe --trace_error --use_hints --explicit_deps ArrayRealized.fst Vector.fst
Verified module: Ex04f (322 milliseconds)
All verification conditions discharged successfully
/cygdrive/c/Build/Agent/_work/1/s/bin/fstar.exe --trace_error --use_hints --include ../../../..//ucontrib/Platform/fst --include ../../../..//ucontrib/CoreCrypto/fst Ex04g.fst
Verified module: Crypto.Symmetric.Poly1305.Bignum.Lemmas.Part1 (25273 milliseconds)
All verification conditions discharged successfully
Verified module: FStar.SquashEffect (265 milliseconds)
All verification conditions discharged successfully
../../../bin/fstar.exe --fstar_home ../../.. --max_fuel 4 --initial_fuel 0 --max_ifuel 2 --initial_ifuel 0 --z3rlimit 20  --use_hints --trace_error \
--include ../../../ulib/hyperstack --include hacl \
--__temp_no_proj Crypto.Symmetric.MAC \
--verify_module Crypto.Symmetric.MAC \
Crypto.Symmetric.MAC.fst
/cygdrive/c/Build/Agent/_work/1/s/bin/fstar.exe --trace_error --use_hints FStar.MarkovsPrinciple.fst
Verified module: FStar.DM4F.ExnSt (4188 milliseconds)
All verification conditions discharged successfully
Verified module: StlcCbvDbParSubst (8337 milliseconds)
All verification conditions discharged successfully
/cygdrive/c/Build/Agent/_work/1/s/bin/fstar.exe --trace_error --use_hints FStar.DM4F.StExn.fst
/cygdrive/c/Build/Agent/_work/1/s/bin/fstar.exe --trace_error --use_hints LambdaOmega.fst --max_fuel 1 --max_ifuel 1 --initial_fuel 1
.\MAC.fst(45,0-45,35): (Warning) Top-level let-bindings must be total; this term may have effects
Verified module: Unit1.Projectors2 (23 milliseconds)
All verification conditions discharged successfully
/cygdrive/c/Build/Agent/_work/1/s/bin/fstar.exe --trace_error --use_hints --verify_module Unit1.UnificationTests Unit1.UnificationTests.fst
Verified module: MAC (969 milliseconds)
All verification conditions discharged successfully
/cygdrive/c/Build/Agent/_work/1/s/bin/fstar.exe --trace_error --use_hints --include ../../ucontrib/Platform/fst \
--include ../../ucontrib/CoreCrypto/fst \
--z3rlimit 20 Sig.fst
open.neg failed as expected
! /cygdrive/c/Build/Agent/_work/1/s/bin/fstar.exe --trace_error --use_hints --include trans.neg --odir trans.neg Test.fst > trans.neg/error.log 2>&1
Verified module: FStar.FunctionalExtensionality (204 milliseconds)
All verification conditions discharged successfully
/cygdrive/c/Build/Agent/_work/1/s/bin/fstar.exe --trace_error --use_hints FStar.List.fst
Verified module: Ex04f (1084 milliseconds)
All verification conditions discharged successfully
/cygdrive/c/Build/Agent/_work/1/s/bin/fstar.exe --trace_error --use_hints --include ../../../..//ucontrib/Platform/fst --include ../../../..//ucontrib/CoreCrypto/fst Ex04g.fst
Verified module: Crypto.Symmetric.Poly1305.Bignum.Lemmas.Part2 (26629 milliseconds)
All verification conditions discharged successfully
../../../bin/fstar.exe --fstar_home ../../.. --max_fuel 4 --initial_fuel 0 --max_ifuel 2 --initial_ifuel 0 --z3rlimit 20  --use_hints --trace_error \
--include ../../../ulib/hyperstack --include hacl \
--__temp_no_proj Crypto.Symmetric.MAC \
--verify_module Crypto.Symmetric.UF1CMA \
Crypto.Symmetric.UF1CMA.fst
Verified module: FStar.MarkovsPrinciple (20 milliseconds)
All verification conditions discharged successfully
/cygdrive/c/Build/Agent/_work/1/s/bin/fstar.exe --trace_error --use_hints FStar.Array.fst
.\Ex04g.fst(5,4-5,6): Warning: Admitting tl without a definition
.\Ex04g.fst(4,4-4,6): Warning: Admitting hd without a definition
Verified module: Ex04g (16 milliseconds)
All verification conditions discharged successfully
/cygdrive/c/Build/Agent/_work/1/s/bin/fstar.exe --trace_error --use_hints --include ../../../..//ucontrib/Platform/fst --include ../../../..//ucontrib/CoreCrypto/fst Ex04h.fst
private.neg failed as expected
! /cygdrive/c/Build/Agent/_work/1/s/bin/fstar.exe --trace_error --use_hints --include noshadow.neg --odir noshadow.neg Test.fst > noshadow.neg/error.log 2>&1
All verification conditions discharged successfully
make[3]: Leaving directory '/cygdrive/c/Build/Agent/_work/1/s/examples/data_structures'
/cygdrive/c/Build/Agent/_work/1/s/bin/fstar.exe --trace_error --use_hints --include ../../ulib/hyperstack \
--include ../../ucontrib/Platform/fst \
--include ../../ucontrib/CoreCrypto/fst \
--z3rlimit 20 EtM.Plain.fst
.\Unit1.UnificationTests.fst(2,0-2,20) (Warning): Adding an implicit 'assume new' qualifier on t
Verified module: Unit1.UnificationTests (26 milliseconds)
All verification conditions discharged successfully
/cygdrive/c/Build/Agent/_work/1/s/bin/fstar.exe --trace_error --use_hints --verify_module TestTwoLevelHeap TestTwoLevelHeap.fst
Verified module: FStar.Integers (24851 milliseconds)
All verification conditions discharged successfully
/cygdrive/c/Build/Agent/_work/1/s/bin/fstar.exe --trace_error --use_hints FStar.BitVector.fst
trans.neg failed as expected
../../../bin/fstar.exe --fstar_home ../../.. --max_fuel 4 --initial_fuel 0 --max_ifuel 2 --initial_ifuel 0 --z3rlimit 20  --use_hints --trace_error \
--include ../../../ulib/hyperstack --include hacl \
--__temp_no_proj Crypto.Symmetric.MAC \
--verify_module Crypto.Symmetric.AES \
Crypto.Symmetric.AES.fst
Verified module: Ex04g (175 milliseconds)
All verification conditions discharged successfully
/cygdrive/c/Build/Agent/_work/1/s/bin/fstar.exe --trace_error --use_hints --include ../../../..//ucontrib/Platform/fst --include ../../../..//ucontrib/CoreCrypto/fst Ex04h.fst
Verified module: MRefHeap (5608 milliseconds)
All verification conditions discharged successfully
/cygdrive/c/Build/Agent/_work/1/s/bin/fstar.exe --trace_error --use_hints --verify_module SnapshotST SnapshotST.fst
Verified module: Ex04h (23 milliseconds)
All verification conditions discharged successfully
/cygdrive/c/Build/Agent/_work/1/s/bin/fstar.exe --trace_error --use_hints --include ../../../..//ucontrib/Platform/fst --include ../../../..//ucontrib/CoreCrypto/fst Ex05a.fst
noshadow.neg failed as expected
make[3]: Leaving directory '/cygdrive/c/Build/Agent/_work/1/s/examples/incl'
/cygdrive/c/Build/Agent/_work/1/s/bin/fstar.exe --trace_error --use_hints --verify_module QuickSort.Array QuickSort.Array.fst
Verified module: QuickSort.Seq (5088 milliseconds)
All verification conditions discharged successfully
/cygdrive/c/Build/Agent/_work/1/s/bin/fstar.exe --trace_error --use_hints FStar.DM4F.ST.fst
Verified module: TestTwoLevelHeap (355 milliseconds)
All verification conditions discharged successfully
/cygdrive/c/Build/Agent/_work/1/s/bin/fstar.exe --trace_error --use_hints --verify_module TestMRef TestMRef.fst
Verified module: Sig (1153 milliseconds)
All verification conditions discharged successfully
.\Ex05a.fst(28,4-28,13): Warning: Admitting rev_is_ok without a definition
Verified module: Ex04h (317 milliseconds)
All verification conditions discharged successfully
/cygdrive/c/Build/Agent/_work/1/s/bin/fstar.exe --trace_error --use_hints --include ../../../..//ucontrib/Platform/fst --include ../../../..//ucontrib/CoreCrypto/fst Ex05a.fst
Verified module: FStar.List (3608 milliseconds)
All verification conditions discharged successfully
/cygdrive/c/Build/Agent/_work/1/s/bin/fstar.exe --trace_error --use_hints --include ../../ulib/hyperstack \
--include ../../ucontrib/Platform/fst \
--include ../../ucontrib/CoreCrypto/fst \
--z3rlimit 20 EtM.MAC.fst
../../../bin/fstar.exe --fstar_home ../../.. --max_fuel 4 --initial_fuel 0 --max_ifuel 2 --initial_ifuel 0 --z3rlimit 20  --use_hints --trace_error \
--include ../../../ulib/hyperstack --include hacl \
--__temp_no_proj Crypto.Symmetric.MAC \
--verify_module Crypto.Symmetric.AES128 \
Crypto.Symmetric.AES128.fst
Verified module: Ex05a (555 milliseconds)
All verification conditions discharged successfully
/cygdrive/c/Build/Agent/_work/1/s/bin/fstar.exe --trace_error --use_hints --include ../../../..//ucontrib/Platform/fst --include ../../../..//ucontrib/CoreCrypto/fst Ex05b.fst
Verified module: FStar.DM4F.StExn (7041 milliseconds)
All verification conditions discharged successfully
/cygdrive/c/Build/Agent/_work/1/s/bin/fstar.exe --trace_error --use_hints FStar.DM4F.Heap.fst
Verified module: SnapshotST (3118 milliseconds)
All verification conditions discharged successfully
/cygdrive/c/Build/Agent/_work/1/s/bin/fstar.exe --trace_error --use_hints --verify_module ReifyTestTSST ReifyTestTSST.fst
Verified module: EtM.Plain (22 milliseconds)
All verification conditions discharged successfully
/cygdrive/c/Build/Agent/_work/1/s/bin/fstar.exe --trace_error --use_hints --include ../../ulib/hyperstack \
--include ../../ucontrib/Platform/fst \
--include ../../ucontrib/CoreCrypto/fst \
--z3rlimit 20 EtM.CPA.fst
.\TestMRef.fst(8,0-8,20): (Warning) Top-level let-bindings must be total; this term may have effects
Verified module: FStar.Array (4640 milliseconds)
All verification conditions discharged successfully
/cygdrive/c/Build/Agent/_work/1/s/bin/fstar.exe --trace_error --use_hints FStar.Set.fst
Verified module: FStar.DM4F.ST (3072 milliseconds)
All verification conditions discharged successfully
/cygdrive/c/Build/Agent/_work/1/s/bin/fstar.exe --trace_error --use_hints FStar.DM4F.Heap.ST.fst
Verified module: TestMRef (1001 milliseconds)
All verification conditions discharged successfully
make -C universes
make[4]: Entering directory '/cygdrive/c/Build/Agent/_work/1/s/examples/unit-tests/universes'
/cygdrive/c/Build/Agent/_work/1/s/bin/fstar.exe --trace_error --use_hints --verify_module Unit1.Basic Unit1.Basic.fst
Verified module: Ex05b (363 milliseconds)
All verification conditions discharged successfully
/cygdrive/c/Build/Agent/_work/1/s/bin/fstar.exe --trace_error --use_hints --include ../../../..//ucontrib/Platform/fst --include ../../../..//ucontrib/CoreCrypto/fst Ex06a.fst
Verified module: Ex05a (1116 milliseconds)
All verification conditions discharged successfully
/cygdrive/c/Build/Agent/_work/1/s/bin/fstar.exe --trace_error --use_hints --include ../../../..//ucontrib/Platform/fst --include ../../../..//ucontrib/CoreCrypto/fst Ex05b.fst
Verified module: QuickSort.Array (3059 milliseconds)
All verification conditions discharged successfully
/cygdrive/c/Build/Agent/_work/1/s/bin/fstar.exe --trace_error --use_hints --verify_module GC GC.fst
Verified module: FStar.DM4F.Heap (1658 milliseconds)
All verification conditions discharged successfully
/cygdrive/c/Build/Agent/_work/1/s/bin/fstar.exe --trace_error --use_hints FStar.DM4F.StExnC.fst
Verified module: FStar.BitVector (6964 milliseconds)
All verification conditions discharged successfully
/cygdrive/c/Build/Agent/_work/1/s/bin/fstar.exe --trace_error --use_hints FStar.UInt32.fst
Verified module: Crypto.Symmetric.Poly1305.Spec (14589 milliseconds)
All verification conditions discharged successfully
../../../bin/fstar.exe --fstar_home ../../.. --max_fuel 4 --initial_fuel 0 --max_ifuel 2 --initial_ifuel 0 --z3rlimit 20  --use_hints --trace_error \
--include ../../../ulib/hyperstack --include hacl \
--__temp_no_proj Crypto.Symmetric.MAC \
--verify_module Crypto.Symmetric.Chacha20 \
Crypto.Symmetric.Chacha20.fst
.\Ex06a.fst(5,4-5,13): Warning: Admitting partition without a definition
Verified module: Ex06a (19 milliseconds)
All verification conditions discharged successfully
/cygdrive/c/Build/Agent/_work/1/s/bin/fstar.exe --trace_error --use_hints --include ../../../..//ucontrib/Platform/fst --include ../../../..//ucontrib/CoreCrypto/fst Ex06b.fst
Verified module: ReifyTestTSST (1327 milliseconds)
All verification conditions discharged successfully
/cygdrive/c/Build/Agent/_work/1/s/bin/fstar.exe --trace_error --use_hints --verify_module MRefST MRefST.fst
Verified module: FStar.Set (2136 milliseconds)
All verification conditions discharged successfully
/cygdrive/c/Build/Agent/_work/1/s/bin/fstar.exe --trace_error --use_hints FStar.Squash.fst
Verified module: Ex05b (1519 milliseconds)
All verification conditions discharged successfully
/cygdrive/c/Build/Agent/_work/1/s/bin/fstar.exe --trace_error --use_hints --include ../../../..//ucontrib/Platform/fst --include ../../../..//ucontrib/CoreCrypto/fst Ex06a.fst
.\MRefHeap.fst(23,9-23,10) : (Error) (?34558 a r h m) is not a subtype of the expected type (dtuple2 (?34580 a r h m v) (?34581 a r h m v))
Unexpected error
FStar_Errors.Error(_)
Raised by primitive operation at file "src/batString.mlv", line 145, characters 30-54
Called from file "src/batReturn.ml", line 29, characters 6-29

make[3]: *** [../Makefile.include:63: MRefST.uver] Error 1
make[3]: Leaving directory '/cygdrive/c/Build/Agent/_work/1/s/examples/preorders'
make[3]: Target 'uall' not remade because of errors.
make[2]: *** [Makefile:49: preorders.uall] Error 2
/cygdrive/c/Build/Agent/_work/1/s/bin/fstar.exe --trace_error --use_hints --include ../../../..//ucontrib/Platform/fst --include ../../../..//ucontrib/CoreCrypto/fst Ex06e.fst
Verified module: Crypto.Symmetric.Poly1305.Bignum.Lemmas.Part4 (37823 milliseconds)
All verification conditions discharged successfully
Verified module: EtM.MAC (2185 milliseconds)
All verification conditions discharged successfully
../../../bin/fstar.exe --fstar_home ../../.. --max_fuel 4 --initial_fuel 0 --max_ifuel 2 --initial_ifuel 0 --z3rlimit 20  --use_hints --trace_error \
--include ../../../ulib/hyperstack --include hacl \
--__temp_no_proj Crypto.Symmetric.MAC \
--verify_module Crypto.Symmetric.Cipher \
Crypto.Symmetric.Cipher.fst
../../../bin/fstar.exe --fstar_home ../../.. --max_fuel 4 --initial_fuel 0 --max_ifuel 2 --initial_ifuel 0 --z3rlimit 20  --use_hints --trace_error \
--include ../../../ulib/hyperstack --include hacl \
--__temp_no_proj Crypto.Symmetric.MAC \
--verify_module Crypto.Symmetric.PRF \
Crypto.Symmetric.PRF.fst
Verified module: FStar.DM4F.Heap.ST (5510 milliseconds)
All verification conditions discharged successfully
/cygdrive/c/Build/Agent/_work/1/s/bin/fstar.exe --trace_error --use_hints FStar.DM4F.IFC.fst
Verified module: Ex06a (156 milliseconds)
All verification conditions discharged successfully
/cygdrive/c/Build/Agent/_work/1/s/bin/fstar.exe --trace_error --use_hints --include ../../../..//ucontrib/Platform/fst --include ../../../..//ucontrib/CoreCrypto/fst Ex06b.fst
Verified i'face (or impl+i'face): FStar.Squash (32 milliseconds)
All verification conditions discharged successfully
.\Ex06e.fst(18,4-18,8): Warning: Admitting sort without a definition
/cygdrive/c/Build/Agent/_work/1/s/bin/fstar.exe --trace_error --use_hints FStar.Heap.fst
Verified module: Ex06e (323 milliseconds)
All verification conditions discharged successfully
/cygdrive/c/Build/Agent/_work/1/s/bin/fstar.exe --trace_error --use_hints --include ../../../..//ucontrib/Platform/fst --include ../../../..//ucontrib/CoreCrypto/fst Ex07a.fst
Verified module: EtM.CPA (2272 milliseconds)
All verification conditions discharged successfully
/cygdrive/c/Build/Agent/_work/1/s/bin/fstar.exe --trace_error --use_hints --include ../../ulib/hyperstack \
--include ../../ucontrib/Platform/fst \
--include ../../ucontrib/CoreCrypto/fst \
--z3rlimit 20 EtM.AE.fst
Verified module: Ex06b (5868 milliseconds)
All verification conditions discharged successfully
/cygdrive/c/Build/Agent/_work/1/s/bin/fstar.exe --trace_error --use_hints --include ../../../..//ucontrib/Platform/fst --include ../../../..//ucontrib/CoreCrypto/fst Ex07b.fst
Verified module: FStar.Heap (650 milliseconds)
All verification conditions discharged successfully
/cygdrive/c/Build/Agent/_work/1/s/bin/fstar.exe --trace_error --use_hints FStar.OrdSet.fst
Verified module: GC (8959 milliseconds)
All verification conditions discharged successfully
/cygdrive/c/Build/Agent/_work/1/s/bin/fstar.exe --trace_error --use_hints --verify_module Unification Unification.fst
.\Ex07a.fst(228,4-228,14): Warning: Admitting typed_step without a definition
Verified module: FStar.DM4F.StExnC (10387 milliseconds)
All verification conditions discharged successfully
/cygdrive/c/Build/Agent/_work/1/s/bin/fstar.exe --trace_error --use_hints FStar.DM4F.Continuations.fst
Verified module: FStar.UInt32 (9683 milliseconds)
All verification conditions discharged successfully
/cygdrive/c/Build/Agent/_work/1/s/bin/fstar.exe --trace_error --use_hints FStar.Crypto.fst
Verified module: Ex06b (4562 milliseconds)
All verification conditions discharged successfully
/cygdrive/c/Build/Agent/_work/1/s/bin/fstar.exe --trace_error --use_hints --include ../../../..//ucontrib/Platform/fst --include ../../../..//ucontrib/CoreCrypto/fst Ex06c.fst
Verified module: Buffer.Utils (56642 milliseconds)
All verification conditions discharged successfully
../../../bin/fstar.exe --fstar_home ../../.. --max_fuel 4 --initial_fuel 0 --max_ifuel 2 --initial_ifuel 0 --z3rlimit 20  --use_hints --trace_error \
--include ../../../ulib/hyperstack --include hacl \
--__temp_no_proj Crypto.Symmetric.MAC \
--verify_module Crypto.AEAD.AES256GCM \
Crypto.AEAD.AES256GCM.fst
Verified module: FStar.DM4F.IFC (7997 milliseconds)
All verification conditions discharged successfully
/cygdrive/c/Build/Agent/_work/1/s/bin/fstar.exe --trace_error --use_hints delimcc.fst
Verified module: FStar.DM4F.Continuations (3366 milliseconds)
All verification conditions discharged successfully
/cygdrive/c/Build/Agent/_work/1/s/bin/fstar.exe --trace_error --use_hints --verify_module Huffman Huffman.fst
Verified module: Ex07a (7908 milliseconds)
All verification conditions discharged successfully
/cygdrive/c/Build/Agent/_work/1/s/bin/fstar.exe --trace_error --use_hints --include ../../ulib/hyperstack \
--include ../../ucontrib/Platform/fst \
--include ../../ucontrib/CoreCrypto/fst \
--z3rlimit 20 HyE.RSA.fst
Verified module: Crypto.Symmetric.Poly1305.Bignum (40674 milliseconds)
All verification conditions discharged successfully
/cygdrive/c/Build/Agent/_work/1/s/bin/fstar.exe --trace_error --use_hints --verify_module Unit1.Projectors2 Unit1.Projectors2.fst
Verified module: EtM.AE (3430 milliseconds)
All verification conditions discharged successfully
/cygdrive/c/Build/Agent/_work/1/s/bin/fstar.exe --trace_error --use_hints --include ../../ulib/hyperstack \
--include ../../ucontrib/Platform/fst \
--include ../../ucontrib/CoreCrypto/fst \
--z3rlimit 20 HyE.PlainPKE.fst
Verified module: FStar.OrdSet (8061 milliseconds)
All verification conditions discharged successfully
/cygdrive/c/Build/Agent/_work/1/s/bin/fstar.exe --trace_error --use_hints FStar.TSet.fst
Verified module: DelimCC (1110 milliseconds)
All verification conditions discharged successfully
make[3]: Leaving directory '/cygdrive/c/Build/Agent/_work/1/s/examples/dm4free'
/cygdrive/c/Build/Agent/_work/1/s/bin/fstar.exe --trace_error --use_hints --include ../../../..//ucontrib/Platform/fst --include ../../../..//ucontrib/CoreCrypto/fst Ex07c.fst
Verified module: Unit1.Basic (15595 milliseconds)
All verification conditions discharged successfully
Verified module: Ex06c (7400 milliseconds)
All verification conditions discharged successfully
/cygdrive/c/Build/Agent/_work/1/s/bin/fstar.exe --trace_error --use_hints --verify_module StackMachine StackMachine.fst
Verified module: FStar.TSet (1253 milliseconds)
All verification conditions discharged successfully
/cygdrive/c/Build/Agent/_work/1/s/bin/fstar.exe --trace_error --use_hints --include ../../../..//ucontrib/Platform/fst --include ../../../..//ucontrib/CoreCrypto/fst Ex06d.fst
../../../bin/fstar.exe --fstar_home ../../.. --max_fuel 4 --initial_fuel 0 --max_ifuel 2 --initial_ifuel 0 --z3rlimit 20  --use_hints --trace_error \
--include ../../../ulib/hyperstack --include hacl \
--__temp_no_proj Crypto.Symmetric.MAC \
--verify_module Crypto.AEAD.Encoding \
Crypto.AEAD.Encoding.fst
Verified module: FStar.Crypto (1056 milliseconds)
All verification conditions discharged successfully
/cygdrive/c/Build/Agent/_work/1/s/bin/fstar.exe --trace_error --use_hints FStar.IndefiniteDescription.fst
Verified module: Unification (13763 milliseconds)
All verification conditions discharged successfully
../../../bin/fstar.exe --fstar_home ../../.. --max_fuel 4 --initial_fuel 0 --max_ifuel 2 --initial_ifuel 0 --z3rlimit 20  --use_hints --trace_error \
--include ../../../ulib/hyperstack --include hacl \
--__temp_no_proj Crypto.Symmetric.MAC \
--verify_module Crypto.AEAD.Invariant \
Crypto.AEAD.Invariant.fst
Verified module: Unit1.Projectors2 (18 milliseconds)
All verification conditions discharged successfully
/cygdrive/c/Build/Agent/_work/1/s/bin/fstar.exe --trace_error --use_hints --verify_module Unit1.WPsAndTriples Unit1.WPsAndTriples.fst
Verified module: FStar.IndefiniteDescription (1278 milliseconds)
All verification conditions discharged successfully
/cygdrive/c/Build/Agent/_work/1/s/bin/fstar.exe --trace_error --use_hints FStar.ErasedLogic.fst
Verified module: Huffman (9834 milliseconds)
All verification conditions discharged successfully
make[3]: Leaving directory '/cygdrive/c/Build/Agent/_work/1/s/examples/algorithms'
/cygdrive/c/Build/Agent/_work/1/s/bin/fstar.exe --trace_error --use_hints --include ../../../..//ucontrib/Platform/fst --include ../../../..//ucontrib/CoreCrypto/fst Ex07d.fst
Verified module: Crypto.Symmetric.GCM (29174 milliseconds)
All verification conditions discharged successfully
../../../bin/fstar.exe --fstar_home ../../.. --max_fuel 4 --initial_fuel 0 --max_ifuel 2 --initial_ifuel 0 --z3rlimit 20  --use_hints --trace_error \
--include ../../../ulib/hyperstack --include hacl \
--__temp_no_proj Crypto.Symmetric.MAC \
--verify_module Crypto.AEAD.BufferUtils \
Crypto.AEAD.BufferUtils.fst
Verified module: HyE.PlainPKE (207 milliseconds)
All verification conditions discharged successfully
/cygdrive/c/Build/Agent/_work/1/s/bin/fstar.exe --trace_error --use_hints --include ../../ulib/hyperstack \
--include ../../ucontrib/Platform/fst \
--include ../../ucontrib/CoreCrypto/fst \
--z3rlimit 20 HyE.Plain.fst
Verified module: Ex06d (3898 milliseconds)
All verification conditions discharged successfully
/cygdrive/c/Build/Agent/_work/1/s/bin/fstar.exe --trace_error --use_hints --include ../../../..//ucontrib/Platform/fst --include ../../../..//ucontrib/CoreCrypto/fst Ex06e.fst
Verified module: HyE.RSA (379 milliseconds)
All verification conditions discharged successfully
/cygdrive/c/Build/Agent/_work/1/s/bin/fstar.exe --trace_error --use_hints --include ../../ulib/hyperstack \
--include ../../ucontrib/Platform/fst \
--include ../../ucontrib/CoreCrypto/fst \
--z3rlimit 20 HyE.AE.fst
Verified module: Unit1.WPsAndTriples (282 milliseconds)
All verification conditions discharged successfully
/cygdrive/c/Build/Agent/_work/1/s/bin/fstar.exe --trace_error --use_hints --verify_module Unit1.Parser Unit1.Parser.fst
Verified module: Ex07b (22342 milliseconds)
All verification conditions discharged successfully
/cygdrive/c/Build/Agent/_work/1/s/bin/fstar.exe --trace_error --use_hints --include ../../../..//ucontrib/Platform/fst --include ../../../..//ucontrib/CoreCrypto/fst Ex10a.fst
Verified module: FStar.ErasedLogic (31 milliseconds)
All verification conditions discharged successfully
/cygdrive/c/Build/Agent/_work/1/s/bin/fstar.exe --trace_error --use_hints FStar.Int64.fst
.\Ex07d.fst(225,4-225,8): Warning: Admitting eval without a definition
Verified module: Ex06e (827 milliseconds)
All verification conditions discharged successfully
/cygdrive/c/Build/Agent/_work/1/s/bin/fstar.exe --trace_error --use_hints --include ../../../..//ucontrib/Platform/fst --include ../../../..//ucontrib/CoreCrypto/fst Ex07a.fst
.\Ex10a.fst(26,0-26,19): (Warning) Top-level let-bindings must be total; this term may have effects
Verified module: Unit1.Parser (1136 milliseconds)
All verification conditions discharged successfully
Verified module: Crypto.Symmetric.GF128 (36855 milliseconds)
All verification conditions discharged successfully
/cygdrive/c/Build/Agent/_work/1/s/bin/fstar.exe --trace_error --use_hints --verify_module Unit1.RefinementInference Unit1.RefinementInference.fst
../../../bin/fstar.exe --fstar_home ../../.. --max_fuel 4 --initial_fuel 0 --max_ifuel 2 --initial_ifuel 0 --z3rlimit 20  --use_hints --trace_error \
--include ../../../ulib/hyperstack --include hacl \
--__temp_no_proj Crypto.Symmetric.MAC \
--verify_module Crypto.AEAD.Encrypt.Invariant \
Crypto.AEAD.Encrypt.Invariant.fst
Verified module: Ex10a (1118 milliseconds)
All verification conditions discharged successfully
/cygdrive/c/Build/Agent/_work/1/s/bin/fstar.exe --trace_error --use_hints --include ../../../..//ucontrib/Platform/fst --include ../../../..//ucontrib/CoreCrypto/fst Ex10b.fst
Verified module: Ex07c (13897 milliseconds)
All verification conditions discharged successfully
/cygdrive/c/Build/Agent/_work/1/s/bin/fstar.exe --trace_error --use_hints --include ../../../..//ucontrib/Platform/fst --include ../../../..//ucontrib/CoreCrypto/fst Ex12a.Cap.fst
Verified module: Crypto.Symmetric.Chacha20 (29668 milliseconds)
All verification conditions discharged successfully
../../../bin/fstar.exe --fstar_home ../../.. --max_fuel 4 --initial_fuel 0 --max_ifuel 2 --initial_ifuel 0 --z3rlimit 20  --use_hints --trace_error \
--include ../../../ulib/hyperstack --include hacl \
--__temp_no_proj Crypto.Symmetric.MAC \
--verify_module Crypto.AEAD.Enxor.Invariant \
Crypto.AEAD.Enxor.Invariant.fst
Verified module: HyE.Plain (28 milliseconds)
All verification conditions discharged successfully
/cygdrive/c/Build/Agent/_work/1/s/bin/fstar.exe --trace_error --use_hints --include ../../ulib/hyperstack \
--include ../../ucontrib/Platform/fst \
--include ../../ucontrib/CoreCrypto/fst \
--z3rlimit 20 HyE.CCA2.fst
Verified module: Unit1.RefinementInference (108 milliseconds)
All verification conditions discharged successfully
/cygdrive/c/Build/Agent/_work/1/s/bin/fstar.exe --trace_error --use_hints --verify_module Unit1.WPsAndTriples_ST Unit1.WPsAndTriples_ST.fst
Verified module: Ex10b (1255 milliseconds)
All verification conditions discharged successfully
/cygdrive/c/Build/Agent/_work/1/s/bin/fstar.exe --trace_error --use_hints --include ../../../..//ucontrib/Platform/fst --include ../../../..//ucontrib/CoreCrypto/fst Ex12d.Pad.fst
Verified module: Unit1.WPsAndTriples_ST (238 milliseconds)
All verification conditions discharged successfully
/cygdrive/c/Build/Agent/_work/1/s/bin/fstar.exe --trace_error --use_hints --verify_module Unit1.Projectors1 Unit1.Projectors1.fst
Verified module: HyE.AE (2382 milliseconds)
All verification conditions discharged successfully
/cygdrive/c/Build/Agent/_work/1/s/bin/fstar.exe --trace_error --use_hints --include ../../ulib/hyperstack \
--include ../../ucontrib/Platform/fst \
--include ../../ucontrib/CoreCrypto/fst \
--z3rlimit 20 HyE.HCCA2.fst
Verified module: LambdaOmega (62754 milliseconds)
All verification conditions discharged successfully
/cygdrive/c/Build/Agent/_work/1/s/bin/fstar.exe --trace_error --use_hints FStar.SquashProperties.fst
.\Ex12a.Cap.fst(20,0-20,26): (Warning) Top-level let-bindings must be total; this term may have effects
Verified module: Ex12a.Cap (247 milliseconds)
All verification conditions discharged successfully
/cygdrive/c/Build/Agent/_work/1/s/bin/fstar.exe --trace_error --use_hints --include ../../../..//ucontrib/Platform/fst --include ../../../..//ucontrib/CoreCrypto/fst Ex12e.Pad.fst
Verified module: Ex07a (7942 milliseconds)
All verification conditions discharged successfully
/cygdrive/c/Build/Agent/_work/1/s/bin/fstar.exe --trace_error --use_hints --include ../../../..//ucontrib/Platform/fst --include ../../../..//ucontrib/CoreCrypto/fst Ex07b.fst
Verified module: FStar.Int64 (8418 milliseconds)
All verification conditions discharged successfully
/cygdrive/c/Build/Agent/_work/1/s/bin/fstar.exe --trace_error --use_hints FStar.UInt8.fst
Verified module: Ex07d (15760 milliseconds)
All verification conditions discharged successfully
/cygdrive/c/Build/Agent/_work/1/s/bin/fstar.exe --trace_error --use_hints --include ../../../..//ucontrib/Platform/fst --include ../../../..//ucontrib/CoreCrypto/fst Ex12f.TMAC.fst
Verified module: Ex12d.Pad (656 milliseconds)
All verification conditions discharged successfully
Verified module: FStar.SquashProperties (1937 milliseconds)
All verification conditions discharged successfully
/cygdrive/c/Build/Agent/_work/1/s/bin/fstar.exe --trace_error --use_hints --include ../../../..//ucontrib/Platform/fst --include ../../../..//ucontrib/CoreCrypto/fst Ex12g.TMAC2.fst
/cygdrive/c/Build/Agent/_work/1/s/bin/fstar.exe --trace_error --use_hints FStar.HyperHeap.fst
Verified module: Crypto.AEAD.AES256GCM (17095 milliseconds)
All verification conditions discharged successfully
../../../bin/fstar.exe --fstar_home ../../.. --max_fuel 4 --initial_fuel 0 --max_ifuel 2 --initial_ifuel 0 --z3rlimit 20  --use_hints --trace_error \
--include ../../../ulib/hyperstack --include hacl \
--__temp_no_proj Crypto.Symmetric.MAC \
--verify_module Crypto.AEAD.EnxorDexor \
Crypto.AEAD.EnxorDexor.fst
Verified module: Unit1.Projectors1 (1475 milliseconds)
All verification conditions discharged successfully
/cygdrive/c/Build/Agent/_work/1/s/bin/fstar.exe --trace_error --use_hints --verify_module Unit1.UnificationTests Unit1.UnificationTests.fst
Verified module: Ex12e.Pad (1170 milliseconds)
All verification conditions discharged successfully
/cygdrive/c/Build/Agent/_work/1/s/bin/fstar.exe --trace_error --use_hints --include ../../../..//ulib/hyperheap Ex11a.fst
Verified module: HyE.CCA2 (1825 milliseconds)
All verification conditions discharged successfully
/cygdrive/c/Build/Agent/_work/1/s/bin/fstar.exe --trace_error --use_hints FStar.OrdMap.fst
.\Ex12f.TMAC.fst(26,4-26,10): Warning: Admitting verify without a definition
.\Ex12f.TMAC.fst(25,4-25,7): Warning: Admitting mac without a definition
.\Ex12f.TMAC.fst(24,4-24,10): Warning: Admitting keygen without a definition
Verified module: Ex12f.TMAC (18 milliseconds)
All verification conditions discharged successfully
/cygdrive/c/Build/Agent/_work/1/s/bin/fstar.exe --trace_error --use_hints --verify_module Unit1.RecursiveTypeFunctions Unit1.RecursiveTypeFunctions.fst
Verified module: Unit1.UnificationTests (19 milliseconds)
All verification conditions discharged successfully
/cygdrive/c/Build/Agent/_work/1/s/bin/fstar.exe --trace_error --use_hints --verify_module Unit2 Unit2.fst
Verified module: HyE.HCCA2 (1521 milliseconds)
All verification conditions discharged successfully
make[3]: Leaving directory '/cygdrive/c/Build/Agent/_work/1/s/examples/crypto'
../../../bin/fstar.exe --fstar_home ../../.. --max_fuel 4 --initial_fuel 0 --max_ifuel 2 --initial_ifuel 0 --z3rlimit 20  --use_hints --trace_error \
--include ../../../ulib/hyperstack --include hacl \
--__temp_no_proj Crypto.Symmetric.MAC \
--verify_module Crypto.AEAD.Wrappers.PRF \
Crypto.AEAD.Wrappers.PRF.fst
.\Ex12g.TMAC2.fst(30,4-30,10): Warning: Admitting verify without a definition
.\Ex12g.TMAC2.fst(29,4-29,7): Warning: Admitting mac without a definition
Verified module: Unit2 (1351 milliseconds)
All verification conditions discharged successfully
Verified module: Ex12g.TMAC2 (635 milliseconds)
All verification conditions discharged successfully
/cygdrive/c/Build/Agent/_work/1/s/bin/fstar.exe --trace_error --use_hints --verify_module TestSet TestSet.fst
/cygdrive/c/Build/Agent/_work/1/s/bin/fstar.exe --trace_error --use_hints FStar.List.Tot.fst
Verified module: Unit1.RecursiveTypeFunctions (1561 milliseconds)
All verification conditions discharged successfully
/cygdrive/c/Build/Agent/_work/1/s/bin/fstar.exe --trace_error --use_hints --verify_module TestHeap TestHeap.fst
Verified module: TestSet (185 milliseconds)
All verification conditions discharged successfully
/cygdrive/c/Build/Agent/_work/1/s/bin/fstar.exe --trace_error --use_hints --verify_module ShortCircuit ShortCircuit.fst
Verified module: FStar.UInt8 (9698 milliseconds)
All verification conditions discharged successfully
/cygdrive/c/Build/Agent/_work/1/s/bin/fstar.exe --trace_error --use_hints FStar.MRef.fst
Verified module: TestHeap (875 milliseconds)
All verification conditions discharged successfully
/cygdrive/c/Build/Agent/_work/1/s/bin/fstar.exe --trace_error --use_hints --verify_module FirstProofs FirstProofs.fst
Verified module: FStar.OrdMap (7976 milliseconds)
All verification conditions discharged successfully
/cygdrive/c/Build/Agent/_work/1/s/bin/fstar.exe --trace_error --use_hints FStar.PredicateExtensionality.fst
Verified module: Ex11a (10019 milliseconds)
All verification conditions discharged successfully
make[3]: Leaving directory '/cygdrive/c/Build/Agent/_work/1/s/doc/tutorial/code/exercises'
/cygdrive/c/Build/Agent/_work/1/s/bin/fstar.exe --trace_error --use_hints --verify_module TestMRef TestMRef.fst
Verified module: FStar.List.Tot (4595 milliseconds)
All verification conditions discharged successfully
/cygdrive/c/Build/Agent/_work/1/s/bin/fstar.exe --trace_error --use_hints FStar.Int32.fst
Verified module: ShortCircuit (1251 milliseconds)
All verification conditions discharged successfully
/cygdrive/c/Build/Agent/_work/1/s/bin/fstar.exe --trace_error --use_hints --verify_module TestTwoLevelHeap TestTwoLevelHeap.fst
Verified module: Ex07b (20480 milliseconds)
All verification conditions discharged successfully
/cygdrive/c/Build/Agent/_work/1/s/bin/fstar.exe --trace_error --use_hints --include ../../../..//ucontrib/Platform/fst --include ../../../..//ucontrib/CoreCrypto/fst Ex07c.fst
Verified module: Crypto.Symmetric.AES128 (68821 milliseconds)
All verification conditions discharged successfully
../../../bin/fstar.exe --fstar_home ../../.. --max_fuel 4 --initial_fuel 0 --max_ifuel 2 --initial_ifuel 0 --z3rlimit 20  --use_hints --trace_error \
--include ../../../ulib/hyperstack --include hacl \
--__temp_no_proj Crypto.Symmetric.MAC \
--verify_module Crypto.AEAD.Wrappers.CMA \
Crypto.AEAD.Wrappers.CMA.fst
Verified module: FStar.HyperHeap (16268 milliseconds)
All verification conditions discharged successfully
/cygdrive/c/Build/Agent/_work/1/s/bin/fstar.exe --trace_error --use_hints FStar.Int.Cast.fst
Verified module: FirstProofs (935 milliseconds)
All verification conditions discharged successfully
/cygdrive/c/Build/Agent/_work/1/s/bin/fstar.exe --trace_error --use_hints --verify_module Mac Mac.fst
Verified module: FStar.MRef (535 milliseconds)
All verification conditions discharged successfully
/cygdrive/c/Build/Agent/_work/1/s/bin/fstar.exe --trace_error --use_hints FStar.All.fst
Verified module: FStar.PredicateExtensionality (98 milliseconds)
All verification conditions discharged successfully
/cygdrive/c/Build/Agent/_work/1/s/bin/fstar.exe --trace_error --use_hints FStar.UInt128.fst
Verified module: StackMachine (48251 milliseconds)
All verification conditions discharged successfully
make[3]: Leaving directory '/cygdrive/c/Build/Agent/_work/1/s/examples/metatheory'
/cygdrive/c/Build/Agent/_work/1/s/bin/fstar.exe --trace_error --use_hints --verify_module TestGhost TestGhost.fst
.\TestMRef.fst(8,0-8,20): (Warning) Top-level let-bindings must be total; this term may have effects
Verified module: TestMRef (751 milliseconds)
All verification conditions discharged successfully
/cygdrive/c/Build/Agent/_work/1/s/bin/fstar.exe --trace_error --use_hints FStar.Math.Lib.fst
Verified module: TestTwoLevelHeap (352 milliseconds)
All verification conditions discharged successfully
/cygdrive/c/Build/Agent/_work/1/s/bin/fstar.exe --trace_error --use_hints --verify_module Normalization Normalization.fst
Verified module: FStar.All (52 milliseconds)
All verification conditions discharged successfully
/cygdrive/c/Build/Agent/_work/1/s/bin/fstar.exe --trace_error --use_hints FStar.Int8.fst
Verified module: TestGhost (429 milliseconds)
All verification conditions discharged successfully
/cygdrive/c/Build/Agent/_work/1/s/bin/fstar.exe --trace_error --use_hints NegativeTests.BST.fst NegativeTests.Heap.fst NegativeTests.ShortCircuiting.fst NegativeTests.Bug260.fst NegativeTests.Neg.fst NegativeTests.Termination.fst NegativeTests.False.fst NegativeTests.Set.fst NegativeTests.ImplicitFalse.fst 2>&1 | tee fstar_log
Verified module: Crypto.Symmetric.AES (75300 milliseconds)
All verification conditions discharged successfully
../../../bin/fstar.exe --fstar_home ../../.. --max_fuel 4 --initial_fuel 0 --max_ifuel 2 --initial_ifuel 0 --z3rlimit 20  --use_hints --trace_error \
--include ../../../ulib/hyperstack --include hacl \
--__temp_no_proj Crypto.Symmetric.MAC \
--verify_module Crypto.AEAD.Wrappers.Encoding \
Crypto.AEAD.Wrappers.Encoding.fst
Verified module: Normalization (1558 milliseconds)
All verification conditions discharged successfully
/cygdrive/c/Build/Agent/_work/1/s/bin/fstar.exe --trace_error --use_hints --include ../../../..//ucontrib/Platform/fst --include ../../../..//ucontrib/CoreCrypto/fst Ex07d.fst
.\Mac.fst(69,0-69,35): (Warning) Top-level let-bindings must be total; this term may have effects
Verified module: MAC (1307 milliseconds)
All verification conditions discharged successfully
/cygdrive/c/Build/Agent/_work/1/s/bin/fstar.exe --trace_error --use_hints FStar.Relational.Relational.fst
Verified module: FStar.Math.Lib (6034 milliseconds)
All verification conditions discharged successfully
/cygdrive/c/Build/Agent/_work/1/s/bin/fstar.exe --trace_error --use_hints FStar.OrdMapProps.fst
Verified module: Crypto.Symmetric.MAC (61904 milliseconds)
All verification conditions discharged successfully
../../../bin/fstar.exe --fstar_home ../../.. --max_fuel 4 --initial_fuel 0 --max_ifuel 2 --initial_ifuel 0 --z3rlimit 20  --use_hints --trace_error \
--include ../../../ulib/hyperstack --include hacl \
--__temp_no_proj Crypto.Symmetric.MAC \
--verify_module Crypto.AEAD.Decrypt \
Crypto.AEAD.Decrypt.fst
Verified module: FStar.Int32 (8578 milliseconds)
All verification conditions discharged successfully
/cygdrive/c/Build/Agent/_work/1/s/bin/fstar.exe --trace_error --use_hints FStar.Axiomatic.Array.fst
Verified module: FStar.Relational.Relational (2598 milliseconds)
All verification conditions discharged successfully
/cygdrive/c/Build/Agent/_work/1/s/bin/fstar.exe --trace_error --use_hints FStar.Int128.fst
Verified module: Crypto.AEAD.BufferUtils (48407 milliseconds)
All verification conditions discharged successfully
../../../bin/fstar.exe --fstar_home ../../.. --max_fuel 4 --initial_fuel 0 --max_ifuel 2 --initial_ifuel 0 --z3rlimit 20  --use_hints --trace_error \
--include ../../../ulib/hyperstack --include hacl \
--__temp_no_proj Crypto.Symmetric.MAC \
--verify_module Crypto.AEAD.MAC_Wrapper.Invariant \
Crypto.AEAD.MAC_Wrapper.Invariant.fst
Verified module: FStar.OrdMapProps (251 milliseconds)
All verification conditions discharged successfully
/cygdrive/c/Build/Agent/_work/1/s/bin/fstar.exe --trace_error --use_hints FStar.Math.Lemmas.fst
Verified module: FStar.Axiomatic.Array (393 milliseconds)
All verification conditions discharged successfully
/cygdrive/c/Build/Agent/_work/1/s/bin/fstar.exe --trace_error --use_hints FStar.ListProperties.fst
Verified module: FStar.Int8 (8547 milliseconds)
All verification conditions discharged successfully
/cygdrive/c/Build/Agent/_work/1/s/bin/fstar.exe --trace_error --use_hints FStar.Relational.Comp.fst
Verified module: FStar.UInt128 (9950 milliseconds)
All verification conditions discharged successfully
/cygdrive/c/Build/Agent/_work/1/s/bin/fstar.exe --trace_error --use_hints FStar.Seq.fst
Verified module: FStar.Relational.Comp (274 milliseconds)
All verification conditions discharged successfully
/cygdrive/c/Build/Agent/_work/1/s/bin/fstar.exe --trace_error --use_hints FStar.UInt64.fst
Verified module: Crypto.Symmetric.Cipher (68742 milliseconds)
All verification conditions discharged successfully
../../../bin/fstar.exe --fstar_home ../../.. --max_fuel 4 --initial_fuel 0 --max_ifuel 2 --initial_ifuel 0 --z3rlimit 20  --use_hints --trace_error \
--include ../../../ulib/hyperstack --include hacl \
--__temp_no_proj Crypto.Symmetric.MAC \
--verify_module Crypto.AEAD.Encrypt.Ideal.Invariant \
Crypto.AEAD.Encrypt.Ideal.Invariant.fst
Verified module: Ex07d (14815 milliseconds)
All verification conditions discharged successfully
/cygdrive/c/Build/Agent/_work/1/s/bin/fstar.exe --trace_error --use_hints --include ../../../..//ucontrib/Platform/fst --include ../../../..//ucontrib/CoreCrypto/fst Ex10a.fst
.\Ex10a.fst(26,0-26,19): (Warning) Top-level let-bindings must be total; this term may have effects
Verified module: FStar.Int.Cast (20467 milliseconds)
All verification conditions discharged successfully
/cygdrive/c/Build/Agent/_work/1/s/bin/fstar.exe --trace_error --use_hints FStar.UInt.fst
Verified module: Ex10a (1357 milliseconds)
All verification conditions discharged successfully
/cygdrive/c/Build/Agent/_work/1/s/bin/fstar.exe --trace_error --use_hints --include ../../../..//ucontrib/Platform/fst --include ../../../..//ucontrib/CoreCrypto/fst Ex10b.fst
.\NegativeTests.False.fst(13,18-13,35): (Error) Expected type "(l_or l_True l_True)"; but "(Left T)" has type "(c_or (?49286 uu___) l_True)"
.\NegativeTests.False.fst(13,36-13,54): (Error) Expected type "(l_or l_True l_True)"; but "(Right T)" has type "(c_or l_True (?49309 uu___))"
Verified module: FStar.ListProperties (9449 milliseconds)
All verification conditions discharged successfully
/cygdrive/c/Build/Agent/_work/1/s/bin/fstar.exe --trace_error --use_hints FStar.Ghost.fst
Verified module: Ex07c (30249 milliseconds)
All verification conditions discharged successfully
/cygdrive/c/Build/Agent/_work/1/s/bin/fstar.exe --trace_error --use_hints --include ../../../..//ucontrib/Platform/fst --include ../../../..//ucontrib/CoreCrypto/fst Ex12a.Cap.fst
Verified module: FStar.Int128 (8532 milliseconds)
All verification conditions discharged successfully
/cygdrive/c/Build/Agent/_work/1/s/bin/fstar.exe --trace_error --use_hints FStar.Int63.fst
Verified module: FStar.Seq (9576 milliseconds)
All verification conditions discharged successfully
/cygdrive/c/Build/Agent/_work/1/s/bin/fstar.exe --trace_error --use_hints FStar.PropositionalExtensionality.fst
.\NegativeTests.ImplicitFalse.fst(4,26-4,27): (Error) Failed to resolve implicit argument of type 'l_False' introduced in (?50342 uu___) because user-provided implicit term
Verified module: FStar.Ghost (770 milliseconds)
All verification conditions discharged successfully
/cygdrive/c/Build/Agent/_work/1/s/bin/fstar.exe --trace_error --use_hints FStar.SeqProperties.fst
Verified module: FStar.PropositionalExtensionality (19 milliseconds)
All verification conditions discharged successfully
/cygdrive/c/Build/Agent/_work/1/s/bin/fstar.exe --trace_error --use_hints FStar.HyperStack.fst
.\NegativeTests.BST.fst(21,38-21,42): (Error) Subtyping check failed; expected type (right#77:(option (tree 2)){(l_and (l_and (l_and (b2t (op_LessThanOrEqual 0 1)) (b2t (op_LessThanOrEqual 1 2))) (l_iff (b2t (uu___is_None right@0)) (b2t (op_Equality 1 2)))) (l_iff (b2t (uu___is_None (None ))) (b2t (op_Equality 1 0))))}); got type (option (tree 2)) (see .\NegativeTests.BST.fst(13,36-13,57))
.\NegativeTests.BST.fst(22,61-22,65): (Error) Subtyping check failed; expected type (right#77:(option (tree (op_Addition l 1))){(l_and (l_and (l_and (b2t (op_LessThanOrEqual l l)) (b2t (op_LessThanOrEqual l (op_Addition l 1)))) (l_iff (b2t (uu___is_None right@0)) (b2t (op_Equality l (op_Addition l 1))))) (l_iff (b2t (uu___is_None (Some t))) (b2t (op_Equality l l))))}); got type (option (tree (op_Addition l 1))) (see .\NegativeTests.BST.fst(13,36-13,57))
.\NegativeTests.BST.fst(23,78-23,87): (Error) Subtyping check failed; expected type (right#77:(option (tree (op_Addition l 1))){(l_and (l_and (l_and (b2t (op_LessThanOrEqual l (op_Addition l 1))) (b2t (op_LessThanOrEqual (op_Addition l 1) (op_Addition l 1)))) (l_iff (b2t (uu___is_None right@0)) (b2t (op_Equality (op_Addition l 1) (op_Addition l 1))))) (l_iff (b2t (uu___is_None (Some t1))) (b2t (op_Equality (op_Addition l 1) l))))}); got type (option (tree (op_Addition l 1))) (see .\NegativeTests.BST.fst(12,36-12,58))
.\NegativeTests.Bug260.fst(9,12-9,19): (Error) Subtyping check failed; expected type (validity (S (S t))); got type (validity (S t)) (see .\NegativeTests.Bug260.fst(8,37-9,19))
.\NegativeTests.False.fst(3,31-3,42): (Error) assertion failed
.\NegativeTests.Heap.fst(10,14-10,20): (Error) assertion failed (see .\NegativeTests.Heap.fst(10,21-10,54))
.\NegativeTests.Heap.fst(15,2-15,8): (Error) assertion failed (see .\NegativeTests.Heap.fst(15,9-15,14))
.\NegativeTests.ImplicitFalse.fst(4,0-4,33): (Error) assertion failed(Also see: C:\Build\Agent\_work\1\s\bin\..\ulib\prims.fst(175,22-175,33))
.\NegativeTests.Neg.fst(6,8-6,10): (Error) Subtyping check failed; expected type nat; got type int (see C:\Build\Agent\_work\1\s\bin\..\ulib\prims.fst(642,17-642,23))
.\NegativeTests.Neg.fst(8,8-8,10): (Error) Subtyping check failed; expected type nat; got type int (see C:\Build\Agent\_work\1\s\bin\..\ulib\prims.fst(642,17-642,23))
.\NegativeTests.Neg.fst(10,23-10,29): (Error) assertion failed (see .\NegativeTests.Neg.fst(10,30-10,35))
.\NegativeTests.Neg.fst(12,28-13,15): (Error) Patterns are incomplete
.\NegativeTests.Neg.fst(19,32-19,42): (Error) assertion failed (see .\NegativeTests.Neg.fst(15,44-15,57))
.\NegativeTests.Neg.fst(21,83-21,88): (Error) could not prove post-condition
.\NegativeTests.Neg.fst(25,30-25,31): (Error) Subtyping check failed; expected type (uu___#8146:(option 'a){(b2t (uu___is_Some uu___@0))}); got type (option 'a) (see C:\Build\Agent\_work\1\s\bin\..\ulib\prims.fst(252,4-252,8))
.\NegativeTests.Neg.fst(28,41-28,43): (Error) Subtyping check failed; expected type (uu___#9339:(result int){(b2t (uu___is_V uu___@0))}); got type (result int) (see C:\Build\Agent\_work\1\s\bin\..\ulib\prims.fst(259,4-259,5))
.\NegativeTests.Neg.fst(32,25-32,26): (Error) Subtyping check failed; expected type nat; got type int (see C:\Build\Agent\_work\1\s\bin\..\ulib\prims.fst(642,17-642,23))
.\NegativeTests.Set.fst(12,2-12,8): (Error) assertion failed (see .\NegativeTests.Set.fst(12,9-12,30))
.\NegativeTests.Set.fst(16,2-16,8): (Error) assertion failed (see .\NegativeTests.Set.fst(16,9-16,67))
.\NegativeTests.Set.fst(20,2-20,8): (Error) assertion failed (see .\NegativeTests.Set.fst(20,9-20,52))
.\NegativeTests.ShortCircuiting.fst(5,16-5,33): (Error) Subtyping check failed; expected type (b#22:bool{(bad_p b@0)}); got type bool (see .\NegativeTests.ShortCircuiting.fst(4,31-4,38))
.\NegativeTests.ShortCircuiting.fst(8,0-8,36): (Error) assertion failed(Also see: C:\Build\Agent\_work\1\s\bin\..\ulib\prims.fst(175,22-175,33))
.\NegativeTests.Termination.fst(7,27-7,28): (Error) Subtyping check failed; expected type (z#144:int{(precedes (LexCons m (LexCons z@0 LexTop)) m)}); got type int (see .\NegativeTests.Termination.fst(5,0-7,29))
.\NegativeTests.Termination.fst(13,26-13,35): (Error) Subtyping check failed; expected type (uu___#894:int{(precedes (LexCons n (LexCons uu___@0 LexTop)) (LexCons n (LexCons count LexTop)))}); got type int (see .\NegativeTests.Termination.fst(10,0-13,35))
.\NegativeTests.Termination.fst(20,29-20,54): (Error) Subtyping check failed; expected type (n#1756:int{(precedes (LexCons (op_Subtraction m 1) (LexCons n@0 LexTop)) (LexCons m (LexCons n LexTop)))}); got type int (see .\NegativeTests.Termination.fst(17,0-20,54))
.\NegativeTests.Termination.fst(25,28-25,29): (Error) Subtyping check failed; expected type (uu___#3761:(list 'a){(precedes uu___@0 l)}); got type (list 'a) (see .\NegativeTests.Termination.fst(23,0-25,29))
.\NegativeTests.Termination.fst(37,15-37,29): (Error) Subtyping check failed; expected type (x:(x#4818:nat{(b2t (op_LessThanOrEqual x@0 v))}) -> Tot nat); got type (uu___:(uu___#6214:nat{(precedes uu___@0 v)}) -> Tot nat) (see .\NegativeTests.Termination.fst(34,0-37,29))
.\NegativeTests.Termination.fst(48,19-48,29): (Error) Subtyping check failed; expected type (uu___#7555:snat{(precedes uu___@0 n)}); got type snat (see .\NegativeTests.Termination.fst(44,0-48,29))
.\NegativeTests.Termination.fst(55,34-55,35): (Error) Subtyping check failed; expected type (uu___#8578:snat{(precedes (LexCons (S (S n')) (LexCons uu___@0 LexTop)) (LexCons n (LexCons m LexTop)))}); got type snat (see .\NegativeTests.Termination.fst(51,0-55,35))
.\NegativeTests.Termination.fst(59,2-61,14): (Error) Patterns are incomplete
.\NegativeTests.Termination.fst(67,29-67,31): (Error) Subtyping check failed; expected type (uu___#10666:snat{(precedes (LexCons (S n') (LexCons uu___@0 LexTop)) (LexCons n (LexCons m LexTop)))}); got type snat (see .\NegativeTests.Termination.fst(64,0-67,31))
.\NegativeTests.Termination.fst(73,20-73,26): (Error) Subtyping check failed; expected type (uu___#12701:snat{(precedes uu___@0 n)}); got type snat (see .\NegativeTests.Termination.fst(70,0-73,26))
Verified module: NegativeTests.ShortCircuiting (1329 milliseconds)
Verified module: NegativeTests.BST (4124 milliseconds)
Verified module: NegativeTests.Heap (1903 milliseconds)
Verified module: NegativeTests.Termination (7904 milliseconds)
Verified module: NegativeTests.Neg (6609 milliseconds)
Verified module: NegativeTests.False (1754 milliseconds)
Verified module: NegativeTests.Bug260 (1630 milliseconds)
Verified module: NegativeTests.ImplicitFalse (988 milliseconds)
Verified module: NegativeTests.Set (2501 milliseconds)
35 errors were reported (see above)
Success: 35 failures were expected
make[4]: Leaving directory '/cygdrive/c/Build/Agent/_work/1/s/examples/unit-tests/universes'
make[3]: Leaving directory '/cygdrive/c/Build/Agent/_work/1/s/examples/unit-tests'
/cygdrive/c/Build/Agent/_work/1/s/bin/fstar.exe --trace_error --use_hints FStar.UInt16.fst
Verified module: Ex10b (2419 milliseconds)
All verification conditions discharged successfully
/cygdrive/c/Build/Agent/_work/1/s/bin/fstar.exe --trace_error --use_hints --include ../../../..//ucontrib/Platform/fst --include ../../../..//ucontrib/CoreCrypto/fst Ex12b.RPC.fst
.\Ex12a.Cap.fst(18,0-18,26): (Warning) Top-level let-bindings must be total; this term may have effects
Verified module: Ex12a.Cap (340 milliseconds)
All verification conditions discharged successfully
/cygdrive/c/Build/Agent/_work/1/s/bin/fstar.exe --trace_error --use_hints --include ../../../..//ucontrib/Platform/fst --include ../../../..//ucontrib/CoreCrypto/fst Ex12d.Pad.fst
Verified module: FStar.UInt64 (9334 milliseconds)
All verification conditions discharged successfully
/cygdrive/c/Build/Agent/_work/1/s/bin/fstar.exe --trace_error --use_hints FStar.Int16.fst
.\Ex12b.RPC.fst(8,0-8,53): (Warning) Top-level let-bindings must be total; this term may have effects
.\Ex12b.RPC.fst(21,0-21,39): (Warning) Top-level let-bindings must be total; this term may have effects
.\Ex12b.RPC.fst(53,0-54,16): (Warning) Top-level let-bindings must be total; this term may have effects
.\Ex12b.RPC.fst(123,0-123,17): (Warning) Top-level let-bindings must be total; this term may have effects
Verified module: Ex12b.RPC (1079 milliseconds)
All verification conditions discharged successfully
/cygdrive/c/Build/Agent/_work/1/s/bin/fstar.exe --trace_error --use_hints --include ../../../..//ucontrib/Platform/fst --include ../../../..//ucontrib/CoreCrypto/fst Ex12e.Pad.fst
Verified module: FStar.Int63 (8273 milliseconds)
All verification conditions discharged successfully
/cygdrive/c/Build/Agent/_work/1/s/bin/fstar.exe --trace_error --use_hints FStar.Util.fst
Verified module: Ex12d.Pad (854 milliseconds)
All verification conditions discharged successfully
/cygdrive/c/Build/Agent/_work/1/s/bin/fstar.exe --trace_error --use_hints --include ../../../..//ucontrib/Platform/fst --include ../../../..//ucontrib/CoreCrypto/fst Ex12f.TMAC.fst
Verified module: FStar.Util (36 milliseconds)
All verification conditions discharged successfully
/cygdrive/c/Build/Agent/_work/1/s/bin/fstar.exe --trace_error --use_hints FStar.StrongExcludedMiddle.fst
Verified module: FStar.UInt16 (8918 milliseconds)
All verification conditions discharged successfully
/cygdrive/c/Build/Agent/_work/1/s/bin/fstar.exe --trace_error --use_hints FStar.IO.fsti
Verified module: Ex12e.Pad (1592 milliseconds)
All verification conditions discharged successfully
/cygdrive/c/Build/Agent/_work/1/s/bin/fstar.exe --trace_error --use_hints --include ../../../..//ucontrib/Platform/fst --include ../../../..//ucontrib/CoreCrypto/fst Ex12g.TMAC2.fst
Verified module: FStar.HyperStack (14638 milliseconds)
All verification conditions discharged successfully
/cygdrive/c/Build/Agent/_work/1/s/bin/fstar.exe --trace_error --use_hints FStar.Squash.fsti
Verified module: FStar.StrongExcludedMiddle (88 milliseconds)
All verification conditions discharged successfully
/cygdrive/c/Build/Agent/_work/1/s/bin/fstar.exe --trace_error --use_hints FStar.String.fsti
Verified module: FStar.Int16 (8227 milliseconds)
All verification conditions discharged successfully
/cygdrive/c/Build/Agent/_work/1/s/bin/fstar.exe --trace_error --use_hints FStar.Option.fsti
Verified i'face (or impl+i'face): FStar.IO (101 milliseconds)
All verification conditions discharged successfully
/cygdrive/c/Build/Agent/_work/1/s/bin/fstar.exe --trace_error --use_hints FStar.Matrix2.fsti
Verified i'face (or impl+i'face): FStar.Squash (20 milliseconds)
All verification conditions discharged successfully
/cygdrive/c/Build/Agent/_work/1/s/bin/fstar.exe --trace_error --use_hints FStar.Float.fsti
Verified module: Ex12f.TMAC (331 milliseconds)
All verification conditions discharged successfully
/cygdrive/c/Build/Agent/_work/1/s/bin/fstar.exe --trace_error --use_hints --include ../../../..//ulib/hyperheap Ex11a.fst
Verified i'face (or impl+i'face): FStar.String (241 milliseconds)
All verification conditions discharged successfully
/cygdrive/c/Build/Agent/_work/1/s/bin/fstar.exe --trace_error --use_hints FStar.BaseTypes.fsti
Verified i'face (or impl+i'face): FStar.Option (16 milliseconds)
All verification conditions discharged successfully
/cygdrive/c/Build/Agent/_work/1/s/bin/fstar.exe --trace_error --use_hints FStar.Char.fsti
Verified i'face (or impl+i'face): FStar.Float (19 milliseconds)
All verification conditions discharged successfully
/cygdrive/c/Build/Agent/_work/1/s/bin/fstar.exe --trace_error --use_hints FStar.Map.fst FStar.HyperHeap.fst hyperheap/FStar.ST.fst FStar.Util.fst
Verified i'face (or impl+i'face): FStar.Char (221 milliseconds)
All verification conditions discharged successfully
/cygdrive/c/Build/Agent/_work/1/s/bin/fstar.exe --trace_error --use_hints FStar.Map.fst FStar.HyperStack.fst hyperstack/FStar.ST.fst hyperstack/FStar.All.fst FStar.Monotonic.RRef.fst FStar.Monotonic.Seq.fst
Verified module: Crypto.AEAD.Wrappers.PRF (29921 milliseconds)
All verification conditions discharged successfully
Verified i'face (or impl+i'face): FStar.Matrix2 (2192 milliseconds)
All verification conditions discharged successfully
/cygdrive/c/Build/Agent/_work/1/s/bin/fstar.exe --trace_error --use_hints FStar.Map.fst FStar.HyperStack.fst hyperstack/FStar.ST.fst FStar.Buffer.fst FStar.Buffer.Quantifiers.fst
../../../bin/fstar.exe --fstar_home ../../.. --max_fuel 4 --initial_fuel 0 --max_ifuel 2 --initial_ifuel 0 --z3rlimit 20  --use_hints --trace_error \
--include ../../../ulib/hyperstack --include hacl \
--__temp_no_proj Crypto.Symmetric.MAC \
--verify_module Crypto.AEAD.Encrypt \
Crypto.AEAD.Encrypt.fst
Verified module: Ex12g.TMAC2 (813 milliseconds)
All verification conditions discharged successfully
../../../bin/fstar.exe --fstar_home ../../.. --max_fuel 4 --initial_fuel 0 --max_ifuel 2 --initial_ifuel 0 --z3rlimit 20  --use_hints --trace_error \
--include ../../../ulib/hyperstack --include hacl \
--__temp_no_proj Crypto.Symmetric.MAC \
--verify_module Crypto.AEAD \
Crypto.AEAD.fst
Verified i'face (or impl+i'face): FStar.BaseTypes (18 milliseconds)
All verification conditions discharged successfully
../../../bin/fstar.exe --fstar_home ../../.. --max_fuel 4 --initial_fuel 0 --max_ifuel 2 --initial_ifuel 0 --z3rlimit 20  --use_hints --trace_error \
--include ../../../ulib/hyperstack --include hacl \
--__temp_no_proj Crypto.Symmetric.MAC \
--verify_module Crypto.Plain \
Crypto.Plain.fst
Verified module: Crypto.AEAD.Wrappers.Encoding (14661 milliseconds)
All verification conditions discharged successfully
../../../bin/fstar.exe --fstar_home ../../.. --max_fuel 4 --initial_fuel 0 --max_ifuel 2 --initial_ifuel 0 --z3rlimit 20  --use_hints --trace_error \
--include ../../../ulib/hyperstack --include hacl \
--__temp_no_proj Crypto.Symmetric.MAC \
--verify_module TestMonotonic \
TestMonotonic.fst
Verified module: Ex11a (9883 milliseconds)
All verification conditions discharged successfully
make[3]: Leaving directory '/cygdrive/c/Build/Agent/_work/1/s/doc/tutorial/code/solutions'
Verified module: Crypto.AEAD.Decrypt (15087 milliseconds)
All verification conditions discharged successfully
Verified module: TestMonotonic (2680 milliseconds)
All verification conditions discharged successfully
Verified module: FStar.SeqProperties (43609 milliseconds)
All verification conditions discharged successfully
Verified module: FStar.Map (3841 milliseconds)
Verified module: FStar.HyperHeap (14924 milliseconds)
Verified module: FStar.ST (968 milliseconds)
Verified module: FStar.Util (29 milliseconds)
All verification conditions discharged successfully
Verified module: Crypto.Symmetric.UF1CMA (141315 milliseconds)
All verification conditions discharged successfully
Verified module: Crypto.Plain (6680 milliseconds)
All verification conditions discharged successfully
Verified module: Crypto.AEAD.MAC_Wrapper.Invariant (29884 milliseconds)
All verification conditions discharged successfully
Verified module: Crypto.Symmetric.PRF (128915 milliseconds)
All verification conditions discharged successfully
Verified module: FStar.UInt (61508 milliseconds)
All verification conditions discharged successfully
Verified module: FStar.Map (3639 milliseconds)
Verified module: FStar.HyperStack (12789 milliseconds)
Verified module: FStar.ST (8916 milliseconds)
Verified module: FStar.Monotonic.RRef (1058 milliseconds)
Verified module: FStar.Monotonic.Seq (13879 milliseconds)
Verified module: FStar.All (52 milliseconds)
All verification conditions discharged successfully
Verified module: Crypto.AEAD.Encrypt.Ideal.Invariant (37033 milliseconds)
All verification conditions discharged successfully
Verified module: Crypto.AEAD (2287 milliseconds)
All verification conditions discharged successfully
Verified module: Crypto.Symmetric.Poly1305.Bignum.Lemmas.Part3 (226918 milliseconds)
All verification conditions discharged successfully
Verified module: Crypto.AEAD.Enxor.Invariant (112285 milliseconds)
All verification conditions discharged successfully
Verified module: Crypto.AEAD.Encrypt.Invariant (107232 milliseconds)
All verification conditions discharged successfully
Verified module: Crypto.AEAD.Encrypt (39755 milliseconds)
All verification conditions discharged successfully
Verified module: Crypto.Symmetric.Bytes (294687 milliseconds)
All verification conditions discharged successfully
Verified module: Crypto.AEAD.Invariant (216124 milliseconds)
All verification conditions discharged successfully
Verified module: Crypto.AEAD.EnxorDexor (227228 milliseconds)
All verification conditions discharged successfully
Verified module: FStar.Map (4529 milliseconds)
Verified module: FStar.HyperStack (16646 milliseconds)
Verified module: FStar.ST (10802 milliseconds)
Verified module: FStar.Buffer (145176 milliseconds)
Verified module: FStar.Buffer.Quantifiers (4444 milliseconds)
All verification conditions discharged successfully
Verified module: FStar.Math.Lemmas (282691 milliseconds)
All verification conditions discharged successfully
make[2]: Leaving directory '/cygdrive/c/Build/Agent/_work/1/s/ulib'
Verified module: Crypto.AEAD.Encoding (305172 milliseconds)
All verification conditions discharged successfully
Verified module: Crypto.AEAD.Wrappers.CMA (316389 milliseconds)
All verification conditions discharged successfully
make[4]: Leaving directory '/cygdrive/c/Build/Agent/_work/1/s/examples/low-level/crypto'
make[3]: Leaving directory '/cygdrive/c/Build/Agent/_work/1/s/examples/low-level'
make[2]: Leaving directory '/cygdrive/c/Build/Agent/_work/1/s/examples'
make[2]: Target 'uall' not remade because of errors.
make[1]: *** [Makefile:452: uexamples] Error 2
make[1]: Leaving directory '/cygdrive/c/Build/Agent/_work/1/s/src'
make[1]: Target 'uregressions' not remade because of errors.
make: *** [Makefile:429: utest] Error 2
make: Leaving directory '/cygdrive/c/Build/Agent/_work/1/s/src'
