make[1]: warning: jobserver unavailable: using -j1.  Add '+' to parent make rule.
make[1]: warning: jobserver unavailable: using -j1.  Add '+' to parent make rule.
Warning: you are using the standard library and/or the %inline keyword. We
recommend switching on --infer in order to avoid obscure type error messages.
warning: CRLF will be replaced by LF in src/parser/parse.fsi.
The file will have its original line endings in your working directory.
File "src/basic/ml/FStar_Util.ml", line 47, characters 57-65:
Warning 40: st_mtime was selected from type BatUnix.stats.
It is not visible in the current scope, and will not 
be selected if the type becomes unknown.
File "src/basic/ml/FStar_Util.ml", line 47, characters 57-65:
Warning 40: st_mtime was selected from type BatUnix.stats.
It is not visible in the current scope, and will not 
be selected if the type becomes unknown.
make[3]: warning: jobserver unavailable: using -j1.  Add '+' to parent make rule.
Unexpected error
FStar_Errors.Error(_)
Raised at file "src/ocaml-output/bootlibs/MkPrims.ml", line 89, characters 22-23
Called from file "src/ocaml-output/FStar_Parser_Dep.ml", line 567, characters 30-69
Called from file "list.ml", line 73, characters 12-15
Called from file "src/ocaml-output/FStar_Parser_Dep.ml", line 669, characters 6-62
Called from file "src/ocaml-output/FStar_Dependencies.ml", line 12, characters 24-66
Called from file "src/ocaml-output/FStar_Main.ml", line 201, characters 27-116
Called from file "src/ocaml-output/FStar_Main.ml", line 226, characters 6-11

C:\Build\Agent2\_work\1\s\src\u_boot_fsts\FStar.Parser.ToDocument.fsti(37,0-37,0): (Error) Syntax error: Failure("lexing: empty token")
1 error was reported (see above)
make[3]: *** [Makefile:169: u_extract_parser] Error 1
Unexpected error
FStar_Errors.Error(_)
Raised at file "src/ocaml-output/bootlibs/MkPrims.ml", line 89, characters 22-23
Called from file "src/ocaml-output/FStar_Parser_Dep.ml", line 567, characters 30-69
Called from file "list.ml", line 73, characters 12-15
Called from file "list.ml", line 73, characters 12-15
Called from file "src/ocaml-output/FStar_Parser_Dep.ml", line 669, characters 6-62
Called from file "src/ocaml-output/FStar_Dependencies.ml", line 12, characters 24-66
Called from file "src/ocaml-output/FStar_Main.ml", line 201, characters 27-116
Called from file "src/ocaml-output/FStar_Main.ml", line 226, characters 6-11

C:\Build\Agent2\_work\1\s\src\u_boot_fsts\FStar.Parser.ToDocument.fsti(37,0-37,0): (Error) Syntax error: Failure("lexing: empty token")
1 error was reported (see above)
make[3]: *** [Makefile:218: u_extract_fstar] Error 1
Unexpected error
FStar_Errors.Error(_)
Raised at file "src/ocaml-output/bootlibs/MkPrims.ml", line 89, characters 22-23
Called from file "src/ocaml-output/FStar_Parser_Dep.ml", line 567, characters 30-69
Called from file "list.ml", line 73, characters 12-15
Called from file "list.ml", line 73, characters 12-15
Called from file "src/ocaml-output/FStar_Parser_Dep.ml", line 669, characters 6-62
Called from file "src/ocaml-output/FStar_Dependencies.ml", line 12, characters 24-66
Called from file "src/ocaml-output/FStar_Main.ml", line 201, characters 27-116
Called from file "src/ocaml-output/FStar_Main.ml", line 226, characters 6-11

C:\Build\Agent2\_work\1\s\src\u_boot_fsts\FStar.Parser.ToDocument.fsti(37,0-37,0): (Error) Syntax error: Failure("lexing: empty token")
1 error was reported (see above)
make[3]: *** [Makefile:166: u_extract_syntax] Error 1
.\u_boot_fsts\FStar.TypeChecker.Env.fst(280,0-284,35): (Warning) Annotation from val declaration overrides inline type annotation
.\u_boot_fsts\FStar.TypeChecker.Util.fst(70,0-72,32): (Warning) Annotation from val declaration overrides inline type annotation
.\u_boot_fsts\FStar.TypeChecker.Env.fst(718,0-720,39): (Warning) Annotation from val declaration overrides inline type annotation
make[3]: Target 'u_extract_all' not remade because of errors.
make[2]: *** [Makefile:230: ocaml] Error 2
make[1]: *** [Makefile:240: fstar-ocaml] Error 2
make: *** [Makefile:255: utest] Error 2
