This is /home/vsts/everest-ci/ci
Working directory: /LinuxAgent/_work/11/s
About to run: make -C src utest -j 24 -k
BUILD_SOURCEBRANCHNAME: master
BUILD_DEFINITIONNAME: FStar-CI-Linux
make: Entering directory '/LinuxAgent/_work/11/s/src'
make all
make[1]: Entering directory '/LinuxAgent/_work/11/s/src'
make[1]: warning: jobserver unavailable: using -j1.  Add '+' to parent make rule.
mono VS/.nuget/NuGet.exe restore VS/FStar.sln
Installing 'FsLexYacc 6.1.0'.
Installing 'FsLexYacc.Runtime 6.1.0'.
Successfully installed 'FsLexYacc.Runtime 6.1.0'.
Successfully installed 'FsLexYacc 6.1.0'.
make -C VS install-packages
make[2]: Entering directory '/LinuxAgent/_work/11/s/src/VS'
[ -d packages ] || make update-nuget
mono .nuget/NuGet.exe restore FStar.sln
All packages listed in packages.config are already installed.
find packages -name '*.exe' -exec chmod +x '{}' ';'
make[2]: Leaving directory '/LinuxAgent/_work/11/s/src/VS'
xbuild /verbosity:minimal /p:Configuration=Release VS/FStar.sln
XBuild Engine Version 12.0
Mono, Version 4.2.1.0
Copyright (C) 2005-2013 Various Mono authors
Configuration: Release Platform: AnyCPU
Configuration: Release Platform: AnyCPU
Configuration: Release Platform: AnyCPU
/LinuxAgent/_work/11/s/src/prettyprint/prettyprint.fsproj:  warning : Project has unknown ToolsVersion '14.0'. Using the default tools version '4.0' instead.
Configuration: Release Platform: AnyCPU
Configuration: Release Platform: AnyCPU
Configuration: Release Platform: AnyCPU
/LinuxAgent/_work/11/s/src/prettyprint/prettyprint.fsproj:  warning : Project has unknown ToolsVersion '14.0'. Using the default tools version '4.0' instead.
compiling to dfas (can take a while...)
342 states
writing output
building tables
computing first function...time: 00:00:00.0860667
building kernels...time: 00:00:00.0866991
building kernel table...time: 00:00:00.0071916
computing lookahead relations...................................................................................................................................................................................................................................................................................................................................................................................................................................................................................................................................................................................................................................................................................................................................................time: 00:00:00.4744206
building lookahead table...time: 00:00:00.2314852
building action table...state 410: shift/reduce error on SEMICOLON
state 437: shift/reduce error on BAR
state 440: shift/reduce error on LBRACE
state 441: shift/reduce error on BAR
state 452: shift/reduce error on BAR
state 528: shift/reduce error on COLON_EQUALS
state 564: shift/reduce error on LBRACE
time: 00:00:00.7973816
building goto table...time: 00:00:00.2465608
returning tables.
7 shift/reduce conflicts
720 states
139 nonterminals
140 terminals
391 productions
#rows in action table: 720
/LinuxAgent/_work/11/s/src/prettyprint/prettyprint.fsproj:  warning : Project has unknown ToolsVersion '14.0'. Using the default tools version '4.0' instead.
Configuration: Release Platform: AnyCPU
/LinuxAgent/_work/11/s/src/smtencoding/smtencoding.fsproj:  warning : Project has unknown ToolsVersion '14.0'. Using the default tools version '4.0' instead.
Configuration: Release Platform: AnyCPU
Configuration: Release Platform: AnyCPU
/LinuxAgent/_work/11/s/src/prettyprint/prettyprint.fsproj:  warning : Project has unknown ToolsVersion '14.0'. Using the default tools version '4.0' instead.
Configuration: Release Platform: AnyCPU
Configuration: Release Platform: AnyCPU
/LinuxAgent/_work/11/s/src/smtencoding/smtencoding.fsproj:  warning : Project has unknown ToolsVersion '14.0'. Using the default tools version '4.0' instead.
/LinuxAgent/_work/11/s/src/prettyprint/prettyprint.fsproj:  warning : Project has unknown ToolsVersion '14.0'. Using the default tools version '4.0' instead.
/LinuxAgent/_work/11/s/src/smtencoding/smtencoding.fsproj:  warning : Project has unknown ToolsVersion '14.0'. Using the default tools version '4.0' instead.
/LinuxAgent/_work/11/s/src/prettyprint/prettyprint.fsproj:  warning : Project has unknown ToolsVersion '14.0'. Using the default tools version '4.0' instead.
Configuration: Release Platform: AnyCPU
/LinuxAgent/_work/11/s/src/smtencoding/smtencoding.fsproj:  warning : Project has unknown ToolsVersion '14.0'. Using the default tools version '4.0' instead.
/LinuxAgent/_work/11/s/src/smtencoding/smtencoding.fsproj:  warning : Project has unknown ToolsVersion '14.0'. Using the default tools version '4.0' instead.
/LinuxAgent/_work/11/s/src/prettyprint/prettyprint.fsproj:  warning : Project has unknown ToolsVersion '14.0'. Using the default tools version '4.0' instead.
/LinuxAgent/_work/11/s/src/smtencoding/smtencoding.fsproj:  warning : Project has unknown ToolsVersion '14.0'. Using the default tools version '4.0' instead.
chmod a+x ../bin/tests.exe
chmod a+x ../bin/fstar.exe
make[1]: Leaving directory '/LinuxAgent/_work/11/s/src'
make -C ocaml-output
make[1]: Entering directory '/LinuxAgent/_work/11/s/src/ocaml-output'
# TODO : call menhir directly when positions are fixed instead of
# letting OCamlbuild go through ocamlyacc
menhir  --only-preprocess-for-ocamlyacc ../parser/parse.mly > parse.mly
Warning: you are using the standard library and/or the %inline keyword. We
recommend switching on --infer in order to avoid obscure type error messages.
# Save a copy of the dumb parse.mly for whoever doesn't have menhir.
echo 'let version = "0.9.4.0"' > FStar_Version.ml
cp parse.mly ../parser/ml/
echo 'let platform = "Linux_x86_64"' >> FStar_Version.ml
echo 'let compiler = "OCaml 4.02.3"' >> FStar_Version.ml
echo 'let date = "2017-02-15T18:31:02+00:00"' >> FStar_Version.ml
echo "%{" > ../parser/parse.fsy
# We are opening the same module twice but we need these modules
# open for the definition of tokens
echo 'let commit= "2a981cd"' >> FStar_Version.ml
echo "open Prims" > FStar_Parser_Parse.ml
echo "#light \"off\"" >> ../parser/parse.fsy
echo "// (c) Microsoft Corporation. All rights reserved" >> ../parser/parse.fsy
echo "open FStar_Errors" >> FStar_Parser_Parse.ml
echo "open Prims" >> ../parser/parse.fsy
echo "open FStar_List" >> FStar_Parser_Parse.ml
echo "open FStar.Errors" >> ../parser/parse.fsy
echo "open FStar_Util" >> FStar_Parser_Parse.ml
echo "open FStar.List" >> ../parser/parse.fsy
echo "open FStar_Range" >> FStar_Parser_Parse.ml
echo "open FStar.Util" >> ../parser/parse.fsy
echo "open FStar_Options" >> FStar_Parser_Parse.ml
echo "open FStar.Range" >> ../parser/parse.fsy
echo "open FStar_Syntax_Syntax" >> FStar_Parser_Parse.ml
echo "open FStar.Options" >> ../parser/parse.fsy
echo "open FStar_Syntax_Const" >> FStar_Parser_Parse.ml
echo "open FStar.Syntax.Syntax" >> ../parser/parse.fsy
echo "open FStar_Syntax_Util" >> FStar_Parser_Parse.ml
echo "open FStar.Syntax.Const" >> ../parser/parse.fsy
echo "open FStar_Parser_AST" >> FStar_Parser_Parse.ml
echo "open FStar.Syntax.Util" >> ../parser/parse.fsy
echo "open FStar_Parser_Util" >> FStar_Parser_Parse.ml
echo "open FStar.Parser.AST" >> ../parser/parse.fsy
echo "open FStar_Const" >> FStar_Parser_Parse.ml
echo "open FStar_Ident" >> FStar_Parser_Parse.ml
echo "open FStar_String" >> FStar_Parser_Parse.ml
echo "open FStar.Parser.Util" >> ../parser/parse.fsy
# TODO: create a proper OCamlbuild rule for this production so that
echo "open FStar.Const" >> ../parser/parse.fsy
# OCamlbuild knows how to generate parse.mly first (possibly using
# menhir) and removes the production as needed.
echo "open FStar.Ident" >> ../parser/parse.fsy
ocamlyacc parse.mly
echo "open FStar.String" >> ../parser/parse.fsy
# TODO : fsyacc seems to complain as soon as there is an arrow -> in a %type declaration...
cat parse.mly | sed -e '/%{/d' \
-e '/^open /d' \
-e '/%token/s/[a-zA-Z0-9_]*\.//g' \
-e '/%type/s/[a-zA-Z0-9_]*\.//g' \
-e '/%token.*->.*/d' \
-e '/%type.*->.*/d' \
>> ../parser/parse.fsy
6 shift/reduce conflicts.
cat parse.ml >> FStar_Parser_Parse.ml
rm parse.ml parse.mli
cd ../../ && ocamlbuild -cflag '-g' -I src/ocaml-output -I src/basic/ml -I src/parser/ml -I src/fstar/ml -j 24 -build-dir src/ocaml-output/_build -I src/prettyprint/ml -I src/ocaml-output/bootlibs -use-ocamlfind main.native
ocamlfind ocamldep -package batteries -package zarith -package yojson -package pprint -modules src/fstar/ml/main.ml > src/fstar/ml/main.ml.depends
ocamlfind ocamldep -package batteries -package zarith -package yojson -package pprint -modules src/ocaml-output/FStar_Main.ml > src/ocaml-output/FStar_Main.ml.depends
ocamlfind ocamldep -package batteries -package zarith -package yojson -package pprint -modules src/ocaml-output/bootlibs/FStar_All.ml > src/ocaml-output/bootlibs/FStar_All.ml.depends
ocamlfind ocamldep -package batteries -package zarith -package yojson -package pprint -modules src/ocaml-output/FStar_Dependencies.ml > src/ocaml-output/FStar_Dependencies.ml.depends
ocamlfind ocamlc -c -g -annot -bin-annot -thread -w -8-11-21-26-28 -package batteries -package zarith -package yojson -package pprint -I src/ocaml-output/bootlibs -I src/ocaml-output -I src/prettyprint/ml -I src/parser/ml -I src/fstar/ml -I src/basic/ml -o src/ocaml-output/bootlibs/FStar_All.cmo src/ocaml-output/bootlibs/FStar_All.ml
ocamlfind ocamldep -package batteries -package zarith -package yojson -package pprint -modules src/ocaml-output/bootlibs/FStar_List.ml > src/ocaml-output/bootlibs/FStar_List.ml.depends
ocamlfind ocamldep -package batteries -package zarith -package yojson -package pprint -modules src/ocaml-output/FStar_Options.ml > src/ocaml-output/FStar_Options.ml.depends
ocamlfind ocamldep -package batteries -package zarith -package yojson -package pprint -modules src/ocaml-output/bootlibs/FStar_BaseTypes.ml > src/ocaml-output/bootlibs/FStar_BaseTypes.ml.depends
ocamlfind ocamldep -package batteries -package zarith -package yojson -package pprint -modules src/ocaml-output/bootlibs/FStar_Char.ml > src/ocaml-output/bootlibs/FStar_Char.ml.depends
ocamlfind ocamldep -package batteries -package zarith -package yojson -package pprint -modules src/ocaml-output/bootlibs/FStar_Float.ml > src/ocaml-output/bootlibs/FStar_Float.ml.depends
ocamlfind ocamldep -package batteries -package zarith -package yojson -package pprint -modules src/ocaml-output/bootlibs/FStar_Int16.ml > src/ocaml-output/bootlibs/FStar_Int16.ml.depends
ocamlfind ocamldep -package batteries -package zarith -package yojson -package pprint -modules src/ocaml-output/bootlibs/FStar_Int32.ml > src/ocaml-output/bootlibs/FStar_Int32.ml.depends
ocamlfind ocamldep -package batteries -package zarith -package yojson -package pprint -modules src/ocaml-output/bootlibs/FStar_Int64.ml > src/ocaml-output/bootlibs/FStar_Int64.ml.depends
ocamlfind ocamldep -package batteries -package zarith -package yojson -package pprint -modules src/ocaml-output/bootlibs/FStar_Int8.ml > src/ocaml-output/bootlibs/FStar_Int8.ml.depends
ocamlfind ocamldep -package batteries -package zarith -package yojson -package pprint -modules src/ocaml-output/bootlibs/FStar_UInt16.ml > src/ocaml-output/bootlibs/FStar_UInt16.ml.depends
ocamlfind ocamldep -package batteries -package zarith -package yojson -package pprint -modules src/ocaml-output/bootlibs/FStar_UInt8.ml > src/ocaml-output/bootlibs/FStar_UInt8.ml.depends
ocamlfind ocamlc -c -g -annot -bin-annot -thread -w -8-11-21-26-28 -package batteries -package zarith -package yojson -package pprint -I src/ocaml-output/bootlibs -I src/ocaml-output -I src/prettyprint/ml -I src/parser/ml -I src/fstar/ml -I src/basic/ml -o src/ocaml-output/bootlibs/FStar_Char.cmo src/ocaml-output/bootlibs/FStar_Char.ml
ocamlfind ocamlc -c -g -annot -bin-annot -thread -w -8-11-21-26-28 -package batteries -package zarith -package yojson -package pprint -I src/ocaml-output/bootlibs -I src/ocaml-output -I src/prettyprint/ml -I src/parser/ml -I src/fstar/ml -I src/basic/ml -o src/ocaml-output/bootlibs/FStar_Float.cmo src/ocaml-output/bootlibs/FStar_Float.ml
ocamlfind ocamlc -c -g -annot -bin-annot -thread -w -8-11-21-26-28 -package batteries -package zarith -package yojson -package pprint -I src/ocaml-output/bootlibs -I src/ocaml-output -I src/prettyprint/ml -I src/parser/ml -I src/fstar/ml -I src/basic/ml -o src/ocaml-output/bootlibs/FStar_Int16.cmo src/ocaml-output/bootlibs/FStar_Int16.ml
ocamlfind ocamlc -c -g -annot -bin-annot -thread -w -8-11-21-26-28 -package batteries -package zarith -package yojson -package pprint -I src/ocaml-output/bootlibs -I src/ocaml-output -I src/prettyprint/ml -I src/parser/ml -I src/fstar/ml -I src/basic/ml -o src/ocaml-output/bootlibs/FStar_Int32.cmo src/ocaml-output/bootlibs/FStar_Int32.ml
ocamlfind ocamlc -c -g -annot -bin-annot -thread -w -8-11-21-26-28 -package batteries -package zarith -package yojson -package pprint -I src/ocaml-output/bootlibs -I src/ocaml-output -I src/prettyprint/ml -I src/parser/ml -I src/fstar/ml -I src/basic/ml -o src/ocaml-output/bootlibs/FStar_Int64.cmo src/ocaml-output/bootlibs/FStar_Int64.ml
ocamlfind ocamlc -c -g -annot -bin-annot -thread -w -8-11-21-26-28 -package batteries -package zarith -package yojson -package pprint -I src/ocaml-output/bootlibs -I src/ocaml-output -I src/prettyprint/ml -I src/parser/ml -I src/fstar/ml -I src/basic/ml -o src/ocaml-output/bootlibs/FStar_Int8.cmo src/ocaml-output/bootlibs/FStar_Int8.ml
ocamlfind ocamlc -c -g -annot -bin-annot -thread -w -8-11-21-26-28 -package batteries -package zarith -package yojson -package pprint -I src/ocaml-output/bootlibs -I src/ocaml-output -I src/prettyprint/ml -I src/parser/ml -I src/fstar/ml -I src/basic/ml -o src/ocaml-output/bootlibs/FStar_UInt16.cmo src/ocaml-output/bootlibs/FStar_UInt16.ml
ocamlfind ocamlc -c -g -annot -bin-annot -thread -w -8-11-21-26-28 -package batteries -package zarith -package yojson -package pprint -I src/ocaml-output/bootlibs -I src/ocaml-output -I src/prettyprint/ml -I src/parser/ml -I src/fstar/ml -I src/basic/ml -o src/ocaml-output/bootlibs/FStar_UInt8.cmo src/ocaml-output/bootlibs/FStar_UInt8.ml
ocamlfind ocamldep -package batteries -package zarith -package yojson -package pprint -modules src/basic/ml/FStar_Getopt.ml > src/basic/ml/FStar_Getopt.ml.depends
ocamlfind ocamlc -c -g -annot -bin-annot -thread -w -8-11-21-26-28 -package batteries -package zarith -package yojson -package pprint -I src/ocaml-output/bootlibs -I src/ocaml-output -I src/prettyprint/ml -I src/parser/ml -I src/fstar/ml -I src/basic/ml -o src/ocaml-output/bootlibs/FStar_List.cmo src/ocaml-output/bootlibs/FStar_List.ml
ocamlfind ocamldep -package batteries -package zarith -package yojson -package pprint -modules src/basic/ml/FStar_Platform.ml > src/basic/ml/FStar_Platform.ml.depends
ocamlfind ocamldep -package batteries -package zarith -package yojson -package pprint -modules src/ocaml-output/bootlibs/FStar_ST.ml > src/ocaml-output/bootlibs/FStar_ST.ml.depends
ocamlfind ocamldep -package batteries -package zarith -package yojson -package pprint -modules src/ocaml-output/bootlibs/FStar_String.ml > src/ocaml-output/bootlibs/FStar_String.ml.depends
ocamlfind ocamldep -package batteries -package zarith -package yojson -package pprint -modules src/basic/ml/FStar_Util.ml > src/basic/ml/FStar_Util.ml.depends
ocamlfind ocamldep -package batteries -package zarith -package yojson -package pprint -modules src/ocaml-output/bootlibs/prims.ml > src/ocaml-output/bootlibs/prims.ml.depends
ocamlfind ocamldep -package batteries -package zarith -package yojson -package pprint -modules src/ocaml-output/bootlibs/MkPrims.ml > src/ocaml-output/bootlibs/MkPrims.ml.depends
ocamlfind ocamlc -c -g -annot -bin-annot -thread -w -8-11-21-26-28 -package batteries -package zarith -package yojson -package pprint -I src/ocaml-output/bootlibs -I src/ocaml-output -I src/prettyprint/ml -I src/parser/ml -I src/fstar/ml -I src/basic/ml -o src/ocaml-output/bootlibs/MkPrims.cmo src/ocaml-output/bootlibs/MkPrims.ml
ocamlfind ocamlc -c -g -annot -bin-annot -thread -w -8-11-21-26-28 -package batteries -package zarith -package yojson -package pprint -I src/ocaml-output/bootlibs -I src/ocaml-output -I src/prettyprint/ml -I src/parser/ml -I src/fstar/ml -I src/basic/ml -o src/ocaml-output/bootlibs/prims.cmo src/ocaml-output/bootlibs/prims.ml
ocamlfind ocamldep -package batteries -package zarith -package yojson -package pprint -modules src/ocaml-output/FStar_Version.ml > src/ocaml-output/FStar_Version.ml.depends
ocamlfind ocamlc -c -g -annot -bin-annot -thread -w -8-11-21-26-28 -package batteries -package zarith -package yojson -package pprint -I src/ocaml-output/bootlibs -I src/ocaml-output -I src/prettyprint/ml -I src/parser/ml -I src/fstar/ml -I src/basic/ml -o src/ocaml-output/bootlibs/FStar_BaseTypes.cmo src/ocaml-output/bootlibs/FStar_BaseTypes.ml
ocamlfind ocamlc -c -g -annot -bin-annot -thread -w -8-11-21-26-28 -package batteries -package zarith -package yojson -package pprint -I src/basic/ml -I src/ocaml-output -I src/prettyprint/ml -I src/parser/ml -I src/ocaml-output/bootlibs -I src/fstar/ml -o src/basic/ml/FStar_Getopt.cmo src/basic/ml/FStar_Getopt.ml
ocamlfind ocamlc -c -g -annot -bin-annot -thread -w -8-11-21-26-28 -package batteries -package zarith -package yojson -package pprint -I src/basic/ml -I src/ocaml-output -I src/prettyprint/ml -I src/parser/ml -I src/ocaml-output/bootlibs -I src/fstar/ml -o src/basic/ml/FStar_Platform.cmo src/basic/ml/FStar_Platform.ml
ocamlfind ocamlc -c -g -annot -bin-annot -thread -w -8-11-21-26-28 -package batteries -package zarith -package yojson -package pprint -I src/ocaml-output/bootlibs -I src/ocaml-output -I src/prettyprint/ml -I src/parser/ml -I src/fstar/ml -I src/basic/ml -o src/ocaml-output/bootlibs/FStar_ST.cmo src/ocaml-output/bootlibs/FStar_ST.ml
ocamlfind ocamlc -c -g -annot -bin-annot -thread -w -8-11-21-26-28 -package batteries -package zarith -package yojson -package pprint -I src/ocaml-output/bootlibs -I src/ocaml-output -I src/prettyprint/ml -I src/parser/ml -I src/fstar/ml -I src/basic/ml -o src/ocaml-output/bootlibs/FStar_String.cmo src/ocaml-output/bootlibs/FStar_String.ml
ocamlfind ocamlc -c -g -annot -bin-annot -thread -w -8-11-21-26-28 -package batteries -package zarith -package yojson -package pprint -I src/basic/ml -I src/ocaml-output -I src/prettyprint/ml -I src/parser/ml -I src/ocaml-output/bootlibs -I src/fstar/ml -o src/basic/ml/FStar_Util.cmo src/basic/ml/FStar_Util.ml
ocamlfind ocamlc -c -g -annot -bin-annot -thread -w -8-11-21-26-28 -package batteries -package zarith -package yojson -package pprint -I src/ocaml-output -I src/prettyprint/ml -I src/parser/ml -I src/ocaml-output/bootlibs -I src/fstar/ml -I src/basic/ml -o src/ocaml-output/FStar_Version.cmo src/ocaml-output/FStar_Version.ml
+ ocamlfind ocamlc -c -g -annot -bin-annot -thread -w -8-11-21-26-28 -package batteries -package zarith -package yojson -package pprint -I src/basic/ml -I src/ocaml-output -I src/prettyprint/ml -I src/parser/ml -I src/ocaml-output/bootlibs -I src/fstar/ml -o src/basic/ml/FStar_Util.cmo src/basic/ml/FStar_Util.ml
File "src/basic/ml/FStar_Util.ml", line 47, characters 57-65:
Warning 40: st_mtime was selected from type BatUnix.stats.
It is not visible in the current scope, and will not
be selected if the type becomes unknown.
ocamlfind ocamldep -package batteries -package zarith -package yojson -package pprint -modules src/ocaml-output/FStar_Parser_Dep.ml > src/ocaml-output/FStar_Parser_Dep.ml.depends
ocamlfind ocamldep -package batteries -package zarith -package yojson -package pprint -modules src/ocaml-output/FStar_Const.ml > src/ocaml-output/FStar_Const.ml.depends
ocamlfind ocamldep -package batteries -package zarith -package yojson -package pprint -modules src/ocaml-output/FStar_Ident.ml > src/ocaml-output/FStar_Ident.ml.depends
ocamlfind ocamldep -package batteries -package zarith -package yojson -package pprint -modules src/basic/ml/FStar_Range.ml > src/basic/ml/FStar_Range.ml.depends
ocamlfind ocamlc -c -g -annot -bin-annot -thread -w -8-11-21-26-28 -package batteries -package zarith -package yojson -package pprint -I src/basic/ml -I src/ocaml-output -I src/prettyprint/ml -I src/parser/ml -I src/ocaml-output/bootlibs -I src/fstar/ml -o src/basic/ml/FStar_Range.cmo src/basic/ml/FStar_Range.ml
ocamlfind ocamlc -c -g -annot -bin-annot -thread -w -8-11-21-26-28 -package batteries -package zarith -package yojson -package pprint -I src/ocaml-output -I src/prettyprint/ml -I src/parser/ml -I src/ocaml-output/bootlibs -I src/fstar/ml -I src/basic/ml -o src/ocaml-output/FStar_Ident.cmo src/ocaml-output/FStar_Ident.ml
ocamlfind ocamldep -package batteries -package zarith -package yojson -package pprint -modules src/ocaml-output/FStar_Errors.ml > src/ocaml-output/FStar_Errors.ml.depends
ocamlfind ocamlc -c -g -annot -bin-annot -thread -w -8-11-21-26-28 -package batteries -package zarith -package yojson -package pprint -I src/ocaml-output -I src/prettyprint/ml -I src/parser/ml -I src/ocaml-output/bootlibs -I src/fstar/ml -I src/basic/ml -o src/ocaml-output/FStar_Options.cmo src/ocaml-output/FStar_Options.ml
ocamlfind ocamldep -package batteries -package zarith -package yojson -package pprint -modules src/ocaml-output/FStar_Parser_AST.ml > src/ocaml-output/FStar_Parser_AST.ml.depends
ocamlfind ocamlc -c -g -annot -bin-annot -thread -w -8-11-21-26-28 -package batteries -package zarith -package yojson -package pprint -I src/ocaml-output -I src/prettyprint/ml -I src/parser/ml -I src/ocaml-output/bootlibs -I src/fstar/ml -I src/basic/ml -o src/ocaml-output/FStar_Const.cmo src/ocaml-output/FStar_Const.ml
ocamlfind ocamlc -c -g -annot -bin-annot -thread -w -8-11-21-26-28 -package batteries -package zarith -package yojson -package pprint -I src/ocaml-output -I src/prettyprint/ml -I src/parser/ml -I src/ocaml-output/bootlibs -I src/fstar/ml -I src/basic/ml -o src/ocaml-output/FStar_Errors.cmo src/ocaml-output/FStar_Errors.ml
ocamlfind ocamldep -package batteries -package zarith -package yojson -package pprint -modules src/ocaml-output/FStar_Syntax_Const.ml > src/ocaml-output/FStar_Syntax_Const.ml.depends
ocamlfind ocamldep -package batteries -package zarith -package yojson -package pprint -modules src/ocaml-output/FStar_Syntax_Syntax.ml > src/ocaml-output/FStar_Syntax_Syntax.ml.depends
ocamlfind ocamldep -package batteries -package zarith -package yojson -package pprint -modules src/basic/ml/FStar_Unionfind.ml > src/basic/ml/FStar_Unionfind.ml.depends
ocamlfind ocamlc -c -g -annot -bin-annot -thread -w -8-11-21-26-28 -package batteries -package zarith -package yojson -package pprint -I src/basic/ml -I src/ocaml-output -I src/prettyprint/ml -I src/parser/ml -I src/ocaml-output/bootlibs -I src/fstar/ml -o src/basic/ml/FStar_Unionfind.cmo src/basic/ml/FStar_Unionfind.ml
ocamlfind ocamlc -c -g -annot -bin-annot -thread -w -8-11-21-26-28 -package batteries -package zarith -package yojson -package pprint -I src/ocaml-output -I src/prettyprint/ml -I src/parser/ml -I src/ocaml-output/bootlibs -I src/fstar/ml -I src/basic/ml -o src/ocaml-output/FStar_Syntax_Syntax.cmo src/ocaml-output/FStar_Syntax_Syntax.ml
ocamlfind ocamldep -package batteries -package zarith -package yojson -package pprint -modules src/ocaml-output/FStar_Syntax_Print.ml > src/ocaml-output/FStar_Syntax_Print.ml.depends
ocamlfind ocamlc -c -g -annot -bin-annot -thread -w -8-11-21-26-28 -package batteries -package zarith -package yojson -package pprint -I src/ocaml-output -I src/prettyprint/ml -I src/parser/ml -I src/ocaml-output/bootlibs -I src/fstar/ml -I src/basic/ml -o src/ocaml-output/FStar_Syntax_Const.cmo src/ocaml-output/FStar_Syntax_Const.ml
ocamlfind ocamldep -package batteries -package zarith -package yojson -package pprint -modules src/ocaml-output/FStar_Syntax_Subst.ml > src/ocaml-output/FStar_Syntax_Subst.ml.depends
ocamlfind ocamldep -package batteries -package zarith -package yojson -package pprint -modules src/ocaml-output/bootlibs/FStar_Option.ml > src/ocaml-output/bootlibs/FStar_Option.ml.depends
ocamlfind ocamlc -c -g -annot -bin-annot -thread -w -8-11-21-26-28 -package batteries -package zarith -package yojson -package pprint -I src/ocaml-output/bootlibs -I src/ocaml-output -I src/prettyprint/ml -I src/parser/ml -I src/fstar/ml -I src/basic/ml -o src/ocaml-output/bootlibs/FStar_Option.cmo src/ocaml-output/bootlibs/FStar_Option.ml
ocamlfind ocamldep -package batteries -package zarith -package yojson -package pprint -modules src/ocaml-output/FStar_Syntax_Util.ml > src/ocaml-output/FStar_Syntax_Util.ml.depends
ocamlfind ocamldep -package batteries -package zarith -package yojson -package pprint -modules src/ocaml-output/FStar_Syntax_InstFV.ml > src/ocaml-output/FStar_Syntax_InstFV.ml.depends
ocamlfind ocamlc -c -g -annot -bin-annot -thread -w -8-11-21-26-28 -package batteries -package zarith -package yojson -package pprint -I src/ocaml-output -I src/prettyprint/ml -I src/parser/ml -I src/ocaml-output/bootlibs -I src/fstar/ml -I src/basic/ml -o src/ocaml-output/FStar_Syntax_Subst.cmo src/ocaml-output/FStar_Syntax_Subst.ml
ocamlfind ocamlc -c -g -annot -bin-annot -thread -w -8-11-21-26-28 -package batteries -package zarith -package yojson -package pprint -I src/ocaml-output -I src/prettyprint/ml -I src/parser/ml -I src/ocaml-output/bootlibs -I src/fstar/ml -I src/basic/ml -o src/ocaml-output/FStar_Syntax_InstFV.cmo src/ocaml-output/FStar_Syntax_InstFV.ml
ocamlfind ocamlc -c -g -annot -bin-annot -thread -w -8-11-21-26-28 -package batteries -package zarith -package yojson -package pprint -I src/ocaml-output -I src/prettyprint/ml -I src/parser/ml -I src/ocaml-output/bootlibs -I src/fstar/ml -I src/basic/ml -o src/ocaml-output/FStar_Syntax_Util.cmo src/ocaml-output/FStar_Syntax_Util.ml
ocamlfind ocamlc -c -g -annot -bin-annot -thread -w -8-11-21-26-28 -package batteries -package zarith -package yojson -package pprint -I src/ocaml-output -I src/prettyprint/ml -I src/parser/ml -I src/ocaml-output/bootlibs -I src/fstar/ml -I src/basic/ml -o src/ocaml-output/FStar_Syntax_Print.cmo src/ocaml-output/FStar_Syntax_Print.ml
ocamlfind ocamldep -package batteries -package zarith -package yojson -package pprint -modules src/ocaml-output/FStar_Parser_Driver.ml > src/ocaml-output/FStar_Parser_Driver.ml.depends
ocamlfind ocamlc -c -g -annot -bin-annot -thread -w -8-11-21-26-28 -package batteries -package zarith -package yojson -package pprint -I src/ocaml-output -I src/prettyprint/ml -I src/parser/ml -I src/ocaml-output/bootlibs -I src/fstar/ml -I src/basic/ml -o src/ocaml-output/FStar_Parser_AST.cmo src/ocaml-output/FStar_Parser_AST.ml
ocamlfind ocamldep -package batteries -package zarith -package yojson -package pprint -modules src/parser/ml/FStar_Parser_ParseIt.ml > src/parser/ml/FStar_Parser_ParseIt.ml.depends
/usr/bin/ocamllex -q src/parser/ml/FStar_Parser_LexFStar.mll
ocamlfind ocamldep -package batteries -package zarith -package yojson -package pprint -modules src/parser/ml/FStar_Parser_LexFStar.ml > src/parser/ml/FStar_Parser_LexFStar.ml.depends
ocamlfind ocamldep -package batteries -package zarith -package yojson -package pprint -modules src/ocaml-output/FStar_Parser_Parse.ml > src/ocaml-output/FStar_Parser_Parse.ml.depends
ocamlfind ocamldep -package batteries -package zarith -package yojson -package pprint -modules src/parser/ml/FStar_Parser_Util.ml > src/parser/ml/FStar_Parser_Util.ml.depends
ocamlfind ocamlc -c -g -annot -bin-annot -thread -w -8-11-21-26-28 -package batteries -package zarith -package yojson -package pprint -I src/parser/ml -I src/ocaml-output -I src/prettyprint/ml -I src/ocaml-output/bootlibs -I src/fstar/ml -I src/basic/ml -o src/parser/ml/FStar_Parser_Util.cmo src/parser/ml/FStar_Parser_Util.ml
ocamlfind ocamlc -c -g -annot -bin-annot -thread -w -8-11-21-26-28 -package batteries -package zarith -package yojson -package pprint -I src/ocaml-output -I src/prettyprint/ml -I src/parser/ml -I src/ocaml-output/bootlibs -I src/fstar/ml -I src/basic/ml -o src/ocaml-output/FStar_Parser_Parse.cmo src/ocaml-output/FStar_Parser_Parse.ml
ocamlfind ocamlc -c -g -annot -bin-annot -thread -w -8-11-21-26-28 -package batteries -package zarith -package yojson -package pprint -I src/parser/ml -I src/ocaml-output -I src/prettyprint/ml -I src/ocaml-output/bootlibs -I src/fstar/ml -I src/basic/ml -o src/parser/ml/FStar_Parser_LexFStar.cmo src/parser/ml/FStar_Parser_LexFStar.ml
ocamlfind ocamlc -c -g -annot -bin-annot -thread -w -8-11-21-26-28 -package batteries -package zarith -package yojson -package pprint -I src/parser/ml -I src/ocaml-output -I src/prettyprint/ml -I src/ocaml-output/bootlibs -I src/fstar/ml -I src/basic/ml -o src/parser/ml/FStar_Parser_ParseIt.cmo src/parser/ml/FStar_Parser_ParseIt.ml
ocamlfind ocamlc -c -g -annot -bin-annot -thread -w -8-11-21-26-28 -package batteries -package zarith -package yojson -package pprint -I src/ocaml-output -I src/prettyprint/ml -I src/parser/ml -I src/ocaml-output/bootlibs -I src/fstar/ml -I src/basic/ml -o src/ocaml-output/FStar_Parser_Driver.cmo src/ocaml-output/FStar_Parser_Driver.ml
ocamlfind ocamlc -c -g -annot -bin-annot -thread -w -8-11-21-26-28 -package batteries -package zarith -package yojson -package pprint -I src/ocaml-output -I src/prettyprint/ml -I src/parser/ml -I src/ocaml-output/bootlibs -I src/fstar/ml -I src/basic/ml -o src/ocaml-output/FStar_Parser_Dep.cmo src/ocaml-output/FStar_Parser_Dep.ml
ocamlfind ocamldep -package batteries -package zarith -package yojson -package pprint -modules src/ocaml-output/FStar_Extraction_Kremlin.ml > src/ocaml-output/FStar_Extraction_Kremlin.ml.depends
ocamlfind ocamldep -package batteries -package zarith -package yojson -package pprint -modules src/ocaml-output/FStar_Extraction_ML_Code.ml > src/ocaml-output/FStar_Extraction_ML_Code.ml.depends
ocamlfind ocamldep -package batteries -package zarith -package yojson -package pprint -modules src/basic/ml/FStar_Bytes.ml > src/basic/ml/FStar_Bytes.ml.depends
ocamlfind ocamldep -package batteries -package zarith -package yojson -package pprint -modules src/ocaml-output/FStar_Extraction_ML_Syntax.ml > src/ocaml-output/FStar_Extraction_ML_Syntax.ml.depends
ocamlfind ocamldep -package batteries -package zarith -package yojson -package pprint -modules src/ocaml-output/FStar_Extraction_ML_Util.ml > src/ocaml-output/FStar_Extraction_ML_Util.ml.depends
ocamlfind ocamlc -c -g -annot -bin-annot -thread -w -8-11-21-26-28 -package batteries -package zarith -package yojson -package pprint -I src/ocaml-output -I src/prettyprint/ml -I src/parser/ml -I src/ocaml-output/bootlibs -I src/fstar/ml -I src/basic/ml -o src/ocaml-output/FStar_Extraction_ML_Syntax.cmo src/ocaml-output/FStar_Extraction_ML_Syntax.ml
ocamlfind ocamldep -package batteries -package zarith -package yojson -package pprint -modules src/ocaml-output/FStar_Extraction_ML_UEnv.ml > src/ocaml-output/FStar_Extraction_ML_UEnv.ml.depends
ocamlfind ocamldep -package batteries -package zarith -package yojson -package pprint -modules src/ocaml-output/FStar_TypeChecker_Env.ml > src/ocaml-output/FStar_TypeChecker_Env.ml.depends
ocamlfind ocamldep -package batteries -package zarith -package yojson -package pprint -modules src/ocaml-output/FStar_Syntax_Free.ml > src/ocaml-output/FStar_Syntax_Free.ml.depends
ocamlfind ocamldep -package batteries -package zarith -package yojson -package pprint -modules src/ocaml-output/FStar_TypeChecker_Common.ml > src/ocaml-output/FStar_TypeChecker_Common.ml.depends
ocamlfind ocamlc -c -g -annot -bin-annot -thread -w -8-11-21-26-28 -package batteries -package zarith -package yojson -package pprint -I src/ocaml-output -I src/prettyprint/ml -I src/parser/ml -I src/ocaml-output/bootlibs -I src/fstar/ml -I src/basic/ml -o src/ocaml-output/FStar_Syntax_Free.cmo src/ocaml-output/FStar_Syntax_Free.ml
ocamlfind ocamlc -c -g -annot -bin-annot -thread -w -8-11-21-26-28 -package batteries -package zarith -package yojson -package pprint -I src/ocaml-output -I src/prettyprint/ml -I src/parser/ml -I src/ocaml-output/bootlibs -I src/fstar/ml -I src/basic/ml -o src/ocaml-output/FStar_TypeChecker_Common.cmo src/ocaml-output/FStar_TypeChecker_Common.ml
ocamlfind ocamlc -c -g -annot -bin-annot -thread -w -8-11-21-26-28 -package batteries -package zarith -package yojson -package pprint -I src/ocaml-output -I src/prettyprint/ml -I src/parser/ml -I src/ocaml-output/bootlibs -I src/fstar/ml -I src/basic/ml -o src/ocaml-output/FStar_TypeChecker_Env.cmo src/ocaml-output/FStar_TypeChecker_Env.ml
ocamlfind ocamlc -c -g -annot -bin-annot -thread -w -8-11-21-26-28 -package batteries -package zarith -package yojson -package pprint -I src/ocaml-output -I src/prettyprint/ml -I src/parser/ml -I src/ocaml-output/bootlibs -I src/fstar/ml -I src/basic/ml -o src/ocaml-output/FStar_Extraction_ML_UEnv.cmo src/ocaml-output/FStar_Extraction_ML_UEnv.ml
ocamlfind ocamldep -package batteries -package zarith -package yojson -package pprint -modules src/ocaml-output/FStar_Format.ml > src/ocaml-output/FStar_Format.ml.depends
ocamlfind ocamlc -c -g -annot -bin-annot -thread -w -8-11-21-26-28 -package batteries -package zarith -package yojson -package pprint -I src/basic/ml -I src/ocaml-output -I src/prettyprint/ml -I src/parser/ml -I src/ocaml-output/bootlibs -I src/fstar/ml -o src/basic/ml/FStar_Bytes.cmo src/basic/ml/FStar_Bytes.ml
ocamlfind ocamlc -c -g -annot -bin-annot -thread -w -8-11-21-26-28 -package batteries -package zarith -package yojson -package pprint -I src/ocaml-output -I src/prettyprint/ml -I src/parser/ml -I src/ocaml-output/bootlibs -I src/fstar/ml -I src/basic/ml -o src/ocaml-output/FStar_Extraction_ML_Util.cmo src/ocaml-output/FStar_Extraction_ML_Util.ml
ocamlfind ocamlc -c -g -annot -bin-annot -thread -w -8-11-21-26-28 -package batteries -package zarith -package yojson -package pprint -I src/ocaml-output -I src/prettyprint/ml -I src/parser/ml -I src/ocaml-output/bootlibs -I src/fstar/ml -I src/basic/ml -o src/ocaml-output/FStar_Format.cmo src/ocaml-output/FStar_Format.ml
ocamlfind ocamlc -c -g -annot -bin-annot -thread -w -8-11-21-26-28 -package batteries -package zarith -package yojson -package pprint -I src/ocaml-output -I src/prettyprint/ml -I src/parser/ml -I src/ocaml-output/bootlibs -I src/fstar/ml -I src/basic/ml -o src/ocaml-output/FStar_Extraction_ML_Code.cmo src/ocaml-output/FStar_Extraction_ML_Code.ml
ocamlfind ocamldep -package batteries -package zarith -package yojson -package pprint -modules src/ocaml-output/FStar_Extraction_ML_Modul.ml > src/ocaml-output/FStar_Extraction_ML_Modul.ml.depends
ocamlfind ocamldep -package batteries -package zarith -package yojson -package pprint -modules src/ocaml-output/FStar_Extraction_ML_Term.ml > src/ocaml-output/FStar_Extraction_ML_Term.ml.depends
ocamlfind ocamldep -package batteries -package zarith -package yojson -package pprint -modules src/ocaml-output/FStar_TypeChecker_Normalize.ml > src/ocaml-output/FStar_TypeChecker_Normalize.ml.depends
ocamlfind ocamldep -package batteries -package zarith -package yojson -package pprint -modules src/ocaml-output/FStar_TypeChecker_TcTerm.ml > src/ocaml-output/FStar_TypeChecker_TcTerm.ml.depends
ocamlfind ocamldep -package batteries -package zarith -package yojson -package pprint -modules src/ocaml-output/FStar_TypeChecker_Err.ml > src/ocaml-output/FStar_TypeChecker_Err.ml.depends
ocamlfind ocamlc -c -g -annot -bin-annot -thread -w -8-11-21-26-28 -package batteries -package zarith -package yojson -package pprint -I src/ocaml-output -I src/prettyprint/ml -I src/parser/ml -I src/ocaml-output/bootlibs -I src/fstar/ml -I src/basic/ml -o src/ocaml-output/FStar_TypeChecker_Normalize.cmo src/ocaml-output/FStar_TypeChecker_Normalize.ml
ocamlfind ocamldep -package batteries -package zarith -package yojson -package pprint -modules src/ocaml-output/FStar_TypeChecker_Rel.ml > src/ocaml-output/FStar_TypeChecker_Rel.ml.depends
ocamlfind ocamlc -c -g -annot -bin-annot -thread -w -8-11-21-26-28 -package batteries -package zarith -package yojson -package pprint -I src/ocaml-output -I src/prettyprint/ml -I src/parser/ml -I src/ocaml-output/bootlibs -I src/fstar/ml -I src/basic/ml -o src/ocaml-output/FStar_TypeChecker_Err.cmo src/ocaml-output/FStar_TypeChecker_Err.ml
ocamlfind ocamldep -package batteries -package zarith -package yojson -package pprint -modules src/ocaml-output/FStar_TypeChecker_Util.ml > src/ocaml-output/FStar_TypeChecker_Util.ml.depends
ocamlfind ocamlc -c -g -annot -bin-annot -thread -w -8-11-21-26-28 -package batteries -package zarith -package yojson -package pprint -I src/ocaml-output -I src/prettyprint/ml -I src/parser/ml -I src/ocaml-output/bootlibs -I src/fstar/ml -I src/basic/ml -o src/ocaml-output/FStar_TypeChecker_Rel.cmo src/ocaml-output/FStar_TypeChecker_Rel.ml
ocamlfind ocamlc -c -g -annot -bin-annot -thread -w -8-11-21-26-28 -package batteries -package zarith -package yojson -package pprint -I src/ocaml-output -I src/prettyprint/ml -I src/parser/ml -I src/ocaml-output/bootlibs -I src/fstar/ml -I src/basic/ml -o src/ocaml-output/FStar_TypeChecker_Util.cmo src/ocaml-output/FStar_TypeChecker_Util.ml
ocamlfind ocamlc -c -g -annot -bin-annot -thread -w -8-11-21-26-28 -package batteries -package zarith -package yojson -package pprint -I src/ocaml-output -I src/prettyprint/ml -I src/parser/ml -I src/ocaml-output/bootlibs -I src/fstar/ml -I src/basic/ml -o src/ocaml-output/FStar_TypeChecker_TcTerm.cmo src/ocaml-output/FStar_TypeChecker_TcTerm.ml
ocamlfind ocamlc -c -g -annot -bin-annot -thread -w -8-11-21-26-28 -package batteries -package zarith -package yojson -package pprint -I src/ocaml-output -I src/prettyprint/ml -I src/parser/ml -I src/ocaml-output/bootlibs -I src/fstar/ml -I src/basic/ml -o src/ocaml-output/FStar_Extraction_ML_Term.cmo src/ocaml-output/FStar_Extraction_ML_Term.ml
ocamlfind ocamldep -package batteries -package zarith -package yojson -package pprint -modules src/ocaml-output/FStar_Fsdoc_Generator.ml > src/ocaml-output/FStar_Fsdoc_Generator.ml.depends
ocamlfind ocamldep -package batteries -package zarith -package yojson -package pprint -modules src/ocaml-output/FStar_Indent.ml > src/ocaml-output/FStar_Indent.ml.depends
ocamlfind ocamldep -package batteries -package zarith -package yojson -package pprint -modules src/ocaml-output/FStar_Parser_ToDocument.ml > src/ocaml-output/FStar_Parser_ToDocument.ml.depends
ocamlfind ocamldep -package batteries -package zarith -package yojson -package pprint -modules src/prettyprint/ml/FStar_Pprint.ml > src/prettyprint/ml/FStar_Pprint.ml.depends
ocamlfind ocamlc -c -g -annot -bin-annot -thread -w -8-11-21-26-28 -package batteries -package zarith -package yojson -package pprint -I src/prettyprint/ml -I src/ocaml-output -I src/parser/ml -I src/ocaml-output/bootlibs -I src/fstar/ml -I src/basic/ml -o src/prettyprint/ml/FStar_Pprint.cmo src/prettyprint/ml/FStar_Pprint.ml
ocamlfind ocamlc -c -g -annot -bin-annot -thread -w -8-11-21-26-28 -package batteries -package zarith -package yojson -package pprint -I src/ocaml-output -I src/prettyprint/ml -I src/parser/ml -I src/ocaml-output/bootlibs -I src/fstar/ml -I src/basic/ml -o src/ocaml-output/FStar_Parser_ToDocument.cmo src/ocaml-output/FStar_Parser_ToDocument.ml
ocamlfind ocamldep -package batteries -package zarith -package yojson -package pprint -modules src/ocaml-output/FStar_Interactive.ml > src/ocaml-output/FStar_Interactive.ml.depends
ocamlfind ocamlc -c -g -annot -bin-annot -thread -w -8-11-21-26-28 -package batteries -package zarith -package yojson -package pprint -I src/ocaml-output -I src/prettyprint/ml -I src/parser/ml -I src/ocaml-output/bootlibs -I src/fstar/ml -I src/basic/ml -o src/ocaml-output/FStar_Dependencies.cmo src/ocaml-output/FStar_Dependencies.ml
ocamlfind ocamldep -package batteries -package zarith -package yojson -package pprint -modules src/ocaml-output/FStar_SMTEncoding_Solver.ml > src/ocaml-output/FStar_SMTEncoding_Solver.ml.depends
ocamlfind ocamldep -package batteries -package zarith -package yojson -package pprint -modules src/ocaml-output/FStar_SMTEncoding_Encode.ml > src/ocaml-output/FStar_SMTEncoding_Encode.ml.depends
ocamlfind ocamldep -package batteries -package zarith -package yojson -package pprint -modules src/ocaml-output/FStar_SMTEncoding_ErrorReporting.ml > src/ocaml-output/FStar_SMTEncoding_ErrorReporting.ml.depends
ocamlfind ocamldep -package batteries -package zarith -package yojson -package pprint -modules src/ocaml-output/FStar_SMTEncoding_Term.ml > src/ocaml-output/FStar_SMTEncoding_Term.ml.depends
ocamlfind ocamldep -package batteries -package zarith -package yojson -package pprint -modules src/ocaml-output/FStar_SMTEncoding_Util.ml > src/ocaml-output/FStar_SMTEncoding_Util.ml.depends
ocamlfind ocamlc -c -g -annot -bin-annot -thread -w -8-11-21-26-28 -package batteries -package zarith -package yojson -package pprint -I src/ocaml-output -I src/prettyprint/ml -I src/parser/ml -I src/ocaml-output/bootlibs -I src/fstar/ml -I src/basic/ml -o src/ocaml-output/FStar_SMTEncoding_Term.cmo src/ocaml-output/FStar_SMTEncoding_Term.ml
ocamlfind ocamldep -package batteries -package zarith -package yojson -package pprint -modules src/ocaml-output/FStar_SMTEncoding_Z3.ml > src/ocaml-output/FStar_SMTEncoding_Z3.ml.depends
ocamlfind ocamlc -c -g -annot -bin-annot -thread -w -8-11-21-26-28 -package batteries -package zarith -package yojson -package pprint -I src/ocaml-output -I src/prettyprint/ml -I src/parser/ml -I src/ocaml-output/bootlibs -I src/fstar/ml -I src/basic/ml -o src/ocaml-output/FStar_SMTEncoding_Util.cmo src/ocaml-output/FStar_SMTEncoding_Util.ml
ocamlfind ocamlc -c -g -annot -bin-annot -thread -w -8-11-21-26-28 -package batteries -package zarith -package yojson -package pprint -I src/ocaml-output -I src/prettyprint/ml -I src/parser/ml -I src/ocaml-output/bootlibs -I src/fstar/ml -I src/basic/ml -o src/ocaml-output/FStar_SMTEncoding_Z3.cmo src/ocaml-output/FStar_SMTEncoding_Z3.ml
ocamlfind ocamlc -c -g -annot -bin-annot -thread -w -8-11-21-26-28 -package batteries -package zarith -package yojson -package pprint -I src/ocaml-output -I src/prettyprint/ml -I src/parser/ml -I src/ocaml-output/bootlibs -I src/fstar/ml -I src/basic/ml -o src/ocaml-output/FStar_SMTEncoding_ErrorReporting.cmo src/ocaml-output/FStar_SMTEncoding_ErrorReporting.ml
ocamlfind ocamldep -package batteries -package zarith -package yojson -package pprint -modules src/ocaml-output/FStar_SMTEncoding_SplitQueryCases.ml > src/ocaml-output/FStar_SMTEncoding_SplitQueryCases.ml.depends
ocamlfind ocamlc -c -g -annot -bin-annot -thread -w -8-11-21-26-28 -package batteries -package zarith -package yojson -package pprint -I src/ocaml-output -I src/prettyprint/ml -I src/parser/ml -I src/ocaml-output/bootlibs -I src/fstar/ml -I src/basic/ml -o src/ocaml-output/FStar_SMTEncoding_Encode.cmo src/ocaml-output/FStar_SMTEncoding_Encode.ml
ocamlfind ocamlc -c -g -annot -bin-annot -thread -w -8-11-21-26-28 -package batteries -package zarith -package yojson -package pprint -I src/ocaml-output -I src/prettyprint/ml -I src/parser/ml -I src/ocaml-output/bootlibs -I src/fstar/ml -I src/basic/ml -o src/ocaml-output/FStar_SMTEncoding_SplitQueryCases.cmo src/ocaml-output/FStar_SMTEncoding_SplitQueryCases.ml
ocamlfind ocamldep -package batteries -package zarith -package yojson -package pprint -modules src/ocaml-output/FStar_ToSyntax_Env.ml > src/ocaml-output/FStar_ToSyntax_Env.ml.depends
ocamlfind ocamldep -package batteries -package zarith -package yojson -package pprint -modules src/ocaml-output/FStar_Universal.ml > src/ocaml-output/FStar_Universal.ml.depends
ocamlfind ocamldep -package batteries -package zarith -package yojson -package pprint -modules src/ocaml-output/FStar_Parser_Interleave.ml > src/ocaml-output/FStar_Parser_Interleave.ml.depends
ocamlfind ocamlc -c -g -annot -bin-annot -thread -w -8-11-21-26-28 -package batteries -package zarith -package yojson -package pprint -I src/ocaml-output -I src/prettyprint/ml -I src/parser/ml -I src/ocaml-output/bootlibs -I src/fstar/ml -I src/basic/ml -o src/ocaml-output/FStar_SMTEncoding_Solver.cmo src/ocaml-output/FStar_SMTEncoding_Solver.ml
ocamlfind ocamlc -c -g -annot -bin-annot -thread -w -8-11-21-26-28 -package batteries -package zarith -package yojson -package pprint -I src/ocaml-output -I src/prettyprint/ml -I src/parser/ml -I src/ocaml-output/bootlibs -I src/fstar/ml -I src/basic/ml -o src/ocaml-output/FStar_ToSyntax_Env.cmo src/ocaml-output/FStar_ToSyntax_Env.ml
ocamlfind ocamldep -package batteries -package zarith -package yojson -package pprint -modules src/ocaml-output/FStar_ToSyntax_ToSyntax.ml > src/ocaml-output/FStar_ToSyntax_ToSyntax.ml.depends
ocamlfind ocamldep -package batteries -package zarith -package yojson -package pprint -modules src/ocaml-output/FStar_Syntax_MutRecTy.ml > src/ocaml-output/FStar_Syntax_MutRecTy.ml.depends
ocamlfind ocamlc -c -g -annot -bin-annot -thread -w -8-11-21-26-28 -package batteries -package zarith -package yojson -package pprint -I src/ocaml-output -I src/prettyprint/ml -I src/parser/ml -I src/ocaml-output/bootlibs -I src/fstar/ml -I src/basic/ml -o src/ocaml-output/FStar_Syntax_MutRecTy.cmo src/ocaml-output/FStar_Syntax_MutRecTy.ml
ocamlfind ocamldep -package batteries -package zarith -package yojson -package pprint -modules src/ocaml-output/FStar_TypeChecker_Tc.ml > src/ocaml-output/FStar_TypeChecker_Tc.ml.depends
ocamlfind ocamldep -package batteries -package zarith -package yojson -package pprint -modules src/ocaml-output/FStar_TypeChecker_DMFF.ml > src/ocaml-output/FStar_TypeChecker_DMFF.ml.depends
ocamlfind ocamldep -package batteries -package zarith -package yojson -package pprint -modules src/ocaml-output/FStar_TypeChecker_TcInductive.ml > src/ocaml-output/FStar_TypeChecker_TcInductive.ml.depends
ocamlfind ocamlc -c -g -annot -bin-annot -thread -w -8-11-21-26-28 -package batteries -package zarith -package yojson -package pprint -I src/ocaml-output -I src/prettyprint/ml -I src/parser/ml -I src/ocaml-output/bootlibs -I src/fstar/ml -I src/basic/ml -o src/ocaml-output/FStar_TypeChecker_DMFF.cmo src/ocaml-output/FStar_TypeChecker_DMFF.ml
ocamlfind ocamlc -c -g -annot -bin-annot -thread -w -8-11-21-26-28 -package batteries -package zarith -package yojson -package pprint -I src/ocaml-output -I src/prettyprint/ml -I src/parser/ml -I src/ocaml-output/bootlibs -I src/fstar/ml -I src/basic/ml -o src/ocaml-output/FStar_TypeChecker_TcInductive.cmo src/ocaml-output/FStar_TypeChecker_TcInductive.ml
ocamlfind ocamlc -c -g -annot -bin-annot -thread -w -8-11-21-26-28 -package batteries -package zarith -package yojson -package pprint -I src/ocaml-output -I src/prettyprint/ml -I src/parser/ml -I src/ocaml-output/bootlibs -I src/fstar/ml -I src/basic/ml -o src/ocaml-output/FStar_Parser_Interleave.cmo src/ocaml-output/FStar_Parser_Interleave.ml
ocamlfind ocamlc -c -g -annot -bin-annot -thread -w -8-11-21-26-28 -package batteries -package zarith -package yojson -package pprint -I src/ocaml-output -I src/prettyprint/ml -I src/parser/ml -I src/ocaml-output/bootlibs -I src/fstar/ml -I src/basic/ml -o src/ocaml-output/FStar_ToSyntax_ToSyntax.cmo src/ocaml-output/FStar_ToSyntax_ToSyntax.ml
ocamlfind ocamlc -c -g -annot -bin-annot -thread -w -8-11-21-26-28 -package batteries -package zarith -package yojson -package pprint -I src/ocaml-output -I src/prettyprint/ml -I src/parser/ml -I src/ocaml-output/bootlibs -I src/fstar/ml -I src/basic/ml -o src/ocaml-output/FStar_TypeChecker_Tc.cmo src/ocaml-output/FStar_TypeChecker_Tc.ml
ocamlfind ocamlc -c -g -annot -bin-annot -thread -w -8-11-21-26-28 -package batteries -package zarith -package yojson -package pprint -I src/ocaml-output -I src/prettyprint/ml -I src/parser/ml -I src/ocaml-output/bootlibs -I src/fstar/ml -I src/basic/ml -o src/ocaml-output/FStar_Universal.cmo src/ocaml-output/FStar_Universal.ml
ocamlfind ocamlc -c -g -annot -bin-annot -thread -w -8-11-21-26-28 -package batteries -package zarith -package yojson -package pprint -I src/ocaml-output -I src/prettyprint/ml -I src/parser/ml -I src/ocaml-output/bootlibs -I src/fstar/ml -I src/basic/ml -o src/ocaml-output/FStar_Extraction_Kremlin.cmo src/ocaml-output/FStar_Extraction_Kremlin.ml
ocamlfind ocamlc -c -g -annot -bin-annot -thread -w -8-11-21-26-28 -package batteries -package zarith -package yojson -package pprint -I src/ocaml-output -I src/prettyprint/ml -I src/parser/ml -I src/ocaml-output/bootlibs -I src/fstar/ml -I src/basic/ml -o src/ocaml-output/FStar_Extraction_ML_Modul.cmo src/ocaml-output/FStar_Extraction_ML_Modul.ml
ocamlfind ocamlc -c -g -annot -bin-annot -thread -w -8-11-21-26-28 -package batteries -package zarith -package yojson -package pprint -I src/ocaml-output -I src/prettyprint/ml -I src/parser/ml -I src/ocaml-output/bootlibs -I src/fstar/ml -I src/basic/ml -o src/ocaml-output/FStar_Fsdoc_Generator.cmo src/ocaml-output/FStar_Fsdoc_Generator.ml
ocamlfind ocamlc -c -g -annot -bin-annot -thread -w -8-11-21-26-28 -package batteries -package zarith -package yojson -package pprint -I src/ocaml-output -I src/prettyprint/ml -I src/parser/ml -I src/ocaml-output/bootlibs -I src/fstar/ml -I src/basic/ml -o src/ocaml-output/FStar_Indent.cmo src/ocaml-output/FStar_Indent.ml
ocamlfind ocamlc -c -g -annot -bin-annot -thread -w -8-11-21-26-28 -package batteries -package zarith -package yojson -package pprint -I src/ocaml-output -I src/prettyprint/ml -I src/parser/ml -I src/ocaml-output/bootlibs -I src/fstar/ml -I src/basic/ml -o src/ocaml-output/FStar_Interactive.cmo src/ocaml-output/FStar_Interactive.ml
ocamlfind ocamlc -c -g -annot -bin-annot -thread -w -8-11-21-26-28 -package batteries -package zarith -package yojson -package pprint -I src/ocaml-output -I src/prettyprint/ml -I src/parser/ml -I src/ocaml-output/bootlibs -I src/fstar/ml -I src/basic/ml -o src/ocaml-output/FStar_Main.cmo src/ocaml-output/FStar_Main.ml
ocamlfind ocamlc -c -g -annot -bin-annot -thread -w -8-11-21-26-28 -package batteries -package zarith -package yojson -package pprint -I src/fstar/ml -I src/ocaml-output -I src/prettyprint/ml -I src/parser/ml -I src/ocaml-output/bootlibs -I src/basic/ml -o src/fstar/ml/main.cmo src/fstar/ml/main.ml
ocamlfind ocamlopt -c -g -annot -bin-annot -thread -w -8-11-21-26-28 -package batteries -package zarith -package yojson -package pprint -I src/ocaml-output/bootlibs -I src/ocaml-output -I src/prettyprint/ml -I src/parser/ml -I src/fstar/ml -I src/basic/ml -o src/ocaml-output/bootlibs/FStar_All.cmx src/ocaml-output/bootlibs/FStar_All.ml
ocamlfind ocamlopt -c -g -annot -bin-annot -thread -w -8-11-21-26-28 -package batteries -package zarith -package yojson -package pprint -I src/ocaml-output/bootlibs -I src/ocaml-output -I src/prettyprint/ml -I src/parser/ml -I src/fstar/ml -I src/basic/ml -o src/ocaml-output/bootlibs/FStar_Char.cmx src/ocaml-output/bootlibs/FStar_Char.ml
ocamlfind ocamlopt -c -g -annot -bin-annot -thread -w -8-11-21-26-28 -package batteries -package zarith -package yojson -package pprint -I src/ocaml-output/bootlibs -I src/ocaml-output -I src/prettyprint/ml -I src/parser/ml -I src/fstar/ml -I src/basic/ml -o src/ocaml-output/bootlibs/FStar_Float.cmx src/ocaml-output/bootlibs/FStar_Float.ml
ocamlfind ocamlopt -c -g -annot -bin-annot -thread -w -8-11-21-26-28 -package batteries -package zarith -package yojson -package pprint -I src/ocaml-output/bootlibs -I src/ocaml-output -I src/prettyprint/ml -I src/parser/ml -I src/fstar/ml -I src/basic/ml -o src/ocaml-output/bootlibs/FStar_Int16.cmx src/ocaml-output/bootlibs/FStar_Int16.ml
ocamlfind ocamlopt -c -g -annot -bin-annot -thread -w -8-11-21-26-28 -package batteries -package zarith -package yojson -package pprint -I src/ocaml-output/bootlibs -I src/ocaml-output -I src/prettyprint/ml -I src/parser/ml -I src/fstar/ml -I src/basic/ml -o src/ocaml-output/bootlibs/FStar_Int32.cmx src/ocaml-output/bootlibs/FStar_Int32.ml
ocamlfind ocamlopt -c -g -annot -bin-annot -thread -w -8-11-21-26-28 -package batteries -package zarith -package yojson -package pprint -I src/ocaml-output/bootlibs -I src/ocaml-output -I src/prettyprint/ml -I src/parser/ml -I src/fstar/ml -I src/basic/ml -o src/ocaml-output/bootlibs/FStar_Int64.cmx src/ocaml-output/bootlibs/FStar_Int64.ml
ocamlfind ocamlopt -c -g -annot -bin-annot -thread -w -8-11-21-26-28 -package batteries -package zarith -package yojson -package pprint -I src/ocaml-output/bootlibs -I src/ocaml-output -I src/prettyprint/ml -I src/parser/ml -I src/fstar/ml -I src/basic/ml -o src/ocaml-output/bootlibs/FStar_Int8.cmx src/ocaml-output/bootlibs/FStar_Int8.ml
ocamlfind ocamlopt -c -g -annot -bin-annot -thread -w -8-11-21-26-28 -package batteries -package zarith -package yojson -package pprint -I src/ocaml-output/bootlibs -I src/ocaml-output -I src/prettyprint/ml -I src/parser/ml -I src/fstar/ml -I src/basic/ml -o src/ocaml-output/bootlibs/FStar_UInt16.cmx src/ocaml-output/bootlibs/FStar_UInt16.ml
ocamlfind ocamlopt -c -g -annot -bin-annot -thread -w -8-11-21-26-28 -package batteries -package zarith -package yojson -package pprint -I src/ocaml-output/bootlibs -I src/ocaml-output -I src/prettyprint/ml -I src/parser/ml -I src/fstar/ml -I src/basic/ml -o src/ocaml-output/bootlibs/FStar_UInt8.cmx src/ocaml-output/bootlibs/FStar_UInt8.ml
ocamlfind ocamlopt -c -g -annot -bin-annot -thread -w -8-11-21-26-28 -package batteries -package zarith -package yojson -package pprint -I src/ocaml-output/bootlibs -I src/ocaml-output -I src/prettyprint/ml -I src/parser/ml -I src/fstar/ml -I src/basic/ml -o src/ocaml-output/bootlibs/FStar_List.cmx src/ocaml-output/bootlibs/FStar_List.ml
ocamlfind ocamlopt -c -g -annot -bin-annot -thread -w -8-11-21-26-28 -package batteries -package zarith -package yojson -package pprint -I src/ocaml-output/bootlibs -I src/ocaml-output -I src/prettyprint/ml -I src/parser/ml -I src/fstar/ml -I src/basic/ml -o src/ocaml-output/bootlibs/MkPrims.cmx src/ocaml-output/bootlibs/MkPrims.ml
ocamlfind ocamlopt -c -g -annot -bin-annot -thread -w -8-11-21-26-28 -package batteries -package zarith -package yojson -package pprint -I src/ocaml-output/bootlibs -I src/ocaml-output -I src/prettyprint/ml -I src/parser/ml -I src/fstar/ml -I src/basic/ml -o src/ocaml-output/bootlibs/prims.cmx src/ocaml-output/bootlibs/prims.ml
ocamlfind ocamlopt -c -g -annot -bin-annot -thread -w -8-11-21-26-28 -package batteries -package zarith -package yojson -package pprint -I src/ocaml-output/bootlibs -I src/ocaml-output -I src/prettyprint/ml -I src/parser/ml -I src/fstar/ml -I src/basic/ml -o src/ocaml-output/bootlibs/FStar_BaseTypes.cmx src/ocaml-output/bootlibs/FStar_BaseTypes.ml
ocamlfind ocamlopt -c -g -annot -bin-annot -thread -w -8-11-21-26-28 -package batteries -package zarith -package yojson -package pprint -I src/basic/ml -I src/ocaml-output -I src/prettyprint/ml -I src/parser/ml -I src/ocaml-output/bootlibs -I src/fstar/ml -o src/basic/ml/FStar_Getopt.cmx src/basic/ml/FStar_Getopt.ml
ocamlfind ocamlopt -c -g -annot -bin-annot -thread -w -8-11-21-26-28 -package batteries -package zarith -package yojson -package pprint -I src/basic/ml -I src/ocaml-output -I src/prettyprint/ml -I src/parser/ml -I src/ocaml-output/bootlibs -I src/fstar/ml -o src/basic/ml/FStar_Platform.cmx src/basic/ml/FStar_Platform.ml
ocamlfind ocamlopt -c -g -annot -bin-annot -thread -w -8-11-21-26-28 -package batteries -package zarith -package yojson -package pprint -I src/ocaml-output/bootlibs -I src/ocaml-output -I src/prettyprint/ml -I src/parser/ml -I src/fstar/ml -I src/basic/ml -o src/ocaml-output/bootlibs/FStar_ST.cmx src/ocaml-output/bootlibs/FStar_ST.ml
ocamlfind ocamlopt -c -g -annot -bin-annot -thread -w -8-11-21-26-28 -package batteries -package zarith -package yojson -package pprint -I src/ocaml-output/bootlibs -I src/ocaml-output -I src/prettyprint/ml -I src/parser/ml -I src/fstar/ml -I src/basic/ml -o src/ocaml-output/bootlibs/FStar_String.cmx src/ocaml-output/bootlibs/FStar_String.ml
ocamlfind ocamlopt -c -g -annot -bin-annot -thread -w -8-11-21-26-28 -package batteries -package zarith -package yojson -package pprint -I src/basic/ml -I src/ocaml-output -I src/prettyprint/ml -I src/parser/ml -I src/ocaml-output/bootlibs -I src/fstar/ml -o src/basic/ml/FStar_Util.cmx src/basic/ml/FStar_Util.ml
ocamlfind ocamlopt -c -g -annot -bin-annot -thread -w -8-11-21-26-28 -package batteries -package zarith -package yojson -package pprint -I src/ocaml-output -I src/prettyprint/ml -I src/parser/ml -I src/ocaml-output/bootlibs -I src/fstar/ml -I src/basic/ml -o src/ocaml-output/FStar_Version.cmx src/ocaml-output/FStar_Version.ml
+ ocamlfind ocamlopt -c -g -annot -bin-annot -thread -w -8-11-21-26-28 -package batteries -package zarith -package yojson -package pprint -I src/basic/ml -I src/ocaml-output -I src/prettyprint/ml -I src/parser/ml -I src/ocaml-output/bootlibs -I src/fstar/ml -o src/basic/ml/FStar_Util.cmx src/basic/ml/FStar_Util.ml
File "src/basic/ml/FStar_Util.ml", line 47, characters 57-65:
Warning 40: st_mtime was selected from type BatUnix.stats.
It is not visible in the current scope, and will not
be selected if the type becomes unknown.
ocamlfind ocamlopt -c -g -annot -bin-annot -thread -w -8-11-21-26-28 -package batteries -package zarith -package yojson -package pprint -I src/basic/ml -I src/ocaml-output -I src/prettyprint/ml -I src/parser/ml -I src/ocaml-output/bootlibs -I src/fstar/ml -o src/basic/ml/FStar_Range.cmx src/basic/ml/FStar_Range.ml
ocamlfind ocamlopt -c -g -annot -bin-annot -thread -w -8-11-21-26-28 -package batteries -package zarith -package yojson -package pprint -I src/ocaml-output -I src/prettyprint/ml -I src/parser/ml -I src/ocaml-output/bootlibs -I src/fstar/ml -I src/basic/ml -o src/ocaml-output/FStar_Ident.cmx src/ocaml-output/FStar_Ident.ml
ocamlfind ocamlopt -c -g -annot -bin-annot -thread -w -8-11-21-26-28 -package batteries -package zarith -package yojson -package pprint -I src/ocaml-output -I src/prettyprint/ml -I src/parser/ml -I src/ocaml-output/bootlibs -I src/fstar/ml -I src/basic/ml -o src/ocaml-output/FStar_Options.cmx src/ocaml-output/FStar_Options.ml
ocamlfind ocamlopt -c -g -annot -bin-annot -thread -w -8-11-21-26-28 -package batteries -package zarith -package yojson -package pprint -I src/ocaml-output -I src/prettyprint/ml -I src/parser/ml -I src/ocaml-output/bootlibs -I src/fstar/ml -I src/basic/ml -o src/ocaml-output/FStar_Const.cmx src/ocaml-output/FStar_Const.ml
ocamlfind ocamlopt -c -g -annot -bin-annot -thread -w -8-11-21-26-28 -package batteries -package zarith -package yojson -package pprint -I src/ocaml-output -I src/prettyprint/ml -I src/parser/ml -I src/ocaml-output/bootlibs -I src/fstar/ml -I src/basic/ml -o src/ocaml-output/FStar_Errors.cmx src/ocaml-output/FStar_Errors.ml
ocamlfind ocamlopt -c -g -annot -bin-annot -thread -w -8-11-21-26-28 -package batteries -package zarith -package yojson -package pprint -I src/basic/ml -I src/ocaml-output -I src/prettyprint/ml -I src/parser/ml -I src/ocaml-output/bootlibs -I src/fstar/ml -o src/basic/ml/FStar_Unionfind.cmx src/basic/ml/FStar_Unionfind.ml
ocamlfind ocamlopt -c -g -annot -bin-annot -thread -w -8-11-21-26-28 -package batteries -package zarith -package yojson -package pprint -I src/ocaml-output -I src/prettyprint/ml -I src/parser/ml -I src/ocaml-output/bootlibs -I src/fstar/ml -I src/basic/ml -o src/ocaml-output/FStar_Syntax_Syntax.cmx src/ocaml-output/FStar_Syntax_Syntax.ml
ocamlfind ocamlopt -c -g -annot -bin-annot -thread -w -8-11-21-26-28 -package batteries -package zarith -package yojson -package pprint -I src/ocaml-output -I src/prettyprint/ml -I src/parser/ml -I src/ocaml-output/bootlibs -I src/fstar/ml -I src/basic/ml -o src/ocaml-output/FStar_Syntax_Const.cmx src/ocaml-output/FStar_Syntax_Const.ml
ocamlfind ocamlopt -c -g -annot -bin-annot -thread -w -8-11-21-26-28 -package batteries -package zarith -package yojson -package pprint -I src/ocaml-output/bootlibs -I src/ocaml-output -I src/prettyprint/ml -I src/parser/ml -I src/fstar/ml -I src/basic/ml -o src/ocaml-output/bootlibs/FStar_Option.cmx src/ocaml-output/bootlibs/FStar_Option.ml
ocamlfind ocamlopt -c -g -annot -bin-annot -thread -w -8-11-21-26-28 -package batteries -package zarith -package yojson -package pprint -I src/ocaml-output -I src/prettyprint/ml -I src/parser/ml -I src/ocaml-output/bootlibs -I src/fstar/ml -I src/basic/ml -o src/ocaml-output/FStar_Syntax_Subst.cmx src/ocaml-output/FStar_Syntax_Subst.ml
ocamlfind ocamlopt -c -g -annot -bin-annot -thread -w -8-11-21-26-28 -package batteries -package zarith -package yojson -package pprint -I src/ocaml-output -I src/prettyprint/ml -I src/parser/ml -I src/ocaml-output/bootlibs -I src/fstar/ml -I src/basic/ml -o src/ocaml-output/FStar_Syntax_InstFV.cmx src/ocaml-output/FStar_Syntax_InstFV.ml
ocamlfind ocamlopt -c -g -annot -bin-annot -thread -w -8-11-21-26-28 -package batteries -package zarith -package yojson -package pprint -I src/ocaml-output -I src/prettyprint/ml -I src/parser/ml -I src/ocaml-output/bootlibs -I src/fstar/ml -I src/basic/ml -o src/ocaml-output/FStar_Syntax_Util.cmx src/ocaml-output/FStar_Syntax_Util.ml
ocamlfind ocamlopt -c -g -annot -bin-annot -thread -w -8-11-21-26-28 -package batteries -package zarith -package yojson -package pprint -I src/ocaml-output -I src/prettyprint/ml -I src/parser/ml -I src/ocaml-output/bootlibs -I src/fstar/ml -I src/basic/ml -o src/ocaml-output/FStar_Syntax_Print.cmx src/ocaml-output/FStar_Syntax_Print.ml
ocamlfind ocamlopt -c -g -annot -bin-annot -thread -w -8-11-21-26-28 -package batteries -package zarith -package yojson -package pprint -I src/ocaml-output -I src/prettyprint/ml -I src/parser/ml -I src/ocaml-output/bootlibs -I src/fstar/ml -I src/basic/ml -o src/ocaml-output/FStar_Parser_AST.cmx src/ocaml-output/FStar_Parser_AST.ml
ocamlfind ocamlopt -c -g -annot -bin-annot -thread -w -8-11-21-26-28 -package batteries -package zarith -package yojson -package pprint -I src/parser/ml -I src/ocaml-output -I src/prettyprint/ml -I src/ocaml-output/bootlibs -I src/fstar/ml -I src/basic/ml -o src/parser/ml/FStar_Parser_Util.cmx src/parser/ml/FStar_Parser_Util.ml
ocamlfind ocamlopt -c -g -annot -bin-annot -thread -w -8-11-21-26-28 -package batteries -package zarith -package yojson -package pprint -I src/ocaml-output -I src/prettyprint/ml -I src/parser/ml -I src/ocaml-output/bootlibs -I src/fstar/ml -I src/basic/ml -o src/ocaml-output/FStar_Parser_Parse.cmx src/ocaml-output/FStar_Parser_Parse.ml
ocamlfind ocamlopt -c -g -annot -bin-annot -thread -w -8-11-21-26-28 -package batteries -package zarith -package yojson -package pprint -I src/parser/ml -I src/ocaml-output -I src/prettyprint/ml -I src/ocaml-output/bootlibs -I src/fstar/ml -I src/basic/ml -o src/parser/ml/FStar_Parser_LexFStar.cmx src/parser/ml/FStar_Parser_LexFStar.ml
ocamlfind ocamlopt -c -g -annot -bin-annot -thread -w -8-11-21-26-28 -package batteries -package zarith -package yojson -package pprint -I src/parser/ml -I src/ocaml-output -I src/prettyprint/ml -I src/ocaml-output/bootlibs -I src/fstar/ml -I src/basic/ml -o src/parser/ml/FStar_Parser_ParseIt.cmx src/parser/ml/FStar_Parser_ParseIt.ml
ocamlfind ocamlopt -c -g -annot -bin-annot -thread -w -8-11-21-26-28 -package batteries -package zarith -package yojson -package pprint -I src/ocaml-output -I src/prettyprint/ml -I src/parser/ml -I src/ocaml-output/bootlibs -I src/fstar/ml -I src/basic/ml -o src/ocaml-output/FStar_Parser_Driver.cmx src/ocaml-output/FStar_Parser_Driver.ml
ocamlfind ocamlopt -c -g -annot -bin-annot -thread -w -8-11-21-26-28 -package batteries -package zarith -package yojson -package pprint -I src/ocaml-output -I src/prettyprint/ml -I src/parser/ml -I src/ocaml-output/bootlibs -I src/fstar/ml -I src/basic/ml -o src/ocaml-output/FStar_Parser_Dep.cmx src/ocaml-output/FStar_Parser_Dep.ml
ocamlfind ocamlopt -c -g -annot -bin-annot -thread -w -8-11-21-26-28 -package batteries -package zarith -package yojson -package pprint -I src/ocaml-output -I src/prettyprint/ml -I src/parser/ml -I src/ocaml-output/bootlibs -I src/fstar/ml -I src/basic/ml -o src/ocaml-output/FStar_Extraction_ML_Syntax.cmx src/ocaml-output/FStar_Extraction_ML_Syntax.ml
ocamlfind ocamlopt -c -g -annot -bin-annot -thread -w -8-11-21-26-28 -package batteries -package zarith -package yojson -package pprint -I src/ocaml-output -I src/prettyprint/ml -I src/parser/ml -I src/ocaml-output/bootlibs -I src/fstar/ml -I src/basic/ml -o src/ocaml-output/FStar_Syntax_Free.cmx src/ocaml-output/FStar_Syntax_Free.ml
ocamlfind ocamlopt -c -g -annot -bin-annot -thread -w -8-11-21-26-28 -package batteries -package zarith -package yojson -package pprint -I src/ocaml-output -I src/prettyprint/ml -I src/parser/ml -I src/ocaml-output/bootlibs -I src/fstar/ml -I src/basic/ml -o src/ocaml-output/FStar_TypeChecker_Common.cmx src/ocaml-output/FStar_TypeChecker_Common.ml
ocamlfind ocamlopt -c -g -annot -bin-annot -thread -w -8-11-21-26-28 -package batteries -package zarith -package yojson -package pprint -I src/ocaml-output -I src/prettyprint/ml -I src/parser/ml -I src/ocaml-output/bootlibs -I src/fstar/ml -I src/basic/ml -o src/ocaml-output/FStar_TypeChecker_Env.cmx src/ocaml-output/FStar_TypeChecker_Env.ml
ocamlfind ocamlopt -c -g -annot -bin-annot -thread -w -8-11-21-26-28 -package batteries -package zarith -package yojson -package pprint -I src/ocaml-output -I src/prettyprint/ml -I src/parser/ml -I src/ocaml-output/bootlibs -I src/fstar/ml -I src/basic/ml -o src/ocaml-output/FStar_Extraction_ML_UEnv.cmx src/ocaml-output/FStar_Extraction_ML_UEnv.ml
ocamlfind ocamlopt -c -g -annot -bin-annot -thread -w -8-11-21-26-28 -package batteries -package zarith -package yojson -package pprint -I src/basic/ml -I src/ocaml-output -I src/prettyprint/ml -I src/parser/ml -I src/ocaml-output/bootlibs -I src/fstar/ml -o src/basic/ml/FStar_Bytes.cmx src/basic/ml/FStar_Bytes.ml
ocamlfind ocamlopt -c -g -annot -bin-annot -thread -w -8-11-21-26-28 -package batteries -package zarith -package yojson -package pprint -I src/ocaml-output -I src/prettyprint/ml -I src/parser/ml -I src/ocaml-output/bootlibs -I src/fstar/ml -I src/basic/ml -o src/ocaml-output/FStar_Extraction_ML_Util.cmx src/ocaml-output/FStar_Extraction_ML_Util.ml
ocamlfind ocamlopt -c -g -annot -bin-annot -thread -w -8-11-21-26-28 -package batteries -package zarith -package yojson -package pprint -I src/ocaml-output -I src/prettyprint/ml -I src/parser/ml -I src/ocaml-output/bootlibs -I src/fstar/ml -I src/basic/ml -o src/ocaml-output/FStar_Format.cmx src/ocaml-output/FStar_Format.ml
ocamlfind ocamlopt -c -g -annot -bin-annot -thread -w -8-11-21-26-28 -package batteries -package zarith -package yojson -package pprint -I src/ocaml-output -I src/prettyprint/ml -I src/parser/ml -I src/ocaml-output/bootlibs -I src/fstar/ml -I src/basic/ml -o src/ocaml-output/FStar_Extraction_ML_Code.cmx src/ocaml-output/FStar_Extraction_ML_Code.ml
ocamlfind ocamlopt -c -g -annot -bin-annot -thread -w -8-11-21-26-28 -package batteries -package zarith -package yojson -package pprint -I src/ocaml-output -I src/prettyprint/ml -I src/parser/ml -I src/ocaml-output/bootlibs -I src/fstar/ml -I src/basic/ml -o src/ocaml-output/FStar_TypeChecker_Normalize.cmx src/ocaml-output/FStar_TypeChecker_Normalize.ml
ocamlfind ocamlopt -c -g -annot -bin-annot -thread -w -8-11-21-26-28 -package batteries -package zarith -package yojson -package pprint -I src/ocaml-output -I src/prettyprint/ml -I src/parser/ml -I src/ocaml-output/bootlibs -I src/fstar/ml -I src/basic/ml -o src/ocaml-output/FStar_TypeChecker_Err.cmx src/ocaml-output/FStar_TypeChecker_Err.ml
ocamlfind ocamlopt -c -g -annot -bin-annot -thread -w -8-11-21-26-28 -package batteries -package zarith -package yojson -package pprint -I src/ocaml-output -I src/prettyprint/ml -I src/parser/ml -I src/ocaml-output/bootlibs -I src/fstar/ml -I src/basic/ml -o src/ocaml-output/FStar_TypeChecker_Rel.cmx src/ocaml-output/FStar_TypeChecker_Rel.ml
ocamlfind ocamlopt -c -g -annot -bin-annot -thread -w -8-11-21-26-28 -package batteries -package zarith -package yojson -package pprint -I src/ocaml-output -I src/prettyprint/ml -I src/parser/ml -I src/ocaml-output/bootlibs -I src/fstar/ml -I src/basic/ml -o src/ocaml-output/FStar_TypeChecker_Util.cmx src/ocaml-output/FStar_TypeChecker_Util.ml
ocamlfind ocamlopt -c -g -annot -bin-annot -thread -w -8-11-21-26-28 -package batteries -package zarith -package yojson -package pprint -I src/ocaml-output -I src/prettyprint/ml -I src/parser/ml -I src/ocaml-output/bootlibs -I src/fstar/ml -I src/basic/ml -o src/ocaml-output/FStar_TypeChecker_TcTerm.cmx src/ocaml-output/FStar_TypeChecker_TcTerm.ml
ocamlfind ocamlopt -c -g -annot -bin-annot -thread -w -8-11-21-26-28 -package batteries -package zarith -package yojson -package pprint -I src/ocaml-output -I src/prettyprint/ml -I src/parser/ml -I src/ocaml-output/bootlibs -I src/fstar/ml -I src/basic/ml -o src/ocaml-output/FStar_Extraction_ML_Term.cmx src/ocaml-output/FStar_Extraction_ML_Term.ml
ocamlfind ocamlopt -c -g -annot -bin-annot -thread -w -8-11-21-26-28 -package batteries -package zarith -package yojson -package pprint -I src/prettyprint/ml -I src/ocaml-output -I src/parser/ml -I src/ocaml-output/bootlibs -I src/fstar/ml -I src/basic/ml -o src/prettyprint/ml/FStar_Pprint.cmx src/prettyprint/ml/FStar_Pprint.ml
ocamlfind ocamlopt -c -g -annot -bin-annot -thread -w -8-11-21-26-28 -package batteries -package zarith -package yojson -package pprint -I src/ocaml-output -I src/prettyprint/ml -I src/parser/ml -I src/ocaml-output/bootlibs -I src/fstar/ml -I src/basic/ml -o src/ocaml-output/FStar_Parser_ToDocument.cmx src/ocaml-output/FStar_Parser_ToDocument.ml
ocamlfind ocamlopt -c -g -annot -bin-annot -thread -w -8-11-21-26-28 -package batteries -package zarith -package yojson -package pprint -I src/ocaml-output -I src/prettyprint/ml -I src/parser/ml -I src/ocaml-output/bootlibs -I src/fstar/ml -I src/basic/ml -o src/ocaml-output/FStar_Dependencies.cmx src/ocaml-output/FStar_Dependencies.ml
ocamlfind ocamlopt -c -g -annot -bin-annot -thread -w -8-11-21-26-28 -package batteries -package zarith -package yojson -package pprint -I src/ocaml-output -I src/prettyprint/ml -I src/parser/ml -I src/ocaml-output/bootlibs -I src/fstar/ml -I src/basic/ml -o src/ocaml-output/FStar_SMTEncoding_Term.cmx src/ocaml-output/FStar_SMTEncoding_Term.ml
ocamlfind ocamlopt -c -g -annot -bin-annot -thread -w -8-11-21-26-28 -package batteries -package zarith -package yojson -package pprint -I src/ocaml-output -I src/prettyprint/ml -I src/parser/ml -I src/ocaml-output/bootlibs -I src/fstar/ml -I src/basic/ml -o src/ocaml-output/FStar_SMTEncoding_Util.cmx src/ocaml-output/FStar_SMTEncoding_Util.ml
ocamlfind ocamlopt -c -g -annot -bin-annot -thread -w -8-11-21-26-28 -package batteries -package zarith -package yojson -package pprint -I src/ocaml-output -I src/prettyprint/ml -I src/parser/ml -I src/ocaml-output/bootlibs -I src/fstar/ml -I src/basic/ml -o src/ocaml-output/FStar_SMTEncoding_Z3.cmx src/ocaml-output/FStar_SMTEncoding_Z3.ml
ocamlfind ocamlopt -c -g -annot -bin-annot -thread -w -8-11-21-26-28 -package batteries -package zarith -package yojson -package pprint -I src/ocaml-output -I src/prettyprint/ml -I src/parser/ml -I src/ocaml-output/bootlibs -I src/fstar/ml -I src/basic/ml -o src/ocaml-output/FStar_SMTEncoding_ErrorReporting.cmx src/ocaml-output/FStar_SMTEncoding_ErrorReporting.ml
ocamlfind ocamlopt -c -g -annot -bin-annot -thread -w -8-11-21-26-28 -package batteries -package zarith -package yojson -package pprint -I src/ocaml-output -I src/prettyprint/ml -I src/parser/ml -I src/ocaml-output/bootlibs -I src/fstar/ml -I src/basic/ml -o src/ocaml-output/FStar_SMTEncoding_Encode.cmx src/ocaml-output/FStar_SMTEncoding_Encode.ml
ocamlfind ocamlopt -c -g -annot -bin-annot -thread -w -8-11-21-26-28 -package batteries -package zarith -package yojson -package pprint -I src/ocaml-output -I src/prettyprint/ml -I src/parser/ml -I src/ocaml-output/bootlibs -I src/fstar/ml -I src/basic/ml -o src/ocaml-output/FStar_SMTEncoding_SplitQueryCases.cmx src/ocaml-output/FStar_SMTEncoding_SplitQueryCases.ml
ocamlfind ocamlopt -c -g -annot -bin-annot -thread -w -8-11-21-26-28 -package batteries -package zarith -package yojson -package pprint -I src/ocaml-output -I src/prettyprint/ml -I src/parser/ml -I src/ocaml-output/bootlibs -I src/fstar/ml -I src/basic/ml -o src/ocaml-output/FStar_SMTEncoding_Solver.cmx src/ocaml-output/FStar_SMTEncoding_Solver.ml
ocamlfind ocamlopt -c -g -annot -bin-annot -thread -w -8-11-21-26-28 -package batteries -package zarith -package yojson -package pprint -I src/ocaml-output -I src/prettyprint/ml -I src/parser/ml -I src/ocaml-output/bootlibs -I src/fstar/ml -I src/basic/ml -o src/ocaml-output/FStar_ToSyntax_Env.cmx src/ocaml-output/FStar_ToSyntax_Env.ml
ocamlfind ocamlopt -c -g -annot -bin-annot -thread -w -8-11-21-26-28 -package batteries -package zarith -package yojson -package pprint -I src/ocaml-output -I src/prettyprint/ml -I src/parser/ml -I src/ocaml-output/bootlibs -I src/fstar/ml -I src/basic/ml -o src/ocaml-output/FStar_Syntax_MutRecTy.cmx src/ocaml-output/FStar_Syntax_MutRecTy.ml
ocamlfind ocamlopt -c -g -annot -bin-annot -thread -w -8-11-21-26-28 -package batteries -package zarith -package yojson -package pprint -I src/ocaml-output -I src/prettyprint/ml -I src/parser/ml -I src/ocaml-output/bootlibs -I src/fstar/ml -I src/basic/ml -o src/ocaml-output/FStar_TypeChecker_DMFF.cmx src/ocaml-output/FStar_TypeChecker_DMFF.ml
ocamlfind ocamlopt -c -g -annot -bin-annot -thread -w -8-11-21-26-28 -package batteries -package zarith -package yojson -package pprint -I src/ocaml-output -I src/prettyprint/ml -I src/parser/ml -I src/ocaml-output/bootlibs -I src/fstar/ml -I src/basic/ml -o src/ocaml-output/FStar_TypeChecker_TcInductive.cmx src/ocaml-output/FStar_TypeChecker_TcInductive.ml
ocamlfind ocamlopt -c -g -annot -bin-annot -thread -w -8-11-21-26-28 -package batteries -package zarith -package yojson -package pprint -I src/ocaml-output -I src/prettyprint/ml -I src/parser/ml -I src/ocaml-output/bootlibs -I src/fstar/ml -I src/basic/ml -o src/ocaml-output/FStar_Parser_Interleave.cmx src/ocaml-output/FStar_Parser_Interleave.ml
ocamlfind ocamlopt -c -g -annot -bin-annot -thread -w -8-11-21-26-28 -package batteries -package zarith -package yojson -package pprint -I src/ocaml-output -I src/prettyprint/ml -I src/parser/ml -I src/ocaml-output/bootlibs -I src/fstar/ml -I src/basic/ml -o src/ocaml-output/FStar_ToSyntax_ToSyntax.cmx src/ocaml-output/FStar_ToSyntax_ToSyntax.ml
ocamlfind ocamlopt -c -g -annot -bin-annot -thread -w -8-11-21-26-28 -package batteries -package zarith -package yojson -package pprint -I src/ocaml-output -I src/prettyprint/ml -I src/parser/ml -I src/ocaml-output/bootlibs -I src/fstar/ml -I src/basic/ml -o src/ocaml-output/FStar_TypeChecker_Tc.cmx src/ocaml-output/FStar_TypeChecker_Tc.ml
ocamlfind ocamlopt -c -g -annot -bin-annot -thread -w -8-11-21-26-28 -package batteries -package zarith -package yojson -package pprint -I src/ocaml-output -I src/prettyprint/ml -I src/parser/ml -I src/ocaml-output/bootlibs -I src/fstar/ml -I src/basic/ml -o src/ocaml-output/FStar_Universal.cmx src/ocaml-output/FStar_Universal.ml
ocamlfind ocamlopt -c -g -annot -bin-annot -thread -w -8-11-21-26-28 -package batteries -package zarith -package yojson -package pprint -I src/ocaml-output -I src/prettyprint/ml -I src/parser/ml -I src/ocaml-output/bootlibs -I src/fstar/ml -I src/basic/ml -o src/ocaml-output/FStar_Extraction_Kremlin.cmx src/ocaml-output/FStar_Extraction_Kremlin.ml
ocamlfind ocamlopt -c -g -annot -bin-annot -thread -w -8-11-21-26-28 -package batteries -package zarith -package yojson -package pprint -I src/ocaml-output -I src/prettyprint/ml -I src/parser/ml -I src/ocaml-output/bootlibs -I src/fstar/ml -I src/basic/ml -o src/ocaml-output/FStar_Extraction_ML_Modul.cmx src/ocaml-output/FStar_Extraction_ML_Modul.ml
ocamlfind ocamlopt -c -g -annot -bin-annot -thread -w -8-11-21-26-28 -package batteries -package zarith -package yojson -package pprint -I src/ocaml-output -I src/prettyprint/ml -I src/parser/ml -I src/ocaml-output/bootlibs -I src/fstar/ml -I src/basic/ml -o src/ocaml-output/FStar_Fsdoc_Generator.cmx src/ocaml-output/FStar_Fsdoc_Generator.ml
ocamlfind ocamlopt -c -g -annot -bin-annot -thread -w -8-11-21-26-28 -package batteries -package zarith -package yojson -package pprint -I src/ocaml-output -I src/prettyprint/ml -I src/parser/ml -I src/ocaml-output/bootlibs -I src/fstar/ml -I src/basic/ml -o src/ocaml-output/FStar_Indent.cmx src/ocaml-output/FStar_Indent.ml
ocamlfind ocamlopt -c -g -annot -bin-annot -thread -w -8-11-21-26-28 -package batteries -package zarith -package yojson -package pprint -I src/ocaml-output -I src/prettyprint/ml -I src/parser/ml -I src/ocaml-output/bootlibs -I src/fstar/ml -I src/basic/ml -o src/ocaml-output/FStar_Interactive.cmx src/ocaml-output/FStar_Interactive.ml
ocamlfind ocamlopt -c -g -annot -bin-annot -thread -w -8-11-21-26-28 -package batteries -package zarith -package yojson -package pprint -I src/ocaml-output -I src/prettyprint/ml -I src/parser/ml -I src/ocaml-output/bootlibs -I src/fstar/ml -I src/basic/ml -o src/ocaml-output/FStar_Main.cmx src/ocaml-output/FStar_Main.ml
ocamlfind ocamlopt -c -g -annot -bin-annot -thread -w -8-11-21-26-28 -package batteries -package zarith -package yojson -package pprint -I src/fstar/ml -I src/ocaml-output -I src/prettyprint/ml -I src/parser/ml -I src/ocaml-output/bootlibs -I src/basic/ml -o src/fstar/ml/main.cmx src/fstar/ml/main.ml
ocamlfind ocamlopt -linkpkg -thread -package batteries -package zarith -package yojson -package pprint src/ocaml-output/bootlibs/FStar_List.cmx src/ocaml-output/bootlibs/MkPrims.cmx src/ocaml-output/bootlibs/prims.cmx src/basic/ml/FStar_Util.cmx src/basic/ml/FStar_Bytes.cmx src/basic/ml/FStar_Getopt.cmx src/basic/ml/FStar_Platform.cmx src/ocaml-output/bootlibs/FStar_Char.cmx src/ocaml-output/bootlibs/FStar_Float.cmx src/ocaml-output/bootlibs/FStar_Int16.cmx src/ocaml-output/bootlibs/FStar_Int32.cmx src/ocaml-output/bootlibs/FStar_Int64.cmx src/ocaml-output/bootlibs/FStar_Int8.cmx src/ocaml-output/bootlibs/FStar_UInt16.cmx src/ocaml-output/bootlibs/FStar_UInt8.cmx src/ocaml-output/bootlibs/FStar_BaseTypes.cmx src/basic/ml/FStar_Range.cmx src/basic/ml/FStar_Unionfind.cmx src/ocaml-output/bootlibs/FStar_All.cmx src/ocaml-output/bootlibs/FStar_ST.cmx src/ocaml-output/bootlibs/FStar_String.cmx src/ocaml-output/FStar_Ident.cmx src/ocaml-output/FStar_Const.cmx src/ocaml-output/FStar_Version.cmx src/ocaml-output/FStar_Options.cmx src/ocaml-output/FStar_Errors.cmx src/ocaml-output/FStar_Syntax_Syntax.cmx src/ocaml-output/FStar_Syntax_Const.cmx src/ocaml-output/bootlibs/FStar_Option.cmx src/ocaml-output/FStar_Syntax_Subst.cmx src/ocaml-output/FStar_Syntax_InstFV.cmx src/ocaml-output/FStar_Syntax_Util.cmx src/ocaml-output/FStar_Syntax_Print.cmx src/ocaml-output/FStar_Parser_AST.cmx src/parser/ml/FStar_Parser_Util.cmx src/ocaml-output/FStar_Parser_Parse.cmx src/parser/ml/FStar_Parser_LexFStar.cmx src/parser/ml/FStar_Parser_ParseIt.cmx src/ocaml-output/FStar_Parser_Driver.cmx src/ocaml-output/FStar_Parser_Dep.cmx src/ocaml-output/FStar_Dependencies.cmx src/ocaml-output/FStar_Extraction_ML_Syntax.cmx src/ocaml-output/FStar_Syntax_Free.cmx src/ocaml-output/FStar_TypeChecker_Common.cmx src/ocaml-output/FStar_TypeChecker_Env.cmx src/ocaml-output/FStar_Extraction_ML_UEnv.cmx src/ocaml-output/FStar_Extraction_ML_Util.cmx src/ocaml-output/FStar_Format.cmx src/ocaml-output/FStar_Extraction_ML_Code.cmx src/ocaml-output/FStar_Extraction_Kremlin.cmx src/ocaml-output/FStar_TypeChecker_Normalize.cmx src/ocaml-output/FStar_TypeChecker_Err.cmx src/ocaml-output/FStar_TypeChecker_Rel.cmx src/ocaml-output/FStar_TypeChecker_Util.cmx src/ocaml-output/FStar_TypeChecker_TcTerm.cmx src/ocaml-output/FStar_Extraction_ML_Term.cmx src/ocaml-output/FStar_Extraction_ML_Modul.cmx src/ocaml-output/FStar_Fsdoc_Generator.cmx src/prettyprint/ml/FStar_Pprint.cmx src/ocaml-output/FStar_Parser_ToDocument.cmx src/ocaml-output/FStar_Indent.cmx src/ocaml-output/FStar_Parser_Interleave.cmx src/ocaml-output/FStar_SMTEncoding_Term.cmx src/ocaml-output/FStar_SMTEncoding_Util.cmx src/ocaml-output/FStar_SMTEncoding_Z3.cmx src/ocaml-output/FStar_SMTEncoding_ErrorReporting.cmx src/ocaml-output/FStar_SMTEncoding_Encode.cmx src/ocaml-output/FStar_SMTEncoding_SplitQueryCases.cmx src/ocaml-output/FStar_SMTEncoding_Solver.cmx src/ocaml-output/FStar_Syntax_MutRecTy.cmx src/ocaml-output/FStar_ToSyntax_Env.cmx src/ocaml-output/FStar_ToSyntax_ToSyntax.cmx src/ocaml-output/FStar_TypeChecker_DMFF.cmx src/ocaml-output/FStar_TypeChecker_TcInductive.cmx src/ocaml-output/FStar_TypeChecker_Tc.cmx src/ocaml-output/FStar_Universal.cmx src/ocaml-output/FStar_Interactive.cmx src/ocaml-output/FStar_Main.cmx src/fstar/ml/main.cmx -o src/fstar/ml/main.native
# Parallel statistics: { count(total): 18(190), max: 8, min: 2, average(total): 3.778(1.263) }
cp _build/src/fstar/ml/main.native ../../bin/fstar.exe
cp _build/src/fstar/ml/main.native ../../bin/fstar.ocaml
make[1]: Leaving directory '/LinuxAgent/_work/11/s/src/ocaml-output'
make fstar-ocaml
make[1]: Entering directory '/LinuxAgent/_work/11/s/src'
make ocaml
make[2]: Entering directory '/LinuxAgent/_work/11/s/src'
rm -rf boot_fstis u_boot_fsts u_ocaml-output
mkdir boot_fstis u_boot_fsts u_ocaml-output
make prep
make[3]: Entering directory '/LinuxAgent/_work/11/s/src'
make[3]: warning: jobserver unavailable: using -j1.  Add '+' to parent make rule.
cp basic/string.fsi boot_fstis/FStar.string.fsti
cp basic/list.fsi boot_fstis/FStar.list.fst
sed -i 's/open Prims/module ALL_TEMP = FStar.All/g' boot_fstis/FStar.list.fst
sed -i 's/<.* when .* : equality>//g' boot_fstis/FStar.list.fst
sed -i 's/val/assume val/g' boot_fstis/FStar.list.fst
cp basic/util.fsi boot_fstis/FStar.util.fsti
sed -i 's/open System.IO/module ALL_TMP = FStar.All/g' boot_fstis/FStar.util.fsti
sed -i 's/type time.*/assume new type time/g'  boot_fstis/FStar.util.fsti
sed -i 's/type smap.*/assume new type smap : Type0 -> Type0/g'  boot_fstis/FStar.util.fsti
sed -i 's/type out_channel.*/assume new type out_channel/g'  boot_fstis/FStar.util.fsti
sed -i 's/type file_handle.*/assume new type file_handle/g'  boot_fstis/FStar.util.fsti
sed -i 's/type stream_reader.*/assume new type stream_reader/g'  boot_fstis/FStar.util.fsti
sed -i 's/type string_builder.*/assume new type string_builder/g'  boot_fstis/FStar.util.fsti
sed -i 's/type proc.*/assume new type proc/g' boot_fstis/FStar.util.fsti
sed -i 's/type set.*/assume new type set:Type0 -> Type0/g' boot_fstis/FStar.util.fsti
cp basic/platform.fsi boot_fstis/FStar.platform.fsti
cp basic/bytes.fsti boot_fstis/FStar.bytes.fst
cp basic/range.fsi boot_fstis/FStar.range.fsti
cp basic/version.fsi boot_fstis/FStar.version.fsti
cp basic/getopt.fsi boot_fstis/FStar.getopt.fsti
cp basic/unionfind.fsi boot_fstis/FStar.unionfind.fsti
sed -i 's/type cell.*/module ALL_TMP = FStar.All/g' boot_fstis/FStar.unionfind.fsti
sed -i 's/and contents.*//g' boot_fstis/FStar.unionfind.fsti
sed -i 's/.*| Data.*//g' boot_fstis/FStar.unionfind.fsti
sed -i 's/.*| Fwd.*//g' boot_fstis/FStar.unionfind.fsti
sed -i 's/type uvar.*/assume new type uvar : Type0 -> Type0/g' boot_fstis/FStar.unionfind.fsti
cp prettyprint/prettyprint.fsi boot_fstis/FStar.Pprint.fsti
echo "#light \"off\"" > boot_fstis/FStar.Parser.Parse.fsti
head -n -12 parser/parse.fsi >> boot_fstis/FStar.Parser.Parse.fsti
sed -i 's/module FStar.Parser.Parse/module FStar.Parser.Parse\nopen FStar.All\nopen FStar.BaseTypes\ntype bytes = array<byte>/' boot_fstis/FStar.Parser.Parse.fsti
make rename_as_fst
make[4]: Entering directory '/LinuxAgent/_work/11/s/src'
./tools/rename_all_boot_fsts
[rename_all_boot_fsts]: copying ./basic/FStar.Const.fs to u_boot_fsts/FStar.Const.fst
[rename_all_boot_fsts]: copying ./basic/FStar.Errors.fs to u_boot_fsts/FStar.Errors.fst
[rename_all_boot_fsts]: copying ./basic/FStar.Ident.fs to u_boot_fsts/FStar.Ident.fst
[rename_all_boot_fsts]: copying ./basic/FStar.Options.fs to u_boot_fsts/FStar.Options.fst
[rename_all_boot_fsts]: copying ./basic/FStar.Options.fsi to u_boot_fsts/FStar.Options.fsti
./boot_fstis/FStar.bytes.fst is unrecognized
./boot_fstis/FStar.getopt.fsti is unrecognized
./boot_fstis/FStar.list.fst is unrecognized
./boot_fstis/FStar.Parser.Parse.fsti is unrecognized
./boot_fstis/FStar.platform.fsti is unrecognized
./boot_fstis/FStar.Pprint.fsti is unrecognized
./boot_fstis/FStar.range.fsti is unrecognized
./boot_fstis/FStar.string.fsti is unrecognized
./boot_fstis/FStar.unionfind.fsti is unrecognized
./boot_fstis/FStar.util.fsti is unrecognized
./boot_fstis/FStar.version.fsti is unrecognized
[rename_all_boot_fsts]: copying ./extraction/FStar.Extraction.Kremlin.fs to u_boot_fsts/FStar.Extraction.Kremlin.fst
[rename_all_boot_fsts]: copying ./extraction/FStar.Extraction.ML.Code.fs to u_boot_fsts/FStar.Extraction.ML.Code.fst
[rename_all_boot_fsts]: copying ./extraction/FStar.Extraction.ML.Code.fsi to u_boot_fsts/FStar.Extraction.ML.Code.fsti
[rename_all_boot_fsts]: copying ./extraction/FStar.Extraction.ML.Modul.fs to u_boot_fsts/FStar.Extraction.ML.Modul.fst
[rename_all_boot_fsts]: copying ./extraction/FStar.Extraction.ML.Syntax.fs to u_boot_fsts/FStar.Extraction.ML.Syntax.fst
[rename_all_boot_fsts]: copying ./extraction/FStar.Extraction.ML.Term.fs to u_boot_fsts/FStar.Extraction.ML.Term.fst
[rename_all_boot_fsts]: copying ./extraction/FStar.Extraction.ML.UEnv.fs to u_boot_fsts/FStar.Extraction.ML.UEnv.fst
[rename_all_boot_fsts]: copying ./extraction/FStar.Extraction.ML.Util.fs to u_boot_fsts/FStar.Extraction.ML.Util.fst
[rename_all_boot_fsts]: copying ./format/FStar.Format.fs to u_boot_fsts/FStar.Format.fst
[rename_all_boot_fsts]: copying ./fsdoc/FStar.Fsdoc.Generator.fs to u_boot_fsts/FStar.Fsdoc.Generator.fst
[rename_all_boot_fsts]: copying ./fstar/FStar.Dependencies.fs to u_boot_fsts/FStar.Dependencies.fst
[rename_all_boot_fsts]: copying ./fstar/FStar.Indent.fs to u_boot_fsts/FStar.Indent.fst
[rename_all_boot_fsts]: copying ./fstar/FStar.Interactive.fs to u_boot_fsts/FStar.Interactive.fst
[rename_all_boot_fsts]: copying ./fstar/FStar.Main.fs to u_boot_fsts/FStar.Main.fst
[rename_all_boot_fsts]: copying ./fstar/FStar.Top.fs to u_boot_fsts/FStar.Top.fst
[rename_all_boot_fsts]: copying ./fstar/FStar.Universal.fs to u_boot_fsts/FStar.Universal.fst
[rename_all_boot_fsts]: copying ./parser/FStar.Parser.AST.fs to u_boot_fsts/FStar.Parser.AST.fst
[rename_all_boot_fsts]: copying ./parser/FStar.Parser.Dep.fs to u_boot_fsts/FStar.Parser.Dep.fst
[rename_all_boot_fsts]: copying ./parser/FStar.Parser.Dep.fsi to u_boot_fsts/FStar.Parser.Dep.fsti
[rename_all_boot_fsts]: copying ./parser/FStar.Parser.Driver.fs to u_boot_fsts/FStar.Parser.Driver.fst
[rename_all_boot_fsts]: copying ./parser/FStar.Parser.Interleave.fs to u_boot_fsts/FStar.Parser.Interleave.fst
[rename_all_boot_fsts]: copying ./parser/FStar.Parser.Lexhelp.fs to u_boot_fsts/FStar.Parser.Lexhelp.fst
[rename_all_boot_fsts]: copying ./parser/FStar.Parser.ToDocument.fs to u_boot_fsts/FStar.Parser.ToDocument.fst
[rename_all_boot_fsts]: copying ./parser/FStar.Parser.ToDocument.fsi to u_boot_fsts/FStar.Parser.ToDocument.fsti
[rename_all_boot_fsts]: copying ./smtencoding/FStar.SMTEncoding.Encode.fs to u_boot_fsts/FStar.SMTEncoding.Encode.fst
[rename_all_boot_fsts]: copying ./smtencoding/FStar.SMTEncoding.Encode.fsi to u_boot_fsts/FStar.SMTEncoding.Encode.fsti
[rename_all_boot_fsts]: copying ./smtencoding/FStar.SMTEncoding.ErrorReporting.fs to u_boot_fsts/FStar.SMTEncoding.ErrorReporting.fst
[rename_all_boot_fsts]: copying ./smtencoding/FStar.SMTEncoding.ErrorReporting.fsi to u_boot_fsts/FStar.SMTEncoding.ErrorReporting.fsti
[rename_all_boot_fsts]: copying ./smtencoding/FStar.SMTEncoding.Solver.fs to u_boot_fsts/FStar.SMTEncoding.Solver.fst
[rename_all_boot_fsts]: copying ./smtencoding/FStar.SMTEncoding.Solver.fsi to u_boot_fsts/FStar.SMTEncoding.Solver.fsti
[rename_all_boot_fsts]: copying ./smtencoding/FStar.SMTEncoding.SplitQueryCases.fs to u_boot_fsts/FStar.SMTEncoding.SplitQueryCases.fst
[rename_all_boot_fsts]: copying ./smtencoding/FStar.SMTEncoding.Term.fs to u_boot_fsts/FStar.SMTEncoding.Term.fst
[rename_all_boot_fsts]: copying ./smtencoding/FStar.SMTEncoding.Term.fsi to u_boot_fsts/FStar.SMTEncoding.Term.fsti
[rename_all_boot_fsts]: copying ./smtencoding/FStar.SMTEncoding.Util.fs to u_boot_fsts/FStar.SMTEncoding.Util.fst
[rename_all_boot_fsts]: copying ./smtencoding/FStar.SMTEncoding.Z3.fs to u_boot_fsts/FStar.SMTEncoding.Z3.fst
[rename_all_boot_fsts]: copying ./syntax/FStar.Syntax.Const.fs to u_boot_fsts/FStar.Syntax.Const.fst
[rename_all_boot_fsts]: copying ./syntax/FStar.Syntax.Free.fs to u_boot_fsts/FStar.Syntax.Free.fst
[rename_all_boot_fsts]: copying ./syntax/FStar.Syntax.Free.fsi to u_boot_fsts/FStar.Syntax.Free.fsti
[rename_all_boot_fsts]: copying ./syntax/FStar.Syntax.InstFV.fs to u_boot_fsts/FStar.Syntax.InstFV.fst
[rename_all_boot_fsts]: copying ./syntax/FStar.Syntax.InstFV.fsi to u_boot_fsts/FStar.Syntax.InstFV.fsti
[rename_all_boot_fsts]: copying ./syntax/FStar.Syntax.MutRecTy.fs to u_boot_fsts/FStar.Syntax.MutRecTy.fst
[rename_all_boot_fsts]: copying ./syntax/FStar.Syntax.MutRecTy.fsi to u_boot_fsts/FStar.Syntax.MutRecTy.fsti
[rename_all_boot_fsts]: copying ./syntax/FStar.Syntax.Print.fs to u_boot_fsts/FStar.Syntax.Print.fst
[rename_all_boot_fsts]: copying ./syntax/FStar.Syntax.Print.fsi to u_boot_fsts/FStar.Syntax.Print.fsti
[rename_all_boot_fsts]: copying ./syntax/FStar.Syntax.Subst.fs to u_boot_fsts/FStar.Syntax.Subst.fst
[rename_all_boot_fsts]: copying ./syntax/FStar.Syntax.Subst.fsi to u_boot_fsts/FStar.Syntax.Subst.fsti
[rename_all_boot_fsts]: copying ./syntax/FStar.Syntax.Syntax.fs to u_boot_fsts/FStar.Syntax.Syntax.fst
[rename_all_boot_fsts]: copying ./syntax/FStar.Syntax.Syntax.fsi to u_boot_fsts/FStar.Syntax.Syntax.fsti
[rename_all_boot_fsts]: copying ./syntax/FStar.Syntax.Util.fs to u_boot_fsts/FStar.Syntax.Util.fst
[rename_all_boot_fsts]: copying ./tosyntax/FStar.ToSyntax.Env.fs to u_boot_fsts/FStar.ToSyntax.Env.fst
[rename_all_boot_fsts]: copying ./tosyntax/FStar.ToSyntax.Env.fsi to u_boot_fsts/FStar.ToSyntax.Env.fsti
[rename_all_boot_fsts]: copying ./tosyntax/FStar.ToSyntax.ToSyntax.fs to u_boot_fsts/FStar.ToSyntax.ToSyntax.fst
[rename_all_boot_fsts]: copying ./tosyntax/FStar.ToSyntax.ToSyntax.fsi to u_boot_fsts/FStar.ToSyntax.ToSyntax.fsti
[rename_all_boot_fsts]: copying ./typechecker/FStar.TypeChecker.Common.fs to u_boot_fsts/FStar.TypeChecker.Common.fst
[rename_all_boot_fsts]: copying ./typechecker/FStar.TypeChecker.DMFF.fs to u_boot_fsts/FStar.TypeChecker.DMFF.fst
[rename_all_boot_fsts]: copying ./typechecker/FStar.TypeChecker.DMFF.fsi to u_boot_fsts/FStar.TypeChecker.DMFF.fsti
[rename_all_boot_fsts]: copying ./typechecker/FStar.TypeChecker.Env.fs to u_boot_fsts/FStar.TypeChecker.Env.fst
[rename_all_boot_fsts]: copying ./typechecker/FStar.TypeChecker.Env.fsi to u_boot_fsts/FStar.TypeChecker.Env.fsti
[rename_all_boot_fsts]: copying ./typechecker/FStar.TypeChecker.Err.fs to u_boot_fsts/FStar.TypeChecker.Err.fst
[rename_all_boot_fsts]: copying ./typechecker/FStar.TypeChecker.Normalize.fs to u_boot_fsts/FStar.TypeChecker.Normalize.fst
[rename_all_boot_fsts]: copying ./typechecker/FStar.TypeChecker.Normalize.fsi to u_boot_fsts/FStar.TypeChecker.Normalize.fsti
[rename_all_boot_fsts]: copying ./typechecker/FStar.TypeChecker.Rel.fs to u_boot_fsts/FStar.TypeChecker.Rel.fst
[rename_all_boot_fsts]: copying ./typechecker/FStar.TypeChecker.Rel.fsi to u_boot_fsts/FStar.TypeChecker.Rel.fsti
[rename_all_boot_fsts]: copying ./typechecker/FStar.TypeChecker.Tc.fs to u_boot_fsts/FStar.TypeChecker.Tc.fst
[rename_all_boot_fsts]: copying ./typechecker/FStar.TypeChecker.Tc.fsi to u_boot_fsts/FStar.TypeChecker.Tc.fsti
[rename_all_boot_fsts]: copying ./typechecker/FStar.TypeChecker.TcInductive.fs to u_boot_fsts/FStar.TypeChecker.TcInductive.fst
[rename_all_boot_fsts]: copying ./typechecker/FStar.TypeChecker.TcInductive.fsi to u_boot_fsts/FStar.TypeChecker.TcInductive.fsti
[rename_all_boot_fsts]: copying ./typechecker/FStar.TypeChecker.TcTerm.fs to u_boot_fsts/FStar.TypeChecker.TcTerm.fst
[rename_all_boot_fsts]: copying ./typechecker/FStar.TypeChecker.TcTerm.fsi to u_boot_fsts/FStar.TypeChecker.TcTerm.fsti
[rename_all_boot_fsts]: copying ./typechecker/FStar.TypeChecker.Util.fs to u_boot_fsts/FStar.TypeChecker.Util.fst
[rename_all_boot_fsts]: copying ./typechecker/FStar.TypeChecker.Util.fsi to u_boot_fsts/FStar.TypeChecker.Util.fsti
cp parser/parseit.fsi u_boot_fsts/FStar.Parser.Parseit.fsti
make[4]: Leaving directory '/LinuxAgent/_work/11/s/src'
make[3]: Leaving directory '/LinuxAgent/_work/11/s/src'
make u_extract_misc u_extract_syntax u_extract_parser \
u_extract_typechecker u_extract_tosyntax u_extract_smtencoding \
u_extract_extraction u_extract_fstar
make[3]: Entering directory '/LinuxAgent/_work/11/s/src'
../bin/fstar-any.sh --trace_error --eager_inference --lax --MLish --no_location_info --odir u_ocaml-output --codegen OCaml --include ../ulib --include u_boot_fsts --include boot_fstis u_boot_fsts/FStar.Options.fst u_boot_fsts/FStar.Ident.fst u_boot_fsts/FStar.Errors.fst u_boot_fsts/FStar.Const.fst u_boot_fsts/FStar.Format.fst --extract_module FStar.Options --extract_module FStar.Ident --extract_module FStar.Errors --extract_module FStar.Const --extract_module FStar.Format
../bin/fstar-any.sh --trace_error --eager_inference --lax --MLish --no_location_info --odir u_ocaml-output --codegen OCaml --include ../ulib --include u_boot_fsts --include boot_fstis u_boot_fsts/FStar.Syntax.Syntax.fst u_boot_fsts/FStar.Syntax.Const.fst u_boot_fsts/FStar.Syntax.Subst.fst u_boot_fsts/FStar.Syntax.Free.fst u_boot_fsts/FStar.Syntax.InstFV.fst u_boot_fsts/FStar.Syntax.Util.fst u_boot_fsts/FStar.Syntax.Print.fst u_boot_fsts/FStar.Syntax.MutRecTy.fst u_boot_fsts/FStar.Fsdoc.Generator.fst --extract_namespace FStar.Syntax --extract_namespace FStar.Fsdoc
../bin/fstar-any.sh --trace_error --eager_inference --lax --MLish --no_location_info --odir u_ocaml-output --codegen OCaml --include ../ulib --include u_boot_fsts --include boot_fstis u_boot_fsts/FStar.Parser.AST.fst u_boot_fsts/FStar.Parser.Interleave.fst u_boot_fsts/FStar.Parser.Lexhelp.fst u_boot_fsts/FStar.Parser.Parseit.fsti u_boot_fsts/FStar.Parser.Driver.fst u_boot_fsts/FStar.Parser.Dep.fst u_boot_fsts/FStar.Parser.ToDocument.fst --extract_namespace FStar.Parser
../bin/fstar-any.sh --trace_error --eager_inference --lax --MLish --no_location_info --odir u_ocaml-output --codegen OCaml --include ../ulib --include u_boot_fsts --include boot_fstis u_boot_fsts/FStar.TypeChecker.Common.fst u_boot_fsts/FStar.TypeChecker.Env.fst u_boot_fsts/FStar.TypeChecker.Normalize.fst u_boot_fsts/FStar.TypeChecker.Err.fst --extract_namespace FStar.TypeChecker
../bin/fstar-any.sh --trace_error --eager_inference --lax --MLish --no_location_info --odir u_ocaml-output --codegen OCaml --include ../ulib --include u_boot_fsts --include boot_fstis u_boot_fsts/FStar.TypeChecker.Rel.fst --extract_module FStar.TypeChecker.Rel
../bin/fstar-any.sh --trace_error --eager_inference --lax --MLish --no_location_info --odir u_ocaml-output --codegen OCaml --include ../ulib --include u_boot_fsts --include boot_fstis u_boot_fsts/FStar.TypeChecker.Util.fst --extract_module FStar.TypeChecker.Util
../bin/fstar-any.sh --trace_error --eager_inference --lax --MLish --no_location_info --odir u_ocaml-output --codegen OCaml --include ../ulib --include u_boot_fsts --include boot_fstis u_boot_fsts/FStar.TypeChecker.DMFF.fst --extract_module FStar.TypeChecker.DMFF
../bin/fstar-any.sh --trace_error --eager_inference --lax --MLish --no_location_info --odir u_ocaml-output --codegen OCaml --include ../ulib --include u_boot_fsts --include boot_fstis u_boot_fsts/FStar.TypeChecker.TcTerm.fst --extract_module FStar.TypeChecker.TcTerm
../bin/fstar-any.sh --trace_error --eager_inference --lax --MLish --no_location_info --odir u_ocaml-output --codegen OCaml --include ../ulib --include u_boot_fsts --include boot_fstis u_boot_fsts/FStar.TypeChecker.TcInductive.fst --extract_module FStar.TypeChecker.TcInductive
../bin/fstar-any.sh --trace_error --eager_inference --lax --MLish --no_location_info --odir u_ocaml-output --codegen OCaml --include ../ulib --include u_boot_fsts --include boot_fstis u_boot_fsts/FStar.TypeChecker.Tc.fst --extract_module FStar.TypeChecker.Tc
../bin/fstar-any.sh --trace_error --eager_inference --lax --MLish --no_location_info --odir u_ocaml-output --codegen OCaml --include ../ulib --include u_boot_fsts --include boot_fstis u_boot_fsts/FStar.ToSyntax.Env.fst u_boot_fsts/FStar.ToSyntax.ToSyntax.fst --extract_namespace FStar.ToSyntax
../bin/fstar-any.sh --trace_error --eager_inference --lax --MLish --no_location_info --odir u_ocaml-output --codegen OCaml --include ../ulib --include u_boot_fsts --include boot_fstis u_boot_fsts/FStar.SMTEncoding.Term.fst u_boot_fsts/FStar.SMTEncoding.Util.fst u_boot_fsts/FStar.SMTEncoding.Z3.fst u_boot_fsts/FStar.SMTEncoding.SplitQueryCases.fst u_boot_fsts/FStar.SMTEncoding.ErrorReporting.fst --extract_namespace FStar.SMTEncoding
../bin/fstar-any.sh --trace_error --eager_inference --lax --MLish --no_location_info --odir u_ocaml-output --codegen OCaml --include ../ulib --include u_boot_fsts --include boot_fstis u_boot_fsts/FStar.SMTEncoding.Encode.fst --extract_module FStar.SMTEncoding.Encode
../bin/fstar-any.sh --trace_error --eager_inference --lax --MLish --no_location_info --odir u_ocaml-output --codegen OCaml --include ../ulib --include u_boot_fsts --include boot_fstis u_boot_fsts/FStar.SMTEncoding.Solver.fst --extract_module FStar.SMTEncoding.Solver
../bin/fstar-any.sh --trace_error --eager_inference --lax --MLish --no_location_info --odir u_ocaml-output --codegen OCaml --include ../ulib --include u_boot_fsts --include boot_fstis u_boot_fsts/FStar.Extraction.ML.Syntax.fst u_boot_fsts/FStar.Extraction.ML.UEnv.fst u_boot_fsts/FStar.Extraction.ML.Util.fst u_boot_fsts/FStar.Extraction.ML.Code.fst u_boot_fsts/FStar.Extraction.ML.Term.fst u_boot_fsts/FStar.Extraction.ML.Modul.fst u_boot_fsts/FStar.Extraction.Kremlin.fst --extract_namespace FStar.Extraction
../bin/fstar-any.sh --trace_error --eager_inference --lax --MLish --no_location_info --odir u_ocaml-output --codegen OCaml --include ../ulib --include u_boot_fsts --include boot_fstis u_boot_fsts/FStar.Dependencies.fst u_boot_fsts/FStar.Interactive.fst u_boot_fsts/FStar.Universal.fst u_boot_fsts/FStar.Indent.fst u_boot_fsts/FStar.Main.fst --extract_module FStar.Dependencies --extract_module FStar.Interactive --extract_module FStar.Universal --extract_module FStar.Indent --extract_module FStar.Main
Extracted module Options
Extracted module Errors
Extracted module Ident
Extracted module Const
Extracted module Format
All verification conditions discharged successfully
./u_boot_fsts/FStar.Syntax.Syntax.fst(397,0-397,33): (Warning) Annotation from val declaration overrides inline type annotation
./u_boot_fsts/FStar.Syntax.Syntax.fst(446,0-446,48): (Warning) Annotation from val declaration overrides inline type annotation
./u_boot_fsts/FStar.Syntax.Syntax.fst(447,0-447,76): (Warning) Annotation from val declaration overrides inline type annotation
./u_boot_fsts/FStar.Syntax.Syntax.fst(498,0-500,38): (Warning) Annotation from val declaration overrides inline type annotation
./u_boot_fsts/FStar.TypeChecker.Util.fst(70,0-72,32): (Warning) Annotation from val declaration overrides inline type annotation
./u_boot_fsts/FStar.TypeChecker.Env.fst(274,0-278,35): (Warning) Annotation from val declaration overrides inline type annotation
/LinuxAgent/_work/11/s/src/boot_fstis/FStar.Pprint.fsti(33,0-33,13) (Warning): Adding an implicit 'assume new' qualifier on document
Extracted module Syntax
Extracted module Subst
Extracted module InstFV
Extracted module Const
Extracted module Util
Extracted module Print
Extracted module Generator
Extracted module Free
Extracted module MutRecTy
Extracted module TcInductive
All verification conditions discharged successfully
All verification conditions discharged successfully
Extracted module Common
Extracted module Term
Extracted module Util
Extracted module SplitQueryCases
Extracted module Env
Extracted module Z3
Extracted module ErrorReporting
All verification conditions discharged successfully
Extracted module Normalize
Extracted module Err
All verification conditions discharged successfully
Extracted module AST
Extracted module Driver
Extracted module Util
Extracted module Lexhelp
All verification conditions discharged successfully
Extracted module ToDocument
Extracted module Dep
Extracted module Interleave
All verification conditions discharged successfully
Extracted module Syntax
Extracted module UEnv
Extracted module Util
Extracted module Code
/LinuxAgent/_work/11/s/src/boot_fstis/FStar.Pprint.fsti(33,0-33,13) (Warning): Adding an implicit 'assume new' qualifier on document
Extracted module Term
Extracted module Modul
Extracted module Kremlin
All verification conditions discharged successfully
Extracted module DMFF
All verification conditions discharged successfully
Extracted module Solver
All verification conditions discharged successfully
Extracted module Dependencies
Extracted module Universal
Extracted module Indent
Extracted module Interactive
Extracted module Tc
All verification conditions discharged successfully
Extracted module Main
All verification conditions discharged successfully
Extracted module Env
Extracted module ToSyntax
All verification conditions discharged successfully
Extracted module TcTerm
All verification conditions discharged successfully
Extracted module Rel
All verification conditions discharged successfully
Extracted module Encode
All verification conditions discharged successfully
make[3]: Leaving directory '/LinuxAgent/_work/11/s/src'
cp u_ocaml-output/*.ml ocaml-output/
make[2]: Leaving directory '/LinuxAgent/_work/11/s/src'
make boot-ocaml
make[2]: Entering directory '/LinuxAgent/_work/11/s/src'
make -C ocaml-output all
make[3]: Entering directory '/LinuxAgent/_work/11/s/src/ocaml-output'
echo "%{" > ../parser/parse.fsy
# We are opening the same module twice but we need these modules
# open for the definition of tokens
echo "#light \"off\"" >> ../parser/parse.fsy
echo "open Prims" > FStar_Parser_Parse.ml
echo "// (c) Microsoft Corporation. All rights reserved" >> ../parser/parse.fsy
echo "open FStar_Errors" >> FStar_Parser_Parse.ml
echo "open Prims" >> ../parser/parse.fsy
echo "open FStar.Errors" >> ../parser/parse.fsy
echo "open FStar_List" >> FStar_Parser_Parse.ml
echo "open FStar.List" >> ../parser/parse.fsy
echo "open FStar_Util" >> FStar_Parser_Parse.ml
echo 'let version = "0.9.4.0"' > FStar_Version.ml
echo "open FStar.Util" >> ../parser/parse.fsy
echo "open FStar_Range" >> FStar_Parser_Parse.ml
echo 'let platform = "Linux_x86_64"' >> FStar_Version.ml
echo "open FStar.Range" >> ../parser/parse.fsy
echo 'let compiler = "OCaml 4.02.3"' >> FStar_Version.ml
echo "open FStar_Options" >> FStar_Parser_Parse.ml
echo "open FStar.Options" >> ../parser/parse.fsy
echo 'let date = "2017-02-15T18:34:37+00:00"' >> FStar_Version.ml
echo "open FStar_Syntax_Syntax" >> FStar_Parser_Parse.ml
echo "open FStar.Syntax.Syntax" >> ../parser/parse.fsy
echo 'let commit= "2a981cd (dirty)"' >> FStar_Version.ml
echo "open FStar_Syntax_Const" >> FStar_Parser_Parse.ml
echo "open FStar.Syntax.Const" >> ../parser/parse.fsy
echo "open FStar.Syntax.Util" >> ../parser/parse.fsy
echo "open FStar_Syntax_Util" >> FStar_Parser_Parse.ml
echo "open FStar_Parser_AST" >> FStar_Parser_Parse.ml
echo "open FStar.Parser.AST" >> ../parser/parse.fsy
echo "open FStar_Parser_Util" >> FStar_Parser_Parse.ml
echo "open FStar.Parser.Util" >> ../parser/parse.fsy
echo "open FStar_Const" >> FStar_Parser_Parse.ml
echo "open FStar.Const" >> ../parser/parse.fsy
echo "open FStar_Ident" >> FStar_Parser_Parse.ml
echo "open FStar.Ident" >> ../parser/parse.fsy
echo "open FStar_String" >> FStar_Parser_Parse.ml
echo "open FStar.String" >> ../parser/parse.fsy
# TODO: create a proper OCamlbuild rule for this production so that
# OCamlbuild knows how to generate parse.mly first (possibly using
# TODO : fsyacc seems to complain as soon as there is an arrow -> in a %type declaration...
cat parse.mly | sed -e '/%{/d' \
-e '/^open /d' \
-e '/%token/s/[a-zA-Z0-9_]*\.//g' \
-e '/%type/s/[a-zA-Z0-9_]*\.//g' \
-e '/%token.*->.*/d' \
-e '/%type.*->.*/d' \
>> ../parser/parse.fsy
# menhir) and removes the production as needed.
ocamlyacc parse.mly
6 shift/reduce conflicts.
cat parse.ml >> FStar_Parser_Parse.ml
rm parse.ml parse.mli
cd ../../ && ocamlbuild -cflag '-g' -I src/ocaml-output -I src/basic/ml -I src/parser/ml -I src/fstar/ml -j 24 -build-dir src/ocaml-output/_build -I src/prettyprint/ml -I src/ocaml-output/bootlibs -use-ocamlfind main.native
ocamlfind ocamldep -package batteries -package zarith -package yojson -package pprint -modules src/ocaml-output/FStar_Version.ml > src/ocaml-output/FStar_Version.ml.depends
ocamlfind ocamlc -c -g -annot -bin-annot -thread -w -8-11-21-26-28 -package batteries -package zarith -package yojson -package pprint -I src/ocaml-output -I src/prettyprint/ml -I src/parser/ml -I src/ocaml-output/bootlibs -I src/fstar/ml -I src/basic/ml -o src/ocaml-output/FStar_Version.cmo src/ocaml-output/FStar_Version.ml
ocamlfind ocamlopt -c -g -annot -bin-annot -thread -w -8-11-21-26-28 -package batteries -package zarith -package yojson -package pprint -I src/ocaml-output -I src/prettyprint/ml -I src/parser/ml -I src/ocaml-output/bootlibs -I src/fstar/ml -I src/basic/ml -o src/ocaml-output/FStar_Version.cmx src/ocaml-output/FStar_Version.ml
ocamlfind ocamlopt -c -g -annot -bin-annot -thread -w -8-11-21-26-28 -package batteries -package zarith -package yojson -package pprint -I src/ocaml-output -I src/prettyprint/ml -I src/parser/ml -I src/ocaml-output/bootlibs -I src/fstar/ml -I src/basic/ml -o src/ocaml-output/FStar_Options.cmx src/ocaml-output/FStar_Options.ml
ocamlfind ocamlopt -c -g -annot -bin-annot -thread -w -8-11-21-26-28 -package batteries -package zarith -package yojson -package pprint -I src/ocaml-output -I src/prettyprint/ml -I src/parser/ml -I src/ocaml-output/bootlibs -I src/fstar/ml -I src/basic/ml -o src/ocaml-output/FStar_Errors.cmx src/ocaml-output/FStar_Errors.ml
ocamlfind ocamlopt -c -g -annot -bin-annot -thread -w -8-11-21-26-28 -package batteries -package zarith -package yojson -package pprint -I src/ocaml-output -I src/prettyprint/ml -I src/parser/ml -I src/ocaml-output/bootlibs -I src/fstar/ml -I src/basic/ml -o src/ocaml-output/FStar_Syntax_Print.cmx src/ocaml-output/FStar_Syntax_Print.ml
ocamlfind ocamlopt -c -g -annot -bin-annot -thread -w -8-11-21-26-28 -package batteries -package zarith -package yojson -package pprint -I src/ocaml-output -I src/prettyprint/ml -I src/parser/ml -I src/ocaml-output/bootlibs -I src/fstar/ml -I src/basic/ml -o src/ocaml-output/FStar_Parser_AST.cmx src/ocaml-output/FStar_Parser_AST.ml
ocamlfind ocamlopt -c -g -annot -bin-annot -thread -w -8-11-21-26-28 -package batteries -package zarith -package yojson -package pprint -I src/ocaml-output -I src/prettyprint/ml -I src/parser/ml -I src/ocaml-output/bootlibs -I src/fstar/ml -I src/basic/ml -o src/ocaml-output/FStar_Parser_Parse.cmx src/ocaml-output/FStar_Parser_Parse.ml
ocamlfind ocamlopt -c -g -annot -bin-annot -thread -w -8-11-21-26-28 -package batteries -package zarith -package yojson -package pprint -I src/parser/ml -I src/ocaml-output -I src/prettyprint/ml -I src/ocaml-output/bootlibs -I src/fstar/ml -I src/basic/ml -o src/parser/ml/FStar_Parser_LexFStar.cmx src/parser/ml/FStar_Parser_LexFStar.ml
ocamlfind ocamlopt -c -g -annot -bin-annot -thread -w -8-11-21-26-28 -package batteries -package zarith -package yojson -package pprint -I src/parser/ml -I src/ocaml-output -I src/prettyprint/ml -I src/ocaml-output/bootlibs -I src/fstar/ml -I src/basic/ml -o src/parser/ml/FStar_Parser_ParseIt.cmx src/parser/ml/FStar_Parser_ParseIt.ml
ocamlfind ocamlopt -c -g -annot -bin-annot -thread -w -8-11-21-26-28 -package batteries -package zarith -package yojson -package pprint -I src/ocaml-output -I src/prettyprint/ml -I src/parser/ml -I src/ocaml-output/bootlibs -I src/fstar/ml -I src/basic/ml -o src/ocaml-output/FStar_Parser_Driver.cmx src/ocaml-output/FStar_Parser_Driver.ml
ocamlfind ocamlopt -c -g -annot -bin-annot -thread -w -8-11-21-26-28 -package batteries -package zarith -package yojson -package pprint -I src/ocaml-output -I src/prettyprint/ml -I src/parser/ml -I src/ocaml-output/bootlibs -I src/fstar/ml -I src/basic/ml -o src/ocaml-output/FStar_Parser_Dep.cmx src/ocaml-output/FStar_Parser_Dep.ml
ocamlfind ocamlopt -c -g -annot -bin-annot -thread -w -8-11-21-26-28 -package batteries -package zarith -package yojson -package pprint -I src/ocaml-output -I src/prettyprint/ml -I src/parser/ml -I src/ocaml-output/bootlibs -I src/fstar/ml -I src/basic/ml -o src/ocaml-output/FStar_TypeChecker_Env.cmx src/ocaml-output/FStar_TypeChecker_Env.ml
ocamlfind ocamlopt -c -g -annot -bin-annot -thread -w -8-11-21-26-28 -package batteries -package zarith -package yojson -package pprint -I src/ocaml-output -I src/prettyprint/ml -I src/parser/ml -I src/ocaml-output/bootlibs -I src/fstar/ml -I src/basic/ml -o src/ocaml-output/FStar_Extraction_ML_UEnv.cmx src/ocaml-output/FStar_Extraction_ML_UEnv.ml
ocamlfind ocamlopt -c -g -annot -bin-annot -thread -w -8-11-21-26-28 -package batteries -package zarith -package yojson -package pprint -I src/ocaml-output -I src/prettyprint/ml -I src/parser/ml -I src/ocaml-output/bootlibs -I src/fstar/ml -I src/basic/ml -o src/ocaml-output/FStar_Extraction_ML_Util.cmx src/ocaml-output/FStar_Extraction_ML_Util.ml
ocamlfind ocamlopt -c -g -annot -bin-annot -thread -w -8-11-21-26-28 -package batteries -package zarith -package yojson -package pprint -I src/ocaml-output -I src/prettyprint/ml -I src/parser/ml -I src/ocaml-output/bootlibs -I src/fstar/ml -I src/basic/ml -o src/ocaml-output/FStar_Extraction_ML_Code.cmx src/ocaml-output/FStar_Extraction_ML_Code.ml
ocamlfind ocamlopt -c -g -annot -bin-annot -thread -w -8-11-21-26-28 -package batteries -package zarith -package yojson -package pprint -I src/ocaml-output -I src/prettyprint/ml -I src/parser/ml -I src/ocaml-output/bootlibs -I src/fstar/ml -I src/basic/ml -o src/ocaml-output/FStar_TypeChecker_Normalize.cmx src/ocaml-output/FStar_TypeChecker_Normalize.ml
ocamlfind ocamlopt -c -g -annot -bin-annot -thread -w -8-11-21-26-28 -package batteries -package zarith -package yojson -package pprint -I src/ocaml-output -I src/prettyprint/ml -I src/parser/ml -I src/ocaml-output/bootlibs -I src/fstar/ml -I src/basic/ml -o src/ocaml-output/FStar_TypeChecker_Err.cmx src/ocaml-output/FStar_TypeChecker_Err.ml
ocamlfind ocamlopt -c -g -annot -bin-annot -thread -w -8-11-21-26-28 -package batteries -package zarith -package yojson -package pprint -I src/ocaml-output -I src/prettyprint/ml -I src/parser/ml -I src/ocaml-output/bootlibs -I src/fstar/ml -I src/basic/ml -o src/ocaml-output/FStar_TypeChecker_Rel.cmx src/ocaml-output/FStar_TypeChecker_Rel.ml
ocamlfind ocamlopt -c -g -annot -bin-annot -thread -w -8-11-21-26-28 -package batteries -package zarith -package yojson -package pprint -I src/ocaml-output -I src/prettyprint/ml -I src/parser/ml -I src/ocaml-output/bootlibs -I src/fstar/ml -I src/basic/ml -o src/ocaml-output/FStar_TypeChecker_Util.cmx src/ocaml-output/FStar_TypeChecker_Util.ml
ocamlfind ocamlopt -c -g -annot -bin-annot -thread -w -8-11-21-26-28 -package batteries -package zarith -package yojson -package pprint -I src/ocaml-output -I src/prettyprint/ml -I src/parser/ml -I src/ocaml-output/bootlibs -I src/fstar/ml -I src/basic/ml -o src/ocaml-output/FStar_TypeChecker_TcTerm.cmx src/ocaml-output/FStar_TypeChecker_TcTerm.ml
ocamlfind ocamlopt -c -g -annot -bin-annot -thread -w -8-11-21-26-28 -package batteries -package zarith -package yojson -package pprint -I src/ocaml-output -I src/prettyprint/ml -I src/parser/ml -I src/ocaml-output/bootlibs -I src/fstar/ml -I src/basic/ml -o src/ocaml-output/FStar_Extraction_ML_Term.cmx src/ocaml-output/FStar_Extraction_ML_Term.ml
ocamlfind ocamlopt -c -g -annot -bin-annot -thread -w -8-11-21-26-28 -package batteries -package zarith -package yojson -package pprint -I src/ocaml-output -I src/prettyprint/ml -I src/parser/ml -I src/ocaml-output/bootlibs -I src/fstar/ml -I src/basic/ml -o src/ocaml-output/FStar_Parser_ToDocument.cmx src/ocaml-output/FStar_Parser_ToDocument.ml
ocamlfind ocamlopt -c -g -annot -bin-annot -thread -w -8-11-21-26-28 -package batteries -package zarith -package yojson -package pprint -I src/ocaml-output -I src/prettyprint/ml -I src/parser/ml -I src/ocaml-output/bootlibs -I src/fstar/ml -I src/basic/ml -o src/ocaml-output/FStar_Dependencies.cmx src/ocaml-output/FStar_Dependencies.ml
ocamlfind ocamlopt -c -g -annot -bin-annot -thread -w -8-11-21-26-28 -package batteries -package zarith -package yojson -package pprint -I src/ocaml-output -I src/prettyprint/ml -I src/parser/ml -I src/ocaml-output/bootlibs -I src/fstar/ml -I src/basic/ml -o src/ocaml-output/FStar_SMTEncoding_Term.cmx src/ocaml-output/FStar_SMTEncoding_Term.ml
ocamlfind ocamlopt -c -g -annot -bin-annot -thread -w -8-11-21-26-28 -package batteries -package zarith -package yojson -package pprint -I src/ocaml-output -I src/prettyprint/ml -I src/parser/ml -I src/ocaml-output/bootlibs -I src/fstar/ml -I src/basic/ml -o src/ocaml-output/FStar_SMTEncoding_Util.cmx src/ocaml-output/FStar_SMTEncoding_Util.ml
ocamlfind ocamlopt -c -g -annot -bin-annot -thread -w -8-11-21-26-28 -package batteries -package zarith -package yojson -package pprint -I src/ocaml-output -I src/prettyprint/ml -I src/parser/ml -I src/ocaml-output/bootlibs -I src/fstar/ml -I src/basic/ml -o src/ocaml-output/FStar_SMTEncoding_Z3.cmx src/ocaml-output/FStar_SMTEncoding_Z3.ml
ocamlfind ocamlopt -c -g -annot -bin-annot -thread -w -8-11-21-26-28 -package batteries -package zarith -package yojson -package pprint -I src/ocaml-output -I src/prettyprint/ml -I src/parser/ml -I src/ocaml-output/bootlibs -I src/fstar/ml -I src/basic/ml -o src/ocaml-output/FStar_SMTEncoding_ErrorReporting.cmx src/ocaml-output/FStar_SMTEncoding_ErrorReporting.ml
ocamlfind ocamlopt -c -g -annot -bin-annot -thread -w -8-11-21-26-28 -package batteries -package zarith -package yojson -package pprint -I src/ocaml-output -I src/prettyprint/ml -I src/parser/ml -I src/ocaml-output/bootlibs -I src/fstar/ml -I src/basic/ml -o src/ocaml-output/FStar_SMTEncoding_Encode.cmx src/ocaml-output/FStar_SMTEncoding_Encode.ml
ocamlfind ocamlopt -c -g -annot -bin-annot -thread -w -8-11-21-26-28 -package batteries -package zarith -package yojson -package pprint -I src/ocaml-output -I src/prettyprint/ml -I src/parser/ml -I src/ocaml-output/bootlibs -I src/fstar/ml -I src/basic/ml -o src/ocaml-output/FStar_SMTEncoding_SplitQueryCases.cmx src/ocaml-output/FStar_SMTEncoding_SplitQueryCases.ml
ocamlfind ocamlopt -c -g -annot -bin-annot -thread -w -8-11-21-26-28 -package batteries -package zarith -package yojson -package pprint -I src/ocaml-output -I src/prettyprint/ml -I src/parser/ml -I src/ocaml-output/bootlibs -I src/fstar/ml -I src/basic/ml -o src/ocaml-output/FStar_SMTEncoding_Solver.cmx src/ocaml-output/FStar_SMTEncoding_Solver.ml
ocamlfind ocamlopt -c -g -annot -bin-annot -thread -w -8-11-21-26-28 -package batteries -package zarith -package yojson -package pprint -I src/ocaml-output -I src/prettyprint/ml -I src/parser/ml -I src/ocaml-output/bootlibs -I src/fstar/ml -I src/basic/ml -o src/ocaml-output/FStar_ToSyntax_Env.cmx src/ocaml-output/FStar_ToSyntax_Env.ml
ocamlfind ocamlopt -c -g -annot -bin-annot -thread -w -8-11-21-26-28 -package batteries -package zarith -package yojson -package pprint -I src/ocaml-output -I src/prettyprint/ml -I src/parser/ml -I src/ocaml-output/bootlibs -I src/fstar/ml -I src/basic/ml -o src/ocaml-output/FStar_Syntax_MutRecTy.cmx src/ocaml-output/FStar_Syntax_MutRecTy.ml
ocamlfind ocamlopt -c -g -annot -bin-annot -thread -w -8-11-21-26-28 -package batteries -package zarith -package yojson -package pprint -I src/ocaml-output -I src/prettyprint/ml -I src/parser/ml -I src/ocaml-output/bootlibs -I src/fstar/ml -I src/basic/ml -o src/ocaml-output/FStar_TypeChecker_DMFF.cmx src/ocaml-output/FStar_TypeChecker_DMFF.ml
ocamlfind ocamlopt -c -g -annot -bin-annot -thread -w -8-11-21-26-28 -package batteries -package zarith -package yojson -package pprint -I src/ocaml-output -I src/prettyprint/ml -I src/parser/ml -I src/ocaml-output/bootlibs -I src/fstar/ml -I src/basic/ml -o src/ocaml-output/FStar_TypeChecker_TcInductive.cmx src/ocaml-output/FStar_TypeChecker_TcInductive.ml
ocamlfind ocamlopt -c -g -annot -bin-annot -thread -w -8-11-21-26-28 -package batteries -package zarith -package yojson -package pprint -I src/ocaml-output -I src/prettyprint/ml -I src/parser/ml -I src/ocaml-output/bootlibs -I src/fstar/ml -I src/basic/ml -o src/ocaml-output/FStar_Parser_Interleave.cmx src/ocaml-output/FStar_Parser_Interleave.ml
ocamlfind ocamlopt -c -g -annot -bin-annot -thread -w -8-11-21-26-28 -package batteries -package zarith -package yojson -package pprint -I src/ocaml-output -I src/prettyprint/ml -I src/parser/ml -I src/ocaml-output/bootlibs -I src/fstar/ml -I src/basic/ml -o src/ocaml-output/FStar_ToSyntax_ToSyntax.cmx src/ocaml-output/FStar_ToSyntax_ToSyntax.ml
ocamlfind ocamlopt -c -g -annot -bin-annot -thread -w -8-11-21-26-28 -package batteries -package zarith -package yojson -package pprint -I src/ocaml-output -I src/prettyprint/ml -I src/parser/ml -I src/ocaml-output/bootlibs -I src/fstar/ml -I src/basic/ml -o src/ocaml-output/FStar_TypeChecker_Tc.cmx src/ocaml-output/FStar_TypeChecker_Tc.ml
ocamlfind ocamlopt -c -g -annot -bin-annot -thread -w -8-11-21-26-28 -package batteries -package zarith -package yojson -package pprint -I src/ocaml-output -I src/prettyprint/ml -I src/parser/ml -I src/ocaml-output/bootlibs -I src/fstar/ml -I src/basic/ml -o src/ocaml-output/FStar_Universal.cmx src/ocaml-output/FStar_Universal.ml
ocamlfind ocamlopt -c -g -annot -bin-annot -thread -w -8-11-21-26-28 -package batteries -package zarith -package yojson -package pprint -I src/ocaml-output -I src/prettyprint/ml -I src/parser/ml -I src/ocaml-output/bootlibs -I src/fstar/ml -I src/basic/ml -o src/ocaml-output/FStar_Extraction_Kremlin.cmx src/ocaml-output/FStar_Extraction_Kremlin.ml
ocamlfind ocamlopt -c -g -annot -bin-annot -thread -w -8-11-21-26-28 -package batteries -package zarith -package yojson -package pprint -I src/ocaml-output -I src/prettyprint/ml -I src/parser/ml -I src/ocaml-output/bootlibs -I src/fstar/ml -I src/basic/ml -o src/ocaml-output/FStar_Extraction_ML_Modul.cmx src/ocaml-output/FStar_Extraction_ML_Modul.ml
ocamlfind ocamlopt -c -g -annot -bin-annot -thread -w -8-11-21-26-28 -package batteries -package zarith -package yojson -package pprint -I src/ocaml-output -I src/prettyprint/ml -I src/parser/ml -I src/ocaml-output/bootlibs -I src/fstar/ml -I src/basic/ml -o src/ocaml-output/FStar_Fsdoc_Generator.cmx src/ocaml-output/FStar_Fsdoc_Generator.ml
ocamlfind ocamlopt -c -g -annot -bin-annot -thread -w -8-11-21-26-28 -package batteries -package zarith -package yojson -package pprint -I src/ocaml-output -I src/prettyprint/ml -I src/parser/ml -I src/ocaml-output/bootlibs -I src/fstar/ml -I src/basic/ml -o src/ocaml-output/FStar_Indent.cmx src/ocaml-output/FStar_Indent.ml
ocamlfind ocamlopt -c -g -annot -bin-annot -thread -w -8-11-21-26-28 -package batteries -package zarith -package yojson -package pprint -I src/ocaml-output -I src/prettyprint/ml -I src/parser/ml -I src/ocaml-output/bootlibs -I src/fstar/ml -I src/basic/ml -o src/ocaml-output/FStar_Interactive.cmx src/ocaml-output/FStar_Interactive.ml
ocamlfind ocamlopt -c -g -annot -bin-annot -thread -w -8-11-21-26-28 -package batteries -package zarith -package yojson -package pprint -I src/ocaml-output -I src/prettyprint/ml -I src/parser/ml -I src/ocaml-output/bootlibs -I src/fstar/ml -I src/basic/ml -o src/ocaml-output/FStar_Main.cmx src/ocaml-output/FStar_Main.ml
ocamlfind ocamlopt -c -g -annot -bin-annot -thread -w -8-11-21-26-28 -package batteries -package zarith -package yojson -package pprint -I src/fstar/ml -I src/ocaml-output -I src/prettyprint/ml -I src/parser/ml -I src/ocaml-output/bootlibs -I src/basic/ml -o src/fstar/ml/main.cmx src/fstar/ml/main.ml
ocamlfind ocamlopt -linkpkg -thread -package batteries -package zarith -package yojson -package pprint src/ocaml-output/bootlibs/FStar_List.cmx src/ocaml-output/bootlibs/MkPrims.cmx src/ocaml-output/bootlibs/prims.cmx src/basic/ml/FStar_Util.cmx src/basic/ml/FStar_Bytes.cmx src/basic/ml/FStar_Getopt.cmx src/basic/ml/FStar_Platform.cmx src/ocaml-output/bootlibs/FStar_Char.cmx src/ocaml-output/bootlibs/FStar_Float.cmx src/ocaml-output/bootlibs/FStar_Int16.cmx src/ocaml-output/bootlibs/FStar_Int32.cmx src/ocaml-output/bootlibs/FStar_Int64.cmx src/ocaml-output/bootlibs/FStar_Int8.cmx src/ocaml-output/bootlibs/FStar_UInt16.cmx src/ocaml-output/bootlibs/FStar_UInt8.cmx src/ocaml-output/bootlibs/FStar_BaseTypes.cmx src/basic/ml/FStar_Range.cmx src/basic/ml/FStar_Unionfind.cmx src/ocaml-output/bootlibs/FStar_All.cmx src/ocaml-output/bootlibs/FStar_ST.cmx src/ocaml-output/bootlibs/FStar_String.cmx src/ocaml-output/FStar_Ident.cmx src/ocaml-output/FStar_Const.cmx src/ocaml-output/FStar_Version.cmx src/ocaml-output/FStar_Options.cmx src/ocaml-output/FStar_Errors.cmx src/ocaml-output/FStar_Syntax_Syntax.cmx src/ocaml-output/FStar_Syntax_Const.cmx src/ocaml-output/bootlibs/FStar_Option.cmx src/ocaml-output/FStar_Syntax_Subst.cmx src/ocaml-output/FStar_Syntax_InstFV.cmx src/ocaml-output/FStar_Syntax_Util.cmx src/ocaml-output/FStar_Syntax_Print.cmx src/ocaml-output/FStar_Parser_AST.cmx src/parser/ml/FStar_Parser_Util.cmx src/ocaml-output/FStar_Parser_Parse.cmx src/parser/ml/FStar_Parser_LexFStar.cmx src/parser/ml/FStar_Parser_ParseIt.cmx src/ocaml-output/FStar_Parser_Driver.cmx src/ocaml-output/FStar_Parser_Dep.cmx src/ocaml-output/FStar_Dependencies.cmx src/ocaml-output/FStar_Extraction_ML_Syntax.cmx src/ocaml-output/FStar_Syntax_Free.cmx src/ocaml-output/FStar_TypeChecker_Common.cmx src/ocaml-output/FStar_TypeChecker_Env.cmx src/ocaml-output/FStar_Extraction_ML_UEnv.cmx src/ocaml-output/FStar_Extraction_ML_Util.cmx src/ocaml-output/FStar_Format.cmx src/ocaml-output/FStar_Extraction_ML_Code.cmx src/ocaml-output/FStar_Extraction_Kremlin.cmx src/ocaml-output/FStar_TypeChecker_Normalize.cmx src/ocaml-output/FStar_TypeChecker_Err.cmx src/ocaml-output/FStar_TypeChecker_Rel.cmx src/ocaml-output/FStar_TypeChecker_Util.cmx src/ocaml-output/FStar_TypeChecker_TcTerm.cmx src/ocaml-output/FStar_Extraction_ML_Term.cmx src/ocaml-output/FStar_Extraction_ML_Modul.cmx src/ocaml-output/FStar_Fsdoc_Generator.cmx src/prettyprint/ml/FStar_Pprint.cmx src/ocaml-output/FStar_Parser_ToDocument.cmx src/ocaml-output/FStar_Indent.cmx src/ocaml-output/FStar_Parser_Interleave.cmx src/ocaml-output/FStar_SMTEncoding_Term.cmx src/ocaml-output/FStar_SMTEncoding_Util.cmx src/ocaml-output/FStar_SMTEncoding_Z3.cmx src/ocaml-output/FStar_SMTEncoding_ErrorReporting.cmx src/ocaml-output/FStar_SMTEncoding_Encode.cmx src/ocaml-output/FStar_SMTEncoding_SplitQueryCases.cmx src/ocaml-output/FStar_SMTEncoding_Solver.cmx src/ocaml-output/FStar_Syntax_MutRecTy.cmx src/ocaml-output/FStar_ToSyntax_Env.cmx src/ocaml-output/FStar_ToSyntax_ToSyntax.cmx src/ocaml-output/FStar_TypeChecker_DMFF.cmx src/ocaml-output/FStar_TypeChecker_TcInductive.cmx src/ocaml-output/FStar_TypeChecker_Tc.cmx src/ocaml-output/FStar_Universal.cmx src/ocaml-output/FStar_Interactive.cmx src/ocaml-output/FStar_Main.cmx src/fstar/ml/main.cmx -o src/fstar/ml/main.native
# Parallel statistics: { count(total): 5(231), max: 5, min: 2, average(total): 2.800(1.039) }
cp _build/src/fstar/ml/main.native ../../bin/fstar.exe
cp _build/src/fstar/ml/main.native ../../bin/fstar.ocaml
make[3]: Leaving directory '/LinuxAgent/_work/11/s/src/ocaml-output'
make[2]: Leaving directory '/LinuxAgent/_work/11/s/src'
make[1]: Leaving directory '/LinuxAgent/_work/11/s/src'
make uregressions interactive-test
make[1]: Entering directory '/LinuxAgent/_work/11/s/src'
make -C ../ulib
make -C ../examples all
make -C tests/interactive
make[2]: Entering directory '/LinuxAgent/_work/11/s/ulib'
make[2]: Entering directory '/LinuxAgent/_work/11/s/src/tests/interactive'
for a in transcript-good*; do echo "Checking $a"; cat $a | ../../../bin/fstar-any.sh --in test.fst | tail -n 1 | grep done-ok || exit 1; done
Checking transcript-good-1
make[2]: Entering directory '/LinuxAgent/_work/11/s/examples'
make -C bug-reports all
/LinuxAgent/_work/11/s/bin/fstar.exe --trace_error --use_hints FStar.HyperStack.fst
make -C hello all
make -C low-level all
/LinuxAgent/_work/11/s/bin/fstar.exe --trace_error --use_hints FStar.Ghost.fst
make -C data_structures all
make -C algorithms all
/LinuxAgent/_work/11/s/bin/fstar.exe --trace_error --use_hints FStar.UInt.fst
make -C crypto all
/LinuxAgent/_work/11/s/bin/fstar.exe --trace_error --use_hints FStar.UInt64.fst
make -C termination all
make -C software_foundations all
/LinuxAgent/_work/11/s/bin/fstar.exe --trace_error --use_hints FStar.Mul.fst
make[3]: Entering directory '/LinuxAgent/_work/11/s/examples/crypto'
/LinuxAgent/_work/11/s/bin/fstar.exe --trace_error --use_hints FStar.Seq.fst
make -C ../doc/tutorial/code/exercises all
/LinuxAgent/_work/11/s/bin/fstar.exe --trace_error --use_hints FStar.Relational.Comp.fst
make -C ../doc/tutorial/code/solutions all
make[3]: Entering directory '/LinuxAgent/_work/11/s/examples/low-level'
make -C crypto all
/LinuxAgent/_work/11/s/bin/fstar.exe --trace_error --use_hints FStar.Int63.fst
make -C rel all
make -C maths all
make -C paradoxes all
make -C printf all
make -C metatheory all
make[3]: Entering directory '/LinuxAgent/_work/11/s/examples/hello'
../../bin/fstar.exe --verify_module hello hello.fst
/LinuxAgent/_work/11/s/bin/fstar.exe --trace_error --use_hints --include ../../ucontrib/Platform/fst --include ../../ucontrib/CoreCrypto/fst	       \
--z3rlimit 20 AES.fst
make[3]: Entering directory '/LinuxAgent/_work/11/s/examples/termination'
make[4]: Entering directory '/LinuxAgent/_work/11/s/examples/low-level/crypto'
../../../bin/fstar.exe --fstar_home ../../.. --max_fuel 4 --initial_fuel 0 --max_ifuel 2 --initial_ifuel 0 --z3rlimit 20  --use_hints --trace_error \
--include ../../../ulib/hyperstack --include hacl \
--__temp_no_proj Crypto.Symmetric.MAC \
--verify_module Buffer.Utils \
Buffer.Utils.fst
make[3]: Entering directory '/LinuxAgent/_work/11/s/examples/software_foundations'
make[3]: Entering directory '/LinuxAgent/_work/11/s/examples/bug-reports'
make[3]: Nothing to be done for 'all'.
make[3]: Leaving directory '/LinuxAgent/_work/11/s/examples/bug-reports'
/LinuxAgent/_work/11/s/bin/fstar.exe --trace_error --use_hints --verify_module wf wf.fst
make[3]: Entering directory '/LinuxAgent/_work/11/s/doc/tutorial/code/exercises'
../../../bin/fstar.exe --fstar_home ../../.. --max_fuel 4 --initial_fuel 0 --max_ifuel 2 --initial_ifuel 0 --z3rlimit 20  --use_hints --trace_error \
--include ../../../ulib/hyperstack --include hacl \
--__temp_no_proj Crypto.Symmetric.MAC \
--verify_module Crypto.Symmetric.Bytes \
Crypto.Symmetric.Bytes.fst
/LinuxAgent/_work/11/s/bin/fstar.exe --trace_error --use_hints --verify_module SfBasic SfBasic.fst
/LinuxAgent/_work/11/s/bin/fstar.exe --trace_error --use_hints --include ../../../..//ucontrib/Platform/fst --include ../../../..//ucontrib/CoreCrypto/fst Ex01a.fst
make[3]: Entering directory '/LinuxAgent/_work/11/s/examples/data_structures'
/LinuxAgent/_work/11/s/bin/fstar.exe --trace_error --use_hints --verify_module BinarySearchTree BinarySearchTree.fst
make[3]: Entering directory '/LinuxAgent/_work/11/s/examples/algorithms'
make[3]: Entering directory '/LinuxAgent/_work/11/s/examples/rel'
/LinuxAgent/_work/11/s/bin/fstar.exe --trace_error --use_hints --verify_module BinarySearch BinarySearch.fst
/LinuxAgent/_work/11/s/bin/fstar.exe --trace_error   --use_hints rel.fst whilelanguage.fst ifc.fst ifcExample.fst
make[3]: Entering directory '/LinuxAgent/_work/11/s/examples/paradoxes'
make[3]: Entering directory '/LinuxAgent/_work/11/s/examples/maths'
/LinuxAgent/_work/11/s/bin/fstar.exe --trace_error --use_hints PropositionalExtensionalityInconsistent.fst
make[3]: Entering directory '/LinuxAgent/_work/11/s/examples/metatheory'
/LinuxAgent/_work/11/s/bin/fstar.exe --trace_error --use_hints --verify_module Gcd Gcd.fst
make[3]: Entering directory '/LinuxAgent/_work/11/s/doc/tutorial/code/solutions'
/LinuxAgent/_work/11/s/bin/fstar.exe --trace_error --use_hints --include ../../../..//ucontrib/Platform/fst --include ../../../..//ucontrib/CoreCrypto/fst Ex01a.fst
/LinuxAgent/_work/11/s/bin/fstar.exe --trace_error --use_hints --verify_module ParSubst ParSubst.fst
make[3]: Entering directory '/LinuxAgent/_work/11/s/examples/printf'
/LinuxAgent/_work/11/s/bin/fstar.exe --trace_error --use_hints --verify_module SimplePrintf SimplePrintf.fst
Verified module: Wf (1730 milliseconds)
All verification conditions discharged successfully
/LinuxAgent/_work/11/s/bin/fstar.exe --trace_error --use_hints --verify_module CPS.Simple CPS.Simple.fst
#done-ok
Checking transcript-good-2
./hello.fst(5,0-5,37): (Warning) Top-level let-bindings must be total; this term may have effects
Verified module: Hello (23 milliseconds)
All verification conditions discharged successfully
Verified module: FStar.Ghost (2678 milliseconds)
All verification conditions discharged successfully
make[3]: Leaving directory '/LinuxAgent/_work/11/s/examples/hello'
/LinuxAgent/_work/11/s/bin/fstar.exe --trace_error --use_hints --include ../../../..//ucontrib/Platform/fst --include ../../../..//ucontrib/CoreCrypto/fst Ex02a.fst
/LinuxAgent/_work/11/s/bin/fstar.exe --trace_error --use_hints --verify_module CPS.Double CPS.Double.fst
Verified module: FStar.Relational.Comp (1410 milliseconds)
All verification conditions discharged successfully
./Ex01a.fst(58,0-58,48): (Warning) Top-level let-bindings must be total; this term may have effects
/LinuxAgent/_work/11/s/bin/fstar.exe --trace_error --use_hints --verify_module IntSort IntSort.fst
Verified module: Ex01a (2248 milliseconds)
All verification conditions discharged successfully
/LinuxAgent/_work/11/s/bin/fstar.exe --trace_error --use_hints FStar.Math.Lemmas.fst
./Ex01a.fst(68,0-68,48): (Warning) Top-level let-bindings must be total; this term may have effects
Verified module: PropositionalExtensionalityInconsistent (2850 milliseconds)
All verification conditions discharged successfully
Verified module: Ex01a (1777 milliseconds)
All verification conditions discharged successfully
Verified module: FStar.Mul (48 milliseconds)
All verification conditions discharged successfully
/LinuxAgent/_work/11/s/bin/fstar.exe --trace_error --use_hints --include ../../../..//ucontrib/Platform/fst --include ../../../..//ucontrib/CoreCrypto/fst Ex02a.fst
/LinuxAgent/_work/11/s/bin/fstar.exe --trace_error --use_hints --include ../../../..//ucontrib/Platform/fst --include ../../../..//ucontrib/CoreCrypto/fst Ex03a.fst
make[3]: Leaving directory '/LinuxAgent/_work/11/s/examples/paradoxes'
/LinuxAgent/_work/11/s/bin/fstar.exe --trace_error --use_hints --include ../../ucontrib/Platform/fst --include ../../ucontrib/CoreCrypto/fst	       \
--z3rlimit 20 Encrypt_SymEnc.fst
Verified module: ParSubst (8098 milliseconds)
All verification conditions discharged successfully
/LinuxAgent/_work/11/s/bin/fstar.exe --trace_error --use_hints --verify_module StlcCbvDbPntSubstNoLists StlcCbvDbPntSubstNoLists.fst
Verified module: BinarySearchTree (6148 milliseconds)
All verification conditions discharged successfully
/LinuxAgent/_work/11/s/bin/fstar.exe --trace_error --use_hints --verify_module BinarySearchTree0 BinarySearchTree0.fst
Verified module: SimplePrintf (9090 milliseconds)
All verification conditions discharged successfully
make[3]: Leaving directory '/LinuxAgent/_work/11/s/examples/printf'
/LinuxAgent/_work/11/s/bin/fstar.exe --trace_error --use_hints --verify_module StlcStrongDbParSubst StlcStrongDbParSubst.fst
Verified module: Gcd (1535 milliseconds)
All verification conditions discharged successfully
make[3]: Leaving directory '/LinuxAgent/_work/11/s/examples/maths'
/LinuxAgent/_work/11/s/bin/fstar.exe --trace_error --use_hints --verify_module BinarySearchTreeBasic BinarySearchTreeBasic.fst
Verified module: SfBasic (18267 milliseconds)
All verification conditions discharged successfully
/LinuxAgent/_work/11/s/bin/fstar.exe --trace_error --use_hints --verify_module SfLists SfLists.fst
Verified module: FStar.Seq (51 milliseconds)
All verification conditions discharged successfully
/LinuxAgent/_work/11/s/bin/fstar.exe --trace_error --use_hints --verify_module StlcCbvDbParSubst StlcCbvDbParSubst.fst
Verified module: CPS.Double (357 milliseconds)
All verification conditions discharged successfully
/LinuxAgent/_work/11/s/bin/fstar.exe --trace_error --use_hints --verify_module BinarySearchTreeFirst BinarySearchTreeFirst.fst
Verified module: Ex03a (654 milliseconds)
All verification conditions discharged successfully
Verified module: Ex02a (627 milliseconds)
All verification conditions discharged successfully
/LinuxAgent/_work/11/s/bin/fstar.exe --trace_error --use_hints --verify_module InsertionSort InsertionSort.fst
/LinuxAgent/_work/11/s/bin/fstar.exe --trace_error --use_hints --include ../../../..//ucontrib/Platform/fst --include ../../../..//ucontrib/CoreCrypto/fst Ex03a.fst
#done-ok
Checking transcript-good-3
Verified module: Ex02a (551 milliseconds)
All verification conditions discharged successfully
/LinuxAgent/_work/11/s/bin/fstar.exe --trace_error --use_hints --include ../../../..//ucontrib/Platform/fst --include ../../../..//ucontrib/CoreCrypto/fst Ex03b.fst
Verified module: AES (1397 milliseconds)
All verification conditions discharged successfully
/LinuxAgent/_work/11/s/bin/fstar.exe --trace_error --use_hints LambdaOmega.fst --max_fuel 1 --max_ifuel 1 --initial_fuel 1
Verified module: CPS.Simple (399 milliseconds)
All verification conditions discharged successfully
/LinuxAgent/_work/11/s/bin/fstar.exe --trace_error --use_hints --verify_module CPS.DoubleLambdaLifting2 CPS.DoubleLambdaLifting2.fst
Verified module: IntSort (4905 milliseconds)
All verification conditions discharged successfully
/LinuxAgent/_work/11/s/bin/fstar.exe --trace_error --use_hints --include ../../ucontrib/Platform/fst --include ../../ucontrib/CoreCrypto/fst	       \
--z3rlimit 20 Encrypt_Sample.fst
Verified module: BinarySearch (13557 milliseconds)
All verification conditions discharged successfully
/LinuxAgent/_work/11/s/bin/fstar.exe --trace_error --use_hints --include ../../ucontrib/Platform/fst --include ../../ucontrib/CoreCrypto/fst	       \
--z3rlimit 20 SHA1.fst
Verified module: BinarySearchTree0 (2868 milliseconds)
All verification conditions discharged successfully
/LinuxAgent/_work/11/s/bin/fstar.exe --trace_error --use_hints --include ../../../..//ucontrib/Platform/fst --include ../../../..//ucontrib/CoreCrypto/fst Ex03c.fst
Verified module: Ex03a (629 milliseconds)
All verification conditions discharged successfully
/LinuxAgent/_work/11/s/bin/fstar.exe --trace_error --use_hints --include ../../../..//ucontrib/Platform/fst --include ../../../..//ucontrib/CoreCrypto/fst Ex03b.fst
Verified module: Ex03b (313 milliseconds)
All verification conditions discharged successfully
/LinuxAgent/_work/11/s/bin/fstar.exe --trace_error --use_hints --verify_module RBTree RBTree.fst
Verified module: StlcCbvDbPntSubstNoLists (20416 milliseconds)
All verification conditions discharged successfully
/LinuxAgent/_work/11/s/bin/fstar.exe --trace_error --use_hints FStar.Int128.fst
<input>(2,14-2,15): (Error) Expected expression of type "int"; got expression ""hello"" of type "string"
<input>(2,14-2,15): (Error) Expected expression of type "int"; got expression ""hello"" of type "string"
#done-ok
for a in transcript-bad*; do echo "Checking $a"; cat $a | ../../../bin/fstar-any.sh --in test.fst | tail -n 1 | grep done-nok || exit 1; done
Checking transcript-bad-1
Verified module: CPS.DoubleLambdaLifting2 (337 milliseconds)
All verification conditions discharged successfully
/LinuxAgent/_work/11/s/bin/fstar.exe --trace_error --use_hints --verify_module CPS.DoubleDefun CPS.DoubleDefun.fst
./Encrypt_SymEnc.fst(29,0-29,18): (Warning) Top-level let-bindings must be total; this term may have effects
Verified module: Encrypt_SymEnc (6808 milliseconds)
All verification conditions discharged successfully
/LinuxAgent/_work/11/s/bin/fstar.exe --trace_error --use_hints --verify_module MergeSort MergeSort.fst
Verified module: SfLists (21664 milliseconds)
All verification conditions discharged successfully
/LinuxAgent/_work/11/s/bin/fstar.exe --trace_error --use_hints --verify_module SfPoly SfPoly.fst
Verified module: FStar.HyperStack (48299 milliseconds)
All verification conditions discharged successfully
../../../bin/fstar.exe --fstar_home ../../.. --max_fuel 4 --initial_fuel 0 --max_ifuel 2 --initial_ifuel 0 --z3rlimit 20  --use_hints --trace_error \
--include ../../../ulib/hyperstack --include hacl \
--__temp_no_proj Crypto.Symmetric.MAC \
--verify_module Crypto.Symmetric.Poly1305.Bigint \
Crypto.Symmetric.Poly1305.Bigint.fst
Verified module: Ex03c (475 milliseconds)
All verification conditions discharged successfully
/LinuxAgent/_work/11/s/bin/fstar.exe --trace_error --use_hints --include ../../../..//ucontrib/Platform/fst --include ../../../..//ucontrib/CoreCrypto/fst Ex04a.fst
Verified module: InsertionSort (3731 milliseconds)
All verification conditions discharged successfully
/LinuxAgent/_work/11/s/bin/fstar.exe --trace_error   --use_hints bijection.fst random_tapes.fst
Verified module: BinarySearchTreeBasic (24042 milliseconds)
All verification conditions discharged successfully
../../../bin/fstar.exe --fstar_home ../../.. --max_fuel 4 --initial_fuel 0 --max_ifuel 2 --initial_ifuel 0 --z3rlimit 20  --use_hints --trace_error \
--include ../../../ulib/hyperstack --include hacl \
--__temp_no_proj Crypto.Symmetric.MAC \
--verify_module Crypto.Symmetric.Poly1305.Parameters \
Crypto.Symmetric.Poly1305.Parameters.fst
Verified module: BinarySearchTreeFirst (8395 milliseconds)
All verification conditions discharged successfully
/LinuxAgent/_work/11/s/bin/fstar.exe --trace_error   --use_hints delimited_release.fst
Verified module: StlcStrongDbParSubst (30952 milliseconds)
All verification conditions discharged successfully
/LinuxAgent/_work/11/s/bin/fstar.exe --trace_error --use_hints --include ../../../..//ucontrib/Platform/fst --include ../../../..//ucontrib/CoreCrypto/fst Ex04b.fst
Verified module: FStar.Int63 (29633 milliseconds)
All verification conditions discharged successfully
/LinuxAgent/_work/11/s/bin/fstar.exe --trace_error --use_hints --include ../../../..//ucontrib/Platform/fst --include ../../../..//ucontrib/CoreCrypto/fst Ex04c.fst
Verified module: Ex03b (398 milliseconds)
All verification conditions discharged successfully
/LinuxAgent/_work/11/s/bin/fstar.exe --trace_error --use_hints --include ../../../..//ucontrib/Platform/fst --include ../../../..//ucontrib/CoreCrypto/fst Ex03c.fst
Verified module: FStar.UInt64 (32448 milliseconds)
All verification conditions discharged successfully
/LinuxAgent/_work/11/s/bin/fstar.exe --trace_error --use_hints --include ../../../..//ucontrib/Platform/fst --include ../../../..//ucontrib/CoreCrypto/fst Ex04a.fst
Verified module: StlcCbvDbParSubst (30603 milliseconds)
All verification conditions discharged successfully
/LinuxAgent/_work/11/s/bin/fstar.exe --trace_error --use_hints --verify_module QuickSort.List QuickSort.List.fst
<input>(2,14-2,15): (Error) Expected expression of type "int"; got expression ""hello"" of type "string"
#done-nok
make[2]: Leaving directory '/LinuxAgent/_work/11/s/src/tests/interactive'
/LinuxAgent/_work/11/s/bin/fstar.exe --trace_error --use_hints --verify_module CPS.Expr CPS.Expr.fst
Verified module: CPS.DoubleDefun (3747 milliseconds)
All verification conditions discharged successfully
../../../bin/fstar.exe --fstar_home ../../.. --max_fuel 4 --initial_fuel 0 --max_ifuel 2 --initial_ifuel 0 --z3rlimit 20  --use_hints --trace_error \
--include ../../../ulib/hyperstack --include hacl \
--__temp_no_proj Crypto.Symmetric.MAC \
--verify_module Crypto.Symmetric.Poly1305.Bignum.Lemmas.Part1 \
Crypto.Symmetric.Poly1305.Bignum.Lemmas.Part1.fst
Verified module: Encrypt_Sample (89 milliseconds)
All verification conditions discharged successfully
/LinuxAgent/_work/11/s/bin/fstar.exe --trace_error --use_hints --verify_module StackMachine StackMachine.fst
Verified module: SHA1 (1988 milliseconds)
All verification conditions discharged successfully
/LinuxAgent/_work/11/s/bin/fstar.exe --trace_error --use_hints --include ../../ucontrib/Platform/fst --include ../../ucontrib/CoreCrypto/fst	       \
--z3rlimit 20 MAC.fst
Verified module: Ex04a (640 milliseconds)
All verification conditions discharged successfully
/LinuxAgent/_work/11/s/bin/fstar.exe --trace_error --use_hints --verify_module CPS.SimpleDefun CPS.SimpleDefun.fst
./ifcExample.fst(10,0-10,15): (Warning) Top-level let-bindings must be total; this term may have effects
./ifcExample.fst(11,0-11,15): (Warning) Top-level let-bindings must be total; this term may have effects
./ifcExample.fst(12,0-12,15): (Warning) Top-level let-bindings must be total; this term may have effects
./ifcExample.fst(13,0-13,17): (Warning) Top-level let-bindings must be total; this term may have effects
Verified module: Bijection (674 milliseconds)
Verified module: Random_Tapes (2459 milliseconds)
All verification conditions discharged successfully
/LinuxAgent/_work/11/s/bin/fstar.exe --trace_error --use_hints --verify_module CPS.SimpleLambdaLifting CPS.SimpleLambdaLifting.fst
Verified module: Ex04b (1026 milliseconds)
All verification conditions discharged successfully
/LinuxAgent/_work/11/s/bin/fstar.exe --trace_error --use_hints --explicit_deps ArrayRealized.fst Vector.fst
Verified module: Ex04c (1371 milliseconds)
All verification conditions discharged successfully
/LinuxAgent/_work/11/s/bin/fstar.exe --trace_error --use_hints --include ../../../..//ucontrib/Platform/fst --include ../../../..//ucontrib/CoreCrypto/fst Ex04e.fst
Verified module: WhileLanguage (13965 milliseconds)
Verified module: Rel (4460 milliseconds)
Verified module: Ifc (64527 milliseconds)
Verified module: IfcExample (6619 milliseconds)
All verification conditions discharged successfully
/LinuxAgent/_work/11/s/bin/fstar.exe --trace_error --use_hints --include ../../../..//ucontrib/Platform/fst --include ../../../..//ucontrib/CoreCrypto/fst Ex04f.fst
Verified module: Ex03c (785 milliseconds)
All verification conditions discharged successfully
/LinuxAgent/_work/11/s/bin/fstar.exe --trace_error --use_hints --include ../../ucontrib/Platform/fst --include ../../ucontrib/CoreCrypto/fst	       \
--z3rlimit 20 Sig.fst
Verified module: Ex04a (1186 milliseconds)
All verification conditions discharged successfully
/LinuxAgent/_work/11/s/bin/fstar.exe --trace_error --use_hints --include ../../../..//ucontrib/Platform/fst --include ../../../..//ucontrib/CoreCrypto/fst Ex04b.fst
Verified module: MergeSort (9889 milliseconds)
All verification conditions discharged successfully
/LinuxAgent/_work/11/s/bin/fstar.exe --trace_error --use_hints --include ../../../..//ucontrib/Platform/fst --include ../../../..//ucontrib/CoreCrypto/fst Ex04g.fst
Verified module: CPS.Expr (1607 milliseconds)
All verification conditions discharged successfully
/LinuxAgent/_work/11/s/bin/fstar.exe --trace_error --use_hints --include ../../ucontrib/Platform/fst --include ../../ucontrib/CoreCrypto/fst	       \
--z3rlimit 20 Cert.ACLs.fst
All verification conditions discharged successfully
/LinuxAgent/_work/11/s/bin/fstar.exe --trace_error --use_hints --include ../../ucontrib/Platform/fst --include ../../ucontrib/CoreCrypto/fst	       \
--z3rlimit 20 Cap.fst
Verified module: Ex04e (1497 milliseconds)
All verification conditions discharged successfully
make -C verifythis all
make[3]: Entering directory '/LinuxAgent/_work/11/s/examples/verifythis'
/LinuxAgent/_work/11/s/bin/fstar.exe --trace_error --use_hints 2015/Problem01.fst
Verified module: Ex04f (1187 milliseconds)
All verification conditions discharged successfully
Verified module: CPS.SimpleDefun (2321 milliseconds)
All verification conditions discharged successfully
/LinuxAgent/_work/11/s/bin/fstar.exe --trace_error --use_hints FStar.Universe.fst
make -C preorders all
make[3]: Entering directory '/LinuxAgent/_work/11/s/examples/preorders'
/LinuxAgent/_work/11/s/bin/fstar.exe --trace_error --use_hints --verify_module MRefST MRefST.fst
Verified module: Ex04b (1377 milliseconds)
All verification conditions discharged successfully
/LinuxAgent/_work/11/s/bin/fstar.exe --trace_error --use_hints --include ../../../..//ucontrib/Platform/fst --include ../../../..//ucontrib/CoreCrypto/fst Ex04c.fst
Verified module: CPS.SimpleLambdaLifting (483 milliseconds)
All verification conditions discharged successfully
/LinuxAgent/_work/11/s/bin/fstar.exe --trace_error --use_hints --verify_module Eval.DB Eval.DB.fst
./Ex04g.fst(5,4-5,6): Warning: Admitting tl without a definition
./Ex04g.fst(4,4-4,6): Warning: Admitting hd without a definition
Verified module: Ex04g (49 milliseconds)
All verification conditions discharged successfully
/LinuxAgent/_work/11/s/bin/fstar.exe --trace_error --use_hints --include ../../../..//ucontrib/Platform/fst --include ../../../..//ucontrib/CoreCrypto/fst Ex04h.fst
Verified module: Crypto.Symmetric.Poly1305.Parameters (2542 milliseconds)
All verification conditions discharged successfully
/LinuxAgent/_work/11/s/bin/fstar.exe --trace_error --use_hints --include ../../../..//ucontrib/Platform/fst --include ../../../..//ucontrib/CoreCrypto/fst Ex05a.fst
Verified module: SfPoly (32499 milliseconds)
All verification conditions discharged successfully
make[3]: Leaving directory '/LinuxAgent/_work/11/s/examples/software_foundations'
/LinuxAgent/_work/11/s/bin/fstar.exe --trace_error --use_hints --verify_module QuickSort.Seq QuickSort.Seq.fst
Verified module: Delimited_Release (37850 milliseconds)
All verification conditions discharged successfully
/LinuxAgent/_work/11/s/bin/fstar.exe --trace_error   --use_hints recursive.fst
./MAC.fst(45,0-45,35): (Warning) Top-level let-bindings must be total; this term may have effects
Verified module: RBTree (61504 milliseconds)
All verification conditions discharged successfully
make[3]: Leaving directory '/LinuxAgent/_work/11/s/examples/data_structures'
/LinuxAgent/_work/11/s/bin/fstar.exe --trace_error --use_hints --include ../../ucontrib/Platform/fst --include ../../ucontrib/CoreCrypto/fst	       \
--z3rlimit 20 Formatting.fst
Verified module: FStar.Int128 (31830 milliseconds)
All verification conditions discharged successfully
Verified module: QuickSort.List (31540 milliseconds)
All verification conditions discharged successfully
/LinuxAgent/_work/11/s/bin/fstar.exe --trace_error --use_hints --verify_module QuickSort.Array QuickSort.Array.fst
../../../bin/fstar.exe --fstar_home ../../.. --max_fuel 4 --initial_fuel 0 --max_ifuel 2 --initial_ifuel 0 --z3rlimit 20  --use_hints --trace_error \
--include ../../../ulib/hyperstack --include hacl \
--__temp_no_proj Crypto.Symmetric.MAC \
--verify_module Crypto.Symmetric.Poly1305.Bignum.Lemmas.Part2 \
Crypto.Symmetric.Poly1305.Bignum.Lemmas.Part2.fst
Verified module: MAC (5183 milliseconds)
All verification conditions discharged successfully
/LinuxAgent/_work/11/s/bin/fstar.exe --trace_error --use_hints --verify_module ReifyTestTSST ReifyTestTSST.fst
Verified module: Cert.ACLs (1354 milliseconds)
All verification conditions discharged successfully
../../../bin/fstar.exe --fstar_home ../../.. --max_fuel 4 --initial_fuel 0 --max_ifuel 2 --initial_ifuel 0 --z3rlimit 20  --use_hints --trace_error \
--include ../../../ulib/hyperstack --include hacl \
--__temp_no_proj Crypto.Symmetric.MAC \
--verify_module Crypto.Symmetric.Poly1305.Bignum.Lemmas.Part3 \
Crypto.Symmetric.Poly1305.Bignum.Lemmas.Part3.fst
Verified i'face (or impl+i'face): FStar.Universe (61 milliseconds)
All verification conditions discharged successfully
/LinuxAgent/_work/11/s/bin/fstar.exe --trace_error --use_hints --verify_module SnapshotST SnapshotST.fst
Verified module: Ex04h (73 milliseconds)
All verification conditions discharged successfully
../../../bin/fstar.exe --fstar_home ../../.. --max_fuel 4 --initial_fuel 0 --max_ifuel 2 --initial_ifuel 0 --z3rlimit 20  --use_hints --trace_error \
--include ../../../ulib/hyperstack --include hacl \
--__temp_no_proj Crypto.Symmetric.MAC \
--verify_module Crypto.Symmetric.Poly1305.Bignum.Lemmas.Part4 \
Crypto.Symmetric.Poly1305.Bignum.Lemmas.Part4.fst
Verified module: Ex04c (2757 milliseconds)
All verification conditions discharged successfully
/LinuxAgent/_work/11/s/bin/fstar.exe --trace_error --use_hints --include ../../../..//ucontrib/Platform/fst --include ../../../..//ucontrib/CoreCrypto/fst Ex04e.fst
./Ex05a.fst(28,4-28,13): Warning: Admitting rev_is_ok without a definition
Verified module: Sig (4541 milliseconds)
All verification conditions discharged successfully
make -C dm4free all
make[3]: Entering directory '/LinuxAgent/_work/11/s/examples/dm4free'
/LinuxAgent/_work/11/s/bin/fstar.exe --trace_error --use_hints FStar.DM4F.MonadLaws.fst
Verified module: Ex05a (2163 milliseconds)
All verification conditions discharged successfully
/LinuxAgent/_work/11/s/bin/fstar.exe --trace_error --use_hints --include ../../../..//ucontrib/Platform/fst --include ../../../..//ucontrib/CoreCrypto/fst Ex05b.fst
Verified module: Problem01 (4490 milliseconds)
All verification conditions discharged successfully
make[3]: Leaving directory '/LinuxAgent/_work/11/s/examples/verifythis'
/LinuxAgent/_work/11/s/bin/fstar.exe --trace_error --use_hints --include ../../../..//ucontrib/Platform/fst --include ../../../..//ucontrib/CoreCrypto/fst Ex06a.fst
Verified module: Eval.DB (9292 milliseconds)
All verification conditions discharged successfully
/LinuxAgent/_work/11/s/bin/fstar.exe --trace_error --use_hints --verify_module termination termination.fst
Verified module: Recursive (1584 milliseconds)
All verification conditions discharged successfully
make[3]: Leaving directory '/LinuxAgent/_work/11/s/examples/rel'
/LinuxAgent/_work/11/s/bin/fstar.exe --trace_error --use_hints --include ../../../..//ucontrib/Platform/fst --include ../../../..//ucontrib/CoreCrypto/fst Ex06b.fst
Verified module: Cap (984 milliseconds)
All verification conditions discharged successfully
/LinuxAgent/_work/11/s/bin/fstar.exe --trace_error --use_hints --include ../../../..//ucontrib/Platform/fst --include ../../../..//ucontrib/CoreCrypto/fst Ex06e.fst
Verified module: ReifyTestTSST (3512 milliseconds)
All verification conditions discharged successfully
/LinuxAgent/_work/11/s/bin/fstar.exe --trace_error --use_hints FStar.Axiomatic.Array.fst
Verified module: MRefST (24539 milliseconds)
All verification conditions discharged successfully
make -C incl all
make[3]: Entering directory '/LinuxAgent/_work/11/s/examples/incl'
/LinuxAgent/_work/11/s/bin/fstar.exe --trace_error --use_hints --include field.pos --odir field.pos Test.fst
Verified module: Ex04e (2407 milliseconds)
All verification conditions discharged successfully
./Ex06a.fst(5,4-5,13): Warning: Admitting partition without a definition
/LinuxAgent/_work/11/s/bin/fstar.exe --trace_error --use_hints --include ../../../..//ucontrib/Platform/fst --include ../../../..//ucontrib/CoreCrypto/fst Ex04f.fst
Verified module: Ex06a (63 milliseconds)
All verification conditions discharged successfully
/LinuxAgent/_work/11/s/bin/fstar.exe --trace_error --use_hints --include ../../ucontrib/Platform/fst --include ../../ucontrib/CoreCrypto/fst	       \
--z3rlimit 20 RPC.fst
Verified module: Ex05b (1171 milliseconds)
All verification conditions discharged successfully
/LinuxAgent/_work/11/s/bin/fstar.exe --trace_error --use_hints --include ../../ucontrib/Platform/fst --include ../../ucontrib/CoreCrypto/fst	       \
--z3rlimit 20 CntFormat.fst
Verified module: FStar.DM4F.MonadLaws (3351 milliseconds)
All verification conditions discharged successfully
/LinuxAgent/_work/11/s/bin/fstar.exe --trace_error --use_hints Effects.Def.fst
Verified module: SnapshotST (8838 milliseconds)
All verification conditions discharged successfully
/LinuxAgent/_work/11/s/bin/fstar.exe --trace_error --use_hints --record_hints --verify_module MRefHeap MRefHeap.fst
WARNING: (4121,6): pattern does not contain all quantified variables.
Verified module: Termination (8432 milliseconds)
All verification conditions discharged successfully
./Ex06e.fst(18,4-18,8): Warning: Admitting sort without a definition
make[3]: Leaving directory '/LinuxAgent/_work/11/s/examples/termination'
/LinuxAgent/_work/11/s/bin/fstar.exe --trace_error --use_hints --verify_module Preorder Preorder.fst
Verified module: QuickSort.Seq (13091 milliseconds)
All verification conditions discharged successfully
../../../bin/fstar.exe --fstar_home ../../.. --max_fuel 4 --initial_fuel 0 --max_ifuel 2 --initial_ifuel 0 --z3rlimit 20  --use_hints --trace_error \
--include ../../../ulib/hyperstack --include hacl \
--__temp_no_proj Crypto.Symmetric.MAC \
--verify_module Crypto.Symmetric.Poly1305.Bignum.Lemmas.Part5 \
Crypto.Symmetric.Poly1305.Bignum.Lemmas.Part5.fst
Verified module: Ex06e (1022 milliseconds)
All verification conditions discharged successfully
make -C micro-benchmarks all
make[3]: Entering directory '/LinuxAgent/_work/11/s/examples/micro-benchmarks'
/LinuxAgent/_work/11/s/bin/fstar.exe --trace_error --use_hints --verify_module Unit1.Basic Unit1.Basic.fst
Verified module: Crypto.Symmetric.Poly1305.Bigint (29169 milliseconds)
All verification conditions discharged successfully
/LinuxAgent/_work/11/s/bin/fstar.exe --trace_error --use_hints --include ../../ucontrib/Platform/fst --include ../../ucontrib/CoreCrypto/fst	       \
--z3rlimit 20 CntProtocol.fst
Verified module: FStar.Axiomatic.Array (1333 milliseconds)
All verification conditions discharged successfully
Verified module: Test (80 milliseconds)
All verification conditions discharged successfully
/LinuxAgent/_work/11/s/bin/fstar.exe --trace_error --use_hints --include ../../ulib/hyperstack \
--include ../../ucontrib/Platform/fst --include ../../ucontrib/CoreCrypto/fst	       \
--z3rlimit 20 EtM.Plain.fst
/LinuxAgent/_work/11/s/bin/fstar.exe --trace_error --use_hints --include noshadow.pos --odir noshadow.pos Test.fst
Verified module: Formatting (7906 milliseconds)
All verification conditions discharged successfully
/LinuxAgent/_work/11/s/bin/fstar.exe --trace_error --use_hints --include plain.pos --odir plain.pos Test.fst
Verified module: Ex04f (2937 milliseconds)
All verification conditions discharged successfully
/LinuxAgent/_work/11/s/bin/fstar.exe --trace_error --use_hints --include ../../../..//ucontrib/Platform/fst --include ../../../..//ucontrib/CoreCrypto/fst Ex04g.fst
Verified module: QuickSort.Array (12597 milliseconds)
All verification conditions discharged successfully
/LinuxAgent/_work/11/s/bin/fstar.exe --trace_error --use_hints --verify_module GC GC.fst
Verified module: Ex06b (15423 milliseconds)
All verification conditions discharged successfully
Verified module: Effects.Def (5917 milliseconds)
All verification conditions discharged successfully
/LinuxAgent/_work/11/s/bin/fstar.exe --trace_error --use_hints --include ../../../..//ucontrib/Platform/fst --include ../../../..//ucontrib/CoreCrypto/fst Ex07a.fst
/LinuxAgent/_work/11/s/bin/fstar.exe --trace_error --use_hints FStar.DM4F.IntST.fst
Verified module: Preorder (99 milliseconds)
All verification conditions discharged successfully
/LinuxAgent/_work/11/s/bin/fstar.exe --trace_error --use_hints FStar.DM4F.Exceptions.fst
Verified module: Test (35 milliseconds)
All verification conditions discharged successfully
/LinuxAgent/_work/11/s/bin/fstar.exe --trace_error --use_hints FStar.DM4F.ExnSt.fst
Verified module: Test (90 milliseconds)
All verification conditions discharged successfully
/LinuxAgent/_work/11/s/bin/fstar.exe --trace_error --use_hints --include trans.pos --odir trans.pos Test.fst
Verified module: Ex04g (531 milliseconds)
All verification conditions discharged successfully
/LinuxAgent/_work/11/s/bin/fstar.exe --trace_error --use_hints --include ../../../..//ucontrib/Platform/fst --include ../../../..//ucontrib/CoreCrypto/fst Ex04h.fst
Verified module: StackMachine (92667 milliseconds)
All verification conditions discharged successfully
/LinuxAgent/_work/11/s/bin/fstar.exe --trace_error --use_hints --include shadow.pos --odir shadow.pos Test.fst
Verified module: MRefHeap (15171 milliseconds)
All verification conditions discharged successfully
/LinuxAgent/_work/11/s/bin/fstar.exe --trace_error --use_hints --verify_module AllocSTwHeaps AllocSTwHeaps.fst
./RPC.fst(9,0-9,53): (Warning) Top-level let-bindings must be total; this term may have effects
./RPC.fst(23,0-23,39): (Warning) Top-level let-bindings must be total; this term may have effects
./RPC.fst(48,0-49,16): (Warning) Top-level let-bindings must be total; this term may have effects
./Ex07a.fst(228,4-228,14): Warning: Admitting typed_step without a definition
./RPC.fst(116,0-116,17): (Warning) Top-level let-bindings must be total; this term may have effects
Verified module: RPC (2710 milliseconds)
All verification conditions discharged successfully
/LinuxAgent/_work/11/s/bin/fstar.exe --trace_error --use_hints --verify_module ReifyTest ReifyTest.fst
Verified module: CntFormat (6277 milliseconds)
All verification conditions discharged successfully
/LinuxAgent/_work/11/s/bin/fstar.exe --trace_error --use_hints --verify_module ImmutableSTwHeaps ImmutableSTwHeaps.fst
./CntProtocol.fst(14,0-14,53): (Warning) Top-level let-bindings must be total; this term may have effects
./CntProtocol.fst(29,0-29,26): (Warning) Top-level let-bindings must be total; this term may have effects
Verified module: FStar.DM4F.Exceptions (6993 milliseconds)
All verification conditions discharged successfully
/LinuxAgent/_work/11/s/bin/fstar.exe --trace_error --use_hints --verify_module NatHeap NatHeap.fst
./CntProtocol.fst(32,0-32,54): (Warning) Top-level let-bindings must be total; this term may have effects
./CntProtocol.fst(35,0-35,54): (Warning) Top-level let-bindings must be total; this term may have effects
Verified module: Test (41 milliseconds)
All verification conditions discharged successfully
/LinuxAgent/_work/11/s/bin/fstar.exe --trace_error --use_hints --verify_module AllocST AllocST.fst
Verified module: Test (48 milliseconds)
All verification conditions discharged successfully
/LinuxAgent/_work/11/s/bin/fstar.exe --trace_error --use_hints --include private.pos --odir private.pos Test.fst
Verified module: EtM.Plain (93 milliseconds)
All verification conditions discharged successfully
/LinuxAgent/_work/11/s/bin/fstar.exe --trace_error --use_hints --include ../../../..//ucontrib/Platform/fst --include ../../../..//ucontrib/CoreCrypto/fst Ex07b.fst
Verified module: Ex04h (797 milliseconds)
All verification conditions discharged successfully
/LinuxAgent/_work/11/s/bin/fstar.exe --trace_error --use_hints --include ../../../..//ucontrib/Platform/fst --include ../../../..//ucontrib/CoreCrypto/fst Ex05a.fst
./CntProtocol.fst(99,0-99,39): (Warning) Top-level let-bindings must be total; this term may have effects
Verified module: FStar.DM4F.IntST (9670 milliseconds)
All verification conditions discharged successfully
/LinuxAgent/_work/11/s/bin/fstar.exe --trace_error --use_hints --include ../../../..//ucontrib/Platform/fst --include ../../../..//ucontrib/CoreCrypto/fst Ex05b.fst
./CntProtocol.fst(126,0-126,18): (Warning) Top-level let-bindings must be total; this term may have effects
Verified module: AllocSTwHeaps (2726 milliseconds)
All verification conditions discharged successfully
/LinuxAgent/_work/11/s/bin/fstar.exe --trace_error --use_hints --include ../../../..//ucontrib/Platform/fst --include ../../../..//ucontrib/CoreCrypto/fst Ex06a.fst
Verified module: ImmutableSTwHeaps (1694 milliseconds)
All verification conditions discharged successfully
/LinuxAgent/_work/11/s/bin/fstar.exe --trace_error --use_hints --include ../../../..//ucontrib/Platform/fst --include ../../../..//ucontrib/CoreCrypto/fst Ex06b.fst
./CntProtocol.fst(158,0-174,5): (Warning) Top-level let-bindings must be total; this term may have effects
Verified module: CntProtocol (10129 milliseconds)
All verification conditions discharged successfully
/LinuxAgent/_work/11/s/bin/fstar.exe --trace_error --use_hints --include ../../ulib/hyperstack \
--include ../../ucontrib/Platform/fst --include ../../ucontrib/CoreCrypto/fst	       \
--z3rlimit 20 EtM.MAC.fst
Verified module: FStar.DM4F.ExnSt (8761 milliseconds)
All verification conditions discharged successfully
/LinuxAgent/_work/11/s/bin/fstar.exe --trace_error --use_hints FStar.DM4F.StExn.fst
Verified module: GC (22039 milliseconds)
All verification conditions discharged successfully
/LinuxAgent/_work/11/s/bin/fstar.exe --trace_error --use_hints --verify_module Unification Unification.fst
Verified module: AllocST (2630 milliseconds)
All verification conditions discharged successfully
/LinuxAgent/_work/11/s/bin/fstar.exe --trace_error --use_hints --verify_module Huffman Huffman.fst
Verified module: ReifyTest (8460 milliseconds)
All verification conditions discharged successfully
/LinuxAgent/_work/11/s/bin/fstar.exe --trace_error --use_hints --verify_module Unit1.Projectors2 Unit1.Projectors2.fst
Verified module: Test (49 milliseconds)
All verification conditions discharged successfully
/LinuxAgent/_work/11/s/bin/fstar.exe --trace_error --use_hints --include open.pos --odir open.pos Test.fst
Verified module: Ex05a (2816 milliseconds)
All verification conditions discharged successfully
! /LinuxAgent/_work/11/s/bin/fstar.exe --trace_error --use_hints --include noshadow.neg --odir noshadow.neg Test.fst > noshadow.neg/error.log 2>&1
Verified module: Ex07a (29761 milliseconds)
All verification conditions discharged successfully
/LinuxAgent/_work/11/s/bin/fstar.exe --trace_error --use_hints --include ../../../..//ucontrib/Platform/fst --include ../../../..//ucontrib/CoreCrypto/fst Ex06c.fst
Verified module: LambdaOmega (185265 milliseconds)
All verification conditions discharged successfully
make[3]: Leaving directory '/LinuxAgent/_work/11/s/examples/metatheory'
/LinuxAgent/_work/11/s/bin/fstar.exe --trace_error --use_hints --include ../../../..//ucontrib/Platform/fst --include ../../../..//ucontrib/CoreCrypto/fst Ex07c.fst
Verified module: Ex06a (454 milliseconds)
All verification conditions discharged successfully
! /LinuxAgent/_work/11/s/bin/fstar.exe --trace_error --use_hints --include trans.neg --odir trans.neg Test.fst > trans.neg/error.log 2>&1
Verified module: NatHeap (11229 milliseconds)
All verification conditions discharged successfully
/LinuxAgent/_work/11/s/bin/fstar.exe --trace_error --use_hints --verify_module ImmutableST ImmutableST.fst
Verified module: Ex05b (4020 milliseconds)
All verification conditions discharged successfully
/LinuxAgent/_work/11/s/bin/fstar.exe --trace_error --use_hints --include ../../../..//ucontrib/Platform/fst --include ../../../..//ucontrib/CoreCrypto/fst Ex07d.fst
Verified module: Test (32 milliseconds)
All verification conditions discharged successfully
/LinuxAgent/_work/11/s/bin/fstar.exe --trace_error --use_hints --include ../../ulib/hyperstack \
--include ../../ucontrib/Platform/fst --include ../../ucontrib/CoreCrypto/fst	       \
--z3rlimit 20 EtM.CPA.fst
Verified module: FStar.DM4F.StExn (9776 milliseconds)
All verification conditions discharged successfully
/LinuxAgent/_work/11/s/bin/fstar.exe --trace_error --use_hints FStar.DM4F.ST.fst
noshadow.neg failed as expected
/LinuxAgent/_work/11/s/bin/fstar.exe --trace_error --use_hints FStar.DM4F.Heap.fst
Verified module: Ex06b (14008 milliseconds)
All verification conditions discharged successfully
/LinuxAgent/_work/11/s/bin/fstar.exe --trace_error --use_hints FStar.DM4F.Heap.ST.fst
trans.neg failed as expected
! /LinuxAgent/_work/11/s/bin/fstar.exe --trace_error --use_hints --include private.neg --odir private.neg Test.fst > private.neg/error.log 2>&1
./Ex07d.fst(225,4-225,8): Warning: Admitting eval without a definition
Verified module: ImmutableST (3225 milliseconds)
All verification conditions discharged successfully
make[3]: Leaving directory '/LinuxAgent/_work/11/s/examples/preorders'
/LinuxAgent/_work/11/s/bin/fstar.exe --trace_error --use_hints FStar.DM4F.StExnC.fst
Verified module: Crypto.Symmetric.Poly1305.Bignum.Lemmas.Part1 (70268 milliseconds)
All verification conditions discharged successfully
/LinuxAgent/_work/11/s/bin/fstar.exe --trace_error --use_hints FStar.DM4F.IFC.fst
Verified module: Ex07b (27739 milliseconds)
All verification conditions discharged successfully
/LinuxAgent/_work/11/s/bin/fstar.exe --trace_error --use_hints FStar.DM4F.Continuations.fst
Verified module: Unit1.Basic (38031 milliseconds)
All verification conditions discharged successfully
/LinuxAgent/_work/11/s/bin/fstar.exe --trace_error --use_hints delimcc.fst
Verified module: EtM.MAC (5375 milliseconds)
All verification conditions discharged successfully
/LinuxAgent/_work/11/s/bin/fstar.exe --trace_error --use_hints --verify_module Unit1.WPsAndTriples Unit1.WPsAndTriples.fst
private.neg failed as expected
! /LinuxAgent/_work/11/s/bin/fstar.exe --trace_error --use_hints --include open.neg --odir open.neg Test.fst > open.neg/error.log 2>&1
Verified module: Unit1.Projectors2 (32 milliseconds)
All verification conditions discharged successfully
! /LinuxAgent/_work/11/s/bin/fstar.exe --trace_error --use_hints --include shadow.neg --odir shadow.neg Test.fst > shadow.neg/error.log 2>&1
Verified module: FStar.DM4F.Heap (4311 milliseconds)
All verification conditions discharged successfully
/LinuxAgent/_work/11/s/bin/fstar.exe --trace_error --use_hints --include ../../../..//ucontrib/Platform/fst --include ../../../..//ucontrib/CoreCrypto/fst Ex10a.fst
Verified module: FStar.DM4F.ST (4301 milliseconds)
All verification conditions discharged successfully
! /LinuxAgent/_work/11/s/bin/fstar.exe --trace_error --use_hints --include plain.neg --odir plain.neg Test.fst > plain.neg/error.log 2>&1
Verified module: FStar.DM4F.Continuations (4945 milliseconds)
All verification conditions discharged successfully
/LinuxAgent/_work/11/s/bin/fstar.exe --trace_error --use_hints --include ../../../..//ucontrib/Platform/fst --include ../../../..//ucontrib/CoreCrypto/fst Ex10b.fst
Verified module: Buffer.Utils (191929 milliseconds)
All verification conditions discharged successfully
/LinuxAgent/_work/11/s/bin/fstar.exe --trace_error --use_hints --include ../../../..//ucontrib/Platform/fst --include ../../../..//ucontrib/CoreCrypto/fst Ex12a.Cap.fst
Verified module: Ex07c (26388 milliseconds)
All verification conditions discharged successfully
../../../bin/fstar.exe --fstar_home ../../.. --max_fuel 4 --initial_fuel 0 --max_ifuel 2 --initial_ifuel 0 --z3rlimit 20  --use_hints --trace_error \
--include ../../../ulib/hyperstack --include hacl \
--__temp_no_proj Crypto.Symmetric.MAC \
--verify_module Crypto.Symmetric.Poly1305.Bignum.Lemmas.Part6 \
Crypto.Symmetric.Poly1305.Bignum.Lemmas.Part6.fst
Verified module: Huffman (24885 milliseconds)
All verification conditions discharged successfully
/LinuxAgent/_work/11/s/bin/fstar.exe --trace_error --use_hints --include ../../../..//ucontrib/Platform/fst --include ../../../..//ucontrib/CoreCrypto/fst Ex12d.Pad.fst
Verified module: FStar.DM4F.Heap.ST (10060 milliseconds)
All verification conditions discharged successfully
/LinuxAgent/_work/11/s/bin/fstar.exe --trace_error --use_hints --include ../../../..//ucontrib/Platform/fst --include ../../../..//ucontrib/CoreCrypto/fst Ex12e.Pad.fst
Verified module: Ex06c (29025 milliseconds)
All verification conditions discharged successfully
/LinuxAgent/_work/11/s/bin/fstar.exe --trace_error --use_hints --include ../../../..//ucontrib/Platform/fst --include ../../../..//ucontrib/CoreCrypto/fst Ex06d.fst
Verified module: DelimCC (2240 milliseconds)
All verification conditions discharged successfully
/LinuxAgent/_work/11/s/bin/fstar.exe --trace_error --use_hints --include ../../../..//ucontrib/Platform/fst --include ../../../..//ucontrib/CoreCrypto/fst Ex06e.fst
Verified module: EtM.CPA (5379 milliseconds)
All verification conditions discharged successfully
Verified module: FStar.DM4F.StExnC (13486 milliseconds)
All verification conditions discharged successfully
/LinuxAgent/_work/11/s/bin/fstar.exe --trace_error --use_hints --include ../../ulib/hyperstack \
--include ../../ucontrib/Platform/fst --include ../../ucontrib/CoreCrypto/fst	       \
--z3rlimit 20 EtM.AE.fst
/LinuxAgent/_work/11/s/bin/fstar.exe --trace_error --use_hints --include ../../../..//ucontrib/Platform/fst --include ../../../..//ucontrib/CoreCrypto/fst Ex07a.fst
shadow.neg failed as expected
/LinuxAgent/_work/11/s/bin/fstar.exe --trace_error --use_hints --include ../../ulib/hyperstack \
--include ../../ucontrib/Platform/fst --include ../../ucontrib/CoreCrypto/fst	       \
--z3rlimit 20 HyE.RSA.fst
Verified module: FStar.DM4F.IFC (12168 milliseconds)
All verification conditions discharged successfully
make[3]: Leaving directory '/LinuxAgent/_work/11/s/examples/dm4free'
/LinuxAgent/_work/11/s/bin/fstar.exe --trace_error --use_hints --include ../../../..//ucontrib/Platform/fst --include ../../../..//ucontrib/CoreCrypto/fst Ex07b.fst
plain.neg failed as expected
/LinuxAgent/_work/11/s/bin/fstar.exe --trace_error --use_hints --include ../../../..//ucontrib/Platform/fst --include ../../../..//ucontrib/CoreCrypto/fst Ex07c.fst
open.neg failed as expected
make[3]: Leaving directory '/LinuxAgent/_work/11/s/examples/incl'
/LinuxAgent/_work/11/s/bin/fstar.exe --trace_error --use_hints --include ../../../..//ucontrib/Platform/fst --include ../../../..//ucontrib/CoreCrypto/fst Ex07d.fst
Verified module: Ex10b (2726 milliseconds)
All verification conditions discharged successfully
/LinuxAgent/_work/11/s/bin/fstar.exe --trace_error --use_hints --include ../../../..//ucontrib/Platform/fst --include ../../../..//ucontrib/CoreCrypto/fst Ex10a.fst
Verified module: Unification (40506 milliseconds)
All verification conditions discharged successfully
make[3]: Leaving directory '/LinuxAgent/_work/11/s/examples/algorithms'
/LinuxAgent/_work/11/s/bin/fstar.exe --trace_error --use_hints --verify_module Unit1.Parser Unit1.Parser.fst
Verified module: Unit1.WPsAndTriples (696 milliseconds)
All verification conditions discharged successfully
/LinuxAgent/_work/11/s/bin/fstar.exe --trace_error --use_hints --include ../../../..//ucontrib/Platform/fst --include ../../../..//ucontrib/CoreCrypto/fst Ex10b.fst
./Ex10a.fst(27,0-27,19): (Warning) Top-level let-bindings must be total; this term may have effects
Verified module: Ex10a (2873 milliseconds)
All verification conditions discharged successfully
/LinuxAgent/_work/11/s/bin/fstar.exe --trace_error --use_hints --include ../../../..//ucontrib/Platform/fst --include ../../../..//ucontrib/CoreCrypto/fst Ex12a.Cap.fst
Verified module: Ex06e (2054 milliseconds)
All verification conditions discharged successfully
/LinuxAgent/_work/11/s/bin/fstar.exe --trace_error --use_hints --include ../../../..//ucontrib/Platform/fst --include ../../../..//ucontrib/CoreCrypto/fst Ex12f.TMAC.fst
./Ex12a.Cap.fst(21,0-21,26): (Warning) Top-level let-bindings must be total; this term may have effects
Verified module: Crypto.Symmetric.Poly1305.Bignum.Lemmas.Part5 (26881 milliseconds)
All verification conditions discharged successfully
/LinuxAgent/_work/11/s/bin/fstar.exe --trace_error --use_hints --include ../../ulib/hyperstack \
--include ../../ucontrib/Platform/fst --include ../../ucontrib/CoreCrypto/fst	       \
--z3rlimit 20 HyE.PlainPKE.fst
Verified module: Ex12a.Cap (404 milliseconds)
All verification conditions discharged successfully
/LinuxAgent/_work/11/s/bin/fstar.exe --trace_error --use_hints --verify_module Unit1.RefinementInference Unit1.RefinementInference.fst
Verified module: Ex06d (9427 milliseconds)
All verification conditions discharged successfully
../../../bin/fstar.exe --fstar_home ../../.. --max_fuel 4 --initial_fuel 0 --max_ifuel 2 --initial_ifuel 0 --z3rlimit 20  --use_hints --trace_error \
--include ../../../ulib/hyperstack --include hacl \
--__temp_no_proj Crypto.Symmetric.MAC \
--verify_module Crypto.Symmetric.Poly1305.Bignum \
Crypto.Symmetric.Poly1305.Bignum.fst
./Ex10a.fst(27,0-27,19): (Warning) Top-level let-bindings must be total; this term may have effects
Verified module: Unit1.Parser (2483 milliseconds)
All verification conditions discharged successfully
/LinuxAgent/_work/11/s/bin/fstar.exe --trace_error --use_hints --include ../../../..//ucontrib/Platform/fst --include ../../../..//ucontrib/CoreCrypto/fst Ex12b.RPC.fst
Verified module: Ex12e.Pad (2044 milliseconds)
All verification conditions discharged successfully
/LinuxAgent/_work/11/s/bin/fstar.exe --trace_error --use_hints --include ../../../..//ucontrib/Platform/fst --include ../../../..//ucontrib/CoreCrypto/fst Ex12d.Pad.fst
Verified module: Ex12d.Pad (1508 milliseconds)
All verification conditions discharged successfully
/LinuxAgent/_work/11/s/bin/fstar.exe --trace_error --use_hints --include ../../../..//ucontrib/Platform/fst --include ../../../..//ucontrib/CoreCrypto/fst Ex12e.Pad.fst
Verified module: Ex10b (5752 milliseconds)
All verification conditions discharged successfully
/LinuxAgent/_work/11/s/bin/fstar.exe --trace_error --use_hints --include ../../../..//ucontrib/Platform/fst --include ../../../..//ucontrib/CoreCrypto/fst Ex12g.TMAC2.fst
Verified module: Ex10a (5220 milliseconds)
All verification conditions discharged successfully
/LinuxAgent/_work/11/s/bin/fstar.exe --trace_error --use_hints --include ../../ulib/hyperstack \
--include ../../ucontrib/Platform/fst --include ../../ucontrib/CoreCrypto/fst	       \
--z3rlimit 20 HyE.Plain.fst
Verified module: Crypto.Symmetric.Poly1305.Bignum.Lemmas.Part2 (72321 milliseconds)
All verification conditions discharged successfully
/LinuxAgent/_work/11/s/bin/fstar.exe --trace_error --use_hints --include ../../ulib/hyperstack \
--include ../../ucontrib/Platform/fst --include ../../ucontrib/CoreCrypto/fst	       \
--z3rlimit 20 HyE.AE.fst
Verified module: Ex07d (51279 milliseconds)
All verification conditions discharged successfully
/LinuxAgent/_work/11/s/bin/fstar.exe --trace_error --use_hints --include ../../ulib/hyperstack \
--include ../../ucontrib/Platform/fst --include ../../ucontrib/CoreCrypto/fst	       \
--z3rlimit 20 HyE.CCA2.fst
Verified module: Ex07a (21549 milliseconds)
All verification conditions discharged successfully
/LinuxAgent/_work/11/s/bin/fstar.exe --trace_error --use_hints --include ../../../..//ulib/hyperheap Ex11a.fst
Verified module: Unit1.RefinementInference (246 milliseconds)
All verification conditions discharged successfully
/LinuxAgent/_work/11/s/bin/fstar.exe --trace_error --use_hints --verify_module Unit1.WPsAndTriples_ST Unit1.WPsAndTriples_ST.fst
./Ex12a.Cap.fst(19,0-19,26): (Warning) Top-level let-bindings must be total; this term may have effects
Verified module: Ex12a.Cap (811 milliseconds)
All verification conditions discharged successfully
/LinuxAgent/_work/11/s/bin/fstar.exe --trace_error --use_hints --verify_module Unit1.Projectors1 Unit1.Projectors1.fst
Verified module: HyE.RSA (683 milliseconds)
All verification conditions discharged successfully
../../../bin/fstar.exe --fstar_home ../../.. --max_fuel 4 --initial_fuel 0 --max_ifuel 2 --initial_ifuel 0 --z3rlimit 20  --use_hints --trace_error \
--include ../../../ulib/hyperstack --include hacl \
--__temp_no_proj Crypto.Symmetric.MAC \
--verify_module Crypto.Symmetric.Poly1305.Spec \
Crypto.Symmetric.Poly1305.Spec.fst
Verified module: EtM.AE (9711 milliseconds)
All verification conditions discharged successfully
make -C bytes all
make[3]: Entering directory '/LinuxAgent/_work/11/s/examples/bytes'
/LinuxAgent/_work/11/s/bin/fstar.exe --trace_error --use_hints --verify_module Platform.Bytes Platform.Bytes.fst
./Ex12f.TMAC.fst(26,4-26,10): Warning: Admitting verify without a definition
./Ex12f.TMAC.fst(25,4-25,7): Warning: Admitting mac without a definition
./Ex12f.TMAC.fst(24,4-24,10): Warning: Admitting keygen without a definition
Verified module: Ex12f.TMAC (36 milliseconds)
All verification conditions discharged successfully
/LinuxAgent/_work/11/s/bin/fstar.exe --trace_error --use_hints --include ../../../..//ucontrib/Platform/fst --include ../../../..//ucontrib/CoreCrypto/fst Ex12f.TMAC.fst
Verified module: Unit1.WPsAndTriples_ST (417 milliseconds)
All verification conditions discharged successfully
/LinuxAgent/_work/11/s/bin/fstar.exe --trace_error --use_hints --include ../../../..//ucontrib/Platform/fst --include ../../../..//ucontrib/CoreCrypto/fst Ex12g.TMAC2.fst
Verified module: Crypto.Symmetric.Poly1305.Bignum.Lemmas.Part4 (88330 milliseconds)
All verification conditions discharged successfully
/LinuxAgent/_work/11/s/bin/fstar.exe --trace_error --use_hints --include ../../../..//ulib/hyperheap Ex11a.fst
./Ex12b.RPC.fst(8,0-8,53): (Warning) Top-level let-bindings must be total; this term may have effects
./Ex12b.RPC.fst(21,0-21,39): (Warning) Top-level let-bindings must be total; this term may have effects
./Ex12b.RPC.fst(53,0-54,16): (Warning) Top-level let-bindings must be total; this term may have effects
Verified module: HyE.Plain (132 milliseconds)
All verification conditions discharged successfully
/LinuxAgent/_work/11/s/bin/fstar.exe --trace_error --use_hints --verify_module Unit1.UnificationTests Unit1.UnificationTests.fst
./Ex12g.TMAC2.fst(30,4-30,10): Warning: Admitting verify without a definition
./Ex12g.TMAC2.fst(29,4-29,7): Warning: Admitting mac without a definition
./Ex12b.RPC.fst(123,0-123,17): (Warning) Top-level let-bindings must be total; this term may have effects
Verified module: Ex12b.RPC (2985 milliseconds)
All verification conditions discharged successfully
../../../bin/fstar.exe --fstar_home ../../.. --max_fuel 4 --initial_fuel 0 --max_ifuel 2 --initial_ifuel 0 --z3rlimit 20  --use_hints --trace_error \
--include ../../../ulib/hyperstack --include hacl \
--__temp_no_proj Crypto.Symmetric.MAC \
--verify_module Crypto.Symmetric.GF128 \
Crypto.Symmetric.GF128.fst
Verified module: Ex12g.TMAC2 (1558 milliseconds)
All verification conditions discharged successfully
/LinuxAgent/_work/11/s/bin/fstar.exe --trace_error --use_hints --verify_module Unit1.RecursiveTypeFunctions Unit1.RecursiveTypeFunctions.fst
Verified module: Ex12d.Pad (2251 milliseconds)
All verification conditions discharged successfully
../../../bin/fstar.exe --fstar_home ../../.. --max_fuel 4 --initial_fuel 0 --max_ifuel 2 --initial_ifuel 0 --z3rlimit 20  --use_hints --trace_error \
--include ../../../ulib/hyperstack --include hacl \
--__temp_no_proj Crypto.Symmetric.MAC \
--verify_module Crypto.Symmetric.GCM \
Crypto.Symmetric.GCM.fst
Verified module: Ex12e.Pad (5210 milliseconds)
All verification conditions discharged successfully
/LinuxAgent/_work/11/s/bin/fstar.exe --trace_error --use_hints --verify_module Unit2 Unit2.fst
Verified module: HyE.PlainPKE (277 milliseconds)
All verification conditions discharged successfully
../../../bin/fstar.exe --fstar_home ../../.. --max_fuel 4 --initial_fuel 0 --max_ifuel 2 --initial_ifuel 0 --z3rlimit 20  --use_hints --trace_error \
--include ../../../ulib/hyperstack --include hacl \
--__temp_no_proj Crypto.Symmetric.MAC \
--verify_module Crypto.Symmetric.MAC \
Crypto.Symmetric.MAC.fst
Verified module: HyE.AE (4710 milliseconds)
All verification conditions discharged successfully
/LinuxAgent/_work/11/s/bin/fstar.exe --trace_error --use_hints --verify_module TestSet TestSet.fst
./Platform.Bytes.fst(15,32-18,29): (Warning) Pattern misses at least one bound variable: uu___#1088
Verified module: Ex07c (47250 milliseconds)
All verification conditions discharged successfully
../../../bin/fstar.exe --fstar_home ../../.. --max_fuel 4 --initial_fuel 0 --max_ifuel 2 --initial_ifuel 0 --z3rlimit 20  --use_hints --trace_error \
--include ../../../ulib/hyperstack --include hacl \
--__temp_no_proj Crypto.Symmetric.MAC \
--verify_module Crypto.Symmetric.UF1CMA \
Crypto.Symmetric.UF1CMA.fst
Verified module: Unit1.UnificationTests (61 milliseconds)
All verification conditions discharged successfully
/LinuxAgent/_work/11/s/bin/fstar.exe --trace_error --use_hints FStar.OrdMapProps.fst
Verified module: FStar.UInt (316873 milliseconds)
All verification conditions discharged successfully
mkdir -p out
/LinuxAgent/_work/11/s/bin/fstar.exe --trace_error --use_hints --include ../../ulib/hyperstack \
--include ../../ucontrib/Platform/fst --include ../../ucontrib/CoreCrypto/fst	       \
--z3rlimit 20 HyE.HCCA2.fst
Verified module: Unit2 (2754 milliseconds)
All verification conditions discharged successfully
/LinuxAgent/_work/11/s/bin/fstar.exe --trace_error --use_hints --no_location_info --lax \
--include ../../ucontrib/Platform/fst --include ../../ucontrib/CoreCrypto/fst	       \
RPC.fst \
--codegen-lib Platform --codegen-lib CoreCrypto --codegen-lib Seq --codegen OCaml
Verified module: Ex07d (50686 milliseconds)
All verification conditions discharged successfully
/LinuxAgent/_work/11/s/bin/fstar.exe --trace_error --use_hints --no_location_info --lax \
--include ../../ucontrib/Platform/fst --include ../../ucontrib/CoreCrypto/fst	       \
CntProtocol.fst \
--codegen-lib Platform --codegen-lib CoreCrypto --codegen-lib Seq --codegen OCaml
Verified module: Ex12f.TMAC (777 milliseconds)
All verification conditions discharged successfully
make -C ../../../..//ulib/ml
make[4]: Entering directory '/LinuxAgent/_work/11/s/ulib/ml'
make -C .. mgen
make[5]: Entering directory '/LinuxAgent/_work/11/s/ulib/ml'
make[5]: warning: jobserver unavailable: using -j1.  Add '+' to parent make rule.
mkdir -p ml/extracted
/LinuxAgent/_work/11/s/bin/fstar.exe --trace_error --use_hints --lax --codegen OCaml --odir ml/extracted FStar.Set.fst FStar.TSet.fst FStar.Map.fst FStar.HyperHeap.fst FStar.HyperStack.fst
Verified module: TestSet (458 milliseconds)
All verification conditions discharged successfully
../../../bin/fstar.exe --fstar_home ../../.. --max_fuel 4 --initial_fuel 0 --max_ifuel 2 --initial_ifuel 0 --z3rlimit 20  --use_hints --trace_error \
--include ../../../ulib/hyperstack --include hacl \
--__temp_no_proj Crypto.Symmetric.MAC \
--verify_module Crypto.Symmetric.AES \
Crypto.Symmetric.AES.fst
Verified module: Unit1.Projectors1 (3209 milliseconds)
All verification conditions discharged successfully
/LinuxAgent/_work/11/s/bin/fstar.exe --trace_error --use_hints --verify_module TestHeap TestHeap.fst
Verified module: Unit1.RecursiveTypeFunctions (4137 milliseconds)
All verification conditions discharged successfully
/LinuxAgent/_work/11/s/bin/fstar.exe --trace_error --use_hints --verify_module ShortCircuit ShortCircuit.fst
Verified module: Ex11a (26550 milliseconds)
All verification conditions discharged successfully
make[3]: Leaving directory '/LinuxAgent/_work/11/s/doc/tutorial/code/exercises'
make -C tactics all
make[3]: Entering directory '/LinuxAgent/_work/11/s/examples/tactics'
/LinuxAgent/_work/11/s/bin/fstar.exe --trace_error --use_hints --verify_module MetaCoq MetaCoq.fst
WARNING: (6328,66): pattern does not contain any variable.
WARNING: (67995,66): pattern does not contain any variable.
Verified module: Ex12g.TMAC2 (1960 milliseconds)
All verification conditions discharged successfully
../../../bin/fstar.exe --fstar_home ../../.. --max_fuel 4 --initial_fuel 0 --max_ifuel 2 --initial_ifuel 0 --z3rlimit 20  --use_hints --trace_error \
--include ../../../ulib/hyperstack --include hacl \
--__temp_no_proj Crypto.Symmetric.MAC \
--verify_module Crypto.Symmetric.AES128 \
Crypto.Symmetric.AES128.fst
WARNING: (6590,66): pattern does not contain any variable.
Extracted module Classical
Extracted module Base
Extracted module Properties
Extracted module FunctionalExtensionality
Extracted module PropositionalExtensionality
Extracted module PredicateExtensionality
Extracted module TSet
Extracted module Set
Extracted module Tot
Extracted module Heap
Extracted module Map
Extracted module HyperHeap
Verified module: Ex07b (64336 milliseconds)
All verification conditions discharged successfully
Extracted module HyperStack
/LinuxAgent/_work/11/s/bin/fstar.exe --trace_error --use_hints --verify_module FirstProofs FirstProofs.fst
All verification conditions discharged successfully
make[5]: Leaving directory '/LinuxAgent/_work/11/s/ulib'
make prims.o FStar_Mul.o FStar_Float.o FStar_Char.o FStar_Int8.o FStar_UInt8.o FStar_Int16.o FStar_UInt16.o FStar_Int32.o FStar_UInt32.o FStar_Int64.o FStar_UInt64.o FStar_UInt128.o FStar_Int_Cast.o FStar_BaseTypes.o FStar_IO.o FStar_Heap.o FStar_List_Tot_Base.o FStar_List.o FStar_Option.o FStar_String.o FStar_Set.o FStar_Buffer.o FStar_CommonST.o FStar_ST.o FStar_All.o
make[5]: Entering directory '/LinuxAgent/_work/11/s/ulib/ml'
make[5]: warning: jobserver unavailable: using -j1.  Add '+' to parent make rule.
ocamlfind opt -thread -package batteries,zarith,stdint -linkpkg -g   -c -I  ./extracted -linkpkg prims.ml
ocamlfind opt -thread -package batteries,zarith,stdint -linkpkg -g   -c -I  ./extracted -linkpkg FStar_Mul.ml
ocamlfind opt -thread -package batteries,zarith,stdint -linkpkg -g   -c -I  ./extracted -linkpkg FStar_Float.ml
ocamlfind opt -thread -package batteries,zarith,stdint -linkpkg -g   -c -I  ./extracted -linkpkg FStar_Char.ml
ocamlfind opt -thread -package batteries,zarith,stdint -linkpkg -g   -c -I  ./extracted -linkpkg FStar_Int8.ml
ocamlfind opt -thread -package batteries,zarith,stdint -linkpkg -g   -c -I  ./extracted -linkpkg FStar_UInt8.ml
ocamlfind opt -thread -package batteries,zarith,stdint -linkpkg -g   -c -I  ./extracted -linkpkg FStar_Int16.ml
ocamlfind opt -thread -package batteries,zarith,stdint -linkpkg -g   -c -I  ./extracted -linkpkg FStar_UInt16.ml
Extracted module FunctionalExtensionality
Extracted module PropositionalExtensionality
Extracted module PredicateExtensionality
Extracted module TSet
Extracted module Classical
ocamlfind opt -thread -package batteries,zarith,stdint -linkpkg -g   -c -I  ./extracted -linkpkg FStar_Int32.ml
Extracted module Base
Extracted module Properties
Extracted module Tot
Extracted module Heap
Extracted module ST
Extracted module StrongExcludedMiddle
Extracted module Base
ocamlfind opt -thread -package batteries,zarith,stdint -linkpkg -g   -c -I  ./extracted -linkpkg FStar_UInt32.ml
Extracted module Properties
Extracted module Seq
Extracted module Bytes
Extracted module All
Extracted module CoreCrypto
Extracted module SHA1
Extracted module MAC
Verified module: FStar.OrdMapProps (592 milliseconds)
All verification conditions discharged successfully
Extracted module CntFormat
Extracted module Set
Extracted module CntProtocol
/LinuxAgent/_work/11/s/bin/fstar.exe --trace_error --use_hints --verify_module TestMRef TestMRef.fst
ocamlfind opt -thread -package batteries,zarith,stdint -linkpkg -g   -c -I  ./extracted -linkpkg FStar_Int64.ml
All verification conditions discharged successfully
/LinuxAgent/_work/11/s/bin/fstar.exe --trace_error --use_hints --verify_module TestTwoLevelHeap TestTwoLevelHeap.fst
ocamlfind opt -thread -package batteries,zarith,stdint -linkpkg -g   -c -I  ./extracted -linkpkg FStar_UInt64.ml
ocamlfind opt -thread -package batteries,zarith,stdint -linkpkg -g   -c -I  ./extracted -linkpkg FStar_UInt128.ml
Extracted module FunctionalExtensionality
Extracted module PropositionalExtensionality
Extracted module PredicateExtensionality
Verified module: TestHeap (2317 milliseconds)
All verification conditions discharged successfully
Extracted module TSet
Extracted module Heap
Extracted module ST
ocamlfind opt -thread -package batteries,zarith,stdint -linkpkg -g   -c -I  ./extracted -linkpkg FStar_Int_Cast.ml
Extracted module StrongExcludedMiddle
/LinuxAgent/_work/11/s/bin/fstar.exe --trace_error --use_hints FStar.Relational.Relational.fst
Extracted module Classical
Extracted module Base
Extracted module Properties
Extracted module Tot
Extracted module Base
ocamlfind opt -thread -package batteries,zarith,stdint -linkpkg -g   -c -I  ./extracted -linkpkg FStar_BaseTypes.ml
Extracted module Properties
Extracted module Seq
Extracted module Bytes
Extracted module All
Extracted module CoreCrypto
Extracted module SHA1
Extracted module MAC
Extracted module Formatting
Extracted module RPC
ocamlfind opt -thread -package batteries,zarith,stdint -linkpkg -g   -c -I  ./extracted -linkpkg FStar_IO.ml
All verification conditions discharged successfully
/LinuxAgent/_work/11/s/bin/fstar.exe --trace_error --use_hints FStar.Seq.Properties.fst
ocamlfind opt -thread -package batteries,zarith,stdint -linkpkg -g   -c -I  ./extracted -linkpkg FStar_Heap.ml
ocamlfind opt -thread -package batteries,zarith,stdint -linkpkg -g   -c -I  ./extracted -linkpkg FStar_List_Tot_Base.ml
WARNING: (6250,66): pattern does not contain any variable.
ocamlfind opt -thread -package batteries,zarith,stdint -linkpkg -g   -c -I  ./extracted -linkpkg FStar_List.ml
ocamlfind opt -thread -package batteries,zarith,stdint -linkpkg -g   -c -I  ./extracted -linkpkg FStar_Option.ml
ocamlfind opt -thread -package batteries,zarith,stdint -linkpkg -g   -c -I  ./extracted -linkpkg FStar_String.ml
ocamlfind opt -thread -package batteries,zarith,stdint -linkpkg -g   -c -I  ./extracted -linkpkg FStar_Set.ml
ocamlfind opt -thread -package batteries,zarith,stdint -linkpkg -g   -c -I  ./extracted -linkpkg FStar_Buffer.ml
Verified module: MetaCoq (4736 milliseconds)
All verification conditions discharged successfully
make[3]: Leaving directory '/LinuxAgent/_work/11/s/examples/tactics'
/LinuxAgent/_work/11/s/bin/fstar.exe --trace_error --use_hints --verify_module Mac Mac.fst
ocamlfind opt -thread -package batteries,zarith,stdint -linkpkg -g   -c -I  ./extracted -linkpkg FStar_CommonST.ml
ocamlfind opt -thread -package batteries,zarith,stdint -linkpkg -g   -c -I  ./extracted -linkpkg FStar_ST.ml
ocamlfind opt -thread -package batteries,zarith,stdint -linkpkg -g   -c -I  ./extracted -linkpkg FStar_All.ml
make[5]: Leaving directory '/LinuxAgent/_work/11/s/ulib/ml'
Verified module: ShortCircuit (3621 milliseconds)
All verification conditions discharged successfully
ocamlopt -a prims.cmx FStar_Mul.cmx FStar_Float.cmx FStar_Char.cmx FStar_Int8.cmx FStar_UInt8.cmx FStar_Int16.cmx FStar_UInt16.cmx FStar_Int32.cmx FStar_UInt32.cmx FStar_Int64.cmx FStar_UInt64.cmx FStar_UInt128.cmx FStar_Int_Cast.cmx FStar_BaseTypes.cmx FStar_IO.cmx FStar_Heap.cmx FStar_List_Tot_Base.cmx FStar_List.cmx FStar_Option.cmx FStar_String.cmx FStar_Set.cmx FStar_Buffer.cmx FStar_CommonST.cmx FStar_ST.cmx FStar_All.cmx -o fstarlib.cmxa
/LinuxAgent/_work/11/s/bin/fstar.exe --trace_error --use_hints --verify_module TestGhost TestGhost.fst
Verified module: HyE.CCA2 (4149 milliseconds)
All verification conditions discharged successfully
../../../bin/fstar.exe --fstar_home ../../.. --max_fuel 4 --initial_fuel 0 --max_ifuel 2 --initial_ifuel 0 --z3rlimit 20  --use_hints --trace_error \
--include ../../../ulib/hyperstack --include hacl \
--__temp_no_proj Crypto.Symmetric.MAC \
--verify_module Crypto.Symmetric.Chacha20 \
Crypto.Symmetric.Chacha20.fst
make[4]: Leaving directory '/LinuxAgent/_work/11/s/ulib/ml'
/LinuxAgent/_work/11/s/bin/fstar.exe --trace_error --use_hints --no_extract FStar.All --no_extract FStar.BaseTypes --no_extract FStar.Char --no_extract FStar.Float --no_extract FStar.Heap --no_extract FStar.Int8 --no_extract FStar.Int16 --no_extract FStar.Int32 --no_extract FStar.Int64 --no_extract FStar.UInt8 --no_extract FStar.UInt16 --no_extract FStar.UInt32 --no_extract FStar.UInt64 --no_extract FStar.Int_Cast --no_extract FStar.IO --no_extract FStar.List --no_extract FStar.List.Tot.Base --no_extract FStar.Option --no_extract FStar.Set --no_extract FStar.ST --no_extract FStar.String --no_extract FStar.HyperHeap --no_extract FStar.HyperStack --no_extract FStar.HST --no_extract FStar.Buffer --no_extract FStar.Mul --odir out --codegen OCaml Ex01a.fst
./Platform.Bytes.fst(257,22-260,30): (Warning) Pattern misses at least one bound variable: i#40911
Verified module: FirstProofs (2759 milliseconds)
All verification conditions discharged successfully
/LinuxAgent/_work/11/s/bin/fstar.exe --trace_error --use_hints FStar.Int8.fst
./Platform.Bytes.fst(257,156-260,30): (Warning) Pattern misses at least one bound variable: i#43023
WARNING: (6586,66): pattern does not contain any variable.
Verified module: Ex11a (27484 milliseconds)
All verification conditions discharged successfully
/LinuxAgent/_work/11/s/bin/fstar.exe --trace_error --use_hints FStar.UInt16.fst
./TestMRef.fst(8,0-8,20): (Warning) Top-level let-bindings must be total; this term may have effects
Verified module: TestMRef (1885 milliseconds)
All verification conditions discharged successfully
/LinuxAgent/_work/11/s/bin/fstar.exe --trace_error --use_hints FStar.Math.Lib.fst
Verified module: TestTwoLevelHeap (804 milliseconds)
All verification conditions discharged successfully
/LinuxAgent/_work/11/s/bin/fstar.exe --trace_error --use_hints --verify_module Normalization Normalization.fst
Verified module: FStar.Relational.Relational (4255 milliseconds)
All verification conditions discharged successfully
/LinuxAgent/_work/11/s/bin/fstar.exe --trace_error --use_hints FStar.UInt128.fst
WARNING: (67995,66): pattern does not contain any variable.
WARNING: (71548,6): pattern does not contain all quantified variables.
Verified module: TestGhost (927 milliseconds)
All verification conditions discharged successfully
/LinuxAgent/_work/11/s/bin/fstar.exe --trace_error --use_hints --verify_module Positivity Positivity.fst
WARNING: (67995,66): pattern does not contain any variable.
WARNING: (71548,6): pattern does not contain all quantified variables.
./Ex01a.fst(58,0-58,48): (Warning) Top-level let-bindings must be total; this term may have effects
Extracted module FunctionalExtensionality
Extracted module PropositionalExtensionality
Extracted module PredicateExtensionality
Extracted module TSet
Extracted module Ex01a
Verified module: Ex01a (1345 milliseconds)
All verification conditions discharged successfully
ocamlfind opt -package batteries,stdint,zarith -linkpkg -g ../../../..//ulib/ml/fstarlib.cmxa -I ../../../..//ulib/ml out/Ex01a.ml -o Ex01a.exe 2>&1
File "Ex01a.fst", line 30, characters 4-6:
Warning 26: unused variable v1.
File "Ex01a.fst", line 31, characters 4-6:
Warning 26: unused variable v2.
File "Ex01a.fst", line 52, characters 4-6:
Warning 26: unused variable v1.
File "Ex01a.fst", line 53, characters 4-6:
Warning 26: unused variable v2.
File "Ex01a.fst", line 54, characters 4-6:
Warning 26: unused variable v3.
WARNING: (67995,66): pattern does not contain any variable.
WARNING: (71548,6): pattern does not contain all quantified variables.
./Ex01a.exe 2>&1
Dummy read of file demo/tempfile
Dummy read of file demo/README
Dummy write of string hello! to file demo/tempfile
Dummy read of file demo/tempfile
Dummy read of file demo/README
Fatal error: exception Ex01a.InvalidRead
Raised at file "prims.ml", line 103, characters 20-21
Called from file "Ex01a.fst", line 54, characters 9-29
Called from file "Ex01a.fst", line 59, characters 0-21
make[3]: [Ex01a-ocaml] Error 2 (ignored)
Makefile:63: recipe for target 'Ex01a-ocaml' failed
make[3]: Leaving directory '/LinuxAgent/_work/11/s/doc/tutorial/code/solutions'
../../../bin/fstar.exe --fstar_home ../../.. --max_fuel 4 --initial_fuel 0 --max_ifuel 2 --initial_ifuel 0 --z3rlimit 20  --use_hints --trace_error \
--include ../../../ulib/hyperstack --include hacl \
--__temp_no_proj Crypto.Symmetric.MAC \
--verify_module Crypto.Symmetric.Cipher \
Crypto.Symmetric.Cipher.fst
Verified module: Normalization (3530 milliseconds)
All verification conditions discharged successfully
../../../bin/fstar.exe --fstar_home ../../.. --max_fuel 4 --initial_fuel 0 --max_ifuel 2 --initial_ifuel 0 --z3rlimit 20  --use_hints --trace_error \
--include ../../../ulib/hyperstack --include hacl \
--__temp_no_proj Crypto.Symmetric.MAC \
--verify_module Crypto.Symmetric.PRF \
Crypto.Symmetric.PRF.fst
Verified module: Positivity (1911 milliseconds)
All verification conditions discharged successfully
../../../bin/fstar.exe --fstar_home ../../.. --max_fuel 4 --initial_fuel 0 --max_ifuel 2 --initial_ifuel 0 --z3rlimit 20  --use_hints --trace_error \
--include ../../../ulib/hyperstack --include hacl \
--__temp_no_proj Crypto.Symmetric.MAC \
--verify_module Crypto.AEAD.AES256GCM \
Crypto.AEAD.AES256GCM.fst
WARNING: (67995,66): pattern does not contain any variable.
WARNING: (71548,6): pattern does not contain all quantified variables.
Verified module: HyE.HCCA2 (2517 milliseconds)
All verification conditions discharged successfully
make[3]: Leaving directory '/LinuxAgent/_work/11/s/examples/crypto'
/LinuxAgent/_work/11/s/bin/fstar.exe --trace_error --use_hints NegativeTests.BST.fst NegativeTests.Heap.fst NegativeTests.ShortCircuiting.fst NegativeTests.Bug260.fst NegativeTests.Neg.fst NegativeTests.Termination.fst NegativeTests.False.fst NegativeTests.Set.fst NegativeTests.ImplicitFalse.fst NegativeTests.Positivity.fst 2>&1 | tee fstar_log
Verified module: Crypto.Symmetric.Poly1305.Bignum.Lemmas.Part6 (40343 milliseconds)
All verification conditions discharged successfully
/LinuxAgent/_work/11/s/bin/fstar.exe --trace_error --use_hints FStar.All.fst
./Mac.fst(70,0-70,35): (Warning) Top-level let-bindings must be total; this term may have effects
Verified module: MAC (3129 milliseconds)
All verification conditions discharged successfully
../../../bin/fstar.exe --fstar_home ../../.. --max_fuel 4 --initial_fuel 0 --max_ifuel 2 --initial_ifuel 0 --z3rlimit 20  --use_hints --trace_error \
--include ../../../ulib/hyperstack --include hacl \
--__temp_no_proj Crypto.Symmetric.MAC \
--verify_module Crypto.AEAD.Encoding \
Crypto.AEAD.Encoding.fst
Verified module: FStar.Math.Lib (16420 milliseconds)
All verification conditions discharged successfully
../../../bin/fstar.exe --fstar_home ../../.. --max_fuel 4 --initial_fuel 0 --max_ifuel 2 --initial_ifuel 0 --z3rlimit 20  --use_hints --trace_error \
--include ../../../ulib/hyperstack --include hacl \
--__temp_no_proj Crypto.Symmetric.MAC \
--verify_module Crypto.AEAD.Invariant \
Crypto.AEAD.Invariant.fst
./NegativeTests.Positivity.fst(6,5-7,26): (Error) Inductive type NegativeTests.Positivity.t1 does not satisfy the positivity condition
Verified module: FStar.All (123 milliseconds)
All verification conditions discharged successfully
/LinuxAgent/_work/11/s/bin/fstar.exe --trace_error --use_hints FStar.Int.Cast.fst
./NegativeTests.Positivity.fst(20,5-21,26): (Error) Inductive type NegativeTests.Positivity.t5 does not satisfy the positivity condition
./NegativeTests.Positivity.fst(30,5-31,24): (Error) Inductive type NegativeTests.Positivity.t7 does not satisfy the positivity condition
./NegativeTests.Positivity.fst(34,5-35,24): (Error) Inductive type NegativeTests.Positivity.t8 does not satisfy the positivity condition
./NegativeTests.Positivity.fst(41,5-42,23): (Error) Inductive type NegativeTests.Positivity.t10 does not satisfy the positivity condition
./NegativeTests.Positivity.fst(45,5-46,30): (Error) Inductive type NegativeTests.Positivity.t11 does not satisfy the positivity condition
WARNING: (67995,66): pattern does not contain any variable.
WARNING: (71548,6): pattern does not contain all quantified variables.
WARNING: (67995,66): pattern does not contain any variable.
WARNING: (71548,6): pattern does not contain all quantified variables.
Verified module: FStar.Int8 (17983 milliseconds)
All verification conditions discharged successfully
../../../bin/fstar.exe --fstar_home ../../.. --max_fuel 4 --initial_fuel 0 --max_ifuel 2 --initial_ifuel 0 --z3rlimit 20  --use_hints --trace_error \
--include ../../../ulib/hyperstack --include hacl \
--__temp_no_proj Crypto.Symmetric.MAC \
--verify_module Crypto.AEAD.BufferUtils \
Crypto.AEAD.BufferUtils.fst
WARNING: (67995,66): pattern does not contain any variable.
WARNING: (71548,6): pattern does not contain all quantified variables.
Verified module: Crypto.Symmetric.Poly1305.Spec (39544 milliseconds)
All verification conditions discharged successfully
../../../bin/fstar.exe --fstar_home ../../.. --max_fuel 4 --initial_fuel 0 --max_ifuel 2 --initial_ifuel 0 --z3rlimit 20  --use_hints --trace_error \
--include ../../../ulib/hyperstack --include hacl \
--__temp_no_proj Crypto.Symmetric.MAC \
--verify_module Crypto.AEAD.Encrypt.Invariant \
Crypto.AEAD.Encrypt.Invariant.fst
WARNING: (67995,66): pattern does not contain any variable.
WARNING: (71548,6): pattern does not contain all quantified variables.
Verified module: FStar.UInt128 (22120 milliseconds)
All verification conditions discharged successfully
../../../bin/fstar.exe --fstar_home ../../.. --max_fuel 4 --initial_fuel 0 --max_ifuel 2 --initial_ifuel 0 --z3rlimit 20  --use_hints --trace_error \
--include ../../../ulib/hyperstack --include hacl \
--__temp_no_proj Crypto.Symmetric.MAC \
--verify_module Crypto.AEAD.Enxor.Invariant \
Crypto.AEAD.Enxor.Invariant.fst
Verified module: FStar.UInt16 (20396 milliseconds)
All verification conditions discharged successfully
/LinuxAgent/_work/11/s/bin/fstar.exe --trace_error --use_hints FStar.OrdMap.fst
WARNING: (67995,66): pattern does not contain any variable.
WARNING: (71548,6): pattern does not contain all quantified variables.
WARNING: (67995,66): pattern does not contain any variable.
WARNING: (71548,6): pattern does not contain all quantified variables.
./Platform.Bytes.fst(15,40-18,29): (Warning) Pattern misses at least one bound variable: uu___#80615
./Platform.Bytes.fst(257,156-260,30): (Warning) Pattern misses at least one bound variable: i#90062
Verified module: Platform.Bytes (92566 milliseconds)
All verification conditions discharged successfully
make[3]: Leaving directory '/LinuxAgent/_work/11/s/examples/bytes'
../../../bin/fstar.exe --fstar_home ../../.. --max_fuel 4 --initial_fuel 0 --max_ifuel 2 --initial_ifuel 0 --z3rlimit 20  --use_hints --trace_error \
--include ../../../ulib/hyperstack --include hacl \
--__temp_no_proj Crypto.Symmetric.MAC \
--verify_module Crypto.AEAD.EnxorDexor \
Crypto.AEAD.EnxorDexor.fst
Verified module: Crypto.Symmetric.GCM (60078 milliseconds)
All verification conditions discharged successfully
/LinuxAgent/_work/11/s/bin/fstar.exe --trace_error --use_hints FStar.PredicateExtensionality.fst
Verified module: FStar.OrdMap (23978 milliseconds)
All verification conditions discharged successfully
../../../bin/fstar.exe --fstar_home ../../.. --max_fuel 4 --initial_fuel 0 --max_ifuel 2 --initial_ifuel 0 --z3rlimit 20  --use_hints --trace_error \
--include ../../../ulib/hyperstack --include hacl \
--__temp_no_proj Crypto.Symmetric.MAC \
--verify_module Crypto.AEAD.Wrappers.PRF \
Crypto.AEAD.Wrappers.PRF.fst
Verified module: FStar.PredicateExtensionality (272 milliseconds)
All verification conditions discharged successfully
/LinuxAgent/_work/11/s/bin/fstar.exe --trace_error --use_hints FStar.Int32.fst
./NegativeTests.False.fst(13,18-13,35): (Error) Expected type "(l_or l_True l_True)"; but "(Left T)" has type "(c_or (?42889 uu___) l_True)"
./NegativeTests.False.fst(13,36-13,54): (Error) Expected type "(l_or l_True l_True)"; but "(Right T)" has type "(c_or l_True (?42902 uu___))"
Verified module: FStar.Seq.Properties (80791 milliseconds)
All verification conditions discharged successfully
/LinuxAgent/_work/11/s/bin/fstar.exe --trace_error --use_hints FStar.MRef.fst
Verified module: Crypto.Symmetric.GF128 (85971 milliseconds)
All verification conditions discharged successfully
../../../bin/fstar.exe --fstar_home ../../.. --max_fuel 4 --initial_fuel 0 --max_ifuel 2 --initial_ifuel 0 --z3rlimit 20  --use_hints --trace_error \
--include ../../../ulib/hyperstack --include hacl \
--__temp_no_proj Crypto.Symmetric.MAC \
--verify_module Crypto.AEAD.Wrappers.CMA \
Crypto.AEAD.Wrappers.CMA.fst
./NegativeTests.ImplicitFalse.fst(4,26-4,27): (Error) Failed to resolve implicit argument of type 'l_False' introduced in (?43614 uu___) because user-provided implicit term
Verified module: Crypto.Symmetric.Chacha20 (64702 milliseconds)
All verification conditions discharged successfully
../../../bin/fstar.exe --fstar_home ../../.. --max_fuel 4 --initial_fuel 0 --max_ifuel 2 --initial_ifuel 0 --z3rlimit 20  --use_hints --trace_error \
--include ../../../ulib/hyperstack --include hacl \
--__temp_no_proj Crypto.Symmetric.MAC \
--verify_module Crypto.AEAD.Wrappers.Encoding \
Crypto.AEAD.Wrappers.Encoding.fst
Verified module: FStar.Int.Cast (43846 milliseconds)
All verification conditions discharged successfully
/LinuxAgent/_work/11/s/bin/fstar.exe --trace_error --use_hints FStar.List.Tot.fst
./NegativeTests.BST.fst(21,38-21,42): (Error) Subtyping check failed; expected type (right#61:(option (tree 2)){(l_and (l_and (l_and (b2t (op_LessThanOrEqual 0 1)) (b2t (op_LessThanOrEqual 1 2))) (l_iff (b2t (uu___is_None right@0)) (b2t (op_Equality 1 2)))) (l_iff (b2t (uu___is_None (None ))) (b2t (op_Equality 1 0))))}); got type (option (tree 2)) (see ./NegativeTests.BST.fst(13,36-13,57))
./NegativeTests.BST.fst(22,61-22,65): (Error) Subtyping check failed; expected type (right#61:(option (tree (op_Addition l 1))){(l_and (l_and (l_and (b2t (op_LessThanOrEqual l l)) (b2t (op_LessThanOrEqual l (op_Addition l 1)))) (l_iff (b2t (uu___is_None right@0)) (b2t (op_Equality l (op_Addition l 1))))) (l_iff (b2t (uu___is_None (Some t))) (b2t (op_Equality l l))))}); got type (option (tree (op_Addition l 1))) (see ./NegativeTests.BST.fst(13,36-13,57))
./NegativeTests.BST.fst(23,78-23,87): (Error) Subtyping check failed; expected type (right#61:(option (tree (op_Addition l 1))){(l_and (l_and (l_and (b2t (op_LessThanOrEqual l (op_Addition l 1))) (b2t (op_LessThanOrEqual (op_Addition l 1) (op_Addition l 1)))) (l_iff (b2t (uu___is_None right@0)) (b2t (op_Equality (op_Addition l 1) (op_Addition l 1))))) (l_iff (b2t (uu___is_None (Some t1))) (b2t (op_Equality (op_Addition l 1) l))))}); got type (option (tree (op_Addition l 1))) (see ./NegativeTests.BST.fst(12,36-12,58))
./NegativeTests.Bug260.fst(9,12-9,19): (Error) Subtyping check failed; expected type (validity (S (S t))); got type (validity (S t)) (see ./NegativeTests.Bug260.fst(8,37-9,19))
./NegativeTests.False.fst(3,31-3,42): (Error) assertion failed
./NegativeTests.Heap.fst(10,14-10,20): (Error) assertion failed (see ./NegativeTests.Heap.fst(10,21-10,54))
./NegativeTests.Heap.fst(15,2-15,8): (Error) assertion failed (see ./NegativeTests.Heap.fst(15,9-15,14))
./NegativeTests.ImplicitFalse.fst(4,0-4,33): (Error) assertion failed(Also see: /LinuxAgent/_work/11/s/bin/../ulib/prims.fst(175,22-175,33))
./NegativeTests.Neg.fst(6,8-6,10): (Error) Subtyping check failed; expected type nat; got type int (see /LinuxAgent/_work/11/s/bin/../ulib/prims.fst(642,17-642,23))
./NegativeTests.Neg.fst(8,8-8,10): (Error) Subtyping check failed; expected type nat; got type int (see /LinuxAgent/_work/11/s/bin/../ulib/prims.fst(642,17-642,23))
./NegativeTests.Neg.fst(10,23-10,29): (Error) assertion failed (see ./NegativeTests.Neg.fst(10,30-10,35))
./NegativeTests.Neg.fst(12,28-13,15): (Error) Patterns are incomplete
./NegativeTests.Neg.fst(19,32-19,42): (Error) assertion failed (see ./NegativeTests.Neg.fst(15,44-15,57))
./NegativeTests.Neg.fst(21,83-21,88): (Error) could not prove post-condition
./NegativeTests.Neg.fst(25,30-25,31): (Error) Subtyping check failed; expected type (uu___#8071:(option 'a){(b2t (uu___is_Some uu___@0))}); got type (option 'a) (see /LinuxAgent/_work/11/s/bin/../ulib/prims.fst(252,4-252,8))
./NegativeTests.Neg.fst(28,41-28,43): (Error) Subtyping check failed; expected type (uu___#9211:(result int){(b2t (uu___is_V uu___@0))}); got type (result int) (see /LinuxAgent/_work/11/s/bin/../ulib/prims.fst(259,4-259,5))
./NegativeTests.Neg.fst(32,25-32,26): (Error) Subtyping check failed; expected type nat; got type int (see /LinuxAgent/_work/11/s/bin/../ulib/prims.fst(642,17-642,23))
./NegativeTests.Set.fst(12,2-12,8): (Error) assertion failed (see ./NegativeTests.Set.fst(12,9-12,30))
./NegativeTests.Set.fst(16,2-16,8): (Error) assertion failed (see ./NegativeTests.Set.fst(16,9-16,67))
./NegativeTests.Set.fst(20,2-20,8): (Error) assertion failed (see ./NegativeTests.Set.fst(20,9-20,52))
./NegativeTests.ShortCircuiting.fst(5,16-5,33): (Error) Subtyping check failed; expected type (b#22:bool{(bad_p b@0)}); got type bool (see ./NegativeTests.ShortCircuiting.fst(4,31-4,38))
./NegativeTests.ShortCircuiting.fst(8,0-8,36): (Error) assertion failed(Also see: /LinuxAgent/_work/11/s/bin/../ulib/prims.fst(175,22-175,33))
./NegativeTests.Termination.fst(7,27-7,28): (Error) Subtyping check failed; expected type (z#130:int{(precedes (LexCons m (LexCons z@0 LexTop)) m)}); got type int (see ./NegativeTests.Termination.fst(5,0-7,29))
./NegativeTests.Termination.fst(13,26-13,35): (Error) Subtyping check failed; expected type (uu___#628:int{(precedes (LexCons n (LexCons uu___@0 LexTop)) (LexCons n (LexCons count LexTop)))}); got type int (see ./NegativeTests.Termination.fst(10,0-13,35))
./NegativeTests.Termination.fst(20,29-20,54): (Error) Subtyping check failed; expected type (n#1104:int{(precedes (LexCons (op_Subtraction m 1) (LexCons n@0 LexTop)) (LexCons m (LexCons n LexTop)))}); got type int (see ./NegativeTests.Termination.fst(17,0-20,54))
./NegativeTests.Termination.fst(25,28-25,29): (Error) Subtyping check failed; expected type (uu___#2065:(list 'a){(precedes uu___@0 l)}); got type (list 'a) (see ./NegativeTests.Termination.fst(23,0-25,29))
./NegativeTests.Termination.fst(37,15-37,29): (Error) Subtyping check failed; expected type (x:(x#2696:nat{(b2t (op_LessThanOrEqual x@0 v))}) -> Tot nat); got type (uu___:(uu___#3541:nat{(precedes uu___@0 v)}) -> Tot nat) (see ./NegativeTests.Termination.fst(34,0-37,29))
./NegativeTests.Termination.fst(48,19-48,29): (Error) Subtyping check failed; expected type (uu___#4371:snat{(precedes uu___@0 n)}); got type snat (see ./NegativeTests.Termination.fst(44,0-48,29))
./NegativeTests.Termination.fst(55,34-55,35): (Error) Subtyping check failed; expected type (uu___#4993:snat{(precedes (LexCons (S (S n')) (LexCons uu___@0 LexTop)) (LexCons n (LexCons m LexTop)))}); got type snat (see ./NegativeTests.Termination.fst(51,0-55,35))
./NegativeTests.Termination.fst(59,2-61,14): (Error) Patterns are incomplete
./NegativeTests.Termination.fst(67,29-67,31): (Error) Subtyping check failed; expected type (uu___#6171:snat{(precedes (LexCons (S n') (LexCons uu___@0 LexTop)) (LexCons n (LexCons m LexTop)))}); got type (?41403 n m) (see ./NegativeTests.Termination.fst(64,0-67,31))
./NegativeTests.Termination.fst(73,20-73,26): (Error) Subtyping check failed; expected type (uu___#7294:snat{(precedes uu___@0 n)}); got type snat (see ./NegativeTests.Termination.fst(70,0-73,26))
Verified module: NegativeTests.ShortCircuiting (2930 milliseconds)
Verified module: NegativeTests.Positivity (3061 milliseconds)
Verified module: NegativeTests.BST (9750 milliseconds)
Verified module: NegativeTests.Heap (5991 milliseconds)
Verified module: NegativeTests.Termination (23164 milliseconds)
Verified module: NegativeTests.Neg (19222 milliseconds)
Verified module: NegativeTests.False (4105 milliseconds)
Verified module: NegativeTests.Bug260 (3612 milliseconds)
Verified module: NegativeTests.ImplicitFalse (2706 milliseconds)
Verified module: NegativeTests.Set (5845 milliseconds)
41 errors were reported (see above)
Success: 41 failures were expected
make[3]: Leaving directory '/LinuxAgent/_work/11/s/examples/micro-benchmarks'
../../../bin/fstar.exe --fstar_home ../../.. --max_fuel 4 --initial_fuel 0 --max_ifuel 2 --initial_ifuel 0 --z3rlimit 20  --use_hints --trace_error \
--include ../../../ulib/hyperstack --include hacl \
--__temp_no_proj Crypto.Symmetric.MAC \
--verify_module Crypto.AEAD.Decrypt \
Crypto.AEAD.Decrypt.fst
Verified module: FStar.MRef (1031 milliseconds)
All verification conditions discharged successfully
/LinuxAgent/_work/11/s/bin/fstar.exe --trace_error --use_hints FStar.HyperHeap.fst
Verified module: Crypto.AEAD.AES256GCM (43295 milliseconds)
All verification conditions discharged successfully
../../../bin/fstar.exe --fstar_home ../../.. --max_fuel 4 --initial_fuel 0 --max_ifuel 2 --initial_ifuel 0 --z3rlimit 20  --use_hints --trace_error \
--include ../../../ulib/hyperstack --include hacl \
--__temp_no_proj Crypto.Symmetric.MAC \
--verify_module Crypto.AEAD.MAC_Wrapper.Invariant \
Crypto.AEAD.MAC_Wrapper.Invariant.fst
Verified module: FStar.List.Tot (8 milliseconds)
All verification conditions discharged successfully
/LinuxAgent/_work/11/s/bin/fstar.exe --trace_error --use_hints FStar.Seq.Base.fst
Verified module: FStar.Int32 (18541 milliseconds)
All verification conditions discharged successfully
/LinuxAgent/_work/11/s/bin/fstar.exe --trace_error --use_hints FStar.SquashProperties.fst
Verified module: FStar.SquashProperties (4485 milliseconds)
All verification conditions discharged successfully
/LinuxAgent/_work/11/s/bin/fstar.exe --trace_error --use_hints FStar.Int64.fst
Verified module: FStar.Seq.Base (24296 milliseconds)
All verification conditions discharged successfully
/LinuxAgent/_work/11/s/bin/fstar.exe --trace_error --use_hints FStar.ErasedLogic.fst
Verified module: FStar.HyperHeap (37971 milliseconds)
All verification conditions discharged successfully
/LinuxAgent/_work/11/s/bin/fstar.exe --trace_error --use_hints FStar.TSet.fst
Verified module: FStar.ErasedLogic (104 milliseconds)
All verification conditions discharged successfully
/LinuxAgent/_work/11/s/bin/fstar.exe --trace_error --use_hints FStar.Crypto.fst
Unexpected error
Unix.Unix_error(Unix.ENOMEM, "fork", "")
Raised by primitive operation at file "unix.ml", line 926, characters 8-14
Called from file "unix.ml", line 971, characters 4-126
Re-raised at file "unix.ml", line 978, characters 10-11
Called from file "src/basic/ml/FStar_Util.ml", line 130, characters 19-44
Called from file "src/ocaml-output/FStar_SMTEncoding_Z3.ml", line 453, characters 19-34
Called from file "src/ocaml-output/FStar_SMTEncoding_Z3.ml", line 970, characters 10-43
Called from file "src/ocaml-output/FStar_SMTEncoding_Solver.ml", line 606, characters 10-53
Called from file "src/ocaml-output/FStar_SMTEncoding_Solver.ml", line 680, characters 1-55
Called from file "src/ocaml-output/FStar_TypeChecker_Rel.ml", line 5692, characters 0-87
Called from file "src/ocaml-output/FStar_TypeChecker_Rel.ml", line 5704, characters 18-52
Called from file "src/ocaml-output/FStar_TypeChecker_TcTerm.ml", line 2431, characters 3-57
Called from file "src/ocaml-output/FStar_TypeChecker_TcTerm.ml", line 4116, characters 17-1023
Called from file "src/ocaml-output/FStar_TypeChecker_TcTerm.ml", line 3576, characters 17-50
Called from file "src/ocaml-output/FStar_TypeChecker_Tc.ml", line 2188, characters 17-1023
Called from file "src/ocaml-output/FStar_TypeChecker_Tc.ml", line 2410, characters 17-33
Called from file "list.ml", line 84, characters 24-34
Called from file "src/ocaml-output/FStar_TypeChecker_Tc.ml", line 2446, characters 17-771
Called from file "src/ocaml-output/FStar_TypeChecker_Tc.ml", line 2536, characters 17-70
Called from file "src/ocaml-output/FStar_TypeChecker_Tc.ml", line 2724, characters 17-45
Called from file "src/basic/ml/FStar_Util.ml", line 44, characters 14-18
Called from file "src/ocaml-output/FStar_Universal.ml", line 174, characters 16-101
Called from file "list.ml", line 84, characters 24-34
Called from file "src/ocaml-output/bootlibs/FStar_All.ml", line 3, characters 21-24
Called from file "src/ocaml-output/FStar_SMTEncoding_Solver.ml", line 165, characters 13-19
Called from file "src/ocaml-output/FStar_Universal.ml", line 297, characters 14-64
Called from file "src/ocaml-output/FStar_Universal.ml", line 322, characters 16-59
Called from file "src/ocaml-output/FStar_Universal.ml", line 333, characters 16-73
Called from file "src/ocaml-output/FStar_Universal.ml", line 374, characters 16-60
Called from file "src/ocaml-output/FStar_Main.ml", line 281, characters 16-57
Called from file "src/ocaml-output/FStar_Main.ml", line 311, characters 1-8

Makefile:97: recipe for target 'Crypto.Symmetric.PRF.fst-ver' failed
make[4]: *** [Crypto.Symmetric.PRF.fst-ver] Error 1
/LinuxAgent/_work/11/s/bin/fstar.exe --trace_error --use_hints FStar.OrdSet.fst
Verified module: FStar.TSet (2909 milliseconds)
All verification conditions discharged successfully
/LinuxAgent/_work/11/s/bin/fstar.exe --trace_error --use_hints FStar.Heap.fst
Unexpected error
Unix.Unix_error(Unix.ENOMEM, "fork", "")
Raised by primitive operation at file "unix.ml", line 926, characters 8-14
Called from file "unix.ml", line 971, characters 4-126
Re-raised at file "unix.ml", line 978, characters 10-11
Called from file "src/basic/ml/FStar_Util.ml", line 130, characters 19-44
Called from file "src/ocaml-output/FStar_SMTEncoding_Z3.ml", line 453, characters 19-34
Called from file "src/ocaml-output/FStar_SMTEncoding_Z3.ml", line 970, characters 10-43
Called from file "src/ocaml-output/FStar_TypeChecker_Tc.ml", line 1677, characters 0-67
Called from file "src/ocaml-output/FStar_TypeChecker_Tc.ml", line 2410, characters 17-33
Called from file "list.ml", line 84, characters 24-34
Called from file "src/ocaml-output/FStar_TypeChecker_Tc.ml", line 2446, characters 17-771
Called from file "src/ocaml-output/FStar_TypeChecker_Tc.ml", line 2536, characters 17-70
Called from file "src/ocaml-output/FStar_TypeChecker_Tc.ml", line 2724, characters 17-45
Called from file "src/basic/ml/FStar_Util.ml", line 44, characters 14-18
Called from file "src/ocaml-output/FStar_Universal.ml", line 174, characters 16-101
Called from file "list.ml", line 84, characters 24-34
Called from file "src/ocaml-output/bootlibs/FStar_All.ml", line 3, characters 21-24
Called from file "src/ocaml-output/FStar_Universal.ml", line 297, characters 14-64
Called from file "src/ocaml-output/FStar_Universal.ml", line 322, characters 16-59
Called from file "src/ocaml-output/FStar_Universal.ml", line 333, characters 16-73
Called from file "src/ocaml-output/FStar_Universal.ml", line 374, characters 16-60
Called from file "src/ocaml-output/FStar_Main.ml", line 281, characters 16-57
Called from file "src/ocaml-output/FStar_Main.ml", line 311, characters 1-8

Makefile:97: recipe for target 'Crypto.AEAD.EnxorDexor.fst-ver' failed
make[4]: *** [Crypto.AEAD.EnxorDexor.fst-ver] Error 1
/LinuxAgent/_work/11/s/bin/fstar.exe --trace_error --use_hints FStar.Squash.fst
Verified module: FStar.Heap (1320 milliseconds)
All verification conditions discharged successfully
/LinuxAgent/_work/11/s/bin/fstar.exe --trace_error --use_hints FStar.UInt32.fst
Verified i'face (or impl+i'face): FStar.Squash (62 milliseconds)
All verification conditions discharged successfully
/LinuxAgent/_work/11/s/bin/fstar.exe --trace_error --use_hints FStar.List.Tot.Properties.fst
Unexpected error
Unix.Unix_error(Unix.ENOMEM, "fork", "")
Raised by primitive operation at file "unix.ml", line 926, characters 8-14
Called from file "unix.ml", line 971, characters 4-126
Re-raised at file "unix.ml", line 978, characters 10-11
Called from file "src/basic/ml/FStar_Util.ml", line 130, characters 19-44
Called from file "src/ocaml-output/FStar_SMTEncoding_Z3.ml", line 453, characters 19-34
Called from file "src/ocaml-output/FStar_SMTEncoding_Z3.ml", line 970, characters 10-43
Called from file "src/ocaml-output/FStar_SMTEncoding_Solver.ml", line 606, characters 10-53
Called from file "src/ocaml-output/FStar_SMTEncoding_Solver.ml", line 680, characters 1-55
Called from file "src/ocaml-output/FStar_TypeChecker_Rel.ml", line 5692, characters 0-87
Called from file "src/ocaml-output/FStar_TypeChecker_Rel.ml", line 5704, characters 18-52
Called from file "src/ocaml-output/FStar_TypeChecker_Rel.ml", line 5828, characters 14-37
Called from file "src/ocaml-output/FStar_TypeChecker_Tc.ml", line 51, characters 0-49
Called from file "src/ocaml-output/FStar_TypeChecker_Tc.ml", line 90, characters 170-202
Called from file "src/ocaml-output/FStar_TypeChecker_Tc.ml", line 2410, characters 17-33
Called from file "list.ml", line 84, characters 24-34
Called from file "src/ocaml-output/FStar_TypeChecker_Tc.ml", line 2446, characters 17-771
Called from file "src/ocaml-output/FStar_TypeChecker_Tc.ml", line 2536, characters 17-70
Called from file "src/ocaml-output/FStar_TypeChecker_Tc.ml", line 2724, characters 17-45
Called from file "src/basic/ml/FStar_Util.ml", line 44, characters 14-18
Called from file "src/ocaml-output/FStar_Universal.ml", line 174, characters 16-101
Called from file "list.ml", line 84, characters 24-34
Called from file "src/ocaml-output/bootlibs/FStar_All.ml", line 3, characters 21-24
Called from file "src/ocaml-output/FStar_SMTEncoding_Solver.ml", line 165, characters 13-19
Called from file "src/ocaml-output/FStar_Universal.ml", line 297, characters 14-64
Called from file "src/ocaml-output/FStar_Universal.ml", line 322, characters 16-59
Called from file "src/ocaml-output/FStar_Universal.ml", line 333, characters 16-73
Called from file "src/ocaml-output/FStar_Universal.ml", line 374, characters 16-60
Called from file "src/ocaml-output/FStar_Main.ml", line 281, characters 16-57
Called from file "src/ocaml-output/FStar_Main.ml", line 311, characters 1-8

Makefile:97: recipe for target 'Crypto.AEAD.Enxor.Invariant.fst-ver' failed
make[4]: *** [Crypto.AEAD.Enxor.Invariant.fst-ver] Error 1
../../../bin/fstar.exe --fstar_home ../../.. --max_fuel 4 --initial_fuel 0 --max_ifuel 2 --initial_ifuel 0 --z3rlimit 20  --use_hints --trace_error \
--include ../../../ulib/hyperstack --include hacl \
--__temp_no_proj Crypto.Symmetric.MAC \
--verify_module Crypto.AEAD.Encrypt.Ideal.Invariant \
Crypto.AEAD.Encrypt.Ideal.Invariant.fst
Verified module: Crypto.Symmetric.Poly1305.Bignum (174253 milliseconds)
All verification conditions discharged successfully
Verified module: Crypto.Symmetric.AES (163184 milliseconds)
All verification conditions discharged successfully
/LinuxAgent/_work/11/s/bin/fstar.exe --trace_error --use_hints FStar.Set.fst
/LinuxAgent/_work/11/s/bin/fstar.exe --trace_error --use_hints FStar.PropositionalExtensionality.fst
Verified module: FStar.Crypto (1980 milliseconds)
All verification conditions discharged successfully
/LinuxAgent/_work/11/s/bin/fstar.exe --trace_error --use_hints FStar.BitVector.fst
Verified module: FStar.Int64 (18639 milliseconds)
All verification conditions discharged successfully
/LinuxAgent/_work/11/s/bin/fstar.exe --trace_error --use_hints FStar.IndefiniteDescription.fst
Verified module: Crypto.Symmetric.AES128 (167806 milliseconds)
All verification conditions discharged successfully
/LinuxAgent/_work/11/s/bin/fstar.exe --trace_error --use_hints FStar.SquashEffect.fst
Verified module: FStar.PropositionalExtensionality (45 milliseconds)
All verification conditions discharged successfully
/LinuxAgent/_work/11/s/bin/fstar.exe --trace_error --use_hints FStar.Array.fst
Verified module: FStar.OrdSet (22266 milliseconds)
All verification conditions discharged successfully
Verified module: FStar.Set (4568 milliseconds)
All verification conditions discharged successfully
/LinuxAgent/_work/11/s/bin/fstar.exe --trace_error --use_hints FStar.List.fst
/LinuxAgent/_work/11/s/bin/fstar.exe --trace_error --use_hints FStar.MarkovsPrinciple.fst
Verified module: FStar.IndefiniteDescription (2946 milliseconds)
All verification conditions discharged successfully
/LinuxAgent/_work/11/s/bin/fstar.exe --trace_error --use_hints FStar.FunctionalExtensionality.fst
Verified module: FStar.SquashEffect (584 milliseconds)
All verification conditions discharged successfully
/LinuxAgent/_work/11/s/bin/fstar.exe --trace_error --use_hints FStar.Map.fst
Verified module: FStar.MarkovsPrinciple (51 milliseconds)
All verification conditions discharged successfully
/LinuxAgent/_work/11/s/bin/fstar.exe --trace_error --use_hints FStar.Constructive.fst
Verified module: FStar.FunctionalExtensionality (471 milliseconds)
All verification conditions discharged successfully
/LinuxAgent/_work/11/s/bin/fstar.exe --trace_error --use_hints FStar.Classical.fst
Verified module: FStar.List.Tot.Properties (21394 milliseconds)
All verification conditions discharged successfully
/LinuxAgent/_work/11/s/bin/fstar.exe --trace_error --use_hints FStar.Reader.fst
Verified module: FStar.List (6983 milliseconds)
All verification conditions discharged successfully
/LinuxAgent/_work/11/s/bin/fstar.exe --trace_error --use_hints FStar.Bytes.fst
Verified module: Crypto.AEAD.BufferUtils (135777 milliseconds)
All verification conditions discharged successfully
/LinuxAgent/_work/11/s/bin/fstar.exe --trace_error --use_hints FStar.List.Tot.Base.fst
Verified module: FStar.Constructive (3852 milliseconds)
All verification conditions discharged successfully
/LinuxAgent/_work/11/s/bin/fstar.exe --trace_error --use_hints FStar.UInt63.fst
Verified module: FStar.Array (7681 milliseconds)
All verification conditions discharged successfully
/LinuxAgent/_work/11/s/bin/fstar.exe --trace_error --use_hints FStar.Integers.fst
Verified module: FStar.BitVector (17709 milliseconds)
All verification conditions discharged successfully
../../../bin/fstar.exe --fstar_home ../../.. --max_fuel 4 --initial_fuel 0 --max_ifuel 2 --initial_ifuel 0 --z3rlimit 20  --use_hints --trace_error \
--include ../../../ulib/hyperstack --include hacl \
--__temp_no_proj Crypto.Symmetric.MAC \
--verify_module Crypto.AEAD.Encrypt \
Crypto.AEAD.Encrypt.fst
Verified module: FStar.UInt32 (19713 milliseconds)
All verification conditions discharged successfully
/LinuxAgent/_work/11/s/bin/fstar.exe --trace_error --use_hints FStar.Tcp.fst
Verified module: FStar.Reader (1250 milliseconds)
All verification conditions discharged successfully
/LinuxAgent/_work/11/s/bin/fstar.exe --trace_error --use_hints FStar.TwoLevelHeap.fst
Verified module: FStar.Classical (3313 milliseconds)
All verification conditions discharged successfully
/LinuxAgent/_work/11/s/bin/fstar.exe --trace_error --use_hints FStar.ST.fst
Verified module: Crypto.Symmetric.Poly1305.Bignum.Lemmas.Part3 (365998 milliseconds)
All verification conditions discharged successfully
/LinuxAgent/_work/11/s/bin/fstar.exe --trace_error --use_hints FStar.Int.fst
Verified module: FStar.Map (9059 milliseconds)
All verification conditions discharged successfully
/LinuxAgent/_work/11/s/bin/fstar.exe --trace_error --use_hints FStar.StrongExcludedMiddle.fst
Verified module: FStar.ST (66 milliseconds)
All verification conditions discharged successfully
/LinuxAgent/_work/11/s/bin/fstar.exe --trace_error --use_hints FStar.Util.fst
Verified module: FStar.TwoLevelHeap (4640 milliseconds)
All verification conditions discharged successfully
/LinuxAgent/_work/11/s/bin/fstar.exe --trace_error --use_hints FStar.OrdSetProps.fst
Verified module: FStar.List.Tot.Base (10789 milliseconds)
All verification conditions discharged successfully
/LinuxAgent/_work/11/s/bin/fstar.exe --trace_error --use_hints FStar.Int16.fst
Verified module: FStar.Bytes (569 milliseconds)
All verification conditions discharged successfully
/LinuxAgent/_work/11/s/bin/fstar.exe --trace_error --use_hints FStar.UInt8.fst
Verified module: FStar.StrongExcludedMiddle (234 milliseconds)
All verification conditions discharged successfully
/LinuxAgent/_work/11/s/bin/fstar.exe --trace_error --use_hints FStar.Char.fsti
Verified module: FStar.Util (32 milliseconds)
All verification conditions discharged successfully
/LinuxAgent/_work/11/s/bin/fstar.exe --trace_error --use_hints FStar.BaseTypes.fsti
Verified module: FStar.Tcp (14 milliseconds)
All verification conditions discharged successfully
/LinuxAgent/_work/11/s/bin/fstar.exe --trace_error --use_hints FStar.Float.fsti
Verified module: FStar.Int (9733 milliseconds)
All verification conditions discharged successfully
/LinuxAgent/_work/11/s/bin/fstar.exe --trace_error --use_hints FStar.Universe.fsti
Verified i'face (or impl+i'face): FStar.Char (514 milliseconds)
All verification conditions discharged successfully
/LinuxAgent/_work/11/s/bin/fstar.exe --trace_error --use_hints FStar.Matrix2.fsti
Verified module: FStar.OrdSetProps (2516 milliseconds)
All verification conditions discharged successfully
/LinuxAgent/_work/11/s/bin/fstar.exe --trace_error --use_hints FStar.Option.fsti
Verified i'face (or impl+i'face): FStar.Universe (37 milliseconds)
All verification conditions discharged successfully
/LinuxAgent/_work/11/s/bin/fstar.exe --trace_error --use_hints FStar.Squash.fsti
Verified i'face (or impl+i'face): FStar.Float (63 milliseconds)
All verification conditions discharged successfully
/LinuxAgent/_work/11/s/bin/fstar.exe --trace_error --use_hints FStar.String.fsti
Verified i'face (or impl+i'face): FStar.Option (75 milliseconds)
All verification conditions discharged successfully
/LinuxAgent/_work/11/s/bin/fstar.exe --trace_error --use_hints FStar.IO.fsti
Verified module: FStar.UInt63 (21389 milliseconds)
All verification conditions discharged successfully
Verified module: Crypto.Symmetric.MAC (196937 milliseconds)
All verification conditions discharged successfully
/LinuxAgent/_work/11/s/bin/fstar.exe --trace_error --use_hints FStar.Map.fst FStar.HyperHeap.fst hyperheap/FStar.ST.fst FStar.Util.fst
/LinuxAgent/_work/11/s/bin/fstar.exe --trace_error --use_hints FStar.Map.fst FStar.HyperStack.fst hyperstack/FStar.ST.fst hyperstack/FStar.All.fst FStar.Monotonic.RRef.fst FStar.Monotonic.Seq.fst
Verified i'face (or impl+i'face): FStar.Squash (62 milliseconds)
All verification conditions discharged successfully
/LinuxAgent/_work/11/s/bin/fstar.exe --trace_error --use_hints FStar.Map.fst FStar.HyperStack.fst hyperstack/FStar.ST.fst FStar.Buffer.fst FStar.Buffer.Quantifiers.fst
Verified i'face (or impl+i'face): FStar.String (729 milliseconds)
All verification conditions discharged successfully
../../../bin/fstar.exe --fstar_home ../../.. --max_fuel 4 --initial_fuel 0 --max_ifuel 2 --initial_ifuel 0 --z3rlimit 20  --use_hints --trace_error \
--include ../../../ulib/hyperstack --include hacl \
--__temp_no_proj Crypto.Symmetric.MAC \
--verify_module Crypto.AEAD \
Crypto.AEAD.fst
Verified module: Crypto.AEAD.Wrappers.Encoding (38505 milliseconds)
All verification conditions discharged successfully
../../../bin/fstar.exe --fstar_home ../../.. --max_fuel 4 --initial_fuel 0 --max_ifuel 2 --initial_ifuel 0 --z3rlimit 20  --use_hints --trace_error \
--include ../../../ulib/hyperstack --include hacl \
--__temp_no_proj Crypto.Symmetric.MAC \
--verify_module Crypto.Plain \
Crypto.Plain.fst
Verified i'face (or impl+i'face): FStar.BaseTypes (48 milliseconds)
All verification conditions discharged successfully
../../../bin/fstar.exe --fstar_home ../../.. --max_fuel 4 --initial_fuel 0 --max_ifuel 2 --initial_ifuel 0 --z3rlimit 20  --use_hints --trace_error \
--include ../../../ulib/hyperstack --include hacl \
--__temp_no_proj Crypto.Symmetric.MAC \
--verify_module TestMonotonic \
TestMonotonic.fst
Verified module: Crypto.AEAD.Wrappers.PRF (71378 milliseconds)
All verification conditions discharged successfully
Verified i'face (or impl+i'face): FStar.IO (285 milliseconds)
All verification conditions discharged successfully
Verified i'face (or impl+i'face): FStar.Matrix2 (7130 milliseconds)
All verification conditions discharged successfully
Verified module: FStar.Int16 (22027 milliseconds)
All verification conditions discharged successfully
Verified module: FStar.UInt8 (24151 milliseconds)
All verification conditions discharged successfully
Verified module: Crypto.AEAD.Decrypt (37594 milliseconds)
All verification conditions discharged successfully
Verified module: TestMonotonic (6136 milliseconds)
All verification conditions discharged successfully
Verified module: Crypto.Symmetric.Cipher (227436 milliseconds)
All verification conditions discharged successfully
Verified module: FStar.Integers (51386 milliseconds)
All verification conditions discharged successfully
Verified module: Crypto.AEAD.MAC_Wrapper.Invariant (72285 milliseconds)
All verification conditions discharged successfully
Verified module: FStar.Map (9333 milliseconds)
Verified module: FStar.HyperHeap (30711 milliseconds)
Verified module: FStar.ST (2134 milliseconds)
Verified module: FStar.Util (55 milliseconds)
All verification conditions discharged successfully
Verified module: Crypto.Plain (10175 milliseconds)
All verification conditions discharged successfully
Verified module: Crypto.AEAD (2772 milliseconds)
All verification conditions discharged successfully
Verified module: FStar.Map (9332 milliseconds)
Verified module: FStar.HyperStack (23998 milliseconds)
Verified module: FStar.ST (18210 milliseconds)
Verified module: FStar.Monotonic.RRef (2317 milliseconds)
Verified module: FStar.Monotonic.Seq (22871 milliseconds)
Verified module: FStar.All (55 milliseconds)
All verification conditions discharged successfully
Verified module: Crypto.AEAD.Encrypt.Ideal.Invariant (57454 milliseconds)
All verification conditions discharged successfully
Verified module: Crypto.AEAD.Encrypt.Invariant (224019 milliseconds)
All verification conditions discharged successfully
Verified module: Crypto.Symmetric.UF1CMA (336237 milliseconds)
All verification conditions discharged successfully
Verified module: Crypto.AEAD.Encrypt (81530 milliseconds)
All verification conditions discharged successfully
Verified module: Crypto.Symmetric.Bytes (749733 milliseconds)
All verification conditions discharged successfully
Verified module: FStar.Math.Lemmas (829197 milliseconds)
All verification conditions discharged successfully
Verified module: Crypto.AEAD.Invariant (380790 milliseconds)
All verification conditions discharged successfully
Verified module: FStar.Map (9998 milliseconds)
Verified module: FStar.HyperStack (25353 milliseconds)
Verified module: FStar.ST (20304 milliseconds)
Verified module: FStar.Buffer (200488 milliseconds)
Verified module: FStar.Buffer.Quantifiers (3818 milliseconds)
All verification conditions discharged successfully
make[2]: Leaving directory '/LinuxAgent/_work/11/s/ulib'
Verified module: Crypto.AEAD.Wrappers.CMA (365781 milliseconds)
All verification conditions discharged successfully
Verified module: Crypto.AEAD.Encoding (526428 milliseconds)
All verification conditions discharged successfully
make[4]: Leaving directory '/LinuxAgent/_work/11/s/examples/low-level/crypto'
make[4]: Target 'all' not remade because of errors.
Makefile:35: recipe for target 'all' failed
make[3]: *** [all] Error 2
make[3]: Leaving directory '/LinuxAgent/_work/11/s/examples/low-level'
make[2]: *** [low-level.all] Error 2
Makefile:33: recipe for target 'low-level.all' failed
make[2]: Target 'all' not remade because of errors.
make[2]: Leaving directory '/LinuxAgent/_work/11/s/examples'
Makefile:264: recipe for target 'uexamples' failed
make[1]: *** [uexamples] Error 2
make[1]: Target 'uregressions' not remade because of errors.
make[1]: Leaving directory '/LinuxAgent/_work/11/s/src'
Makefile:241: recipe for target 'utest' failed
make: *** [utest] Error 2
make: Leaving directory '/LinuxAgent/_work/11/s/src'
