dos2unix: converting file parser/parse.fsi to Unix format...
Warning: you are using the standard library and/or the %inline keyword. We
recommend switching on --infer in order to avoid obscure type error messages.
dos2unix: converting file parse.mly to Unix format...
File "src/basic/ml/FStar_Util.ml", line 49, characters 57-65:
Warning 40: st_mtime was selected from type BatUnix.stats.
It is not visible in the current scope, and will not 
be selected if the type becomes unknown.
File "src/basic/ml/FStar_Util.ml", line 49, characters 57-65:
Warning 40: st_mtime was selected from type BatUnix.stats.
It is not visible in the current scope, and will not 
be selected if the type becomes unknown.
.\u_boot_fsts\FStar.TypeChecker.Util.fst(71,0-73,32): (Warning) Annotation from val declaration overrides inline type annotation
.\u_boot_fsts\FStar.Syntax.Syntax.fst(394,0-394,33): (Warning) Annotation from val declaration overrides inline type annotation
.\u_boot_fsts\FStar.Syntax.Syntax.fst(445,0-445,48): (Warning) Annotation from val declaration overrides inline type annotation
.\u_boot_fsts\FStar.Syntax.Syntax.fst(446,0-446,76): (Warning) Annotation from val declaration overrides inline type annotation
.\u_boot_fsts\FStar.Syntax.Syntax.fst(496,0-498,38): (Warning) Annotation from val declaration overrides inline type annotation
.\u_boot_fsts\FStar.TypeChecker.Env.fst(282,0-286,35): (Warning) Annotation from val declaration overrides inline type annotation
.\u_boot_fsts\FStar.TypeChecker.Env.fst(716,0-718,39): (Warning) Annotation from val declaration overrides inline type annotation
.\Ex01a.fst(68,0-68,48): (Warning) Top-level let-bindings must be total; this term may have effects
.\Ex01a.fst(58,0-58,48): (Warning) Top-level let-bindings must be total; this term may have effects
.\Encrypt_SymEnc.fst(30,0-30,27): (Warning) Top-level let-bindings must be total; this term may have effects
WARNING: (7076,51): pattern does not contain all quantified variables.
WARNING: (7076,51): pattern does not contain all quantified variables.
Unexpected error
FStar_Errors.Error(_)
Raised at file "src/ocaml-output/FStar_ToSyntax_Env.ml", line 1980, characters 21-31
Called from file "src/ocaml-output/FStar_ToSyntax_ToSyntax.ml", line 5207, characters 21-62
Called from file "src/ocaml-output/FStar_ToSyntax_ToSyntax.ml", line 5682, characters 35-54
Called from file "list.ml", line 84, characters 24-34
Called from file "src/ocaml-output/FStar_ToSyntax_ToSyntax.ml", line 5733, characters 30-54
Called from file "src/ocaml-output/FStar_ToSyntax_ToSyntax.ml", line 5784, characters 8-63
Called from file "src/ocaml-output/FStar_ToSyntax_ToSyntax.ml", line 5817, characters 37-57
Called from file "list.ml", line 84, characters 24-34
Called from file "src/ocaml-output/FStar_ToSyntax_ToSyntax.ml", line 5812, characters 8-326
Called from file "src/ocaml-output/FStar_Universal.ml", line 290, characters 26-47
Called from file "src/ocaml-output/FStar_Universal.ml", line 383, characters 18-101
Called from file "src/ocaml-output/FStar_Universal.ml", line 407, characters 31-72
Called from file "src/ocaml-output/FStar_Universal.ml", line 424, characters 24-71
Called from file "src/ocaml-output/FStar_Universal.ml", line 465, characters 26-68
Called from file "src/ocaml-output/FStar_Main.ml", line 213, characters 27-67
Called from file "src/ocaml-output/FStar_Main.ml", line 236, characters 6-11

.\ReifyTest.fst(5,5-5,13): (Error) Namespace Preorder cannot be found
1 error was reported (see above)
make[3]: *** [../Makefile.include:16: ReifyTest.uver] Error 1
.\MAC.fst(45,0-45,53): (Warning) Top-level let-bindings must be total; this term may have effects
File "ulib/ml/FStar_HyperStack_ST.ml", line 44, characters 17-47:
Error: This expression has type (FStar_HyperHeap.rid, unit) FStar_Map.t
but an expression was expected of type
FStar_HyperStack.hh =
(FStar_HyperHeap.rid, FStar_Monotonic_Heap.heap) FStar_Map.t
Type unit is not compatible with type
FStar_Monotonic_Heap.heap = FStar_Monotonic_Heap.heap_rec 
make[3]: *** [Makefile:26: fstarlib.cma] Error 2
make[3]: Target 'all' not remade because of errors.
make[2]: *** [Makefile:12: ocaml] Error 2
make[1]: *** [Makefile:274: hello] Error 2
.\Platform.Bytes.fst(15,32-18,29): (Warning) Pattern misses at least one bound variable: uu___#450879
WARNING: (7027,46): pattern does not contain any variable.
WARNING: (7210,46): pattern does not contain any variable.
WARNING: (6926,46): pattern does not contain any variable.
.\Platform.Bytes.fst(257,22-260,30): (Warning) Pattern misses at least one bound variable: i#487673
.\Platform.Bytes.fst(261,8-261,24): (Warning) Pattern misses at least one bound variable: i#489672 (see also .\Platform.Bytes.fst(257,156-260,30))
WARNING: (7232,46): pattern does not contain any variable.
WARNING: (67961,46): pattern does not contain any variable.
WARNING: (71857,43): pattern does not contain all quantified variables.
WARNING: (67961,46): pattern does not contain any variable.
WARNING: (71857,43): pattern does not contain all quantified variables.
WARNING: (7059,46): pattern does not contain any variable.
WARNING: (67961,46): pattern does not contain any variable.
WARNING: (71857,43): pattern does not contain all quantified variables.
WARNING: (67961,46): pattern does not contain any variable.
WARNING: (71857,43): pattern does not contain all quantified variables.
WARNING: (67961,46): pattern does not contain any variable.
WARNING: (71857,43): pattern does not contain all quantified variables.
WARNING: (67961,46): pattern does not contain any variable.
WARNING: (71857,43): pattern does not contain all quantified variables.
WARNING: (67961,46): pattern does not contain any variable.
WARNING: (71857,43): pattern does not contain all quantified variables.
WARNING: (67961,46): pattern does not contain any variable.
WARNING: (71857,43): pattern does not contain all quantified variables.
WARNING: (67961,46): pattern does not contain any variable.
WARNING: (71857,43): pattern does not contain all quantified variables.
.\Platform.Bytes.fst(15,40-18,29): (Warning) Pattern misses at least one bound variable: uu___#524397
.\Platform.Bytes.fst(261,8-261,24): (Warning) Pattern misses at least one bound variable: i#532784 (see also .\Platform.Bytes.fst(257,156-260,30))
.\Ex10a.fst(28,0-28,22): (Warning) Top-level let-bindings must be total; this term may have effects
.\RPC.fst(9,0-9,53): (Warning) Top-level let-bindings must be total; this term may have effects
.\RPC.fst(23,0-23,39): (Warning) Top-level let-bindings must be total; this term may have effects
.\RPC.fst(48,0-49,16): (Warning) Top-level let-bindings must be total; this term may have effects
.\RPC.fst(116,0-116,17): (Warning) Top-level let-bindings must be total; this term may have effects
.\Ex12a.Cap.fst(22,0-22,26): (Warning) Top-level let-bindings must be total; this term may have effects
make[3]: Target 'all' not remade because of errors.
make[2]: *** [Makefile:35: preorders.all] Error 2
jsonparser.pos\Test.fst(0,0-0,0): (Warning) Test: Unexpected output from Z3: (error "line 135728 column 95: Wrong number of arguments (1) passed to function (declare-fun JSONParser.Spec.object_as_type.fuel_instrumented

jsonparser.pos\Test.fst(0,0-0,0): (Warning) Test: Unexpected output from Z3: (Fuel Term Term Term Term)

jsonparser.pos\Test.fst(0,0-0,0): (Warning) Test: Unexpected output from Z3: Term)")

jsonparser.pos\Test.fst(0,0-0,0): (Warning) Test: Unexpected output from Z3: (error "line 135751 column 82: Wrong number of arguments (1) passed to function (declare-fun JSONParser.Spec.object_as_type.fuel_instrumented

jsonparser.pos\Test.fst(0,0-0,0): (Warning) Test: Unexpected output from Z3: (Fuel Term Term Term Term)

jsonparser.pos\Test.fst(0,0-0,0): (Warning) Test: Unexpected output from Z3: Term)")

jsonparser.pos\Test.fst(0,0-0,0): (Warning) Test: Unexpected output from Z3: (error "line 137025 column 47: Wrong number of arguments (1) passed to function (declare-fun JSONParser.Spec.gprint.fuel_instrumented (Fuel Term Term) Term)")

jsonparser.pos\Test.fst(0,0-0,0): (Warning) Test: Unexpected output from Z3: (error "line 140068 column 47: Wrong number of arguments (1) passed to function (declare-fun JSONParser.Spec.gparse.fuel_instrumented

jsonparser.pos\Test.fst(0,0-0,0): (Warning) Test: Unexpected output from Z3: (Fuel Term Term Term)

jsonparser.pos\Test.fst(0,0-0,0): (Warning) Test: Unexpected output from Z3: Term)")

.\TestMRef.fst(8,0-8,15): (Warning) Top-level let-bindings must be total; this term may have effects
.\Ex10a.fst(28,0-28,22): (Warning) Top-level let-bindings must be total; this term may have effects
.\Mac.fst(70,0-70,53): (Warning) Top-level let-bindings must be total; this term may have effects
.\Ex12a.Cap.fst(20,0-20,26): (Warning) Top-level let-bindings must be total; this term may have effects
.\CntProtocol.fst(14,0-14,53): (Warning) Top-level let-bindings must be total; this term may have effects
.\CntProtocol.fst(29,0-29,26): (Warning) Top-level let-bindings must be total; this term may have effects
.\CntProtocol.fst(32,0-32,54): (Warning) Top-level let-bindings must be total; this term may have effects
.\CntProtocol.fst(35,0-35,54): (Warning) Top-level let-bindings must be total; this term may have effects
.\CntProtocol.fst(99,0-99,39): (Warning) Top-level let-bindings must be total; this term may have effects
.\CntProtocol.fst(126,0-126,18): (Warning) Top-level let-bindings must be total; this term may have effects
.\CntProtocol.fst(172,0-188,5): (Warning) Top-level let-bindings must be total; this term may have effects
.\Ex12b.RPC.fst(8,0-8,53): (Warning) Top-level let-bindings must be total; this term may have effects
.\Ex12b.RPC.fst(21,0-21,39): (Warning) Top-level let-bindings must be total; this term may have effects
.\Ex12b.RPC.fst(53,0-54,16): (Warning) Top-level let-bindings must be total; this term may have effects
.\Ex12b.RPC.fst(123,0-123,17): (Warning) Top-level let-bindings must be total; this term may have effects
File "ulib/ml/FStar_HyperStack_ST.ml", line 44, characters 17-47:
Error: This expression has type (FStar_HyperHeap.rid, unit) FStar_Map.t
but an expression was expected of type
FStar_HyperStack.hh =
(FStar_HyperHeap.rid, FStar_Monotonic_Heap.heap) FStar_Map.t
Type unit is not compatible with type
FStar_Monotonic_Heap.heap = FStar_Monotonic_Heap.heap_rec 
make[4]: *** [Makefile:26: fstarlib.cma] Error 2
make[4]: Target 'all' not remade because of errors.
make[3]: *** [Makefile:56: Ex01a-ocaml] Error 2
Warning: Unable to open hints file: C:\Build\Agent2\_work\1\s\ulib\FStar.Preorder.fst.hints; ran without hints
Warning: Unable to open hints file: C:\Build\Agent2\_work\1\s\ulib\FStar.Monotonic.Heap.fst.hints; ran without hints
Warning: Unable to open hints file: C:\Build\Agent2\_work\1\s\ulib\FStar.Seq.Sorted.fst.hints; ran without hints
Warning: Unable to open hints file: C:\Build\Agent2\_work\1\s\ulib\FStar.Monotonic.Heap.fsti.hints; ran without hints
make[3]: Target 'all' not remade because of errors.
make[2]: *** [Makefile:35: ../doc/tutorial/code/solutions.all] Error 2
make[2]: Target 'all' not remade because of errors.
make[1]: *** [Makefile:283: uexamples] Error 2
.\FStar.Buffer.fst(899,8-907,55): (Error) Unknown assertion failed
Verified module: FStar.Buffer (316247 milliseconds)
1 error was reported (see above)
make[2]: *** [Makefile:16: FStar.Buffer.fst-ver] Error 1
make[2]: Target 'all' not remade because of errors.
make[1]: *** [Makefile:280: ulib] Error 2
make[1]: Target 'uregressions' not remade because of errors.
make: *** [Makefile:260: utest] Error 2
