dos2unix: converting file parser/parse.fsi to Unix format...
Warning: you are using the standard library and/or the %inline keyword. We
recommend switching on --infer in order to avoid obscure type error messages.
dos2unix: converting file parse.mly to Unix format...
File "src/basic/ml/FStar_Util.ml", line 49, characters 57-65:
Warning 40: st_mtime was selected from type BatUnix.stats.
It is not visible in the current scope, and will not 
be selected if the type becomes unknown.
File "src/tactics/ml/FStar_Reflection_Syntax.ml", line 12, characters 27-33:
Warning 40: C_Unit was selected from type FStar_Reflection_Data.vconst.
It is not visible in the current scope, and will not 
be selected if the type becomes unknown.
File "src/tactics/ml/FStar_Reflection_Syntax.ml", line 15, characters 27-32:
Warning 40: C_Int was selected from type FStar_Reflection_Data.vconst.
It is not visible in the current scope, and will not 
be selected if the type becomes unknown.
File "src/tactics/ml/FStar_Reflection_Syntax.ml", line 17, characters 43-48:
Warning 40: C_Int was selected from type FStar_Reflection_Data.vconst.
It is not visible in the current scope, and will not 
be selected if the type becomes unknown.
File "src/tactics/ml/FStar_Reflection_Syntax.ml", line 20, characters 27-33:
Warning 40: C_True was selected from type FStar_Reflection_Data.vconst.
It is not visible in the current scope, and will not 
be selected if the type becomes unknown.
File "src/tactics/ml/FStar_Reflection_Syntax.ml", line 23, characters 27-34:
Warning 40: C_False was selected from type FStar_Reflection_Data.vconst.
It is not visible in the current scope, and will not 
be selected if the type becomes unknown.
File "src/tactics/ml/FStar_Reflection_Syntax.ml", line 36, characters 27-33:
Warning 40: Tv_Var was selected from type FStar_Reflection_Data.term_view.
It is not visible in the current scope, and will not 
be selected if the type becomes unknown.
File "src/tactics/ml/FStar_Reflection_Syntax.ml", line 38, characters 43-49:
Warning 40: Tv_Var was selected from type FStar_Reflection_Data.term_view.
It is not visible in the current scope, and will not 
be selected if the type becomes unknown.
File "src/tactics/ml/FStar_Reflection_Syntax.ml", line 41, characters 27-34:
Warning 40: Tv_FVar was selected from type FStar_Reflection_Data.term_view.
It is not visible in the current scope, and will not 
be selected if the type becomes unknown.
File "src/tactics/ml/FStar_Reflection_Syntax.ml", line 43, characters 43-50:
Warning 40: Tv_FVar was selected from type FStar_Reflection_Data.term_view.
It is not visible in the current scope, and will not 
be selected if the type becomes unknown.
File "src/tactics/ml/FStar_Reflection_Syntax.ml", line 46, characters 27-33:
Warning 40: Tv_App was selected from type FStar_Reflection_Data.term_view.
It is not visible in the current scope, and will not 
be selected if the type becomes unknown.
File "src/tactics/ml/FStar_Reflection_Syntax.ml", line 48, characters 43-49:
Warning 40: Tv_App was selected from type FStar_Reflection_Data.term_view.
It is not visible in the current scope, and will not 
be selected if the type becomes unknown.
File "src/tactics/ml/FStar_Reflection_Syntax.ml", line 50, characters 43-49:
Warning 40: Tv_App was selected from type FStar_Reflection_Data.term_view.
It is not visible in the current scope, and will not 
be selected if the type becomes unknown.
File "src/tactics/ml/FStar_Reflection_Syntax.ml", line 53, characters 27-33:
Warning 40: Tv_Abs was selected from type FStar_Reflection_Data.term_view.
It is not visible in the current scope, and will not 
be selected if the type becomes unknown.
File "src/tactics/ml/FStar_Reflection_Syntax.ml", line 55, characters 43-49:
Warning 40: Tv_Abs was selected from type FStar_Reflection_Data.term_view.
It is not visible in the current scope, and will not 
be selected if the type becomes unknown.
File "src/tactics/ml/FStar_Reflection_Syntax.ml", line 57, characters 43-49:
Warning 40: Tv_Abs was selected from type FStar_Reflection_Data.term_view.
It is not visible in the current scope, and will not 
be selected if the type becomes unknown.
File "src/tactics/ml/FStar_Reflection_Syntax.ml", line 60, characters 27-35:
Warning 40: Tv_Arrow was selected from type FStar_Reflection_Data.term_view.
It is not visible in the current scope, and will not 
be selected if the type becomes unknown.
File "src/tactics/ml/FStar_Reflection_Syntax.ml", line 62, characters 43-51:
Warning 40: Tv_Arrow was selected from type FStar_Reflection_Data.term_view.
It is not visible in the current scope, and will not 
be selected if the type becomes unknown.
File "src/tactics/ml/FStar_Reflection_Syntax.ml", line 64, characters 43-51:
Warning 40: Tv_Arrow was selected from type FStar_Reflection_Data.term_view.
It is not visible in the current scope, and will not 
be selected if the type becomes unknown.
File "src/tactics/ml/FStar_Reflection_Syntax.ml", line 67, characters 27-34:
Warning 40: Tv_Type was selected from type FStar_Reflection_Data.term_view.
It is not visible in the current scope, and will not 
be selected if the type becomes unknown.
File "src/tactics/ml/FStar_Reflection_Syntax.ml", line 71, characters 27-36:
Warning 40: Tv_Refine was selected from type FStar_Reflection_Data.term_view.
It is not visible in the current scope, and will not 
be selected if the type becomes unknown.
File "src/tactics/ml/FStar_Reflection_Syntax.ml", line 73, characters 43-52:
Warning 40: Tv_Refine was selected from type FStar_Reflection_Data.term_view.
It is not visible in the current scope, and will not 
be selected if the type becomes unknown.
File "src/tactics/ml/FStar_Reflection_Syntax.ml", line 75, characters 43-52:
Warning 40: Tv_Refine was selected from type FStar_Reflection_Data.term_view.
It is not visible in the current scope, and will not 
be selected if the type becomes unknown.
File "src/tactics/ml/FStar_Reflection_Syntax.ml", line 78, characters 27-35:
Warning 40: Tv_Const was selected from type FStar_Reflection_Data.term_view.
It is not visible in the current scope, and will not 
be selected if the type becomes unknown.
File "src/tactics/ml/FStar_Reflection_Syntax.ml", line 80, characters 43-51:
Warning 40: Tv_Const was selected from type FStar_Reflection_Data.term_view.
It is not visible in the current scope, and will not 
be selected if the type becomes unknown.
File "src/tactics/ml/FStar_Reflection_Syntax.ml", line 83, characters 27-37:
Warning 40: Tv_Unknown was selected from type FStar_Reflection_Data.term_view.
It is not visible in the current scope, and will not 
be selected if the type becomes unknown.
File "src/tactics/ml/FStar_Reflection_Syntax.ml", line 197, characters 8-14:
Warning 40: Tv_App was selected from type FStar_Reflection_Data.term_view.
It is not visible in the current scope, and will not 
be selected if the type becomes unknown.
File "src/tactics/ml/FStar_Reflection_Syntax.ml", line 209, characters 57-63:
Warning 40: Tv_App was selected from type FStar_Reflection_Data.term_view.
It is not visible in the current scope, and will not 
be selected if the type becomes unknown.
File "src/tactics/ml/FStar_Reflection_Syntax.ml", line 246, characters 9-15:
Warning 40: C_Unit was selected from type FStar_Reflection_Data.vconst.
It is not visible in the current scope, and will not 
be selected if the type becomes unknown.
File "src/tactics/ml/FStar_Reflection_Syntax.ml", line 246, characters 17-23:
Warning 40: C_Unit was selected from type FStar_Reflection_Data.vconst.
It is not visible in the current scope, and will not 
be selected if the type becomes unknown.
File "src/tactics/ml/FStar_Reflection_Syntax.ml", line 247, characters 9-14:
Warning 40: C_Int was selected from type FStar_Reflection_Data.vconst.
It is not visible in the current scope, and will not 
be selected if the type becomes unknown.
File "src/tactics/ml/FStar_Reflection_Syntax.ml", line 247, characters 17-22:
Warning 40: C_Int was selected from type FStar_Reflection_Data.vconst.
It is not visible in the current scope, and will not 
be selected if the type becomes unknown.
File "src/tactics/ml/FStar_Reflection_Syntax.ml", line 248, characters 9-15:
Warning 40: C_True was selected from type FStar_Reflection_Data.vconst.
It is not visible in the current scope, and will not 
be selected if the type becomes unknown.
File "src/tactics/ml/FStar_Reflection_Syntax.ml", line 248, characters 17-23:
Warning 40: C_True was selected from type FStar_Reflection_Data.vconst.
It is not visible in the current scope, and will not 
be selected if the type becomes unknown.
File "src/tactics/ml/FStar_Reflection_Syntax.ml", line 249, characters 9-16:
Warning 40: C_False was selected from type FStar_Reflection_Data.vconst.
It is not visible in the current scope, and will not 
be selected if the type becomes unknown.
File "src/tactics/ml/FStar_Reflection_Syntax.ml", line 249, characters 18-25:
Warning 40: C_False was selected from type FStar_Reflection_Data.vconst.
It is not visible in the current scope, and will not 
be selected if the type becomes unknown.
File "src/tactics/ml/FStar_Reflection_Syntax.ml", line 250, characters 9-15:
Warning 40: C_Unit was selected from type FStar_Reflection_Data.vconst.
It is not visible in the current scope, and will not 
be selected if the type becomes unknown.
File "src/tactics/ml/FStar_Reflection_Syntax.ml", line 251, characters 19-25:
Warning 40: C_Unit was selected from type FStar_Reflection_Data.vconst.
It is not visible in the current scope, and will not 
be selected if the type becomes unknown.
File "src/tactics/ml/FStar_Reflection_Syntax.ml", line 252, characters 9-14:
Warning 40: C_Int was selected from type FStar_Reflection_Data.vconst.
It is not visible in the current scope, and will not 
be selected if the type becomes unknown.
File "src/tactics/ml/FStar_Reflection_Syntax.ml", line 253, characters 19-24:
Warning 40: C_Int was selected from type FStar_Reflection_Data.vconst.
It is not visible in the current scope, and will not 
be selected if the type becomes unknown.
File "src/tactics/ml/FStar_Reflection_Syntax.ml", line 254, characters 9-15:
Warning 40: C_True was selected from type FStar_Reflection_Data.vconst.
It is not visible in the current scope, and will not 
be selected if the type becomes unknown.
File "src/tactics/ml/FStar_Reflection_Syntax.ml", line 255, characters 19-25:
Warning 40: C_True was selected from type FStar_Reflection_Data.vconst.
It is not visible in the current scope, and will not 
be selected if the type becomes unknown.
File "src/tactics/ml/FStar_Reflection_Syntax.ml", line 256, characters 9-16:
Warning 40: C_False was selected from type FStar_Reflection_Data.vconst.
It is not visible in the current scope, and will not 
be selected if the type becomes unknown.
File "src/tactics/ml/FStar_Reflection_Syntax.ml", line 257, characters 19-26:
Warning 40: C_False was selected from type FStar_Reflection_Data.vconst.
It is not visible in the current scope, and will not 
be selected if the type becomes unknown.
File "src/tactics/ml/FStar_Reflection_Syntax.ml", line 265, characters 9-15:
Warning 40: Tv_Var was selected from type FStar_Reflection_Data.term_view.
It is not visible in the current scope, and will not 
be selected if the type becomes unknown.
File "src/tactics/ml/FStar_Reflection_Syntax.ml", line 265, characters 19-25:
Warning 40: Tv_Var was selected from type FStar_Reflection_Data.term_view.
It is not visible in the current scope, and will not 
be selected if the type becomes unknown.
File "src/tactics/ml/FStar_Reflection_Syntax.ml", line 266, characters 9-16:
Warning 40: Tv_FVar was selected from type FStar_Reflection_Data.term_view.
It is not visible in the current scope, and will not 
be selected if the type becomes unknown.
File "src/tactics/ml/FStar_Reflection_Syntax.ml", line 266, characters 20-27:
Warning 40: Tv_FVar was selected from type FStar_Reflection_Data.term_view.
It is not visible in the current scope, and will not 
be selected if the type becomes unknown.
File "src/tactics/ml/FStar_Reflection_Syntax.ml", line 267, characters 9-15:
Warning 40: Tv_App was selected from type FStar_Reflection_Data.term_view.
It is not visible in the current scope, and will not 
be selected if the type becomes unknown.
File "src/tactics/ml/FStar_Reflection_Syntax.ml", line 267, characters 24-30:
Warning 40: Tv_App was selected from type FStar_Reflection_Data.term_view.
It is not visible in the current scope, and will not 
be selected if the type becomes unknown.
File "src/tactics/ml/FStar_Reflection_Syntax.ml", line 270, characters 9-15:
Warning 40: Tv_Abs was selected from type FStar_Reflection_Data.term_view.
It is not visible in the current scope, and will not 
be selected if the type becomes unknown.
File "src/tactics/ml/FStar_Reflection_Syntax.ml", line 270, characters 24-30:
Warning 40: Tv_Abs was selected from type FStar_Reflection_Data.term_view.
It is not visible in the current scope, and will not 
be selected if the type becomes unknown.
File "src/tactics/ml/FStar_Reflection_Syntax.ml", line 273, characters 9-17:
Warning 40: Tv_Arrow was selected from type FStar_Reflection_Data.term_view.
It is not visible in the current scope, and will not 
be selected if the type becomes unknown.
File "src/tactics/ml/FStar_Reflection_Syntax.ml", line 273, characters 26-34:
Warning 40: Tv_Arrow was selected from type FStar_Reflection_Data.term_view.
It is not visible in the current scope, and will not 
be selected if the type becomes unknown.
File "src/tactics/ml/FStar_Reflection_Syntax.ml", line 276, characters 9-18:
Warning 40: Tv_Refine was selected from type FStar_Reflection_Data.term_view.
It is not visible in the current scope, and will not 
be selected if the type becomes unknown.
File "src/tactics/ml/FStar_Reflection_Syntax.ml", line 276, characters 27-36:
Warning 40: Tv_Refine was selected from type FStar_Reflection_Data.term_view.
It is not visible in the current scope, and will not 
be selected if the type becomes unknown.
File "src/tactics/ml/FStar_Reflection_Syntax.ml", line 279, characters 9-16:
Warning 40: Tv_Type was selected from type FStar_Reflection_Data.term_view.
It is not visible in the current scope, and will not 
be selected if the type becomes unknown.
File "src/tactics/ml/FStar_Reflection_Syntax.ml", line 279, characters 20-27:
Warning 40: Tv_Type was selected from type FStar_Reflection_Data.term_view.
It is not visible in the current scope, and will not 
be selected if the type becomes unknown.
File "src/tactics/ml/FStar_Reflection_Syntax.ml", line 280, characters 9-17:
Warning 40: Tv_Const was selected from type FStar_Reflection_Data.term_view.
It is not visible in the current scope, and will not 
be selected if the type becomes unknown.
File "src/tactics/ml/FStar_Reflection_Syntax.ml", line 280, characters 21-29:
Warning 40: Tv_Const was selected from type FStar_Reflection_Data.term_view.
It is not visible in the current scope, and will not 
be selected if the type becomes unknown.
File "src/tactics/ml/FStar_Reflection_Syntax.ml", line 281, characters 9-19:
Warning 40: Tv_Unknown was selected from type FStar_Reflection_Data.term_view.
It is not visible in the current scope, and will not 
be selected if the type becomes unknown.
File "src/tactics/ml/FStar_Reflection_Syntax.ml", line 281, characters 21-31:
Warning 40: Tv_Unknown was selected from type FStar_Reflection_Data.term_view.
It is not visible in the current scope, and will not 
be selected if the type becomes unknown.
File "src/tactics/ml/FStar_Reflection_Syntax.ml", line 282, characters 9-15:
Warning 40: Tv_Var was selected from type FStar_Reflection_Data.term_view.
It is not visible in the current scope, and will not 
be selected if the type becomes unknown.
File "src/tactics/ml/FStar_Reflection_Syntax.ml", line 283, characters 19-25:
Warning 40: Tv_Var was selected from type FStar_Reflection_Data.term_view.
It is not visible in the current scope, and will not 
be selected if the type becomes unknown.
File "src/tactics/ml/FStar_Reflection_Syntax.ml", line 284, characters 9-16:
Warning 40: Tv_FVar was selected from type FStar_Reflection_Data.term_view.
It is not visible in the current scope, and will not 
be selected if the type becomes unknown.
File "src/tactics/ml/FStar_Reflection_Syntax.ml", line 285, characters 19-26:
Warning 40: Tv_FVar was selected from type FStar_Reflection_Data.term_view.
It is not visible in the current scope, and will not 
be selected if the type becomes unknown.
File "src/tactics/ml/FStar_Reflection_Syntax.ml", line 286, characters 9-15:
Warning 40: Tv_App was selected from type FStar_Reflection_Data.term_view.
It is not visible in the current scope, and will not 
be selected if the type becomes unknown.
File "src/tactics/ml/FStar_Reflection_Syntax.ml", line 287, characters 19-25:
Warning 40: Tv_App was selected from type FStar_Reflection_Data.term_view.
It is not visible in the current scope, and will not 
be selected if the type becomes unknown.
File "src/tactics/ml/FStar_Reflection_Syntax.ml", line 288, characters 9-15:
Warning 40: Tv_Abs was selected from type FStar_Reflection_Data.term_view.
It is not visible in the current scope, and will not 
be selected if the type becomes unknown.
File "src/tactics/ml/FStar_Reflection_Syntax.ml", line 289, characters 19-25:
Warning 40: Tv_Abs was selected from type FStar_Reflection_Data.term_view.
It is not visible in the current scope, and will not 
be selected if the type becomes unknown.
File "src/tactics/ml/FStar_Reflection_Syntax.ml", line 290, characters 9-17:
Warning 40: Tv_Arrow was selected from type FStar_Reflection_Data.term_view.
It is not visible in the current scope, and will not 
be selected if the type becomes unknown.
File "src/tactics/ml/FStar_Reflection_Syntax.ml", line 291, characters 19-27:
Warning 40: Tv_Arrow was selected from type FStar_Reflection_Data.term_view.
It is not visible in the current scope, and will not 
be selected if the type becomes unknown.
File "src/tactics/ml/FStar_Reflection_Syntax.ml", line 292, characters 9-16:
Warning 40: Tv_Type was selected from type FStar_Reflection_Data.term_view.
It is not visible in the current scope, and will not 
be selected if the type becomes unknown.
File "src/tactics/ml/FStar_Reflection_Syntax.ml", line 293, characters 19-26:
Warning 40: Tv_Type was selected from type FStar_Reflection_Data.term_view.
It is not visible in the current scope, and will not 
be selected if the type becomes unknown.
File "src/tactics/ml/FStar_Reflection_Syntax.ml", line 294, characters 9-18:
Warning 40: Tv_Refine was selected from type FStar_Reflection_Data.term_view.
It is not visible in the current scope, and will not 
be selected if the type becomes unknown.
File "src/tactics/ml/FStar_Reflection_Syntax.ml", line 295, characters 19-28:
Warning 40: Tv_Refine was selected from type FStar_Reflection_Data.term_view.
It is not visible in the current scope, and will not 
be selected if the type becomes unknown.
File "src/tactics/ml/FStar_Reflection_Syntax.ml", line 296, characters 9-17:
Warning 40: Tv_Const was selected from type FStar_Reflection_Data.term_view.
It is not visible in the current scope, and will not 
be selected if the type becomes unknown.
File "src/tactics/ml/FStar_Reflection_Syntax.ml", line 297, characters 19-27:
Warning 40: Tv_Const was selected from type FStar_Reflection_Data.term_view.
It is not visible in the current scope, and will not 
be selected if the type becomes unknown.
File "src/tactics/ml/FStar_Reflection_Syntax.ml", line 298, characters 9-19:
Warning 40: Tv_Unknown was selected from type FStar_Reflection_Data.term_view.
It is not visible in the current scope, and will not 
be selected if the type becomes unknown.
File "src/tactics/ml/FStar_Reflection_Syntax.ml", line 299, characters 19-29:
Warning 40: Tv_Unknown was selected from type FStar_Reflection_Data.term_view.
It is not visible in the current scope, and will not 
be selected if the type becomes unknown.
File "src/tactics/ml/FStar_Tactics_Builtins.ml", line 67, characters 46-47:
Warning 20: this argument will not be used by the function.
File "src/basic/ml/FStar_Util.ml", line 49, characters 57-65:
Warning 40: st_mtime was selected from type BatUnix.stats.
It is not visible in the current scope, and will not 
be selected if the type becomes unknown.
File "src/tactics/ml/FStar_Reflection_Syntax.ml", line 12, characters 27-33:
Warning 40: C_Unit was selected from type FStar_Reflection_Data.vconst.
It is not visible in the current scope, and will not 
be selected if the type becomes unknown.
File "src/tactics/ml/FStar_Reflection_Syntax.ml", line 15, characters 27-32:
Warning 40: C_Int was selected from type FStar_Reflection_Data.vconst.
It is not visible in the current scope, and will not 
be selected if the type becomes unknown.
File "src/tactics/ml/FStar_Reflection_Syntax.ml", line 17, characters 43-48:
Warning 40: C_Int was selected from type FStar_Reflection_Data.vconst.
It is not visible in the current scope, and will not 
be selected if the type becomes unknown.
File "src/tactics/ml/FStar_Reflection_Syntax.ml", line 20, characters 27-33:
Warning 40: C_True was selected from type FStar_Reflection_Data.vconst.
It is not visible in the current scope, and will not 
be selected if the type becomes unknown.
File "src/tactics/ml/FStar_Reflection_Syntax.ml", line 23, characters 27-34:
Warning 40: C_False was selected from type FStar_Reflection_Data.vconst.
It is not visible in the current scope, and will not 
be selected if the type becomes unknown.
File "src/tactics/ml/FStar_Reflection_Syntax.ml", line 36, characters 27-33:
Warning 40: Tv_Var was selected from type FStar_Reflection_Data.term_view.
It is not visible in the current scope, and will not 
be selected if the type becomes unknown.
File "src/tactics/ml/FStar_Reflection_Syntax.ml", line 38, characters 43-49:
Warning 40: Tv_Var was selected from type FStar_Reflection_Data.term_view.
It is not visible in the current scope, and will not 
be selected if the type becomes unknown.
File "src/tactics/ml/FStar_Reflection_Syntax.ml", line 41, characters 27-34:
Warning 40: Tv_FVar was selected from type FStar_Reflection_Data.term_view.
It is not visible in the current scope, and will not 
be selected if the type becomes unknown.
File "src/tactics/ml/FStar_Reflection_Syntax.ml", line 43, characters 43-50:
Warning 40: Tv_FVar was selected from type FStar_Reflection_Data.term_view.
It is not visible in the current scope, and will not 
be selected if the type becomes unknown.
File "src/tactics/ml/FStar_Reflection_Syntax.ml", line 46, characters 27-33:
Warning 40: Tv_App was selected from type FStar_Reflection_Data.term_view.
It is not visible in the current scope, and will not 
be selected if the type becomes unknown.
File "src/tactics/ml/FStar_Reflection_Syntax.ml", line 48, characters 43-49:
Warning 40: Tv_App was selected from type FStar_Reflection_Data.term_view.
It is not visible in the current scope, and will not 
be selected if the type becomes unknown.
File "src/tactics/ml/FStar_Reflection_Syntax.ml", line 50, characters 43-49:
Warning 40: Tv_App was selected from type FStar_Reflection_Data.term_view.
It is not visible in the current scope, and will not 
be selected if the type becomes unknown.
File "src/tactics/ml/FStar_Reflection_Syntax.ml", line 53, characters 27-33:
Warning 40: Tv_Abs was selected from type FStar_Reflection_Data.term_view.
It is not visible in the current scope, and will not 
be selected if the type becomes unknown.
File "src/tactics/ml/FStar_Reflection_Syntax.ml", line 55, characters 43-49:
Warning 40: Tv_Abs was selected from type FStar_Reflection_Data.term_view.
It is not visible in the current scope, and will not 
be selected if the type becomes unknown.
File "src/tactics/ml/FStar_Reflection_Syntax.ml", line 57, characters 43-49:
Warning 40: Tv_Abs was selected from type FStar_Reflection_Data.term_view.
It is not visible in the current scope, and will not 
be selected if the type becomes unknown.
File "src/tactics/ml/FStar_Reflection_Syntax.ml", line 60, characters 27-35:
Warning 40: Tv_Arrow was selected from type FStar_Reflection_Data.term_view.
It is not visible in the current scope, and will not 
be selected if the type becomes unknown.
File "src/tactics/ml/FStar_Reflection_Syntax.ml", line 62, characters 43-51:
Warning 40: Tv_Arrow was selected from type FStar_Reflection_Data.term_view.
It is not visible in the current scope, and will not 
be selected if the type becomes unknown.
File "src/tactics/ml/FStar_Reflection_Syntax.ml", line 64, characters 43-51:
Warning 40: Tv_Arrow was selected from type FStar_Reflection_Data.term_view.
It is not visible in the current scope, and will not 
be selected if the type becomes unknown.
File "src/tactics/ml/FStar_Reflection_Syntax.ml", line 67, characters 27-34:
Warning 40: Tv_Type was selected from type FStar_Reflection_Data.term_view.
It is not visible in the current scope, and will not 
be selected if the type becomes unknown.
File "src/tactics/ml/FStar_Reflection_Syntax.ml", line 71, characters 27-36:
Warning 40: Tv_Refine was selected from type FStar_Reflection_Data.term_view.
It is not visible in the current scope, and will not 
be selected if the type becomes unknown.
File "src/tactics/ml/FStar_Reflection_Syntax.ml", line 73, characters 43-52:
Warning 40: Tv_Refine was selected from type FStar_Reflection_Data.term_view.
It is not visible in the current scope, and will not 
be selected if the type becomes unknown.
File "src/tactics/ml/FStar_Reflection_Syntax.ml", line 75, characters 43-52:
Warning 40: Tv_Refine was selected from type FStar_Reflection_Data.term_view.
It is not visible in the current scope, and will not 
be selected if the type becomes unknown.
File "src/tactics/ml/FStar_Reflection_Syntax.ml", line 78, characters 27-35:
Warning 40: Tv_Const was selected from type FStar_Reflection_Data.term_view.
It is not visible in the current scope, and will not 
be selected if the type becomes unknown.
File "src/tactics/ml/FStar_Reflection_Syntax.ml", line 80, characters 43-51:
Warning 40: Tv_Const was selected from type FStar_Reflection_Data.term_view.
It is not visible in the current scope, and will not 
be selected if the type becomes unknown.
File "src/tactics/ml/FStar_Reflection_Syntax.ml", line 83, characters 27-37:
Warning 40: Tv_Unknown was selected from type FStar_Reflection_Data.term_view.
It is not visible in the current scope, and will not 
be selected if the type becomes unknown.
File "src/tactics/ml/FStar_Reflection_Syntax.ml", line 197, characters 8-14:
Warning 40: Tv_App was selected from type FStar_Reflection_Data.term_view.
It is not visible in the current scope, and will not 
be selected if the type becomes unknown.
File "src/tactics/ml/FStar_Reflection_Syntax.ml", line 209, characters 57-63:
Warning 40: Tv_App was selected from type FStar_Reflection_Data.term_view.
It is not visible in the current scope, and will not 
be selected if the type becomes unknown.
File "src/tactics/ml/FStar_Reflection_Syntax.ml", line 246, characters 9-15:
Warning 40: C_Unit was selected from type FStar_Reflection_Data.vconst.
It is not visible in the current scope, and will not 
be selected if the type becomes unknown.
File "src/tactics/ml/FStar_Reflection_Syntax.ml", line 246, characters 17-23:
Warning 40: C_Unit was selected from type FStar_Reflection_Data.vconst.
It is not visible in the current scope, and will not 
be selected if the type becomes unknown.
File "src/tactics/ml/FStar_Reflection_Syntax.ml", line 247, characters 9-14:
Warning 40: C_Int was selected from type FStar_Reflection_Data.vconst.
It is not visible in the current scope, and will not 
be selected if the type becomes unknown.
File "src/tactics/ml/FStar_Reflection_Syntax.ml", line 247, characters 17-22:
Warning 40: C_Int was selected from type FStar_Reflection_Data.vconst.
It is not visible in the current scope, and will not 
be selected if the type becomes unknown.
File "src/tactics/ml/FStar_Reflection_Syntax.ml", line 248, characters 9-15:
Warning 40: C_True was selected from type FStar_Reflection_Data.vconst.
It is not visible in the current scope, and will not 
be selected if the type becomes unknown.
File "src/tactics/ml/FStar_Reflection_Syntax.ml", line 248, characters 17-23:
Warning 40: C_True was selected from type FStar_Reflection_Data.vconst.
It is not visible in the current scope, and will not 
be selected if the type becomes unknown.
File "src/tactics/ml/FStar_Reflection_Syntax.ml", line 249, characters 9-16:
Warning 40: C_False was selected from type FStar_Reflection_Data.vconst.
It is not visible in the current scope, and will not 
be selected if the type becomes unknown.
File "src/tactics/ml/FStar_Reflection_Syntax.ml", line 249, characters 18-25:
Warning 40: C_False was selected from type FStar_Reflection_Data.vconst.
It is not visible in the current scope, and will not 
be selected if the type becomes unknown.
File "src/tactics/ml/FStar_Reflection_Syntax.ml", line 250, characters 9-15:
Warning 40: C_Unit was selected from type FStar_Reflection_Data.vconst.
It is not visible in the current scope, and will not 
be selected if the type becomes unknown.
File "src/tactics/ml/FStar_Reflection_Syntax.ml", line 251, characters 19-25:
Warning 40: C_Unit was selected from type FStar_Reflection_Data.vconst.
It is not visible in the current scope, and will not 
be selected if the type becomes unknown.
File "src/tactics/ml/FStar_Reflection_Syntax.ml", line 252, characters 9-14:
Warning 40: C_Int was selected from type FStar_Reflection_Data.vconst.
It is not visible in the current scope, and will not 
be selected if the type becomes unknown.
File "src/tactics/ml/FStar_Reflection_Syntax.ml", line 253, characters 19-24:
Warning 40: C_Int was selected from type FStar_Reflection_Data.vconst.
It is not visible in the current scope, and will not 
be selected if the type becomes unknown.
File "src/tactics/ml/FStar_Reflection_Syntax.ml", line 254, characters 9-15:
Warning 40: C_True was selected from type FStar_Reflection_Data.vconst.
It is not visible in the current scope, and will not 
be selected if the type becomes unknown.
File "src/tactics/ml/FStar_Reflection_Syntax.ml", line 255, characters 19-25:
Warning 40: C_True was selected from type FStar_Reflection_Data.vconst.
It is not visible in the current scope, and will not 
be selected if the type becomes unknown.
File "src/tactics/ml/FStar_Reflection_Syntax.ml", line 256, characters 9-16:
Warning 40: C_False was selected from type FStar_Reflection_Data.vconst.
It is not visible in the current scope, and will not 
be selected if the type becomes unknown.
File "src/tactics/ml/FStar_Reflection_Syntax.ml", line 257, characters 19-26:
Warning 40: C_False was selected from type FStar_Reflection_Data.vconst.
It is not visible in the current scope, and will not 
be selected if the type becomes unknown.
File "src/tactics/ml/FStar_Reflection_Syntax.ml", line 265, characters 9-15:
Warning 40: Tv_Var was selected from type FStar_Reflection_Data.term_view.
It is not visible in the current scope, and will not 
be selected if the type becomes unknown.
File "src/tactics/ml/FStar_Reflection_Syntax.ml", line 265, characters 19-25:
Warning 40: Tv_Var was selected from type FStar_Reflection_Data.term_view.
It is not visible in the current scope, and will not 
be selected if the type becomes unknown.
File "src/tactics/ml/FStar_Reflection_Syntax.ml", line 266, characters 9-16:
Warning 40: Tv_FVar was selected from type FStar_Reflection_Data.term_view.
It is not visible in the current scope, and will not 
be selected if the type becomes unknown.
File "src/tactics/ml/FStar_Reflection_Syntax.ml", line 266, characters 20-27:
Warning 40: Tv_FVar was selected from type FStar_Reflection_Data.term_view.
It is not visible in the current scope, and will not 
be selected if the type becomes unknown.
File "src/tactics/ml/FStar_Reflection_Syntax.ml", line 267, characters 9-15:
Warning 40: Tv_App was selected from type FStar_Reflection_Data.term_view.
It is not visible in the current scope, and will not 
be selected if the type becomes unknown.
File "src/tactics/ml/FStar_Reflection_Syntax.ml", line 267, characters 24-30:
Warning 40: Tv_App was selected from type FStar_Reflection_Data.term_view.
It is not visible in the current scope, and will not 
be selected if the type becomes unknown.
File "src/tactics/ml/FStar_Reflection_Syntax.ml", line 270, characters 9-15:
Warning 40: Tv_Abs was selected from type FStar_Reflection_Data.term_view.
It is not visible in the current scope, and will not 
be selected if the type becomes unknown.
File "src/tactics/ml/FStar_Reflection_Syntax.ml", line 270, characters 24-30:
Warning 40: Tv_Abs was selected from type FStar_Reflection_Data.term_view.
It is not visible in the current scope, and will not 
be selected if the type becomes unknown.
File "src/tactics/ml/FStar_Reflection_Syntax.ml", line 273, characters 9-17:
Warning 40: Tv_Arrow was selected from type FStar_Reflection_Data.term_view.
It is not visible in the current scope, and will not 
be selected if the type becomes unknown.
File "src/tactics/ml/FStar_Reflection_Syntax.ml", line 273, characters 26-34:
Warning 40: Tv_Arrow was selected from type FStar_Reflection_Data.term_view.
It is not visible in the current scope, and will not 
be selected if the type becomes unknown.
File "src/tactics/ml/FStar_Reflection_Syntax.ml", line 276, characters 9-18:
Warning 40: Tv_Refine was selected from type FStar_Reflection_Data.term_view.
It is not visible in the current scope, and will not 
be selected if the type becomes unknown.
File "src/tactics/ml/FStar_Reflection_Syntax.ml", line 276, characters 27-36:
Warning 40: Tv_Refine was selected from type FStar_Reflection_Data.term_view.
It is not visible in the current scope, and will not 
be selected if the type becomes unknown.
File "src/tactics/ml/FStar_Reflection_Syntax.ml", line 279, characters 9-16:
Warning 40: Tv_Type was selected from type FStar_Reflection_Data.term_view.
It is not visible in the current scope, and will not 
be selected if the type becomes unknown.
File "src/tactics/ml/FStar_Reflection_Syntax.ml", line 279, characters 20-27:
Warning 40: Tv_Type was selected from type FStar_Reflection_Data.term_view.
It is not visible in the current scope, and will not 
be selected if the type becomes unknown.
File "src/tactics/ml/FStar_Reflection_Syntax.ml", line 280, characters 9-17:
Warning 40: Tv_Const was selected from type FStar_Reflection_Data.term_view.
It is not visible in the current scope, and will not 
be selected if the type becomes unknown.
File "src/tactics/ml/FStar_Reflection_Syntax.ml", line 280, characters 21-29:
Warning 40: Tv_Const was selected from type FStar_Reflection_Data.term_view.
It is not visible in the current scope, and will not 
be selected if the type becomes unknown.
File "src/tactics/ml/FStar_Reflection_Syntax.ml", line 281, characters 9-19:
Warning 40: Tv_Unknown was selected from type FStar_Reflection_Data.term_view.
It is not visible in the current scope, and will not 
be selected if the type becomes unknown.
File "src/tactics/ml/FStar_Reflection_Syntax.ml", line 281, characters 21-31:
Warning 40: Tv_Unknown was selected from type FStar_Reflection_Data.term_view.
It is not visible in the current scope, and will not 
be selected if the type becomes unknown.
File "src/tactics/ml/FStar_Reflection_Syntax.ml", line 282, characters 9-15:
Warning 40: Tv_Var was selected from type FStar_Reflection_Data.term_view.
It is not visible in the current scope, and will not 
be selected if the type becomes unknown.
File "src/tactics/ml/FStar_Reflection_Syntax.ml", line 283, characters 19-25:
Warning 40: Tv_Var was selected from type FStar_Reflection_Data.term_view.
It is not visible in the current scope, and will not 
be selected if the type becomes unknown.
File "src/tactics/ml/FStar_Reflection_Syntax.ml", line 284, characters 9-16:
Warning 40: Tv_FVar was selected from type FStar_Reflection_Data.term_view.
It is not visible in the current scope, and will not 
be selected if the type becomes unknown.
File "src/tactics/ml/FStar_Reflection_Syntax.ml", line 285, characters 19-26:
Warning 40: Tv_FVar was selected from type FStar_Reflection_Data.term_view.
It is not visible in the current scope, and will not 
be selected if the type becomes unknown.
File "src/tactics/ml/FStar_Reflection_Syntax.ml", line 286, characters 9-15:
Warning 40: Tv_App was selected from type FStar_Reflection_Data.term_view.
It is not visible in the current scope, and will not 
be selected if the type becomes unknown.
File "src/tactics/ml/FStar_Reflection_Syntax.ml", line 287, characters 19-25:
Warning 40: Tv_App was selected from type FStar_Reflection_Data.term_view.
It is not visible in the current scope, and will not 
be selected if the type becomes unknown.
File "src/tactics/ml/FStar_Reflection_Syntax.ml", line 288, characters 9-15:
Warning 40: Tv_Abs was selected from type FStar_Reflection_Data.term_view.
It is not visible in the current scope, and will not 
be selected if the type becomes unknown.
File "src/tactics/ml/FStar_Reflection_Syntax.ml", line 289, characters 19-25:
Warning 40: Tv_Abs was selected from type FStar_Reflection_Data.term_view.
It is not visible in the current scope, and will not 
be selected if the type becomes unknown.
File "src/tactics/ml/FStar_Reflection_Syntax.ml", line 290, characters 9-17:
Warning 40: Tv_Arrow was selected from type FStar_Reflection_Data.term_view.
It is not visible in the current scope, and will not 
be selected if the type becomes unknown.
File "src/tactics/ml/FStar_Reflection_Syntax.ml", line 291, characters 19-27:
Warning 40: Tv_Arrow was selected from type FStar_Reflection_Data.term_view.
It is not visible in the current scope, and will not 
be selected if the type becomes unknown.
File "src/tactics/ml/FStar_Reflection_Syntax.ml", line 292, characters 9-16:
Warning 40: Tv_Type was selected from type FStar_Reflection_Data.term_view.
It is not visible in the current scope, and will not 
be selected if the type becomes unknown.
File "src/tactics/ml/FStar_Reflection_Syntax.ml", line 293, characters 19-26:
Warning 40: Tv_Type was selected from type FStar_Reflection_Data.term_view.
It is not visible in the current scope, and will not 
be selected if the type becomes unknown.
File "src/tactics/ml/FStar_Reflection_Syntax.ml", line 294, characters 9-18:
Warning 40: Tv_Refine was selected from type FStar_Reflection_Data.term_view.
It is not visible in the current scope, and will not 
be selected if the type becomes unknown.
File "src/tactics/ml/FStar_Reflection_Syntax.ml", line 295, characters 19-28:
Warning 40: Tv_Refine was selected from type FStar_Reflection_Data.term_view.
It is not visible in the current scope, and will not 
be selected if the type becomes unknown.
File "src/tactics/ml/FStar_Reflection_Syntax.ml", line 296, characters 9-17:
Warning 40: Tv_Const was selected from type FStar_Reflection_Data.term_view.
It is not visible in the current scope, and will not 
be selected if the type becomes unknown.
File "src/tactics/ml/FStar_Reflection_Syntax.ml", line 297, characters 19-27:
Warning 40: Tv_Const was selected from type FStar_Reflection_Data.term_view.
It is not visible in the current scope, and will not 
be selected if the type becomes unknown.
File "src/tactics/ml/FStar_Reflection_Syntax.ml", line 298, characters 9-19:
Warning 40: Tv_Unknown was selected from type FStar_Reflection_Data.term_view.
It is not visible in the current scope, and will not 
be selected if the type becomes unknown.
File "src/tactics/ml/FStar_Reflection_Syntax.ml", line 299, characters 19-29:
Warning 40: Tv_Unknown was selected from type FStar_Reflection_Data.term_view.
It is not visible in the current scope, and will not 
be selected if the type becomes unknown.
File "src/tactics/ml/FStar_Tactics_Builtins.ml", line 67, characters 46-47:
Warning 20: this argument will not be used by the function.
.\u_boot_fsts\FStar.TypeChecker.Util.fst(71,0-73,32): (Warning) Annotation from val declaration overrides inline type annotation
.\u_boot_fsts\FStar.Syntax.Syntax.fst(463,0-463,48): (Warning) Annotation from val declaration overrides inline type annotation
.\u_boot_fsts\FStar.Syntax.Syntax.fst(464,0-464,76): (Warning) Annotation from val declaration overrides inline type annotation
.\u_boot_fsts\FStar.Syntax.Syntax.fst(514,0-516,38): (Warning) Annotation from val declaration overrides inline type annotation
.\u_boot_fsts\FStar.TypeChecker.Env.fst(303,0-307,35): (Warning) Annotation from val declaration overrides inline type annotation
.\u_boot_fsts\FStar.TypeChecker.Env.fst(738,0-740,39): (Warning) Annotation from val declaration overrides inline type annotation
.\Ex01a.fst(68,0-68,48): (Warning) Top-level let-bindings must be total; this term may have effects
.\Ex01a.fst(58,0-58,48): (Warning) Top-level let-bindings must be total; this term may have effects
.\FStar.Int.fst(132,0-133,41): (Error) Unknown assertion failed
Verified module: FStar.Int (12862 milliseconds)
1 error was reported (see above)
make[2]: *** [Makefile:16: FStar.Int.fst-ver] Error 1
.\Encrypt_SymEnc.fst(30,0-30,18): (Warning) Top-level let-bindings must be total; this term may have effects
WARNING: (66427,51): pattern does not contain all quantified variables.
WARNING: (66427,51): pattern does not contain all quantified variables.
WARNING: (66427,51): pattern does not contain all quantified variables.
WARNING: (6980,51): pattern does not contain all quantified variables.
WARNING: (6980,51): pattern does not contain all quantified variables.
.\MAC.fst(45,0-45,35): (Warning) Top-level let-bindings must be total; this term may have effects
File "src/basic/ml/FStar_Util.ml", line 49, characters 57-65:
Warning 40: st_mtime was selected from type BatUnix.stats.
It is not visible in the current scope, and will not 
be selected if the type becomes unknown.
File "ulib/ml/FStar_Tactics_Builtins.ml", line 67, characters 46-47:
Warning 20: this argument will not be used by the function.
File "ulib/ml/extracted/FStar_IndefiniteDescription.ml", line 7, characters 31-33:
Warning 20: this argument will not be used by the function.
File "ulib/ml/extracted/FStar_Tactics_BV.ml", line 398, characters 32-66:
Error: Unbound value FStar_Tactics_Builtins.set_options
make[3]: *** [Makefile:26: fstarlib.cma] Error 2
make[3]: Target 'all' not remade because of errors.
make[2]: *** [Makefile:12: ocaml] Error 2
make[1]: *** [Makefile:279: hello] Error 2
.\BinarySearchTreeBasic.fst(111,0-121,62): (Error) Unknown assertion failed
Verified module: BinarySearchTreeBasic (56211 milliseconds)
1 error was reported (see above)
make[3]: *** [../Makefile.include:16: BinarySearchTreeBasic.uver] Error 1
jsonparser.pos\Test.fst(0,0-0,0): (Warning) Test: Unexpected output from Z3: (error "line 139228 column 95: Wrong number of arguments (1) passed to function (declare-fun JSONParser.Spec.object_as_type.fuel_instrumented

jsonparser.pos\Test.fst(0,0-0,0): (Warning) Test: Unexpected output from Z3: (Fuel Term Term Term Term)

jsonparser.pos\Test.fst(0,0-0,0): (Warning) Test: Unexpected output from Z3: Term)")

jsonparser.pos\Test.fst(0,0-0,0): (Warning) Test: Unexpected output from Z3: (error "line 139251 column 82: Wrong number of arguments (1) passed to function (declare-fun JSONParser.Spec.object_as_type.fuel_instrumented

jsonparser.pos\Test.fst(0,0-0,0): (Warning) Test: Unexpected output from Z3: (Fuel Term Term Term Term)

jsonparser.pos\Test.fst(0,0-0,0): (Warning) Test: Unexpected output from Z3: Term)")

jsonparser.pos\Test.fst(0,0-0,0): (Warning) Test: Unexpected output from Z3: (error "line 140621 column 47: Wrong number of arguments (1) passed to function (declare-fun JSONParser.Spec.gprint.fuel_instrumented (Fuel Term Term) Term)")

jsonparser.pos\Test.fst(0,0-0,0): (Warning) Test: Unexpected output from Z3: (error "line 143795 column 47: Wrong number of arguments (1) passed to function (declare-fun JSONParser.Spec.gparse.fuel_instrumented

jsonparser.pos\Test.fst(0,0-0,0): (Warning) Test: Unexpected output from Z3: (Fuel Term Term Term)

jsonparser.pos\Test.fst(0,0-0,0): (Warning) Test: Unexpected output from Z3: Term)")

jsonparser.pos\Test.fst(0,0-0,0): (Warning) Test: Unexpected output from Z3: (error "line 139228 column 95: Wrong number of arguments (1) passed to function (declare-fun JSONParser.Spec.object_as_type.fuel_instrumented

jsonparser.pos\Test.fst(0,0-0,0): (Warning) Test: Unexpected output from Z3: (Fuel Term Term Term Term)

jsonparser.pos\Test.fst(0,0-0,0): (Warning) Test: Unexpected output from Z3: Term)")

jsonparser.pos\Test.fst(0,0-0,0): (Warning) Test: Unexpected output from Z3: (error "line 139251 column 82: Wrong number of arguments (1) passed to function (declare-fun JSONParser.Spec.object_as_type.fuel_instrumented

jsonparser.pos\Test.fst(0,0-0,0): (Warning) Test: Unexpected output from Z3: (Fuel Term Term Term Term)

jsonparser.pos\Test.fst(0,0-0,0): (Warning) Test: Unexpected output from Z3: Term)")

jsonparser.pos\Test.fst(0,0-0,0): (Warning) Test: Unexpected output from Z3: (error "line 140621 column 47: Wrong number of arguments (1) passed to function (declare-fun JSONParser.Spec.gprint.fuel_instrumented (Fuel Term Term) Term)")

jsonparser.pos\Test.fst(0,0-0,0): (Warning) Test: Unexpected output from Z3: (error "line 143795 column 47: Wrong number of arguments (1) passed to function (declare-fun JSONParser.Spec.gparse.fuel_instrumented

jsonparser.pos\Test.fst(0,0-0,0): (Warning) Test: Unexpected output from Z3: (Fuel Term Term Term)

jsonparser.pos\Test.fst(0,0-0,0): (Warning) Test: Unexpected output from Z3: Term)")

jsonparser.pos\Test.fst(0,0-0,0): (Warning) Test: Unexpected output from Z3: (error "line 139228 column 95: Wrong number of arguments (1) passed to function (declare-fun JSONParser.Spec.object_as_type.fuel_instrumented

jsonparser.pos\Test.fst(0,0-0,0): (Warning) Test: Unexpected output from Z3: (Fuel Term Term Term Term)

jsonparser.pos\Test.fst(0,0-0,0): (Warning) Test: Unexpected output from Z3: Term)")

jsonparser.pos\Test.fst(0,0-0,0): (Warning) Test: Unexpected output from Z3: (error "line 139251 column 82: Wrong number of arguments (1) passed to function (declare-fun JSONParser.Spec.object_as_type.fuel_instrumented

jsonparser.pos\Test.fst(0,0-0,0): (Warning) Test: Unexpected output from Z3: (Fuel Term Term Term Term)

jsonparser.pos\Test.fst(0,0-0,0): (Warning) Test: Unexpected output from Z3: Term)")

jsonparser.pos\Test.fst(0,0-0,0): (Warning) Test: Unexpected output from Z3: (error "line 140621 column 47: Wrong number of arguments (1) passed to function (declare-fun JSONParser.Spec.gprint.fuel_instrumented (Fuel Term Term) Term)")

jsonparser.pos\Test.fst(0,0-0,0): (Warning) Test: Unexpected output from Z3: (error "line 143795 column 47: Wrong number of arguments (1) passed to function (declare-fun JSONParser.Spec.gparse.fuel_instrumented

jsonparser.pos\Test.fst(0,0-0,0): (Warning) Test: Unexpected output from Z3: (Fuel Term Term Term)

jsonparser.pos\Test.fst(0,0-0,0): (Warning) Test: Unexpected output from Z3: Term)")

jsonparser.pos\Test.fst(0,0-0,0): (Warning) Test: Unexpected output from Z3: (error "line 139228 column 95: Wrong number of arguments (1) passed to function (declare-fun JSONParser.Spec.object_as_type.fuel_instrumented

jsonparser.pos\Test.fst(0,0-0,0): (Warning) Test: Unexpected output from Z3: (Fuel Term Term Term Term)

jsonparser.pos\Test.fst(0,0-0,0): (Warning) Test: Unexpected output from Z3: Term)")

jsonparser.pos\Test.fst(0,0-0,0): (Warning) Test: Unexpected output from Z3: (error "line 139251 column 82: Wrong number of arguments (1) passed to function (declare-fun JSONParser.Spec.object_as_type.fuel_instrumented

jsonparser.pos\Test.fst(0,0-0,0): (Warning) Test: Unexpected output from Z3: (Fuel Term Term Term Term)

jsonparser.pos\Test.fst(0,0-0,0): (Warning) Test: Unexpected output from Z3: Term)")

jsonparser.pos\Test.fst(0,0-0,0): (Warning) Test: Unexpected output from Z3: (error "line 140621 column 47: Wrong number of arguments (1) passed to function (declare-fun JSONParser.Spec.gprint.fuel_instrumented (Fuel Term Term) Term)")

jsonparser.pos\Test.fst(0,0-0,0): (Warning) Test: Unexpected output from Z3: (error "line 143795 column 47: Wrong number of arguments (1) passed to function (declare-fun JSONParser.Spec.gparse.fuel_instrumented

jsonparser.pos\Test.fst(0,0-0,0): (Warning) Test: Unexpected output from Z3: (Fuel Term Term Term)

jsonparser.pos\Test.fst(0,0-0,0): (Warning) Test: Unexpected output from Z3: Term)")

jsonparser.pos\Test.fst(0,0-0,0): (Warning) Test: Unexpected output from Z3: (error "line 139228 column 95: Wrong number of arguments (1) passed to function (declare-fun JSONParser.Spec.object_as_type.fuel_instrumented

jsonparser.pos\Test.fst(0,0-0,0): (Warning) Test: Unexpected output from Z3: (Fuel Term Term Term Term)

jsonparser.pos\Test.fst(0,0-0,0): (Warning) Test: Unexpected output from Z3: Term)")

jsonparser.pos\Test.fst(0,0-0,0): (Warning) Test: Unexpected output from Z3: (error "line 139251 column 82: Wrong number of arguments (1) passed to function (declare-fun JSONParser.Spec.object_as_type.fuel_instrumented

jsonparser.pos\Test.fst(0,0-0,0): (Warning) Test: Unexpected output from Z3: (Fuel Term Term Term Term)

jsonparser.pos\Test.fst(0,0-0,0): (Warning) Test: Unexpected output from Z3: Term)")

jsonparser.pos\Test.fst(0,0-0,0): (Warning) Test: Unexpected output from Z3: (error "line 140621 column 47: Wrong number of arguments (1) passed to function (declare-fun JSONParser.Spec.gprint.fuel_instrumented (Fuel Term Term) Term)")

jsonparser.pos\Test.fst(0,0-0,0): (Warning) Test: Unexpected output from Z3: (error "line 143795 column 47: Wrong number of arguments (1) passed to function (declare-fun JSONParser.Spec.gparse.fuel_instrumented

jsonparser.pos\Test.fst(0,0-0,0): (Warning) Test: Unexpected output from Z3: (Fuel Term Term Term)

jsonparser.pos\Test.fst(0,0-0,0): (Warning) Test: Unexpected output from Z3: Term)")

.\TestMRef.fst(8,0-8,20): (Warning) Top-level let-bindings must be total; this term may have effects
.\Ex10a.fst(28,0-28,22): (Warning) Top-level let-bindings must be total; this term may have effects
.\Mac.fst(70,0-70,35): (Warning) Top-level let-bindings must be total; this term may have effects
.\Platform.Bytes.fst(15,32-18,29): (Warning) Pattern misses at least one bound variable: uu___#431298
WARNING: (66921,46): pattern does not contain any variable.
WARNING: (66921,46): pattern does not contain any variable.
WARNING: (66921,46): pattern does not contain any variable.
WARNING: (66921,46): pattern does not contain any variable.
WARNING: (66921,46): pattern does not contain any variable.
WARNING: (66921,46): pattern does not contain any variable.
WARNING: (66921,46): pattern does not contain any variable.
WARNING: (66921,46): pattern does not contain any variable.
WARNING: (66921,46): pattern does not contain any variable.
WARNING: (66921,46): pattern does not contain any variable.
WARNING: (66921,46): pattern does not contain any variable.
WARNING: (66921,46): pattern does not contain any variable.
WARNING: (66921,46): pattern does not contain any variable.
WARNING: (66921,46): pattern does not contain any variable.
WARNING: (66921,46): pattern does not contain any variable.
WARNING: (66921,46): pattern does not contain any variable.
WARNING: (66921,46): pattern does not contain any variable.
WARNING: (66921,46): pattern does not contain any variable.
WARNING: (66921,46): pattern does not contain any variable.
WARNING: (66921,46): pattern does not contain any variable.
WARNING: (66921,46): pattern does not contain any variable.
WARNING: (66921,46): pattern does not contain any variable.
WARNING: (66921,46): pattern does not contain any variable.
WARNING: (66921,46): pattern does not contain any variable.
WARNING: (66921,46): pattern does not contain any variable.
WARNING: (66921,46): pattern does not contain any variable.
WARNING: (6911,46): pattern does not contain any variable.
WARNING: (66921,46): pattern does not contain any variable.
WARNING: (66921,46): pattern does not contain any variable.
WARNING: (66921,46): pattern does not contain any variable.
WARNING: (66921,46): pattern does not contain any variable.
WARNING: (7070,46): pattern does not contain any variable.
WARNING: (66921,46): pattern does not contain any variable.
WARNING: (66921,46): pattern does not contain any variable.
WARNING: (6830,46): pattern does not contain any variable.
WARNING: (66921,46): pattern does not contain any variable.
WARNING: (66921,46): pattern does not contain any variable.
WARNING: (66921,46): pattern does not contain any variable.
WARNING: (66921,46): pattern does not contain any variable.
WARNING: (66921,46): pattern does not contain any variable.
WARNING: (66921,46): pattern does not contain any variable.
.\Platform.Bytes.fst(257,22-260,30): (Warning) Pattern misses at least one bound variable: i#468326
WARNING: (66921,46): pattern does not contain any variable.
WARNING: (66921,46): pattern does not contain any variable.
WARNING: (66921,46): pattern does not contain any variable.
.\Platform.Bytes.fst(261,8-261,24): (Warning) Pattern misses at least one bound variable: i#470239 (see also .\Platform.Bytes.fst(257,156-260,30))
WARNING: (7058,46): pattern does not contain any variable.
WARNING: (66921,46): pattern does not contain any variable.
WARNING: (66921,46): pattern does not contain any variable.
WARNING: (71278,43): pattern does not contain all quantified variables.
WARNING: (66921,46): pattern does not contain any variable.
WARNING: (71278,43): pattern does not contain all quantified variables.
WARNING: (66921,46): pattern does not contain any variable.
WARNING: (71278,43): pattern does not contain all quantified variables.
WARNING: (66921,46): pattern does not contain any variable.
WARNING: (71278,43): pattern does not contain all quantified variables.
WARNING: (66921,46): pattern does not contain any variable.
WARNING: (71278,43): pattern does not contain all quantified variables.
WARNING: (66921,46): pattern does not contain any variable.
WARNING: (71278,43): pattern does not contain all quantified variables.
WARNING: (66921,46): pattern does not contain any variable.
WARNING: (71278,43): pattern does not contain all quantified variables.
WARNING: (66921,46): pattern does not contain any variable.
WARNING: (71278,43): pattern does not contain all quantified variables.
WARNING: (66921,46): pattern does not contain any variable.
WARNING: (71278,43): pattern does not contain all quantified variables.
WARNING: (66921,46): pattern does not contain any variable.
WARNING: (71278,43): pattern does not contain all quantified variables.
WARNING: (66921,46): pattern does not contain any variable.
WARNING: (71278,43): pattern does not contain all quantified variables.
WARNING: (66921,46): pattern does not contain any variable.
WARNING: (71278,43): pattern does not contain all quantified variables.
WARNING: (66921,46): pattern does not contain any variable.
WARNING: (71278,43): pattern does not contain all quantified variables.
WARNING: (66921,46): pattern does not contain any variable.
WARNING: (71278,43): pattern does not contain all quantified variables.
WARNING: (66921,46): pattern does not contain any variable.
WARNING: (71278,43): pattern does not contain all quantified variables.
WARNING: (66921,46): pattern does not contain any variable.
WARNING: (71278,43): pattern does not contain all quantified variables.
WARNING: (66921,46): pattern does not contain any variable.
WARNING: (71278,43): pattern does not contain all quantified variables.
WARNING: (66921,46): pattern does not contain any variable.
WARNING: (71278,43): pattern does not contain all quantified variables.
WARNING: (66921,46): pattern does not contain any variable.
WARNING: (71278,43): pattern does not contain all quantified variables.
WARNING: (66921,46): pattern does not contain any variable.
WARNING: (71278,43): pattern does not contain all quantified variables.
WARNING: (66921,46): pattern does not contain any variable.
WARNING: (71278,43): pattern does not contain all quantified variables.
WARNING: (66921,46): pattern does not contain any variable.
WARNING: (71278,43): pattern does not contain all quantified variables.
WARNING: (66921,46): pattern does not contain any variable.
WARNING: (71278,43): pattern does not contain all quantified variables.
WARNING: (66921,46): pattern does not contain any variable.
WARNING: (71278,43): pattern does not contain all quantified variables.
WARNING: (66921,46): pattern does not contain any variable.
WARNING: (71278,43): pattern does not contain all quantified variables.
WARNING: (66921,46): pattern does not contain any variable.
WARNING: (71278,43): pattern does not contain all quantified variables.
WARNING: (66921,46): pattern does not contain any variable.
WARNING: (71278,43): pattern does not contain all quantified variables.
WARNING: (66921,46): pattern does not contain any variable.
WARNING: (71278,43): pattern does not contain all quantified variables.
WARNING: (66921,46): pattern does not contain any variable.
WARNING: (71278,43): pattern does not contain all quantified variables.
WARNING: (66921,46): pattern does not contain any variable.
WARNING: (71278,43): pattern does not contain all quantified variables.
WARNING: (66921,46): pattern does not contain any variable.
WARNING: (71278,43): pattern does not contain all quantified variables.
WARNING: (66921,46): pattern does not contain any variable.
WARNING: (71278,43): pattern does not contain all quantified variables.
WARNING: (66921,46): pattern does not contain any variable.
WARNING: (71278,43): pattern does not contain all quantified variables.
WARNING: (66921,46): pattern does not contain any variable.
WARNING: (71278,43): pattern does not contain all quantified variables.
.\Platform.Bytes.fst(15,40-18,29): (Warning) Pattern misses at least one bound variable: uu___#506346
.\Platform.Bytes.fst(261,8-261,24): (Warning) Pattern misses at least one bound variable: i#514797 (see also .\Platform.Bytes.fst(257,156-260,30))
Warning: the module declaration "module Ex12a.Cap" found in file Ex12a1.Cap.fst does not match its filename. Dependencies will be incorrect.
.\Ex12a1.Cap.fst(22,0-22,26): (Warning) Top-level let-bindings must be total; this term may have effects
.\RPC.fst(9,0-9,53): (Warning) Top-level let-bindings must be total; this term may have effects
.\RPC.fst(23,0-23,39): (Warning) Top-level let-bindings must be total; this term may have effects
.\RPC.fst(48,0-49,16): (Warning) Top-level let-bindings must be total; this term may have effects
.\RPC.fst(116,0-116,17): (Warning) Top-level let-bindings must be total; this term may have effects
make[3]: Target 'all' not remade because of errors.
make[2]: *** [Makefile:35: data_structures.all] Error 2
.\CntProtocol.fst(14,0-14,53): (Warning) Top-level let-bindings must be total; this term may have effects
.\CntProtocol.fst(29,0-29,26): (Warning) Top-level let-bindings must be total; this term may have effects
.\CntProtocol.fst(32,0-32,54): (Warning) Top-level let-bindings must be total; this term may have effects
.\CntProtocol.fst(35,0-35,54): (Warning) Top-level let-bindings must be total; this term may have effects
.\CntProtocol.fst(99,0-99,39): (Warning) Top-level let-bindings must be total; this term may have effects
.\CntProtocol.fst(126,0-126,18): (Warning) Top-level let-bindings must be total; this term may have effects
.\CntProtocol.fst(172,0-188,5): (Warning) Top-level let-bindings must be total; this term may have effects
.\Ex07b.fst(283,0-305,26): (Error) Unknown assertion failed
Verified module: Ex07b (55460 milliseconds)
1 error was reported (see above)
make[3]: *** [Makefile:48: verify-Ex07b.fst] Error 1
Unexpected error
FStar_Errors.Error(_)
Raised at file "src/ocaml-output/FStar_TypeChecker_TcTerm.ml", line 4332, characters 37-247
Called from file "src/batList.mlv", line 169, characters 28-33
Called from file "src/batList.mlv", line 172, characters 4-12
Called from file "ulib/ml/FStar_All.ml", line 3, characters 21-24
Called from file "src/ocaml-output/FStar_TypeChecker_TcTerm.ml", line 4348, characters 49-75
Called from file "src/batList.mlv", line 171, characters 23-28
Called from file "ulib/ml/FStar_All.ml", line 3, characters 21-24
Called from file "src/ocaml-output/FStar_TypeChecker_TcTerm.ml", line 5027, characters 22-44
Called from file "src/ocaml-output/FStar_TypeChecker_TcTerm.ml", line 3009, characters 22-1023
Called from file "src/ocaml-output/FStar_TypeChecker_TcTerm.ml", line 6029, characters 24-52
Called from file "src/ocaml-output/FStar_TypeChecker_TcTerm.ml", line 5689, characters 21-103
Called from file "src/batList.mlv", line 171, characters 23-28
Called from file "ulib/ml/FStar_All.ml", line 3, characters 21-24
Called from file "src/ocaml-output/FStar_TypeChecker_TcTerm.ml", line 5166, characters 42-69
Called from file "src/ocaml-output/FStar_TypeChecker_Tc.ml", line 3833, characters 20-1023
Called from file "src/ocaml-output/FStar_TypeChecker_Tc.ml", line 4573, characters 31-46
Called from file "src/basic/ml/FStar_Util.ml", line 46, characters 14-18
Called from file "src/ocaml-output/FStar_TypeChecker_Tc.ml", line 4660, characters 14-97
Called from file "src/basic/ml/FStar_Util.ml", line 582, characters 30-37
Called from file "src/ocaml-output/FStar_TypeChecker_Tc.ml", line 4677, characters 8-76
Called from file "src/ocaml-output/FStar_TypeChecker_Tc.ml", line 4771, characters 25-77
Called from file "src/ocaml-output/FStar_TypeChecker_Tc.ml", line 5046, characters 23-49
Called from file "src/basic/ml/FStar_Util.ml", line 46, characters 14-18
Called from file "src/ocaml-output/FStar_Universal.ml", line 415, characters 34-233
Called from file "list.ml", line 84, characters 24-34
Called from file "ulib/ml/FStar_All.ml", line 3, characters 21-24
Called from file "src/ocaml-output/FStar_SMTEncoding_Solver.ml", line 144, characters 16-20
Called from file "src/ocaml-output/FStar_Universal.ml", line 496, characters 18-101
Called from file "src/ocaml-output/FStar_Universal.ml", line 520, characters 31-72
Called from file "src/ocaml-output/FStar_Universal.ml", line 537, characters 24-71
Called from file "src/ocaml-output/FStar_Universal.ml", line 578, characters 27-69
Called from file "src/ocaml-output/FStar_Main.ml", line 215, characters 28-68
Called from file "src/ocaml-output/FStar_Main.ml", line 238, characters 6-11

.\FStar.Reflection.Arith.fst(127,30-127,57): (Error) When clauses are not yet supported in --verify mode; they will be some day
1 error was reported (see above)
make[2]: *** [Makefile:16: FStar.Reflection.Arith.fst-ver] Error 1
Warning: Unable to open hints file: C:\Build\Agent2\_work\1\s\examples\tactics\Printers.fst.hints; ran without hints
.\Ex10a.fst(28,0-28,22): (Warning) Top-level let-bindings must be total; this term may have effects
Warning: Unable to open hints file: C:\Build\Agent2\_work\1\s\examples\tactics\Setopts.fst.hints; ran without hints
.\Ex12a1.Cap.fst(20,0-20,26): (Warning) Top-level let-bindings must be total; this term may have effects
Warning: Unable to open hints file: C:\Build\Agent2\_work\1\s\ulib\FStar.LArith.fst.hints; ran without hints
.\Ex12a2.Cap.fst(21,0-21,31): (Warning) Top-level let-bindings must be total; this term may have effects
.\Ex12a2.Cap.fst(42,0-42,33): (Warning) Top-level let-bindings must be total; this term may have effects
Warning: Unable to open hints file: C:\Build\Agent2\_work\1\s\ulib\FStar.BV.fst.hints; ran without hints
Unexpected error
Failure("Not a boxed integer: (FreeV @x0)")
Raised at file "pervasives.ml", line 30, characters 22-33
Called from file "src/ocaml-output/FStar_SMTEncoding_Term.ml", line 1945, characters 29-47
Called from file "src/ocaml-output/FStar_SMTEncoding_Encode.ml", line 3600, characters 24-561
Called from file "src/ocaml-output/FStar_SMTEncoding_Encode.ml", line 3460, characters 39-61
Called from file "src/ocaml-output/FStar_SMTEncoding_Encode.ml", line 3666, characters 34-58
Called from file "src/ocaml-output/FStar_SMTEncoding_Encode.ml", line 3756, characters 30-62
Called from file "src/ocaml-output/FStar_SMTEncoding_Encode.ml", line 3413, characters 38-58
Called from file "src/basic/ml/FStar_Util.ml", line 554, characters 19-28
Called from file "list.ml", line 84, characters 24-34
Called from file "src/basic/ml/FStar_Util.ml", line 555, characters 20-56
Called from file "src/ocaml-output/FStar_SMTEncoding_Encode.ml", line 3408, characters 10-387
Called from file "src/ocaml-output/FStar_SMTEncoding_Encode.ml", line 3460, characters 39-61
Called from file "src/ocaml-output/FStar_SMTEncoding_Encode.ml", line 3666, characters 34-58
Called from file "src/ocaml-output/FStar_SMTEncoding_Encode.ml", line 3756, characters 30-62
Called from file "src/ocaml-output/FStar_SMTEncoding_Encode.ml", line 3523, characters 29-52
Called from file "src/ocaml-output/FStar_SMTEncoding_Encode.ml", line 3666, characters 34-58
Called from file "src/ocaml-output/FStar_SMTEncoding_Encode.ml", line 3756, characters 30-62
Called from file "src/ocaml-output/FStar_SMTEncoding_Encode.ml", line 8860, characters 38-60
Called from file "src/ocaml-output/FStar_SMTEncoding_Solver.ml", line 1124, characters 11-69
Called from file "src/ocaml-output/FStar_TypeChecker_Rel.ml", line 7821, characters 45-184
Called from file "list.ml", line 73, characters 12-15
Called from file "ulib/ml/FStar_All.ml", line 3, characters 21-24
Called from file "src/ocaml-output/FStar_TypeChecker_Rel.ml", line 7849, characters 8-64
Called from file "src/ocaml-output/FStar_TypeChecker_TcTerm.ml", line 3168, characters 35-128
Called from file "src/ocaml-output/FStar_TypeChecker_TcTerm.ml", line 5745, characters 21-1023
Called from file "src/ocaml-output/FStar_TypeChecker_TcTerm.ml", line 4824, characters 27-59
Called from file "src/ocaml-output/FStar_TypeChecker_Tc.ml", line 3833, characters 20-1023
Called from file "src/ocaml-output/FStar_TypeChecker_Tc.ml", line 4573, characters 31-46
Called from file "src/basic/ml/FStar_Util.ml", line 46, characters 14-18
Called from file "src/ocaml-output/FStar_TypeChecker_Tc.ml", line 4660, characters 14-97
Called from file "src/basic/ml/FStar_Util.ml", line 582, characters 30-37
Called from file "src/ocaml-output/FStar_TypeChecker_Tc.ml", line 4677, characters 8-76
Called from file "src/ocaml-output/FStar_TypeChecker_Tc.ml", line 4771, characters 25-77
Called from file "src/ocaml-output/FStar_TypeChecker_Tc.ml", line 5046, characters 23-49
Called from file "src/basic/ml/FStar_Util.ml", line 46, characters 14-18
Called from file "src/ocaml-output/FStar_Universal.ml", line 415, characters 34-233
Called from file "list.ml", line 84, characters 24-34
Called from file "ulib/ml/FStar_All.ml", line 3, characters 21-24
Called from file "src/ocaml-output/FStar_SMTEncoding_Solver.ml", line 144, characters 16-20
Called from file "src/ocaml-output/FStar_Universal.ml", line 491, characters 18-100
Called from file "src/ocaml-output/FStar_Universal.ml", line 520, characters 31-72
Called from file "src/ocaml-output/FStar_Universal.ml", line 537, characters 24-71
Called from file "src/ocaml-output/FStar_Universal.ml", line 578, characters 27-69
Called from file "src/ocaml-output/FStar_Main.ml", line 215, characters 28-68
Called from file "src/ocaml-output/FStar_Main.ml", line 238, characters 6-11

make[2]: *** [Makefile:16: FStar.BV.fst-ver] Error 1
.\Ex12b.RPC.fst(15,0-15,53): (Warning) Top-level let-bindings must be total; this term may have effects
.\Ex12b.RPC.fst(29,0-29,62): (Warning) Top-level let-bindings must be total; this term may have effects
.\Ex12b.RPC.fst(60,0-60,63): (Warning) Top-level let-bindings must be total; this term may have effects
.\Ex12b.RPC.fst(76,0-77,16): (Warning) Top-level let-bindings must be total; this term may have effects
.\Ex12b.RPC.fst(150,0-150,17): (Warning) Top-level let-bindings must be total; this term may have effects
File "ulib/ml/extracted/FStar_Tactics_BV.ml", line 398, characters 32-66:
Error: Unbound value FStar_Tactics_Builtins.set_options
make[4]: *** [Makefile:26: fstarlib.cma] Error 2
make[4]: Target 'all' not remade because of errors.
make[3]: *** [Makefile:65: Ex01a-ocaml] Error 2
Warning: Unable to open hints file: C:\Build\Agent2\_work\1\s\ulib\FStar.Tactics.Simplifier.fst.hints; ran without hints
Warning: Unable to open hints file: C:\Build\Agent2\_work\1\s\ulib\FStar.Tactics.BV.fst.hints; ran without hints
Unexpected error
Failure("Not a boxed integer: (FreeV @x0)")
Raised at file "pervasives.ml", line 30, characters 22-33
Called from file "src/ocaml-output/FStar_SMTEncoding_Term.ml", line 1945, characters 29-47
Called from file "src/ocaml-output/FStar_SMTEncoding_Encode.ml", line 3600, characters 24-561
Called from file "src/ocaml-output/FStar_SMTEncoding_Encode.ml", line 3413, characters 38-58
Called from file "src/basic/ml/FStar_Util.ml", line 554, characters 19-28
Called from file "list.ml", line 84, characters 24-34
Called from file "src/basic/ml/FStar_Util.ml", line 555, characters 20-56
Called from file "src/ocaml-output/FStar_SMTEncoding_Encode.ml", line 3408, characters 10-387
Called from file "src/ocaml-output/FStar_SMTEncoding_Encode.ml", line 3452, characters 29-51
Called from file "src/ocaml-output/FStar_SMTEncoding_Encode.ml", line 3666, characters 34-58
Called from file "src/ocaml-output/FStar_SMTEncoding_Encode.ml", line 3756, characters 30-62
Called from file "src/ocaml-output/FStar_SMTEncoding_Encode.ml", line 3413, characters 38-58
Called from file "src/basic/ml/FStar_Util.ml", line 554, characters 19-28
Called from file "list.ml", line 84, characters 24-34
Called from file "src/basic/ml/FStar_Util.ml", line 555, characters 20-56
Called from file "src/ocaml-output/FStar_SMTEncoding_Encode.ml", line 3408, characters 10-387
Called from file "src/ocaml-output/FStar_SMTEncoding_Encode.ml", line 3452, characters 29-51
Called from file "src/ocaml-output/FStar_SMTEncoding_Encode.ml", line 3666, characters 34-58
Called from file "src/ocaml-output/FStar_SMTEncoding_Encode.ml", line 3756, characters 30-62
Called from file "src/ocaml-output/FStar_SMTEncoding_Encode.ml", line 3413, characters 38-58
Called from file "src/basic/ml/FStar_Util.ml", line 554, characters 19-28
Called from file "list.ml", line 84, characters 24-34
Called from file "src/basic/ml/FStar_Util.ml", line 555, characters 20-56
Called from file "src/ocaml-output/FStar_SMTEncoding_Encode.ml", line 3408, characters 10-387
Called from file "src/ocaml-output/FStar_SMTEncoding_Encode.ml", line 3452, characters 29-51
Called from file "src/ocaml-output/FStar_SMTEncoding_Encode.ml", line 3666, characters 34-58
Called from file "src/ocaml-output/FStar_SMTEncoding_Encode.ml", line 3756, characters 30-62
Called from file "src/ocaml-output/FStar_SMTEncoding_Encode.ml", line 3523, characters 29-52
Called from file "src/ocaml-output/FStar_SMTEncoding_Encode.ml", line 3666, characters 34-58
Called from file "src/ocaml-output/FStar_SMTEncoding_Encode.ml", line 3756, characters 30-62
Called from file "src/ocaml-output/FStar_SMTEncoding_Encode.ml", line 8860, characters 38-60
Called from file "src/ocaml-output/FStar_SMTEncoding_Solver.ml", line 1124, characters 11-69
Called from file "src/ocaml-output/FStar_TypeChecker_Rel.ml", line 7821, characters 45-184
Called from file "list.ml", line 73, characters 12-15
Called from file "ulib/ml/FStar_All.ml", line 3, characters 21-24
Called from file "src/ocaml-output/FStar_TypeChecker_Rel.ml", line 7849, characters 8-64
Called from file "src/ocaml-output/FStar_TypeChecker_TcTerm.ml", line 3168, characters 35-128
Called from file "src/ocaml-output/FStar_TypeChecker_TcTerm.ml", line 5745, characters 21-1023
Called from file "src/ocaml-output/FStar_TypeChecker_TcTerm.ml", line 4824, characters 27-59
Called from file "src/ocaml-output/FStar_TypeChecker_Tc.ml", line 3833, characters 20-1023
Called from file "src/ocaml-output/FStar_TypeChecker_Tc.ml", line 4573, characters 31-46
Called from file "src/basic/ml/FStar_Util.ml", line 46, characters 14-18
Called from file "src/ocaml-output/FStar_TypeChecker_Tc.ml", line 4660, characters 14-97
Called from file "src/basic/ml/FStar_Util.ml", line 582, characters 30-37
Called from file "src/ocaml-output/FStar_TypeChecker_Tc.ml", line 4677, characters 8-76
Called from file "src/ocaml-output/FStar_TypeChecker_Tc.ml", line 4771, characters 25-77
Called from file "src/ocaml-output/FStar_TypeChecker_Tc.ml", line 5046, characters 23-49
Called from file "src/basic/ml/FStar_Util.ml", line 46, characters 14-18
Called from file "src/ocaml-output/FStar_Universal.ml", line 415, characters 34-233
Called from file "list.ml", line 84, characters 24-34
Called from file "ulib/ml/FStar_All.ml", line 3, characters 21-24
Called from file "src/ocaml-output/FStar_SMTEncoding_Solver.ml", line 144, characters 16-20
Called from file "src/ocaml-output/FStar_Universal.ml", line 496, characters 18-101
Called from file "src/ocaml-output/FStar_Universal.ml", line 520, characters 31-72
Called from file "src/ocaml-output/FStar_Universal.ml", line 537, characters 24-71
Called from file "src/ocaml-output/FStar_Universal.ml", line 578, characters 27-69
Called from file "src/ocaml-output/FStar_Main.ml", line 215, characters 28-68
Called from file "src/ocaml-output/FStar_Main.ml", line 238, characters 6-11

make[2]: *** [Makefile:16: FStar.Tactics.BV.fst-ver] Error 1
Warning: Unable to open hints file: C:\Build\Agent2\_work\1\s\ulib\FStar.Tactics.Sequences.fst.hints; ran without hints
Warning: Unable to open hints file: C:\Build\Agent2\_work\1\s\ulib\FStar.Reflection.Types.fsti.hints; ran without hints
Warning: Unable to open hints file: C:\Build\Agent2\_work\1\s\ulib\FStar.Tactics.Types.fsti.hints; ran without hints
Warning: Unable to open hints file: C:\Build\Agent2\_work\1\s\ulib\FStar.BV.fsti.hints; ran without hints
Warning: Unable to open hints file: C:\Build\Agent2\_work\1\s\ulib\FStar.Dyn.fsti.hints; ran without hints
.\Ex11a.fst(213,0-223,48): (Error) Unknown assertion failed
Verified module: Ex11a (244074 milliseconds)
1 error was reported (see above)
make[3]: *** [Makefile:48: verify-Ex11a.fst] Error 1
make[3]: Target 'all' not remade because of errors.
make[2]: *** [Makefile:35: ../doc/tutorial/code/solutions.all] Error 2
.\FStar.UInt128.fst(539,0-552,18): (Error) Unknown assertion failed
Verified module: FStar.UInt128 (739525 milliseconds)
1 error was reported (see above)
make[2]: *** [Makefile:16: FStar.UInt128.fst-ver] Error 1
make[2]: Target 'all' not remade because of errors.
make[1]: *** [Makefile:285: ulib] Error 2
.\IfcRecursiveHeapReify.fst(44,0-90,7): (Error) Unknown assertion failed
.\IfcRecursiveHeapReify.fst(44,0-90,7): (Error) Unknown assertion failed
.\IfcRecursiveHeapReify.fst(44,0-90,7): (Error) Unknown assertion failed
.\IfcRecursiveHeapReify.fst(128,0-137,43): (Error) Unknown assertion failed
Verified module: IfcRecursiveHeapReify (1056452 milliseconds)
4 errors were reported (see above)
make[3]: *** [../Makefile.include:16: IfcRecursiveHeapReify.uver] Error 1
make[3]: Target 'all' not remade because of errors.
make[2]: *** [Makefile:35: rel.all] Error 2
make[2]: Target 'all' not remade because of errors.
make[1]: *** [Makefile:288: uexamples] Error 2
make[1]: Target 'uregressions' not remade because of errors.
make: *** [Makefile:265: utest] Error 2
