make[1]: warning: jobserver unavailable: using -j1.  Add '+' to parent make rule.
make[1]: warning: jobserver unavailable: using -j1.  Add '+' to parent make rule.
Warning: you are using the standard library and/or the %inline keyword. We
recommend switching on --infer in order to avoid obscure type error messages.
warning: CRLF will be replaced by LF in src/parser/parse.fsi.
The file will have its original line endings in your working directory.
File "src/basic/ml/FStar_Util.ml", line 47, characters 57-65:
Warning 40: st_mtime was selected from type BatUnix.stats.
It is not visible in the current scope, and will not 
be selected if the type becomes unknown.
File "src/basic/ml/FStar_Util.ml", line 47, characters 57-65:
Warning 40: st_mtime was selected from type BatUnix.stats.
It is not visible in the current scope, and will not 
be selected if the type becomes unknown.
make[3]: warning: jobserver unavailable: using -j1.  Add '+' to parent make rule.
.\u_boot_fsts\FStar.Syntax.Syntax.fst(430,0-430,48): (Warning) Annotation from val declaration overrides inline type annotation
.\u_boot_fsts\FStar.Syntax.Syntax.fst(431,0-431,76): (Warning) Annotation from val declaration overrides inline type annotation
.\u_boot_fsts\FStar.Syntax.Syntax.fst(481,0-483,38): (Warning) Annotation from val declaration overrides inline type annotation
.\u_boot_fsts\FStar.TypeChecker.Util.fst(70,0-72,32): (Warning) Annotation from val declaration overrides inline type annotation
.\u_boot_fsts\FStar.TypeChecker.Env.fst(297,0-301,35): (Warning) Annotation from val declaration overrides inline type annotation
.\u_boot_fsts\FStar.TypeChecker.Env.fst(735,0-737,39): (Warning) Annotation from val declaration overrides inline type annotation
warning: CRLF will be replaced by LF in src/parser/ml/parse.mly.
The file will have its original line endings in your working directory.
warning: CRLF will be replaced by LF in src/parser/parse.fsi.
The file will have its original line endings in your working directory.
warning: CRLF will be replaced by LF in src/parser/parse.fsy.
The file will have its original line endings in your working directory.
make[3]: warning: jobserver unavailable: using -j1.  Add '+' to parent make rule.
make[3]: warning: jobserver unavailable: using -j1.  Add '+' to parent make rule.
File "extracted/FStar_Pervasives.ml", line 22, characters 35-66:
Warning 8: this pattern-matching is not exhaustive.
Here is an example of a value that is not matched:
(E _|Err _)
File "extracted/FStar_Pervasives.ml", line 25, characters 35-66:
Warning 8: this pattern-matching is not exhaustive.
Here is an example of a value that is not matched:
(V _|Err _)
File "extracted/FStar_Pervasives.ml", line 28, characters 39-76:
Warning 8: this pattern-matching is not exhaustive.
Here is an example of a value that is not matched:
(V _|E _)
File "extracted/FStar_Pervasives.ml", line 64, characters 38-72:
Warning 8: this pattern-matching is not exhaustive.
Here is an example of a value that is not matched:
None
File "extracted/FStar_Pervasives.ml", line 71, characters 37-70:
Warning 8: this pattern-matching is not exhaustive.
Here is an example of a value that is not matched:
Inr _
File "extracted/FStar_Pervasives.ml", line 74, characters 37-70:
Warning 8: this pattern-matching is not exhaustive.
Here is an example of a value that is not matched:
Inl _
.\hello.fst(5,0-5,37): (Warning) Top-level let-bindings must be total; this term may have effects
.\Ex01a.fst(68,0-68,48): (Warning) Top-level let-bindings must be total; this term may have effects
.\Ex01a.fst(58,0-58,48): (Warning) Top-level let-bindings must be total; this term may have effects
.\FStar.Int.fst(18,0-28,13): (Error) Unknown assertion failed
Verified module: FStar.Int (6222 milliseconds)
1 error was reported (see above)
make[2]: *** [Makefile:30: FStar.Int.fst-ver] Error 1
make[2]: *** [Makefile:47: search.cons-snoc.out.check] Error 1
make[2]: Target 'default' not remade because of errors.
make[1]: *** [Makefile:268: interactive-test] Error 2
.\SimplePrintf.fst(92,0-93,67): (Error) Unknown assertion failed
.\SimplePrintf.fst(96,0-98,69): (Error) Unknown assertion failed
.\SimplePrintf.fst(102,8-103,83): (Error) Unknown assertion failed
.\SimplePrintf.fst(111,0-115,54): (Error) Unknown assertion failed
.\SimplePrintf.fst(117,0-119,82): (Error) Unknown assertion failed
Verified module: SimplePrintf (8099 milliseconds)
5 errors were reported (see above)
make[3]: *** [../Makefile.include:15: SimplePrintf.uver] Error 1
make[3]: Target 'all' not remade because of errors.
make[2]: *** [Makefile:35: printf.all] Error 2
.\Encrypt_SymEnc.fst(30,0-30,18): (Warning) Top-level let-bindings must be total; this term may have effects
WARNING: (7020,51): pattern does not contain all quantified variables.
WARNING: (7020,51): pattern does not contain all quantified variables.
.\MAC.fst(45,0-45,35): (Warning) Top-level let-bindings must be total; this term may have effects
.\Platform.Bytes.fst(15,32-18,29): (Warning) Pattern misses at least one bound variable: uu___#415309
Warning: Unable to open hints file: C:\Build\Agent1\_work\2\s\examples\tactics\Apply.fst.hints; ran without hints
.\RPC.fst(9,0-9,53): (Warning) Top-level let-bindings must be total; this term may have effects
.\RPC.fst(23,0-23,39): (Warning) Top-level let-bindings must be total; this term may have effects
WARNING: (6971,46): pattern does not contain any variable.
.\RPC.fst(48,0-49,16): (Warning) Top-level let-bindings must be total; this term may have effects
WARNING: (7154,46): pattern does not contain any variable.
.\RPC.fst(116,0-116,17): (Warning) Top-level let-bindings must be total; this term may have effects
WARNING: (6870,46): pattern does not contain any variable.
.\Platform.Bytes.fst(257,22-260,30): (Warning) Pattern misses at least one bound variable: i#452602
.\Platform.Bytes.fst(261,8-261,24): (Warning) Pattern misses at least one bound variable: i#454643 (see also .\Platform.Bytes.fst(257,156-260,30))
WARNING: (7176,46): pattern does not contain any variable.
WARNING: (67419,46): pattern does not contain any variable.
WARNING: (71772,43): pattern does not contain all quantified variables.
WARNING: (67419,46): pattern does not contain any variable.
WARNING: (71772,43): pattern does not contain all quantified variables.
.\CntProtocol.fst(14,0-14,53): (Warning) Top-level let-bindings must be total; this term may have effects
.\CntProtocol.fst(29,0-29,26): (Warning) Top-level let-bindings must be total; this term may have effects
.\CntProtocol.fst(32,0-32,54): (Warning) Top-level let-bindings must be total; this term may have effects
.\CntProtocol.fst(35,0-35,54): (Warning) Top-level let-bindings must be total; this term may have effects
WARNING: (67419,46): pattern does not contain any variable.
WARNING: (71772,43): pattern does not contain all quantified variables.
.\Ex10a.fst(28,0-28,22): (Warning) Top-level let-bindings must be total; this term may have effects
.\CntProtocol.fst(99,0-99,39): (Warning) Top-level let-bindings must be total; this term may have effects
.\CntProtocol.fst(126,0-126,18): (Warning) Top-level let-bindings must be total; this term may have effects
WARNING: (67419,46): pattern does not contain any variable.
WARNING: (71772,43): pattern does not contain all quantified variables.
.\CntProtocol.fst(172,0-188,5): (Warning) Top-level let-bindings must be total; this term may have effects
WARNING: (67419,46): pattern does not contain any variable.
WARNING: (71772,43): pattern does not contain all quantified variables.
WARNING: (67419,46): pattern does not contain any variable.
WARNING: (71772,43): pattern does not contain all quantified variables.
WARNING: (67419,46): pattern does not contain any variable.
WARNING: (71772,43): pattern does not contain all quantified variables.
.\BinaryTreesEnumeration.fst(225,9-247,46): (Error) Unknown assertion failed
Verified module: BinaryTreesEnumeration (28393 milliseconds)
1 error was reported (see above)
make[3]: *** [../Makefile.include:15: BinaryTreesEnumeration.uver] Error 1
make[3]: Target 'all' not remade because of errors.
make[2]: *** [Makefile:35: data_structures.all] Error 2
.\Ex12a.Cap.fst(22,0-22,26): (Warning) Top-level let-bindings must be total; this term may have effects
Warning: Unable to open hints file: C:\Build\Agent1\_work\2\s\ulib\FStar.Tactics.Logic.fst.hints; ran without hints
WARNING: (67419,46): pattern does not contain any variable.
WARNING: (71772,43): pattern does not contain all quantified variables.
.\IfcDelimitedReleaseReify.fst(84,0-95,5): (Error) Unknown assertion failed
Verified module: IfcDelimitedReleaseReify (16671 milliseconds)
1 error was reported (see above)
make[3]: *** [../Makefile.include:15: IfcDelimitedReleaseReify.uver] Error 1
WARNING: (67419,46): pattern does not contain any variable.
WARNING: (71772,43): pattern does not contain all quantified variables.
.\Platform.Bytes.fst(15,40-18,29): (Warning) Pattern misses at least one bound variable: uu___#490346
.\Platform.Bytes.fst(261,8-261,24): (Warning) Pattern misses at least one bound variable: i#498790 (see also .\Platform.Bytes.fst(257,156-260,30))
.\Ex10a.fst(28,0-28,22): (Warning) Top-level let-bindings must be total; this term may have effects
.\Ex12a.Cap.fst(20,0-20,26): (Warning) Top-level let-bindings must be total; this term may have effects
.\Ex12b.RPC.fst(8,0-8,53): (Warning) Top-level let-bindings must be total; this term may have effects
.\Ex12b.RPC.fst(21,0-21,39): (Warning) Top-level let-bindings must be total; this term may have effects
.\Ex12b.RPC.fst(53,0-54,16): (Warning) Top-level let-bindings must be total; this term may have effects
.\Ex12b.RPC.fst(123,0-123,17): (Warning) Top-level let-bindings must be total; this term may have effects
Warning: Unable to open hints file: C:\Build\Agent1\_work\2\s\ulib\FStar.Reflection.fst.hints; ran without hints
make[5]: warning: jobserver unavailable: using -j1.  Add '+' to parent make rule.
make[5]: warning: jobserver unavailable: using -j1.  Add '+' to parent make rule.
File "extracted/FStar_Pervasives.ml", line 22, characters 35-66:
Warning 8: this pattern-matching is not exhaustive.
Here is an example of a value that is not matched:
(E _|Err _)
File "extracted/FStar_Pervasives.ml", line 25, characters 35-66:
Warning 8: this pattern-matching is not exhaustive.
Here is an example of a value that is not matched:
(V _|Err _)
File "extracted/FStar_Pervasives.ml", line 28, characters 39-76:
Warning 8: this pattern-matching is not exhaustive.
Here is an example of a value that is not matched:
(V _|E _)
File "extracted/FStar_Pervasives.ml", line 64, characters 38-72:
Warning 8: this pattern-matching is not exhaustive.
Here is an example of a value that is not matched:
None
File "extracted/FStar_Pervasives.ml", line 71, characters 37-70:
Warning 8: this pattern-matching is not exhaustive.
Here is an example of a value that is not matched:
Inr _
File "extracted/FStar_Pervasives.ml", line 74, characters 37-70:
Warning 8: this pattern-matching is not exhaustive.
Here is an example of a value that is not matched:
Inl _
Warning: Unable to open hints file: C:\Build\Agent1\_work\2\s\examples\tactics\Cut.fst.hints; ran without hints
jsonparser.pos\Test.fst(0,0-0,0): (Warning) Test: Unexpected output from Z3: (error "line 154952 column 95: Wrong number of arguments (1) passed to function (declare-fun JSONParser.Spec.object_as_type.fuel_instrumented

jsonparser.pos\Test.fst(0,0-0,0): (Warning) Test: Unexpected output from Z3: (Fuel Term Term Term Term)

jsonparser.pos\Test.fst(0,0-0,0): (Warning) Test: Unexpected output from Z3: Term)")

jsonparser.pos\Test.fst(0,0-0,0): (Warning) Test: Unexpected output from Z3: (error "line 154975 column 82: Wrong number of arguments (1) passed to function (declare-fun JSONParser.Spec.object_as_type.fuel_instrumented

jsonparser.pos\Test.fst(0,0-0,0): (Warning) Test: Unexpected output from Z3: (Fuel Term Term Term Term)

jsonparser.pos\Test.fst(0,0-0,0): (Warning) Test: Unexpected output from Z3: Term)")

jsonparser.pos\Test.fst(0,0-0,0): (Warning) Test: Unexpected output from Z3: (error "line 156401 column 47: Wrong number of arguments (1) passed to function (declare-fun JSONParser.Spec.gprint.fuel_instrumented (Fuel Term Term) Term)")

jsonparser.pos\Test.fst(0,0-0,0): (Warning) Test: Unexpected output from Z3: (error "line 159575 column 47: Wrong number of arguments (1) passed to function (declare-fun JSONParser.Spec.gparse.fuel_instrumented

jsonparser.pos\Test.fst(0,0-0,0): (Warning) Test: Unexpected output from Z3: (Fuel Term Term Term)

jsonparser.pos\Test.fst(0,0-0,0): (Warning) Test: Unexpected output from Z3: Term)")

.\Ex01a.fst(58,0-58,48): (Warning) Top-level let-bindings must be total; this term may have effects
.\TestMRef.fst(8,0-8,20): (Warning) Top-level let-bindings must be total; this term may have effects
make[3]: [Makefile:59: Ex01a-ocaml] Error 2 (ignored)
Warning: Unable to open hints file: C:\Build\Agent1\_work\2\s\examples\tactics\Pruning.fst.hints; ran without hints
Warning: Unable to open hints file: C:\Build\Agent1\_work\2\s\examples\tactics\Clear.fst.hints; ran without hints
Warning: Unable to open hints file: C:\Build\Agent1\_work\2\s\ulib\FStar.Tactics.Builtins.fst.hints; ran without hints
.\Normalization.fst(5,0-5,92): (Error) Unknown assertion failed
.\Normalization.fst(12,0-12,41): (Error) Unknown assertion failed
.\Normalization.fst(28,0-38,13): (Error) Unknown assertion failed
.\Normalization.fst(43,0-43,127): (Error) Unknown assertion failed
Verified module: Normalization (4735 milliseconds)
4 errors were reported (see above)
Warning: Unable to open hints file: C:\Build\Agent1\_work\2\s\ulib\FStar.Reflection.Syntax.Lemmas.fst.hints; ran without hints
make[3]: *** [../Makefile.include:15: Normalization.uver] Error 1
.\Mac.fst(70,0-70,35): (Warning) Top-level let-bindings must be total; this term may have effects
Warning: Unable to open hints file: C:\Build\Agent1\_work\2\s\examples\tactics\Cases.fst.hints; ran without hints
Warning: Unable to open hints file: C:\Build\Agent1\_work\2\s\examples\tactics\Arith.fst.hints; ran without hints
Warning: Unable to open hints file: C:\Build\Agent1\_work\2\s\examples\tactics\Logic.fst.hints; ran without hints
make[3]: Target 'all' not remade because of errors.
make[2]: *** [Makefile:35: micro-benchmarks.all] Error 2
Warning: Unable to open hints file: C:\Build\Agent1\_work\2\s\examples\tactics\Synthesis.fst.hints; ran without hints
Warning: Unable to open hints file: C:\Build\Agent1\_work\2\s\examples\tactics\Neg.fst.hints; ran without hints
Warning: Unable to open hints file: C:\Build\Agent1\_work\2\s\examples\tactics\Caller.fst.hints; ran without hints
Warning: Unable to open hints file: C:\Build\Agent1\_work\2\s\ulib\FStar.Tactics.Arith.fst.hints; ran without hints
Warning: Unable to open hints file: C:\Build\Agent1\_work\2\s\ulib\FStar.Reflection.Arith.fst.hints; ran without hints
Warning: Unable to open hints file: C:\Build\Agent1\_work\2\s\examples\tactics\Canon.fst.hints; ran without hints
Warning: Unable to open hints file: C:\Build\Agent1\_work\2\s\ulib\FStar.Tactics.Derived.fst.hints; ran without hints
Warning: Unable to open hints file: C:\Build\Agent1\_work\2\s\examples\tactics\BinaryTreesEnumeration.fst.hints; ran without hints
.\BinaryTreesEnumeration.fst(225,9-247,46): (Error) Unknown assertion failed
Verified module: BinaryTreesEnumeration (49890 milliseconds)
1 error was reported (see above)
make[3]: *** [../Makefile.include:15: BinaryTreesEnumeration.uver] Error 1
make[3]: Target 'all' not remade because of errors.
make[2]: *** [Makefile:35: tactics.all] Error 2
make[3]: Target 'all' not remade because of errors.
make[2]: *** [Makefile:35: rel.all] Error 2
make[2]: Target 'all' not remade because of errors.
make[1]: *** [Makefile:281: uexamples] Error 2
Warning: Unable to open hints file: C:\Build\Agent1\_work\2\s\ulib\FStar.Tactics.Effect.fst.hints; ran without hints
.\FStar.Seq.Properties.fst(622,0-625,3): (Error) Unknown assertion failed
Verified module: FStar.Seq.Properties (41058 milliseconds)
1 error was reported (see above)
make[2]: *** [Makefile:30: FStar.Seq.Properties.fst-ver] Error 1
Warning: Unable to open hints file: C:\Build\Agent1\_work\2\s\ulib\FStar.Reflection.Syntax.fst.hints; ran without hints
Warning: Unable to open hints file: C:\Build\Agent1\_work\2\s\ulib\FStar.Tactics.Canon.fst.hints; ran without hints
Warning: Unable to open hints file: C:\Build\Agent1\_work\2\s\ulib\FStar.Reflection.Formula.fst.hints; ran without hints
.\FStar.UInt.fst(22,0-33,13): (Error) Unknown assertion failed
.\FStar.UInt.fst(687,0-689,33): (Error) Unknown assertion failed
Verified module: FStar.UInt (73101 milliseconds)
2 errors were reported (see above)
make[2]: *** [Makefile:30: FStar.UInt.fst-ver] Error 1
.\FStar.Buffer.fst(777,0-786,3): (Error) Unknown assertion failed
Verified module: FStar.Buffer (163518 milliseconds)
1 error was reported (see above)
make[2]: *** [Makefile:30: FStar.Buffer.fst-ver] Error 1
make[2]: Target 'all' not remade because of errors.
make[1]: *** [Makefile:278: ulib] Error 2
make[1]: Target 'uregressions' not remade because of errors.
make: *** [Makefile:262: utest] Error 2
