dos2unix: converting file parser/parse.fsi to Unix format...
Warning: you are using the standard library and/or the %inline keyword. We
recommend switching on --infer in order to avoid obscure type error messages.
dos2unix: converting file parse.mly to Unix format...
File "src/basic/ml/FStar_Util.ml", line 49, characters 57-65:
Warning 40: st_mtime was selected from type BatUnix.stats.
It is not visible in the current scope, and will not 
be selected if the type becomes unknown.
File "src/basic/ml/FStar_Util.ml", line 49, characters 57-65:
Warning 40: st_mtime was selected from type BatUnix.stats.
It is not visible in the current scope, and will not 
be selected if the type becomes unknown.
.\u_boot_fsts\FStar.TypeChecker.Util.fst(71,0-73,32): (Warning) Annotation from val declaration overrides inline type annotation
.\u_boot_fsts\FStar.Syntax.Syntax.fst(394,0-394,33): (Warning) Annotation from val declaration overrides inline type annotation
.\u_boot_fsts\FStar.Syntax.Syntax.fst(445,0-445,48): (Warning) Annotation from val declaration overrides inline type annotation
.\u_boot_fsts\FStar.Syntax.Syntax.fst(446,0-446,76): (Warning) Annotation from val declaration overrides inline type annotation
.\u_boot_fsts\FStar.Syntax.Syntax.fst(496,0-498,38): (Warning) Annotation from val declaration overrides inline type annotation
.\u_boot_fsts\FStar.TypeChecker.Env.fst(282,0-286,35): (Warning) Annotation from val declaration overrides inline type annotation
.\u_boot_fsts\FStar.TypeChecker.Env.fst(716,0-718,39): (Warning) Annotation from val declaration overrides inline type annotation
.\Ex01a.fst(68,0-68,48): (Warning) Top-level let-bindings must be total; this term may have effects
.\Ex01a.fst(58,0-58,48): (Warning) Top-level let-bindings must be total; this term may have effects
make[2]: *** [Makefile:54: search.cons-snoc.out.check] Error 1
make[2]: Target 'default' not remade because of errors.
make[1]: *** [Makefile:266: interactive-test] Error 2
.\Encrypt_SymEnc.fst(30,0-30,18): (Warning) Top-level let-bindings must be total; this term may have effects
Unexpected error
FStar_Errors.Error(_)
Raised at file "src/ocaml-output/FStar_TypeChecker_Util.ml", line 3693, characters 20-30
Called from file "src/ocaml-output/FStar_TypeChecker_TcTerm.ml", line 329, characters 24-77
Called from file "src/ocaml-output/FStar_TypeChecker_TcTerm.ml", line 3545, characters 47-61
Called from file "src/ocaml-output/FStar_TypeChecker_TcTerm.ml", line 1512, characters 22-108
Called from file "src/ocaml-output/FStar_TypeChecker_TcTerm.ml", line 3545, characters 47-61
Called from file "src/ocaml-output/FStar_TypeChecker_TcTerm.ml", line 1512, characters 22-108
Called from file "src/ocaml-output/FStar_TypeChecker_TcTerm.ml", line 3545, characters 47-61
Called from file "src/ocaml-output/FStar_TypeChecker_TcTerm.ml", line 1512, characters 22-108
Called from file "src/ocaml-output/FStar_TypeChecker_TcTerm.ml", line 3545, characters 47-61
Called from file "src/ocaml-output/FStar_TypeChecker_TcTerm.ml", line 1512, characters 22-108
Called from file "src/ocaml-output/FStar_TypeChecker_TcTerm.ml", line 3545, characters 47-61
Called from file "src/ocaml-output/FStar_TypeChecker_TcTerm.ml", line 1512, characters 22-108
Called from file "src/ocaml-output/FStar_TypeChecker_TcTerm.ml", line 2888, characters 22-1023
Called from file "src/ocaml-output/FStar_TypeChecker_TcTerm.ml", line 3545, characters 47-61
Called from file "src/ocaml-output/FStar_TypeChecker_TcTerm.ml", line 1512, characters 22-108
Called from file "src/ocaml-output/FStar_TypeChecker_TcTerm.ml", line 1106, characters 23-44
Called from file "src/ocaml-output/FStar_TypeChecker_TcTerm.ml", line 4209, characters 49-75
Called from file "src/batList.mlv", line 171, characters 23-28
Called from file "ulib/ml/FStar_All.ml", line 3, characters 21-24
Called from file "src/ocaml-output/FStar_TypeChecker_TcTerm.ml", line 1106, characters 23-44
Called from file "src/ocaml-output/FStar_TypeChecker_TcTerm.ml", line 2888, characters 22-1023
Called from file "src/ocaml-output/FStar_TypeChecker_TcTerm.ml", line 3545, characters 47-61
Called from file "src/ocaml-output/FStar_TypeChecker_TcTerm.ml", line 1512, characters 22-108
Called from file "src/ocaml-output/FStar_TypeChecker_TcTerm.ml", line 2888, characters 22-1023
Called from file "src/ocaml-output/FStar_TypeChecker_TcTerm.ml", line 3545, characters 47-61
Called from file "src/ocaml-output/FStar_TypeChecker_TcTerm.ml", line 1512, characters 22-108
Called from file "src/ocaml-output/FStar_TypeChecker_TcTerm.ml", line 3545, characters 47-61
Called from file "src/ocaml-output/FStar_TypeChecker_TcTerm.ml", line 1512, characters 22-108
Called from file "src/ocaml-output/FStar_TypeChecker_TcTerm.ml", line 2888, characters 22-1023
Called from file "src/ocaml-output/FStar_TypeChecker_TcTerm.ml", line 3545, characters 47-61
Called from file "src/ocaml-output/FStar_TypeChecker_TcTerm.ml", line 1512, characters 22-108
Called from file "src/ocaml-output/FStar_TypeChecker_TcTerm.ml", line 1106, characters 23-44
Called from file "src/ocaml-output/FStar_TypeChecker_TcTerm.ml", line 4209, characters 49-75
Called from file "src/batList.mlv", line 171, characters 23-28
Called from file "ulib/ml/FStar_All.ml", line 3, characters 21-24
Called from file "src/ocaml-output/FStar_TypeChecker_TcTerm.ml", line 1106, characters 23-44
Called from file "src/ocaml-output/FStar_TypeChecker_TcTerm.ml", line 2888, characters 22-1023
Called from file "src/ocaml-output/FStar_TypeChecker_TcTerm.ml", line 3545, characters 47-61
Called from file "src/ocaml-output/FStar_TypeChecker_TcTerm.ml", line 1512, characters 22-108
Called from file "src/ocaml-output/FStar_TypeChecker_TcTerm.ml", line 2888, characters 22-1023
Called from file "src/ocaml-output/FStar_TypeChecker_TcTerm.ml", line 3545, characters 47-61
Called from file "src/ocaml-output/FStar_TypeChecker_TcTerm.ml", line 1512, characters 22-108
Called from file "src/ocaml-output/FStar_TypeChecker_TcTerm.ml", line 3545, characters 47-61
Called from file "src/ocaml-output/FStar_TypeChecker_TcTerm.ml", line 1512, characters 22-108
Called from file "src/ocaml-output/FStar_TypeChecker_TcTerm.ml", line 2888, characters 22-1023
Called from file "src/ocaml-output/FStar_TypeChecker_TcTerm.ml", line 3545, characters 47-61
Called from file "src/ocaml-output/FStar_TypeChecker_TcTerm.ml", line 1512, characters 22-108
Called from file "src/ocaml-output/FStar_TypeChecker_TcTerm.ml", line 1106, characters 23-44
Called from file "src/ocaml-output/FStar_TypeChecker_TcTerm.ml", line 4209, characters 49-75
Called from file "src/batList.mlv", line 171, characters 23-28
Called from file "ulib/ml/FStar_All.ml", line 3, characters 21-24
Called from file "src/ocaml-output/FStar_TypeChecker_TcTerm.ml", line 3545, characters 47-61
Called from file "src/ocaml-output/FStar_TypeChecker_TcTerm.ml", line 1512, characters 22-108
Called from file "src/ocaml-output/FStar_TypeChecker_TcTerm.ml", line 2888, characters 22-1023
Called from file "src/ocaml-output/FStar_TypeChecker_TcTerm.ml", line 3545, characters 47-61
Called from file "src/ocaml-output/FStar_TypeChecker_TcTerm.ml", line 1512, characters 22-108
Called from file "src/ocaml-output/FStar_TypeChecker_TcTerm.ml", line 2888, characters 22-1023
Called from file "src/ocaml-output/FStar_TypeChecker_TcTerm.ml", line 3545, characters 47-61
Called from file "src/ocaml-output/FStar_TypeChecker_TcTerm.ml", line 1512, characters 22-108
Called from file "src/ocaml-output/FStar_TypeChecker_TcTerm.ml", line 3545, characters 47-61
Called from file "src/ocaml-output/FStar_TypeChecker_TcTerm.ml", line 1512, characters 22-108
Called from file "src/ocaml-output/FStar_TypeChecker_TcTerm.ml", line 3545, characters 47-61
Called from file "src/ocaml-output/FStar_TypeChecker_TcTerm.ml", line 1512, characters 22-108
Called from file "src/ocaml-output/FStar_TypeChecker_TcTerm.ml", line 2888, characters 22-1023
Called from file "src/ocaml-output/FStar_TypeChecker_TcTerm.ml", line 3545, characters 47-61
Called from file "src/ocaml-output/FStar_TypeChecker_TcTerm.ml", line 1512, characters 22-108
Called from file "src/ocaml-output/FStar_TypeChecker_TcTerm.ml", line 1106, characters 23-44
Called from file "src/ocaml-output/FStar_TypeChecker_TcTerm.ml", line 2888, characters 22-1023
Called from file "src/ocaml-output/FStar_TypeChecker_TcTerm.ml", line 3545, characters 47-61
Called from file "src/ocaml-output/FStar_TypeChecker_TcTerm.ml", line 1512, characters 22-108
Called from file "src/ocaml-output/FStar_TypeChecker_TcTerm.ml", line 5864, characters 23-51
Called from file "src/ocaml-output/FStar_TypeChecker_TcTerm.ml", line 2308, characters 12-69
Called from file "src/ocaml-output/FStar_TypeChecker_TcTerm.ml", line 2090, characters 42-57
Called from file "src/ocaml-output/FStar_TypeChecker_TcTerm.ml", line 5864, characters 23-51
Called from file "src/ocaml-output/FStar_TypeChecker_TcTerm.ml", line 5939, characters 24-49
Called from file "src/ocaml-output/FStar_TypeChecker_Tc.ml", line 4431, characters 18-67
Called from file "src/ocaml-output/FStar_TypeChecker_Tc.ml", line 4443, characters 10-33
Called from file "list.ml", line 73, characters 12-15
Called from file "list.ml", line 73, characters 12-15
Called from file "src/ocaml-output/FStar_TypeChecker_Tc.ml", line 4550, characters 28-61
Called from file "src/ocaml-output/FStar_TypeChecker_Tc.ml", line 4577, characters 10-60
Called from file "src/basic/ml/FStar_Util.ml", line 46, characters 14-18
Called from file "src/ocaml-output/FStar_Universal.ml", line 302, characters 34-233
Called from file "list.ml", line 84, characters 24-34
Called from file "ulib/ml/FStar_All.ml", line 3, characters 21-24
Called from file "src/ocaml-output/FStar_SMTEncoding_Solver.ml", line 115, characters 16-20
Called from file "src/ocaml-output/FStar_Universal.ml", line 383, characters 18-101
Called from file "src/ocaml-output/FStar_Universal.ml", line 407, characters 31-72
Called from file "src/ocaml-output/FStar_Universal.ml", line 424, characters 24-71
Called from file "src/ocaml-output/FStar_Universal.ml", line 465, characters 26-68
Called from file "src/ocaml-output/FStar_Main.ml", line 213, characters 27-67
Called from file "src/ocaml-output/FStar_Main.ml", line 236, characters 6-11

C:\Build\Agent1\_work\2\s\ulib\FStar.Pervasives.fst(163,41-163,43): (Error) Interface of Encrypt_Sample violates its abstraction (add a 'private' qualifier to 'test'?): Expected expression of type "(uu___635882:FStar.Pervasives.result (Encrypt_SymEnc.key AES.plain AES.plain){ Prims.b2t (V? uu___635882
) })"; got expression "ra" of type "Encrypt_SymEnc.key AES.plain AES.plain" (see also C:\Build\Agent1\_work\2\s\ulib\FStar.Pervasives.fst(163,25-163,27))
1 error was reported (see above)
make[3]: *** [Makefile:57: verify-Encrypt_Sample.fst] Error 1
WARNING: (6892,51): pattern does not contain all quantified variables.
WARNING: (6892,51): pattern does not contain all quantified variables.
.\Ex10a.fst(28,0-28,22): (Warning) Top-level let-bindings must be total; this term may have effects
.\Ex10a.fst(77,0-80,28): (Error) Unknown assertion failed
Verified module: Ex10a (2941 milliseconds)
1 error was reported (see above)
make[3]: *** [Makefile:38: verify-Ex10a.fst] Error 1
.\MAC.fst(45,0-45,35): (Warning) Top-level let-bindings must be total; this term may have effects
.\Ex12a.Cap.fst(22,0-22,26): (Warning) Top-level let-bindings must be total; this term may have effects
jsonparser.pos\Test.fst(0,0-0,0): (Warning) Test: Unexpected output from Z3: (error "line 133792 column 95: Wrong number of arguments (1) passed to function (declare-fun JSONParser.Spec.object_as_type.fuel_instrumented

jsonparser.pos\Test.fst(0,0-0,0): (Warning) Test: Unexpected output from Z3: (Fuel Term Term Term Term)

jsonparser.pos\Test.fst(0,0-0,0): (Warning) Test: Unexpected output from Z3: Term)")

jsonparser.pos\Test.fst(0,0-0,0): (Warning) Test: Unexpected output from Z3: (error "line 133815 column 82: Wrong number of arguments (1) passed to function (declare-fun JSONParser.Spec.object_as_type.fuel_instrumented

jsonparser.pos\Test.fst(0,0-0,0): (Warning) Test: Unexpected output from Z3: (Fuel Term Term Term Term)

jsonparser.pos\Test.fst(0,0-0,0): (Warning) Test: Unexpected output from Z3: Term)")

jsonparser.pos\Test.fst(0,0-0,0): (Warning) Test: Unexpected output from Z3: (error "line 135089 column 47: Wrong number of arguments (1) passed to function (declare-fun JSONParser.Spec.gprint.fuel_instrumented (Fuel Term Term) Term)")

jsonparser.pos\Test.fst(0,0-0,0): (Warning) Test: Unexpected output from Z3: (error "line 138132 column 47: Wrong number of arguments (1) passed to function (declare-fun JSONParser.Spec.gparse.fuel_instrumented

jsonparser.pos\Test.fst(0,0-0,0): (Warning) Test: Unexpected output from Z3: (Fuel Term Term Term)

jsonparser.pos\Test.fst(0,0-0,0): (Warning) Test: Unexpected output from Z3: Term)")

File "ulib/ml/extracted/FStar_IndefiniteDescription.ml", line 7, characters 31-33:
Warning 20: this argument will not be used by the function.
File "ulib/ml/extracted/FStar_Tactics.ml", line 353, characters 45-46:
Warning 20: this argument will not be used by the function.
File "ulib/ml/extracted/FStar_Util.ml", line 2, characters 40-41:
Warning 20: this argument will not be used by the function.
File "ulib/ml/extracted/FStar_Util.ml", line 2, characters 42-43:
Warning 20: this argument will not be used by the function.
File "ulib/ml/extracted/FStar_Util.ml", line 3, characters 64-65:
Warning 20: this argument will not be used by the function.
File "ulib/ml/extracted/FStar_Util.ml", line 5, characters 37-38:
Warning 20: this argument will not be used by the function.
File "ulib/ml/extracted/FStar_Util.ml", line 5, characters 62-63:
Warning 20: this argument will not be used by the function.
.\Ex10a.fst(28,0-28,22): (Warning) Top-level let-bindings must be total; this term may have effects
.\Ex10a.fst(81,0-84,28): (Error) Unknown assertion failed
Verified module: Ex10a (3302 milliseconds)
1 error was reported (see above)
make[3]: *** [Makefile:39: verify-Ex10a.fst] Error 1
make[3]: Target 'all' not remade because of errors.
make[2]: *** [Makefile:35: ../doc/tutorial/code/exercises.all] Error 2
.\Platform.Bytes.fst(15,32-18,29): (Warning) Pattern misses at least one bound variable: uu___#420732
WARNING: (6843,46): pattern does not contain any variable.
WARNING: (7026,46): pattern does not contain any variable.
WARNING: (6742,46): pattern does not contain any variable.
.\Platform.Bytes.fst(257,22-260,30): (Warning) Pattern misses at least one bound variable: i#457526
.\Platform.Bytes.fst(261,8-261,24): (Warning) Pattern misses at least one bound variable: i#459525 (see also .\Platform.Bytes.fst(257,156-260,30))
WARNING: (7048,46): pattern does not contain any variable.
WARNING: (65504,46): pattern does not contain any variable.
WARNING: (69400,43): pattern does not contain all quantified variables.
WARNING: (65504,46): pattern does not contain any variable.
WARNING: (69400,43): pattern does not contain all quantified variables.
WARNING: (6875,46): pattern does not contain any variable.
WARNING: (65504,46): pattern does not contain any variable.
WARNING: (69400,43): pattern does not contain all quantified variables.
WARNING: (65504,46): pattern does not contain any variable.
WARNING: (69400,43): pattern does not contain all quantified variables.
WARNING: (65504,46): pattern does not contain any variable.
WARNING: (69400,43): pattern does not contain all quantified variables.
WARNING: (65504,46): pattern does not contain any variable.
WARNING: (69400,43): pattern does not contain all quantified variables.
WARNING: (65504,46): pattern does not contain any variable.
WARNING: (69400,43): pattern does not contain all quantified variables.
WARNING: (65504,46): pattern does not contain any variable.
WARNING: (69400,43): pattern does not contain all quantified variables.
WARNING: (65504,46): pattern does not contain any variable.
WARNING: (69400,43): pattern does not contain all quantified variables.
.\Platform.Bytes.fst(15,40-18,29): (Warning) Pattern misses at least one bound variable: uu___#494250
.\Platform.Bytes.fst(261,8-261,24): (Warning) Pattern misses at least one bound variable: i#502637 (see also .\Platform.Bytes.fst(257,156-260,30))
File "ulib/ml/extracted/FStar_IndefiniteDescription.ml", line 7, characters 31-33:
Warning 20: this argument will not be used by the function.
File "ulib/ml/extracted/FStar_Tactics.ml", line 353, characters 45-46:
Warning 20: this argument will not be used by the function.
File "ulib/ml/extracted/FStar_Util.ml", line 2, characters 40-41:
Warning 20: this argument will not be used by the function.
File "ulib/ml/extracted/FStar_Util.ml", line 2, characters 42-43:
Warning 20: this argument will not be used by the function.
File "ulib/ml/extracted/FStar_Util.ml", line 3, characters 64-65:
Warning 20: this argument will not be used by the function.
File "ulib/ml/extracted/FStar_Util.ml", line 5, characters 37-38:
Warning 20: this argument will not be used by the function.
File "ulib/ml/extracted/FStar_Util.ml", line 5, characters 62-63:
Warning 20: this argument will not be used by the function.
.\Ex12a.Cap.fst(20,0-20,26): (Warning) Top-level let-bindings must be total; this term may have effects
.\Ex12a.Cap.fst(32,0-37,29): (Error) Unknown assertion failed
Verified module: Ex12a.Cap (1858 milliseconds)
1 error was reported (see above)
make[3]: *** [Makefile:39: verify-Ex12a.Cap.fst] Error 1
.\FStar.Pervasives.fst(157,7-166,8): (Error) Unknown assertion failed
Verified module: FStar.Pervasives (2653 milliseconds)
1 error was reported (see above)
make[2]: *** [Makefile:16: FStar.Pervasives.fst-ver] Error 1
.\hello.fst(5,0-5,37): (Warning) Top-level let-bindings must be total; this term may have effects
.\CntProtocol.fst(14,0-14,53): (Warning) Top-level let-bindings must be total; this term may have effects
.\CntProtocol.fst(29,0-29,26): (Warning) Top-level let-bindings must be total; this term may have effects
.\CntProtocol.fst(32,0-32,54): (Warning) Top-level let-bindings must be total; this term may have effects
.\CntProtocol.fst(35,0-35,54): (Warning) Top-level let-bindings must be total; this term may have effects
.\CntProtocol.fst(99,0-99,39): (Warning) Top-level let-bindings must be total; this term may have effects
.\CntProtocol.fst(126,0-126,18): (Warning) Top-level let-bindings must be total; this term may have effects
.\CntProtocol.fst(172,0-188,5): (Warning) Top-level let-bindings must be total; this term may have effects
.\CntProtocol.fst(172,0-188,5): (Error) Unknown assertion failed
Verified module: CntProtocol (8254 milliseconds)
1 error was reported (see above)
make[3]: *** [Makefile:57: verify-CntProtocol.fst] Error 1
.\RPC.fst(9,0-9,53): (Warning) Top-level let-bindings must be total; this term may have effects
.\RPC.fst(23,0-23,39): (Warning) Top-level let-bindings must be total; this term may have effects
.\RPC.fst(48,0-49,16): (Warning) Top-level let-bindings must be total; this term may have effects
.\RPC.fst(116,0-116,17): (Warning) Top-level let-bindings must be total; this term may have effects
.\RPC.fst(66,0-76,25): (Error) Unknown assertion failed
.\RPC.fst(84,0-103,37): (Error) Unknown assertion failed
Verified module: RPC (10477 milliseconds)
2 errors were reported (see above)
make[3]: *** [Makefile:57: verify-RPC.fst] Error 1
.\TestMRef.fst(8,0-8,20): (Warning) Top-level let-bindings must be total; this term may have effects
.\Ex12b.RPC.fst(8,0-8,53): (Warning) Top-level let-bindings must be total; this term may have effects
.\Ex12b.RPC.fst(21,0-21,39): (Warning) Top-level let-bindings must be total; this term may have effects
.\Ex12b.RPC.fst(53,0-54,16): (Warning) Top-level let-bindings must be total; this term may have effects
.\Ex12b.RPC.fst(123,0-123,17): (Warning) Top-level let-bindings must be total; this term may have effects
.\Ex12b.RPC.fst(53,0-54,16): (Error) Unknown assertion failed
.\Ex12b.RPC.fst(71,0-81,25): (Error) Unknown assertion failed
.\Ex12b.RPC.fst(90,0-109,37): (Error) Unknown assertion failed
Verified module: Ex12b.RPC (9382 milliseconds)
3 errors were reported (see above)
make[3]: *** [Makefile:39: verify-Ex12b.RPC.fst] Error 1
.\Ex01a.fst(58,0-58,48): (Warning) Top-level let-bindings must be total; this term may have effects
make[3]: [Makefile:59: Ex01a-ocaml] Error 2 (ignored)
.\Mac.fst(70,0-70,35): (Warning) Top-level let-bindings must be total; this term may have effects
.\Mac.fst(77,0-89,12): (Error) Unknown assertion failed
Verified module: MAC (3605 milliseconds)
1 error was reported (see above)
make[3]: *** [../Makefile.include:16: Mac.uver] Error 1
make[3]: Target 'all' not remade because of errors.
make[2]: *** [Makefile:35: ../doc/tutorial/code/solutions.all] Error 2
make[3]: Target 'all' not remade because of errors.
make[2]: *** [Makefile:35: micro-benchmarks.all] Error 2
.\HyE.HCCA2.fst(44,0-47,44): (Error) Unknown assertion failed
.\HyE.HCCA2.fst(50,0-54,18): (Error) Unknown assertion failed
Verified module: HyE.HCCA2 (11462 milliseconds)
2 errors were reported (see above)
make[3]: *** [Makefile:61: verify_hh-HyE.HCCA2.fst] Error 1
make[3]: Target 'all' not remade because of errors.
make[2]: *** [Makefile:35: crypto.all] Error 2
make[2]: Target 'all' not remade because of errors.
make[1]: *** [Makefile:283: uexamples] Error 2
.\FStar.List.fst(244,0-249,31): (Error) Unknown assertion failed
.\FStar.List.fst(256,0-261,30): (Error) Unknown assertion failed
.\FStar.List.fst(318,0-330,21): (Error) Unknown assertion failed
Verified module: FStar.List (16498 milliseconds)
3 errors were reported (see above)
make[2]: *** [Makefile:16: FStar.List.fst-ver] Error 1
make[2]: Target 'all' not remade because of errors.
make[1]: *** [Makefile:280: ulib] Error 2
make[1]: Target 'uregressions' not remade because of errors.
make: *** [Makefile:260: utest] Error 2
