make[1]: warning: jobserver unavailable: using -j1.  Add '+' to parent make rule.
make[1]: warning: jobserver unavailable: using -j1.  Add '+' to parent make rule.

Unhandled Exception: System.Exception: Universe variable not found
at FStar.TypeChecker.Normalize.aux@190-5(cfg cfg, FSharpList`1 env, universe u) in C:\Build\Agent2\_work\1\s\src\typechecker\FStar.TypeChecker.Normalize.fs:line 201
at FStar.TypeChecker.Normalize.norm_universe(cfg cfg, FSharpList`1 env, universe u) in C:\Build\Agent2\_work\1\s\src\typechecker\FStar.TypeChecker.Normalize.fs:line 228
at FStar.TypeChecker.Normalize.norm(cfg cfg, FSharpList`1 env, FSharpList`1 stack, syntax`2 t) in C:\Build\Agent2\_work\1\s\src\typechecker\FStar.TypeChecker.Normalize.fs:line 752
at FStar.TypeChecker.Normalize.norm_binder(cfg cfg, FSharpList`1 env, bv x, FSharpOption`1 imp) in C:\Build\Agent2\_work\1\s\src\typechecker\FStar.TypeChecker.Normalize.fs:line 1333
at FStar.TypeChecker.Normalize.norm_binders@1337-1.Invoke(Tuple`2 tupledArg) in C:\Build\Agent2\_work\1\s\src\typechecker\FStar.TypeChecker.Normalize.fs:line 1339
at Microsoft.FSharp.Collections.ListModule.loop@242-28[T,TState](FSharpFunc`3 f, TState s, FSharpList`1 xs)
at FStar.TypeChecker.Normalize.norm_binders(cfg cfg, FSharpList`1 env, FSharpList`1 bs) in C:\Build\Agent2\_work\1\s\src\typechecker\FStar.TypeChecker.Normalize.fs:line 1337
at FStar.TypeChecker.Normalize.norm(cfg cfg, FSharpList`1 env, FSharpList`1 stack, syntax`2 t) in C:\Build\Agent2\_work\1\s\src\typechecker\FStar.TypeChecker.Normalize.fs:line 918
at FStar.TypeChecker.Tc.post_process_term(env env, syntax`2 t) in C:\Build\Agent2\_work\1\s\src\typechecker\FStar.TypeChecker.Tc.fs:line 1298
at FStar.TypeChecker.Tc.post_process_sigel(env env, sigelt' se) in C:\Build\Agent2\_work\1\s\src\typechecker\FStar.TypeChecker.Tc.fs:line 1280
at FStar.TypeChecker.Tc.ses'@1424.Invoke(sigelt se) in C:\Build\Agent2\_work\1\s\src\typechecker\FStar.TypeChecker.Tc.fs:line 1424
at Microsoft.FSharp.Primitives.Basics.List.map[T,TResult](FSharpFunc`2 mapping, FSharpList`1 x)
at FStar.TypeChecker.Tc.process_one_decl@1420-1.Invoke(sigelt se) in C:\Build\Agent2\_work\1\s\src\typechecker\FStar.TypeChecker.Tc.fs:line 1424
at FStar.Util.fold_flatten[a,b](FSharpFunc`2 f, a acc, FSharpList`1 l) in C:\Build\Agent2\_work\1\s\src\basic\util.fs:line 538
at FStar.TypeChecker.Tc.tc_decls(env env, FSharpList`1 ses) in C:\Build\Agent2\_work\1\s\src\typechecker\FStar.TypeChecker.Tc.fs:line 1419
at FStar.TypeChecker.Tc.tc_partial_modul(env env, modul modul) in C:\Build\Agent2\_work\1\s\src\typechecker\FStar.TypeChecker.Tc.fs:line 1457
at FStar.TypeChecker.Tc.tc_modul(env env, modul modul) in C:\Build\Agent2\_work\1\s\src\typechecker\FStar.TypeChecker.Tc.fs:line 1554
at FStar.TypeChecker.Tc.check_module(env env, modul m) in C:\Build\Agent2\_work\1\s\src\typechecker\FStar.TypeChecker.Tc.fs:line 1570
at FStar.Tests.Pars.init_once() in C:\Build\Agent2\_work\1\s\src\tests\pars.fs:line 47
at FStar.Tests.Pars.init() in C:\Build\Agent2\_work\1\s\src\tests\pars.fs:line 57
at FStar.Tests.Test.main(String[] argv) in C:\Build\Agent2\_work\1\s\src\tests\test.fs:line 24
make[1]: *** [Makefile:265: fsharp-regressions] Error 127
make: *** [Makefile:252: utest] Error 2
