dos2unix: converting file parser/parse.fsi to Unix format...
Warning: you are using the standard library and/or the %inline keyword. We
recommend switching on --infer in order to avoid obscure type error messages.
dos2unix: converting file parse.mly to Unix format...
File "src/basic/ml/FStar_Util.ml", line 49, characters 57-65:
Warning 40: st_mtime was selected from type BatUnix.stats.
It is not visible in the current scope, and will not 
be selected if the type becomes unknown.
File "src/basic/ml/FStar_Util.ml", line 49, characters 57-65:
Warning 40: st_mtime was selected from type BatUnix.stats.
It is not visible in the current scope, and will not 
be selected if the type becomes unknown.
.\u_boot_fsts\FStar.Syntax.Syntax.fst(394,0-394,33): (Warning) Annotation from val declaration overrides inline type annotation
.\u_boot_fsts\FStar.Syntax.Syntax.fst(445,0-445,48): (Warning) Annotation from val declaration overrides inline type annotation
.\u_boot_fsts\FStar.Syntax.Syntax.fst(446,0-446,76): (Warning) Annotation from val declaration overrides inline type annotation
.\u_boot_fsts\FStar.Syntax.Syntax.fst(496,0-498,38): (Warning) Annotation from val declaration overrides inline type annotation
.\u_boot_fsts\FStar.TypeChecker.Util.fst(71,0-73,32): (Warning) Annotation from val declaration overrides inline type annotation
.\u_boot_fsts\FStar.TypeChecker.Env.fst(282,0-286,35): (Warning) Annotation from val declaration overrides inline type annotation
.\u_boot_fsts\FStar.TypeChecker.Env.fst(716,0-718,39): (Warning) Annotation from val declaration overrides inline type annotation
.\Ex01a.fst(68,0-68,48): (Warning) Top-level let-bindings must be total; this term may have effects
.\Ex01a.fst(58,0-58,48): (Warning) Top-level let-bindings must be total; this term may have effects
.\FStar.DM4F.ST.fst(17,68-18,43): (Error) Unknown assertion failed
Verified module: FStar.DM4F.IntST (2639 milliseconds)
1 error was reported (see above)
make[3]: *** [Makefile:32: FStar.DM4F.IntST.uver] Error 1
.\FStar.DM4F.Exceptions.fst(22,2-25,19): (Error) Unknown assertion failed
Verified module: FStar.DM4F.Exceptions (2149 milliseconds)
1 error was reported (see above)
make[3]: *** [Makefile:32: FStar.DM4F.Exceptions.uver] Error 1
.\Encrypt_SymEnc.fst(30,0-30,18): (Warning) Top-level let-bindings must be total; this term may have effects
.\FStar.DM4F.ExnSt.fst(23,4-26,32): (Error) Unknown assertion failed
Verified module: FStar.DM4F.ExnSt (3346 milliseconds)
1 error was reported (see above)
make[3]: *** [Makefile:32: FStar.DM4F.ExnSt.uver] Error 1
.\FStar.DM4F.StExn.fst(22,4-25,42): (Error) Unknown assertion failed
Verified module: FStar.DM4F.StExn (2644 milliseconds)
1 error was reported (see above)
make[3]: *** [Makefile:32: FStar.DM4F.StExn.uver] Error 1
.\Platform.Bytes.fst(15,32-18,29): (Warning) Pattern misses at least one bound variable: uu___#419079
.\Platform.Bytes.fst(257,22-260,30): (Warning) Pattern misses at least one bound variable: i#455873
.\Platform.Bytes.fst(261,8-261,24): (Warning) Pattern misses at least one bound variable: i#457872 (see also .\Platform.Bytes.fst(257,156-260,30))
.\Platform.Bytes.fst(15,40-18,29): (Warning) Pattern misses at least one bound variable: uu___#492597
.\Platform.Bytes.fst(261,8-261,24): (Warning) Pattern misses at least one bound variable: i#500984 (see also .\Platform.Bytes.fst(257,156-260,30))
C:\Build\Agent1\_work\2\s\examples\dm4free\FStar.DM4F.ST.fst(17,68-18,43): (Error) Unknown assertion failed
Verified module: IfcDeclassify (2646 milliseconds)
1 error was reported (see above)
make[3]: *** [../Makefile.include:16: IfcDeclassify.uver] Error 1
.\FStar.DM4F.ST.fst(18,18-18,43): (Error) Unknown assertion failed
Verified module: FStar.DM4F.ST (2103 milliseconds)
1 error was reported (see above)
make[3]: *** [Makefile:32: FStar.DM4F.ST.uver] Error 1
.\MRefST.fst(17,2-19,8): (Error) Unknown assertion failed
Verified module: MRefST (3328 milliseconds)
1 error was reported (see above)
make[3]: *** [../Makefile.include:16: MRefST.uver] Error 1
make[3]: Target 'all' not remade because of errors.
make[2]: *** [Makefile:35: preorders.all] Error 2
.\FStar.DM4F.ST.fst(17,68-18,43): (Error) Unknown assertion failed
Verified module: FStar.DM4F.Heap.ST (3436 milliseconds)
1 error was reported (see above)
make[3]: *** [Makefile:32: FStar.DM4F.Heap.ST.uver] Error 1
.\FStar.DM4F.IFC.fst(14,65-22,45): (Error) Unknown assertion failed
Verified module: FStar.DM4F.IFC (3868 milliseconds)
1 error was reported (see above)
make[3]: *** [Makefile:32: FStar.DM4F.IFC.uver] Error 1
.\FStar.DM4F.StExnC.fst(26,4-30,47): (Error) Unknown assertion failed
Verified module: FStar.DM4F.StExnC (4515 milliseconds)
1 error was reported (see above)
make[3]: *** [Makefile:32: FStar.DM4F.StExnC.uver] Error 1
.\FStar.DM4F.Continuations.fst(8,58-8,69): (Error) Unknown assertion failed
.\FStar.DM4F.Continuations.fst(8,66-8,69): (Error) Unknown assertion failed
.\FStar.DM4F.Continuations.fst(10,101-11,56): (Error) Unknown assertion failed
.\FStar.DM4F.Continuations.fst(11,19-11,56): (Error) Unknown assertion failed
.\FStar.DM4F.Continuations.fst(118,0-134,14): (Error) Unknown assertion failed
Verified module: FStar.DM4F.Continuations (4185 milliseconds)
5 errors were reported (see above)
make[3]: *** [Makefile:32: FStar.DM4F.Continuations.uver] Error 1
.\MAC.fst(45,0-45,35): (Warning) Top-level let-bindings must be total; this term may have effects
.\FStar.DM4F.IntStore.fst(14,65-19,28): (Error) Unknown assertion failed
Verified module: FStar.DM4F.IntStore (3808 milliseconds)
1 error was reported (see above)
make[3]: *** [Makefile:32: FStar.DM4F.IntStore.uver] Error 1
.\FStar.DM4F.IntStoreFixedReader.fst(8,4-11,13): (Error) Unknown assertion failed
Verified module: FStar.DM4F.IntStoreFixedReader (1484 milliseconds)
1 error was reported (see above)
make[3]: *** [Makefile:32: FStar.DM4F.IntStoreFixedReader.uver] Error 1
.\Ex10a.fst(28,0-28,22): (Warning) Top-level let-bindings must be total; this term may have effects
.\FStar.DM4F.IntStoreFixed.fst(8,65-11,14): (Error) Unknown assertion failed
.\FStar.DM4F.IntStoreFixed.fst(96,0-98,33): (Error) Unknown assertion failed
Verified module: FStar.DM4F.IntStoreFixed (4421 milliseconds)
2 errors were reported (see above)
make[3]: *** [Makefile:32: FStar.DM4F.IntStoreFixed.uver] Error 1
.\TestMRef.fst(8,0-8,20): (Warning) Top-level let-bindings must be total; this term may have effects
.\Ex12a.Cap.fst(22,0-22,26): (Warning) Top-level let-bindings must be total; this term may have effects
File "ulib/ml/extracted/FStar_IndefiniteDescription.ml", line 7, characters 31-33:
Warning 20: this argument will not be used by the function.
File "ulib/ml/extracted/FStar_Tactics.ml", line 353, characters 45-46:
Warning 20: this argument will not be used by the function.
File "ulib/ml/extracted/FStar_Util.ml", line 2, characters 40-41:
Warning 20: this argument will not be used by the function.
File "ulib/ml/extracted/FStar_Util.ml", line 2, characters 42-43:
Warning 20: this argument will not be used by the function.
File "ulib/ml/extracted/FStar_Util.ml", line 3, characters 64-65:
Warning 20: this argument will not be used by the function.
File "ulib/ml/extracted/FStar_Util.ml", line 5, characters 37-38:
Warning 20: this argument will not be used by the function.
File "ulib/ml/extracted/FStar_Util.ml", line 5, characters 62-63:
Warning 20: this argument will not be used by the function.
.\FStar.DM4F.IntStoreExcFixed.fst(8,73-13,28): (Error) Unknown assertion failed
Verified module: FStar.DM4F.IntStoreExcFixed (4207 milliseconds)
1 error was reported (see above)
make[3]: *** [Makefile:32: FStar.DM4F.IntStoreExcFixed.uver] Error 1
.\FStar.DM4F.Random.fst(13,49-18,34): (Error) Unknown assertion failed
Verified module: FStar.DM4F.Random (4625 milliseconds)
1 error was reported (see above)
make[3]: *** [Makefile:32: FStar.DM4F.Random.uver] Error 1
make[3]: Target 'all' not remade because of errors.
make[2]: *** [Makefile:35: dm4free.all] Error 2
make[3]: *** [Makefile:36: all-neg] Error 1
.\Mac.fst(70,0-70,35): (Warning) Top-level let-bindings must be total; this term may have effects
make[3]: Target 'all' not remade because of errors.
make[2]: *** [Makefile:35: micro-benchmarks.all] Error 2
.\Ex10a.fst(28,0-28,22): (Warning) Top-level let-bindings must be total; this term may have effects
.\OneTimePad.fst(18,4-21,22): (Error) Unknown assertion failed
Verified module: OneTimePad (3076 milliseconds)
1 error was reported (see above)
make[3]: *** [../Makefile.include:16: OneTimePad.uver] Error 1
.\RPC.fst(9,0-9,53): (Warning) Top-level let-bindings must be total; this term may have effects
.\RPC.fst(23,0-23,39): (Warning) Top-level let-bindings must be total; this term may have effects
.\RPC.fst(48,0-49,16): (Warning) Top-level let-bindings must be total; this term may have effects
.\RPC.fst(116,0-116,17): (Warning) Top-level let-bindings must be total; this term may have effects
File "ulib/ml/extracted/FStar_IndefiniteDescription.ml", line 7, characters 31-33:
Warning 20: this argument will not be used by the function.
File "ulib/ml/extracted/FStar_Tactics.ml", line 353, characters 45-46:
Warning 20: this argument will not be used by the function.
File "ulib/ml/extracted/FStar_Util.ml", line 2, characters 40-41:
Warning 20: this argument will not be used by the function.
File "ulib/ml/extracted/FStar_Util.ml", line 2, characters 42-43:
Warning 20: this argument will not be used by the function.
File "ulib/ml/extracted/FStar_Util.ml", line 3, characters 64-65:
Warning 20: this argument will not be used by the function.
File "ulib/ml/extracted/FStar_Util.ml", line 5, characters 37-38:
Warning 20: this argument will not be used by the function.
File "ulib/ml/extracted/FStar_Util.ml", line 5, characters 62-63:
Warning 20: this argument will not be used by the function.
.\FStar.Tactics.fst(95,62-99,43): (Error) Unknown assertion failed
Verified module: FStar.Tactics (4997 milliseconds)
1 error was reported (see above)
make[2]: *** [Makefile:16: FStar.Tactics.fst-ver] Error 1
.\CntProtocol.fst(14,0-14,53): (Warning) Top-level let-bindings must be total; this term may have effects
.\CntProtocol.fst(29,0-29,26): (Warning) Top-level let-bindings must be total; this term may have effects
.\CntProtocol.fst(32,0-32,54): (Warning) Top-level let-bindings must be total; this term may have effects
.\CntProtocol.fst(35,0-35,54): (Warning) Top-level let-bindings must be total; this term may have effects
.\CntProtocol.fst(99,0-99,39): (Warning) Top-level let-bindings must be total; this term may have effects
.\CntProtocol.fst(126,0-126,18): (Warning) Top-level let-bindings must be total; this term may have effects
.\CntProtocol.fst(172,0-188,5): (Warning) Top-level let-bindings must be total; this term may have effects
.\hello.fst(5,0-5,37): (Warning) Top-level let-bindings must be total; this term may have effects
.\Ex12a.Cap.fst(20,0-20,26): (Warning) Top-level let-bindings must be total; this term may have effects
.\Ex12b.RPC.fst(8,0-8,53): (Warning) Top-level let-bindings must be total; this term may have effects
.\Ex12b.RPC.fst(21,0-21,39): (Warning) Top-level let-bindings must be total; this term may have effects
.\Ex12b.RPC.fst(53,0-54,16): (Warning) Top-level let-bindings must be total; this term may have effects
.\Ex12b.RPC.fst(123,0-123,17): (Warning) Top-level let-bindings must be total; this term may have effects
.\Ex01a.fst(58,0-58,48): (Warning) Top-level let-bindings must be total; this term may have effects
make[3]: [Makefile:59: Ex01a-ocaml] Error 2 (ignored)
make[2]: Target 'all' not remade because of errors.
make[1]: *** [Makefile:280: ulib] Error 2
.\Memo.fst(15,49-16,36): (Error) Unknown assertion failed
.\Memo.fst(621,86-621,89): (Error) Unknown assertion failed
.\Memo.fst(629,11-629,29): (Error) Unknown assertion failed
Verified module: Memo (53212 milliseconds)
3 errors were reported (see above)
make[3]: *** [../Makefile.include:16: Memo.uver] Error 1
make[3]: Target 'all' not remade because of errors.
make[2]: *** [Makefile:35: rel.all] Error 2
make[2]: Target 'all' not remade because of errors.
make[1]: *** [Makefile:283: uexamples] Error 2
make[1]: Target 'uregressions' not remade because of errors.
make: *** [Makefile:260: utest] Error 2
