make[1]: warning: jobserver unavailable: using -j1.  Add '+' to parent make rule.
make[1]: warning: jobserver unavailable: using -j1.  Add '+' to parent make rule.
warning: CRLF will be replaced by LF in src/parser/parse.fsi.
The file will have its original line endings in your working directory.
Warning: you are using the standard library and/or the %inline keyword. We
recommend switching on --infer in order to avoid obscure type error messages.
6 shift/reduce conflicts.
File "src/basic/ml/FStar_Util.ml", line 47, characters 57-65:
Warning 40: st_mtime was selected from type BatUnix.stats.
It is not visible in the current scope, and will not 
be selected if the type becomes unknown.
File "src/basic/ml/FStar_Util.ml", line 47, characters 57-65:
Warning 40: st_mtime was selected from type BatUnix.stats.
It is not visible in the current scope, and will not 
be selected if the type becomes unknown.
make[3]: warning: jobserver unavailable: using -j1.  Add '+' to parent make rule.
.\u_boot_fsts\FStar.Syntax.Syntax.fst(397,0-397,33): (Warning) Annotation from val declaration overrides inline type annotation
.\u_boot_fsts\FStar.Syntax.Syntax.fst(446,0-446,48): (Warning) Annotation from val declaration overrides inline type annotation
.\u_boot_fsts\FStar.Syntax.Syntax.fst(447,0-447,76): (Warning) Annotation from val declaration overrides inline type annotation
.\u_boot_fsts\FStar.Syntax.Syntax.fst(498,0-500,38): (Warning) Annotation from val declaration overrides inline type annotation
.\u_boot_fsts\FStar.TypeChecker.Env.fst(274,0-278,35): (Warning) Annotation from val declaration overrides inline type annotation
.\u_boot_fsts\FStar.TypeChecker.Util.fst(70,0-72,32): (Warning) Annotation from val declaration overrides inline type annotation
warning: CRLF will be replaced by LF in src/parser/ml/parse.mly.
The file will have its original line endings in your working directory.
warning: CRLF will be replaced by LF in src/parser/parse.fsi.
The file will have its original line endings in your working directory.
.\hello.fst(5,0-5,37): (Warning) Top-level let-bindings must be total; this term may have effects
.\Ex01a.fst(68,0-68,48): (Warning) Top-level let-bindings must be total; this term may have effects
.\Ex01a.fst(58,0-58,48): (Warning) Top-level let-bindings must be total; this term may have effects
.\SfBasic.fst(160,15-160,61): (Error) could not prove post-condition
.\SfBasic.fst(182,15-182,50): (Error) could not prove post-condition
Verified module: SfBasic (6861 milliseconds)
2 errors were reported (see above)
make[3]: *** [../Makefile.include:15: SfBasic.uver] Error 1
<input>(2,14-2,15): (Error) Expected expression of type "int"; got expression ""hello"" of type "string"
<input>(2,14-2,15): (Error) Expected expression of type "int"; got expression ""hello"" of type "string"
.\Platform.Bytes.fst(15,32-18,29): (Warning) Pattern misses at least one bound variable: uu___#1088
<input>(2,14-2,15): (Error) Expected expression of type "int"; got expression ""hello"" of type "string"
.\Encrypt_SymEnc.fst(29,0-29,18): (Warning) Top-level let-bindings must be total; this term may have effects
.\ifcExample.fst(10,0-10,15): (Warning) Top-level let-bindings must be total; this term may have effects
.\ifcExample.fst(11,0-11,15): (Warning) Top-level let-bindings must be total; this term may have effects
.\ifcExample.fst(12,0-12,15): (Warning) Top-level let-bindings must be total; this term may have effects
.\ifcExample.fst(13,0-13,17): (Warning) Top-level let-bindings must be total; this term may have effects
WARNING: (6328,66): pattern does not contain any variable.
WARNING: (67887,66): pattern does not contain any variable.
WARNING: (6590,66): pattern does not contain any variable.
.\BinarySearchTreeBasic.fst(138,30-138,69): (Error) could not prove post-condition
Verified module: BinarySearchTreeBasic (8532 milliseconds)
1 error was reported (see above)
make[3]: *** [../Makefile.include:15: BinarySearchTreeBasic.uver] Error 1
.\Effects.Def.fst(123,17-123,34): (Error) assertion failed (see .\Effects.Def.fst(23,49-23,79))
.\Effects.Def.fst(152,2-152,22): (Error) assertion failed (see .\Effects.Def.fst(44,11-44,91))
.\Effects.Def.fst(165,2-165,22): (Error) assertion failed (see .\Effects.Def.fst(44,11-44,91))
Verified module: Effects.Def (6674 milliseconds)
3 errors were reported (see above)
make[3]: *** [Makefile:26: Effects.Def.uver] Error 1
WARNING: (6250,66): pattern does not contain any variable.
.\Platform.Bytes.fst(257,22-260,30): (Warning) Pattern misses at least one bound variable: i#40911
.\Platform.Bytes.fst(257,156-260,30): (Warning) Pattern misses at least one bound variable: i#43023
WARNING: (6586,66): pattern does not contain any variable.
WARNING: (67887,66): pattern does not contain any variable.
WARNING: (71416,6): pattern does not contain all quantified variables.
.\ifc.fst(165,18-165,51): (Error) could not prove post-condition
.\ifcExample.fst(34,28-34,49): (Error) could not prove post-condition
.\ifcExample.fst(37,28-37,49): (Error) could not prove post-condition
.\ifcExample.fst(40,28-40,49): (Error) could not prove post-condition
.\ifcExample.fst(43,30-43,62): (Error) could not prove post-condition
.\ifcExample.fst(47,15-47,24): (Error) assertion failed (see .\ifc.fst(291,37-291,51))
Verified module: WhileLanguage (3794 milliseconds)
Verified module: Rel (1625 milliseconds)
Verified module: Ifc (9261 milliseconds)
Verified module: IfcExample (9547 milliseconds)
6 errors were reported (see above)
make[3]: *** [Makefile:16: ifc] Error 1
WARNING: (67887,66): pattern does not contain any variable.
WARNING: (71416,6): pattern does not contain all quantified variables.
WARNING: (67887,66): pattern does not contain any variable.
WARNING: (71416,6): pattern does not contain all quantified variables.
WARNING: (67887,66): pattern does not contain any variable.
WARNING: (71416,6): pattern does not contain all quantified variables.
make[3]: Target 'all' not remade because of errors.
make[2]: *** [Makefile:33: software_foundations.all] Error 2
WARNING: (67887,66): pattern does not contain any variable.
WARNING: (71416,6): pattern does not contain all quantified variables.
.\FStar.DM4F.StExn.fst(73,34-73,39): (Error) could not prove post-condition
Verified module: FStar.DM4F.StExn (4697 milliseconds)
1 error was reported (see above)
make[3]: *** [Makefile:26: FStar.DM4F.StExn.uver] Error 1
WARNING: (67887,66): pattern does not contain any variable.
WARNING: (71416,6): pattern does not contain all quantified variables.
WARNING: (67887,66): pattern does not contain any variable.
WARNING: (71416,6): pattern does not contain all quantified variables.
WARNING: (67887,66): pattern does not contain any variable.
WARNING: (71416,6): pattern does not contain all quantified variables.
.\MAC.fst(45,0-45,35): (Warning) Top-level let-bindings must be total; this term may have effects
WARNING: (67887,66): pattern does not contain any variable.
WARNING: (71416,6): pattern does not contain all quantified variables.
WARNING: (67887,66): pattern does not contain any variable.
WARNING: (71416,6): pattern does not contain all quantified variables.
.\Platform.Bytes.fst(15,40-18,29): (Warning) Pattern misses at least one bound variable: uu___#80567
.\Platform.Bytes.fst(257,156-260,30): (Warning) Pattern misses at least one bound variable: i#90014
WARNING: (4121,6): pattern does not contain all quantified variables.
make[3]: Target 'all' not remade because of errors.
make[2]: *** [Makefile:33: rel.all] Error 2
.\FStar.DM4F.StExnC.fst(90,39-90,44): (Error) could not prove post-condition
Verified module: FStar.DM4F.StExnC (4871 milliseconds)
1 error was reported (see above)
make[3]: *** [Makefile:26: FStar.DM4F.StExnC.uver] Error 1
.\RBTree.fst(222,25-222,50): (Error) could not prove post-condition
.\RBTree.fst(287,17-287,20): (Error) assertion failed (see .\RBTree.fst(241,31-241,38))
Verified module: RBTree (35605 milliseconds)
2 errors were reported (see above)
make[3]: *** [../Makefile.include:15: RBTree.uver] Error 1
make[3]: Target 'all' not remade because of errors.
make[2]: *** [Makefile:33: data_structures.all] Error 2
make[3]: Target 'all' not remade because of errors.
make[2]: *** [Makefile:33: dm4free.all] Error 2
.\Ex07a.fst(93,15-93,47): (Error) could not prove post-condition
.\Ex07a.fst(130,18-130,33): (Error) assertion failed (see .\Ex07a.fst(122,16-122,36))
.\Ex07a.fst(195,5-195,34): (Error) assertion failed (see .\Ex07a.fst(175,14-175,70))
.\Ex07a.fst(225,11-225,23): (Error) assertion failed (see .\Ex07a.fst(211,18-211,40))
Verified module: Ex07a (17604 milliseconds)
4 errors were reported (see above)
make[3]: *** [Makefile:42: verify-Ex07a.fst] Error 1
.\Ex07b.fst(158,19-158,27): (Error) assertion failed (see .\Ex07b.fst(141,16-141,40))
.\Ex07b.fst(185,18-185,33): (Error) assertion failed (see .\Ex07b.fst(177,16-177,36))
.\Ex07b.fst(253,42-253,43): (Error) Subtyping check failed; expected type (g#40380:(g#40381:env{(b2t (op_AmpAmp (uu___is_Some (typing empty v)) (uu___is_Some (typing (extend g@0 x (__proj__Some__item__v (typing empty v))) e1))))}){(precedes (LexCons x (LexCons e1 (LexCons v LexTop))) (LexCons x (LexCons e (LexCons v LexTop))))}); got type (g#39512:env{(b2t (op_AmpAmp (uu___is_Some (typing empty v)) (uu___is_Some (typing (extend g@0 x (__proj__Some__item__v (typing empty v))) e))))}) (see unknown(0,0-0,0))
.\Ex07b.fst(304,26-304,28): (Error) Subtyping check failed; expected type (u#49639:unit{(eq2 (typing empty (__proj__Some__item__v (step e))) (typing empty e))}); got type unit (see .\Ex07b.fst(282,18-282,67))
Verified module: Ex07b (19967 milliseconds)
4 errors were reported (see above)
make[3]: *** [Makefile:42: verify-Ex07b.fst] Error 1
.\Ex10a.fst(27,0-27,19): (Warning) Top-level let-bindings must be total; this term may have effects
.\Huffman.fst(162,36-162,43): (Error) could not prove post-condition
.\Huffman.fst(182,22-182,39): (Error) assertion failed (see .\Huffman.fst(174,14-174,45))
.\Huffman.fst(198,36-198,42): (Error) could not prove post-condition
Verified module: Huffman (24562 milliseconds)
3 errors were reported (see above)
make[3]: *** [../Makefile.include:15: Huffman.uver] Error 1
.\Unit1.RecursiveTypeFunctions.fst(49,12-49,37): (Error) could not prove post-condition
Verified module: Unit1.RecursiveTypeFunctions (5441 milliseconds)
1 error was reported (see above)
make[3]: *** [../Makefile.include:15: Unit1.RecursiveTypeFunctions.uver] Error 1
.\Ex07a.fst(93,15-93,47): (Error) could not prove post-condition
.\Ex07a.fst(130,18-130,33): (Error) assertion failed (see .\Ex07a.fst(122,16-122,36))
.\Ex07a.fst(195,5-195,34): (Error) assertion failed (see .\Ex07a.fst(175,14-175,70))
.\Ex07a.fst(225,11-225,23): (Error) assertion failed (see .\Ex07a.fst(211,18-211,40))
Verified module: Ex07a (18735 milliseconds)
4 errors were reported (see above)
make[3]: *** [Makefile:39: verify-Ex07a.fst] Error 1
.\Ex07c.fst(105,15-105,47): (Error) could not prove post-condition
.\Ex07c.fst(149,18-149,33): (Error) assertion failed (see .\Ex07c.fst(141,16-141,36))
.\Ex07c.fst(223,42-223,43): (Error) Subtyping check failed; expected type (g#37970:(g#37971:env{(b2t (op_AmpAmp (uu___is_Some (typing empty v)) (uu___is_Some (typing (extend g@0 x (__proj__Some__item__v (typing empty v))) e1))))}){(precedes (LexCons x (LexCons e1 (LexCons v LexTop))) (LexCons x (LexCons e (LexCons v LexTop))))}); got type (g#37102:env{(b2t (op_AmpAmp (uu___is_Some (typing empty v)) (uu___is_Some (typing (extend g@0 x (__proj__Some__item__v (typing empty v))) e))))}) (see unknown(0,0-0,0))
.\Ex07c.fst(261,26-261,28): (Error) Subtyping check failed; expected type (u#48489:unit{(eq2 (typing empty (__proj__Some__item__v (step e))) (typing empty e))}); got type unit (see .\Ex07c.fst(249,18-249,67))
Verified module: Ex07c (29303 milliseconds)
4 errors were reported (see above)
make[3]: *** [Makefile:42: verify-Ex07c.fst] Error 1
.\Ex12a.Cap.fst(19,0-19,26): (Warning) Top-level let-bindings must be total; this term may have effects
.\Ex12b.RPC.fst(8,0-8,53): (Warning) Top-level let-bindings must be total; this term may have effects
.\Ex12b.RPC.fst(21,0-21,39): (Warning) Top-level let-bindings must be total; this term may have effects
.\Ex12b.RPC.fst(53,0-54,16): (Warning) Top-level let-bindings must be total; this term may have effects
.\Ex12b.RPC.fst(123,0-123,17): (Warning) Top-level let-bindings must be total; this term may have effects
make[5]: warning: jobserver unavailable: using -j1.  Add '+' to parent make rule.
unknown(0,0-0,0): (Warning) FStar.List.Tot.Properties: Unexpected output from Z3: (error "line 66547 column 0: unknown constant @x9")

.\Ex07d.fst(93,15-93,47): (Error) could not prove post-condition
.\Ex07d.fst(130,18-130,33): (Error) assertion failed (see .\Ex07d.fst(122,16-122,36))
.\Ex07d.fst(186,42-186,43): (Error) Subtyping check failed; expected type (g#28425:(g#28426:env{(b2t (op_AmpAmp (uu___is_Some (typing empty v)) (uu___is_Some (typing (extend g@0 x (__proj__Some__item__v (typing empty v))) e1))))}){(precedes (LexCons x (LexCons e1 (LexCons v LexTop))) (LexCons x (LexCons e (LexCons v LexTop))))}); got type (g#27557:env{(b2t (op_AmpAmp (uu___is_Some (typing empty v)) (uu___is_Some (typing (extend g@0 x (__proj__Some__item__v (typing empty v))) e))))}) (see unknown(0,0-0,0))
.\Ex07d.fst(217,26-217,28): (Error) Subtyping check failed; expected type (u#35833:unit{(eq2 (typing empty (__proj__Some__item__v (step e))) (typing empty e))}); got type unit (see .\Ex07d.fst(205,18-205,67))
.\Ex07d.fst(244,18-244,20): (Error) Subtyping check failed; expected type (e#40267:exp{(b2t (uu___is_Some (typing empty e@0)))}); got type exp (see .\Ex07d.fst(230,18-230,40))
Verified module: Ex07d (23926 milliseconds)
5 errors were reported (see above)
make[3]: *** [Makefile:42: verify-Ex07d.fst] Error 1
make[5]: warning: jobserver unavailable: using -j1.  Add '+' to parent make rule.
.\Unification.fst(171,24-171,25): (Error) Subtyping check failed; expected type (uu___#24439:(list subst){(precedes (LexCons (LexCons (n_evars (Cons (Mktuple2 (V x) t) tl)) (LexCons (efuns (Cons (Mktuple2 (V x) t) tl)) (LexCons (n_flex_rhs (Cons (Mktuple2 (V x) t) tl)) LexTop))) LexTop) (LexCons (LexCons (n_evars e) (LexCons (efuns e) (LexCons (n_flex_rhs e) LexTop))) LexTop))}); got type (list subst) (see .\Unification.fst(158,0-175,37))
.\Unification.fst(383,21-383,35): (Error) Subtyping check failed; expected type (e#67550:eqns{(precedes (LexCons (LexCons (n_evars e@0) (LexCons (efuns e@0) (LexCons (n_flex_rhs e@0) LexTop))) LexTop) (LexCons (LexCons (n_evars uu___56) (LexCons (efuns uu___56) (LexCons (n_flex_rhs uu___56) LexTop))) LexTop))}); got type (list (tuple2 term term)) (see .\Unification.fst(353,0-388,8))
Verified module: Unification (55578 milliseconds)
2 errors were reported (see above)
make[3]: *** [../Makefile.include:15: Unification.uver] Error 1
make[3]: Target 'all' not remade because of errors.
make[2]: *** [Makefile:33: algorithms.all] Error 2
.\Ex07b.fst(143,6-143,14): (Error) assertion failed (see .\Ex07b.fst(129,16-129,40))
.\Ex07b.fst(168,18-168,33): (Error) assertion failed (see .\Ex07b.fst(160,16-160,36))
.\Ex07b.fst(224,42-224,43): (Error) Subtyping check failed; expected type (g#29131:(g#29132:env{(b2t (op_AmpAmp (uu___is_Some (typing empty v)) (uu___is_Some (typing (extend g@0 x (__proj__Some__item__v (typing empty v))) e1))))}){(precedes (LexCons x (LexCons e1 (LexCons v LexTop))) (LexCons x (LexCons e (LexCons v LexTop))))}); got type (g#28263:env{(b2t (op_AmpAmp (uu___is_Some (typing empty v)) (uu___is_Some (typing (extend g@0 x (__proj__Some__item__v (typing empty v))) e))))}) (see unknown(0,0-0,0))
.\Ex07b.fst(252,23-252,25): (Error) Subtyping check failed; expected type (e#36812:(e#36813:exp{(l_and (b2t (uu___is_Some (typing empty e@0))) (b2t (uu___is_Some (step e@0))))}){(precedes e@0 e)}); got type exp (see .\Ex07b.fst(242,25-242,47))
Verified module: Ex07b (18257 milliseconds)
4 errors were reported (see above)
make[3]: *** [Makefile:39: verify-Ex07b.fst] Error 1
.\Ex07c.fst(94,15-94,47): (Error) could not prove post-condition
.\Ex07c.fst(131,18-131,33): (Error) assertion failed (see .\Ex07c.fst(123,16-123,36))
.\Ex07c.fst(187,42-187,43): (Error) Subtyping check failed; expected type (g#28387:(g#28388:env{(b2t (op_AmpAmp (uu___is_Some (typing empty v)) (uu___is_Some (typing (extend g@0 x (__proj__Some__item__v (typing empty v))) e1))))}){(precedes (LexCons x (LexCons e1 (LexCons v LexTop))) (LexCons x (LexCons e (LexCons v LexTop))))}); got type (g#27519:env{(b2t (op_AmpAmp (uu___is_Some (typing empty v)) (uu___is_Some (typing (extend g@0 x (__proj__Some__item__v (typing empty v))) e))))}) (see unknown(0,0-0,0))
.\Ex07c.fst(218,26-218,28): (Error) Subtyping check failed; expected type (u#35795:unit{(eq2 (typing empty (__proj__Some__item__v (step e))) (typing empty e))}); got type unit (see .\Ex07c.fst(206,18-206,67))
Verified module: Ex07c (17815 milliseconds)
4 errors were reported (see above)
make[3]: *** [Makefile:39: verify-Ex07c.fst] Error 1
.\Ex01a.fst(58,0-58,48): (Warning) Top-level let-bindings must be total; this term may have effects
make[3]: [Makefile:66: Ex01a-ocaml] Error 2 (ignored)
make[3]: Target 'all' not remade because of errors.
make[2]: *** [Makefile:33: ../doc/tutorial/code/solutions.all] Error 2
.\TestMRef.fst(8,0-8,20): (Warning) Top-level let-bindings must be total; this term may have effects
.\Ex10a.fst(27,0-27,19): (Warning) Top-level let-bindings must be total; this term may have effects
.\Ex12a.Cap.fst(21,0-21,26): (Warning) Top-level let-bindings must be total; this term may have effects
.\FStar.OrdSet.fst(222,48-222,62): (Error) could not prove post-condition
.\FStar.OrdSet.fst(276,41-280,32): (Error) Patterns are incomplete
Verified module: FStar.OrdSet (16547 milliseconds)
2 errors were reported (see above)
make[2]: *** [Makefile:29: FStar.OrdSet.fst-ver] Error 1
.\Mac.fst(70,0-70,35): (Warning) Top-level let-bindings must be total; this term may have effects
.\Ex07d.fst(93,15-93,47): (Error) could not prove post-condition
.\Ex07d.fst(130,18-130,33): (Error) assertion failed (see .\Ex07d.fst(122,16-122,36))
.\Ex07d.fst(186,42-186,43): (Error) Subtyping check failed; expected type (g#28396:(g#28397:env{(b2t (op_AmpAmp (uu___is_Some (typing empty v)) (uu___is_Some (typing (extend g@0 x (__proj__Some__item__v (typing empty v))) e1))))}){(precedes (LexCons x (LexCons e1 (LexCons v LexTop))) (LexCons x (LexCons e (LexCons v LexTop))))}); got type (g#27528:env{(b2t (op_AmpAmp (uu___is_Some (typing empty v)) (uu___is_Some (typing (extend g@0 x (__proj__Some__item__v (typing empty v))) e))))}) (see unknown(0,0-0,0))
.\Ex07d.fst(217,26-217,28): (Error) Subtyping check failed; expected type (u#35804:unit{(eq2 (typing empty (__proj__Some__item__v (step e))) (typing empty e))}); got type unit (see .\Ex07d.fst(205,18-205,67))
Verified module: Ex07d (17615 milliseconds)
4 errors were reported (see above)
make[3]: *** [Makefile:39: verify-Ex07d.fst] Error 1
make[3]: Target 'all' not remade because of errors.
make[2]: *** [Makefile:33: ../doc/tutorial/code/exercises.all] Error 2
.\FStar.Integers.fst(40,25-40,26): (Error) Subtyping check failed; expected type t; got type (int_t s n) (see unknown(0,0-0,0))
.\FStar.Integers.fst(73,36-73,37): (Error) Subtyping check failed; expected type t; got type (int_t s n) (see unknown(0,0-0,0))
.\FStar.Integers.fst(86,4-101,43): (Error) Patterns are incomplete
.\FStar.Integers.fst(112,4-126,43): (Error) Patterns are incomplete
.\FStar.Integers.fst(137,36-137,37): (Error) Subtyping check failed; expected type t; got type (int_t s n) (see unknown(0,0-0,0))
.\FStar.Integers.fst(150,35-150,38): (Error) Subtyping check failed; expected type (y#52873:(int_t Signed 0){(ok Signed 0 (op_Subtraction (v (v x)) (v y@0)))}); got type (y#7495:(int_t Signed 0){(size y@0 n s)}) (see .\FStar.Integers.fst(130,74-130,92))
.\FStar.Integers.fst(172,43-172,46): (Error) Subtyping check failed; expected type (y#52873:(int_t Signed 0){(ok Signed 0 (op_Subtraction (v (v x)) (v y@0)))}); got type (y#7495:(int_t Signed 0){(size y@0 n s)}) (see .\FStar.Integers.fst(130,74-130,92))
.\FStar.Integers.fst(204,31-204,32): (Error) Subtyping check failed; expected type t; got type (int_t s n) (see unknown(0,0-0,0))
.\FStar.Integers.fst(216,4-231,43): (Error) Patterns are incomplete
.\FStar.Integers.fst(250,33-250,34): (Error) Subtyping check failed; expected type t; got type (int_t s n) (see unknown(0,0-0,0))
Verified module: FStar.Integers (133439 milliseconds)
10 errors were reported (see above)
make[2]: *** [Makefile:29: FStar.Integers.fst-ver] Error 1
make[3]: Target 'all' not remade because of errors.
make[2]: *** [Makefile:33: micro-benchmarks.all] Error 2
.\MAC.fst(45,0-45,35): (Warning) Top-level let-bindings must be total; this term may have effects
.\RPC.fst(9,0-9,53): (Warning) Top-level let-bindings must be total; this term may have effects
.\RPC.fst(23,0-23,39): (Warning) Top-level let-bindings must be total; this term may have effects
.\RPC.fst(48,0-49,16): (Warning) Top-level let-bindings must be total; this term may have effects
.\RPC.fst(116,0-116,17): (Warning) Top-level let-bindings must be total; this term may have effects
.\MAC.fst(45,0-45,35): (Warning) Top-level let-bindings must be total; this term may have effects
.\CntProtocol.fst(14,0-14,53): (Warning) Top-level let-bindings must be total; this term may have effects
.\CntProtocol.fst(29,0-29,26): (Warning) Top-level let-bindings must be total; this term may have effects
.\CntProtocol.fst(32,0-32,54): (Warning) Top-level let-bindings must be total; this term may have effects
.\CntProtocol.fst(35,0-35,54): (Warning) Top-level let-bindings must be total; this term may have effects
.\CntProtocol.fst(99,0-99,39): (Warning) Top-level let-bindings must be total; this term may have effects
.\CntProtocol.fst(126,0-126,18): (Warning) Top-level let-bindings must be total; this term may have effects
.\TestMonotonic.fst(34,2-34,9): (Error) assertion failed (see .\TestMonotonic.fst(34,22-34,39))
.\TestMonotonic.fst(50,2-50,9): (Error) assertion failed (see .\TestMonotonic.fst(50,23-50,45))
Verified module: TestMonotonic (11479 milliseconds)
2 errors were reported (see above)
make[4]: *** [Makefile:97: TestMonotonic.fst-ver] Error 1
.\CntProtocol.fst(158,0-174,5): (Warning) Top-level let-bindings must be total; this term may have effects
.\Crypto.Symmetric.UF1CMA.fst(458,4-458,10): (Error) assertion failed (see .\Crypto.Symmetric.UF1CMA.fst(458,11-458,59))
Verified module: Crypto.Symmetric.UF1CMA (277438 milliseconds)
1 error was reported (see above)
make[4]: *** [Makefile:97: Crypto.Symmetric.UF1CMA.fst-ver] Error 1
make[2]: Target 'all' not remade because of errors.
make[1]: *** [Makefile:258: ulib] Error 2
.\Crypto.AEAD.Wrappers.CMA.fst(335,13-335,40): (Error) could not prove post-condition
.\Crypto.AEAD.Wrappers.CMA.fst(431,6-431,31): (Error) could not prove post-condition
.\Crypto.AEAD.Wrappers.CMA.fst(593,16-593,58): (Error) could not prove post-condition
Verified module: Crypto.AEAD.Wrappers.CMA (475575 milliseconds)
3 errors were reported (see above)
make[4]: *** [Makefile:97: Crypto.AEAD.Wrappers.CMA.fst-ver] Error 1
make[4]: Target 'all' not remade because of errors.
make[3]: *** [Makefile:35: all] Error 2
make[2]: *** [Makefile:33: low-level.all] Error 2
make[2]: Target 'all' not remade because of errors.
make[1]: *** [Makefile:261: uexamples] Error 2
make[1]: Target 'uregressions' not remade because of errors.
make: *** [Makefile:242: utest] Error 2
