make[2]: warning: jobserver unavailable: using -j1.  Add '+' to parent make rule.
make[2]: warning: jobserver unavailable: using -j1.  Add '+' to parent make rule.
warning: CRLF will be replaced by LF in src/parser/parse.fsi.
The file will have its original line endings in your working directory.
Warning: you are using the standard library and/or the %inline keyword. We
recommend switching on --infer in order to avoid obscure type error messages.
6 shift/reduce conflicts.
File "src/basic/ml/FStar_Util.ml", line 47, characters 57-65:
Warning 40: st_mtime was selected from type BatUnix.stats.
It is not visible in the current scope, and will not 
be selected if the type becomes unknown.
File "src/basic/ml/FStar_Util.ml", line 47, characters 57-65:
Warning 40: st_mtime was selected from type BatUnix.stats.
It is not visible in the current scope, and will not 
be selected if the type becomes unknown.
make[4]: warning: jobserver unavailable: using -j1.  Add '+' to parent make rule.
.\u_boot_fsts\FStar.Syntax.Syntax.fst(391,0-391,33): (Warning) Annotation from val declaration overrides inline type annotation
.\u_boot_fsts\FStar.Syntax.Syntax.fst(440,0-440,48): (Warning) Annotation from val declaration overrides inline type annotation
.\u_boot_fsts\FStar.Syntax.Syntax.fst(441,0-441,76): (Warning) Annotation from val declaration overrides inline type annotation
.\u_boot_fsts\FStar.Syntax.Syntax.fst(492,0-494,38): (Warning) Annotation from val declaration overrides inline type annotation
.\u_boot_fsts\FStar.TypeChecker.Util.fst(69,0-71,32): (Warning) Annotation from val declaration overrides inline type annotation
.\u_boot_fsts\FStar.TypeChecker.Env.fst(302,0-306,35): (Warning) Annotation from val declaration overrides inline type annotation
Warning: Unable to open hints file: C:\Build\Agent2\_work\11\s\examples\termination\CPS.Simple.fst.hints; ran without hints
Warning: Unable to open hints file: C:\Build\Agent2\_work\11\s\examples\termination\CPS.Double.fst.hints; ran without hints
.\Encrypt_SymEnc.fst(29,0-29,18): (Warning) Top-level let-bindings must be total; this term may have effects
Warning: Unable to open hints file: C:\Build\Agent2\_work\11\s\examples\termination\CPS.DoubleLambdaLifting2.fst.hints; ran without hints
Warning: Unable to open hints file: C:\Build\Agent2\_work\11\s\examples\termination\CPS.DoubleDefun.fst.hints; ran without hints
Warning: Unable to open hints file: C:\Build\Agent2\_work\11\s\examples\termination\CPS.Expr.fst.hints; ran without hints
Warning: Unable to open hints file: C:\Build\Agent2\_work\11\s\examples\termination\CPS.SimpleDefun.fst.hints; ran without hints
.\MAC.fst(45,0-45,35): (Warning) Top-level let-bindings must be total; this term may have effects
Warning: Unable to open hints file: C:\Build\Agent2\_work\11\s\examples\termination\CPS.SimpleLambdaLifting.fst.hints; ran without hints
Warning: Unable to open hints file: C:\Build\Agent2\_work\11\s\examples\termination\Eval.DB.fst.hints; ran without hints
WARNING: (64478,6): pattern does not contain all quantified variables.
Warning: Unable to open hints file: C:\Build\Agent2\_work\11\s\examples\termination\termination.fst.hints; ran without hints
.\Ex01a.fst(67,0-67,48): (Warning) Top-level let-bindings must be total; this term may have effects
Warning: Unable to open hints file: C:\Build\Agent2\_work\11\s\examples\software_foundations\SfBasic.fst.hints; ran without hints
Warning: Unable to open hints file: C:\Build\Agent2\_work\11\s\examples\software_foundations\SfLists.fst.hints; ran without hints
Warning: Unable to open hints file: C:\Build\Agent2\_work\11\s\examples\software_foundations\SfPoly.fst.hints; ran without hints
.\Ex01a.fst(57,0-57,48): (Warning) Top-level let-bindings must be total; this term may have effects
.\ifcExample.fst(10,0-10,15): (Warning) Top-level let-bindings must be total; this term may have effects
.\ifcExample.fst(11,0-11,15): (Warning) Top-level let-bindings must be total; this term may have effects
.\ifcExample.fst(12,0-12,15): (Warning) Top-level let-bindings must be total; this term may have effects
.\ifcExample.fst(13,0-13,17): (Warning) Top-level let-bindings must be total; this term may have effects
.\MAC.fst(45,0-45,35): (Warning) Top-level let-bindings must be total; this term may have effects
.\RPC.fst(9,0-9,53): (Warning) Top-level let-bindings must be total; this term may have effects
.\RPC.fst(23,0-23,39): (Warning) Top-level let-bindings must be total; this term may have effects
.\RPC.fst(48,0-49,16): (Warning) Top-level let-bindings must be total; this term may have effects
.\RPC.fst(116,0-116,17): (Warning) Top-level let-bindings must be total; this term may have effects
.\MAC.fst(45,0-45,35): (Warning) Top-level let-bindings must be total; this term may have effects
.\CntProtocol.fst(14,0-14,53): (Warning) Top-level let-bindings must be total; this term may have effects
.\CntProtocol.fst(30,0-30,26): (Warning) Top-level let-bindings must be total; this term may have effects
.\CntProtocol.fst(33,0-33,54): (Warning) Top-level let-bindings must be total; this term may have effects
.\CntProtocol.fst(36,0-36,54): (Warning) Top-level let-bindings must be total; this term may have effects
.\Ex10a.fst(26,0-26,19): (Warning) Top-level let-bindings must be total; this term may have effects
.\CntProtocol.fst(100,0-100,39): (Warning) Top-level let-bindings must be total; this term may have effects
.\Ex12a.Cap.fst(20,0-20,26): (Warning) Top-level let-bindings must be total; this term may have effects
.\CntProtocol.fst(127,0-127,18): (Warning) Top-level let-bindings must be total; this term may have effects
.\CntProtocol.fst(159,0-175,5): (Warning) Top-level let-bindings must be total; this term may have effects
make[6]: warning: jobserver unavailable: using -j1.  Add '+' to parent make rule.
make[6]: warning: jobserver unavailable: using -j1.  Add '+' to parent make rule.
.\Ex01a.fst(67,0-67,48): (Warning) Top-level let-bindings must be total; this term may have effects
File "Ex01a.fst", line 36, characters 4-6:
Warning 26: unused variable v1.
File "Ex01a.fst", line 37, characters 4-6:
Warning 26: unused variable v2.
File "Ex01a.fst", line 60, characters 4-6:
Warning 26: unused variable v1.
File "Ex01a.fst", line 61, characters 4-6:
Warning 26: unused variable v2.
File "Ex01a.fst", line 62, characters 4-6:
Warning 26: unused variable v3.
Fatal error: exception Ex01a.InvalidRead
Raised at file "prims.ml", line 103, characters 20-21
Called from file "Ex01a.fst", line 62, characters 9-29
Called from file "Ex01a.fst", line 68, characters 0-21
make[4]: [Makefile:63: Ex01a-ocaml] Error 2 (ignored)
.\Ex10a.fst(26,0-26,19): (Warning) Top-level let-bindings must be total; this term may have effects
.\Ex12a.Cap.fst(18,0-18,26): (Warning) Top-level let-bindings must be total; this term may have effects
.\Ex12b.RPC.fst(8,0-8,53): (Warning) Top-level let-bindings must be total; this term may have effects
.\Ex12b.RPC.fst(21,0-21,39): (Warning) Top-level let-bindings must be total; this term may have effects
.\Ex12b.RPC.fst(53,0-54,16): (Warning) Top-level let-bindings must be total; this term may have effects
.\Ex12b.RPC.fst(123,0-123,17): (Warning) Top-level let-bindings must be total; this term may have effects
Warning: Unable to open hints file: C:\Build\Agent2\_work\11\s\examples\incl\Test.fst.hints; ran without hints
Unexpected error
Sys_error("Test.fst: No such file or directory")
Raised by primitive operation at file "pervasives.ml", line 335, characters 20-46
Called from file "digest.ml", line 36, characters 11-31
Called from file "src/ocaml-output/FStar_SMTEncoding_Solver.ml", line 122, characters 29-69
Called from file "src/ocaml-output/FStar_SMTEncoding_Solver.ml", line 166, characters 4-29
Called from file "src/ocaml-output/FStar_Universal.ml", line 288, characters 14-64
Called from file "src/ocaml-output/FStar_Universal.ml", line 313, characters 16-59
Called from file "src/ocaml-output/FStar_Universal.ml", line 324, characters 16-73
Called from file "src/ocaml-output/FStar_Universal.ml", line 365, characters 16-60
Called from file "src/ocaml-output/FStar_Main.ml", line 310, characters 16-57
Called from file "src/ocaml-output/FStar_Main.ml", line 340, characters 1-8

make[4]: *** [Makefile:18: open.pos.pver] Error 1
Warning: Unable to open hints file: C:\Build\Agent2\_work\11\s\examples\incl\Test.fst.hints; ran without hints
Unexpected error
Sys_error("Test.fst: No such file or directory")
Raised by primitive operation at file "pervasives.ml", line 335, characters 20-46
Called from file "digest.ml", line 36, characters 11-31
Called from file "src/ocaml-output/FStar_SMTEncoding_Solver.ml", line 122, characters 29-69
Called from file "src/ocaml-output/FStar_SMTEncoding_Solver.ml", line 166, characters 4-29
Called from file "src/ocaml-output/FStar_Universal.ml", line 288, characters 14-64
Called from file "src/ocaml-output/FStar_Universal.ml", line 313, characters 16-59
Called from file "src/ocaml-output/FStar_Universal.ml", line 324, characters 16-73
Called from file "src/ocaml-output/FStar_Universal.ml", line 365, characters 16-60
Called from file "src/ocaml-output/FStar_Main.ml", line 310, characters 16-57
Called from file "src/ocaml-output/FStar_Main.ml", line 340, characters 1-8

make[4]: *** [Makefile:18: private.pos.pver] Error 1
Warning: Unable to open hints file: C:\Build\Agent2\_work\11\s\examples\incl\Test.fst.hints; ran without hints
Unexpected error
Sys_error("Test.fst: No such file or directory")
Raised by primitive operation at file "pervasives.ml", line 335, characters 20-46
Called from file "digest.ml", line 36, characters 11-31
Called from file "src/ocaml-output/FStar_SMTEncoding_Solver.ml", line 122, characters 29-69
Called from file "src/ocaml-output/FStar_SMTEncoding_Solver.ml", line 166, characters 4-29
Called from file "src/ocaml-output/FStar_Universal.ml", line 288, characters 14-64
Called from file "src/ocaml-output/FStar_Universal.ml", line 313, characters 16-59
Called from file "src/ocaml-output/FStar_Universal.ml", line 324, characters 16-73
Called from file "src/ocaml-output/FStar_Universal.ml", line 365, characters 16-60
Called from file "src/ocaml-output/FStar_Main.ml", line 310, characters 16-57
Called from file "src/ocaml-output/FStar_Main.ml", line 340, characters 1-8

make[4]: *** [Makefile:18: shadow.pos.pver] Error 1
Warning: Unable to open hints file: C:\Build\Agent2\_work\11\s\examples\incl\Test.fst.hints; ran without hints
Unexpected error
Sys_error("Test.fst: No such file or directory")
Raised by primitive operation at file "pervasives.ml", line 335, characters 20-46
Called from file "digest.ml", line 36, characters 11-31
Called from file "src/ocaml-output/FStar_SMTEncoding_Solver.ml", line 122, characters 29-69
Called from file "src/ocaml-output/FStar_SMTEncoding_Solver.ml", line 166, characters 4-29
Called from file "src/ocaml-output/FStar_Universal.ml", line 288, characters 14-64
Called from file "src/ocaml-output/FStar_Universal.ml", line 313, characters 16-59
Called from file "src/ocaml-output/FStar_Universal.ml", line 324, characters 16-73
Called from file "src/ocaml-output/FStar_Universal.ml", line 365, characters 16-60
Called from file "src/ocaml-output/FStar_Main.ml", line 310, characters 16-57
Called from file "src/ocaml-output/FStar_Main.ml", line 340, characters 1-8

make[4]: *** [Makefile:18: trans.pos.pver] Error 1
Warning: Unable to open hints file: C:\Build\Agent2\_work\11\s\examples\incl\Test.fst.hints; ran without hints
Unexpected error
Sys_error("Test.fst: No such file or directory")
Raised by primitive operation at file "pervasives.ml", line 335, characters 20-46
Called from file "digest.ml", line 36, characters 11-31
Called from file "src/ocaml-output/FStar_SMTEncoding_Solver.ml", line 122, characters 29-69
Called from file "src/ocaml-output/FStar_SMTEncoding_Solver.ml", line 166, characters 4-29
Called from file "src/ocaml-output/FStar_Universal.ml", line 288, characters 14-64
Called from file "src/ocaml-output/FStar_Universal.ml", line 313, characters 16-59
Called from file "src/ocaml-output/FStar_Universal.ml", line 324, characters 16-73
Called from file "src/ocaml-output/FStar_Universal.ml", line 365, characters 16-60
Called from file "src/ocaml-output/FStar_Main.ml", line 310, characters 16-57
Called from file "src/ocaml-output/FStar_Main.ml", line 340, characters 1-8

make[4]: *** [Makefile:18: plain.pos.pver] Error 1
Warning: Unable to open hints file: C:\Build\Agent2\_work\11\s\examples\incl\Test.fst.hints; ran without hints
Unexpected error
Sys_error("Test.fst: No such file or directory")
Raised by primitive operation at file "pervasives.ml", line 335, characters 20-46
Called from file "digest.ml", line 36, characters 11-31
Called from file "src/ocaml-output/FStar_SMTEncoding_Solver.ml", line 122, characters 29-69
Called from file "src/ocaml-output/FStar_SMTEncoding_Solver.ml", line 166, characters 4-29
Called from file "src/ocaml-output/FStar_Universal.ml", line 288, characters 14-64
Called from file "src/ocaml-output/FStar_Universal.ml", line 313, characters 16-59
Called from file "src/ocaml-output/FStar_Universal.ml", line 324, characters 16-73
Called from file "src/ocaml-output/FStar_Universal.ml", line 365, characters 16-60
Called from file "src/ocaml-output/FStar_Main.ml", line 310, characters 16-57
Called from file "src/ocaml-output/FStar_Main.ml", line 340, characters 1-8

make[4]: *** [Makefile:18: noshadow.pos.pver] Error 1
Warning: Unable to open hints file: C:\Build\Agent2\_work\11\s\examples\incl\Test.fst.hints; ran without hints
Unexpected error
Sys_error("Test.fst: No such file or directory")
Raised by primitive operation at file "pervasives.ml", line 335, characters 20-46
Called from file "digest.ml", line 36, characters 11-31
Called from file "src/ocaml-output/FStar_SMTEncoding_Solver.ml", line 122, characters 29-69
Called from file "src/ocaml-output/FStar_SMTEncoding_Solver.ml", line 166, characters 4-29
Called from file "src/ocaml-output/FStar_Universal.ml", line 288, characters 14-64
Called from file "src/ocaml-output/FStar_Universal.ml", line 313, characters 16-59
Called from file "src/ocaml-output/FStar_Universal.ml", line 324, characters 16-73
Called from file "src/ocaml-output/FStar_Universal.ml", line 365, characters 16-60
Called from file "src/ocaml-output/FStar_Main.ml", line 310, characters 16-57
Called from file "src/ocaml-output/FStar_Main.ml", line 340, characters 1-8

make[4]: *** [Makefile:18: field.pos.pver] Error 1
make[4]: Target 'all' not remade because of errors.
make[3]: *** [Makefile:42: incl.all] Error 2
make[6]: warning: jobserver unavailable: using -j1.  Add '+' to parent make rule.
make[6]: warning: jobserver unavailable: using -j1.  Add '+' to parent make rule.
.\Ex01a.fst(57,0-57,48): (Warning) Top-level let-bindings must be total; this term may have effects
make[4]: [Makefile:66: Ex01a-ocaml] Error 2 (ignored)
.\TestMRef.fst(8,0-8,20): (Warning) Top-level let-bindings must be total; this term may have effects
.\Mac.fst(69,0-69,35): (Warning) Top-level let-bindings must be total; this term may have effects
make[3]: Target 'all' not remade because of errors.
make[2]: *** [Makefile:271: uexamples] Error 2
make[2]: Target 'uregressions' not remade because of errors.
make[1]: *** [Makefile:256: utest] Error 2
make: *** [Makefile:274: ulong] Error 2
