make[1]: warning: jobserver unavailable: using -j1.  Add '+' to parent make rule.
make[1]: warning: jobserver unavailable: using -j1.  Add '+' to parent make rule.
Warning: you are using the standard library and/or the %inline keyword. We
recommend switching on --infer in order to avoid obscure type error messages.
warning: CRLF will be replaced by LF in src/parser/parse.fsi.
The file will have its original line endings in your working directory.
File "src/basic/ml/FStar_Util.ml", line 47, characters 57-65:
Warning 40: st_mtime was selected from type BatUnix.stats.
It is not visible in the current scope, and will not 
be selected if the type becomes unknown.
File "src/basic/ml/FStar_Util.ml", line 660, characters 2-13:
Warning 10: this expression should have type unit.
File "src/basic/ml/FStar_Util.ml", line 47, characters 57-65:
Warning 40: st_mtime was selected from type BatUnix.stats.
It is not visible in the current scope, and will not 
be selected if the type becomes unknown.
File "src/basic/ml/FStar_Util.ml", line 660, characters 2-13:
Warning 10: this expression should have type unit.
make[3]: warning: jobserver unavailable: using -j1.  Add '+' to parent make rule.
.\u_boot_fsts\FStar.Syntax.Syntax.fst(396,0-396,33): (Warning) Annotation from val declaration overrides inline type annotation
.\u_boot_fsts\FStar.Syntax.Syntax.fst(446,0-446,48): (Warning) Annotation from val declaration overrides inline type annotation
.\u_boot_fsts\FStar.Syntax.Syntax.fst(447,0-447,76): (Warning) Annotation from val declaration overrides inline type annotation
.\u_boot_fsts\FStar.Syntax.Syntax.fst(498,0-500,38): (Warning) Annotation from val declaration overrides inline type annotation
.\u_boot_fsts\FStar.TypeChecker.Util.fst(70,0-72,32): (Warning) Annotation from val declaration overrides inline type annotation
.\u_boot_fsts\FStar.TypeChecker.Env.fst(280,0-284,35): (Warning) Annotation from val declaration overrides inline type annotation
.\u_boot_fsts\FStar.TypeChecker.Env.fst(718,0-720,39): (Warning) Annotation from val declaration overrides inline type annotation
warning: CRLF will be replaced by LF in src/parser/ml/parse.mly.
The file will have its original line endings in your working directory.
warning: CRLF will be replaced by LF in src/parser/parse.fsi.
The file will have its original line endings in your working directory.
.\hello.fst(5,0-5,37): (Warning) Top-level let-bindings must be total; this term may have effects
.\NatHeap.fst(16,70-16,77) : (Error) Identifier not found: [is_None]
Unexpected error
FStar_Errors.Error(_)
Raised at file "src/ocaml-output/bootlibs/MkPrims.ml", line 89, characters 22-23
Called from file "src/ocaml-output/FStar_ToSyntax_ToSyntax.ml", line 1440, characters 14-206
Called from file "src/ocaml-output/FStar_ToSyntax_ToSyntax.ml", line 2078, characters 30-48
Called from file "src/ocaml-output/FStar_ToSyntax_ToSyntax.ml", line 1580, characters 46-64
Called from file "src/batList.mlv", line 169, characters 28-33
Called from file "src/batList.mlv", line 172, characters 4-12
Called from file "src/ocaml-output/bootlibs/FStar_All.ml", line 3, characters 21-24
Called from file "src/ocaml-output/FStar_ToSyntax_ToSyntax.ml", line 3059, characters 29-54
Called from file "src/ocaml-output/FStar_ToSyntax_ToSyntax.ml", line 1864, characters 31-53
Called from file "src/ocaml-output/FStar_ToSyntax_ToSyntax.ml", line 3766, characters 33-51
Called from file "src/ocaml-output/FStar_ToSyntax_ToSyntax.ml", line 5258, characters 35-54
Called from file "list.ml", line 84, characters 24-34
Called from file "src/ocaml-output/FStar_ToSyntax_ToSyntax.ml", line 5308, characters 30-54
Called from file "src/ocaml-output/FStar_ToSyntax_ToSyntax.ml", line 5355, characters 24-55
Called from file "src/ocaml-output/FStar_ToSyntax_ToSyntax.ml", line 5387, characters 37-57
Called from file "list.ml", line 84, characters 24-34
Called from file "src/ocaml-output/FStar_ToSyntax_ToSyntax.ml", line 5382, characters 8-326
Called from file "src/ocaml-output/FStar_Universal.ml", line 207, characters 26-47
Called from file "src/ocaml-output/FStar_Universal.ml", line 334, characters 18-66
Called from file "src/ocaml-output/FStar_Universal.ml", line 353, characters 31-72
Called from file "src/ocaml-output/FStar_Universal.ml", line 369, characters 24-71
Called from file "src/ocaml-output/FStar_Universal.ml", line 409, characters 26-68
Called from file "src/ocaml-output/FStar_Main.ml", line 198, characters 27-67
Called from file "src/ocaml-output/FStar_Main.ml", line 220, characters 6-11

make[3]: *** [../Makefile.include:15: ImmutableST.uver] Error 1
.\Ex01a.fst(58,0-58,48): (Warning) Top-level let-bindings must be total; this term may have effects
.\FStar.ST.fst(47,59-47,87): (Error) Failed to verify implicit argument: Subtyping check failed; expected type (a#6746:Type{(hasEq a@0)}); got type Type (see .\.\prims.fst(224,36-224,43))
Verified module: FStar.ST (838 milliseconds)
1 error was reported (see above)
make[2]: *** [Makefile:28: FStar.ST.fst-ver] Error 1
.\Ex01a.fst(68,0-68,48): (Warning) Top-level let-bindings must be total; this term may have effects
.\NatHeap.fst(16,70-16,77) : (Error) Identifier not found: [is_None]
Unexpected error
FStar_Errors.Error(_)
Raised at file "src/ocaml-output/bootlibs/MkPrims.ml", line 89, characters 22-23
Called from file "src/ocaml-output/FStar_ToSyntax_ToSyntax.ml", line 1440, characters 14-206
Called from file "src/ocaml-output/FStar_ToSyntax_ToSyntax.ml", line 2078, characters 30-48
Called from file "src/ocaml-output/FStar_ToSyntax_ToSyntax.ml", line 1580, characters 46-64
Called from file "src/batList.mlv", line 169, characters 28-33
Called from file "src/batList.mlv", line 172, characters 4-12
Called from file "src/ocaml-output/bootlibs/FStar_All.ml", line 3, characters 21-24
Called from file "src/ocaml-output/FStar_ToSyntax_ToSyntax.ml", line 3059, characters 29-54
Called from file "src/ocaml-output/FStar_ToSyntax_ToSyntax.ml", line 1864, characters 31-53
Called from file "src/ocaml-output/FStar_ToSyntax_ToSyntax.ml", line 3766, characters 33-51
Called from file "src/ocaml-output/FStar_ToSyntax_ToSyntax.ml", line 5258, characters 35-54
Called from file "list.ml", line 84, characters 24-34
Called from file "src/ocaml-output/FStar_ToSyntax_ToSyntax.ml", line 5308, characters 30-54
Called from file "src/ocaml-output/FStar_ToSyntax_ToSyntax.ml", line 5355, characters 24-55
Called from file "src/ocaml-output/FStar_ToSyntax_ToSyntax.ml", line 5387, characters 37-57
Called from file "list.ml", line 84, characters 24-34
Called from file "src/ocaml-output/FStar_ToSyntax_ToSyntax.ml", line 5382, characters 8-326
Called from file "src/ocaml-output/FStar_Universal.ml", line 207, characters 26-47
Called from file "src/ocaml-output/FStar_Universal.ml", line 334, characters 18-66
Called from file "src/ocaml-output/FStar_Universal.ml", line 353, characters 31-72
Called from file "src/ocaml-output/FStar_Universal.ml", line 369, characters 24-71
Called from file "src/ocaml-output/FStar_Universal.ml", line 409, characters 26-68
Called from file "src/ocaml-output/FStar_Main.ml", line 198, characters 27-67
Called from file "src/ocaml-output/FStar_Main.ml", line 220, characters 6-11

make[3]: *** [../Makefile.include:15: AllocST.uver] Error 1
<input>(2,14-2,15): (Error) Expected expression of type "int"; got expression ""hello"" of type "string"
<input>(2,14-2,15): (Error) Expected expression of type "int"; got expression ""hello"" of type "string"
C:\Build\Agent\_work\1\s\examples\dm4free\FStar.DM4F.Heap.ST.fst(44,44-44,51) : (Error) (tuple2 (?68750 a init h0 r h1) (?68751 a init h0 r h1)) is not a subtype of the expected type (mm:bool -> GTot (tuple2 (ref a) heap))
Unexpected error
FStar_Errors.Error(_)
Raised at file "src/ocaml-output/bootlibs/MkPrims.ml", line 89, characters 22-23
Called from file "src/ocaml-output/FStar_TypeChecker_Rel.ml", line 6171, characters 27-55
Called from file "src/ocaml-output/FStar_TypeChecker_TcTerm.ml", line 2818, characters 27-123
Called from file "src/ocaml-output/FStar_TypeChecker_TcTerm.ml", line 3420, characters 47-61
Called from file "src/ocaml-output/FStar_TypeChecker_TcTerm.ml", line 1468, characters 22-108
Called from file "src/ocaml-output/FStar_TypeChecker_TcTerm.ml", line 5629, characters 23-51
Called from file "src/ocaml-output/FStar_TypeChecker_TcTerm.ml", line 2249, characters 12-69
Called from file "src/ocaml-output/FStar_TypeChecker_TcTerm.ml", line 2495, characters 45-62
Called from file "src/ocaml-output/FStar_TypeChecker_TcTerm.ml", line 2760, characters 33-70
Called from file "src/ocaml-output/FStar_TypeChecker_TcTerm.ml", line 5359, characters 21-1023
Called from file "src/ocaml-output/FStar_TypeChecker_TcTerm.ml", line 4547, characters 27-59
Called from file "src/ocaml-output/FStar_TypeChecker_Tc.ml", line 3608, characters 20-1023
Called from file "src/ocaml-output/FStar_TypeChecker_Tc.ml", line 3972, characters 31-46
Called from file "src/basic/ml/FStar_Util.ml", line 554, characters 30-37
Called from file "src/ocaml-output/FStar_TypeChecker_Tc.ml", line 4018, characters 8-70
Called from file "src/ocaml-output/FStar_TypeChecker_Tc.ml", line 4106, characters 25-77
Called from file "src/ocaml-output/FStar_TypeChecker_Tc.ml", line 4373, characters 23-49
Called from file "src/basic/ml/FStar_Util.ml", line 44, characters 14-18
Called from file "src/ocaml-output/FStar_Universal.ml", line 219, characters 34-233
Called from file "list.ml", line 84, characters 24-34
Called from file "src/ocaml-output/bootlibs/FStar_All.ml", line 3, characters 21-24
Called from file "src/ocaml-output/FStar_Universal.ml", line 334, characters 18-66
Called from file "src/ocaml-output/FStar_Universal.ml", line 353, characters 31-72
Called from file "src/ocaml-output/FStar_Universal.ml", line 369, characters 24-71
Called from file "src/ocaml-output/FStar_Universal.ml", line 409, characters 26-68
Called from file "src/ocaml-output/FStar_Main.ml", line 198, characters 27-67
Called from file "src/ocaml-output/FStar_Main.ml", line 220, characters 6-11

make[3]: *** [../Makefile.include:15: Equivalence.uver] Error 1
.\NatHeap.fst(16,70-16,77) : (Error) Identifier not found: [is_None]
Unexpected error
FStar_Errors.Error(_)
Raised at file "src/ocaml-output/bootlibs/MkPrims.ml", line 89, characters 22-23
Called from file "src/ocaml-output/FStar_ToSyntax_ToSyntax.ml", line 1440, characters 14-206
Called from file "src/ocaml-output/FStar_ToSyntax_ToSyntax.ml", line 2078, characters 30-48
Called from file "src/ocaml-output/FStar_ToSyntax_ToSyntax.ml", line 1580, characters 46-64
Called from file "src/batList.mlv", line 169, characters 28-33
Called from file "src/batList.mlv", line 172, characters 4-12
Called from file "src/ocaml-output/bootlibs/FStar_All.ml", line 3, characters 21-24
Called from file "src/ocaml-output/FStar_ToSyntax_ToSyntax.ml", line 3059, characters 29-54
Called from file "src/ocaml-output/FStar_ToSyntax_ToSyntax.ml", line 1864, characters 31-53
Called from file "src/ocaml-output/FStar_ToSyntax_ToSyntax.ml", line 3766, characters 33-51
Called from file "src/ocaml-output/FStar_ToSyntax_ToSyntax.ml", line 5258, characters 35-54
Called from file "list.ml", line 84, characters 24-34
Called from file "src/ocaml-output/FStar_ToSyntax_ToSyntax.ml", line 5308, characters 30-54
Called from file "src/ocaml-output/FStar_ToSyntax_ToSyntax.ml", line 5355, characters 24-55
Called from file "src/ocaml-output/FStar_ToSyntax_ToSyntax.ml", line 5387, characters 37-57
Called from file "list.ml", line 84, characters 24-34
Called from file "src/ocaml-output/FStar_ToSyntax_ToSyntax.ml", line 5382, characters 8-326
Called from file "src/ocaml-output/FStar_Universal.ml", line 207, characters 26-47
Called from file "src/ocaml-output/FStar_Universal.ml", line 334, characters 18-66
Called from file "src/ocaml-output/FStar_Universal.ml", line 353, characters 31-72
Called from file "src/ocaml-output/FStar_Universal.ml", line 369, characters 24-71
Called from file "src/ocaml-output/FStar_Universal.ml", line 409, characters 26-68
Called from file "src/ocaml-output/FStar_Main.ml", line 198, characters 27-67
Called from file "src/ocaml-output/FStar_Main.ml", line 220, characters 6-11

make[3]: *** [../Makefile.include:15: NatHeap.uver] Error 1
<input>(2,14-2,15): (Error) Expected expression of type "int"; got expression ""hello"" of type "string"
.\Platform.Bytes.fst(15,32-18,29): (Warning) Pattern misses at least one bound variable: uu___#1090
.\ImmutableSTwHeaps.fst(112,2-112,9): (Error) assertion failed (see .\ImmutableSTwHeaps.fst(67,31-67,44))
.\ImmutableSTwHeaps.fst(135,2-135,9): (Error) assertion failed (see .\ImmutableSTwHeaps.fst(67,31-67,44))
Verified module: ImmutableSTwHeaps (3030 milliseconds)
2 errors were reported (see above)
make[3]: *** [../Makefile.include:15: ImmutableSTwHeaps.uver] Error 1
WARNING: (7143,46): pattern does not contain any variable.
WARNING: (76788,46): pattern does not contain any variable.
WARNING: (7359,46): pattern does not contain any variable.
WARNING: (7042,46): pattern does not contain any variable.
.\Platform.Bytes.fst(257,22-260,30): (Warning) Pattern misses at least one bound variable: i#40244
.\Platform.Bytes.fst(257,156-260,30): (Warning) Pattern misses at least one bound variable: i#42374
.\Encrypt_SymEnc.fst(29,0-29,18): (Warning) Top-level let-bindings must be total; this term may have effects
WARNING: (7348,46): pattern does not contain any variable.
.\AllocSTwHeaps.fst(86,70-86,95): (Error) Expected type "bool"; but "(contains h r)" has type "Type"
WARNING: (76788,46): pattern does not contain any variable.
WARNING: (80664,43): pattern does not contain all quantified variables.
WARNING: (76788,46): pattern does not contain any variable.
WARNING: (80664,43): pattern does not contain all quantified variables.
WARNING: (76788,46): pattern does not contain any variable.
WARNING: (80664,43): pattern does not contain all quantified variables.
.\AllocSTwHeaps.fst(86,70-86,95): (Error) Interface of AllocSTwHeaps violates its abstraction (add a 'private' qualifier to 'AllocSTwHeaps.contains'?): Expected type "Prims.bool"; but "(FStar.Heap.contains h#9684 r#9683)" has type "Type u#(0)"
.\AllocSTwHeaps.fst(93,23-93,48): (Error) could not prove post-condition
.\AllocSTwHeaps.fst(101,46-101,58): (Error) Subtyping check failed; expected type (p#2869:(predicate heap){(stable heap_rel p@0)}); got type (h:heap -> Tot Type) (see .\AllocSTwHeaps.fst(64,55-64,72))
.\AllocSTwHeaps.fst(139,2-139,13): (Error) assertion failed (see .\AllocSTwHeaps.fst(75,31-75,35))
.\AllocSTwHeaps.fst(160,2-160,9): (Error) assertion failed (see .\AllocSTwHeaps.fst(72,31-72,44))
.\AllocSTwHeaps.fst(183,13-183,25): (Error) Subtyping check failed; expected type (p#3848:(Preorder.predicate<1> FStar.Heap.heap){(Preorder.stable<1> AllocSTwHeaps.heap_rel p@0)}); got type (h#7663:FStar.Heap.heap -> Tot Type u#(0)) (see .\AllocSTwHeaps.fst(77,53-77,70))
Verified module: AllocSTwHeaps (7017 milliseconds)
7 errors were reported (see above)
make[3]: *** [../Makefile.include:15: AllocSTwHeaps.uver] Error 1
WARNING: (76788,46): pattern does not contain any variable.
WARNING: (80664,43): pattern does not contain all quantified variables.
WARNING: (76788,46): pattern does not contain any variable.
WARNING: (80664,43): pattern does not contain all quantified variables.
WARNING: (76788,46): pattern does not contain any variable.
WARNING: (80664,43): pattern does not contain all quantified variables.
WARNING: (6838,51): pattern does not contain all quantified variables.
WARNING: (6838,51): pattern does not contain all quantified variables.
WARNING: (76788,46): pattern does not contain any variable.
WARNING: (80664,43): pattern does not contain all quantified variables.
WARNING: (76788,46): pattern does not contain any variable.
.\FStar.DM4F.Heap.ST.fst(44,44-44,51) : (Error) (tuple2 (?72979 a init h0 r h1) (?72980 a init h0 r h1)) is not a subtype of the expected type (mm:bool -> GTot (tuple2 (ref a) heap))
Unexpected error
FStar_Errors.Error(_)
Raised at file "src/ocaml-output/bootlibs/MkPrims.ml", line 89, characters 22-23
Called from file "src/ocaml-output/FStar_TypeChecker_Rel.ml", line 6171, characters 27-55
Called from file "src/ocaml-output/FStar_TypeChecker_TcTerm.ml", line 2818, characters 27-123
Called from file "src/ocaml-output/FStar_TypeChecker_TcTerm.ml", line 3420, characters 47-61
Called from file "src/ocaml-output/FStar_TypeChecker_TcTerm.ml", line 1468, characters 22-108
Called from file "src/ocaml-output/FStar_TypeChecker_TcTerm.ml", line 5629, characters 23-51
Called from file "src/ocaml-output/FStar_TypeChecker_TcTerm.ml", line 2249, characters 12-69
Called from file "src/ocaml-output/FStar_TypeChecker_TcTerm.ml", line 2495, characters 45-62
Called from file "src/ocaml-output/FStar_TypeChecker_TcTerm.ml", line 2760, characters 33-70
Called from file "src/ocaml-output/FStar_TypeChecker_TcTerm.ml", line 5359, characters 21-1023
Called from file "src/ocaml-output/FStar_TypeChecker_TcTerm.ml", line 4547, characters 27-59
Called from file "src/ocaml-output/FStar_TypeChecker_Tc.ml", line 3608, characters 20-1023
Called from file "src/ocaml-output/FStar_TypeChecker_Tc.ml", line 3972, characters 31-46
Called from file "src/basic/ml/FStar_Util.ml", line 554, characters 30-37
Called from file "src/ocaml-output/FStar_TypeChecker_Tc.ml", line 4018, characters 8-70
Called from file "src/ocaml-output/FStar_TypeChecker_Tc.ml", line 4106, characters 25-77
Called from file "src/ocaml-output/FStar_TypeChecker_Tc.ml", line 4373, characters 23-49
Called from file "src/basic/ml/FStar_Util.ml", line 44, characters 14-18
Called from file "src/ocaml-output/FStar_Universal.ml", line 219, characters 34-233
Called from file "list.ml", line 84, characters 24-34
Called from file "src/ocaml-output/bootlibs/FStar_All.ml", line 3, characters 21-24
Called from file "src/ocaml-output/FStar_SMTEncoding_Solver.ml", line 104, characters 16-20
Called from file "src/ocaml-output/FStar_Universal.ml", line 334, characters 18-66
Called from file "src/ocaml-output/FStar_Universal.ml", line 353, characters 31-72
Called from file "src/ocaml-output/FStar_Universal.ml", line 369, characters 24-71
Called from file "src/ocaml-output/FStar_Universal.ml", line 409, characters 26-68
Called from file "src/ocaml-output/FStar_Main.ml", line 198, characters 27-67
Called from file "src/ocaml-output/FStar_Main.ml", line 220, characters 6-11

WARNING: (80664,43): pattern does not contain all quantified variables.
make[3]: *** [Makefile:32: FStar.DM4F.Heap.ST.uver] Error 1
WARNING: (76788,46): pattern does not contain any variable.
WARNING: (80664,43): pattern does not contain all quantified variables.
WARNING: (76788,46): pattern does not contain any variable.
WARNING: (80664,43): pattern does not contain all quantified variables.
.\Platform.Bytes.fst(15,40-18,29): (Warning) Pattern misses at least one bound variable: uu___#79854
.\Platform.Bytes.fst(257,156-260,30): (Warning) Pattern misses at least one bound variable: i#89301
make[3]: Target 'all' not remade because of errors.
make[2]: *** [Makefile:34: preorders.all] Error 2
.\MAC.fst(45,0-45,35): (Warning) Top-level let-bindings must be total; this term may have effects
.\IfcDelimitedRelease.fst(13,63-13,84): (Error) Failed to verify implicit argument: Subtyping check failed; expected type eqtype; got type Type (see C:\Build\Agent\_work\1\s\bin\..\ulib\prims.fst(27,21-27,28))
.\IfcDelimitedRelease.fst(31,5-31,26): (Error) Failed to verify implicit argument: Subtyping check failed; expected type eqtype; got type Type (see C:\Build\Agent\_work\1\s\bin\..\ulib\prims.fst(27,21-27,28))
.\IfcDelimitedRelease.fst(48,9-48,14): (Error) Failed to verify implicit argument: Subtyping check failed; expected type (a#6761:Type{(hasEq a@0)}); got type Type (see C:\Build\Agent\_work\1\s\bin\..\ulib\prims.fst(224,36-224,43))
.\IfcDelimitedRelease.fst(48,18-48,23): (Error) Failed to verify implicit argument: Subtyping check failed; expected type (a#6761:Type{(hasEq a@0)}); got type Type (see C:\Build\Agent\_work\1\s\bin\..\ulib\prims.fst(224,36-224,43))
.\IfcDelimitedRelease.fst(65,11-65,16): (Error) Failed to verify implicit argument: Subtyping check failed; expected type (a#6761:Type{(hasEq a@0)}); got type Type (see C:\Build\Agent\_work\1\s\bin\..\ulib\prims.fst(224,36-224,43))
.\IfcDelimitedRelease.fst(66,16-66,47): (Error) Failed to verify implicit argument: Subtyping check failed; expected type eqtype; got type Type (see C:\Build\Agent\_work\1\s\bin\..\ulib\prims.fst(27,21-27,28))
.\IfcDelimitedRelease.fst(86,4-94,15): (Error) could not prove post-condition
.\IfcDelimitedRelease.fst(88,11-88,16): (Error) Failed to verify implicit argument: Subtyping check failed; expected type (a#6761:Type{(hasEq a@0)}); got type Type (see C:\Build\Agent\_work\1\s\bin\..\ulib\prims.fst(224,36-224,43))
.\IfcDelimitedRelease.fst(89,16-89,47): (Error) Failed to verify implicit argument: Subtyping check failed; expected type eqtype; got type Type (see C:\Build\Agent\_work\1\s\bin\..\ulib\prims.fst(27,21-27,28))
.\IfcDelimitedRelease.fst(133,4-140,13): (Error) could not prove post-condition
.\IfcDelimitedRelease.fst(135,11-135,18): (Error) Failed to verify implicit argument: Subtyping check failed; expected type (a#6761:Type{(hasEq a@0)}); got type Type (see C:\Build\Agent\_work\1\s\bin\..\ulib\prims.fst(224,36-224,43))
.\IfcDelimitedRelease.fst(145,68-145,89): (Error) Failed to verify implicit argument: Subtyping check failed; expected type eqtype; got type Type (see C:\Build\Agent\_work\1\s\bin\..\ulib\prims.fst(27,21-27,28))
.\IfcDelimitedRelease.fst(147,2-153,38): (Error) Patterns are incomplete
Verified module: IfcDelimitedRelease (23664 milliseconds)
13 errors were reported (see above)
make[3]: *** [../Makefile.include:15: IfcDelimitedRelease.uver] Error 1
.\Ex10a.fst(27,0-27,22): (Warning) Top-level let-bindings must be total; this term may have effects
.\Ex10b.fst(13,25-13,35) : (Error) Expected expression of type "(set nat)"; got expression "(empty )" of type "(set (?46020 x y h0 p h1))"
Unexpected error
FStar_Errors.Error(_)
Raised by primitive operation at file "src/ocaml-output/FStar_TypeChecker_Util.ml", line 3415, characters 14-36
Called from file "src/ocaml-output/FStar_TypeChecker_TcTerm.ml", line 331, characters 24-77
Called from file "src/ocaml-output/FStar_TypeChecker_TcTerm.ml", line 3420, characters 47-61
Called from file "src/ocaml-output/FStar_TypeChecker_TcTerm.ml", line 1468, characters 22-108
Called from file "src/ocaml-output/FStar_TypeChecker_TcTerm.ml", line 5629, characters 23-51
Called from file "src/ocaml-output/FStar_TypeChecker_TcTerm.ml", line 3722, characters 37-134
Called from file "src/batList.mlv", line 529, characters 39-54
Called from file "src/ocaml-output/FStar_TypeChecker_TcTerm.ml", line 3708, characters 20-1023
Called from file "src/ocaml-output/FStar_TypeChecker_TcTerm.ml", line 1463, characters 21-108
Called from file "src/ocaml-output/FStar_TypeChecker_TcTerm.ml", line 5629, characters 23-51
Called from file "src/ocaml-output/FStar_TypeChecker_TcTerm.ml", line 3722, characters 37-134
Called from file "src/batList.mlv", line 529, characters 39-54
Called from file "src/ocaml-output/FStar_TypeChecker_TcTerm.ml", line 3708, characters 20-1023
Called from file "src/ocaml-output/FStar_TypeChecker_TcTerm.ml", line 1463, characters 21-108
Called from file "src/ocaml-output/FStar_TypeChecker_TcTerm.ml", line 5629, characters 23-51
Called from file "src/ocaml-output/FStar_TypeChecker_TcTerm.ml", line 3722, characters 37-134
Called from file "src/batList.mlv", line 529, characters 39-54
Called from file "src/ocaml-output/FStar_TypeChecker_TcTerm.ml", line 3708, characters 20-1023
Called from file "src/ocaml-output/FStar_TypeChecker_TcTerm.ml", line 1463, characters 21-108
Called from file "src/ocaml-output/FStar_TypeChecker_TcTerm.ml", line 2765, characters 22-1023
Called from file "src/ocaml-output/FStar_TypeChecker_TcTerm.ml", line 3420, characters 47-61
Called from file "src/ocaml-output/FStar_TypeChecker_TcTerm.ml", line 1468, characters 22-108
Called from file "src/ocaml-output/FStar_TypeChecker_TcTerm.ml", line 5629, characters 23-51
Called from file "src/ocaml-output/FStar_TypeChecker_TcTerm.ml", line 2249, characters 12-69
Called from file "src/ocaml-output/FStar_TypeChecker_TcTerm.ml", line 2039, characters 42-57
Called from file "src/ocaml-output/FStar_TypeChecker_TcTerm.ml", line 5629, characters 23-51
Called from file "src/ocaml-output/FStar_TypeChecker_TcTerm.ml", line 5694, characters 8-34
Called from file "src/ocaml-output/FStar_TypeChecker_Tc.ml", line 186, characters 23-53
Called from file "src/ocaml-output/FStar_TypeChecker_Tc.ml", line 3972, characters 31-46
Called from file "src/basic/ml/FStar_Util.ml", line 554, characters 30-37
Called from file "src/ocaml-output/FStar_TypeChecker_Tc.ml", line 4018, characters 8-70
Called from file "src/ocaml-output/FStar_TypeChecker_Tc.ml", line 4106, characters 25-77
Called from file "src/ocaml-output/FStar_TypeChecker_Tc.ml", line 4373, characters 23-49
Called from file "src/basic/ml/FStar_Util.ml", line 44, characters 14-18
Called from file "src/ocaml-output/FStar_Universal.ml", line 219, characters 34-233
Called from file "list.ml", line 84, characters 24-34
Called from file "src/ocaml-output/bootlibs/FStar_All.ml", line 3, characters 21-24
Called from file "src/ocaml-output/FStar_SMTEncoding_Solver.ml", line 104, characters 16-20
Called from file "src/ocaml-output/FStar_Universal.ml", line 334, characters 18-66
Called from file "src/ocaml-output/FStar_Universal.ml", line 353, characters 31-72
Called from file "src/ocaml-output/FStar_Universal.ml", line 369, characters 24-71
Called from file "src/ocaml-output/FStar_Universal.ml", line 409, characters 26-68
Called from file "src/ocaml-output/FStar_Main.ml", line 198, characters 27-67
Called from file "src/ocaml-output/FStar_Main.ml", line 220, characters 6-11

make[3]: *** [Makefile:39: verify-Ex10b.fst] Error 1
.\Ex12a.Cap.fst(21,0-21,26): (Warning) Top-level let-bindings must be total; this term may have effects
.\TestHeap.fst(17,19-17,26) : (Error) Constructor Ref not found
Unexpected error
FStar_Errors.Error(_)
Raised at file "src/ocaml-output/bootlibs/MkPrims.ml", line 89, characters 22-23
Called from file "src/ocaml-output/FStar_ToSyntax_ToSyntax.ml", line 2074, characters 37-55
Called from file "src/ocaml-output/FStar_ToSyntax_ToSyntax.ml", line 2291, characters 24-43
Called from file "src/ocaml-output/FStar_ToSyntax_ToSyntax.ml", line 4863, characters 26-70
Called from file "src/ocaml-output/FStar_ToSyntax_ToSyntax.ml", line 5258, characters 35-54
Called from file "list.ml", line 84, characters 24-34
Called from file "src/ocaml-output/FStar_ToSyntax_ToSyntax.ml", line 5308, characters 30-54
Called from file "src/ocaml-output/FStar_ToSyntax_ToSyntax.ml", line 5355, characters 24-55
Called from file "src/ocaml-output/FStar_ToSyntax_ToSyntax.ml", line 5387, characters 37-57
Called from file "list.ml", line 84, characters 24-34
Called from file "src/ocaml-output/FStar_ToSyntax_ToSyntax.ml", line 5382, characters 8-326
Called from file "src/ocaml-output/FStar_Universal.ml", line 207, characters 26-47
Called from file "src/ocaml-output/FStar_Universal.ml", line 334, characters 18-66
Called from file "src/ocaml-output/FStar_Universal.ml", line 353, characters 31-72
Called from file "src/ocaml-output/FStar_Universal.ml", line 369, characters 24-71
Called from file "src/ocaml-output/FStar_Universal.ml", line 409, characters 26-68
Called from file "src/ocaml-output/FStar_Main.ml", line 198, characters 27-67
Called from file "src/ocaml-output/FStar_Main.ml", line 220, characters 6-11

make[3]: *** [../Makefile.include:15: TestHeap.uver] Error 1
make[3]: Target 'all' not remade because of errors.
make[2]: *** [Makefile:34: dm4free.all] Error 2
.\TestMRef.fst(14,80-14,87) : (Error) Constructor Ref not found
Unexpected error
FStar_Errors.Error(_)
Raised at file "src/ocaml-output/bootlibs/MkPrims.ml", line 89, characters 22-23
Called from file "src/ocaml-output/FStar_ToSyntax_ToSyntax.ml", line 2074, characters 37-55
Called from file "src/ocaml-output/FStar_ToSyntax_ToSyntax.ml", line 2074, characters 37-55
Called from file "src/ocaml-output/FStar_ToSyntax_ToSyntax.ml", line 1900, characters 35-57
Called from file "src/ocaml-output/FStar_ToSyntax_ToSyntax.ml", line 2651, characters 35-53
Called from file "src/batList.mlv", line 169, characters 28-33
Called from file "src/batList.mlv", line 172, characters 4-12
Called from file "src/ocaml-output/FStar_ToSyntax_ToSyntax.ml", line 2851, characters 35-56
Called from file "src/ocaml-output/FStar_ToSyntax_ToSyntax.ml", line 1845, characters 25-72
Called from file "src/ocaml-output/FStar_ToSyntax_ToSyntax.ml", line 5075, characters 49-77
Called from file "src/ocaml-output/FStar_ToSyntax_ToSyntax.ml", line 5258, characters 35-54
Called from file "list.ml", line 84, characters 24-34
Called from file "src/ocaml-output/FStar_ToSyntax_ToSyntax.ml", line 5308, characters 30-54
Called from file "src/ocaml-output/FStar_ToSyntax_ToSyntax.ml", line 5355, characters 24-55
Called from file "src/ocaml-output/FStar_ToSyntax_ToSyntax.ml", line 5387, characters 37-57
Called from file "list.ml", line 84, characters 24-34
Called from file "src/ocaml-output/FStar_ToSyntax_ToSyntax.ml", line 5382, characters 8-326
Called from file "src/ocaml-output/FStar_Universal.ml", line 207, characters 26-47
Called from file "src/ocaml-output/FStar_Universal.ml", line 334, characters 18-66
Called from file "src/ocaml-output/FStar_Universal.ml", line 353, characters 31-72
Called from file "src/ocaml-output/FStar_Universal.ml", line 369, characters 24-71
Called from file "src/ocaml-output/FStar_Universal.ml", line 409, characters 26-68
Called from file "src/ocaml-output/FStar_Main.ml", line 198, characters 27-67
Called from file "src/ocaml-output/FStar_Main.ml", line 220, characters 6-11

make[3]: *** [../Makefile.include:15: TestMRef.uver] Error 1
.\Ex10b.fst(15,25-15,35) : (Error) Expected expression of type "(set nat)"; got expression "(empty )" of type "(set (?46022 x y h0 p h1))"
Unexpected error
FStar_Errors.Error(_)
Raised by primitive operation at file "src/ocaml-output/FStar_TypeChecker_Util.ml", line 3415, characters 14-36
Called from file "src/ocaml-output/FStar_TypeChecker_TcTerm.ml", line 331, characters 24-77
Called from file "src/ocaml-output/FStar_TypeChecker_TcTerm.ml", line 3420, characters 47-61
Called from file "src/ocaml-output/FStar_TypeChecker_TcTerm.ml", line 1468, characters 22-108
Called from file "src/ocaml-output/FStar_TypeChecker_TcTerm.ml", line 5629, characters 23-51
Called from file "src/ocaml-output/FStar_TypeChecker_TcTerm.ml", line 3722, characters 37-134
Called from file "src/batList.mlv", line 529, characters 39-54
Called from file "src/ocaml-output/FStar_TypeChecker_TcTerm.ml", line 3708, characters 20-1023
Called from file "src/ocaml-output/FStar_TypeChecker_TcTerm.ml", line 1463, characters 21-108
Called from file "src/ocaml-output/FStar_TypeChecker_TcTerm.ml", line 5629, characters 23-51
Called from file "src/ocaml-output/FStar_TypeChecker_TcTerm.ml", line 3722, characters 37-134
Called from file "src/batList.mlv", line 529, characters 39-54
Called from file "src/ocaml-output/FStar_TypeChecker_TcTerm.ml", line 3708, characters 20-1023
Called from file "src/ocaml-output/FStar_TypeChecker_TcTerm.ml", line 1463, characters 21-108
Called from file "src/ocaml-output/FStar_TypeChecker_TcTerm.ml", line 5629, characters 23-51
Called from file "src/ocaml-output/FStar_TypeChecker_TcTerm.ml", line 3722, characters 37-134
Called from file "src/batList.mlv", line 529, characters 39-54
Called from file "src/ocaml-output/FStar_TypeChecker_TcTerm.ml", line 3708, characters 20-1023
Called from file "src/ocaml-output/FStar_TypeChecker_TcTerm.ml", line 1463, characters 21-108
Called from file "src/ocaml-output/FStar_TypeChecker_TcTerm.ml", line 5629, characters 23-51
Called from file "src/ocaml-output/FStar_TypeChecker_TcTerm.ml", line 3722, characters 37-134
Called from file "src/batList.mlv", line 529, characters 39-54
Called from file "src/ocaml-output/FStar_TypeChecker_TcTerm.ml", line 3708, characters 20-1023
Called from file "src/ocaml-output/FStar_TypeChecker_TcTerm.ml", line 1463, characters 21-108
Called from file "src/ocaml-output/FStar_TypeChecker_TcTerm.ml", line 5629, characters 23-51
Called from file "src/ocaml-output/FStar_TypeChecker_TcTerm.ml", line 3722, characters 37-134
Called from file "src/batList.mlv", line 529, characters 39-54
Called from file "src/ocaml-output/FStar_TypeChecker_TcTerm.ml", line 3708, characters 20-1023
Called from file "src/ocaml-output/FStar_TypeChecker_TcTerm.ml", line 1463, characters 21-108
Called from file "src/ocaml-output/FStar_TypeChecker_TcTerm.ml", line 2765, characters 22-1023
Called from file "src/ocaml-output/FStar_TypeChecker_TcTerm.ml", line 3420, characters 47-61
Called from file "src/ocaml-output/FStar_TypeChecker_TcTerm.ml", line 1468, characters 22-108
Called from file "src/ocaml-output/FStar_TypeChecker_TcTerm.ml", line 5629, characters 23-51
Called from file "src/ocaml-output/FStar_TypeChecker_TcTerm.ml", line 2249, characters 12-69
Called from file "src/ocaml-output/FStar_TypeChecker_TcTerm.ml", line 2039, characters 42-57
Called from file "src/ocaml-output/FStar_TypeChecker_TcTerm.ml", line 5629, characters 23-51
Called from file "src/ocaml-output/FStar_TypeChecker_TcTerm.ml", line 5694, characters 8-34
Called from file "src/ocaml-output/FStar_TypeChecker_Tc.ml", line 186, characters 23-53
Called from file "src/ocaml-output/FStar_TypeChecker_Tc.ml", line 3972, characters 31-46
Called from file "src/basic/ml/FStar_Util.ml", line 554, characters 30-37
Called from file "src/ocaml-output/FStar_TypeChecker_Tc.ml", line 4018, characters 8-70
Called from file "src/ocaml-output/FStar_TypeChecker_Tc.ml", line 4106, characters 25-77
Called from file "src/ocaml-output/FStar_TypeChecker_Tc.ml", line 4373, characters 23-49
Called from file "src/basic/ml/FStar_Util.ml", line 44, characters 14-18
Called from file "src/ocaml-output/FStar_Universal.ml", line 219, characters 34-233
Called from file "list.ml", line 84, characters 24-34
Called from file "src/ocaml-output/bootlibs/FStar_All.ml", line 3, characters 21-24
Called from file "src/ocaml-output/FStar_SMTEncoding_Solver.ml", line 104, characters 16-20
Called from file "src/ocaml-output/FStar_Universal.ml", line 334, characters 18-66
Called from file "src/ocaml-output/FStar_Universal.ml", line 353, characters 31-72
Called from file "src/ocaml-output/FStar_Universal.ml", line 369, characters 24-71
Called from file "src/ocaml-output/FStar_Universal.ml", line 409, characters 26-68
Called from file "src/ocaml-output/FStar_Main.ml", line 198, characters 27-67
Called from file "src/ocaml-output/FStar_Main.ml", line 220, characters 6-11

make[3]: *** [Makefile:42: verify-Ex10b.fst] Error 1
.\Ex10a.fst(27,0-27,22): (Warning) Top-level let-bindings must be total; this term may have effects
.\RPC.fst(9,0-9,53): (Warning) Top-level let-bindings must be total; this term may have effects
.\RPC.fst(23,0-23,39): (Warning) Top-level let-bindings must be total; this term may have effects
.\RPC.fst(48,0-49,16): (Warning) Top-level let-bindings must be total; this term may have effects
.\CntProtocol.fst(14,0-14,53): (Warning) Top-level let-bindings must be total; this term may have effects
.\CntProtocol.fst(29,0-29,26): (Warning) Top-level let-bindings must be total; this term may have effects
.\CntProtocol.fst(32,0-32,54): (Warning) Top-level let-bindings must be total; this term may have effects
.\RPC.fst(116,0-116,17): (Warning) Top-level let-bindings must be total; this term may have effects
.\CntProtocol.fst(35,0-35,54): (Warning) Top-level let-bindings must be total; this term may have effects
.\Ex12a.Cap.fst(19,0-19,26): (Warning) Top-level let-bindings must be total; this term may have effects
.\Ex12b.RPC.fst(8,0-8,53): (Warning) Top-level let-bindings must be total; this term may have effects
.\Ex12b.RPC.fst(21,0-21,39): (Warning) Top-level let-bindings must be total; this term may have effects
.\Ex12b.RPC.fst(53,0-54,16): (Warning) Top-level let-bindings must be total; this term may have effects
.\CntProtocol.fst(99,0-99,39): (Warning) Top-level let-bindings must be total; this term may have effects
.\Ex12b.RPC.fst(123,0-123,17): (Warning) Top-level let-bindings must be total; this term may have effects
.\Mac.fst(70,0-70,35): (Warning) Top-level let-bindings must be total; this term may have effects
C:\Build\Agent\_work\1\s\examples\dm4free\FStar.DM4F.Heap.ST.fst(44,44-44,51) : (Error) (tuple2 (?68750 a init h0 r h1) (?68751 a init h0 r h1)) is not a subtype of the expected type (mm:bool -> GTot (tuple2 (ref a) heap))
Unexpected error
FStar_Errors.Error(_)
Raised at file "src/ocaml-output/bootlibs/MkPrims.ml", line 89, characters 22-23
Called from file "src/ocaml-output/FStar_TypeChecker_Rel.ml", line 6171, characters 27-55
Called from file "src/ocaml-output/FStar_TypeChecker_TcTerm.ml", line 2818, characters 27-123
Called from file "src/ocaml-output/FStar_TypeChecker_TcTerm.ml", line 3420, characters 47-61
Called from file "src/ocaml-output/FStar_TypeChecker_TcTerm.ml", line 1468, characters 22-108
Called from file "src/ocaml-output/FStar_TypeChecker_TcTerm.ml", line 5629, characters 23-51
Called from file "src/ocaml-output/FStar_TypeChecker_TcTerm.ml", line 2249, characters 12-69
Called from file "src/ocaml-output/FStar_TypeChecker_TcTerm.ml", line 2495, characters 45-62
Called from file "src/ocaml-output/FStar_TypeChecker_TcTerm.ml", line 2760, characters 33-70
Called from file "src/ocaml-output/FStar_TypeChecker_TcTerm.ml", line 5359, characters 21-1023
Called from file "src/ocaml-output/FStar_TypeChecker_TcTerm.ml", line 4547, characters 27-59
Called from file "src/ocaml-output/FStar_TypeChecker_Tc.ml", line 3608, characters 20-1023
Called from file "src/ocaml-output/FStar_TypeChecker_Tc.ml", line 3972, characters 31-46
Called from file "src/basic/ml/FStar_Util.ml", line 554, characters 30-37
Called from file "src/ocaml-output/FStar_TypeChecker_Tc.ml", line 4018, characters 8-70
Called from file "src/ocaml-output/FStar_TypeChecker_Tc.ml", line 4106, characters 25-77
Called from file "src/ocaml-output/FStar_TypeChecker_Tc.ml", line 4373, characters 23-49
Called from file "src/basic/ml/FStar_Util.ml", line 44, characters 14-18
Called from file "src/ocaml-output/FStar_Universal.ml", line 219, characters 34-233
Called from file "list.ml", line 84, characters 24-34
Called from file "src/ocaml-output/bootlibs/FStar_All.ml", line 3, characters 21-24
Called from file "src/ocaml-output/FStar_Universal.ml", line 334, characters 18-66
Called from file "src/ocaml-output/FStar_Universal.ml", line 353, characters 31-72
Called from file "src/ocaml-output/FStar_Universal.ml", line 369, characters 24-71
Called from file "src/ocaml-output/FStar_Universal.ml", line 409, characters 26-68
Called from file "src/ocaml-output/FStar_Main.ml", line 198, characters 27-67
Called from file "src/ocaml-output/FStar_Main.ml", line 220, characters 6-11

make[3]: *** [../Makefile.include:15: Loops.uver] Error 1
.\CntProtocol.fst(126,0-126,18): (Warning) Top-level let-bindings must be total; this term may have effects
make[5]: warning: jobserver unavailable: using -j1.  Add '+' to parent make rule.
.\CntProtocol.fst(167,0-183,5): (Warning) Top-level let-bindings must be total; this term may have effects
make[3]: *** [Makefile:35: all-neg] Error 1
make[3]: Target 'all' not remade because of errors.
make[2]: *** [Makefile:34: micro-benchmarks.all] Error 2
make[5]: warning: jobserver unavailable: using -j1.  Add '+' to parent make rule.
C:\Build\Agent\_work\1\s\examples\dm4free\FStar.DM4F.Heap.ST.fst(44,44-44,51) : (Error) (tuple2 (?68750 a init h0 r h1) (?68751 a init h0 r h1)) is not a subtype of the expected type (mm:bool -> GTot (tuple2 (ref a) heap))
Unexpected error
FStar_Errors.Error(_)
Raised at file "src/ocaml-output/bootlibs/MkPrims.ml", line 89, characters 22-23
Called from file "src/ocaml-output/FStar_TypeChecker_Rel.ml", line 6171, characters 27-55
Called from file "src/ocaml-output/FStar_TypeChecker_TcTerm.ml", line 2818, characters 27-123
Called from file "src/ocaml-output/FStar_TypeChecker_TcTerm.ml", line 3420, characters 47-61
Called from file "src/ocaml-output/FStar_TypeChecker_TcTerm.ml", line 1468, characters 22-108
Called from file "src/ocaml-output/FStar_TypeChecker_TcTerm.ml", line 5629, characters 23-51
Called from file "src/ocaml-output/FStar_TypeChecker_TcTerm.ml", line 2249, characters 12-69
Called from file "src/ocaml-output/FStar_TypeChecker_TcTerm.ml", line 2495, characters 45-62
Called from file "src/ocaml-output/FStar_TypeChecker_TcTerm.ml", line 2760, characters 33-70
Called from file "src/ocaml-output/FStar_TypeChecker_TcTerm.ml", line 5359, characters 21-1023
Called from file "src/ocaml-output/FStar_TypeChecker_TcTerm.ml", line 4547, characters 27-59
Called from file "src/ocaml-output/FStar_TypeChecker_Tc.ml", line 3608, characters 20-1023
Called from file "src/ocaml-output/FStar_TypeChecker_Tc.ml", line 3972, characters 31-46
Called from file "src/basic/ml/FStar_Util.ml", line 554, characters 30-37
Called from file "src/ocaml-output/FStar_TypeChecker_Tc.ml", line 4018, characters 8-70
Called from file "src/ocaml-output/FStar_TypeChecker_Tc.ml", line 4106, characters 25-77
Called from file "src/ocaml-output/FStar_TypeChecker_Tc.ml", line 4373, characters 23-49
Called from file "src/basic/ml/FStar_Util.ml", line 44, characters 14-18
Called from file "src/ocaml-output/FStar_Universal.ml", line 219, characters 34-233
Called from file "list.ml", line 84, characters 24-34
Called from file "src/ocaml-output/bootlibs/FStar_All.ml", line 3, characters 21-24
Called from file "src/ocaml-output/FStar_Universal.ml", line 334, characters 18-66
Called from file "src/ocaml-output/FStar_Universal.ml", line 353, characters 31-72
Called from file "src/ocaml-output/FStar_Universal.ml", line 369, characters 24-71
Called from file "src/ocaml-output/FStar_Universal.ml", line 409, characters 26-68
Called from file "src/ocaml-output/FStar_Main.ml", line 198, characters 27-67
Called from file "src/ocaml-output/FStar_Main.ml", line 220, characters 6-11

make[3]: *** [../Makefile.include:15: Point.uver] Error 1
.\Ex11a.fst(22,0-27,18): (Error) Failed to verify implicit argument: Subtyping check failed; expected type (a#6807:Type u#(0){(Prims.hasEq<0> a@0)}); got type Type u#(0) (see C:\Build\Agent\_work\1\s\bin\..\ulib\prims.fst(225,36-225,43))
.\Ex11a.fst(24,15-24,25): (Error) Failed to prove that the type 'Ex11a.point' supports decidable equality because of this argument; add either the 'noeq' or 'unopteq' qualifier (see .\Ex11a.fst(22,0-27,18))
.\Ex11a.fst(26,26-26,30): (Error) Subtyping check failed; expected type (a#6807:Type u#(0){(Prims.hasEq<0> a@0)}); got type Type u#(0) (see C:\Build\Agent\_work\1\s\bin\..\ulib\prims.fst(225,36-225,43))
.\Ex11a.fst(26,26-26,30): (Error) Failed to verify implicit argument: Subtyping check failed; expected type (a#6807:Type u#(0){(Prims.hasEq<0> a@0)}); got type Type u#(0) (see C:\Build\Agent\_work\1\s\bin\..\ulib\prims.fst(225,36-225,43))
.\Ex11a.fst(26,34-26,38): (Error) Subtyping check failed; expected type (a#6807:Type u#(0){(Prims.hasEq<0> a@0)}); got type Type u#(0) (see C:\Build\Agent\_work\1\s\bin\..\ulib\prims.fst(225,36-225,43))
.\Ex11a.fst(26,34-26,38): (Error) Failed to verify implicit argument: Subtyping check failed; expected type (a#6807:Type u#(0){(Prims.hasEq<0> a@0)}); got type Type u#(0) (see C:\Build\Agent\_work\1\s\bin\..\ulib\prims.fst(225,36-225,43))
.\Ex11a.fst(26,42-26,46): (Error) Failed to verify implicit argument: Subtyping check failed; expected type (a#6807:Type u#(0){(Prims.hasEq<0> a@0)}); got type Type u#(0) (see C:\Build\Agent\_work\1\s\bin\..\ulib\prims.fst(225,36-225,43))
.\Ex11a.fst(29,0-33,13): (Error) Failed to verify implicit argument: Subtyping check failed; expected type (a#6807:Type u#(0){(Prims.hasEq<0> a@0)}); got type Type u#(0) (see C:\Build\Agent\_work\1\s\bin\..\ulib\prims.fst(225,36-225,43))
.\Ex11a.fst(32,10-32,40): (Error) Failed to prove that the type 'Ex11a.arm' supports decidable equality because of this argument; add either the 'noeq' or 'unopteq' qualifier (see .\Ex11a.fst(29,0-33,13))
.\Ex11a.fst(32,26-32,39): (Error) Subtyping check failed; expected type (a#6807:Type u#(0){(Prims.hasEq<0> a@0)}); got type Type u#(0) (see C:\Build\Agent\_work\1\s\bin\..\ulib\prims.fst(225,36-225,43))
.\Ex11a.fst(32,26-32,39): (Error) Subtyping check failed; expected type (a#6807:Type u#(0){(Prims.hasEq<0> a@0)}); got type Type u#(0) (see C:\Build\Agent\_work\1\s\bin\..\ulib\prims.fst(225,36-225,43))
.\Ex11a.fst(32,26-32,39): (Error) Failed to verify implicit argument: Subtyping check failed; expected type (a#6807:Type u#(0){(Prims.hasEq<0> a@0)}); got type Type u#(0) (see C:\Build\Agent\_work\1\s\bin\..\ulib\prims.fst(225,36-225,43))
.\Ex11a.fst(70,15-70,38): (Error) could not prove post-condition
.\Ex11a.fst(110,15-110,29): (Error) could not prove post-condition
Verified module: Ex11a (25445 milliseconds)
14 errors were reported (see above)
make[3]: *** [Makefile:42: verify_hh-Ex11a.fst] Error 1
make[3]: Target 'all' not remade because of errors.
make[2]: *** [Makefile:34: ../doc/tutorial/code/exercises.all] Error 2
C:\Build\Agent\_work\1\s\examples\dm4free\FStar.DM4F.Heap.ST.fst(44,44-44,51) : (Error) (tuple2 (?68750 a init h0 r h1) (?68751 a init h0 r h1)) is not a subtype of the expected type (mm:bool -> GTot (tuple2 (ref a) heap))
Unexpected error
FStar_Errors.Error(_)
Raised at file "src/ocaml-output/bootlibs/MkPrims.ml", line 89, characters 22-23
Called from file "src/ocaml-output/FStar_TypeChecker_Rel.ml", line 6171, characters 27-55
Called from file "src/ocaml-output/FStar_TypeChecker_TcTerm.ml", line 2818, characters 27-123
Called from file "src/ocaml-output/FStar_TypeChecker_TcTerm.ml", line 3420, characters 47-61
Called from file "src/ocaml-output/FStar_TypeChecker_TcTerm.ml", line 1468, characters 22-108
Called from file "src/ocaml-output/FStar_TypeChecker_TcTerm.ml", line 5629, characters 23-51
Called from file "src/ocaml-output/FStar_TypeChecker_TcTerm.ml", line 2249, characters 12-69
Called from file "src/ocaml-output/FStar_TypeChecker_TcTerm.ml", line 2495, characters 45-62
Called from file "src/ocaml-output/FStar_TypeChecker_TcTerm.ml", line 2760, characters 33-70
Called from file "src/ocaml-output/FStar_TypeChecker_TcTerm.ml", line 5359, characters 21-1023
Called from file "src/ocaml-output/FStar_TypeChecker_TcTerm.ml", line 4547, characters 27-59
Called from file "src/ocaml-output/FStar_TypeChecker_Tc.ml", line 3608, characters 20-1023
Called from file "src/ocaml-output/FStar_TypeChecker_Tc.ml", line 3972, characters 31-46
Called from file "src/basic/ml/FStar_Util.ml", line 554, characters 30-37
Called from file "src/ocaml-output/FStar_TypeChecker_Tc.ml", line 4018, characters 8-70
Called from file "src/ocaml-output/FStar_TypeChecker_Tc.ml", line 4106, characters 25-77
Called from file "src/ocaml-output/FStar_TypeChecker_Tc.ml", line 4373, characters 23-49
Called from file "src/basic/ml/FStar_Util.ml", line 44, characters 14-18
Called from file "src/ocaml-output/FStar_Universal.ml", line 219, characters 34-233
Called from file "list.ml", line 84, characters 24-34
Called from file "src/ocaml-output/bootlibs/FStar_All.ml", line 3, characters 21-24
Called from file "src/ocaml-output/FStar_Universal.ml", line 334, characters 18-66
Called from file "src/ocaml-output/FStar_Universal.ml", line 353, characters 31-72
Called from file "src/ocaml-output/FStar_Universal.ml", line 369, characters 24-71
Called from file "src/ocaml-output/FStar_Universal.ml", line 409, characters 26-68
Called from file "src/ocaml-output/FStar_Main.ml", line 198, characters 27-67
Called from file "src/ocaml-output/FStar_Main.ml", line 220, characters 6-11

make[3]: *** [../Makefile.include:15: ProgramEquivalence.uver] Error 1
.\Ex01a.fst(58,0-58,48): (Warning) Top-level let-bindings must be total; this term may have effects
make[3]: [Makefile:66: Ex01a-ocaml] Error 2 (ignored)
C:\Build\Agent\_work\1\s\examples\dm4free\FStar.DM4F.Heap.ST.fst(44,44-44,51) : (Error) (tuple2 (?68750 a init h0 r h1) (?68751 a init h0 r h1)) is not a subtype of the expected type (mm:bool -> GTot (tuple2 (ref a) heap))
Unexpected error
FStar_Errors.Error(_)
Raised at file "src/ocaml-output/bootlibs/MkPrims.ml", line 89, characters 22-23
Called from file "src/ocaml-output/FStar_TypeChecker_Rel.ml", line 6171, characters 27-55
Called from file "src/ocaml-output/FStar_TypeChecker_TcTerm.ml", line 2818, characters 27-123
Called from file "src/ocaml-output/FStar_TypeChecker_TcTerm.ml", line 3420, characters 47-61
Called from file "src/ocaml-output/FStar_TypeChecker_TcTerm.ml", line 1468, characters 22-108
Called from file "src/ocaml-output/FStar_TypeChecker_TcTerm.ml", line 5629, characters 23-51
Called from file "src/ocaml-output/FStar_TypeChecker_TcTerm.ml", line 2249, characters 12-69
Called from file "src/ocaml-output/FStar_TypeChecker_TcTerm.ml", line 2495, characters 45-62
Called from file "src/ocaml-output/FStar_TypeChecker_TcTerm.ml", line 2760, characters 33-70
Called from file "src/ocaml-output/FStar_TypeChecker_TcTerm.ml", line 5359, characters 21-1023
Called from file "src/ocaml-output/FStar_TypeChecker_TcTerm.ml", line 4547, characters 27-59
Called from file "src/ocaml-output/FStar_TypeChecker_Tc.ml", line 3608, characters 20-1023
Called from file "src/ocaml-output/FStar_TypeChecker_Tc.ml", line 3972, characters 31-46
Called from file "src/basic/ml/FStar_Util.ml", line 554, characters 30-37
Called from file "src/ocaml-output/FStar_TypeChecker_Tc.ml", line 4018, characters 8-70
Called from file "src/ocaml-output/FStar_TypeChecker_Tc.ml", line 4106, characters 25-77
Called from file "src/ocaml-output/FStar_TypeChecker_Tc.ml", line 4373, characters 23-49
Called from file "src/basic/ml/FStar_Util.ml", line 44, characters 14-18
Called from file "src/ocaml-output/FStar_Universal.ml", line 219, characters 34-233
Called from file "list.ml", line 84, characters 24-34
Called from file "src/ocaml-output/bootlibs/FStar_All.ml", line 3, characters 21-24
Called from file "src/ocaml-output/FStar_Universal.ml", line 334, characters 18-66
Called from file "src/ocaml-output/FStar_Universal.ml", line 353, characters 31-72
Called from file "src/ocaml-output/FStar_Universal.ml", line 369, characters 24-71
Called from file "src/ocaml-output/FStar_Universal.ml", line 409, characters 26-68
Called from file "src/ocaml-output/FStar_Main.ml", line 198, characters 27-67
Called from file "src/ocaml-output/FStar_Main.ml", line 220, characters 6-11

make[3]: *** [../Makefile.include:15: Swap.uver] Error 1
C:\Build\Agent\_work\1\s\examples\dm4free\FStar.DM4F.Heap.ST.fst(44,44-44,51) : (Error) (tuple2 (?68750 a init h0 r h1) (?68751 a init h0 r h1)) is not a subtype of the expected type (mm:bool -> GTot (tuple2 (ref a) heap))
Unexpected error
FStar_Errors.Error(_)
Raised at file "src/ocaml-output/bootlibs/MkPrims.ml", line 89, characters 22-23
Called from file "src/ocaml-output/FStar_TypeChecker_Rel.ml", line 6171, characters 27-55
Called from file "src/ocaml-output/FStar_TypeChecker_TcTerm.ml", line 2818, characters 27-123
Called from file "src/ocaml-output/FStar_TypeChecker_TcTerm.ml", line 3420, characters 47-61
Called from file "src/ocaml-output/FStar_TypeChecker_TcTerm.ml", line 1468, characters 22-108
Called from file "src/ocaml-output/FStar_TypeChecker_TcTerm.ml", line 5629, characters 23-51
Called from file "src/ocaml-output/FStar_TypeChecker_TcTerm.ml", line 2249, characters 12-69
Called from file "src/ocaml-output/FStar_TypeChecker_TcTerm.ml", line 2495, characters 45-62
Called from file "src/ocaml-output/FStar_TypeChecker_TcTerm.ml", line 2760, characters 33-70
Called from file "src/ocaml-output/FStar_TypeChecker_TcTerm.ml", line 5359, characters 21-1023
Called from file "src/ocaml-output/FStar_TypeChecker_TcTerm.ml", line 4547, characters 27-59
Called from file "src/ocaml-output/FStar_TypeChecker_Tc.ml", line 3608, characters 20-1023
Called from file "src/ocaml-output/FStar_TypeChecker_Tc.ml", line 3972, characters 31-46
Called from file "src/basic/ml/FStar_Util.ml", line 554, characters 30-37
Called from file "src/ocaml-output/FStar_TypeChecker_Tc.ml", line 4018, characters 8-70
Called from file "src/ocaml-output/FStar_TypeChecker_Tc.ml", line 4106, characters 25-77
Called from file "src/ocaml-output/FStar_TypeChecker_Tc.ml", line 4373, characters 23-49
Called from file "src/basic/ml/FStar_Util.ml", line 44, characters 14-18
Called from file "src/ocaml-output/FStar_Universal.ml", line 219, characters 34-233
Called from file "list.ml", line 84, characters 24-34
Called from file "src/ocaml-output/bootlibs/FStar_All.ml", line 3, characters 21-24
Called from file "src/ocaml-output/FStar_Universal.ml", line 334, characters 18-66
Called from file "src/ocaml-output/FStar_Universal.ml", line 353, characters 31-72
Called from file "src/ocaml-output/FStar_Universal.ml", line 369, characters 24-71
Called from file "src/ocaml-output/FStar_Universal.ml", line 409, characters 26-68
Called from file "src/ocaml-output/FStar_Main.ml", line 198, characters 27-67
Called from file "src/ocaml-output/FStar_Main.ml", line 220, characters 6-11

make[3]: *** [../Makefile.include:15: UnionFind.Forest.uver] Error 1
C:\Build\Agent\_work\1\s\examples\dm4free\FStar.DM4F.Heap.ST.fst(44,44-44,51) : (Error) (tuple2 (?68750 a init h0 r h1) (?68751 a init h0 r h1)) is not a subtype of the expected type (mm:bool -> GTot (tuple2 (ref a) heap))
Unexpected error
FStar_Errors.Error(_)
Raised at file "src/ocaml-output/bootlibs/MkPrims.ml", line 89, characters 22-23
Called from file "src/ocaml-output/FStar_TypeChecker_Rel.ml", line 6171, characters 27-55
Called from file "src/ocaml-output/FStar_TypeChecker_TcTerm.ml", line 2818, characters 27-123
Called from file "src/ocaml-output/FStar_TypeChecker_TcTerm.ml", line 3420, characters 47-61
Called from file "src/ocaml-output/FStar_TypeChecker_TcTerm.ml", line 1468, characters 22-108
Called from file "src/ocaml-output/FStar_TypeChecker_TcTerm.ml", line 5629, characters 23-51
Called from file "src/ocaml-output/FStar_TypeChecker_TcTerm.ml", line 2249, characters 12-69
Called from file "src/ocaml-output/FStar_TypeChecker_TcTerm.ml", line 2495, characters 45-62
Called from file "src/ocaml-output/FStar_TypeChecker_TcTerm.ml", line 2760, characters 33-70
Called from file "src/ocaml-output/FStar_TypeChecker_TcTerm.ml", line 5359, characters 21-1023
Called from file "src/ocaml-output/FStar_TypeChecker_TcTerm.ml", line 4547, characters 27-59
Called from file "src/ocaml-output/FStar_TypeChecker_Tc.ml", line 3608, characters 20-1023
Called from file "src/ocaml-output/FStar_TypeChecker_Tc.ml", line 3972, characters 31-46
Called from file "src/basic/ml/FStar_Util.ml", line 554, characters 30-37
Called from file "src/ocaml-output/FStar_TypeChecker_Tc.ml", line 4018, characters 8-70
Called from file "src/ocaml-output/FStar_TypeChecker_Tc.ml", line 4106, characters 25-77
Called from file "src/ocaml-output/FStar_TypeChecker_Tc.ml", line 4373, characters 23-49
Called from file "src/basic/ml/FStar_Util.ml", line 44, characters 14-18
Called from file "src/ocaml-output/FStar_Universal.ml", line 219, characters 34-233
Called from file "list.ml", line 84, characters 24-34
Called from file "src/ocaml-output/bootlibs/FStar_All.ml", line 3, characters 21-24
Called from file "src/ocaml-output/FStar_Universal.ml", line 334, characters 18-66
Called from file "src/ocaml-output/FStar_Universal.ml", line 353, characters 31-72
Called from file "src/ocaml-output/FStar_Universal.ml", line 369, characters 24-71
Called from file "src/ocaml-output/FStar_Universal.ml", line 409, characters 26-68
Called from file "src/ocaml-output/FStar_Main.ml", line 198, characters 27-67
Called from file "src/ocaml-output/FStar_Main.ml", line 220, characters 6-11

make[3]: *** [../Makefile.include:15: UnionFind.uver] Error 1
C:\Build\Agent\_work\1\s\examples\dm4free\FStar.DM4F.Heap.ST.fst(44,44-44,51) : (Error) (tuple2 (?68750 a init h0 r h1) (?68751 a init h0 r h1)) is not a subtype of the expected type (mm:bool -> GTot (tuple2 (ref a) heap))
Unexpected error
FStar_Errors.Error(_)
Raised at file "src/ocaml-output/bootlibs/MkPrims.ml", line 89, characters 22-23
Called from file "src/ocaml-output/FStar_TypeChecker_Rel.ml", line 6171, characters 27-55
Called from file "src/ocaml-output/FStar_TypeChecker_TcTerm.ml", line 2818, characters 27-123
Called from file "src/ocaml-output/FStar_TypeChecker_TcTerm.ml", line 3420, characters 47-61
Called from file "src/ocaml-output/FStar_TypeChecker_TcTerm.ml", line 1468, characters 22-108
Called from file "src/ocaml-output/FStar_TypeChecker_TcTerm.ml", line 5629, characters 23-51
Called from file "src/ocaml-output/FStar_TypeChecker_TcTerm.ml", line 2249, characters 12-69
Called from file "src/ocaml-output/FStar_TypeChecker_TcTerm.ml", line 2495, characters 45-62
Called from file "src/ocaml-output/FStar_TypeChecker_TcTerm.ml", line 2760, characters 33-70
Called from file "src/ocaml-output/FStar_TypeChecker_TcTerm.ml", line 5359, characters 21-1023
Called from file "src/ocaml-output/FStar_TypeChecker_TcTerm.ml", line 4547, characters 27-59
Called from file "src/ocaml-output/FStar_TypeChecker_Tc.ml", line 3608, characters 20-1023
Called from file "src/ocaml-output/FStar_TypeChecker_Tc.ml", line 3972, characters 31-46
Called from file "src/basic/ml/FStar_Util.ml", line 554, characters 30-37
Called from file "src/ocaml-output/FStar_TypeChecker_Tc.ml", line 4018, characters 8-70
Called from file "src/ocaml-output/FStar_TypeChecker_Tc.ml", line 4106, characters 25-77
Called from file "src/ocaml-output/FStar_TypeChecker_Tc.ml", line 4373, characters 23-49
Called from file "src/basic/ml/FStar_Util.ml", line 44, characters 14-18
Called from file "src/ocaml-output/FStar_Universal.ml", line 219, characters 34-233
Called from file "list.ml", line 84, characters 24-34
Called from file "src/ocaml-output/bootlibs/FStar_All.ml", line 3, characters 21-24
Called from file "src/ocaml-output/FStar_Universal.ml", line 334, characters 18-66
Called from file "src/ocaml-output/FStar_Universal.ml", line 353, characters 31-72
Called from file "src/ocaml-output/FStar_Universal.ml", line 369, characters 24-71
Called from file "src/ocaml-output/FStar_Universal.ml", line 409, characters 26-68
Called from file "src/ocaml-output/FStar_Main.ml", line 198, characters 27-67
Called from file "src/ocaml-output/FStar_Main.ml", line 220, characters 6-11

make[3]: *** [../Makefile.include:15: UnionFind.Functions.uver] Error 1
.\Ex11a.fst(23,0-28,18): (Error) Failed to verify implicit argument: Subtyping check failed; expected type (a#6807:Type u#(0){(Prims.hasEq<0> a@0)}); got type Type u#(0) (see C:\Build\Agent\_work\1\s\bin\..\ulib\prims.fst(225,36-225,43))
.\Ex11a.fst(25,15-25,25): (Error) Failed to prove that the type 'Ex11a.point' supports decidable equality because of this argument; add either the 'noeq' or 'unopteq' qualifier (see .\Ex11a.fst(23,0-28,18))
.\Ex11a.fst(27,26-27,30): (Error) Subtyping check failed; expected type (a#6807:Type u#(0){(Prims.hasEq<0> a@0)}); got type Type u#(0) (see C:\Build\Agent\_work\1\s\bin\..\ulib\prims.fst(225,36-225,43))
.\Ex11a.fst(27,26-27,30): (Error) Failed to verify implicit argument: Subtyping check failed; expected type (a#6807:Type u#(0){(Prims.hasEq<0> a@0)}); got type Type u#(0) (see C:\Build\Agent\_work\1\s\bin\..\ulib\prims.fst(225,36-225,43))
.\Ex11a.fst(27,34-27,38): (Error) Subtyping check failed; expected type (a#6807:Type u#(0){(Prims.hasEq<0> a@0)}); got type Type u#(0) (see C:\Build\Agent\_work\1\s\bin\..\ulib\prims.fst(225,36-225,43))
.\Ex11a.fst(27,34-27,38): (Error) Failed to verify implicit argument: Subtyping check failed; expected type (a#6807:Type u#(0){(Prims.hasEq<0> a@0)}); got type Type u#(0) (see C:\Build\Agent\_work\1\s\bin\..\ulib\prims.fst(225,36-225,43))
.\Ex11a.fst(27,42-27,46): (Error) Failed to verify implicit argument: Subtyping check failed; expected type (a#6807:Type u#(0){(Prims.hasEq<0> a@0)}); got type Type u#(0) (see C:\Build\Agent\_work\1\s\bin\..\ulib\prims.fst(225,36-225,43))
.\Ex11a.fst(30,0-34,13): (Error) Failed to verify implicit argument: Subtyping check failed; expected type (a#6807:Type u#(0){(Prims.hasEq<0> a@0)}); got type Type u#(0) (see C:\Build\Agent\_work\1\s\bin\..\ulib\prims.fst(225,36-225,43))
.\Ex11a.fst(33,10-33,40): (Error) Failed to prove that the type 'Ex11a.arm' supports decidable equality because of this argument; add either the 'noeq' or 'unopteq' qualifier (see .\Ex11a.fst(30,0-34,13))
.\Ex11a.fst(33,26-33,39): (Error) Subtyping check failed; expected type (a#6807:Type u#(0){(Prims.hasEq<0> a@0)}); got type Type u#(0) (see C:\Build\Agent\_work\1\s\bin\..\ulib\prims.fst(225,36-225,43))
.\Ex11a.fst(33,26-33,39): (Error) Subtyping check failed; expected type (a#6807:Type u#(0){(Prims.hasEq<0> a@0)}); got type Type u#(0) (see C:\Build\Agent\_work\1\s\bin\..\ulib\prims.fst(225,36-225,43))
.\Ex11a.fst(33,26-33,39): (Error) Failed to verify implicit argument: Subtyping check failed; expected type (a#6807:Type u#(0){(Prims.hasEq<0> a@0)}); got type Type u#(0) (see C:\Build\Agent\_work\1\s\bin\..\ulib\prims.fst(225,36-225,43))
.\Ex11a.fst(71,15-71,38): (Error) could not prove post-condition
.\Ex11a.fst(111,15-111,29): (Error) could not prove post-condition
Verified module: Ex11a (26521 milliseconds)
14 errors were reported (see above)
make[3]: *** [Makefile:45: verify_hh-Ex11a.fst] Error 1
make[3]: Target 'all' not remade because of errors.
make[2]: *** [Makefile:34: ../doc/tutorial/code/solutions.all] Error 2
.\WhileReify.fst(39,42-39,48): (Error) Failed to prove that the type 'WhileReify.com' supports decidable equality because of this argument; add either the 'noeq' or 'unopteq' qualifier (see .\WhileReify.fst(34,0-39,55))
Verified module: WhileReify (5907 milliseconds)
1 error was reported (see above)
make[3]: *** [../Makefile.include:15: WhileReify.uver] Error 1
make[2]: Target 'all' not remade because of errors.
make[1]: *** [Makefile:274: ulib] Error 2
.\IfcRulesReify.fst(398,0-440,65): (Error) Unknown assertion failed
Verified module: IfcRulesReify (747340 milliseconds)
1 error was reported (see above)
make[3]: *** [../Makefile.include:15: IfcRulesReify.uver] Error 1
make[3]: Target 'all' not remade because of errors.
make[2]: *** [Makefile:34: rel.all] Error 2
make[2]: Target 'all' not remade because of errors.
make[1]: *** [Makefile:277: uexamples] Error 2
make[1]: Target 'uregressions' not remade because of errors.
make: *** [Makefile:258: utest] Error 2
