Warning: you are using the standard library and/or the %inline keyword. We
recommend switching on --infer in order to avoid obscure type error messages.
warning: CRLF will be replaced by LF in src/parser/parse.fsi.
The file will have its original line endings in your working directory.
File "src/basic/ml/FStar_Util.ml", line 49, characters 57-65:
Warning 40: st_mtime was selected from type BatUnix.stats.
It is not visible in the current scope, and will not 
be selected if the type becomes unknown.
File "src/basic/ml/FStar_Util.ml", line 49, characters 57-65:
Warning 40: st_mtime was selected from type BatUnix.stats.
It is not visible in the current scope, and will not 
be selected if the type becomes unknown.
.\u_boot_fsts\FStar.Syntax.Syntax.fst(432,0-432,48): (Warning) Annotation from val declaration overrides inline type annotation
.\u_boot_fsts\FStar.Syntax.Syntax.fst(433,0-433,76): (Warning) Annotation from val declaration overrides inline type annotation
.\u_boot_fsts\FStar.Syntax.Syntax.fst(483,0-485,38): (Warning) Annotation from val declaration overrides inline type annotation
.\u_boot_fsts\FStar.TypeChecker.Env.fst(299,0-303,35): (Warning) Annotation from val declaration overrides inline type annotation
.\u_boot_fsts\FStar.TypeChecker.Env.fst(733,0-735,39): (Warning) Annotation from val declaration overrides inline type annotation
.\u_boot_fsts\FStar.TypeChecker.Util.fst(70,0-72,32): (Warning) Annotation from val declaration overrides inline type annotation
warning: CRLF will be replaced by LF in src/parser/ml/parse.mly.
The file will have its original line endings in your working directory.
warning: CRLF will be replaced by LF in src/parser/parse.fsi.
The file will have its original line endings in your working directory.
warning: CRLF will be replaced by LF in src/parser/parse.fsy.
The file will have its original line endings in your working directory.
File "extracted/FStar_Pervasives.ml", line 22, characters 35-66:
Warning 8: this pattern-matching is not exhaustive.
Here is an example of a value that is not matched:
(E _|Err _)
File "extracted/FStar_Pervasives.ml", line 25, characters 35-66:
Warning 8: this pattern-matching is not exhaustive.
Here is an example of a value that is not matched:
(V _|Err _)
File "extracted/FStar_Pervasives.ml", line 28, characters 39-76:
Warning 8: this pattern-matching is not exhaustive.
Here is an example of a value that is not matched:
(V _|E _)
File "extracted/FStar_Pervasives.ml", line 64, characters 38-72:
Warning 8: this pattern-matching is not exhaustive.
Here is an example of a value that is not matched:
None
File "extracted/FStar_Pervasives.ml", line 71, characters 37-70:
Warning 8: this pattern-matching is not exhaustive.
Here is an example of a value that is not matched:
Inr _
File "extracted/FStar_Pervasives.ml", line 74, characters 37-70:
Warning 8: this pattern-matching is not exhaustive.
Here is an example of a value that is not matched:
Inl _
.\hello.fst(5,0-5,37): (Warning) Top-level let-bindings must be total; this term may have effects
.\Ex01a.fst(68,0-68,48): (Warning) Top-level let-bindings must be total; this term may have effects
.\Ex01a.fst(58,0-58,48): (Warning) Top-level let-bindings must be total; this term may have effects
.\Encrypt_SymEnc.fst(29,0-29,18): (Warning) Top-level let-bindings must be total; this term may have effects
WARNING: (6936,51): pattern does not contain all quantified variables.
WARNING: (6936,51): pattern does not contain all quantified variables.
.\MAC.fst(45,0-45,35): (Warning) Top-level let-bindings must be total; this term may have effects
.\Platform.Bytes.fst(15,32-18,29): (Warning) Pattern misses at least one bound variable: uu___#422167
.\Ex10a.fst(27,0-27,22): (Warning) Top-level let-bindings must be total; this term may have effects
Unexpected error
FStar_Errors.Error(_)
Raised at file "src/ocaml-output/FStar_Tactics_Interpreter.ml", line 606, characters 22-32
Called from file "src/ocaml-output/FStar_Tactics_Interpreter.ml", line 651, characters 19-59
Called from file "src/ocaml-output/FStar_Tactics_Interpreter.ml", line 777, characters 31-41
Called from file "src/ocaml-output/FStar_Tactics_Interpreter.ml", line 830, characters 24-62
Called from file "src/ocaml-output/FStar_TypeChecker_Rel.ml", line 7428, characters 31-139
Called from file "src/ocaml-output/FStar_TypeChecker_Rel.ml", line 7519, characters 24-56
Called from file "src/ocaml-output/FStar_TypeChecker_Rel.ml", line 7746, characters 28-50
Called from file "src/ocaml-output/FStar_TypeChecker_Util.ml", line 3631, characters 10-58
Called from file "src/ocaml-output/FStar_TypeChecker_TcTerm.ml", line 4723, characters 26-77
Called from file "src/ocaml-output/FStar_TypeChecker_Tc.ml", line 3725, characters 20-1023
Called from file "src/ocaml-output/FStar_TypeChecker_Tc.ml", line 4188, characters 31-46
Called from file "src/basic/ml/FStar_Util.ml", line 579, characters 30-37
Called from file "src/ocaml-output/FStar_TypeChecker_Tc.ml", line 4234, characters 8-70
Called from file "src/ocaml-output/FStar_TypeChecker_Tc.ml", line 4326, characters 25-77
Called from file "src/ocaml-output/FStar_TypeChecker_Tc.ml", line 4596, characters 23-49
Called from file "src/basic/ml/FStar_Util.ml", line 46, characters 14-18
Called from file "src/ocaml-output/FStar_Universal.ml", line 341, characters 34-233
Called from file "list.ml", line 84, characters 24-34
Called from file "ulib/ml/FStar_All.ml", line 3, characters 21-24
Called from file "src/ocaml-output/FStar_SMTEncoding_Solver.ml", line 132, characters 16-20
Called from file "src/ocaml-output/FStar_Universal.ml", line 411, characters 32-71
Called from file "src/ocaml-output/FStar_Universal.ml", line 430, characters 31-72
Called from file "src/ocaml-output/FStar_Universal.ml", line 446, characters 24-71
Called from file "src/ocaml-output/FStar_Universal.ml", line 486, characters 26-68
Called from file "src/ocaml-output/FStar_Main.ml", line 208, characters 27-67
Called from file "src/ocaml-output/FStar_Main.ml", line 230, characters 6-11

.\Apply.fst(20,11-20,27): (Error) user tactic failed: No more goals (1) (see also C:\Build\Agent2\_work\1\s\ulib\FStar.Tactics.Effect.fst(88,32-88,42))
1 error was reported (see above)
make[3]: *** [../Makefile.include:16: Apply.uver] Error 1
WARNING: (66345,46): pattern does not contain any variable.
WARNING: (66345,46): pattern does not contain any variable.
WARNING: (66345,46): pattern does not contain any variable.
WARNING: (66345,46): pattern does not contain any variable.
.\Ex12a.Cap.fst(21,0-21,26): (Warning) Top-level let-bindings must be total; this term may have effects
WARNING: (6887,46): pattern does not contain any variable.
WARNING: (7070,46): pattern does not contain any variable.
WARNING: (6786,46): pattern does not contain any variable.
.\Platform.Bytes.fst(257,22-260,30): (Warning) Pattern misses at least one bound variable: i#458727
Unexpected error
FStar_Errors.Error(_)
Raised at file "src/ocaml-output/FStar_Tactics_Interpreter.ml", line 606, characters 22-32
Called from file "src/ocaml-output/FStar_Tactics_Interpreter.ml", line 651, characters 19-59
Called from file "src/ocaml-output/FStar_Tactics_Interpreter.ml", line 777, characters 31-41
Called from file "src/ocaml-output/FStar_Tactics_Interpreter.ml", line 830, characters 24-62
Called from file "src/ocaml-output/FStar_TypeChecker_Rel.ml", line 7428, characters 31-139
Called from file "src/ocaml-output/FStar_TypeChecker_Rel.ml", line 7519, characters 24-56
Called from file "src/ocaml-output/FStar_TypeChecker_Rel.ml", line 7746, characters 28-50
Called from file "src/ocaml-output/FStar_TypeChecker_Util.ml", line 3631, characters 10-58
Called from file "src/ocaml-output/FStar_TypeChecker_TcTerm.ml", line 4723, characters 26-77
Called from file "src/ocaml-output/FStar_TypeChecker_Tc.ml", line 3725, characters 20-1023
Called from file "src/ocaml-output/FStar_TypeChecker_Tc.ml", line 4188, characters 31-46
Called from file "src/basic/ml/FStar_Util.ml", line 579, characters 30-37
Called from file "src/ocaml-output/FStar_TypeChecker_Tc.ml", line 4234, characters 8-70
Called from file "src/ocaml-output/FStar_TypeChecker_Tc.ml", line 4326, characters 25-77
Called from file "src/ocaml-output/FStar_TypeChecker_Tc.ml", line 4596, characters 23-49
Called from file "src/basic/ml/FStar_Util.ml", line 46, characters 14-18
Called from file "src/ocaml-output/FStar_Universal.ml", line 341, characters 34-233
Called from file "list.ml", line 84, characters 24-34
Called from file "ulib/ml/FStar_All.ml", line 3, characters 21-24
Called from file "src/ocaml-output/FStar_SMTEncoding_Solver.ml", line 132, characters 16-20
Called from file "src/ocaml-output/FStar_Universal.ml", line 411, characters 32-71
Called from file "src/ocaml-output/FStar_Universal.ml", line 430, characters 31-72
Called from file "src/ocaml-output/FStar_Universal.ml", line 446, characters 24-71
Called from file "src/ocaml-output/FStar_Universal.ml", line 486, characters 26-68
Called from file "src/ocaml-output/FStar_Main.ml", line 208, characters 27-67
Called from file "src/ocaml-output/FStar_Main.ml", line 230, characters 6-11

.\Canon.fst(18,11-18,27): (Error) user tactic failed: No more goals (1) (see also C:\Build\Agent2\_work\1\s\ulib\FStar.Tactics.Effect.fst(88,32-88,42))
1 error was reported (see above)
make[3]: *** [../Makefile.include:16: Canon.uver] Error 1
WARNING: (66345,46): pattern does not contain any variable.
.\Platform.Bytes.fst(261,8-261,24): (Warning) Pattern misses at least one bound variable: i#460618 (see also .\Platform.Bytes.fst(257,156-260,30))
WARNING: (7092,46): pattern does not contain any variable.
.\RPC.fst(9,0-9,53): (Warning) Top-level let-bindings must be total; this term may have effects
.\RPC.fst(23,0-23,39): (Warning) Top-level let-bindings must be total; this term may have effects
.\RPC.fst(48,0-49,16): (Warning) Top-level let-bindings must be total; this term may have effects
WARNING: (66345,46): pattern does not contain any variable.
WARNING: (70702,43): pattern does not contain all quantified variables.
.\RPC.fst(116,0-116,17): (Warning) Top-level let-bindings must be total; this term may have effects
WARNING: (66345,46): pattern does not contain any variable.
WARNING: (70702,43): pattern does not contain all quantified variables.
WARNING: (66345,46): pattern does not contain any variable.
WARNING: (70702,43): pattern does not contain all quantified variables.
WARNING: (66345,46): pattern does not contain any variable.
WARNING: (70702,43): pattern does not contain all quantified variables.
WARNING: (66345,46): pattern does not contain any variable.
WARNING: (70702,43): pattern does not contain all quantified variables.
WARNING: (66345,46): pattern does not contain any variable.
WARNING: (70702,43): pattern does not contain all quantified variables.
.\CntProtocol.fst(14,0-14,53): (Warning) Top-level let-bindings must be total; this term may have effects
.\CntProtocol.fst(29,0-29,26): (Warning) Top-level let-bindings must be total; this term may have effects
.\CntProtocol.fst(32,0-32,54): (Warning) Top-level let-bindings must be total; this term may have effects
.\CntProtocol.fst(35,0-35,54): (Warning) Top-level let-bindings must be total; this term may have effects
WARNING: (66345,46): pattern does not contain any variable.
WARNING: (70702,43): pattern does not contain all quantified variables.
.\CntProtocol.fst(99,0-99,39): (Warning) Top-level let-bindings must be total; this term may have effects
WARNING: (66345,46): pattern does not contain any variable.
WARNING: (70702,43): pattern does not contain all quantified variables.
.\CntProtocol.fst(126,0-126,18): (Warning) Top-level let-bindings must be total; this term may have effects
WARNING: (66345,46): pattern does not contain any variable.
WARNING: (70702,43): pattern does not contain all quantified variables.
.\CntProtocol.fst(172,0-188,5): (Warning) Top-level let-bindings must be total; this term may have effects
WARNING: (66345,46): pattern does not contain any variable.
WARNING: (70702,43): pattern does not contain all quantified variables.
WARNING: (66345,46): pattern does not contain any variable.
WARNING: (70702,43): pattern does not contain all quantified variables.
WARNING: (66345,46): pattern does not contain any variable.
WARNING: (70702,43): pattern does not contain all quantified variables.
WARNING: (66345,46): pattern does not contain any variable.
WARNING: (70702,43): pattern does not contain all quantified variables.
.\Platform.Bytes.fst(15,40-18,29): (Warning) Pattern misses at least one bound variable: uu___#496227
.\Platform.Bytes.fst(261,8-261,24): (Warning) Pattern misses at least one bound variable: i#504679 (see also .\Platform.Bytes.fst(257,156-260,30))
.\Ex10a.fst(27,0-27,22): (Warning) Top-level let-bindings must be total; this term may have effects
Unexpected error
FStar_Errors.Error(_)
Raised at file "src/ocaml-output/FStar_Tactics_Interpreter.ml", line 606, characters 22-32
Called from file "src/ocaml-output/FStar_Tactics_Interpreter.ml", line 651, characters 19-59
Called from file "src/ocaml-output/FStar_Tactics_Interpreter.ml", line 777, characters 31-41
Called from file "src/ocaml-output/FStar_Tactics_Interpreter.ml", line 717, characters 51-69
Called from file "src/ocaml-output/FStar_Tactics_Interpreter.ml", line 712, characters 23-601
Called from file "src/ocaml-output/FStar_Tactics_Interpreter.ml", line 700, characters 23-50
Called from file "src/ocaml-output/FStar_Tactics_Interpreter.ml", line 755, characters 43-66
Called from file "src/ocaml-output/FStar_Tactics_Interpreter.ml", line 717, characters 51-69
Called from file "src/batList.mlv", line 502, characters 12-26
Called from file "src/ocaml-output/FStar_Tactics_Interpreter.ml", line 712, characters 23-601
Called from file "src/ocaml-output/FStar_Tactics_Interpreter.ml", line 700, characters 23-50
Called from file "src/ocaml-output/FStar_Tactics_Interpreter.ml", line 755, characters 43-66
Called from file "src/ocaml-output/FStar_Tactics_Interpreter.ml", line 717, characters 51-69
Called from file "src/batList.mlv", line 502, characters 12-26
Called from file "src/ocaml-output/FStar_Tactics_Interpreter.ml", line 712, characters 23-601
Called from file "src/ocaml-output/FStar_Tactics_Interpreter.ml", line 700, characters 23-50
Called from file "src/ocaml-output/FStar_Tactics_Interpreter.ml", line 755, characters 43-66
Called from file "src/ocaml-output/FStar_Tactics_Interpreter.ml", line 717, characters 51-69
Called from file "src/batList.mlv", line 502, characters 12-26
Called from file "src/ocaml-output/FStar_Tactics_Interpreter.ml", line 712, characters 23-601
Called from file "src/ocaml-output/FStar_Tactics_Interpreter.ml", line 717, characters 51-69
Called from file "src/batList.mlv", line 502, characters 12-26
Called from file "src/ocaml-output/FStar_Tactics_Interpreter.ml", line 712, characters 23-601
Called from file "src/ocaml-output/FStar_Tactics_Interpreter.ml", line 700, characters 23-50
Called from file "src/ocaml-output/FStar_Tactics_Interpreter.ml", line 755, characters 43-66
Called from file "src/ocaml-output/FStar_Tactics_Interpreter.ml", line 717, characters 51-69
Called from file "src/batList.mlv", line 502, characters 12-26
Called from file "src/ocaml-output/FStar_Tactics_Interpreter.ml", line 712, characters 23-601
Called from file "src/ocaml-output/FStar_Tactics_Interpreter.ml", line 680, characters 33-52
Called from file "src/ocaml-output/FStar_Tactics_Interpreter.ml", line 717, characters 51-69
Called from file "src/ocaml-output/FStar_Tactics_Interpreter.ml", line 712, characters 23-601
Called from file "src/ocaml-output/FStar_Tactics_Interpreter.ml", line 830, characters 24-62
Called from file "src/ocaml-output/FStar_TypeChecker_Rel.ml", line 7428, characters 31-139
Called from file "src/ocaml-output/FStar_TypeChecker_Rel.ml", line 7519, characters 24-56
Called from file "src/ocaml-output/FStar_TypeChecker_TcTerm.ml", line 3086, characters 35-128
Called from file "src/ocaml-output/FStar_TypeChecker_TcTerm.ml", line 5589, characters 21-1023
Called from file "src/ocaml-output/FStar_TypeChecker_TcTerm.ml", line 4683, characters 27-59
Called from file "src/ocaml-output/FStar_TypeChecker_Tc.ml", line 3725, characters 20-1023
Called from file "src/ocaml-output/FStar_TypeChecker_Tc.ml", line 4188, characters 31-46
Called from file "src/basic/ml/FStar_Util.ml", line 579, characters 30-37
Called from file "src/ocaml-output/FStar_TypeChecker_Tc.ml", line 4234, characters 8-70
Called from file "src/ocaml-output/FStar_TypeChecker_Tc.ml", line 4326, characters 25-77
Called from file "src/ocaml-output/FStar_TypeChecker_Tc.ml", line 4596, characters 23-49
Called from file "src/basic/ml/FStar_Util.ml", line 46, characters 14-18
Called from file "src/ocaml-output/FStar_Universal.ml", line 341, characters 34-233
Called from file "list.ml", line 84, characters 24-34
Called from file "ulib/ml/FStar_All.ml", line 3, characters 21-24
Called from file "src/ocaml-output/FStar_SMTEncoding_Solver.ml", line 132, characters 16-20
Called from file "src/ocaml-output/FStar_Universal.ml", line 411, characters 32-71
Called from file "src/ocaml-output/FStar_Universal.ml", line 430, characters 31-72
Called from file "src/ocaml-output/FStar_Universal.ml", line 446, characters 24-71
Called from file "src/ocaml-output/FStar_Universal.ml", line 486, characters 26-68
Called from file "src/ocaml-output/FStar_Main.ml", line 208, characters 27-67
Called from file "src/ocaml-output/FStar_Main.ml", line 230, characters 6-11

.\Cases.fst(16,4-16,20): (Error) user tactic failed: No more goals (1) (see also C:\Build\Agent2\_work\1\s\ulib\FStar.Tactics.Effect.fst(88,32-88,42))
1 error was reported (see above)
make[3]: *** [../Makefile.include:16: Cases.uver] Error 1
.\Ex12a.Cap.fst(19,0-19,26): (Warning) Top-level let-bindings must be total; this term may have effects
.\Ex12b.RPC.fst(8,0-8,53): (Warning) Top-level let-bindings must be total; this term may have effects
.\Ex12b.RPC.fst(21,0-21,39): (Warning) Top-level let-bindings must be total; this term may have effects
.\Ex12b.RPC.fst(53,0-54,16): (Warning) Top-level let-bindings must be total; this term may have effects
.\Ex12b.RPC.fst(123,0-123,17): (Warning) Top-level let-bindings must be total; this term may have effects
Unexpected error
FStar_Errors.Error(_)
Raised at file "src/ocaml-output/FStar_Tactics_Interpreter.ml", line 606, characters 22-32
Called from file "src/ocaml-output/FStar_Tactics_Interpreter.ml", line 651, characters 19-59
Called from file "src/ocaml-output/FStar_Tactics_Interpreter.ml", line 777, characters 31-41
Called from file "src/ocaml-output/FStar_Tactics_Interpreter.ml", line 680, characters 33-52
Called from file "src/ocaml-output/FStar_Tactics_Interpreter.ml", line 830, characters 24-62
Called from file "src/ocaml-output/FStar_TypeChecker_Rel.ml", line 7428, characters 31-139
Called from file "src/ocaml-output/FStar_TypeChecker_Rel.ml", line 7519, characters 24-56
Called from file "src/ocaml-output/FStar_TypeChecker_TcTerm.ml", line 3086, characters 35-128
Called from file "src/ocaml-output/FStar_TypeChecker_TcTerm.ml", line 5589, characters 21-1023
Called from file "src/ocaml-output/FStar_TypeChecker_TcTerm.ml", line 4683, characters 27-59
Called from file "src/ocaml-output/FStar_TypeChecker_Tc.ml", line 3725, characters 20-1023
Called from file "src/ocaml-output/FStar_TypeChecker_Tc.ml", line 4188, characters 31-46
Called from file "src/basic/ml/FStar_Util.ml", line 579, characters 30-37
Called from file "src/ocaml-output/FStar_TypeChecker_Tc.ml", line 4234, characters 8-70
Called from file "src/ocaml-output/FStar_TypeChecker_Tc.ml", line 4326, characters 25-77
Called from file "src/ocaml-output/FStar_TypeChecker_Tc.ml", line 4596, characters 23-49
Called from file "src/basic/ml/FStar_Util.ml", line 46, characters 14-18
Called from file "src/ocaml-output/FStar_Universal.ml", line 341, characters 34-233
Called from file "list.ml", line 84, characters 24-34
Called from file "ulib/ml/FStar_All.ml", line 3, characters 21-24
Called from file "src/ocaml-output/FStar_SMTEncoding_Solver.ml", line 132, characters 16-20
Called from file "src/ocaml-output/FStar_Universal.ml", line 411, characters 32-71
Called from file "src/ocaml-output/FStar_Universal.ml", line 430, characters 31-72
Called from file "src/ocaml-output/FStar_Universal.ml", line 446, characters 24-71
Called from file "src/ocaml-output/FStar_Universal.ml", line 486, characters 26-68
Called from file "src/ocaml-output/FStar_Main.ml", line 208, characters 27-67
Called from file "src/ocaml-output/FStar_Main.ml", line 230, characters 6-11

.\GRewrite.fst(7,4-7,20): (Error) user tactic failed: No more goals (1) (see also C:\Build\Agent2\_work\1\s\ulib\FStar.Tactics.Effect.fst(88,32-88,42))
1 error was reported (see above)
make[3]: *** [../Makefile.include:16: GRewrite.uver] Error 1
Unexpected error
FStar_Errors.Error(_)
Raised at file "src/ocaml-output/FStar_Tactics_Interpreter.ml", line 606, characters 22-32
Called from file "src/ocaml-output/FStar_Tactics_Interpreter.ml", line 651, characters 19-59
Called from file "src/ocaml-output/FStar_Tactics_Interpreter.ml", line 777, characters 31-41
Called from file "src/ocaml-output/FStar_Tactics_Interpreter.ml", line 680, characters 33-52
Called from file "src/ocaml-output/FStar_Tactics_Interpreter.ml", line 830, characters 24-62
Called from file "src/ocaml-output/FStar_TypeChecker_Rel.ml", line 7428, characters 31-139
Called from file "src/ocaml-output/FStar_TypeChecker_Rel.ml", line 7519, characters 24-56
Called from file "src/ocaml-output/FStar_TypeChecker_TcTerm.ml", line 3086, characters 35-128
Called from file "src/ocaml-output/FStar_TypeChecker_TcTerm.ml", line 5589, characters 21-1023
Called from file "src/ocaml-output/FStar_TypeChecker_TcTerm.ml", line 4683, characters 27-59
Called from file "src/ocaml-output/FStar_TypeChecker_Tc.ml", line 3725, characters 20-1023
Called from file "src/ocaml-output/FStar_TypeChecker_Tc.ml", line 4188, characters 31-46
Called from file "src/basic/ml/FStar_Util.ml", line 579, characters 30-37
Called from file "src/ocaml-output/FStar_TypeChecker_Tc.ml", line 4234, characters 8-70
Called from file "src/ocaml-output/FStar_TypeChecker_Tc.ml", line 4326, characters 25-77
Called from file "src/ocaml-output/FStar_TypeChecker_Tc.ml", line 4596, characters 23-49
Called from file "src/basic/ml/FStar_Util.ml", line 46, characters 14-18
Called from file "src/ocaml-output/FStar_Universal.ml", line 341, characters 34-233
Called from file "list.ml", line 84, characters 24-34
Called from file "ulib/ml/FStar_All.ml", line 3, characters 21-24
Called from file "src/ocaml-output/FStar_SMTEncoding_Solver.ml", line 132, characters 16-20
Called from file "src/ocaml-output/FStar_Universal.ml", line 411, characters 32-71
Called from file "src/ocaml-output/FStar_Universal.ml", line 430, characters 31-72
Called from file "src/ocaml-output/FStar_Universal.ml", line 446, characters 24-71
Called from file "src/ocaml-output/FStar_Universal.ml", line 486, characters 26-68
Called from file "src/ocaml-output/FStar_Main.ml", line 208, characters 27-67
Called from file "src/ocaml-output/FStar_Main.ml", line 230, characters 6-11

.\UserTactics.fst(75,2-75,18): (Error) user tactic failed: No more goals (1) (see also C:\Build\Agent2\_work\1\s\ulib\FStar.Tactics.Effect.fst(88,32-88,42))
1 error was reported (see above)
make[3]: *** [../Makefile.include:16: UserTactics.uver] Error 1
.\TestMRef.fst(8,0-8,20): (Warning) Top-level let-bindings must be total; this term may have effects
Warning: Unable to open hints file: C:\Build\Agent2\_work\1\s\examples\tactics\Setopts.fst.hints; ran without hints
Unexpected error
FStar_Errors.Error(_)
Raised at file "src/ocaml-output/FStar_Tactics_Interpreter.ml", line 606, characters 22-32
Called from file "src/ocaml-output/FStar_Tactics_Interpreter.ml", line 651, characters 19-59
Called from file "src/ocaml-output/FStar_Tactics_Interpreter.ml", line 777, characters 31-41
Called from file "src/ocaml-output/FStar_Tactics_Interpreter.ml", line 830, characters 24-62
Called from file "src/ocaml-output/FStar_TypeChecker_Rel.ml", line 7428, characters 31-139
Called from file "src/ocaml-output/FStar_TypeChecker_Rel.ml", line 7519, characters 24-56
Called from file "src/ocaml-output/FStar_TypeChecker_Rel.ml", line 7746, characters 28-50
Called from file "src/ocaml-output/FStar_TypeChecker_Util.ml", line 3631, characters 10-58
Called from file "src/ocaml-output/FStar_TypeChecker_TcTerm.ml", line 4723, characters 26-77
Called from file "src/ocaml-output/FStar_TypeChecker_Tc.ml", line 3725, characters 20-1023
Called from file "src/ocaml-output/FStar_TypeChecker_Tc.ml", line 4188, characters 31-46
Called from file "src/basic/ml/FStar_Util.ml", line 579, characters 30-37
Called from file "src/ocaml-output/FStar_TypeChecker_Tc.ml", line 4234, characters 8-70
Called from file "src/ocaml-output/FStar_TypeChecker_Tc.ml", line 4326, characters 25-77
Called from file "src/ocaml-output/FStar_TypeChecker_Tc.ml", line 4596, characters 23-49
Called from file "src/basic/ml/FStar_Util.ml", line 46, characters 14-18
Called from file "src/ocaml-output/FStar_Universal.ml", line 341, characters 34-233
Called from file "list.ml", line 84, characters 24-34
Called from file "ulib/ml/FStar_All.ml", line 3, characters 21-24
Called from file "src/ocaml-output/FStar_SMTEncoding_Solver.ml", line 132, characters 16-20
Called from file "src/ocaml-output/FStar_Universal.ml", line 411, characters 32-71
Called from file "src/ocaml-output/FStar_Universal.ml", line 430, characters 31-72
Called from file "src/ocaml-output/FStar_Universal.ml", line 446, characters 24-71
Called from file "src/ocaml-output/FStar_Universal.ml", line 486, characters 26-68
Called from file "src/ocaml-output/FStar_Main.ml", line 208, characters 27-67
Called from file "src/ocaml-output/FStar_Main.ml", line 230, characters 6-11

.\UnitTests.fst(59,4-59,20): (Error) user tactic failed: No more goals (1) (see also C:\Build\Agent2\_work\1\s\ulib\FStar.Tactics.Effect.fst(88,32-88,42))
1 error was reported (see above)
make[3]: *** [../Makefile.include:16: UnitTests.uver] Error 1
make[3]: Target 'all' not remade because of errors.
make[2]: *** [Makefile:35: tactics.all] Error 2
.\Ex01a.fst(58,0-58,48): (Warning) Top-level let-bindings must be total; this term may have effects
make[3]: [Makefile:66: Ex01a-ocaml] Error 2 (ignored)
.\Mac.fst(70,0-70,35): (Warning) Top-level let-bindings must be total; this term may have effects
Warning: Unable to open hints file: C:\Build\Agent2\_work\1\s\ulib\FStar.Dyn.fsti.hints; ran without hints
jsonparser.pos\Test.fst(0,0-0,0): (Warning) Test: Unexpected output from Z3: (error "line 138538 column 95: Wrong number of arguments (1) passed to function (declare-fun JSONParser.Spec.object_as_type.fuel_instrumented

jsonparser.pos\Test.fst(0,0-0,0): (Warning) Test: Unexpected output from Z3: (Fuel Term Term Term Term)

jsonparser.pos\Test.fst(0,0-0,0): (Warning) Test: Unexpected output from Z3: Term)")

jsonparser.pos\Test.fst(0,0-0,0): (Warning) Test: Unexpected output from Z3: (error "line 138561 column 82: Wrong number of arguments (1) passed to function (declare-fun JSONParser.Spec.object_as_type.fuel_instrumented

jsonparser.pos\Test.fst(0,0-0,0): (Warning) Test: Unexpected output from Z3: (Fuel Term Term Term Term)

jsonparser.pos\Test.fst(0,0-0,0): (Warning) Test: Unexpected output from Z3: Term)")

jsonparser.pos\Test.fst(0,0-0,0): (Warning) Test: Unexpected output from Z3: (error "line 139931 column 47: Wrong number of arguments (1) passed to function (declare-fun JSONParser.Spec.gprint.fuel_instrumented (Fuel Term Term) Term)")

jsonparser.pos\Test.fst(0,0-0,0): (Warning) Test: Unexpected output from Z3: (error "line 143105 column 47: Wrong number of arguments (1) passed to function (declare-fun JSONParser.Spec.gparse.fuel_instrumented

jsonparser.pos\Test.fst(0,0-0,0): (Warning) Test: Unexpected output from Z3: (Fuel Term Term Term)

jsonparser.pos\Test.fst(0,0-0,0): (Warning) Test: Unexpected output from Z3: Term)")

make[2]: Target 'all' not remade because of errors.
make[1]: *** [Makefile:285: uexamples] Error 2
make[1]: Target 'uregressions' not remade because of errors.
make: *** [Makefile:266: utest] Error 2
