make[1]: warning: jobserver unavailable: using -j1.  Add '+' to parent make rule.
make[3]: warning: jobserver unavailable: using -j1.  Add '+' to parent make rule.
./u_boot_fsts/FStar.Syntax.Syntax.fst(392,0-392,33): (Warning) Annotation from val declaration overrides inline type annotation
./u_boot_fsts/FStar.Syntax.Syntax.fst(441,0-441,48): (Warning) Annotation from val declaration overrides inline type annotation
./u_boot_fsts/FStar.Syntax.Syntax.fst(442,0-442,76): (Warning) Annotation from val declaration overrides inline type annotation
./u_boot_fsts/FStar.Syntax.Syntax.fst(493,0-495,38): (Warning) Annotation from val declaration overrides inline type annotation
./u_boot_fsts/FStar.TypeChecker.Env.fst(303,0-307,35): (Warning) Annotation from val declaration overrides inline type annotation
./u_boot_fsts/FStar.TypeChecker.Util.fst(70,0-72,32): (Warning) Annotation from val declaration overrides inline type annotation
./Ex01a.fst(67,0-67,48): (Warning) Top-level let-bindings must be total; this term may have effects
./Ex01a.fst(57,0-57,48): (Warning) Top-level let-bindings must be total; this term may have effects
./Encrypt_SymEnc.fst(29,0-29,18): (Warning) Top-level let-bindings must be total; this term may have effects
./ifcExample.fst(10,0-10,15): (Warning) Top-level let-bindings must be total; this term may have effects
./ifcExample.fst(11,0-11,15): (Warning) Top-level let-bindings must be total; this term may have effects
./ifcExample.fst(12,0-12,15): (Warning) Top-level let-bindings must be total; this term may have effects
./ifcExample.fst(13,0-13,17): (Warning) Top-level let-bindings must be total; this term may have effects
./MAC.fst(45,0-45,35): (Warning) Top-level let-bindings must be total; this term may have effects
WARNING: (4770,6): pattern does not contain all quantified variables.
./Ex10a.fst(26,0-26,19): (Warning) Top-level let-bindings must be total; this term may have effects
./Ex12a.Cap.fst(20,0-20,26): (Warning) Top-level let-bindings must be total; this term may have effects
./MAC.fst(45,0-45,35): (Warning) Top-level let-bindings must be total; this term may have effects
./RPC.fst(9,0-9,53): (Warning) Top-level let-bindings must be total; this term may have effects
./RPC.fst(23,0-23,39): (Warning) Top-level let-bindings must be total; this term may have effects
./RPC.fst(48,0-49,16): (Warning) Top-level let-bindings must be total; this term may have effects
make[5]: warning: jobserver unavailable: using -j1.  Add '+' to parent make rule.
./RPC.fst(116,0-116,17): (Warning) Top-level let-bindings must be total; this term may have effects
make[5]: warning: jobserver unavailable: using -j1.  Add '+' to parent make rule.
./MAC.fst(45,0-45,35): (Warning) Top-level let-bindings must be total; this term may have effects
./Ex10a.fst(26,0-26,19): (Warning) Top-level let-bindings must be total; this term may have effects
./Ex01a.fst(67,0-67,48): (Warning) Top-level let-bindings must be total; this term may have effects
File "Ex01a.fst", line 36, characters 4-6:
Warning 26: unused variable v1.
File "Ex01a.fst", line 37, characters 4-6:
Warning 26: unused variable v2.
File "Ex01a.fst", line 60, characters 4-6:
Warning 26: unused variable v1.
File "Ex01a.fst", line 61, characters 4-6:
Warning 26: unused variable v2.
File "Ex01a.fst", line 62, characters 4-6:
Warning 26: unused variable v3.
Fatal error: exception Ex01a.InvalidRead
Raised at file "prims.ml", line 103, characters 20-21
Called from file "Ex01a.fst", line 62, characters 9-29
Called from file "Ex01a.fst", line 68, characters 0-21
make[3]: [Ex01a-ocaml] Error 2 (ignored)
./CntProtocol.fst(14,0-14,53): (Warning) Top-level let-bindings must be total; this term may have effects
./CntProtocol.fst(30,0-30,26): (Warning) Top-level let-bindings must be total; this term may have effects
./CntProtocol.fst(33,0-33,54): (Warning) Top-level let-bindings must be total; this term may have effects
./CntProtocol.fst(36,0-36,54): (Warning) Top-level let-bindings must be total; this term may have effects
./CntProtocol.fst(100,0-100,39): (Warning) Top-level let-bindings must be total; this term may have effects
./CntProtocol.fst(127,0-127,18): (Warning) Top-level let-bindings must be total; this term may have effects
./CntProtocol.fst(159,0-175,5): (Warning) Top-level let-bindings must be total; this term may have effects
./Ex12a.Cap.fst(18,0-18,26): (Warning) Top-level let-bindings must be total; this term may have effects
./Ex12b.RPC.fst(8,0-8,53): (Warning) Top-level let-bindings must be total; this term may have effects
./Ex12b.RPC.fst(21,0-21,39): (Warning) Top-level let-bindings must be total; this term may have effects
./Ex12b.RPC.fst(53,0-54,16): (Warning) Top-level let-bindings must be total; this term may have effects
./Ex12b.RPC.fst(123,0-123,17): (Warning) Top-level let-bindings must be total; this term may have effects
./TestMRef.fst(8,0-8,20): (Warning) Top-level let-bindings must be total; this term may have effects
./Mac.fst(69,0-69,35): (Warning) Top-level let-bindings must be total; this term may have effects
make[5]: warning: jobserver unavailable: using -j1.  Add '+' to parent make rule.
make[5]: warning: jobserver unavailable: using -j1.  Add '+' to parent make rule.
./Ex01a.fst(57,0-57,48): (Warning) Top-level let-bindings must be total; this term may have effects
make[3]: [Ex01a-ocaml] Error 2 (ignored)
Unexpected error
Unix.Unix_error(Unix.ENOMEM, "fork", "")
Raised by primitive operation at file "unix.ml", line 926, characters 8-14
Called from file "unix.ml", line 971, characters 4-126
Re-raised at file "unix.ml", line 978, characters 10-11
Called from file "src/basic/ml/FStar_Util.ml", line 83, characters 19-44
Called from file "src/ocaml-output/FStar_SMTEncoding_Z3.ml", line 453, characters 19-34
Called from file "src/ocaml-output/FStar_SMTEncoding_Z3.ml", line 964, characters 63-86
Called from file "src/ocaml-output/FStar_SMTEncoding_Solver.ml", line 604, characters 10-53
Called from file "src/ocaml-output/FStar_SMTEncoding_Solver.ml", line 678, characters 1-55
Called from file "src/ocaml-output/FStar_TypeChecker_Rel.ml", line 5682, characters 0-88
Called from file "src/ocaml-output/FStar_TypeChecker_TcTerm.ml", line 2431, characters 3-57
Called from file "src/ocaml-output/FStar_TypeChecker_TcTerm.ml", line 4135, characters 17-1023
Called from file "src/ocaml-output/FStar_TypeChecker_TcTerm.ml", line 3594, characters 17-50
Called from file "src/ocaml-output/FStar_TypeChecker_Tc.ml", line 3182, characters 17-1023
Called from file "src/ocaml-output/FStar_TypeChecker_Tc.ml", line 3404, characters 17-33
Called from file "list.ml", line 84, characters 24-34
Called from file "src/ocaml-output/FStar_TypeChecker_Tc.ml", line 3440, characters 17-771
Called from file "src/ocaml-output/FStar_TypeChecker_Tc.ml", line 3530, characters 17-70
Called from file "src/ocaml-output/FStar_TypeChecker_Tc.ml", line 3718, characters 17-45
Called from file "src/basic/ml/FStar_Util.ml", line 44, characters 14-18
Called from file "src/ocaml-output/FStar_Universal.ml", line 163, characters 16-101
Called from file "list.ml", line 84, characters 24-34
Called from file "src/ocaml-output/bootlibs/FStar_All.ml", line 3, characters 21-24
Called from file "src/ocaml-output/FStar_SMTEncoding_Solver.ml", line 165, characters 13-19
Called from file "src/ocaml-output/FStar_Universal.ml", line 288, characters 14-64
Called from file "src/ocaml-output/FStar_Universal.ml", line 313, characters 16-59
Called from file "src/ocaml-output/FStar_Universal.ml", line 324, characters 16-73
Called from file "src/ocaml-output/FStar_Universal.ml", line 365, characters 16-60
Called from file "src/ocaml-output/FStar_Main.ml", line 310, characters 16-57
Called from file "src/ocaml-output/FStar_Main.ml", line 340, characters 1-8

make[4]: *** [Crypto.AEAD.Wrappers.CMA.fst-ver] Error 1
Unexpected error
Unix.Unix_error(Unix.ENOMEM, "fork", "")
Raised by primitive operation at file "unix.ml", line 926, characters 8-14
Called from file "unix.ml", line 971, characters 4-126
Re-raised at file "unix.ml", line 978, characters 10-11
Called from file "src/basic/ml/FStar_Util.ml", line 83, characters 19-44
Called from file "src/ocaml-output/FStar_SMTEncoding_Z3.ml", line 453, characters 19-34
Called from file "src/ocaml-output/FStar_SMTEncoding_Z3.ml", line 964, characters 63-86
Called from file "src/ocaml-output/FStar_TypeChecker_Tc.ml", line 2671, characters 0-67
Called from file "src/ocaml-output/FStar_TypeChecker_Tc.ml", line 3404, characters 17-33
Called from file "list.ml", line 84, characters 24-34
Called from file "src/ocaml-output/FStar_TypeChecker_Tc.ml", line 3440, characters 17-771
Called from file "src/ocaml-output/FStar_TypeChecker_Tc.ml", line 3530, characters 17-70
Called from file "src/ocaml-output/FStar_TypeChecker_Tc.ml", line 3718, characters 17-45
Called from file "src/basic/ml/FStar_Util.ml", line 44, characters 14-18
Called from file "src/ocaml-output/FStar_Universal.ml", line 163, characters 16-101
Called from file "list.ml", line 84, characters 24-34
Called from file "src/ocaml-output/bootlibs/FStar_All.ml", line 3, characters 21-24
Called from file "src/ocaml-output/FStar_Universal.ml", line 288, characters 14-64
Called from file "src/ocaml-output/FStar_Universal.ml", line 313, characters 16-59
Called from file "src/ocaml-output/FStar_Universal.ml", line 324, characters 16-73
Called from file "src/ocaml-output/FStar_Universal.ml", line 365, characters 16-60
Called from file "src/ocaml-output/FStar_Main.ml", line 310, characters 16-57
Called from file "src/ocaml-output/FStar_Main.ml", line 340, characters 1-8

make[4]: *** [Crypto.AEAD.Decrypt.fst-ver] Error 1
Unexpected error
Unix.Unix_error(Unix.ENOMEM, "fork", "")
Raised by primitive operation at file "unix.ml", line 926, characters 8-14
Called from file "unix.ml", line 971, characters 4-126
Re-raised at file "unix.ml", line 978, characters 10-11
Called from file "src/basic/ml/FStar_Util.ml", line 83, characters 19-44
Called from file "src/ocaml-output/FStar_SMTEncoding_Z3.ml", line 453, characters 19-34
Called from file "src/ocaml-output/FStar_SMTEncoding_Z3.ml", line 964, characters 63-86
Called from file "src/ocaml-output/FStar_SMTEncoding_Solver.ml", line 521, characters 1-34
Called from file "src/ocaml-output/FStar_SMTEncoding_Solver.ml", line 678, characters 1-55
Called from file "src/ocaml-output/FStar_TypeChecker_Rel.ml", line 5682, characters 0-88
Called from file "src/ocaml-output/FStar_TypeChecker_Rel.ml", line 5782, characters 9-102
Called from file "src/ocaml-output/FStar_TypeChecker_Rel.ml", line 5793, characters 17-83
Called from file "src/ocaml-output/bootlibs/FStar_All.ml", line 3, characters 21-24
Called from file "src/ocaml-output/FStar_TypeChecker_Util.ml", line 2940, characters 27-76
Called from file "src/ocaml-output/FStar_TypeChecker_TcTerm.ml", line 3630, characters 17-67
Called from file "src/ocaml-output/FStar_TypeChecker_Tc.ml", line 3182, characters 17-1023
Called from file "src/ocaml-output/FStar_TypeChecker_Tc.ml", line 3404, characters 17-33
Called from file "list.ml", line 84, characters 24-34
Called from file "src/ocaml-output/FStar_TypeChecker_Tc.ml", line 3440, characters 17-771
Called from file "src/ocaml-output/FStar_TypeChecker_Tc.ml", line 3530, characters 17-70
Called from file "src/ocaml-output/FStar_TypeChecker_Tc.ml", line 3718, characters 17-45
Called from file "src/basic/ml/FStar_Util.ml", line 44, characters 14-18
Called from file "src/ocaml-output/FStar_Universal.ml", line 163, characters 16-101
Called from file "list.ml", line 84, characters 24-34
Called from file "src/ocaml-output/bootlibs/FStar_All.ml", line 3, characters 21-24
Called from file "src/ocaml-output/FStar_SMTEncoding_Solver.ml", line 165, characters 13-19
Called from file "src/ocaml-output/FStar_Universal.ml", line 288, characters 14-64
Called from file "src/ocaml-output/FStar_Universal.ml", line 313, characters 16-59
Called from file "src/ocaml-output/FStar_Universal.ml", line 324, characters 16-73
Called from file "src/ocaml-output/FStar_Universal.ml", line 365, characters 16-60
Called from file "src/ocaml-output/FStar_Main.ml", line 310, characters 16-57
Called from file "src/ocaml-output/FStar_Main.ml", line 340, characters 1-8

make[4]: *** [Crypto.AEAD.Wrappers.PRF.fst-ver] Error 1
Unexpected error
Unix.Unix_error(Unix.ENOMEM, "fork", "")
Raised by primitive operation at file "unix.ml", line 926, characters 8-14
Called from file "unix.ml", line 971, characters 4-126
Re-raised at file "unix.ml", line 978, characters 10-11
Called from file "src/basic/ml/FStar_Util.ml", line 83, characters 19-44
Called from file "src/ocaml-output/FStar_SMTEncoding_Z3.ml", line 453, characters 19-34
Called from file "src/ocaml-output/FStar_SMTEncoding_Z3.ml", line 964, characters 63-86
Called from file "src/ocaml-output/FStar_TypeChecker_Tc.ml", line 2671, characters 0-67
Called from file "src/ocaml-output/FStar_TypeChecker_Tc.ml", line 3404, characters 17-33
Called from file "list.ml", line 84, characters 24-34
Called from file "src/ocaml-output/FStar_TypeChecker_Tc.ml", line 3440, characters 17-771
Called from file "src/ocaml-output/FStar_TypeChecker_Tc.ml", line 3530, characters 17-70
Called from file "src/ocaml-output/FStar_TypeChecker_Tc.ml", line 3718, characters 17-45
Called from file "src/basic/ml/FStar_Util.ml", line 44, characters 14-18
Called from file "src/ocaml-output/FStar_Universal.ml", line 163, characters 16-101
Called from file "list.ml", line 84, characters 24-34
Called from file "src/ocaml-output/bootlibs/FStar_All.ml", line 3, characters 21-24
Called from file "src/ocaml-output/FStar_Universal.ml", line 288, characters 14-64
Called from file "src/ocaml-output/FStar_Universal.ml", line 313, characters 16-59
Called from file "src/ocaml-output/FStar_Universal.ml", line 324, characters 16-73
Called from file "src/ocaml-output/FStar_Universal.ml", line 365, characters 16-60
Called from file "src/ocaml-output/FStar_Main.ml", line 310, characters 16-57
Called from file "src/ocaml-output/FStar_Main.ml", line 340, characters 1-8

make[4]: *** [Crypto.AEAD.Encrypt.fst-ver] Error 1
make[4]: Target 'all' not remade because of errors.
make[3]: *** [all] Error 2
make[2]: *** [low-level.all] Error 2
make[2]: Target 'all' not remade because of errors.
make[1]: *** [uexamples] Error 2
make[1]: Target 'uregressions' not remade because of errors.
make: *** [utest] Error 2
