make[1]: warning: jobserver unavailable: using -j1.  Add '+' to parent make rule.
make[1]: warning: jobserver unavailable: using -j1.  Add '+' to parent make rule.
Warning: you are using the standard library and/or the %inline keyword. We
recommend switching on --infer in order to avoid obscure type error messages.
warning: CRLF will be replaced by LF in doc/slides/popl2015/intro-tiny-fstar.mdk.
The file will have its original line endings in your working directory.
warning: CRLF will be replaced by LF in doc/slides/popl2015/overview-presentation.mdk.
The file will have its original line endings in your working directory.
warning: CRLF will be replaced by LF in src/parser/parse.fsi.
The file will have its original line endings in your working directory.
File "src/basic/ml/FStar_Util.ml", line 47, characters 57-65:
Warning 40: st_mtime was selected from type BatUnix.stats.
It is not visible in the current scope, and will not 
be selected if the type becomes unknown.
File "src/basic/ml/FStar_Util.ml", line 47, characters 57-65:
Warning 40: st_mtime was selected from type BatUnix.stats.
It is not visible in the current scope, and will not 
be selected if the type becomes unknown.
make[3]: warning: jobserver unavailable: using -j1.  Add '+' to parent make rule.
.\u_boot_fsts\FStar.Syntax.Syntax.fst(394,0-394,33): (Warning) Annotation from val declaration overrides inline type annotation
.\u_boot_fsts\FStar.Syntax.Syntax.fst(445,0-445,48): (Warning) Annotation from val declaration overrides inline type annotation
.\u_boot_fsts\FStar.Syntax.Syntax.fst(446,0-446,76): (Warning) Annotation from val declaration overrides inline type annotation
.\u_boot_fsts\FStar.Syntax.Syntax.fst(497,0-499,38): (Warning) Annotation from val declaration overrides inline type annotation
.\u_boot_fsts\FStar.TypeChecker.Util.fst(70,0-72,32): (Warning) Annotation from val declaration overrides inline type annotation
.\u_boot_fsts\FStar.TypeChecker.Env.fst(280,0-284,35): (Warning) Annotation from val declaration overrides inline type annotation
.\u_boot_fsts\FStar.TypeChecker.Env.fst(718,0-720,39): (Warning) Annotation from val declaration overrides inline type annotation
warning: CRLF will be replaced by LF in doc/slides/popl2015/intro-tiny-fstar.mdk.
The file will have its original line endings in your working directory.
warning: CRLF will be replaced by LF in doc/slides/popl2015/overview-presentation.mdk.
The file will have its original line endings in your working directory.
warning: CRLF will be replaced by LF in src/parser/ml/parse.mly.
The file will have its original line endings in your working directory.
warning: CRLF will be replaced by LF in src/parser/parse.fsi.
The file will have its original line endings in your working directory.
warning: CRLF will be replaced by LF in src/parser/parse.fsy.
The file will have its original line endings in your working directory.
make[3]: warning: jobserver unavailable: using -j1.  Add '+' to parent make rule.
make[3]: warning: jobserver unavailable: using -j1.  Add '+' to parent make rule.
File "extracted/FStar_Pervasives.ml", line 22, characters 35-66:
Warning 8: this pattern-matching is not exhaustive.
Here is an example of a value that is not matched:
(E _|Err _)
File "extracted/FStar_Pervasives.ml", line 25, characters 35-66:
Warning 8: this pattern-matching is not exhaustive.
Here is an example of a value that is not matched:
(V _|Err _)
File "extracted/FStar_Pervasives.ml", line 28, characters 39-76:
Warning 8: this pattern-matching is not exhaustive.
Here is an example of a value that is not matched:
(V _|E _)
File "extracted/FStar_Pervasives.ml", line 66, characters 37-70:
Warning 8: this pattern-matching is not exhaustive.
Here is an example of a value that is not matched:
Inr _
File "extracted/FStar_Pervasives.ml", line 69, characters 37-70:
Warning 8: this pattern-matching is not exhaustive.
Here is an example of a value that is not matched:
Inl _
.\hello.fst(5,0-5,37): (Warning) Top-level let-bindings must be total; this term may have effects
.\Ex01a.fst(68,0-68,48): (Warning) Top-level let-bindings must be total; this term may have effects
.\Ex01a.fst(58,0-58,48): (Warning) Top-level let-bindings must be total; this term may have effects
make[2]: *** [Makefile:47: search.cons-snoc.out.check] Error 1
make[2]: Target 'default' not remade because of errors.
make[1]: *** [Makefile:263: interactive-test] Error 2
.\Encrypt_SymEnc.fst(29,0-29,18): (Warning) Top-level let-bindings must be total; this term may have effects
.\MAC.fst(45,0-45,35): (Warning) Top-level let-bindings must be total; this term may have effects
.\NatHeap.fst(67,0-69,31): (Error) Unknown assertion failed
Verified module: NatHeap (8692 milliseconds)
1 error was reported (see above)
make[3]: *** [../Makefile.include:15: NatHeap.uver] Error 1
.\MRefHeap.fst(59,0-61,27): (Error) Unknown assertion failed
Verified module: MRefHeap (6529 milliseconds)
1 error was reported (see above)
make[3]: *** [Makefile:11: MRefHeap.uver] Error 1
make[3]: Target 'all' not remade because of errors.
make[2]: *** [Makefile:35: preorders.all] Error 2
.\RPC.fst(9,0-9,53): (Warning) Top-level let-bindings must be total; this term may have effects
.\RPC.fst(23,0-23,39): (Warning) Top-level let-bindings must be total; this term may have effects
.\RPC.fst(48,0-49,16): (Warning) Top-level let-bindings must be total; this term may have effects
.\RPC.fst(116,0-116,17): (Warning) Top-level let-bindings must be total; this term may have effects
.\Platform.Bytes.fst(15,32-18,29): (Warning) Pattern misses at least one bound variable: uu___#1001234
WARNING: (81714,46): pattern does not contain any variable.
WARNING: (81714,46): pattern does not contain any variable.
WARNING: (81714,46): pattern does not contain any variable.
WARNING: (81714,46): pattern does not contain any variable.
WARNING: (81714,46): pattern does not contain any variable.
WARNING: (81714,46): pattern does not contain any variable.
WARNING: (81714,46): pattern does not contain any variable.
WARNING: (81714,46): pattern does not contain any variable.
WARNING: (81714,46): pattern does not contain any variable.
WARNING: (81714,46): pattern does not contain any variable.
WARNING: (7993,51): pattern does not contain all quantified variables.
WARNING: (81714,46): pattern does not contain any variable.
WARNING: (7993,51): pattern does not contain all quantified variables.
.\CntProtocol.fst(14,0-14,53): (Warning) Top-level let-bindings must be total; this term may have effects
WARNING: (81714,46): pattern does not contain any variable.
WARNING: (81714,46): pattern does not contain any variable.
.\CntProtocol.fst(29,0-29,26): (Warning) Top-level let-bindings must be total; this term may have effects
.\CntProtocol.fst(32,0-32,54): (Warning) Top-level let-bindings must be total; this term may have effects
.\CntProtocol.fst(35,0-35,54): (Warning) Top-level let-bindings must be total; this term may have effects
WARNING: (81714,46): pattern does not contain any variable.
WARNING: (81714,46): pattern does not contain any variable.
WARNING: (81714,46): pattern does not contain any variable.
WARNING: (81714,46): pattern does not contain any variable.
WARNING: (81714,46): pattern does not contain any variable.
WARNING: (81714,46): pattern does not contain any variable.
WARNING: (81714,46): pattern does not contain any variable.
WARNING: (81714,46): pattern does not contain any variable.
WARNING: (81714,46): pattern does not contain any variable.
WARNING: (81714,46): pattern does not contain any variable.
WARNING: (81714,46): pattern does not contain any variable.
WARNING: (81714,46): pattern does not contain any variable.
.\CntProtocol.fst(99,0-99,39): (Warning) Top-level let-bindings must be total; this term may have effects
WARNING: (81714,46): pattern does not contain any variable.
.\CntProtocol.fst(126,0-126,18): (Warning) Top-level let-bindings must be total; this term may have effects
WARNING: (7924,46): pattern does not contain any variable.
WARNING: (81714,46): pattern does not contain any variable.
WARNING: (81714,46): pattern does not contain any variable.
WARNING: (81714,46): pattern does not contain any variable.
WARNING: (81714,46): pattern does not contain any variable.
WARNING: (8083,46): pattern does not contain any variable.
WARNING: (81714,46): pattern does not contain any variable.
jsonparser.pos\Test.fst(0,0-0,0): (Warning) Test: Unexpected output from Z3: (error "line 164730 column 95: Wrong number of arguments (1) passed to function (declare-fun JSONParser.Spec.object_as_type.fuel_instrumented

jsonparser.pos\Test.fst(0,0-0,0): (Warning) Test: Unexpected output from Z3: (Fuel Term Term Term Term)

jsonparser.pos\Test.fst(0,0-0,0): (Warning) Test: Unexpected output from Z3: Term)")

jsonparser.pos\Test.fst(0,0-0,0): (Warning) Test: Unexpected output from Z3: (error "line 164753 column 82: Wrong number of arguments (1) passed to function (declare-fun JSONParser.Spec.object_as_type.fuel_instrumented

jsonparser.pos\Test.fst(0,0-0,0): (Warning) Test: Unexpected output from Z3: (Fuel Term Term Term Term)

jsonparser.pos\Test.fst(0,0-0,0): (Warning) Test: Unexpected output from Z3: Term)")

jsonparser.pos\Test.fst(0,0-0,0): (Warning) Test: Unexpected output from Z3: (error "line 166083 column 47: Wrong number of arguments (1) passed to function (declare-fun JSONParser.Spec.gprint.fuel_instrumented (Fuel Term Term) Term)")

jsonparser.pos\Test.fst(0,0-0,0): (Warning) Test: Unexpected output from Z3: (error "line 169126 column 47: Wrong number of arguments (1) passed to function (declare-fun JSONParser.Spec.gparse.fuel_instrumented

jsonparser.pos\Test.fst(0,0-0,0): (Warning) Test: Unexpected output from Z3: (Fuel Term Term Term)

jsonparser.pos\Test.fst(0,0-0,0): (Warning) Test: Unexpected output from Z3: Term)")

jsonparser.pos\Test.fst(0,0-0,0): (Warning) Test: Unexpected output from Z3: (error "line 164730 column 95: Wrong number of arguments (1) passed to function (declare-fun JSONParser.Spec.object_as_type.fuel_instrumented

jsonparser.pos\Test.fst(0,0-0,0): (Warning) Test: Unexpected output from Z3: (Fuel Term Term Term Term)

jsonparser.pos\Test.fst(0,0-0,0): (Warning) Test: Unexpected output from Z3: Term)")

jsonparser.pos\Test.fst(0,0-0,0): (Warning) Test: Unexpected output from Z3: (error "line 164753 column 82: Wrong number of arguments (1) passed to function (declare-fun JSONParser.Spec.object_as_type.fuel_instrumented

jsonparser.pos\Test.fst(0,0-0,0): (Warning) Test: Unexpected output from Z3: (Fuel Term Term Term Term)

jsonparser.pos\Test.fst(0,0-0,0): (Warning) Test: Unexpected output from Z3: Term)")

jsonparser.pos\Test.fst(0,0-0,0): (Warning) Test: Unexpected output from Z3: (error "line 166083 column 47: Wrong number of arguments (1) passed to function (declare-fun JSONParser.Spec.gprint.fuel_instrumented (Fuel Term Term) Term)")

jsonparser.pos\Test.fst(0,0-0,0): (Warning) Test: Unexpected output from Z3: (error "line 169126 column 47: Wrong number of arguments (1) passed to function (declare-fun JSONParser.Spec.gparse.fuel_instrumented

jsonparser.pos\Test.fst(0,0-0,0): (Warning) Test: Unexpected output from Z3: (Fuel Term Term Term)

jsonparser.pos\Test.fst(0,0-0,0): (Warning) Test: Unexpected output from Z3: Term)")

WARNING: (81714,46): pattern does not contain any variable.
WARNING: (7843,46): pattern does not contain any variable.
WARNING: (81714,46): pattern does not contain any variable.
WARNING: (81714,46): pattern does not contain any variable.
WARNING: (81714,46): pattern does not contain any variable.
.\CntProtocol.fst(172,0-188,5): (Warning) Top-level let-bindings must be total; this term may have effects
WARNING: (81714,46): pattern does not contain any variable.
WARNING: (81714,46): pattern does not contain any variable.
WARNING: (81714,46): pattern does not contain any variable.
.\Platform.Bytes.fst(257,22-260,30): (Warning) Pattern misses at least one bound variable: i#1037576
.\TestMRef.fst(8,0-8,20): (Warning) Top-level let-bindings must be total; this term may have effects
WARNING: (81714,46): pattern does not contain any variable.
WARNING: (81714,46): pattern does not contain any variable.
WARNING: (81714,46): pattern does not contain any variable.
.\Platform.Bytes.fst(261,8-261,24): (Warning) Pattern misses at least one bound variable: i#1039575 (see also .\Platform.Bytes.fst(257,156-260,30))
WARNING: (8071,46): pattern does not contain any variable.
WARNING: (81714,46): pattern does not contain any variable.
WARNING: (81714,46): pattern does not contain any variable.
WARNING: (85610,43): pattern does not contain all quantified variables.
WARNING: (81714,46): pattern does not contain any variable.
WARNING: (85610,43): pattern does not contain all quantified variables.
.\Ex10a.fst(27,0-27,22): (Warning) Top-level let-bindings must be total; this term may have effects
WARNING: (81714,46): pattern does not contain any variable.
WARNING: (85610,43): pattern does not contain all quantified variables.
WARNING: (81714,46): pattern does not contain any variable.
WARNING: (85610,43): pattern does not contain all quantified variables.
.\Mac.fst(70,0-70,35): (Warning) Top-level let-bindings must be total; this term may have effects
WARNING: (81714,46): pattern does not contain any variable.
WARNING: (85610,43): pattern does not contain all quantified variables.
WARNING: (81714,46): pattern does not contain any variable.
WARNING: (85610,43): pattern does not contain all quantified variables.
WARNING: (81714,46): pattern does not contain any variable.
WARNING: (85610,43): pattern does not contain all quantified variables.
WARNING: (81714,46): pattern does not contain any variable.
WARNING: (85610,43): pattern does not contain all quantified variables.
WARNING: (81714,46): pattern does not contain any variable.
WARNING: (85610,43): pattern does not contain all quantified variables.
WARNING: (81714,46): pattern does not contain any variable.
WARNING: (85610,43): pattern does not contain all quantified variables.
WARNING: (81714,46): pattern does not contain any variable.
WARNING: (85610,43): pattern does not contain all quantified variables.
WARNING: (81714,46): pattern does not contain any variable.
WARNING: (85610,43): pattern does not contain all quantified variables.
WARNING: (81714,46): pattern does not contain any variable.
WARNING: (85610,43): pattern does not contain all quantified variables.
WARNING: (81714,46): pattern does not contain any variable.
WARNING: (85610,43): pattern does not contain all quantified variables.
WARNING: (81714,46): pattern does not contain any variable.
WARNING: (85610,43): pattern does not contain all quantified variables.
WARNING: (81714,46): pattern does not contain any variable.
WARNING: (85610,43): pattern does not contain all quantified variables.
WARNING: (81714,46): pattern does not contain any variable.
WARNING: (85610,43): pattern does not contain all quantified variables.
WARNING: (81714,46): pattern does not contain any variable.
WARNING: (85610,43): pattern does not contain all quantified variables.
.\Ex12a.Cap.fst(21,0-21,26): (Warning) Top-level let-bindings must be total; this term may have effects
WARNING: (81714,46): pattern does not contain any variable.
WARNING: (85610,43): pattern does not contain all quantified variables.
WARNING: (81714,46): pattern does not contain any variable.
WARNING: (85610,43): pattern does not contain all quantified variables.
WARNING: (81714,46): pattern does not contain any variable.
WARNING: (85610,43): pattern does not contain all quantified variables.
WARNING: (81714,46): pattern does not contain any variable.
WARNING: (85610,43): pattern does not contain all quantified variables.
WARNING: (81714,46): pattern does not contain any variable.
WARNING: (85610,43): pattern does not contain all quantified variables.
WARNING: (81714,46): pattern does not contain any variable.
WARNING: (85610,43): pattern does not contain all quantified variables.
WARNING: (81714,46): pattern does not contain any variable.
WARNING: (85610,43): pattern does not contain all quantified variables.
WARNING: (81714,46): pattern does not contain any variable.
WARNING: (85610,43): pattern does not contain all quantified variables.
WARNING: (81714,46): pattern does not contain any variable.
WARNING: (85610,43): pattern does not contain all quantified variables.
WARNING: (81714,46): pattern does not contain any variable.
WARNING: (85610,43): pattern does not contain all quantified variables.
WARNING: (81714,46): pattern does not contain any variable.
WARNING: (85610,43): pattern does not contain all quantified variables.
WARNING: (81714,46): pattern does not contain any variable.
WARNING: (85610,43): pattern does not contain all quantified variables.
.\Platform.Bytes.fst(15,40-18,29): (Warning) Pattern misses at least one bound variable: uu___#1074175
.\Platform.Bytes.fst(261,8-261,24): (Warning) Pattern misses at least one bound variable: i#1082563 (see also .\Platform.Bytes.fst(257,156-260,30))
.\Ex10a.fst(27,0-27,22): (Warning) Top-level let-bindings must be total; this term may have effects
.\Ex12a.Cap.fst(19,0-19,26): (Warning) Top-level let-bindings must be total; this term may have effects
.\Ex12b.RPC.fst(8,0-8,53): (Warning) Top-level let-bindings must be total; this term may have effects
.\Ex12b.RPC.fst(21,0-21,39): (Warning) Top-level let-bindings must be total; this term may have effects
.\Ex12b.RPC.fst(53,0-54,16): (Warning) Top-level let-bindings must be total; this term may have effects
.\Ex12b.RPC.fst(123,0-123,17): (Warning) Top-level let-bindings must be total; this term may have effects
make[5]: warning: jobserver unavailable: using -j1.  Add '+' to parent make rule.
make[5]: warning: jobserver unavailable: using -j1.  Add '+' to parent make rule.
File "extracted/FStar_Pervasives.ml", line 22, characters 35-66:
Warning 8: this pattern-matching is not exhaustive.
Here is an example of a value that is not matched:
(E _|Err _)
File "extracted/FStar_Pervasives.ml", line 25, characters 35-66:
Warning 8: this pattern-matching is not exhaustive.
Here is an example of a value that is not matched:
(V _|Err _)
File "extracted/FStar_Pervasives.ml", line 28, characters 39-76:
Warning 8: this pattern-matching is not exhaustive.
Here is an example of a value that is not matched:
(V _|E _)
File "extracted/FStar_Pervasives.ml", line 66, characters 37-70:
Warning 8: this pattern-matching is not exhaustive.
Here is an example of a value that is not matched:
Inr _
File "extracted/FStar_Pervasives.ml", line 69, characters 37-70:
Warning 8: this pattern-matching is not exhaustive.
Here is an example of a value that is not matched:
Inl _
.\Ex01a.fst(58,0-58,48): (Warning) Top-level let-bindings must be total; this term may have effects
make[3]: [Makefile:66: Ex01a-ocaml] Error 2 (ignored)
.\QuickSort.Seq.fst(31,0-48,15): (Error) Unknown assertion failed
Verified module: QuickSort.Seq (271793 milliseconds)
1 error was reported (see above)
make[3]: *** [../Makefile.include:15: QuickSort.Seq.uver] Error 1
make[3]: Target 'all' not remade because of errors.
make[2]: *** [Makefile:35: algorithms.all] Error 2
.\IfcDelimitedReleaseReify.fst(143,0-151,77): (Error) Unknown assertion failed
.\IfcDelimitedReleaseReify.fst(167,0-171,4): (Error) Unknown assertion failed
Verified module: IfcDelimitedReleaseReify (286628 milliseconds)
2 errors were reported (see above)
make[3]: *** [../Makefile.include:15: IfcDelimitedReleaseReify.uver] Error 1
.\OTP.fst(41,0-44,55): (Error) Unknown assertion failed
Verified module: OTP (45206 milliseconds)
1 error was reported (see above)
make[3]: *** [../Makefile.include:15: OTP.uver] Error 1
.\IfcRulesReify.fst(446,0-490,65): (Error) Unknown assertion failed
Verified module: IfcRulesReify (351257 milliseconds)
1 error was reported (see above)
make[3]: *** [../Makefile.include:15: IfcRulesReify.uver] Error 1
.\FStar.Math.Lemmas.fst(464,0-470,79): (Error) Unknown assertion failed
.\FStar.Math.Lemmas.fst(598,0-609,61): (Error) Unknown assertion failed
Verified module: FStar.Math.Lemmas (237133 milliseconds)
2 errors were reported (see above)
make[2]: *** [Makefile:28: FStar.Math.Lemmas.fst-ver] Error 1
make[2]: Target 'all' not remade because of errors.
make[1]: *** [Makefile:273: ulib] Error 2
make[3]: Target 'all' not remade because of errors.
make[2]: *** [Makefile:35: rel.all] Error 2
make[2]: Target 'all' not remade because of errors.
make[1]: *** [Makefile:276: uexamples] Error 2
make[1]: Target 'uregressions' not remade because of errors.
make: *** [Makefile:257: utest] Error 2
