Warning: you are using the standard library and/or the %inline keyword. We
recommend switching on --infer in order to avoid obscure type error messages.
File "src/basic/ml/FStar_Util.ml", line 47, characters 57-65:
Warning 40: st_mtime was selected from type BatUnix.stats.
It is not visible in the current scope, and will not 
be selected if the type becomes unknown.
File "src/basic/ml/FStar_Util.ml", line 47, characters 57-65:
Warning 40: st_mtime was selected from type BatUnix.stats.
It is not visible in the current scope, and will not 
be selected if the type becomes unknown.
.\hello.fst(5,0-5,37): (Warning) Top-level let-bindings must be total; this term may have effects
.\Ex01a.fst(68,0-68,48): (Warning) Top-level let-bindings must be total; this term may have effects
.\Ex01a.fst(58,0-58,48): (Warning) Top-level let-bindings must be total; this term may have effects
.\Encrypt_SymEnc.fst(29,0-29,18): (Warning) Top-level let-bindings must be total; this term may have effects
.\Ex10a.fst(27,0-27,22): (Warning) Top-level let-bindings must be total; this term may have effects
WARNING: (7817,51): pattern does not contain all quantified variables.
WARNING: (7817,51): pattern does not contain all quantified variables.
.\Ex12a.Cap.fst(19,0-19,26): (Warning) Top-level let-bindings must be total; this term may have effects
.\Ex12b.RPC.fst(8,0-8,53): (Warning) Top-level let-bindings must be total; this term may have effects
.\Ex12b.RPC.fst(21,0-21,39): (Warning) Top-level let-bindings must be total; this term may have effects
.\Ex12b.RPC.fst(53,0-54,16): (Warning) Top-level let-bindings must be total; this term may have effects
.\Ex12b.RPC.fst(123,0-123,17): (Warning) Top-level let-bindings must be total; this term may have effects
make[5]: warning: jobserver unavailable: using -j1.  Add '+' to parent make rule.
.\Platform.Bytes.fst(15,32-18,29): (Warning) Pattern misses at least one bound variable: uu___#1016
.\MAC.fst(45,0-45,35): (Warning) Top-level let-bindings must be total; this term may have effects
make[5]: warning: jobserver unavailable: using -j1.  Add '+' to parent make rule.
WARNING: (7775,46): pattern does not contain any variable.
WARNING: (7957,46): pattern does not contain any variable.
WARNING: (7674,46): pattern does not contain any variable.
.\Ex01a.fst(58,0-58,48): (Warning) Top-level let-bindings must be total; this term may have effects
.\Ex10a.fst(27,0-27,22): (Warning) Top-level let-bindings must be total; this term may have effects
.\Platform.Bytes.fst(257,22-260,30): (Warning) Pattern misses at least one bound variable: i#37778
.\Platform.Bytes.fst(261,8-261,24): (Warning) Pattern misses at least one bound variable: i#39832 (see also .\Platform.Bytes.fst(257,156-260,30))
WARNING: (7980,46): pattern does not contain any variable.
make[3]: [Makefile:66: Ex01a-ocaml] Error 2 (ignored)
WARNING: (76971,46): pattern does not contain any variable.
WARNING: (80728,43): pattern does not contain all quantified variables.
WARNING: (76971,46): pattern does not contain any variable.
WARNING: (80728,43): pattern does not contain all quantified variables.
WARNING: (76971,46): pattern does not contain any variable.
WARNING: (80728,43): pattern does not contain all quantified variables.
.\RPC.fst(9,0-9,53): (Warning) Top-level let-bindings must be total; this term may have effects
.\RPC.fst(23,0-23,39): (Warning) Top-level let-bindings must be total; this term may have effects
.\Ex12a.Cap.fst(21,0-21,26): (Warning) Top-level let-bindings must be total; this term may have effects
.\RPC.fst(48,0-49,16): (Warning) Top-level let-bindings must be total; this term may have effects
WARNING: (76971,46): pattern does not contain any variable.
WARNING: (80728,43): pattern does not contain all quantified variables.
.\RPC.fst(116,0-116,17): (Warning) Top-level let-bindings must be total; this term may have effects
WARNING: (76971,46): pattern does not contain any variable.
WARNING: (80728,43): pattern does not contain all quantified variables.
WARNING: (76971,46): pattern does not contain any variable.
WARNING: (80728,43): pattern does not contain all quantified variables.
WARNING: (76971,46): pattern does not contain any variable.
WARNING: (80728,43): pattern does not contain all quantified variables.
WARNING: (76971,46): pattern does not contain any variable.
WARNING: (80728,43): pattern does not contain all quantified variables.
WARNING: (76971,46): pattern does not contain any variable.
WARNING: (80728,43): pattern does not contain all quantified variables.
.\CntProtocol.fst(14,0-14,53): (Warning) Top-level let-bindings must be total; this term may have effects
.\CntProtocol.fst(29,0-29,26): (Warning) Top-level let-bindings must be total; this term may have effects
.\CntProtocol.fst(32,0-32,54): (Warning) Top-level let-bindings must be total; this term may have effects
.\CntProtocol.fst(35,0-35,54): (Warning) Top-level let-bindings must be total; this term may have effects
WARNING: (76971,46): pattern does not contain any variable.
WARNING: (80728,43): pattern does not contain all quantified variables.
.\Platform.Bytes.fst(15,40-18,29): (Warning) Pattern misses at least one bound variable: uu___#75310
.\Platform.Bytes.fst(261,8-261,24): (Warning) Pattern misses at least one bound variable: i#83698 (see also .\Platform.Bytes.fst(257,156-260,30))
.\TestMRef.fst(8,0-8,20): (Warning) Top-level let-bindings must be total; this term may have effects
.\CntProtocol.fst(99,0-99,39): (Warning) Top-level let-bindings must be total; this term may have effects
.\CntProtocol.fst(126,0-126,18): (Warning) Top-level let-bindings must be total; this term may have effects
.\CntProtocol.fst(172,0-188,5): (Warning) Top-level let-bindings must be total; this term may have effects
.\EtM.MAC.fst(90,34-90,64): (Error) could not prove post-condition
Verified module: EtM.MAC (6608 milliseconds)
1 error was reported (see above)
make[3]: *** [Makefile:61: verify_hh-EtM.MAC.fst] Error 1
.\Mac.fst(70,0-70,35): (Warning) Top-level let-bindings must be total; this term may have effects
.\IfcRules.fst(251,31-251,43): (Error) Subtyping check failed; expected type (h:Rel.rel (Prims.option FStar.Heap.heap){ Prims.LexCons (IfcRules.decr_while (R?.l h) v +
IfcRules.decr_while (R?.r h) v)
Prims.LexTop <<
Prims.LexCons (IfcRules.decr_while (R?.l h) v + IfcRules.decr_while (R?.r h) v) Prims.LexTop }); got type Rel.rel (Prims.option FStar.Heap.heap) (see also .\IfcRules.fst(241,0-291,5))
Verified module: IfcRules (6282 milliseconds)
1 error was reported (see above)
make[3]: *** [../Makefile.include:15: IfcRules.uver] Error 1
make[3]: Target 'all' not remade because of errors.
make[2]: *** [Makefile:35: crypto.all] Error 2
.\While.fst(76,27-76,43): (Error) Subtyping check failed; expected type (c:((c:While.com{ Prims.b2t (While? c) })){ Prims.LexCons (Prims.LexCons c
(Prims.LexCons (While.decr_while h' c) (Prims.LexCons 0 Prims.LexTop)))
Prims.LexTop <<
Prims.LexCons (Prims.LexCons uu___6952
(Prims.LexCons (While.decr_while h uu___6952) (Prims.LexCons 0 Prims.LexTop)))
Prims.LexTop }); got type While.com (see also .\While.fst(69,0-97,23))
Verified module: While (4350 milliseconds)
1 error was reported (see above)
make[3]: *** [../Makefile.include:15: While.uver] Error 1
.\FStar.Math.Lemmas.fst(557,0-564,41): (Error) Unknown assertion failed
Verified module: FStar.Math.Lemmas (41575 milliseconds)
1 error was reported (see above)
make[2]: *** [Makefile:28: FStar.Math.Lemmas.fst-ver] Error 1
.\BinaryTrees.fst(168,19-168,60): (Error) could not prove post-condition
Verified module: BinaryTrees (195876 milliseconds)
1 error was reported (see above)
make[3]: *** [../Makefile.include:15: BinaryTrees.uver] Error 1
make[3]: Target 'all' not remade because of errors.
make[2]: *** [Makefile:35: data_structures.all] Error 2
.\FStar.Struct.fst(449,82-449,84): (Error) Subtyping check failed; expected type (p2:FStar.Struct.path u#_ from v2{ FStar.Struct.path_disjoint u#_ p1 p2 }); got type FStar.Struct.path u#_ from v2 (see also .\FStar.Struct.fst(422,27-422,46))
Verified module: FStar.ST (18185 milliseconds)
Verified module: FStar.All (34 milliseconds)
Verified module: FStar.Struct (51568 milliseconds)
1 error was reported (see above)
make[2]: *** [Makefile:63: struct] Error 1
.\UnionFind.fst(314,8-314,14): (Error) assertion failed (see also .\UnionFind.fst(314,15-314,48))
Verified module: UnionFind (103170 milliseconds)
1 error was reported (see above)
make[3]: *** [../Makefile.include:15: UnionFind.uver] Error 1
make[2]: Target 'all' not remade because of errors.
make[1]: *** [Makefile:272: ulib] Error 2
.\IfcRulesReify.fst(234,0-254,39): (Error) Unknown assertion failed
Verified module: IfcRulesReify (856841 milliseconds)
1 error was reported (see above)
make[3]: *** [../Makefile.include:15: IfcRulesReify.uver] Error 1
make[3]: Target 'all' not remade because of errors.
make[2]: *** [Makefile:35: rel.all] Error 2
make[2]: Target 'all' not remade because of errors.
make[1]: *** [Makefile:275: uexamples] Error 2
make[1]: Target 'uregressions' not remade because of errors.
make: *** [Makefile:258: utest] Error 2
