make[1]: warning: jobserver unavailable: using -j1.  Add '+' to parent make rule.
make[1]: warning: jobserver unavailable: using -j1.  Add '+' to parent make rule.
Warning: you are using the standard library and/or the %inline keyword. We
recommend switching on --infer in order to avoid obscure type error messages.
warning: CRLF will be replaced by LF in src/parser/parse.fsi.
The file will have its original line endings in your working directory.
File "src/basic/ml/FStar_Util.ml", line 47, characters 57-65:
Warning 40: st_mtime was selected from type BatUnix.stats.
It is not visible in the current scope, and will not 
be selected if the type becomes unknown.
File "src/basic/ml/FStar_Util.ml", line 47, characters 57-65:
Warning 40: st_mtime was selected from type BatUnix.stats.
It is not visible in the current scope, and will not 
be selected if the type becomes unknown.
make[3]: warning: jobserver unavailable: using -j1.  Add '+' to parent make rule.
.\u_boot_fsts\FStar.Syntax.Syntax.fst(393,0-393,33): (Warning) Annotation from val declaration overrides inline type annotation
.\u_boot_fsts\FStar.Syntax.Syntax.fst(444,0-444,48): (Warning) Annotation from val declaration overrides inline type annotation
.\u_boot_fsts\FStar.Syntax.Syntax.fst(445,0-445,76): (Warning) Annotation from val declaration overrides inline type annotation
.\u_boot_fsts\FStar.Syntax.Syntax.fst(495,0-497,38): (Warning) Annotation from val declaration overrides inline type annotation
.\u_boot_fsts\FStar.TypeChecker.Util.fst(70,0-72,32): (Warning) Annotation from val declaration overrides inline type annotation
.\u_boot_fsts\FStar.TypeChecker.Env.fst(280,0-284,35): (Warning) Annotation from val declaration overrides inline type annotation
.\u_boot_fsts\FStar.TypeChecker.Env.fst(714,0-716,39): (Warning) Annotation from val declaration overrides inline type annotation
warning: CRLF will be replaced by LF in src/parser/ml/parse.mly.
The file will have its original line endings in your working directory.
warning: CRLF will be replaced by LF in src/parser/parse.fsi.
The file will have its original line endings in your working directory.
warning: CRLF will be replaced by LF in src/parser/parse.fsy.
The file will have its original line endings in your working directory.
Traceback (most recent call last):
File ".scripts/z3_nightly.py", line 254, in get
raise Z3NightlyException("Z3 not where it should be.")
Z3NightlyException: Z3 not where it should be.
Traceback (most recent call last):
File ".scripts/z3_nightly.py", line 254, in get
raise Z3NightlyException("Z3 not where it should be.")
Z3NightlyException: Z3 not where it should be.
Traceback (most recent call last):
File ".scripts/z3_nightly.py", line 254, in get
raise Z3NightlyException("Z3 not where it should be.")
Z3NightlyException: Z3 not where it should be.
Traceback (most recent call last):
File ".scripts/z3_nightly.py", line 254, in get
raise Z3NightlyException("Z3 not where it should be.")
Z3NightlyException: Z3 not where it should be.
Traceback (most recent call last):
File ".scripts/z3_nightly.py", line 254, in get
raise Z3NightlyException("Z3 not where it should be.")
Z3NightlyException: Z3 not where it should be.
Traceback (most recent call last):
File ".scripts/z3_nightly.py", line 254, in get
raise Z3NightlyException("Z3 not where it should be.")
Z3NightlyException: Z3 not where it should be.
Traceback (most recent call last):
File ".scripts/z3_nightly.py", line 254, in get
raise Z3NightlyException("Z3 not where it should be.")
Z3NightlyException: Z3 not where it should be.
make[3]: warning: jobserver unavailable: using -j1.  Add '+' to parent make rule.
make[3]: warning: jobserver unavailable: using -j1.  Add '+' to parent make rule.
File "extracted/FStar_Pervasives.ml", line 22, characters 35-66:
Warning 8: this pattern-matching is not exhaustive.
Here is an example of a value that is not matched:
(E _|Err _)
File "extracted/FStar_Pervasives.ml", line 25, characters 35-66:
Warning 8: this pattern-matching is not exhaustive.
Here is an example of a value that is not matched:
(V _|Err _)
File "extracted/FStar_Pervasives.ml", line 28, characters 39-76:
Warning 8: this pattern-matching is not exhaustive.
Here is an example of a value that is not matched:
(V _|E _)
File "extracted/FStar_Pervasives.ml", line 64, characters 38-72:
Warning 8: this pattern-matching is not exhaustive.
Here is an example of a value that is not matched:
None
File "extracted/FStar_Pervasives.ml", line 71, characters 37-70:
Warning 8: this pattern-matching is not exhaustive.
Here is an example of a value that is not matched:
Inr _
File "extracted/FStar_Pervasives.ml", line 74, characters 37-70:
Warning 8: this pattern-matching is not exhaustive.
Here is an example of a value that is not matched:
Inl _
'C:/Build/Agent1/_work/2/s/up-to-date.' is not recognized as an internal or external command,
operable program or batch file.
'C:/Build/Agent1/_work/2/s/up-to-date.' is not recognized as an internal or external command,
operable program or batch file.
'C:/Build/Agent1/_work/2/s/up-to-date.' is not recognized as an internal or external command,
operable program or batch file.
'C:/Build/Agent1/_work/2/s/up-to-date.' is not recognized as an internal or external command,
operable program or batch file.
'C:/Build/Agent1/_work/2/s/up-to-date.' is not recognized as an internal or external command,
operable program or batch file.
'C:/Build/Agent1/_work/2/s/up-to-date.' is not recognized as an internal or external command,
operable program or batch file.
'C:/Build/Agent1/_work/2/s/up-to-date.' is not recognized as an internal or external command,
operable program or batch file.
'C:/Build/Agent1/_work/2/s/up-to-date.' is not recognized as an internal or external command,
operable program or batch file.
'C:/Build/Agent1/_work/2/s/up-to-date.' is not recognized as an internal or external command,
operable program or batch file.
'C:/Build/Agent1/_work/2/s/up-to-date.' is not recognized as an internal or external command,
operable program or batch file.
'C:/Build/Agent1/_work/2/s/up-to-date.' is not recognized as an internal or external command,
operable program or batch file.
'C:/Build/Agent1/_work/2/s/up-to-date.' is not recognized as an internal or external command,
operable program or batch file.
'C:/Build/Agent1/_work/2/s/up-to-date.' is not recognized as an internal or external command,
operable program or batch file.
'C:/Build/Agent1/_work/2/s/up-to-date.' is not recognized as an internal or external command,
operable program or batch file.
'C:/Build/Agent1/_work/2/s/up-to-date.' is not recognized as an internal or external command,
operable program or batch file.
'C:/Build/Agent1/_work/2/s/up-to-date.' is not recognized as an internal or external command,
operable program or batch file.
Warning: Unable to open hints file: C:\Build\Agent1\_work\2\s\examples\hello\hello.fst.hints; ran without hints
.\hello.fst(5,0-5,37): (Warning) Top-level let-bindings must be total; this term may have effects
'C:/Build/Agent1/_work/2/s/up-to-date.' is not recognized as an internal or external command,
operable program or batch file.
Unexpected error
Sys_error("Invalid argument")
Raised by primitive operation at file "pervasives.ml", line 302, characters 2-47
Called from file "src/basic/ml/FStar_Util.ml", line 150, characters 2-28
Called from file "src/ocaml-output/FStar_SMTEncoding_Z3.ml", line 449, characters 25-58
Called from file "src/ocaml-output/FStar_SMTEncoding_Z3.ml", line 502, characters 27-47
Called from file "src/ocaml-output/FStar_SMTEncoding_Z3.ml", line 639, characters 21-29
Called from file "src/ocaml-output/FStar_SMTEncoding_Solver.ml", line 1060, characters 19-73
Called from file "list.ml", line 73, characters 12-15
Called from file "ulib/ml/FStar_All.ml", line 3, characters 21-24
Called from file "src/ocaml-output/FStar_TypeChecker_Rel.ml", line 7392, characters 24-56
Called from file "src/ocaml-output/FStar_TypeChecker_TcTerm.ml", line 2962, characters 35-128
Called from file "src/ocaml-output/FStar_TypeChecker_TcTerm.ml", line 5442, characters 21-1023
Called from file "src/ocaml-output/FStar_TypeChecker_TcTerm.ml", line 4548, characters 27-59
Called from file "src/ocaml-output/FStar_TypeChecker_Tc.ml", line 3699, characters 20-1023
Called from file "src/ocaml-output/FStar_TypeChecker_Tc.ml", line 4093, characters 31-46
Called from file "src/basic/ml/FStar_Util.ml", line 572, characters 30-37
Called from file "src/ocaml-output/FStar_TypeChecker_Tc.ml", line 4139, characters 8-70
Called from file "src/ocaml-output/FStar_TypeChecker_Tc.ml", line 4227, characters 25-77
Called from file "src/ocaml-output/FStar_TypeChecker_Tc.ml", line 4493, characters 23-49
Called from file "src/basic/ml/FStar_Util.ml", line 44, characters 14-18
Called from file "src/ocaml-output/FStar_Universal.ml", line 287, characters 34-233
Called from file "list.ml", line 84, characters 24-34
Called from file "ulib/ml/FStar_All.ml", line 3, characters 21-24
Called from file "src/ocaml-output/FStar_SMTEncoding_Solver.ml", line 104, characters 16-20
Called from file "src/ocaml-output/FStar_Universal.ml", line 357, characters 32-71
Called from file "src/ocaml-output/FStar_Universal.ml", line 376, characters 31-72
Called from file "src/ocaml-output/FStar_Universal.ml", line 392, characters 24-71
Called from file "src/ocaml-output/FStar_Universal.ml", line 432, characters 26-68
Called from file "src/ocaml-output/FStar_Main.ml", line 208, characters 27-67
Called from file "src/ocaml-output/FStar_Main.ml", line 230, characters 6-11

make[1]: *** [Makefile:13: ocaml] Error 1
make: *** [Makefile:256: utest] Error 2
