make[1]: warning: jobserver unavailable: using -j1.  Add '+' to parent make rule.
make[1]: warning: jobserver unavailable: using -j1.  Add '+' to parent make rule.
Warning: you are using the standard library and/or the %inline keyword. We
recommend switching on --infer in order to avoid obscure type error messages.
warning: CRLF will be replaced by LF in src/parser/parse.fsi.
The file will have its original line endings in your working directory.
File "src/basic/ml/FStar_Util.ml", line 47, characters 57-65:
Warning 40: st_mtime was selected from type BatUnix.stats.
It is not visible in the current scope, and will not 
be selected if the type becomes unknown.
File "src/basic/ml/FStar_Util.ml", line 47, characters 57-65:
Warning 40: st_mtime was selected from type BatUnix.stats.
It is not visible in the current scope, and will not 
be selected if the type becomes unknown.
make[3]: warning: jobserver unavailable: using -j1.  Add '+' to parent make rule.
.\u_boot_fsts\FStar.Syntax.Syntax.fst(394,0-394,33): (Warning) Annotation from val declaration overrides inline type annotation
.\u_boot_fsts\FStar.Syntax.Syntax.fst(445,0-445,48): (Warning) Annotation from val declaration overrides inline type annotation
.\u_boot_fsts\FStar.Syntax.Syntax.fst(446,0-446,76): (Warning) Annotation from val declaration overrides inline type annotation
.\u_boot_fsts\FStar.Syntax.Syntax.fst(496,0-498,38): (Warning) Annotation from val declaration overrides inline type annotation
.\u_boot_fsts\FStar.TypeChecker.Util.fst(71,0-73,32): (Warning) Annotation from val declaration overrides inline type annotation
.\u_boot_fsts\FStar.TypeChecker.Env.fst(282,0-286,35): (Warning) Annotation from val declaration overrides inline type annotation
.\u_boot_fsts\FStar.TypeChecker.Env.fst(720,0-722,39): (Warning) Annotation from val declaration overrides inline type annotation
warning: CRLF will be replaced by LF in src/parser/ml/parse.mly.
The file will have its original line endings in your working directory.
warning: CRLF will be replaced by LF in src/parser/parse.fsi.
The file will have its original line endings in your working directory.
warning: CRLF will be replaced by LF in src/parser/parse.fsy.
The file will have its original line endings in your working directory.
make[3]: warning: jobserver unavailable: using -j1.  Add '+' to parent make rule.
make[3]: warning: jobserver unavailable: using -j1.  Add '+' to parent make rule.
.\hello.fst(5,0-5,37): (Warning) Top-level let-bindings must be total; this term may have effects
.\Ex01a.fst(68,0-68,48): (Warning) Top-level let-bindings must be total; this term may have effects
.\Ex01a.fst(58,0-58,48): (Warning) Top-level let-bindings must be total; this term may have effects
.\Encrypt_SymEnc.fst(30,0-30,18): (Warning) Top-level let-bindings must be total; this term may have effects
WARNING: (7012,51): pattern does not contain all quantified variables.
WARNING: (7012,51): pattern does not contain all quantified variables.
.\MAC.fst(45,0-45,35): (Warning) Top-level let-bindings must be total; this term may have effects
.\Platform.Bytes.fst(15,32-18,29): (Warning) Pattern misses at least one bound variable: uu___#417709
Unexpected error
FStar_Errors.Error(_)
Raised at file "src/ocaml-output/FStar_TypeChecker_Env.ml", line 1681, characters 23-33
Called from file "src/ocaml-output/FStar_TypeChecker_Util.ml", line 967, characters 10-62
Called from file "src/ocaml-output/FStar_TypeChecker_Util.ml", line 1279, characters 33-57
Called from file "src/ocaml-output/FStar_TypeChecker_TcTerm.ml", line 4875, characters 27-250
Called from file "src/ocaml-output/FStar_TypeChecker_TcTerm.ml", line 4871, characters 22-44
Called from file "src/ocaml-output/FStar_TypeChecker_TcTerm.ml", line 2880, characters 22-1023
Called from file "src/ocaml-output/FStar_TypeChecker_TcTerm.ml", line 5576, characters 21-1023
Called from file "src/ocaml-output/FStar_TypeChecker_TcTerm.ml", line 4674, characters 27-59
Called from file "src/ocaml-output/FStar_TypeChecker_Tc.ml", line 3775, characters 20-1023
Called from file "src/ocaml-output/FStar_TypeChecker_Tc.ml", line 4174, characters 31-46
Called from file "src/basic/ml/FStar_Util.ml", line 572, characters 30-37
Called from file "src/ocaml-output/FStar_TypeChecker_Tc.ml", line 4220, characters 8-70
Called from file "src/ocaml-output/FStar_TypeChecker_Tc.ml", line 4308, characters 25-77
Called from file "src/ocaml-output/FStar_TypeChecker_Tc.ml", line 4578, characters 23-49
Called from file "src/basic/ml/FStar_Util.ml", line 44, characters 14-18
Called from file "src/ocaml-output/FStar_Universal.ml", line 302, characters 34-233
Called from file "list.ml", line 84, characters 24-34
Called from file "ulib/ml/FStar_All.ml", line 3, characters 21-24
Called from file "src/ocaml-output/FStar_SMTEncoding_Solver.ml", line 110, characters 16-20
Called from file "src/ocaml-output/FStar_Universal.ml", line 383, characters 18-101
Called from file "src/ocaml-output/FStar_Universal.ml", line 407, characters 31-72
Called from file "src/ocaml-output/FStar_Universal.ml", line 424, characters 24-71
Called from file "src/ocaml-output/FStar_Universal.ml", line 465, characters 26-68
Called from file "src/ocaml-output/FStar_Main.ml", line 213, characters 27-67
Called from file "src/ocaml-output/FStar_Main.ml", line 236, characters 6-11

nested.pos\Test.fst(57,2-66,4): (Error) Effects STATE and STATE cannot be composed
1 error was reported (see above)
make[3]: *** [Makefile:17: nested.pos.pver] Error 1
WARNING: (6963,46): pattern does not contain any variable.
WARNING: (7146,46): pattern does not contain any variable.
WARNING: (6862,46): pattern does not contain any variable.
.\Platform.Bytes.fst(257,22-260,30): (Warning) Pattern misses at least one bound variable: i#454201
.\RPC.fst(9,0-9,53): (Warning) Top-level let-bindings must be total; this term may have effects
.\RPC.fst(23,0-23,39): (Warning) Top-level let-bindings must be total; this term may have effects
.\Platform.Bytes.fst(261,8-261,24): (Warning) Pattern misses at least one bound variable: i#456200 (see also .\Platform.Bytes.fst(257,156-260,30))
WARNING: (7168,46): pattern does not contain any variable.
.\RPC.fst(48,0-49,16): (Warning) Top-level let-bindings must be total; this term may have effects
.\Ex10a.fst(28,0-28,22): (Warning) Top-level let-bindings must be total; this term may have effects
.\RPC.fst(116,0-116,17): (Warning) Top-level let-bindings must be total; this term may have effects
WARNING: (66219,46): pattern does not contain any variable.
WARNING: (70115,43): pattern does not contain all quantified variables.
WARNING: (66219,46): pattern does not contain any variable.
WARNING: (70115,43): pattern does not contain all quantified variables.
.\CntProtocol.fst(14,0-14,53): (Warning) Top-level let-bindings must be total; this term may have effects
WARNING: (66219,46): pattern does not contain any variable.
WARNING: (70115,43): pattern does not contain all quantified variables.
.\CntProtocol.fst(29,0-29,26): (Warning) Top-level let-bindings must be total; this term may have effects
.\CntProtocol.fst(32,0-32,54): (Warning) Top-level let-bindings must be total; this term may have effects
.\CntProtocol.fst(35,0-35,54): (Warning) Top-level let-bindings must be total; this term may have effects
WARNING: (66219,46): pattern does not contain any variable.
WARNING: (70115,43): pattern does not contain all quantified variables.
WARNING: (66219,46): pattern does not contain any variable.
WARNING: (70115,43): pattern does not contain all quantified variables.
.\CntProtocol.fst(99,0-99,39): (Warning) Top-level let-bindings must be total; this term may have effects
.\CntProtocol.fst(126,0-126,18): (Warning) Top-level let-bindings must be total; this term may have effects
WARNING: (66219,46): pattern does not contain any variable.
WARNING: (70115,43): pattern does not contain all quantified variables.
WARNING: (66219,46): pattern does not contain any variable.
WARNING: (70115,43): pattern does not contain all quantified variables.
WARNING: (66219,46): pattern does not contain any variable.
WARNING: (70115,43): pattern does not contain all quantified variables.
Warning: Unable to open hints file: C:\Build\Agent1\_work\2\s\ulib\FStar.Pervasives.Native.fst.hints; ran without hints
WARNING: (66219,46): pattern does not contain any variable.
WARNING: (70115,43): pattern does not contain all quantified variables.
.\CntProtocol.fst(172,0-188,5): (Warning) Top-level let-bindings must be total; this term may have effects
WARNING: (66219,46): pattern does not contain any variable.
WARNING: (70115,43): pattern does not contain all quantified variables.
WARNING: (66219,46): pattern does not contain any variable.
WARNING: (70115,43): pattern does not contain all quantified variables.
Unexpected error
FStar_Errors.Error(_)
Raised at file "src/ocaml-output/FStar_ToSyntax_Env.ml", line 2523, characters 12-71
Called from file "src/ocaml-output/FStar_ToSyntax_ToSyntax.ml", line 1539, characters 14-206
Called from file "src/ocaml-output/FStar_ToSyntax_ToSyntax.ml", line 1395, characters 6-41
Called from file "src/batList.mlv", line 171, characters 23-28
Called from file "ulib/ml/FStar_All.ml", line 3, characters 21-24
Called from file "src/ocaml-output/FStar_ToSyntax_ToSyntax.ml", line 1395, characters 6-41
Called from file "src/batList.mlv", line 171, characters 23-28
Called from file "ulib/ml/FStar_All.ml", line 3, characters 21-24
Called from file "src/ocaml-output/FStar_ToSyntax_ToSyntax.ml", line 1395, characters 6-41
Called from file "src/batList.mlv", line 169, characters 28-33
Called from file "src/batList.mlv", line 172, characters 4-12
Called from file "ulib/ml/FStar_All.ml", line 3, characters 21-24
Called from file "src/ocaml-output/FStar_ToSyntax_ToSyntax.ml", line 1395, characters 6-41
Called from file "src/ocaml-output/FStar_ToSyntax_ToSyntax.ml", line 1395, characters 6-41
Called from file "src/batList.mlv", line 169, characters 28-33
Called from file "src/batList.mlv", line 172, characters 4-12
Called from file "src/ocaml-output/FStar_ToSyntax_ToSyntax.ml", line 3036, characters 35-56
Called from file "src/ocaml-output/FStar_ToSyntax_ToSyntax.ml", line 1956, characters 25-72
Called from file "src/ocaml-output/FStar_ToSyntax_ToSyntax.ml", line 1395, characters 6-41
Called from file "src/ocaml-output/FStar_ToSyntax_ToSyntax.ml", line 5583, characters 35-54
Called from file "list.ml", line 84, characters 24-34
Called from file "src/ocaml-output/FStar_ToSyntax_ToSyntax.ml", line 5634, characters 30-54
Called from file "src/ocaml-output/FStar_ToSyntax_ToSyntax.ml", line 5685, characters 8-63
Called from file "src/ocaml-output/FStar_ToSyntax_ToSyntax.ml", line 5718, characters 37-57
Called from file "list.ml", line 84, characters 24-34
Called from file "src/ocaml-output/FStar_ToSyntax_ToSyntax.ml", line 5713, characters 8-326
Called from file "src/ocaml-output/FStar_Universal.ml", line 290, characters 26-47
Called from file "src/ocaml-output/FStar_Universal.ml", line 383, characters 18-101
Called from file "src/ocaml-output/FStar_Universal.ml", line 407, characters 31-72
Called from file "src/ocaml-output/FStar_Universal.ml", line 424, characters 24-71
Called from file "src/ocaml-output/FStar_Universal.ml", line 465, characters 26-68
Called from file "src/ocaml-output/FStar_Main.ml", line 213, characters 27-67
Called from file "src/ocaml-output/FStar_Main.ml", line 236, characters 6-11

.\EtM.MAC.fst(90,14-90,20): (Error) Identifier not found: [Ideal.uf_cma]
Module Ideal does not belong to the list of modules in scope, namely EtM.CPA, FStar.Monotonic.Seq, FStar.Monotonic.RRef, HyperStack.CoreCrypto, FStar.HyperStack.ST, FStar.HyperStack, FStar.HyperHeap, FStar.Ghost, EtM.Plain, EtM.Ideal, FStar.Map, CoreCrypto, FStar.ST, FStar.Heap, FStar.TSet, FStar.PredicateExtensionality, FStar.PropositionalExtensionality, FStar.Set, FStar.FunctionalExtensionality, Platform.Bytes, FStar.Char, FStar.Seq, FStar.Seq.Properties, FStar.Seq.Base, FStar.List.Tot, FStar.List.Tot.Properties, FStar.List.Tot.Base, FStar.Classical, FStar.StrongExcludedMiddle, FStar.Squash, FStar.Pervasives, FStar.Pervasives.Native, Prims
1 error was reported (see above)
make[3]: *** [Makefile:61: verify_hh-EtM.MAC.fst] Error 1
WARNING: (66219,46): pattern does not contain any variable.
WARNING: (70115,43): pattern does not contain all quantified variables.
.\Ex12a.Cap.fst(20,0-20,26): (Warning) Top-level let-bindings must be total; this term may have effects
.\Platform.Bytes.fst(15,40-18,29): (Warning) Pattern misses at least one bound variable: uu___#490752
.\Platform.Bytes.fst(261,8-261,24): (Warning) Pattern misses at least one bound variable: i#499140 (see also .\Platform.Bytes.fst(257,156-260,30))
.\Ex12b.RPC.fst(8,0-8,53): (Warning) Top-level let-bindings must be total; this term may have effects
.\Ex12b.RPC.fst(21,0-21,39): (Warning) Top-level let-bindings must be total; this term may have effects
.\Ex12b.RPC.fst(53,0-54,16): (Warning) Top-level let-bindings must be total; this term may have effects
.\Ex12b.RPC.fst(123,0-123,17): (Warning) Top-level let-bindings must be total; this term may have effects
Unexpected error
FStar_Errors.Error(_)
Raised at file "src/ocaml-output/FStar_ToSyntax_Env.ml", line 2523, characters 12-71
Called from file "src/ocaml-output/FStar_ToSyntax_ToSyntax.ml", line 1539, characters 14-206
Called from file "src/ocaml-output/FStar_ToSyntax_ToSyntax.ml", line 1395, characters 6-41
Called from file "src/batList.mlv", line 171, characters 23-28
Called from file "ulib/ml/FStar_All.ml", line 3, characters 21-24
Called from file "src/ocaml-output/FStar_ToSyntax_ToSyntax.ml", line 1395, characters 6-41
Called from file "src/batList.mlv", line 171, characters 23-28
Called from file "ulib/ml/FStar_All.ml", line 3, characters 21-24
Called from file "src/ocaml-output/FStar_ToSyntax_ToSyntax.ml", line 1395, characters 6-41
Called from file "src/batList.mlv", line 169, characters 28-33
Called from file "src/batList.mlv", line 172, characters 4-12
Called from file "ulib/ml/FStar_All.ml", line 3, characters 21-24
Called from file "src/ocaml-output/FStar_ToSyntax_ToSyntax.ml", line 1395, characters 6-41
Called from file "src/ocaml-output/FStar_ToSyntax_ToSyntax.ml", line 1395, characters 6-41
Called from file "src/batList.mlv", line 169, characters 28-33
Called from file "src/batList.mlv", line 172, characters 4-12
Called from file "src/ocaml-output/FStar_ToSyntax_ToSyntax.ml", line 3036, characters 35-56
Called from file "src/ocaml-output/FStar_ToSyntax_ToSyntax.ml", line 1956, characters 25-72
Called from file "src/ocaml-output/FStar_ToSyntax_ToSyntax.ml", line 1395, characters 6-41
Called from file "src/ocaml-output/FStar_ToSyntax_ToSyntax.ml", line 5583, characters 35-54
Called from file "list.ml", line 84, characters 24-34
Called from file "src/ocaml-output/FStar_ToSyntax_ToSyntax.ml", line 5634, characters 30-54
Called from file "src/ocaml-output/FStar_ToSyntax_ToSyntax.ml", line 5685, characters 8-63
Called from file "src/ocaml-output/FStar_ToSyntax_ToSyntax.ml", line 5718, characters 37-57
Called from file "list.ml", line 84, characters 24-34
Called from file "src/ocaml-output/FStar_ToSyntax_ToSyntax.ml", line 5713, characters 8-326
Called from file "src/ocaml-output/FStar_Universal.ml", line 290, characters 26-47
Called from file "src/ocaml-output/FStar_Universal.ml", line 383, characters 18-101
Called from file "src/ocaml-output/FStar_Universal.ml", line 407, characters 31-72
Called from file "src/ocaml-output/FStar_Universal.ml", line 424, characters 24-71
Called from file "src/ocaml-output/FStar_Universal.ml", line 465, characters 26-68
Called from file "src/ocaml-output/FStar_Main.ml", line 213, characters 27-67
Called from file "src/ocaml-output/FStar_Main.ml", line 236, characters 6-11

.\EtM.MAC.fst(90,14-90,20): (Error) Identifier not found: [Ideal.uf_cma]
Module Ideal does not belong to the list of modules in scope, namely EtM.CPA, FStar.Monotonic.Seq, FStar.Monotonic.RRef, EtM.Plain, EtM.Ideal, HyperStack.CoreCrypto, FStar.HyperStack.ST, FStar.HyperStack, FStar.HyperHeap, FStar.Ghost, FStar.Map, CoreCrypto, FStar.ST, FStar.Heap, FStar.TSet, FStar.PredicateExtensionality, FStar.PropositionalExtensionality, FStar.Set, FStar.FunctionalExtensionality, Platform.Bytes, FStar.Char, FStar.Seq, FStar.Seq.Properties, FStar.Seq.Base, FStar.List.Tot, FStar.List.Tot.Properties, FStar.List.Tot.Base, FStar.Classical, FStar.StrongExcludedMiddle, FStar.Squash, FStar.Pervasives, FStar.Pervasives.Native, Prims
1 error was reported (see above)
make[3]: *** [Makefile:61: verify_hh-EtM.AE.fst] Error 1
make[5]: warning: jobserver unavailable: using -j1.  Add '+' to parent make rule.
File "ulib/ml/extracted/FStar_Pointer.ml", line 312, characters 29-59:
Warning 20: this argument will not be used by the function.
File "ulib/ml/extracted/FStar_Pointer.ml", line 318, characters 27-59:
Warning 20: this argument will not be used by the function.
File "ulib/ml/extracted/FStar_Pointer.ml", line 319, characters 12-44:
Warning 20: this argument will not be used by the function.
File "ulib/ml/extracted/FStar_Pointer.ml", line 414, characters 24-25:
Warning 20: this argument will not be used by the function.
File "ulib/ml/extracted/FStar_Pointer.ml", line 414, characters 26-28:
Warning 20: this argument will not be used by the function.
File "ulib/ml/extracted/FStar_Pointer.ml", line 78, characters 2-221:
Error: The type of this expression,
'_a -> ('_b, Obj.t) path -> ('c, Obj.t) path,
contains type variables that cannot be generalized
make[4]: *** [Makefile:20: fstarlib.cmxa] Error 2
make[4]: Target 'all' not remade because of errors.
make[3]: *** [Makefile:56: Ex01a-ocaml] Error 2
make[3]: Target 'all' not remade because of errors.
make[2]: *** [Makefile:35: ../doc/tutorial/code/solutions.all] Error 2
.\Ex10a.fst(28,0-28,22): (Warning) Top-level let-bindings must be total; this term may have effects
Unexpected error
FStar_Errors.Error(_)
Raised at file "src/ocaml-output/FStar_ToSyntax_Env.ml", line 2523, characters 12-71
Called from file "src/ocaml-output/FStar_ToSyntax_ToSyntax.ml", line 1539, characters 14-206
Called from file "src/ocaml-output/FStar_ToSyntax_ToSyntax.ml", line 1402, characters 6-41
Called from file "src/ocaml-output/FStar_ToSyntax_ToSyntax.ml", line 5583, characters 35-54
Called from file "list.ml", line 84, characters 24-34
Called from file "src/ocaml-output/FStar_ToSyntax_ToSyntax.ml", line 5634, characters 30-54
Called from file "src/ocaml-output/FStar_ToSyntax_ToSyntax.ml", line 5685, characters 8-63
Called from file "src/ocaml-output/FStar_ToSyntax_ToSyntax.ml", line 5718, characters 37-57
Called from file "list.ml", line 84, characters 24-34
Called from file "src/ocaml-output/FStar_ToSyntax_ToSyntax.ml", line 5713, characters 8-326
Called from file "src/ocaml-output/FStar_Universal.ml", line 290, characters 26-47
Called from file "src/ocaml-output/FStar_Universal.ml", line 383, characters 18-101
Called from file "src/ocaml-output/FStar_Universal.ml", line 407, characters 31-72
Called from file "src/ocaml-output/FStar_Universal.ml", line 424, characters 24-71
Called from file "src/ocaml-output/FStar_Universal.ml", line 465, characters 26-68
Called from file "src/ocaml-output/FStar_Main.ml", line 213, characters 27-67
Called from file "src/ocaml-output/FStar_Main.ml", line 236, characters 6-11

.\HyE.PlainPKE.fst(7,13-7,18): (Error) Identifier not found: [RSA.plain]
Module RSA does not belong to the list of modules in scope, namely HyE.RSA, HyE.AE, HyperStack.CoreCrypto, HyE.Plain, HyE.Ideal, FStar.Monotonic.Seq, FStar.Monotonic.RRef, FStar.HyperStack.ST, FStar.HyperStack, FStar.HyperHeap, FStar.Map, FStar.Ghost, FStar.BaseTypes, FStar.Float, FStar.UInt8, FStar.Int8, FStar.Int16, FStar.UInt16, FStar.Int32, FStar.Int64, FStar.Int, FStar.UInt64, FStar.UInt32, FStar.UInt, FStar.BitVector, FStar.Math.Lemmas, FStar.Math.Lib, FStar.Mul, CoreCrypto, FStar.ST, FStar.Heap, FStar.TSet, FStar.PredicateExtensionality, FStar.PropositionalExtensionality, FStar.Set, FStar.FunctionalExtensionality, Platform.Bytes, FStar.Char, FStar.Seq, FStar.Seq.Properties, FStar.Seq.Base, FStar.List.Tot, FStar.List.Tot.Properties, FStar.List.Tot.Base, FStar.Classical, FStar.StrongExcludedMiddle, FStar.Squash, FStar.Pervasives, FStar.Pervasives.Native, Prims
1 error was reported (see above)
make[3]: *** [Makefile:61: verify_hh-HyE.PlainPKE.fst] Error 1
jsonparser.pos\Test.fst(0,0-0,0): (Warning) Test: Unexpected output from Z3: (error "line 134392 column 95: Wrong number of arguments (1) passed to function (declare-fun JSONParser.Spec.object_as_type.fuel_instrumented

jsonparser.pos\Test.fst(0,0-0,0): (Warning) Test: Unexpected output from Z3: (Fuel Term Term Term Term)

jsonparser.pos\Test.fst(0,0-0,0): (Warning) Test: Unexpected output from Z3: Term)")

jsonparser.pos\Test.fst(0,0-0,0): (Warning) Test: Unexpected output from Z3: (error "line 134415 column 82: Wrong number of arguments (1) passed to function (declare-fun JSONParser.Spec.object_as_type.fuel_instrumented

jsonparser.pos\Test.fst(0,0-0,0): (Warning) Test: Unexpected output from Z3: (Fuel Term Term Term Term)

jsonparser.pos\Test.fst(0,0-0,0): (Warning) Test: Unexpected output from Z3: Term)")

jsonparser.pos\Test.fst(0,0-0,0): (Warning) Test: Unexpected output from Z3: (error "line 135689 column 47: Wrong number of arguments (1) passed to function (declare-fun JSONParser.Spec.gprint.fuel_instrumented (Fuel Term Term) Term)")

jsonparser.pos\Test.fst(0,0-0,0): (Warning) Test: Unexpected output from Z3: (error "line 138732 column 47: Wrong number of arguments (1) passed to function (declare-fun JSONParser.Spec.gparse.fuel_instrumented

jsonparser.pos\Test.fst(0,0-0,0): (Warning) Test: Unexpected output from Z3: (Fuel Term Term Term)

jsonparser.pos\Test.fst(0,0-0,0): (Warning) Test: Unexpected output from Z3: Term)")

.\Ex12a.Cap.fst(22,0-22,26): (Warning) Top-level let-bindings must be total; this term may have effects
Unexpected error
FStar_Errors.Error(_)
Raised at file "src/ocaml-output/FStar_ToSyntax_Env.ml", line 2523, characters 12-71
Called from file "src/ocaml-output/FStar_ToSyntax_ToSyntax.ml", line 1539, characters 14-206
Called from file "src/ocaml-output/FStar_ToSyntax_ToSyntax.ml", line 1402, characters 6-41
Called from file "src/ocaml-output/FStar_ToSyntax_ToSyntax.ml", line 5583, characters 35-54
Called from file "list.ml", line 84, characters 24-34
Called from file "src/ocaml-output/FStar_ToSyntax_ToSyntax.ml", line 5634, characters 30-54
Called from file "src/ocaml-output/FStar_ToSyntax_ToSyntax.ml", line 5685, characters 8-63
Called from file "src/ocaml-output/FStar_ToSyntax_ToSyntax.ml", line 5718, characters 37-57
Called from file "list.ml", line 84, characters 24-34
Called from file "src/ocaml-output/FStar_ToSyntax_ToSyntax.ml", line 5713, characters 8-326
Called from file "src/ocaml-output/FStar_Universal.ml", line 290, characters 26-47
Called from file "src/ocaml-output/FStar_Universal.ml", line 383, characters 18-101
Called from file "src/ocaml-output/FStar_Universal.ml", line 407, characters 31-72
Called from file "src/ocaml-output/FStar_Universal.ml", line 424, characters 24-71
Called from file "src/ocaml-output/FStar_Universal.ml", line 465, characters 26-68
Called from file "src/ocaml-output/FStar_Main.ml", line 213, characters 27-67
Called from file "src/ocaml-output/FStar_Main.ml", line 236, characters 6-11

.\HyE.PlainPKE.fst(7,13-7,18): (Error) Identifier not found: [RSA.plain]
Module RSA does not belong to the list of modules in scope, namely HyE.RSA, HyE.AE, HyperStack.CoreCrypto, HyE.Plain, HyE.Ideal, FStar.Monotonic.Seq, FStar.Monotonic.RRef, FStar.HyperStack.All, FStar.HyperStack.ST, FStar.HyperStack, FStar.HyperHeap, FStar.Map, FStar.Ghost, FStar.BaseTypes, FStar.Float, FStar.UInt8, FStar.Int8, FStar.Int16, FStar.UInt16, FStar.Int32, FStar.Int64, FStar.Int, FStar.UInt64, FStar.UInt32, FStar.UInt, FStar.BitVector, FStar.Math.Lemmas, FStar.Math.Lib, FStar.Mul, CoreCrypto, FStar.ST, FStar.Heap, FStar.TSet, FStar.PredicateExtensionality, FStar.PropositionalExtensionality, FStar.Set, FStar.FunctionalExtensionality, Platform.Bytes, FStar.Char, FStar.Seq, FStar.Seq.Properties, FStar.Seq.Base, FStar.List.Tot, FStar.List.Tot.Properties, FStar.List.Tot.Base, FStar.Classical, FStar.StrongExcludedMiddle, FStar.Squash, FStar.Pervasives, FStar.Pervasives.Native, Prims
1 error was reported (see above)
make[3]: *** [Makefile:61: verify_hh-HyE.CCA2.fst] Error 1
.\TestMRef.fst(8,0-8,20): (Warning) Top-level let-bindings must be total; this term may have effects
Unexpected error
FStar_Errors.Error(_)
Raised at file "src/ocaml-output/FStar_ToSyntax_Env.ml", line 2523, characters 12-71
Called from file "src/ocaml-output/FStar_ToSyntax_ToSyntax.ml", line 1539, characters 14-206
Called from file "src/ocaml-output/FStar_ToSyntax_ToSyntax.ml", line 1402, characters 6-41
Called from file "src/ocaml-output/FStar_ToSyntax_ToSyntax.ml", line 5583, characters 35-54
Called from file "list.ml", line 84, characters 24-34
Called from file "src/ocaml-output/FStar_ToSyntax_ToSyntax.ml", line 5634, characters 30-54
Called from file "src/ocaml-output/FStar_ToSyntax_ToSyntax.ml", line 5685, characters 8-63
Called from file "src/ocaml-output/FStar_ToSyntax_ToSyntax.ml", line 5718, characters 37-57
Called from file "list.ml", line 84, characters 24-34
Called from file "src/ocaml-output/FStar_ToSyntax_ToSyntax.ml", line 5713, characters 8-326
Called from file "src/ocaml-output/FStar_Universal.ml", line 290, characters 26-47
Called from file "src/ocaml-output/FStar_Universal.ml", line 383, characters 18-101
Called from file "src/ocaml-output/FStar_Universal.ml", line 407, characters 31-72
Called from file "src/ocaml-output/FStar_Universal.ml", line 424, characters 24-71
Called from file "src/ocaml-output/FStar_Universal.ml", line 465, characters 26-68
Called from file "src/ocaml-output/FStar_Main.ml", line 213, characters 27-67
Called from file "src/ocaml-output/FStar_Main.ml", line 236, characters 6-11

.\HyE.PlainPKE.fst(7,13-7,18): (Error) Identifier not found: [RSA.plain]
Module RSA does not belong to the list of modules in scope, namely HyE.RSA, HyE.AE, HyperStack.CoreCrypto, HyE.Plain, HyE.Ideal, FStar.Monotonic.Seq, FStar.Monotonic.RRef, FStar.HyperStack.All, FStar.HyperStack.ST, FStar.HyperStack, FStar.HyperHeap, FStar.Map, FStar.Ghost, FStar.BaseTypes, FStar.Float, FStar.UInt8, FStar.Int8, FStar.Int16, FStar.UInt16, FStar.Int32, FStar.Int64, FStar.Int, FStar.UInt64, FStar.UInt32, FStar.UInt, FStar.BitVector, FStar.Math.Lemmas, FStar.Math.Lib, FStar.Mul, CoreCrypto, FStar.ST, FStar.Heap, FStar.TSet, FStar.PredicateExtensionality, FStar.PropositionalExtensionality, FStar.Set, FStar.FunctionalExtensionality, Platform.Bytes, FStar.Char, FStar.Seq, FStar.Seq.Properties, FStar.Seq.Base, FStar.List.Tot, FStar.List.Tot.Properties, FStar.List.Tot.Base, FStar.Classical, FStar.StrongExcludedMiddle, FStar.Squash, FStar.Pervasives, FStar.Pervasives.Native, Prims
1 error was reported (see above)
make[3]: *** [Makefile:61: verify_hh-HyE.HCCA2.fst] Error 1
make[3]: Target 'all' not remade because of errors.
make[2]: *** [Makefile:35: crypto.all] Error 2
make[3]: Target 'all' not remade because of errors.
make[2]: *** [Makefile:35: struct.all] Error 2
.\Mac.fst(70,0-70,35): (Warning) Top-level let-bindings must be total; this term may have effects
make[2]: Target 'all' not remade because of errors.
make[1]: *** [Makefile:276: uexamples] Error 2
make[1]: Target 'uregressions' not remade because of errors.
make: *** [Makefile:257: utest] Error 2
