make[1]: warning: jobserver unavailable: using -j1.  Add '+' to parent make rule.
make[1]: warning: jobserver unavailable: using -j1.  Add '+' to parent make rule.
warning: CRLF will be replaced by LF in doc/slides/popl2015/intro-tiny-fstar.mdk.
The file will have its original line endings in your working directory.
warning: CRLF will be replaced by LF in doc/slides/popl2015/overview-presentation.mdk.
The file will have its original line endings in your working directory.
warning: CRLF will be replaced by LF in src/parser/parse.fsi.
The file will have its original line endings in your working directory.
Warning: you are using the standard library and/or the %inline keyword. We
recommend switching on --infer in order to avoid obscure type error messages.
File "src/basic/ml/FStar_Util.ml", line 47, characters 57-65:
Warning 40: st_mtime was selected from type BatUnix.stats.
It is not visible in the current scope, and will not 
be selected if the type becomes unknown.
File "src/basic/ml/FStar_Util.ml", line 47, characters 57-65:
Warning 40: st_mtime was selected from type BatUnix.stats.
It is not visible in the current scope, and will not 
be selected if the type becomes unknown.
make[3]: warning: jobserver unavailable: using -j1.  Add '+' to parent make rule.
.\u_boot_fsts\FStar.Syntax.Syntax.fst(393,0-393,33): (Warning) Annotation from val declaration overrides inline type annotation
.\u_boot_fsts\FStar.Syntax.Syntax.fst(444,0-444,48): (Warning) Annotation from val declaration overrides inline type annotation
.\u_boot_fsts\FStar.Syntax.Syntax.fst(445,0-445,76): (Warning) Annotation from val declaration overrides inline type annotation
.\u_boot_fsts\FStar.Syntax.Syntax.fst(495,0-497,38): (Warning) Annotation from val declaration overrides inline type annotation
.\u_boot_fsts\FStar.TypeChecker.Util.fst(70,0-72,32): (Warning) Annotation from val declaration overrides inline type annotation
.\u_boot_fsts\FStar.TypeChecker.Env.fst(280,0-284,35): (Warning) Annotation from val declaration overrides inline type annotation
.\u_boot_fsts\FStar.TypeChecker.Env.fst(718,0-720,39): (Warning) Annotation from val declaration overrides inline type annotation
.\u_boot_fsts\FStar.Tactics.Interpreter.fst(254,16-254,31): (Error) Failed to resolve implicit argument of type 'Type0' introduced in uu___unification_ 183904 f
e
t
fv
uu___1098870
uu___1098871
uu___1098872
p
uu___1098874
q
uu___1098876
x
uu___1102166
q'
gs (see also .\u_boot_fsts\FStar.Tactics.Interpreter.fst(254,16-254,33))
1 error was reported (see above)
make[3]: *** [Makefile:201: u_extract_tactics] Error 1
.\u_boot_fsts\FStar.TypeChecker.DMFF.fst(1261,18-1261,22): (Error) Failed to resolve implicit argument of type 'Type' introduced in uu___unification_ 190396 env h is_monadic wp x (see also .\u_boot_fsts\FStar.TypeChecker.DMFF.fst(1261,13-1261,28))
1 error was reported (see above)
make[3]: *** [Makefile:181: u_extract_dmff] Error 1
.\u_boot_fsts\FStar.Extraction.ML.Code.fst(551,18-551,53): (Error) Failed to resolve implicit argument of type 'Type' introduced in uu___unification_ 176578 currentModule
uu___989921
rec_
top_level
lets
uu___990136
name
tys
uu___990140
e
pt
e (see also .\u_boot_fsts\FStar.Extraction.ML.Code.fst(551,33-551,37))
1 error was reported (see above)
make[3]: *** [Makefile:198: u_extract_extraction] Error 1
.\u_boot_fsts\FStar.Interactive.fst(166,47-166,58): (Error) Failed to resolve implicit argument of type 'Type' introduced in uu___unification_ 292109 m stack env remaining ts uu___2307068 stack env
C:\Build\Agent1\_work\2\s\src\u_boot_fsts\FStar.Legacy.Interactive.fst(293,47-293,58): (Error) Failed to resolve implicit argument of type 'Type' introduced in uu___unification_ 316233 m stack env remaining ts uu___2581603 stack env
2 errors were reported (see above)
make[3]: *** [Makefile:218: u_extract_fstar] Error 1
.\u_boot_fsts\FStar.TypeChecker.TcTerm.fst(1392,80-1392,102): (Error) Failed to resolve implicit argument of type 'Type0' introduced in uu___unification_ 208426 scrutinee
env
branch
uu___1986020
pattern
when_clause
branch_exp
uu___1986435
cpat
uu___1986438
cbr
allow_implicits
pat_t
p0
uu___1987614
pat_bvs
exp
p
pat_env
uu___1989679
env1
uu___1989682
env1
expected_pat_t
uu___1993071
exp
lc
g
g'
g
uu___1997275
norm_exp
1 error was reported (see above)
make[3]: *** [Makefile:184: u_extract_tcterm] Error 1
.\u_boot_fsts\FStar.ToSyntax.ToSyntax.fst(1367,16-1367,20): (Error) Failed to resolve implicit argument of type 'Type' introduced in uu___unification_ 234870 env f connective mk
.\u_boot_fsts\FStar.ToSyntax.ToSyntax.fst(2232,56-2232,58): (Error) Failed to resolve implicit argument of type 'Type' introduced in uu___unification_ 270810 env d trans_qual id term t t l qual se se' env env data_ops
2 errors were reported (see above)
make[3]: *** [Makefile:195: u_extract_tosyntax] Error 1
.\u_boot_fsts\FStar.TypeChecker.Rel.fst(859,26-859,34): (Error) Failed to resolve implicit argument of type 'Type' introduced in uu___unification_ 172639 env t t matches bs c uu___1007230
1 error was reported (see above)
make[3]: *** [Makefile:175: u_extract_rel] Error 1
.\u_boot_fsts\FStar.SMTEncoding.Encode.fst(1117,36-1117,79): (Error) Failed to resolve implicit argument of type 'Type' introduced in uu___unification_ 188777 t env list_elements (see also .\u_boot_fsts\FStar.SMTEncoding.Encode.fst(1080,83-1080,87))
1 error was reported (see above)
make[3]: *** [Makefile:210: u_extract_encode] Error 1
make[3]: Target 'u_extract_all' not remade because of errors.
make[2]: *** [Makefile:230: ocaml] Error 2
make[1]: *** [Makefile:240: fstar-ocaml] Error 2
make: *** [Makefile:255: utest] Error 2
