warning: CRLF will be replaced by LF in src/parser/parse.fsi.
The file will have its original line endings in your working directory.
Warning: you are using the standard library and/or the %inline keyword. We
recommend switching on --infer in order to avoid obscure type error messages.
File "src/basic/ml/FStar_Util.ml", line 49, characters 57-65:
Warning 40: st_mtime was selected from type BatUnix.stats.
It is not visible in the current scope, and will not 
be selected if the type becomes unknown.
File "src/basic/ml/FStar_Util.ml", line 49, characters 57-65:
Warning 40: st_mtime was selected from type BatUnix.stats.
It is not visible in the current scope, and will not 
be selected if the type becomes unknown.
.\u_boot_fsts\FStar.Syntax.Syntax.fst(430,0-430,48): (Warning) Annotation from val declaration overrides inline type annotation
.\u_boot_fsts\FStar.Syntax.Syntax.fst(431,0-431,76): (Warning) Annotation from val declaration overrides inline type annotation
.\u_boot_fsts\FStar.Syntax.Syntax.fst(481,0-483,38): (Warning) Annotation from val declaration overrides inline type annotation
.\u_boot_fsts\FStar.TypeChecker.Env.fst(299,0-303,35): (Warning) Annotation from val declaration overrides inline type annotation
.\u_boot_fsts\FStar.TypeChecker.Util.fst(70,0-72,32): (Warning) Annotation from val declaration overrides inline type annotation
.\u_boot_fsts\FStar.TypeChecker.Env.fst(733,0-735,39): (Warning) Annotation from val declaration overrides inline type annotation
warning: CRLF will be replaced by LF in src/parser/ml/parse.mly.
The file will have its original line endings in your working directory.
warning: CRLF will be replaced by LF in src/parser/parse.fsi.
The file will have its original line endings in your working directory.
warning: CRLF will be replaced by LF in src/parser/parse.fsy.
The file will have its original line endings in your working directory.
File "extracted/FStar_Pervasives.ml", line 22, characters 35-66:
Warning 8: this pattern-matching is not exhaustive.
Here is an example of a value that is not matched:
(E _|Err _)
File "extracted/FStar_Pervasives.ml", line 25, characters 35-66:
Warning 8: this pattern-matching is not exhaustive.
Here is an example of a value that is not matched:
(V _|Err _)
File "extracted/FStar_Pervasives.ml", line 28, characters 39-76:
Warning 8: this pattern-matching is not exhaustive.
Here is an example of a value that is not matched:
(V _|E _)
File "extracted/FStar_Pervasives.ml", line 64, characters 38-72:
Warning 8: this pattern-matching is not exhaustive.
Here is an example of a value that is not matched:
None
File "extracted/FStar_Pervasives.ml", line 71, characters 37-70:
Warning 8: this pattern-matching is not exhaustive.
Here is an example of a value that is not matched:
Inr _
File "extracted/FStar_Pervasives.ml", line 74, characters 37-70:
Warning 8: this pattern-matching is not exhaustive.
Here is an example of a value that is not matched:
Inl _
.\hello.fst(5,0-5,37): (Warning) Top-level let-bindings must be total; this term may have effects
.\Ex01a.fst(68,0-68,48): (Warning) Top-level let-bindings must be total; this term may have effects
.\Ex01a.fst(58,0-58,48): (Warning) Top-level let-bindings must be total; this term may have effects
make[2]: *** [Makefile:54: search.cons-snoc.out.check] Error 1
make[2]: Target 'default' not remade because of errors.
make[1]: *** [Makefile:272: interactive-test] Error 2
.\Encrypt_SymEnc.fst(29,0-29,18): (Warning) Top-level let-bindings must be total; this term may have effects
.\MAC.fst(45,0-45,35): (Warning) Top-level let-bindings must be total; this term may have effects
.\Platform.Bytes.fst(15,32-18,29): (Warning) Pattern misses at least one bound variable: uu___#422167
WARNING: (6936,51): pattern does not contain all quantified variables.
WARNING: (6936,51): pattern does not contain all quantified variables.
WARNING: (66345,46): pattern does not contain any variable.
WARNING: (66345,46): pattern does not contain any variable.
WARNING: (66345,46): pattern does not contain any variable.
WARNING: (66345,46): pattern does not contain any variable.
WARNING: (6887,46): pattern does not contain any variable.
WARNING: (7070,46): pattern does not contain any variable.
.\RPC.fst(9,0-9,53): (Warning) Top-level let-bindings must be total; this term may have effects
.\RPC.fst(23,0-23,39): (Warning) Top-level let-bindings must be total; this term may have effects
.\RPC.fst(48,0-49,16): (Warning) Top-level let-bindings must be total; this term may have effects
.\RPC.fst(116,0-116,17): (Warning) Top-level let-bindings must be total; this term may have effects
WARNING: (6786,46): pattern does not contain any variable.
.\Platform.Bytes.fst(257,22-260,30): (Warning) Pattern misses at least one bound variable: i#458780
WARNING: (66345,46): pattern does not contain any variable.
.\Platform.Bytes.fst(261,8-261,24): (Warning) Pattern misses at least one bound variable: i#460671 (see also .\Platform.Bytes.fst(257,156-260,30))
.\BinarySearchTreeBasic.fst(111,0-121,62): (Error) Unknown assertion failed
Verified module: BinarySearchTreeBasic (30390 milliseconds)
1 error was reported (see above)
make[3]: *** [../Makefile.include:16: BinarySearchTreeBasic.uver] Error 1
WARNING: (7092,46): pattern does not contain any variable.
.\CntProtocol.fst(14,0-14,53): (Warning) Top-level let-bindings must be total; this term may have effects
.\CntProtocol.fst(29,0-29,26): (Warning) Top-level let-bindings must be total; this term may have effects
.\CntProtocol.fst(32,0-32,54): (Warning) Top-level let-bindings must be total; this term may have effects
.\CntProtocol.fst(35,0-35,54): (Warning) Top-level let-bindings must be total; this term may have effects
WARNING: (66345,46): pattern does not contain any variable.
WARNING: (70702,43): pattern does not contain all quantified variables.
.\CntProtocol.fst(99,0-99,39): (Warning) Top-level let-bindings must be total; this term may have effects
.\CntProtocol.fst(126,0-126,18): (Warning) Top-level let-bindings must be total; this term may have effects
WARNING: (66345,46): pattern does not contain any variable.
WARNING: (70702,43): pattern does not contain all quantified variables.
WARNING: (66345,46): pattern does not contain any variable.
.\CntProtocol.fst(172,0-188,5): (Warning) Top-level let-bindings must be total; this term may have effects
WARNING: (70702,43): pattern does not contain all quantified variables.
WARNING: (66345,46): pattern does not contain any variable.
WARNING: (70702,43): pattern does not contain all quantified variables.
WARNING: (66345,46): pattern does not contain any variable.
WARNING: (70702,43): pattern does not contain all quantified variables.
WARNING: (66345,46): pattern does not contain any variable.
WARNING: (70702,43): pattern does not contain all quantified variables.
WARNING: (66345,46): pattern does not contain any variable.
WARNING: (70702,43): pattern does not contain all quantified variables.
WARNING: (66345,46): pattern does not contain any variable.
WARNING: (70702,43): pattern does not contain all quantified variables.
WARNING: (66345,46): pattern does not contain any variable.
WARNING: (70702,43): pattern does not contain all quantified variables.
WARNING: (66345,46): pattern does not contain any variable.
WARNING: (70702,43): pattern does not contain all quantified variables.
make[3]: Target 'all' not remade because of errors.
make[2]: *** [Makefile:35: data_structures.all] Error 2
WARNING: (66345,46): pattern does not contain any variable.
WARNING: (70702,43): pattern does not contain all quantified variables.
WARNING: (66345,46): pattern does not contain any variable.
WARNING: (70702,43): pattern does not contain all quantified variables.
WARNING: (66345,46): pattern does not contain any variable.
WARNING: (70702,43): pattern does not contain all quantified variables.
.\Platform.Bytes.fst(15,40-18,29): (Warning) Pattern misses at least one bound variable: uu___#496341
.\Platform.Bytes.fst(261,8-261,24): (Warning) Pattern misses at least one bound variable: i#504793 (see also .\Platform.Bytes.fst(257,156-260,30))
.\Ex10a.fst(27,0-27,22): (Warning) Top-level let-bindings must be total; this term may have effects
jsonparser.pos\Test.fst(0,0-0,0): (Warning) Test: Unexpected output from Z3: (error "line 138538 column 95: Wrong number of arguments (1) passed to function (declare-fun JSONParser.Spec.object_as_type.fuel_instrumented

jsonparser.pos\Test.fst(0,0-0,0): (Warning) Test: Unexpected output from Z3: (Fuel Term Term Term Term)

jsonparser.pos\Test.fst(0,0-0,0): (Warning) Test: Unexpected output from Z3: Term)")

jsonparser.pos\Test.fst(0,0-0,0): (Warning) Test: Unexpected output from Z3: (error "line 138561 column 82: Wrong number of arguments (1) passed to function (declare-fun JSONParser.Spec.object_as_type.fuel_instrumented

jsonparser.pos\Test.fst(0,0-0,0): (Warning) Test: Unexpected output from Z3: (Fuel Term Term Term Term)

jsonparser.pos\Test.fst(0,0-0,0): (Warning) Test: Unexpected output from Z3: Term)")

jsonparser.pos\Test.fst(0,0-0,0): (Warning) Test: Unexpected output from Z3: (error "line 139931 column 47: Wrong number of arguments (1) passed to function (declare-fun JSONParser.Spec.gprint.fuel_instrumented (Fuel Term Term) Term)")

jsonparser.pos\Test.fst(0,0-0,0): (Warning) Test: Unexpected output from Z3: (error "line 143105 column 47: Wrong number of arguments (1) passed to function (declare-fun JSONParser.Spec.gparse.fuel_instrumented

jsonparser.pos\Test.fst(0,0-0,0): (Warning) Test: Unexpected output from Z3: (Fuel Term Term Term)

jsonparser.pos\Test.fst(0,0-0,0): (Warning) Test: Unexpected output from Z3: Term)")

.\Ex10a.fst(27,0-27,22): (Warning) Top-level let-bindings must be total; this term may have effects
.\Ex12a.Cap.fst(21,0-21,26): (Warning) Top-level let-bindings must be total; this term may have effects
.\TestMRef.fst(8,0-8,20): (Warning) Top-level let-bindings must be total; this term may have effects
Unexpected error
FStar_Errors.Error(_)
Raised at file "src/ocaml-output/FStar_TypeChecker_Rel.ml", line 7488, characters 16-27
Called from file "src/ocaml-output/FStar_TypeChecker_TcTerm.ml", line 4117, characters 39-133
Called from file "src/ocaml-output/FStar_TypeChecker_TcTerm.ml", line 4200, characters 39-64
Called from file "src/batList.mlv", line 169, characters 28-33
Called from file "src/batList.mlv", line 172, characters 4-12
Called from file "ulib/ml/FStar_All.ml", line 3, characters 21-24
Called from file "src/ocaml-output/FStar_TypeChecker_TcTerm.ml", line 4227, characters 49-75
Called from file "src/batList.mlv", line 171, characters 23-28
Called from file "ulib/ml/FStar_All.ml", line 3, characters 21-24
Called from file "src/ocaml-output/FStar_TypeChecker_TcTerm.ml", line 4881, characters 22-44
Called from file "src/ocaml-output/FStar_TypeChecker_TcTerm.ml", line 3574, characters 47-61
Called from file "src/ocaml-output/FStar_TypeChecker_TcTerm.ml", line 1520, characters 22-108
Called from file "src/ocaml-output/FStar_TypeChecker_TcTerm.ml", line 5863, characters 24-52
Called from file "src/ocaml-output/FStar_TypeChecker_TcTerm.ml", line 2367, characters 12-69
Called from file "src/ocaml-output/FStar_TypeChecker_TcTerm.ml", line 2629, characters 45-62
Called from file "src/ocaml-output/FStar_TypeChecker_TcTerm.ml", line 2926, characters 33-70
Called from file "src/ocaml-output/FStar_TypeChecker_TcTerm.ml", line 5589, characters 21-1023
Called from file "src/ocaml-output/FStar_TypeChecker_TcTerm.ml", line 4683, characters 27-59
Called from file "src/ocaml-output/FStar_TypeChecker_Tc.ml", line 3725, characters 20-1023
Called from file "src/ocaml-output/FStar_TypeChecker_Tc.ml", line 4188, characters 31-46
Called from file "src/basic/ml/FStar_Util.ml", line 579, characters 30-37
Called from file "src/ocaml-output/FStar_TypeChecker_Tc.ml", line 4234, characters 8-70
Called from file "src/ocaml-output/FStar_TypeChecker_Tc.ml", line 4326, characters 25-77
Called from file "src/ocaml-output/FStar_TypeChecker_Tc.ml", line 4596, characters 23-49
Called from file "src/basic/ml/FStar_Util.ml", line 46, characters 14-18
Called from file "src/ocaml-output/FStar_Universal.ml", line 341, characters 34-233
Called from file "list.ml", line 84, characters 24-34
Called from file "ulib/ml/FStar_All.ml", line 3, characters 21-24
Called from file "src/ocaml-output/FStar_SMTEncoding_Solver.ml", line 132, characters 16-20
Called from file "src/ocaml-output/FStar_Universal.ml", line 411, characters 32-71
Called from file "src/ocaml-output/FStar_Universal.ml", line 430, characters 31-72
Called from file "src/ocaml-output/FStar_Universal.ml", line 446, characters 24-71
Called from file "src/ocaml-output/FStar_Universal.ml", line 486, characters 26-68
Called from file "src/ocaml-output/FStar_Main.ml", line 208, characters 27-67
Called from file "src/ocaml-output/FStar_Main.ml", line 230, characters 6-11

.\IfcRulesReify.fst(253,13-253,14): (Error) Expected a trivial pre-condition
1 error was reported (see above)
make[3]: *** [../Makefile.include:16: IfcRulesReify.uver] Error 1
.\Ex12a.Cap.fst(19,0-19,26): (Warning) Top-level let-bindings must be total; this term may have effects
.\Ex12b.RPC.fst(8,0-8,53): (Warning) Top-level let-bindings must be total; this term may have effects
.\Ex12b.RPC.fst(21,0-21,39): (Warning) Top-level let-bindings must be total; this term may have effects
.\Ex12b.RPC.fst(53,0-54,16): (Warning) Top-level let-bindings must be total; this term may have effects
.\Ex12b.RPC.fst(123,0-123,17): (Warning) Top-level let-bindings must be total; this term may have effects
Warning: Unable to open hints file: C:\Build\Agent1\_work\2\s\examples\tactics\neg\NonTot.fst.hints; ran without hints
Unexpected error
FStar_Errors.Error(_)
Raised at file "src/ocaml-output/FStar_Tactics_Interpreter.ml", line 577, characters 22-31
Called from file "src/ocaml-output/FStar_Tactics_Interpreter.ml", line 622, characters 19-59
Called from file "src/ocaml-output/FStar_Tactics_Interpreter.ml", line 748, characters 31-41
Called from file "src/ocaml-output/FStar_Tactics_Interpreter.ml", line 688, characters 51-69
Called from file "src/ocaml-output/FStar_Tactics_Interpreter.ml", line 683, characters 23-601
Called from file "src/ocaml-output/FStar_Tactics_Interpreter.ml", line 800, characters 24-62
Called from file "src/ocaml-output/FStar_TypeChecker_Rel.ml", line 7412, characters 31-139
Called from file "src/ocaml-output/FStar_TypeChecker_Rel.ml", line 7495, characters 24-56
Called from file "src/ocaml-output/FStar_TypeChecker_Rel.ml", line 7722, characters 28-50
Called from file "src/ocaml-output/FStar_TypeChecker_Util.ml", line 3630, characters 10-58
Called from file "src/ocaml-output/FStar_TypeChecker_TcTerm.ml", line 4723, characters 26-77
Called from file "src/ocaml-output/FStar_TypeChecker_Tc.ml", line 3725, characters 20-1023
Called from file "src/ocaml-output/FStar_TypeChecker_Tc.ml", line 4188, characters 31-46
Called from file "src/basic/ml/FStar_Util.ml", line 579, characters 30-37
Called from file "src/ocaml-output/FStar_TypeChecker_Tc.ml", line 4234, characters 8-70
Called from file "src/ocaml-output/FStar_TypeChecker_Tc.ml", line 4326, characters 25-77
Called from file "src/ocaml-output/FStar_TypeChecker_Tc.ml", line 4596, characters 23-49
Called from file "src/basic/ml/FStar_Util.ml", line 46, characters 14-18
Called from file "src/ocaml-output/FStar_Universal.ml", line 341, characters 34-233
Called from file "list.ml", line 84, characters 24-34
Called from file "ulib/ml/FStar_All.ml", line 3, characters 21-24
Called from file "src/ocaml-output/FStar_SMTEncoding_Solver.ml", line 132, characters 16-20
Called from file "src/ocaml-output/FStar_Universal.ml", line 411, characters 32-71
Called from file "src/ocaml-output/FStar_Universal.ml", line 430, characters 31-72
Called from file "src/ocaml-output/FStar_Universal.ml", line 446, characters 24-71
Called from file "src/ocaml-output/FStar_Universal.ml", line 486, characters 26-68
Called from file "src/ocaml-output/FStar_Main.ml", line 208, characters 27-67
Called from file "src/ocaml-output/FStar_Main.ml", line 230, characters 6-11

.\NonTot.fst(9,4-9,20): (Error) user tactic failed: apply: not total (see also C:\Build\Agent1\_work\2\s\ulib\FStar.Tactics.Effect.fst(88,32-88,42))
1 error was reported (see above)
Warning: Unable to open hints file: C:\Build\Agent1\_work\2\s\examples\tactics\neg\Unresolved.fst.hints; ran without hints
.\Unresolved.fst(9,8-9,24): (Error) Failed to resolve implicit argument of type 'Prims.squash Prims.l_False' introduced in uu___unification_ 59827 (see also C:\Build\Agent1\_work\2\s\ulib\FStar.Tactics.Effect.fst(88,32-88,42))
Verified module: Unresolved (31 milliseconds)
1 error was reported (see above)
.\Mac.fst(70,0-70,35): (Warning) Top-level let-bindings must be total; this term may have effects
.\Ex01a.fst(58,0-58,48): (Warning) Top-level let-bindings must be total; this term may have effects
make[3]: [Makefile:66: Ex01a-ocaml] Error 2 (ignored)
Unexpected error
FStar_Errors.Error(_)
Raised at file "src/ocaml-output/FStar_TypeChecker_Rel.ml", line 7488, characters 16-27
Called from file "src/ocaml-output/FStar_TypeChecker_TcTerm.ml", line 4117, characters 39-133
Called from file "src/ocaml-output/FStar_TypeChecker_TcTerm.ml", line 4200, characters 39-64
Called from file "src/batList.mlv", line 171, characters 23-28
Called from file "ulib/ml/FStar_All.ml", line 3, characters 21-24
Called from file "src/ocaml-output/FStar_TypeChecker_TcTerm.ml", line 4881, characters 22-44
Called from file "src/ocaml-output/FStar_TypeChecker_TcTerm.ml", line 4227, characters 49-75
Called from file "src/batList.mlv", line 169, characters 28-33
Called from file "src/batList.mlv", line 172, characters 4-12
Called from file "ulib/ml/FStar_All.ml", line 3, characters 21-24
Called from file "src/ocaml-output/FStar_TypeChecker_TcTerm.ml", line 2931, characters 22-1023
Called from file "src/ocaml-output/FStar_TypeChecker_TcTerm.ml", line 5863, characters 24-52
Called from file "src/ocaml-output/FStar_TypeChecker_TcTerm.ml", line 5533, characters 21-103
Called from file "src/batList.mlv", line 171, characters 23-28
Called from file "ulib/ml/FStar_All.ml", line 3, characters 21-24
Called from file "src/ocaml-output/FStar_TypeChecker_TcTerm.ml", line 5019, characters 42-69
Called from file "src/ocaml-output/FStar_TypeChecker_Tc.ml", line 3725, characters 20-1023
Called from file "src/ocaml-output/FStar_TypeChecker_Tc.ml", line 4188, characters 31-46
Called from file "src/basic/ml/FStar_Util.ml", line 579, characters 30-37
Called from file "src/ocaml-output/FStar_TypeChecker_Tc.ml", line 4234, characters 8-70
Called from file "src/ocaml-output/FStar_TypeChecker_Tc.ml", line 4326, characters 25-77
Called from file "src/ocaml-output/FStar_TypeChecker_Tc.ml", line 4596, characters 23-49
Called from file "src/basic/ml/FStar_Util.ml", line 46, characters 14-18
Called from file "src/ocaml-output/FStar_Universal.ml", line 341, characters 34-233
Called from file "list.ml", line 84, characters 24-34
Called from file "ulib/ml/FStar_All.ml", line 3, characters 21-24
Called from file "src/ocaml-output/FStar_SMTEncoding_Solver.ml", line 132, characters 16-20
Called from file "src/ocaml-output/FStar_Universal.ml", line 411, characters 32-71
Called from file "src/ocaml-output/FStar_Universal.ml", line 430, characters 31-72
Called from file "src/ocaml-output/FStar_Universal.ml", line 446, characters 24-71
Called from file "src/ocaml-output/FStar_Universal.ml", line 486, characters 26-68
Called from file "src/ocaml-output/FStar_Main.ml", line 208, characters 27-67
Called from file "src/ocaml-output/FStar_Main.ml", line 230, characters 6-11

.\FStar.OrdMapProps.fst(10,8-10,19): (Error) Expected a trivial pre-condition
1 error was reported (see above)
make[2]: *** [Makefile:29: FStar.OrdMapProps.fst-ver] Error 1
make[3]: Target 'all' not remade because of errors.
make[2]: *** [Makefile:35: rel.all] Error 2
make[2]: Target 'all' not remade because of errors.
make[1]: *** [Makefile:285: uexamples] Error 2
.\FStar.Math.Lemmas.fst(561,0-568,41): (Error) Unknown assertion failed
Verified module: FStar.Math.Lemmas (103609 milliseconds)
1 error was reported (see above)
make[2]: *** [Makefile:29: FStar.Math.Lemmas.fst-ver] Error 1
make[2]: Target 'all' not remade because of errors.
make[1]: *** [Makefile:282: ulib] Error 2
make[1]: Target 'uregressions' not remade because of errors.
make: *** [Makefile:266: utest] Error 2
