This is /home/everbld/everest-ci/ci
Working directory: /cygdrive/c/Build/Agent/_work/37/s
About to run: hacl_verify
BUILD_SOURCEBRANCHNAME: restructure
BUILD_DEFINITIONNAME: Hacl*-CI-Windows
make: Entering directory '/cygdrive/c/Build/Agent/_work/37/s/dependencies/FStar/src/ocaml-output'
# TODO : call menhir directly when positions are fixed instead of
# letting OCamlbuild go through ocamlyacc
menhir  --only-preprocess-for-ocamlyacc ../parser/parse.mly > parse.mly
Warning: you are using the standard library and/or the %inline keyword. We
recommend switching on --infer in order to avoid obscure type error messages.
# Save a copy of the dumb parse.mly for whoever doesn't have menhir.
cp parse.mly ../parser/ml/
echo "%{" > ../parser/parse.fsy
echo "#light \"off\"" >> ../parser/parse.fsy
echo "// (c) Microsoft Corporation. All rights reserved" >> ../parser/parse.fsy
echo "open Prims" >> ../parser/parse.fsy
echo "open FStar.Errors" >> ../parser/parse.fsy
echo "open FStar.List" >> ../parser/parse.fsy
echo "open FStar.Util" >> ../parser/parse.fsy
echo "open FStar.Range" >> ../parser/parse.fsy
echo "open FStar.Options" >> ../parser/parse.fsy
echo "open FStar.Syntax.Syntax" >> ../parser/parse.fsy
echo "open FStar.Syntax.Const" >> ../parser/parse.fsy
echo "open FStar.Syntax.Util" >> ../parser/parse.fsy
echo "open FStar.Parser.AST" >> ../parser/parse.fsy
echo "open FStar.Parser.Util" >> ../parser/parse.fsy
echo "open FStar.Const" >> ../parser/parse.fsy
echo "open FStar.Ident" >> ../parser/parse.fsy
echo "open FStar.String" >> ../parser/parse.fsy
# TODO : fsyacc seems to complain as soon as there is an arrow -> in a %type declaration...
cat parse.mly | sed -e '/%{/d' \
-e '/^open /d' \
-e '/%token/s/[a-zA-Z0-9_]*\.//g' \
-e '/%type/s/[a-zA-Z0-9_]*\.//g' \
-e '/%token.*->.*/d' \
-e '/%type.*->.*/d' \
>> ../parser/parse.fsy
# We are opening the same module twice but we need these modules
# open for the definition of tokens
echo "open Prims" > FStar_Parser_Parse.ml
echo "open FStar_Errors" >> FStar_Parser_Parse.ml
echo "open FStar_List" >> FStar_Parser_Parse.ml
echo "open FStar_Util" >> FStar_Parser_Parse.ml
echo "open FStar_Range" >> FStar_Parser_Parse.ml
echo "open FStar_Options" >> FStar_Parser_Parse.ml
echo "open FStar_Syntax_Syntax" >> FStar_Parser_Parse.ml
echo "open FStar_Syntax_Const" >> FStar_Parser_Parse.ml
echo "open FStar_Syntax_Util" >> FStar_Parser_Parse.ml
echo "open FStar_Parser_AST" >> FStar_Parser_Parse.ml
echo "open FStar_Parser_Util" >> FStar_Parser_Parse.ml
echo "open FStar_Const" >> FStar_Parser_Parse.ml
echo "open FStar_Ident" >> FStar_Parser_Parse.ml
echo "open FStar_String" >> FStar_Parser_Parse.ml
# TODO: create a proper OCamlbuild rule for this production so that
# OCamlbuild knows how to generate parse.mly first (possibly using
# menhir) and removes the production as needed.
ocamlyacc parse.mly
6 shift/reduce conflicts.
cat parse.ml >> FStar_Parser_Parse.ml
rm parse.ml parse.mli
warning: CRLF will be replaced by LF in src/parser/ml/parse.mly.
The file will have its original line endings in your working directory.
echo 'let version = "0.9.4.0"' > FStar_Version.ml
echo 'let platform = "Windows_x64"' >> FStar_Version.ml
echo 'let compiler = "OCaml 4.02.3"' >> FStar_Version.ml
echo 'let date = "2017-02-09T04:55:50-08:00"' >> FStar_Version.ml
echo 'let commit= "7616c06 (dirty)"' >> FStar_Version.ml
cd ../../ && ocamlbuild -cflag '-g' -I src/ocaml-output -I src/basic/ml -I src/parser/ml -I src/fstar/ml -j 24 -build-dir src/ocaml-output/_build -I src/prettyprint/ml -I src/ocaml-output/bootlibs -use-ocamlfind main.native
''ocamlfind ocamldep -package batteries -package zarith -package yojson -package pprint -modules src/ocaml-output/FStar_Version.ml > src/ocaml-output/FStar_Version.ml.depends
''ocamlfind ocamlc -c -g -annot -bin-annot -thread -w -8-11-21-26-28 -package batteries -package zarith -package yojson -package pprint -I src/ocaml-output -I src/prettyprint/ml -I src/parser/ml -I src/ocaml-output/bootlibs -I src/fstar/ml -I src/basic/ml -o src/ocaml-output/FStar_Version.cmo src/ocaml-output/FStar_Version.ml
''ocamlfind ocamlopt -c -g -annot -bin-annot -thread -w -8-11-21-26-28 -package batteries -package zarith -package yojson -package pprint -I src/ocaml-output -I src/prettyprint/ml -I src/parser/ml -I src/ocaml-output/bootlibs -I src/fstar/ml -I src/basic/ml -o src/ocaml-output/FStar_Version.cmx src/ocaml-output/FStar_Version.ml
''ocamlfind ocamlopt -c -g -annot -bin-annot -thread -w -8-11-21-26-28 -package batteries -package zarith -package yojson -package pprint -I src/ocaml-output -I src/prettyprint/ml -I src/parser/ml -I src/ocaml-output/bootlibs -I src/fstar/ml -I src/basic/ml -o src/ocaml-output/FStar_Options.cmx src/ocaml-output/FStar_Options.ml
''ocamlfind ocamlopt -c -g -annot -bin-annot -thread -w -8-11-21-26-28 -package batteries -package zarith -package yojson -package pprint -I src/ocaml-output -I src/prettyprint/ml -I src/parser/ml -I src/ocaml-output/bootlibs -I src/fstar/ml -I src/basic/ml -o src/ocaml-output/FStar_Errors.cmx src/ocaml-output/FStar_Errors.ml
''ocamlfind ocamlopt -c -g -annot -bin-annot -thread -w -8-11-21-26-28 -package batteries -package zarith -package yojson -package pprint -I src/ocaml-output -I src/prettyprint/ml -I src/parser/ml -I src/ocaml-output/bootlibs -I src/fstar/ml -I src/basic/ml -o src/ocaml-output/FStar_Syntax_Print.cmx src/ocaml-output/FStar_Syntax_Print.ml
''ocamlfind ocamlopt -c -g -annot -bin-annot -thread -w -8-11-21-26-28 -package batteries -package zarith -package yojson -package pprint -I src/ocaml-output -I src/prettyprint/ml -I src/parser/ml -I src/ocaml-output/bootlibs -I src/fstar/ml -I src/basic/ml -o src/ocaml-output/FStar_Parser_AST.cmx src/ocaml-output/FStar_Parser_AST.ml
''ocamlfind ocamlopt -c -g -annot -bin-annot -thread -w -8-11-21-26-28 -package batteries -package zarith -package yojson -package pprint -I src/ocaml-output -I src/prettyprint/ml -I src/parser/ml -I src/ocaml-output/bootlibs -I src/fstar/ml -I src/basic/ml -o src/ocaml-output/FStar_Parser_Parse.cmx src/ocaml-output/FStar_Parser_Parse.ml
''ocamlfind ocamlopt -c -g -annot -bin-annot -thread -w -8-11-21-26-28 -package batteries -package zarith -package yojson -package pprint -I src/parser/ml -I src/ocaml-output -I src/prettyprint/ml -I src/ocaml-output/bootlibs -I src/fstar/ml -I src/basic/ml -o src/parser/ml/FStar_Parser_LexFStar.cmx src/parser/ml/FStar_Parser_LexFStar.ml
''ocamlfind ocamlopt -c -g -annot -bin-annot -thread -w -8-11-21-26-28 -package batteries -package zarith -package yojson -package pprint -I src/parser/ml -I src/ocaml-output -I src/prettyprint/ml -I src/ocaml-output/bootlibs -I src/fstar/ml -I src/basic/ml -o src/parser/ml/FStar_Parser_ParseIt.cmx src/parser/ml/FStar_Parser_ParseIt.ml
''ocamlfind ocamlopt -c -g -annot -bin-annot -thread -w -8-11-21-26-28 -package batteries -package zarith -package yojson -package pprint -I src/ocaml-output -I src/prettyprint/ml -I src/parser/ml -I src/ocaml-output/bootlibs -I src/fstar/ml -I src/basic/ml -o src/ocaml-output/FStar_Parser_Driver.cmx src/ocaml-output/FStar_Parser_Driver.ml
''ocamlfind ocamlopt -c -g -annot -bin-annot -thread -w -8-11-21-26-28 -package batteries -package zarith -package yojson -package pprint -I src/ocaml-output -I src/prettyprint/ml -I src/parser/ml -I src/ocaml-output/bootlibs -I src/fstar/ml -I src/basic/ml -o src/ocaml-output/FStar_Parser_Dep.cmx src/ocaml-output/FStar_Parser_Dep.ml
''ocamlfind ocamlopt -c -g -annot -bin-annot -thread -w -8-11-21-26-28 -package batteries -package zarith -package yojson -package pprint -I src/ocaml-output -I src/prettyprint/ml -I src/parser/ml -I src/ocaml-output/bootlibs -I src/fstar/ml -I src/basic/ml -o src/ocaml-output/FStar_TypeChecker_Env.cmx src/ocaml-output/FStar_TypeChecker_Env.ml
''ocamlfind ocamlopt -c -g -annot -bin-annot -thread -w -8-11-21-26-28 -package batteries -package zarith -package yojson -package pprint -I src/ocaml-output -I src/prettyprint/ml -I src/parser/ml -I src/ocaml-output/bootlibs -I src/fstar/ml -I src/basic/ml -o src/ocaml-output/FStar_Extraction_ML_UEnv.cmx src/ocaml-output/FStar_Extraction_ML_UEnv.ml
''ocamlfind ocamlopt -c -g -annot -bin-annot -thread -w -8-11-21-26-28 -package batteries -package zarith -package yojson -package pprint -I src/ocaml-output -I src/prettyprint/ml -I src/parser/ml -I src/ocaml-output/bootlibs -I src/fstar/ml -I src/basic/ml -o src/ocaml-output/FStar_Extraction_ML_Util.cmx src/ocaml-output/FStar_Extraction_ML_Util.ml
''ocamlfind ocamlopt -c -g -annot -bin-annot -thread -w -8-11-21-26-28 -package batteries -package zarith -package yojson -package pprint -I src/ocaml-output -I src/prettyprint/ml -I src/parser/ml -I src/ocaml-output/bootlibs -I src/fstar/ml -I src/basic/ml -o src/ocaml-output/FStar_Extraction_ML_Code.cmx src/ocaml-output/FStar_Extraction_ML_Code.ml
''ocamlfind ocamlopt -c -g -annot -bin-annot -thread -w -8-11-21-26-28 -package batteries -package zarith -package yojson -package pprint -I src/ocaml-output -I src/prettyprint/ml -I src/parser/ml -I src/ocaml-output/bootlibs -I src/fstar/ml -I src/basic/ml -o src/ocaml-output/FStar_TypeChecker_Normalize.cmx src/ocaml-output/FStar_TypeChecker_Normalize.ml
''ocamlfind ocamlopt -c -g -annot -bin-annot -thread -w -8-11-21-26-28 -package batteries -package zarith -package yojson -package pprint -I src/ocaml-output -I src/prettyprint/ml -I src/parser/ml -I src/ocaml-output/bootlibs -I src/fstar/ml -I src/basic/ml -o src/ocaml-output/FStar_TypeChecker_Err.cmx src/ocaml-output/FStar_TypeChecker_Err.ml
''ocamlfind ocamlopt -c -g -annot -bin-annot -thread -w -8-11-21-26-28 -package batteries -package zarith -package yojson -package pprint -I src/ocaml-output -I src/prettyprint/ml -I src/parser/ml -I src/ocaml-output/bootlibs -I src/fstar/ml -I src/basic/ml -o src/ocaml-output/FStar_TypeChecker_Rel.cmx src/ocaml-output/FStar_TypeChecker_Rel.ml
''ocamlfind ocamlopt -c -g -annot -bin-annot -thread -w -8-11-21-26-28 -package batteries -package zarith -package yojson -package pprint -I src/ocaml-output -I src/prettyprint/ml -I src/parser/ml -I src/ocaml-output/bootlibs -I src/fstar/ml -I src/basic/ml -o src/ocaml-output/FStar_TypeChecker_Util.cmx src/ocaml-output/FStar_TypeChecker_Util.ml
''ocamlfind ocamlopt -c -g -annot -bin-annot -thread -w -8-11-21-26-28 -package batteries -package zarith -package yojson -package pprint -I src/ocaml-output -I src/prettyprint/ml -I src/parser/ml -I src/ocaml-output/bootlibs -I src/fstar/ml -I src/basic/ml -o src/ocaml-output/FStar_TypeChecker_TcTerm.cmx src/ocaml-output/FStar_TypeChecker_TcTerm.ml
''ocamlfind ocamlopt -c -g -annot -bin-annot -thread -w -8-11-21-26-28 -package batteries -package zarith -package yojson -package pprint -I src/ocaml-output -I src/prettyprint/ml -I src/parser/ml -I src/ocaml-output/bootlibs -I src/fstar/ml -I src/basic/ml -o src/ocaml-output/FStar_Extraction_ML_Term.cmx src/ocaml-output/FStar_Extraction_ML_Term.ml
''ocamlfind ocamlopt -c -g -annot -bin-annot -thread -w -8-11-21-26-28 -package batteries -package zarith -package yojson -package pprint -I src/ocaml-output -I src/prettyprint/ml -I src/parser/ml -I src/ocaml-output/bootlibs -I src/fstar/ml -I src/basic/ml -o src/ocaml-output/FStar_Parser_ToDocument.cmx src/ocaml-output/FStar_Parser_ToDocument.ml
''ocamlfind ocamlopt -c -g -annot -bin-annot -thread -w -8-11-21-26-28 -package batteries -package zarith -package yojson -package pprint -I src/ocaml-output -I src/prettyprint/ml -I src/parser/ml -I src/ocaml-output/bootlibs -I src/fstar/ml -I src/basic/ml -o src/ocaml-output/FStar_Dependencies.cmx src/ocaml-output/FStar_Dependencies.ml
''ocamlfind ocamlopt -c -g -annot -bin-annot -thread -w -8-11-21-26-28 -package batteries -package zarith -package yojson -package pprint -I src/ocaml-output -I src/prettyprint/ml -I src/parser/ml -I src/ocaml-output/bootlibs -I src/fstar/ml -I src/basic/ml -o src/ocaml-output/FStar_SMTEncoding_Term.cmx src/ocaml-output/FStar_SMTEncoding_Term.ml
''ocamlfind ocamlopt -c -g -annot -bin-annot -thread -w -8-11-21-26-28 -package batteries -package zarith -package yojson -package pprint -I src/ocaml-output -I src/prettyprint/ml -I src/parser/ml -I src/ocaml-output/bootlibs -I src/fstar/ml -I src/basic/ml -o src/ocaml-output/FStar_SMTEncoding_Util.cmx src/ocaml-output/FStar_SMTEncoding_Util.ml
''ocamlfind ocamlopt -c -g -annot -bin-annot -thread -w -8-11-21-26-28 -package batteries -package zarith -package yojson -package pprint -I src/ocaml-output -I src/prettyprint/ml -I src/parser/ml -I src/ocaml-output/bootlibs -I src/fstar/ml -I src/basic/ml -o src/ocaml-output/FStar_SMTEncoding_Z3.cmx src/ocaml-output/FStar_SMTEncoding_Z3.ml
''ocamlfind ocamlopt -c -g -annot -bin-annot -thread -w -8-11-21-26-28 -package batteries -package zarith -package yojson -package pprint -I src/ocaml-output -I src/prettyprint/ml -I src/parser/ml -I src/ocaml-output/bootlibs -I src/fstar/ml -I src/basic/ml -o src/ocaml-output/FStar_SMTEncoding_ErrorReporting.cmx src/ocaml-output/FStar_SMTEncoding_ErrorReporting.ml
''ocamlfind ocamlopt -c -g -annot -bin-annot -thread -w -8-11-21-26-28 -package batteries -package zarith -package yojson -package pprint -I src/ocaml-output -I src/prettyprint/ml -I src/parser/ml -I src/ocaml-output/bootlibs -I src/fstar/ml -I src/basic/ml -o src/ocaml-output/FStar_SMTEncoding_Encode.cmx src/ocaml-output/FStar_SMTEncoding_Encode.ml
''ocamlfind ocamlopt -c -g -annot -bin-annot -thread -w -8-11-21-26-28 -package batteries -package zarith -package yojson -package pprint -I src/ocaml-output -I src/prettyprint/ml -I src/parser/ml -I src/ocaml-output/bootlibs -I src/fstar/ml -I src/basic/ml -o src/ocaml-output/FStar_SMTEncoding_SplitQueryCases.cmx src/ocaml-output/FStar_SMTEncoding_SplitQueryCases.ml
''ocamlfind ocamlopt -c -g -annot -bin-annot -thread -w -8-11-21-26-28 -package batteries -package zarith -package yojson -package pprint -I src/ocaml-output -I src/prettyprint/ml -I src/parser/ml -I src/ocaml-output/bootlibs -I src/fstar/ml -I src/basic/ml -o src/ocaml-output/FStar_SMTEncoding_Solver.cmx src/ocaml-output/FStar_SMTEncoding_Solver.ml
''ocamlfind ocamlopt -c -g -annot -bin-annot -thread -w -8-11-21-26-28 -package batteries -package zarith -package yojson -package pprint -I src/ocaml-output -I src/prettyprint/ml -I src/parser/ml -I src/ocaml-output/bootlibs -I src/fstar/ml -I src/basic/ml -o src/ocaml-output/FStar_ToSyntax_Env.cmx src/ocaml-output/FStar_ToSyntax_Env.ml
''ocamlfind ocamlopt -c -g -annot -bin-annot -thread -w -8-11-21-26-28 -package batteries -package zarith -package yojson -package pprint -I src/ocaml-output -I src/prettyprint/ml -I src/parser/ml -I src/ocaml-output/bootlibs -I src/fstar/ml -I src/basic/ml -o src/ocaml-output/FStar_Syntax_MutRecTy.cmx src/ocaml-output/FStar_Syntax_MutRecTy.ml
''ocamlfind ocamlopt -c -g -annot -bin-annot -thread -w -8-11-21-26-28 -package batteries -package zarith -package yojson -package pprint -I src/ocaml-output -I src/prettyprint/ml -I src/parser/ml -I src/ocaml-output/bootlibs -I src/fstar/ml -I src/basic/ml -o src/ocaml-output/FStar_TypeChecker_DMFF.cmx src/ocaml-output/FStar_TypeChecker_DMFF.ml
''ocamlfind ocamlopt -c -g -annot -bin-annot -thread -w -8-11-21-26-28 -package batteries -package zarith -package yojson -package pprint -I src/ocaml-output -I src/prettyprint/ml -I src/parser/ml -I src/ocaml-output/bootlibs -I src/fstar/ml -I src/basic/ml -o src/ocaml-output/FStar_TypeChecker_TcInductive.cmx src/ocaml-output/FStar_TypeChecker_TcInductive.ml
''ocamlfind ocamlopt -c -g -annot -bin-annot -thread -w -8-11-21-26-28 -package batteries -package zarith -package yojson -package pprint -I src/ocaml-output -I src/prettyprint/ml -I src/parser/ml -I src/ocaml-output/bootlibs -I src/fstar/ml -I src/basic/ml -o src/ocaml-output/FStar_Parser_Interleave.cmx src/ocaml-output/FStar_Parser_Interleave.ml
''ocamlfind ocamlopt -c -g -annot -bin-annot -thread -w -8-11-21-26-28 -package batteries -package zarith -package yojson -package pprint -I src/ocaml-output -I src/prettyprint/ml -I src/parser/ml -I src/ocaml-output/bootlibs -I src/fstar/ml -I src/basic/ml -o src/ocaml-output/FStar_ToSyntax_ToSyntax.cmx src/ocaml-output/FStar_ToSyntax_ToSyntax.ml
''ocamlfind ocamlopt -c -g -annot -bin-annot -thread -w -8-11-21-26-28 -package batteries -package zarith -package yojson -package pprint -I src/ocaml-output -I src/prettyprint/ml -I src/parser/ml -I src/ocaml-output/bootlibs -I src/fstar/ml -I src/basic/ml -o src/ocaml-output/FStar_TypeChecker_Tc.cmx src/ocaml-output/FStar_TypeChecker_Tc.ml
''ocamlfind ocamlopt -c -g -annot -bin-annot -thread -w -8-11-21-26-28 -package batteries -package zarith -package yojson -package pprint -I src/ocaml-output -I src/prettyprint/ml -I src/parser/ml -I src/ocaml-output/bootlibs -I src/fstar/ml -I src/basic/ml -o src/ocaml-output/FStar_Universal.cmx src/ocaml-output/FStar_Universal.ml
''ocamlfind ocamlopt -c -g -annot -bin-annot -thread -w -8-11-21-26-28 -package batteries -package zarith -package yojson -package pprint -I src/ocaml-output -I src/prettyprint/ml -I src/parser/ml -I src/ocaml-output/bootlibs -I src/fstar/ml -I src/basic/ml -o src/ocaml-output/FStar_Extraction_Kremlin.cmx src/ocaml-output/FStar_Extraction_Kremlin.ml
''ocamlfind ocamlopt -c -g -annot -bin-annot -thread -w -8-11-21-26-28 -package batteries -package zarith -package yojson -package pprint -I src/ocaml-output -I src/prettyprint/ml -I src/parser/ml -I src/ocaml-output/bootlibs -I src/fstar/ml -I src/basic/ml -o src/ocaml-output/FStar_Extraction_ML_Modul.cmx src/ocaml-output/FStar_Extraction_ML_Modul.ml
''ocamlfind ocamlopt -c -g -annot -bin-annot -thread -w -8-11-21-26-28 -package batteries -package zarith -package yojson -package pprint -I src/ocaml-output -I src/prettyprint/ml -I src/parser/ml -I src/ocaml-output/bootlibs -I src/fstar/ml -I src/basic/ml -o src/ocaml-output/FStar_Fsdoc_Generator.cmx src/ocaml-output/FStar_Fsdoc_Generator.ml
''ocamlfind ocamlopt -c -g -annot -bin-annot -thread -w -8-11-21-26-28 -package batteries -package zarith -package yojson -package pprint -I src/ocaml-output -I src/prettyprint/ml -I src/parser/ml -I src/ocaml-output/bootlibs -I src/fstar/ml -I src/basic/ml -o src/ocaml-output/FStar_Indent.cmx src/ocaml-output/FStar_Indent.ml
''ocamlfind ocamlopt -c -g -annot -bin-annot -thread -w -8-11-21-26-28 -package batteries -package zarith -package yojson -package pprint -I src/ocaml-output -I src/prettyprint/ml -I src/parser/ml -I src/ocaml-output/bootlibs -I src/fstar/ml -I src/basic/ml -o src/ocaml-output/FStar_Interactive.cmx src/ocaml-output/FStar_Interactive.ml
''ocamlfind ocamlopt -c -g -annot -bin-annot -thread -w -8-11-21-26-28 -package batteries -package zarith -package yojson -package pprint -I src/ocaml-output -I src/prettyprint/ml -I src/parser/ml -I src/ocaml-output/bootlibs -I src/fstar/ml -I src/basic/ml -o src/ocaml-output/FStar_Main.cmx src/ocaml-output/FStar_Main.ml
''ocamlfind ocamlopt -c -g -annot -bin-annot -thread -w -8-11-21-26-28 -package batteries -package zarith -package yojson -package pprint -I src/fstar/ml -I src/ocaml-output -I src/prettyprint/ml -I src/parser/ml -I src/ocaml-output/bootlibs -I src/basic/ml -o src/fstar/ml/main.cmx src/fstar/ml/main.ml
''ocamlfind ocamlopt -linkpkg -thread -package batteries -package zarith -package yojson -package pprint src/ocaml-output/bootlibs/FStar_List.cmx src/ocaml-output/bootlibs/MkPrims.cmx src/ocaml-output/bootlibs/prims.cmx src/basic/ml/FStar_Util.cmx src/basic/ml/FStar_Bytes.cmx src/basic/ml/FStar_Getopt.cmx src/basic/ml/FStar_Platform.cmx src/ocaml-output/bootlibs/FStar_Char.cmx src/ocaml-output/bootlibs/FStar_Float.cmx src/ocaml-output/bootlibs/FStar_Int16.cmx src/ocaml-output/bootlibs/FStar_Int32.cmx src/ocaml-output/bootlibs/FStar_Int64.cmx src/ocaml-output/bootlibs/FStar_Int8.cmx src/ocaml-output/bootlibs/FStar_UInt16.cmx src/ocaml-output/bootlibs/FStar_UInt8.cmx src/ocaml-output/bootlibs/FStar_BaseTypes.cmx src/basic/ml/FStar_Range.cmx src/basic/ml/FStar_Unionfind.cmx src/ocaml-output/bootlibs/FStar_All.cmx src/ocaml-output/bootlibs/FStar_ST.cmx src/ocaml-output/bootlibs/FStar_String.cmx src/ocaml-output/FStar_Ident.cmx src/ocaml-output/FStar_Const.cmx src/ocaml-output/FStar_Version.cmx src/ocaml-output/FStar_Options.cmx src/ocaml-output/FStar_Errors.cmx src/ocaml-output/FStar_Syntax_Syntax.cmx src/ocaml-output/FStar_Syntax_Const.cmx src/ocaml-output/bootlibs/FStar_Option.cmx src/ocaml-output/FStar_Syntax_Subst.cmx src/ocaml-output/FStar_Syntax_InstFV.cmx src/ocaml-output/FStar_Syntax_Util.cmx src/ocaml-output/FStar_Syntax_Print.cmx src/ocaml-output/FStar_Parser_AST.cmx src/parser/ml/FStar_Parser_Util.cmx src/ocaml-output/FStar_Parser_Parse.cmx src/parser/ml/FStar_Parser_LexFStar.cmx src/parser/ml/FStar_Parser_ParseIt.cmx src/ocaml-output/FStar_Parser_Driver.cmx src/ocaml-output/FStar_Parser_Dep.cmx src/ocaml-output/FStar_Dependencies.cmx src/ocaml-output/FStar_Extraction_ML_Syntax.cmx src/ocaml-output/FStar_Syntax_Free.cmx src/ocaml-output/FStar_TypeChecker_Common.cmx src/ocaml-output/FStar_TypeChecker_Env.cmx src/ocaml-output/FStar_Extraction_ML_UEnv.cmx src/ocaml-output/FStar_Extraction_ML_Util.cmx src/ocaml-output/FStar_Format.cmx src/ocaml-output/FStar_Extraction_ML_Code.cmx src/ocaml-output/FStar_Extraction_Kremlin.cmx src/ocaml-output/FStar_TypeChecker_Normalize.cmx src/ocaml-output/FStar_TypeChecker_Err.cmx src/ocaml-output/FStar_TypeChecker_Rel.cmx src/ocaml-output/FStar_TypeChecker_Util.cmx src/ocaml-output/FStar_TypeChecker_TcTerm.cmx src/ocaml-output/FStar_Extraction_ML_Term.cmx src/ocaml-output/FStar_Extraction_ML_Modul.cmx src/ocaml-output/FStar_Fsdoc_Generator.cmx src/prettyprint/ml/FStar_Pprint.cmx src/ocaml-output/FStar_Parser_ToDocument.cmx src/ocaml-output/FStar_Indent.cmx src/ocaml-output/FStar_Parser_Interleave.cmx src/ocaml-output/FStar_SMTEncoding_Term.cmx src/ocaml-output/FStar_SMTEncoding_Util.cmx src/ocaml-output/FStar_SMTEncoding_Z3.cmx src/ocaml-output/FStar_SMTEncoding_ErrorReporting.cmx src/ocaml-output/FStar_SMTEncoding_Encode.cmx src/ocaml-output/FStar_SMTEncoding_SplitQueryCases.cmx src/ocaml-output/FStar_SMTEncoding_Solver.cmx src/ocaml-output/FStar_Syntax_MutRecTy.cmx src/ocaml-output/FStar_ToSyntax_Env.cmx src/ocaml-output/FStar_ToSyntax_ToSyntax.cmx src/ocaml-output/FStar_TypeChecker_DMFF.cmx src/ocaml-output/FStar_TypeChecker_TcInductive.cmx src/ocaml-output/FStar_TypeChecker_Tc.cmx src/ocaml-output/FStar_Universal.cmx src/ocaml-output/FStar_Interactive.cmx src/ocaml-output/FStar_Main.cmx src/fstar/ml/main.cmx -o src/fstar/ml/main.native
# Parallel statistics: { count(total): 5(231), max: 5, min: 2, average(total): 2.800(1.039) }
cp _build/src/fstar/ml/main.native ../../bin/fstar.exe
cp _build/src/fstar/ml/main.native ../../bin/fstar.ocaml
make: Leaving directory '/cygdrive/c/Build/Agent/_work/37/s/dependencies/FStar/src/ocaml-output'
make: Entering directory '/cygdrive/c/Build/Agent/_work/37/s/dependencies/kremlin'
ocamlbuild -I src -I lib -I parser -use-menhir -use-ocamlfind -classic-display -menhir "menhir --infer --explain" Kremlin.native Tests.native
ln -sf Kremlin.native krml
make: Leaving directory '/cygdrive/c/Build/Agent/_work/37/s/dependencies/kremlin'
make: Entering directory '/cygdrive/c/Build/Agent/_work/37/s/test'
make extract-c
make[1]: Entering directory '/cygdrive/c/Build/Agent/_work/37/s/test'
make -C ../code extract-c
make -C ../crypto_proofs krml-test.exe
make[2]: Entering directory '/cygdrive/c/Build/Agent/_work/37/s/code'
make -C salsa-family extract-c
make[2]: Entering directory '/cygdrive/c/Build/Agent/_work/37/s/crypto_proofs'
make[2]: 'krml-test.exe' is up to date.
make[2]: Leaving directory '/cygdrive/c/Build/Agent/_work/37/s/crypto_proofs'
make -C poly1305 extract-c
make -C curve25519 extract-c
make[3]: Entering directory '/cygdrive/c/Build/Agent/_work/37/s/code/salsa-family'
make[3]: Entering directory '/cygdrive/c/Build/Agent/_work/37/s/code/poly1305'
make[3]: Entering directory '/cygdrive/c/Build/Agent/_work/37/s/code/curve25519'
mkdir -p chacha-c
mkdir -p salsa-c
# Weird \* because of https://caml.inria.fr/mantis/view.php?id=7473
mkdir -p hsalsa-c
C:/Build/Agent/_work/37/s/dependencies/kremlin/krml -tmpdir chacha-c \
-I ../bignum -I ../lib/kremlin \
Chacha20.fst Hacl.Test.Chacha20.fst -o chacha20.exe -no-prefix Hacl.Test.Chacha20 \
-drop 'Hacl.Spec.\*' -drop 'Hacl.Spe.\*' -drop 'Hacl.Cast' \
-drop 'Hacl.UInt8' -drop 'Hacl.UInt16' -drop 'Hacl.UInt32' -drop 'Hacl.UInt64' -drop 'Hacl.UInt128' \
-drop Prims -drop FStar -bundle Chacha20=Hacl.Symmetric.Chacha20 Chacha20.fst \
C:/Build/Agent/_work/37/s/dependencies/kremlin/kremlib/testlib.c -add-include '"testlib.h"' -ccopt -march=native -ccopt -std=gnu99
# Weird \* because of https://caml.inria.fr/mantis/view.php?id=7473
mkdir -p poly-c
C:/Build/Agent/_work/37/s/dependencies/kremlin/krml -tmpdir hsalsa-c \
-I ../bignum -I ../lib/kremlin \
Hacl.Symmetric.HSalsa20.fst \
-drop 'Hacl.Spec.\*' -drop 'Hacl.Spe.\*' -drop 'Hacl.Cast' -drop 'Hacl.UInt.\*' \
-drop 'Hacl.UInt8' -drop 'Hacl.UInt16' -drop 'Hacl.UInt32' -drop 'Hacl.UInt64' -drop 'Hacl.UInt128' \
-drop Prims -drop FStar \
C:/Build/Agent/_work/37/s/dependencies/kremlin/kremlib/testlib.c -add-include '"testlib.h"' -skip-compilation  -ccopt -std=gnu99
C:/Build/Agent/_work/37/s/dependencies/kremlin/krml -tmpdir salsa-c -verbose \
-I ../bignum -I ../lib/kremlin \
Salsa20.fst Hacl.Test.Salsa20.fst -o salsa20.exe -no-prefix Hacl.Test.Salsa20 \
-drop 'Hacl.Spec.\*' -drop 'Hacl.Spe.\*' -drop 'Hacl.Cast' -drop 'Hacl.UInt.\*' \
-drop 'Hacl.UInt8' -drop 'Hacl.UInt16' -drop 'Hacl.UInt32' -drop 'Hacl.UInt64' -drop 'Hacl.UInt128' \
-drop Prims -drop FStar  -bundle Salsa20=Hacl.Symmetric.Salsa20 \
C:/Build/Agent/_work/37/s/dependencies/kremlin/kremlib/testlib.c -add-include '"testlib.h"' -ldopt -flto -ccopt -march=native  -ccopt -std=gnu99
mkdir -p xsalsa-c
C:/Build/Agent/_work/37/s/dependencies/kremlin/krml -tmpdir poly-c -ccopt -std=gnu99 \
-I ../bignum -I ../lib/kremlin \
Poly1305_64.fst Hacl.Test.Poly1305_64.fst \
-drop 'Hacl.Endianness' \
-drop 'Hacl.Spec.\*' -drop 'Hacl.Spe.\*' -drop 'Hacl.Cast' -drop 'Hacl.UInt.\*' \
-drop 'Hacl.UInt8' -drop 'Hacl.UInt16' -drop 'Hacl.UInt32' -drop 'Hacl.UInt64' -drop 'Hacl.UInt128' \
-drop Prims -drop FStar -bundle 'Poly1305_64=Hacl.Bignum.\*,Hacl.Impl.\*' \
C:/Build/Agent/_work/37/s/dependencies/kremlin/kremlib/testlib.c -add-include '"testlib.h"' \
-no-prefix Hacl.Test.Poly1305_64 -ldopt -flto -ccopt -march=native -o poly1305.exe
mkdir -p x25519-c
C:/Build/Agent/_work/37/s/dependencies/kremlin/krml -tmpdir xsalsa-c \
-I ../bignum -I ../lib/kremlin \
Hacl.Symmetric.XSalsa20.fst Hacl.Test.XSalsa20.fst -o xsalsa20.exe -no-prefix Hacl.Test.XSalsa20 \
-drop 'Hacl.Spec.\*' -drop 'Hacl.Spe.\*' -drop 'Hacl.Cast' -drop 'Hacl.UInt.\*' \
-drop Prims -drop FStar \
-drop 'Hacl.UInt8' -drop 'Hacl.UInt16' -drop 'Hacl.UInt32' -drop 'Hacl.UInt64' -drop 'Hacl.UInt128' \
C:/Build/Agent/_work/37/s/dependencies/kremlin/kremlib/testlib.c -add-include '"testlib.h"' -ldopt -flto -ccopt -march=native  -ccopt -std=gnu99
C:/Build/Agent/_work/37/s/dependencies/kremlin/krml -tmpdir x25519-c -ccopt -std=gnu99 \
-I ../bignum -I ../lib/kremlin \
Curve25519.fst Hacl.Test.X25519.fst \
-drop 'Hacl.Spec' -drop 'Hacl.Cast' -drop 'Hacl.UInt.\*' \
-drop 'Hacl.UInt8' -drop 'Hacl.UInt16' -drop 'Hacl.UInt32' -drop 'Hacl.UInt64' -drop 'Hacl.UInt128' \
-drop Prims -drop FStar -bundle 'Curve25519=Hacl.Bignum,Hacl.Bignum.\*,Hacl.EC,Hacl.EC.\*' \
-bundle 'Hacl.Spec.\*' \
C:/Build/Agent/_work/37/s/dependencies/kremlin/kremlib/testlib.c -add-include '"testlib.h"' \
-no-prefix Hacl.Test.X25519 -ldopt -flto -ccopt -march=native -o x25519.exe
[38;5;81mâš™ KreMLin auto-detecting tools.[0m Here's what we found:
[4mreadlink is:[0m readlink
[4mKreMLin called via:[0m C:\Build\Agent\_work\37\s\dependencies\kremlin\_build\src\Kremlin.native
[4mthe Kremlin executable is:[0m C:\Build\Agent\_work\37\s\dependencies\kremlin\_build\src\Kremlin.native
[4mKreMLin home is:[0m C:/Build/Agent/_work/37/s/dependencies/kremlin
[38;5;81mâš™ KreMLin will drive F*.[0m Here's what we found:
read FSTAR_HOME via the environment
[4mfstar converted to windows path:[0m C:/Build/Agent/_work/37/s/dependencies/FStar/bin/fstar.exe
[4mfstar home converted to windows path:[0m C:/Build/Agent/_work/37/s/dependencies/FStar
[4mfstar lib converted to windows path:[0m C:/Build/Agent/_work/37/s/dependencies/FStar/ulib
[4mfstar is:[0m C:/Build/Agent/_work/37/s/dependencies/FStar/bin/fstar.exe --no_extract FStar.Math.Lib --no_extract FStar.HyperHeap --no_extract FStar.HyperStack --no_extract FStar.ST --no_extract FStar.Seq.Base --no_extract FStar.UInt128 --no_extract FStar.Int128 --no_extract FStar.UInt64 --no_extract FStar.Int64 --no_extract FStar.UInt63 --no_extract FStar.Int63 --no_extract FStar.UInt32 --no_extract FStar.Int32 --no_extract FStar.UInt31 --no_extract FStar.Int31 --no_extract FStar.UInt16 --no_extract FStar.Int16 --no_extract FStar.UInt8 --no_extract FStar.Int8 --trace_error --include C:/Build/Agent/_work/37/s/dependencies/FStar/ulib//hyperstack --include ../bignum --include ../lib/kremlin --include C:/Build/Agent/_work/37/s/dependencies/kremlin/kremlib
[38;5;81mâš¡ Calling F*[0m
[38;5;81mâš™ KreMLin auto-detecting tools.[0m Here's what we found:
[4mreadlink is:[0m readlink
[4mKreMLin called via:[0m C:\Build\Agent\_work\37\s\dependencies\kremlin\_build\src\Kremlin.native
[4mthe Kremlin executable is:[0m C:\Build\Agent\_work\37\s\dependencies\kremlin\_build\src\Kremlin.native
[4mKreMLin home is:[0m C:/Build/Agent/_work/37/s/dependencies/kremlin
[38;5;81mâš™ KreMLin will drive F*.[0m Here's what we found:
read FSTAR_HOME via the environment
[4mfstar converted to windows path:[0m C:/Build/Agent/_work/37/s/dependencies/FStar/bin/fstar.exe
[4mfstar home converted to windows path:[0m C:/Build/Agent/_work/37/s/dependencies/FStar
[4mfstar lib converted to windows path:[0m C:/Build/Agent/_work/37/s/dependencies/FStar/ulib
[4mfstar is:[0m C:/Build/Agent/_work/37/s/dependencies/FStar/bin/fstar.exe --no_extract FStar.Math.Lib --no_extract FStar.HyperHeap --no_extract FStar.HyperStack --no_extract FStar.ST --no_extract FStar.Seq.Base --no_extract FStar.UInt128 --no_extract FStar.Int128 --no_extract FStar.UInt64 --no_extract FStar.Int64 --no_extract FStar.UInt63 --no_extract FStar.Int63 --no_extract FStar.UInt32 --no_extract FStar.Int32 --no_extract FStar.UInt31 --no_extract FStar.Int31 --no_extract FStar.UInt16 --no_extract FStar.Int16 --no_extract FStar.UInt8 --no_extract FStar.Int8 --trace_error --include C:/Build/Agent/_work/37/s/dependencies/FStar/ulib//hyperstack --include ../bignum --include ../lib/kremlin --include C:/Build/Agent/_work/37/s/dependencies/kremlin/kremlib
[38;5;81mâš¡ Calling F*[0m
C:/Build/Agent/_work/37/s/dependencies/FStar/bin/fstar.exe --odir salsa-c --codegen Kremlin --lax --no_extract FStar.Math.Lib --no_extract FStar.HyperHeap --no_extract FStar.HyperStack --no_extract FStar.ST --no_extract FStar.Seq.Base --no_extract FStar.UInt128 --no_extract FStar.Int128 --no_extract FStar.UInt64 --no_extract FStar.Int64 --no_extract FStar.UInt63 --no_extract FStar.Int63 --no_extract FStar.UInt32 --no_extract FStar.Int32 --no_extract FStar.UInt31 --no_extract FStar.Int31 --no_extract FStar.UInt16 --no_extract FStar.Int16 --no_extract FStar.UInt8 --no_extract FStar.Int8 --trace_error --include C:/Build/Agent/_work/37/s/dependencies/FStar/ulib//hyperstack --include ../bignum --include ../lib/kremlin --include C:/Build/Agent/_work/37/s/dependencies/kremlin/kremlib Hacl.Test.Salsa20.fst Salsa20.fst
[38;5;81mâš™ KreMLin auto-detecting tools.[0m Here's what we found:
[4mreadlink is:[0m readlink
[4mKreMLin called via:[0m C:\Build\Agent\_work\37\s\dependencies\kremlin\_build\src\Kremlin.native
[4mthe Kremlin executable is:[0m C:\Build\Agent\_work\37\s\dependencies\kremlin\_build\src\Kremlin.native
[4mKreMLin home is:[0m C:/Build/Agent/_work/37/s/dependencies/kremlin
[38;5;81mâš™ KreMLin will drive F*.[0m Here's what we found:
read FSTAR_HOME via the environment
[4mfstar converted to windows path:[0m C:/Build/Agent/_work/37/s/dependencies/FStar/bin/fstar.exe
[4mfstar home converted to windows path:[0m C:/Build/Agent/_work/37/s/dependencies/FStar
[4mfstar lib converted to windows path:[0m C:/Build/Agent/_work/37/s/dependencies/FStar/ulib
[4mfstar is:[0m C:/Build/Agent/_work/37/s/dependencies/FStar/bin/fstar.exe --no_extract FStar.Math.Lib --no_extract FStar.HyperHeap --no_extract FStar.HyperStack --no_extract FStar.ST --no_extract FStar.Seq.Base --no_extract FStar.UInt128 --no_extract FStar.Int128 --no_extract FStar.UInt64 --no_extract FStar.Int64 --no_extract FStar.UInt63 --no_extract FStar.Int63 --no_extract FStar.UInt32 --no_extract FStar.Int32 --no_extract FStar.UInt31 --no_extract FStar.Int31 --no_extract FStar.UInt16 --no_extract FStar.Int16 --no_extract FStar.UInt8 --no_extract FStar.Int8 --trace_error --include C:/Build/Agent/_work/37/s/dependencies/FStar/ulib//hyperstack --include ../bignum --include ../lib/kremlin --include C:/Build/Agent/_work/37/s/dependencies/kremlin/kremlib
[38;5;81mâš¡ Calling F*[0m
[38;5;81mâš™ KreMLin auto-detecting tools.[0m Here's what we found:
[4mreadlink is:[0m readlink
[4mKreMLin called via:[0m C:\Build\Agent\_work\37\s\dependencies\kremlin\_build\src\Kremlin.native
[4mthe Kremlin executable is:[0m C:\Build\Agent\_work\37\s\dependencies\kremlin\_build\src\Kremlin.native
[4mKreMLin home is:[0m C:/Build/Agent/_work/37/s/dependencies/kremlin
[38;5;81mâš™ KreMLin will drive F*.[0m Here's what we found:
read FSTAR_HOME via the environment
[4mfstar converted to windows path:[0m C:/Build/Agent/_work/37/s/dependencies/FStar/bin/fstar.exe
[4mfstar home converted to windows path:[0m C:/Build/Agent/_work/37/s/dependencies/FStar
[4mfstar lib converted to windows path:[0m C:/Build/Agent/_work/37/s/dependencies/FStar/ulib
[4mfstar is:[0m C:/Build/Agent/_work/37/s/dependencies/FStar/bin/fstar.exe --no_extract FStar.Math.Lib --no_extract FStar.HyperHeap --no_extract FStar.HyperStack --no_extract FStar.ST --no_extract FStar.Seq.Base --no_extract FStar.UInt128 --no_extract FStar.Int128 --no_extract FStar.UInt64 --no_extract FStar.Int64 --no_extract FStar.UInt63 --no_extract FStar.Int63 --no_extract FStar.UInt32 --no_extract FStar.Int32 --no_extract FStar.UInt31 --no_extract FStar.Int31 --no_extract FStar.UInt16 --no_extract FStar.Int16 --no_extract FStar.UInt8 --no_extract FStar.Int8 --trace_error --include C:/Build/Agent/_work/37/s/dependencies/FStar/ulib//hyperstack --include ../bignum --include ../lib/kremlin --include C:/Build/Agent/_work/37/s/dependencies/kremlin/kremlib
[38;5;81mâš¡ Calling F*[0m
[38;5;81mâš™ KreMLin auto-detecting tools.[0m Here's what we found:
[4mreadlink is:[0m readlink
[4mKreMLin called via:[0m C:\Build\Agent\_work\37\s\dependencies\kremlin\_build\src\Kremlin.native
[4mthe Kremlin executable is:[0m C:\Build\Agent\_work\37\s\dependencies\kremlin\_build\src\Kremlin.native
[4mKreMLin home is:[0m C:/Build/Agent/_work/37/s/dependencies/kremlin
[38;5;81mâš™ KreMLin will drive F*.[0m Here's what we found:
read FSTAR_HOME via the environment
[4mfstar converted to windows path:[0m C:/Build/Agent/_work/37/s/dependencies/FStar/bin/fstar.exe
[4mfstar home converted to windows path:[0m C:/Build/Agent/_work/37/s/dependencies/FStar
[4mfstar lib converted to windows path:[0m C:/Build/Agent/_work/37/s/dependencies/FStar/ulib
[4mfstar is:[0m C:/Build/Agent/_work/37/s/dependencies/FStar/bin/fstar.exe --no_extract FStar.Math.Lib --no_extract FStar.HyperHeap --no_extract FStar.HyperStack --no_extract FStar.ST --no_extract FStar.Seq.Base --no_extract FStar.UInt128 --no_extract FStar.Int128 --no_extract FStar.UInt64 --no_extract FStar.Int64 --no_extract FStar.UInt63 --no_extract FStar.Int63 --no_extract FStar.UInt32 --no_extract FStar.Int32 --no_extract FStar.UInt31 --no_extract FStar.Int31 --no_extract FStar.UInt16 --no_extract FStar.Int16 --no_extract FStar.UInt8 --no_extract FStar.Int8 --trace_error --include C:/Build/Agent/_work/37/s/dependencies/FStar/ulib//hyperstack --include ../bignum --include ../lib/kremlin --include C:/Build/Agent/_work/37/s/dependencies/kremlin/kremlib
[38;5;81mâš¡ Calling F*[0m
[38;5;81mâš™ KreMLin auto-detecting tools.[0m Here's what we found:
[4mreadlink is:[0m readlink
[4mKreMLin called via:[0m C:\Build\Agent\_work\37\s\dependencies\kremlin\_build\src\Kremlin.native
[4mthe Kremlin executable is:[0m C:\Build\Agent\_work\37\s\dependencies\kremlin\_build\src\Kremlin.native
[4mKreMLin home is:[0m C:/Build/Agent/_work/37/s/dependencies/kremlin
[38;5;81mâš™ KreMLin will drive F*.[0m Here's what we found:
read FSTAR_HOME via the environment
[4mfstar converted to windows path:[0m C:/Build/Agent/_work/37/s/dependencies/FStar/bin/fstar.exe
[4mfstar home converted to windows path:[0m C:/Build/Agent/_work/37/s/dependencies/FStar
[4mfstar lib converted to windows path:[0m C:/Build/Agent/_work/37/s/dependencies/FStar/ulib
[4mfstar is:[0m C:/Build/Agent/_work/37/s/dependencies/FStar/bin/fstar.exe --no_extract FStar.Math.Lib --no_extract FStar.HyperHeap --no_extract FStar.HyperStack --no_extract FStar.ST --no_extract FStar.Seq.Base --no_extract FStar.UInt128 --no_extract FStar.Int128 --no_extract FStar.UInt64 --no_extract FStar.Int64 --no_extract FStar.UInt63 --no_extract FStar.Int63 --no_extract FStar.UInt32 --no_extract FStar.Int32 --no_extract FStar.UInt31 --no_extract FStar.Int31 --no_extract FStar.UInt16 --no_extract FStar.Int16 --no_extract FStar.UInt8 --no_extract FStar.Int8 --trace_error --include C:/Build/Agent/_work/37/s/dependencies/FStar/ulib//hyperstack --include ../bignum --include ../lib/kremlin --include C:/Build/Agent/_work/37/s/dependencies/kremlin/kremlib
[38;5;81mâš¡ Calling F*[0m
[38;5;119mâœ”[0m [F*,extract] (use -verbose to see the output)
[Checker.lookup_type] internal error Prims.list not found
Warning 4: <toplevel>: Malformed input:
Warnings.Fatal("Unrecoverable error")
Raised at file "src/Warnings.ml", line 46, characters 10-39
Called from file "src/Checker.ml", line 367, characters 69-90
Called from file "src/Checker.ml", line 291, characters 16-42
Called from file "src/Checker.ml", line 190, characters 2-16
Called from file "list.ml", line 73, characters 12-15
Called from file "src/Checker.ml", line 147, characters 6-25
Dropping Hacl_Spec_Poly1305 (at checking time)

Warning 6: in the definition of mac, after the definition of macsize, in top-level declaration Hacl.Test.Poly1305_64.main, in file Hacl_Test_Poly1305_64: stack newbuf 0uint8 @0 is a non-constant size, stack-allocated array; this is not supported by CompCert
[38;5;202mâš [0m Dropped some files while checking
[38;5;119mâœ”[0m Pattern compilation successfully checked
[38;5;119mâœ”[0m Simplify + inlining successfully checked
Warning 7: : After inlining, Hacl.Test.Poly1305_64.main calls Hacl.Impl.Poly1305_64.crypto_onetimeauth -- removing the static qualifier from Hacl.Impl.Poly1305_64.crypto_onetimeauth
KreMLin: writing out .c and .h files for Poly1305_64, Hacl_Test_Poly1305_64
[38;5;81mâš™ KreMLin will drive the C compiler.[0m Here's what we found:
[4mgcc is:[0m x86_64-w64-mingw32-gcc
[4mx86_64-w64-mingw32-gcc options are:[0m -D__USE_MINGW_ANSI_STDIO -Wall -Werror -Wno-parentheses -Wno-unused-variable -g -O3 -fwrapv -I FSTAR_LIB/hyperstack -I ../bignum -I ../lib/kremlin -I C:/Build/Agent/_work/37/s/dependencies/kremlin/kremlib -I poly-c -std=gnu99 -march=native
[38;5;81mâš¡ Generating object files[0m
[38;5;203mâœ˜[0m [CC,poly-c/Poly1305_64.c] (use -verbose to see the output)
Warning 3: run_or_warn: the following command failed:
x86_64-w64-mingw32-gcc -Wno-unused-but-set-variable -std=c11 -D__USE_MINGW_ANSI_STDIO -Wall -Werror -Wno-parentheses -Wno-unused-variable -g -O3 -fwrapv -I FSTAR_LIB/hyperstack -I ../bignum -I ../lib/kremlin -I C:/Build/Agent/_work/37/s/dependencies/kremlin/kremlib -I poly-c -std=gnu99 -march=native -c poly-c/Poly1305_64.c -o poly-c/Poly1305_64.o
[38;5;119mâœ”[0m [F*,extract] (use -verbose to see the output)
[38;5;203mâœ˜[0m [CC,poly-c/Hacl_Test_Poly1305_64.c] (use -verbose to see the output)
Warning 3: run_or_warn: the following command failed:
x86_64-w64-mingw32-gcc -Wno-unused-but-set-variable -std=c11 -D__USE_MINGW_ANSI_STDIO -Wall -Werror -Wno-parentheses -Wno-unused-variable -g -O3 -fwrapv -I FSTAR_LIB/hyperstack -I ../bignum -I ../lib/kremlin -I C:/Build/Agent/_work/37/s/dependencies/kremlin/kremlib -I poly-c -std=gnu99 -march=native -c poly-c/Hacl_Test_Poly1305_64.c -o poly-c/Hacl_Test_Poly1305_64.o
[38;5;119mâœ”[0m Input file successfully checked
[38;5;119mâœ”[0m Pattern compilation successfully checked
[38;5;119mâœ”[0m Simplify + inlining successfully checked
KreMLin: writing out .c and .h files for Hacl_Symmetric_HSalsa20
[38;5;203mâœ˜[0m [CC,C:/Build/Agent/_work/37/s/dependencies/kremlin/kremlib/kremlib.c] (use -verbose to see the output)
Warning 3: run_or_warn: the following command failed:
x86_64-w64-mingw32-gcc -Wno-unused-but-set-variable -std=c11 -D__USE_MINGW_ANSI_STDIO -Wall -Werror -Wno-parentheses -Wno-unused-variable -g -O3 -fwrapv -I FSTAR_LIB/hyperstack -I ../bignum -I ../lib/kremlin -I C:/Build/Agent/_work/37/s/dependencies/kremlin/kremlib -I poly-c -std=gnu99 -march=native -c C:/Build/Agent/_work/37/s/dependencies/kremlin/kremlib/kremlib.c -o poly-c/kremlib.o
[38;5;119mâœ”[0m [CC,C:/Build/Agent/_work/37/s/dependencies/kremlin/kremlib/testlib.c] (use -verbose to see the output)
[38;5;203mâœ˜[0m [LD] (use -verbose to see the output)
[38;5;203mgcc failed at the final linking phase[0m
Warning 3: run_or_warn: the following command failed:
x86_64-w64-mingw32-gcc -Wno-unused-but-set-variable -std=c11 -D__USE_MINGW_ANSI_STDIO -Wall -Werror -Wno-parentheses -Wno-unused-variable -g -O3 -fwrapv -I FSTAR_LIB/hyperstack -I ../bignum -I ../lib/kremlin -I C:/Build/Agent/_work/37/s/dependencies/kremlin/kremlib -I poly-c -std=gnu99 -march=native poly-c/testlib.o -o poly1305.exe -flto
make[3]: Leaving directory '/cygdrive/c/Build/Agent/_work/37/s/code/poly1305'
make[3]: *** [Makefile:76: extract-c] Error 250
make[2]: *** [Makefile:6: poly1305-c] Error 2
make[2]: *** Waiting for unfinished jobs....
[38;5;119mâœ”[0m [F*,extract] (use -verbose to see the output)
Warning 6: in the definition of ciphertext, after the definition of noncesize, in top-level declaration Hacl.Test.XSalsa20.main, in file Hacl_Test_XSalsa20: stack newbuf 0uint8 @2 is a non-constant size, stack-allocated array; this is not supported by CompCert
[38;5;119mâœ”[0m Input file successfully checked
[38;5;119mâœ”[0m Pattern compilation successfully checked
[38;5;119mâœ”[0m Simplify + inlining successfully checked
KreMLin: writing out .c and .h files for Hacl_Symmetric_HSalsa20, Hacl_Endianness, Hacl_Symmetric_Salsa20, Hacl_Symmetric_XSalsa20, Hacl_Test_XSalsa20
[38;5;81mâš™ KreMLin will drive the C compiler.[0m Here's what we found:
[4mgcc is:[0m x86_64-w64-mingw32-gcc
[4mx86_64-w64-mingw32-gcc options are:[0m -D__USE_MINGW_ANSI_STDIO -Wall -Werror -Wno-parentheses -Wno-unused-variable -g -O3 -fwrapv -I FSTAR_LIB/hyperstack -I ../bignum -I ../lib/kremlin -I C:/Build/Agent/_work/37/s/dependencies/kremlin/kremlib -I xsalsa-c -march=native -std=gnu99
[38;5;81mâš¡ Generating object files[0m
[38;5;203mâœ˜[0m [CC,xsalsa-c/Hacl_Symmetric_HSalsa20.c] (use -verbose to see the output)
Warning 3: run_or_warn: the following command failed:
x86_64-w64-mingw32-gcc -Wno-unused-but-set-variable -std=c11 -D__USE_MINGW_ANSI_STDIO -Wall -Werror -Wno-parentheses -Wno-unused-variable -g -O3 -fwrapv -I FSTAR_LIB/hyperstack -I ../bignum -I ../lib/kremlin -I C:/Build/Agent/_work/37/s/dependencies/kremlin/kremlib -I xsalsa-c -march=native -std=gnu99 -c xsalsa-c/Hacl_Symmetric_HSalsa20.c -o xsalsa-c/Hacl_Symmetric_HSalsa20.o
[38;5;203mâœ˜[0m [CC,xsalsa-c/Hacl_Endianness.c] (use -verbose to see the output)
Warning 3: run_or_warn: the following command failed:
x86_64-w64-mingw32-gcc -Wno-unused-but-set-variable -std=c11 -D__USE_MINGW_ANSI_STDIO -Wall -Werror -Wno-parentheses -Wno-unused-variable -g -O3 -fwrapv -I FSTAR_LIB/hyperstack -I ../bignum -I ../lib/kremlin -I C:/Build/Agent/_work/37/s/dependencies/kremlin/kremlib -I xsalsa-c -march=native -std=gnu99 -c xsalsa-c/Hacl_Endianness.c -o xsalsa-c/Hacl_Endianness.o
[38;5;119mâœ”[0m [F*,extract] (use -verbose to see the output)
Warning 6: in the definition of result, after the definition of keysize, in top-level declaration Hacl.Test.X25519.main, in file Hacl_Test_X25519: stack newbuf 0uint8 @0 is a non-constant size, stack-allocated array; this is not supported by CompCert
[38;5;119mâœ”[0m Input file successfully checked
[38;5;119mâœ”[0m Pattern compilation successfully checked
[38;5;119mâœ”[0m Simplify + inlining successfully checked
Warning 7: : After inlining, Hacl.Test.X25519.main calls Hacl.EC.crypto_scalarmult -- removing the static qualifier from Hacl.EC.crypto_scalarmult
KreMLin: writing out .c and .h files for Hacl_Endianness, Curve25519, Hacl_Test_X25519
[38;5;81mâš™ KreMLin will drive the C compiler.[0m Here's what we found:
[4mgcc is:[0m x86_64-w64-mingw32-gcc
[4mx86_64-w64-mingw32-gcc options are:[0m -D__USE_MINGW_ANSI_STDIO -Wall -Werror -Wno-parentheses -Wno-unused-variable -g -O3 -fwrapv -I FSTAR_LIB/hyperstack -I ../bignum -I ../lib/kremlin -I C:/Build/Agent/_work/37/s/dependencies/kremlin/kremlib -I x25519-c -std=gnu99 -march=native
[38;5;81mâš¡ Generating object files[0m
[38;5;203mâœ˜[0m [CC,x25519-c/Hacl_Endianness.c] (use -verbose to see the output)
Warning 3: run_or_warn: the following command failed:
x86_64-w64-mingw32-gcc -Wno-unused-but-set-variable -std=c11 -D__USE_MINGW_ANSI_STDIO -Wall -Werror -Wno-parentheses -Wno-unused-variable -g -O3 -fwrapv -I FSTAR_LIB/hyperstack -I ../bignum -I ../lib/kremlin -I C:/Build/Agent/_work/37/s/dependencies/kremlin/kremlib -I x25519-c -std=gnu99 -march=native -c x25519-c/Hacl_Endianness.c -o x25519-c/Hacl_Endianness.o
[38;5;203mâœ˜[0m [CC,xsalsa-c/Hacl_Symmetric_Salsa20.c] (use -verbose to see the output)
Warning 3: run_or_warn: the following command failed:
x86_64-w64-mingw32-gcc -Wno-unused-but-set-variable -std=c11 -D__USE_MINGW_ANSI_STDIO -Wall -Werror -Wno-parentheses -Wno-unused-variable -g -O3 -fwrapv -I FSTAR_LIB/hyperstack -I ../bignum -I ../lib/kremlin -I C:/Build/Agent/_work/37/s/dependencies/kremlin/kremlib -I xsalsa-c -march=native -std=gnu99 -c xsalsa-c/Hacl_Symmetric_Salsa20.c -o xsalsa-c/Hacl_Symmetric_Salsa20.o
[38;5;203mâœ˜[0m [CC,xsalsa-c/Hacl_Symmetric_XSalsa20.c] (use -verbose to see the output)
Warning 3: run_or_warn: the following command failed:
x86_64-w64-mingw32-gcc -Wno-unused-but-set-variable -std=c11 -D__USE_MINGW_ANSI_STDIO -Wall -Werror -Wno-parentheses -Wno-unused-variable -g -O3 -fwrapv -I FSTAR_LIB/hyperstack -I ../bignum -I ../lib/kremlin -I C:/Build/Agent/_work/37/s/dependencies/kremlin/kremlib -I xsalsa-c -march=native -std=gnu99 -c xsalsa-c/Hacl_Symmetric_XSalsa20.c -o xsalsa-c/Hacl_Symmetric_XSalsa20.o
[38;5;203mâœ˜[0m [CC,xsalsa-c/Hacl_Test_XSalsa20.c] (use -verbose to see the output)
Warning 3: run_or_warn: the following command failed:
x86_64-w64-mingw32-gcc -Wno-unused-but-set-variable -std=c11 -D__USE_MINGW_ANSI_STDIO -Wall -Werror -Wno-parentheses -Wno-unused-variable -g -O3 -fwrapv -I FSTAR_LIB/hyperstack -I ../bignum -I ../lib/kremlin -I C:/Build/Agent/_work/37/s/dependencies/kremlin/kremlib -I xsalsa-c -march=native -std=gnu99 -c xsalsa-c/Hacl_Test_XSalsa20.c -o xsalsa-c/Hacl_Test_XSalsa20.o
[38;5;203mâœ˜[0m [CC,x25519-c/Curve25519.c] (use -verbose to see the output)
Warning 3: run_or_warn: the following command failed:
x86_64-w64-mingw32-gcc -Wno-unused-but-set-variable -std=c11 -D__USE_MINGW_ANSI_STDIO -Wall -Werror -Wno-parentheses -Wno-unused-variable -g -O3 -fwrapv -I FSTAR_LIB/hyperstack -I ../bignum -I ../lib/kremlin -I C:/Build/Agent/_work/37/s/dependencies/kremlin/kremlib -I x25519-c -std=gnu99 -march=native -c x25519-c/Curve25519.c -o x25519-c/Curve25519.o
[38;5;203mâœ˜[0m [CC,C:/Build/Agent/_work/37/s/dependencies/kremlin/kremlib/kremlib.c] (use -verbose to see the output)
Warning 3: run_or_warn: the following command failed:
x86_64-w64-mingw32-gcc -Wno-unused-but-set-variable -std=c11 -D__USE_MINGW_ANSI_STDIO -Wall -Werror -Wno-parentheses -Wno-unused-variable -g -O3 -fwrapv -I FSTAR_LIB/hyperstack -I ../bignum -I ../lib/kremlin -I C:/Build/Agent/_work/37/s/dependencies/kremlin/kremlib -I xsalsa-c -march=native -std=gnu99 -c C:/Build/Agent/_work/37/s/dependencies/kremlin/kremlib/kremlib.c -o xsalsa-c/kremlib.o
[38;5;203mâœ˜[0m [CC,x25519-c/Hacl_Test_X25519.c] (use -verbose to see the output)
Warning 3: run_or_warn: the following command failed:
x86_64-w64-mingw32-gcc -Wno-unused-but-set-variable -std=c11 -D__USE_MINGW_ANSI_STDIO -Wall -Werror -Wno-parentheses -Wno-unused-variable -g -O3 -fwrapv -I FSTAR_LIB/hyperstack -I ../bignum -I ../lib/kremlin -I C:/Build/Agent/_work/37/s/dependencies/kremlin/kremlib -I x25519-c -std=gnu99 -march=native -c x25519-c/Hacl_Test_X25519.c -o x25519-c/Hacl_Test_X25519.o
[38;5;119mâœ”[0m [CC,C:/Build/Agent/_work/37/s/dependencies/kremlin/kremlib/testlib.c] (use -verbose to see the output)
[38;5;203mâœ˜[0m [LD] (use -verbose to see the output)
[38;5;203mgcc failed at the final linking phase[0m
Warning 3: run_or_warn: the following command failed:
x86_64-w64-mingw32-gcc -Wno-unused-but-set-variable -std=c11 -D__USE_MINGW_ANSI_STDIO -Wall -Werror -Wno-parentheses -Wno-unused-variable -g -O3 -fwrapv -I FSTAR_LIB/hyperstack -I ../bignum -I ../lib/kremlin -I C:/Build/Agent/_work/37/s/dependencies/kremlin/kremlib -I xsalsa-c -march=native -std=gnu99 xsalsa-c/testlib.o -o xsalsa20.exe -flto
make[3]: *** [Makefile:108: XSalsa20.c] Error 250
make[3]: *** Waiting for unfinished jobs....
[38;5;203mâœ˜[0m [CC,C:/Build/Agent/_work/37/s/dependencies/kremlin/kremlib/kremlib.c] (use -verbose to see the output)
Warning 3: run_or_warn: the following command failed:
x86_64-w64-mingw32-gcc -Wno-unused-but-set-variable -std=c11 -D__USE_MINGW_ANSI_STDIO -Wall -Werror -Wno-parentheses -Wno-unused-variable -g -O3 -fwrapv -I FSTAR_LIB/hyperstack -I ../bignum -I ../lib/kremlin -I C:/Build/Agent/_work/37/s/dependencies/kremlin/kremlib -I x25519-c -std=gnu99 -march=native -c C:/Build/Agent/_work/37/s/dependencies/kremlin/kremlib/kremlib.c -o x25519-c/kremlib.o
[38;5;119mâœ”[0m [CC,C:/Build/Agent/_work/37/s/dependencies/kremlin/kremlib/testlib.c] (use -verbose to see the output)
[38;5;203mâœ˜[0m [LD] (use -verbose to see the output)
[38;5;203mgcc failed at the final linking phase[0m
Warning 3: run_or_warn: the following command failed:
make[3]: Leaving directory '/cygdrive/c/Build/Agent/_work/37/s/code/curve25519'
x86_64-w64-mingw32-gcc -Wno-unused-but-set-variable -std=c11 -D__USE_MINGW_ANSI_STDIO -Wall -Werror -Wno-parentheses -Wno-unused-variable -g -O3 -fwrapv -I FSTAR_LIB/hyperstack -I ../bignum -I ../lib/kremlin -I C:/Build/Agent/_work/37/s/dependencies/kremlin/kremlib -I x25519-c -std=gnu99 -march=native x25519-c/testlib.o -o x25519.exe -flto
make[3]: *** [Makefile:99: extract-c] Error 250
make[2]: *** [Makefile:6: curve25519-c] Error 2
[38;5;119mâœ”[0m [F*,extract] (use -verbose to see the output)
Warning 6: in the definition of ciphertext, after the definition of len, in top-level declaration Hacl.Test.Chacha20.main, in file Hacl_Test_Chacha20: stack newbuf 0uint8 @0 is a non-constant size, stack-allocated array; this is not supported by CompCert
[38;5;119mâœ”[0m Input file successfully checked
[38;5;119mâœ”[0m Pattern compilation successfully checked
Warning 7: : After inlining, Hacl.Test.Chacha20.loop calls Hacl.Symmetric.Chacha20.chacha20_update -- removing the static qualifier from Hacl.Symmetric.Chacha20.chacha20_update
Warning 7: : After inlining, Hacl.Test.Chacha20.main calls Hacl.Symmetric.Chacha20.chacha_keysetup -- removing the static qualifier from Hacl.Symmetric.Chacha20.chacha_keysetup
Warning 7: : After inlining, Hacl.Test.Chacha20.main calls Hacl.Symmetric.Chacha20.chacha_ietf_ivsetup -- removing the static qualifier from Hacl.Symmetric.Chacha20.chacha_ietf_ivsetup
Warning 7: : After inlining, Hacl.Test.Chacha20.main calls Hacl.Symmetric.Chacha20.chacha_encrypt_bytes -- removing the static qualifier from Hacl.Symmetric.Chacha20.chacha_encrypt_bytes
[38;5;119mâœ”[0m Simplify + inlining successfully checked
Warning 7: : After inlining, Hacl.Test.Chacha20.main calls Hacl.Symmetric.Chacha20.chacha20_finish -- removing the static qualifier from Hacl.Symmetric.Chacha20.chacha20_finish
KreMLin: writing out .c and .h files for Hacl_Endianness, Chacha20, Hacl_Test_Chacha20
[38;5;81mâš™ KreMLin will drive the C compiler.[0m Here's what we found:
[4mgcc is:[0m x86_64-w64-mingw32-gcc
[4mx86_64-w64-mingw32-gcc options are:[0m -D__USE_MINGW_ANSI_STDIO -Wall -Werror -Wno-parentheses -Wno-unused-variable -g -O3 -fwrapv -I FSTAR_LIB/hyperstack -I ../bignum -I ../lib/kremlin -I C:/Build/Agent/_work/37/s/dependencies/kremlin/kremlib -I chacha-c -march=native -std=gnu99
[38;5;81mâš¡ Generating object files[0m
[38;5;203mâœ˜[0m [CC,chacha-c/Hacl_Endianness.c] (use -verbose to see the output)
Warning 3: run_or_warn: the following command failed:
x86_64-w64-mingw32-gcc -Wno-unused-but-set-variable -std=c11 -D__USE_MINGW_ANSI_STDIO -Wall -Werror -Wno-parentheses -Wno-unused-variable -g -O3 -fwrapv -I FSTAR_LIB/hyperstack -I ../bignum -I ../lib/kremlin -I C:/Build/Agent/_work/37/s/dependencies/kremlin/kremlib -I chacha-c -march=native -std=gnu99 -c chacha-c/Hacl_Endianness.c -o chacha-c/Hacl_Endianness.o
[38;5;203mâœ˜[0m [CC,chacha-c/Chacha20.c] (use -verbose to see the output)
Warning 3: run_or_warn: the following command failed:
x86_64-w64-mingw32-gcc -Wno-unused-but-set-variable -std=c11 -D__USE_MINGW_ANSI_STDIO -Wall -Werror -Wno-parentheses -Wno-unused-variable -g -O3 -fwrapv -I FSTAR_LIB/hyperstack -I ../bignum -I ../lib/kremlin -I C:/Build/Agent/_work/37/s/dependencies/kremlin/kremlib -I chacha-c -march=native -std=gnu99 -c chacha-c/Chacha20.c -o chacha-c/Chacha20.o
[38;5;203mâœ˜[0m [CC,chacha-c/Hacl_Test_Chacha20.c] (use -verbose to see the output)
Warning 3: run_or_warn: the following command failed:
x86_64-w64-mingw32-gcc -Wno-unused-but-set-variable -std=c11 -D__USE_MINGW_ANSI_STDIO -Wall -Werror -Wno-parentheses -Wno-unused-variable -g -O3 -fwrapv -I FSTAR_LIB/hyperstack -I ../bignum -I ../lib/kremlin -I C:/Build/Agent/_work/37/s/dependencies/kremlin/kremlib -I chacha-c -march=native -std=gnu99 -c chacha-c/Hacl_Test_Chacha20.c -o chacha-c/Hacl_Test_Chacha20.o
[38;5;203mâœ˜[0m [CC,C:/Build/Agent/_work/37/s/dependencies/kremlin/kremlib/kremlib.c] (use -verbose to see the output)
Warning 3: run_or_warn: the following command failed:
x86_64-w64-mingw32-gcc -Wno-unused-but-set-variable -std=c11 -D__USE_MINGW_ANSI_STDIO -Wall -Werror -Wno-parentheses -Wno-unused-variable -g -O3 -fwrapv -I FSTAR_LIB/hyperstack -I ../bignum -I ../lib/kremlin -I C:/Build/Agent/_work/37/s/dependencies/kremlin/kremlib -I chacha-c -march=native -std=gnu99 -c C:/Build/Agent/_work/37/s/dependencies/kremlin/kremlib/kremlib.c -o chacha-c/kremlib.o
[38;5;119mâœ”[0m [CC,C:/Build/Agent/_work/37/s/dependencies/kremlin/kremlib/testlib.c] (use -verbose to see the output)
Warning 3: run_or_warn: the following command failed:
[38;5;203mâœ˜[0m [LD] (use -verbose to see the output)
[38;5;203mgcc failed at the final linking phase[0m
x86_64-w64-mingw32-gcc -Wno-unused-but-set-variable -std=c11 -D__USE_MINGW_ANSI_STDIO -Wall -Werror -Wno-parentheses -Wno-unused-variable -g -O3 -fwrapv -I FSTAR_LIB/hyperstack -I ../bignum -I ../lib/kremlin -I C:/Build/Agent/_work/37/s/dependencies/kremlin/kremlib -I chacha-c -march=native -std=gnu99 chacha-c/testlib.o -o chacha20.exe
make[3]: *** [Makefile:65: Chacha20.c] Error 250
[38;5;119mâœ”[0m [F*,extract]
Extracted module Mul
Extracted module StrongExcludedMiddle
Extracted module Classical
Extracted module Base
Extracted module Properties
Extracted module Tot
Extracted module Properties
Extracted module Seq
Extracted module Lemmas
Extracted module BitVector
Extracted module UInt
Extracted module Int
Extracted module UInt64
Extracted module UInt128
Extracted module UInt32
Extracted module UInt8
Extracted module Cast
Extracted module Cast
Extracted module Ghost
Extracted module Endianness
Extracted module UInt16
Extracted module FunctionalExtensionality
Extracted module PropositionalExtensionality
Extracted module PredicateExtensionality
Extracted module TSet
Extracted module Heap
Extracted module Set
Extracted module Map
Extracted module Buffer
Extracted module C
Extracted module Endianness
Extracted module Endianness
Extracted module Salsa20
Extracted module Salsa20
Extracted module Chacha20
Extracted module Salsa20
Attempting to translate module FStar.Mul
Attempting to translate module FStar.StrongExcludedMiddle
Warning: not translating definition for strong_excluded_middle (and possibly others)
Type scheme is: forall 'Ap. Prims.bool
Attempting to translate module FStar.Classical
Warning: not translating definition for give_witness (and possibly others)
Type scheme is: forall 'Aa. 'Aa  ->  Prims.unit
Warning: not translating definition for forall_intro_gtot (and possibly others)
Type scheme is: forall 'Aa, 'Ap. ('Aa  ->  'Ap)  ->  ('Aa, 'Ap) Prims.l_Forall Prims.squash
Warning: not translating definition for lemma_forall_intro_gtot (and possibly others)
Type scheme is: forall 'Aa, 'Ap. ('Aa  ->  'Ap)  ->  Prims.unit
Warning: not translating definition for gtot_to_lemma (and possibly others)
Type scheme is: forall 'Aa, 'Ap. ('Aa  ->  'Ap)  ->  'Aa  ->  Prims.unit
Warning: not translating definition for lemma_to_squash_gtot (and possibly others)
Type scheme is: forall 'Aa, 'Ap. ('Aa  ->  Prims.unit)  ->  'Aa  ->  'Ap Prims.squash
Warning: not translating definition for forall_intro_squash_gtot (and possibly others)
Type scheme is: forall 'Aa, 'Ap. ('Aa  ->  'Ap Prims.squash)  ->  ('Aa, 'Ap) Prims.l_Forall Prims.squash
Warning: not translating definition for forall_intro (and possibly others)
Type scheme is: forall 'Aa, 'Ap. ('Aa  ->  Prims.unit)  ->  Prims.unit
Warning: not translating definition for forall_intro_2 (and possibly others)
Type scheme is: forall 'Aa, 'Ab, 'Ap. ('Aa  ->  'Ab  ->  Prims.unit)  ->  Prims.unit
Warning: not translating definition for forall_intro_3 (and possibly others)
Type scheme is: forall 'Aa, 'Ab, 'Ac, 'Ap. ('Aa  ->  'Ab  ->  'Ac  ->  Prims.unit)  ->  Prims.unit
Warning: not translating definition for exists_intro (and possibly others)
Type scheme is: forall 'Aa, 'Ap. 'Aa  ->  Prims.unit
Warning: not translating definition for forall_to_exists (and possibly others)
Type scheme is: forall 'Aa, 'Ap, 'Ar. ('Aa  ->  Prims.unit)  ->  Prims.unit
Warning: not translating definition for forall_to_exists_2 (and possibly others)
Type scheme is: forall 'Aa, 'Ap, 'Ab, 'Aq, 'Ar. ('Aa  ->  'Ab  ->  Prims.unit)  ->  Prims.unit
Warning: not translating definition for impl_intro_gtot (and possibly others)
Type scheme is: forall 'Ap, 'Aq. ('Ap  ->  'Aq)  ->  ('Ap, 'Aq) Prims.l_imp
Warning: not translating definition for impl_intro (and possibly others)
Type scheme is: forall 'Ap, 'Aq. ('Ap  ->  Prims.unit)  ->  Prims.unit
Warning: not translating definition for exists_elim (and possibly others)
Type scheme is: forall 'Agoal, 'Aa, 'Ap. ('Aa, 'Ap) Prims.l_Exists Prims.squash  ->  ('Aa  ->  'Agoal Prims.squash)  ->  Prims.unit
Warning: not translating definition for move_requires (and possibly others)
Type scheme is: forall 'Aa, 'Ap, 'Aq. ('Aa  ->  Prims.unit)  ->  'Aa  ->  Prims.unit
Warning: not translating definition for ghost_lemma (and possibly others)
Type scheme is: forall 'Aa, 'Ap, 'Aq. ('Aa  ->  Prims.unit)  ->  Prims.unit
Warning: not translating definition for excluded_middle (and possibly others)
Type scheme is: forall 'Ap. Prims.unit
Attempting to translate module FStar.List.Tot.Base
Warning: not translating definition for isEmpty (and possibly others)
Type scheme is: forall 'a. 'a Prims.list  ->  Prims.bool
Warning: not translating definition for hd (and possibly others)
Type scheme is: forall 'a. 'a Prims.list  ->  'a
Warning: not translating definition for tail (and possibly others)
Type scheme is: forall 'a. 'a Prims.list  ->  'a Prims.list
Warning: not translating definition for tl (and possibly others)
Type scheme is: forall 'a. 'a Prims.list  ->  'a Prims.list
Warning: not translating definition for length (and possibly others)
Type scheme is: forall 'a. 'a Prims.list  ->  Prims.nat
Warning: not translating definition for nth (and possibly others)
Type scheme is: forall 'a. 'a Prims.list  ->  Prims.nat  ->  'a Prims.option
Warning: not translating definition for index (and possibly others)
Type scheme is: forall 'Aa. 'Aa Prims.list  ->  Prims.nat  ->  'Aa
Warning: not translating definition for count (and possibly others)
Type scheme is: forall 'Aa. 'Aa  ->  'Aa Prims.list  ->  Prims.nat
Warning: not translating definition for rev_acc (and possibly others)
Type scheme is: forall 'a. 'a Prims.list  ->  'a Prims.list  ->  'a Prims.list
Warning: not translating definition for rev (and possibly others)
Type scheme is: forall 'a. 'a Prims.list  ->  'a Prims.list
Warning: not translating definition for append (and possibly others)
Type scheme is: forall 'a. 'a Prims.list  ->  'a Prims.list  ->  'a Prims.list
Warning: not translating definition for op_At (and possibly others)
Type scheme is: forall 'Auu____252. 'Auu____252 Prims.list  ->  'Auu____252 Prims.list  ->  'Auu____252 Prims.list
Warning: not translating definition for flatten (and possibly others)
Type scheme is: forall 'a. 'a Prims.list Prims.list  ->  'a Prims.list
Warning: not translating definition for map (and possibly others)
Type scheme is: forall 'a, 'b. ('a  ->  'b)  ->  'a Prims.list  ->  'b Prims.list
Warning: not translating definition for mapi_init (and possibly others)
Type scheme is: forall 'a, 'b. (Prims.int  ->  'a  ->  'b)  ->  'a Prims.list  ->  Prims.int  ->  'b Prims.list
Warning: not translating definition for mapi (and possibly others)
Type scheme is: forall 'a, 'b. (Prims.int  ->  'a  ->  'b)  ->  'a Prims.list  ->  'b Prims.list
Warning: not translating definition for concatMap (and possibly others)
Type scheme is: forall 'a, 'b. ('a  ->  'b Prims.list)  ->  'a Prims.list  ->  'b Prims.list
Warning: not translating definition for fold_left (and possibly others)
Type scheme is: forall 'a, 'b. ('a  ->  'b  ->  'a)  ->  'a  ->  'b Prims.list  ->  'a
Warning: not translating definition for fold_right (and possibly others)
Type scheme is: forall 'a, 'b. ('a  ->  'b  ->  'b)  ->  'a Prims.list  ->  'b  ->  'b
Warning: not translating definition for fold_left2 (and possibly others)
Type scheme is: forall 'a, 'b, 'c. ('a  ->  'b  ->  'c  ->  'a)  ->  'a  ->  'b Prims.list  ->  'c Prims.list  ->  'a
Warning: not translating definition for mem (and possibly others)
Type scheme is: forall 'Aa. 'Aa  ->  'Aa Prims.list  ->  Prims.bool
Warning: not translating definition for contains (and possibly others)
Type scheme is: forall 'Auu____629. 'Auu____629  ->  'Auu____629 Prims.list  ->  Prims.bool
Warning: not translating definition for existsb (and possibly others)
Type scheme is: forall 'Aa. ('Aa  ->  Prims.bool)  ->  'Aa Prims.list  ->  Prims.bool
Warning: not translating definition for find (and possibly others)
Type scheme is: forall 'Aa. ('Aa  ->  Prims.bool)  ->  'Aa Prims.list  ->  'Aa Prims.option
Warning: not translating definition for filter (and possibly others)
Type scheme is: forall 'Aa. ('Aa  ->  Prims.bool)  ->  'Aa Prims.list  ->  'Aa Prims.list
Warning: not translating definition for mem_filter (and possibly others)
Type scheme is: forall 'Aa. ('Aa  ->  Prims.bool)  ->  'Aa Prims.list  ->  'Aa  ->  Prims.unit
Warning: not translating definition for mem_filter_forall (and possibly others)
Type scheme is: forall 'Aa. ('Aa  ->  Prims.bool)  ->  'Aa Prims.list  ->  Prims.unit
Warning: not translating definition for for_all (and possibly others)
Type scheme is: forall 'a. ('a  ->  Prims.bool)  ->  'a Prims.list  ->  Prims.bool
Warning: not translating definition for collect (and possibly others)
Type scheme is: forall 'a, 'b. ('a  ->  'b Prims.list)  ->  'a Prims.list  ->  'b Prims.list
Warning: not translating definition for tryFind (and possibly others)
Type scheme is: forall 'a. ('a  ->  Prims.bool)  ->  'a Prims.list  ->  'a Prims.option
Warning: not translating definition for tryPick (and possibly others)
Type scheme is: forall 'a, 'b. ('a  ->  'b Prims.option)  ->  'a Prims.list  ->  'b Prims.option
Warning: not translating definition for choose (and possibly others)
Type scheme is: forall 'a, 'b. ('a  ->  'b Prims.option)  ->  'a Prims.list  ->  'b Prims.list
Warning: not translating definition for partition (and possibly others)
Type scheme is: forall 'a. ('a  ->  Prims.bool)  ->  'a Prims.list  ->  ('a Prims.list * 'a Prims.list)
Warning: not translating definition for subset (and possibly others)
Type scheme is: forall 'Aa. 'Aa Prims.list  ->  'Aa Prims.list  ->  Prims.bool
Warning: not translating definition for noRepeats (and possibly others)
Type scheme is: forall 'Aa. 'Aa Prims.list  ->  Prims.bool
Warning: not translating definition for assoc (and possibly others)
Type scheme is: forall 'Aa, 'Ab. 'Aa  ->  ('Aa * 'Ab) Prims.list  ->  'Ab Prims.option
Warning: not translating definition for split (and possibly others)
Type scheme is: forall 'a, 'b. ('a * 'b) Prims.list  ->  ('a Prims.list * 'b Prims.list)
Warning: not translating definition for unzip (and possibly others)
Type scheme is: forall 'Auu____1240, 'Auu____1241. ('Auu____1241 * 'Auu____1240) Prims.list  ->  ('Auu____1241 Prims.list * 'Auu____1240 Prims.list)
Warning: not translating definition for unzip3 (and possibly others)
Type scheme is: forall 'a, 'b, 'c. ('a * 'b * 'c) Prims.list  ->  ('a Prims.list * 'b Prims.list * 'c Prims.list)
Warning: not translating definition for partition_length (and possibly others)
Type scheme is: forall 'a. ('a  ->  Prims.bool)  ->  'a Prims.list  ->  Prims.unit
Warning: not translating definition for bool_of_compare (and possibly others)
Type scheme is: forall 'a. ('a  ->  'a  ->  Prims.int)  ->  'a  ->  'a  ->  Prims.bool
Warning: not translating definition for compare_of_bool (and possibly others)
Type scheme is: forall 'Aa. ('Aa  ->  'Aa  ->  Prims.bool)  ->  'Aa  ->  'Aa  ->  Prims.int
Warning: not translating definition for sortWith (and possibly others)
Type scheme is: forall 'a. ('a  ->  'a  ->  Prims.int)  ->  'a Prims.list  ->  'a Prims.list
Attempting to translate module FStar.List.Tot.Properties
Warning: not translating definition for mem_empty (and possibly others)
Type scheme is: forall 'Aa. 'Aa  ->  Prims.unit
Warning: not translating definition for mem_existsb (and possibly others)
Type scheme is: forall 'Aa. ('Aa  ->  Prims.bool)  ->  'Aa Prims.list  ->  Prims.unit
Warning: not translating definition for rev_acc_length (and possibly others)
Type scheme is: forall 'a. 'a Prims.list  ->  'a Prims.list  ->  Prims.unit
Warning: not translating definition for rev_length (and possibly others)
Type scheme is: forall 'a. 'a Prims.list  ->  Prims.unit
Warning: not translating definition for rev_acc_mem (and possibly others)
Type scheme is: forall 'Aa. 'Aa Prims.list  ->  'Aa Prims.list  ->  'Aa  ->  Prims.unit
Warning: not translating definition for rev_mem (and possibly others)
Type scheme is: forall 'Aa. 'Aa Prims.list  ->  'Aa  ->  Prims.unit
Warning: not translating definition for append_nil_l (and possibly others)
Type scheme is: forall 'a. 'a Prims.list  ->  Prims.unit
Warning: not translating definition for append_l_nil (and possibly others)
Type scheme is: forall 'a. 'a Prims.list  ->  Prims.unit
Warning: not translating definition for append_cons_l (and possibly others)
Type scheme is: forall 'a. 'a  ->  'a Prims.list  ->  'a Prims.list  ->  Prims.unit
Warning: not translating definition for append_l_cons (and possibly others)
Type scheme is: forall 'a. 'a  ->  'a Prims.list  ->  'a Prims.list  ->  Prims.unit
Warning: not translating definition for append_assoc (and possibly others)
Type scheme is: forall 'a. 'a Prims.list  ->  'a Prims.list  ->  'a Prims.list  ->  Prims.unit
Warning: not translating definition for append_length (and possibly others)
Type scheme is: forall 'a. 'a Prims.list  ->  'a Prims.list  ->  Prims.unit
Warning: not translating definition for append_mem (and possibly others)
Type scheme is: forall 'At. 'At Prims.list  ->  'At Prims.list  ->  'At  ->  Prims.unit
Warning: not translating definition for append_mem_forall (and possibly others)
Type scheme is: forall 'Aa. 'Aa Prims.list  ->  'Aa Prims.list  ->  Prims.unit
Warning: not translating definition for append_count (and possibly others)
Type scheme is: forall 'At. 'At Prims.list  ->  'At Prims.list  ->  'At  ->  Prims.unit
Warning: not translating definition for append_count_forall (and possibly others)
Type scheme is: forall 'Aa. 'Aa Prims.list  ->  'Aa Prims.list  ->  Prims.unit
Warning: not translating definition for append_eq_nil (and possibly others)
Type scheme is: forall 'a. 'a Prims.list  ->  'a Prims.list  ->  Prims.unit
Warning: not translating definition for append_eq_singl (and possibly others)
Type scheme is: forall 'a. 'a Prims.list  ->  'a Prims.list  ->  'a  ->  Prims.unit
Warning: not translating definition for append_inv_head (and possibly others)
Type scheme is: forall 'a. 'a Prims.list  ->  'a Prims.list  ->  'a Prims.list  ->  Prims.unit
Warning: not translating definition for append_inv_tail (and possibly others)
Type scheme is: forall 'a. 'a Prims.list  ->  'a Prims.list  ->  'a Prims.list  ->  Prims.unit
Warning: not translating definition for rev' (and possibly others)
Type scheme is: forall 'a. 'a Prims.list  ->  'a Prims.list
Warning: not translating definition for rev'T (and possibly others)
Type scheme is: forall 'Auu____588. 'Auu____588 Prims.list  ->  'Auu____588 Prims.list
Warning: not translating definition for rev_acc_rev' (and possibly others)
Type scheme is: forall 'a. 'a Prims.list  ->  'a Prims.list  ->  Prims.unit
Warning: not translating definition for rev_rev' (and possibly others)
Type scheme is: forall 'a. 'a Prims.list  ->  Prims.unit
Warning: not translating definition for rev'_append (and possibly others)
Type scheme is: forall 'a. 'a Prims.list  ->  'a Prims.list  ->  Prims.unit
Warning: not translating definition for rev_append (and possibly others)
Type scheme is: forall 'a. 'a Prims.list  ->  'a Prims.list  ->  Prims.unit
Warning: not translating definition for rev'_involutive (and possibly others)
Type scheme is: forall 'a. 'a Prims.list  ->  Prims.unit
Warning: not translating definition for rev_involutive (and possibly others)
Type scheme is: forall 'a. 'a Prims.list  ->  Prims.unit
Warning: not translating definition for rev'_list_ind (and possibly others)
Type scheme is: forall 'a. ('a Prims.list  ->  Prims.bool)  ->  'a Prims.list  ->  Prims.unit
Warning: not translating definition for rev_ind (and possibly others)
Type scheme is: forall 'a. ('a Prims.list  ->  Prims.bool)  ->  'a Prims.list  ->  Prims.unit
Warning: not translating definition for map_lemma (and possibly others)
Type scheme is: forall 'a, 'b. ('a  ->  'b)  ->  'a Prims.list  ->  Prims.unit
Warning: not translating definition for partition_mem (and possibly others)
Type scheme is: forall 'Aa. ('Aa  ->  Prims.bool)  ->  'Aa Prims.list  ->  'Aa  ->  Prims.unit
Warning: not translating definition for partition_mem_forall (and possibly others)
Type scheme is: forall 'Aa. ('Aa  ->  Prims.bool)  ->  'Aa Prims.list  ->  Prims.unit
Warning: not translating definition for partition_mem_p_forall (and possibly others)
Type scheme is: forall 'Aa. ('Aa  ->  Prims.bool)  ->  'Aa Prims.list  ->  Prims.unit
Warning: not translating definition for partition_count (and possibly others)
Warning 6: in the definition of ciphertext, after the definition of noncesize, in top-level declaration Hacl.Test.Salsa20.main, in file Hacl_Test_Salsa20: stack newbuf 0uint8 @2 is a non-constant size, stack-allocated array; this is not supported by CompCert
Type scheme is: forall 'Aa. ('Aa  ->  Prims.bool)  ->  'Aa Prims.list  ->  'Aa  ->  Prims.unit
Warning: not translating definition for partition_count_forall (and possibly others)
Warning 6: in the definition of plaintext, after the definition of ciphertext, in top-level declaration Hacl.Test.Salsa20.main, in file Hacl_Test_Salsa20: stack newbuf 0uint8 @3 is a non-constant size, stack-allocated array; this is not supported by CompCert
Type scheme is: forall 'Aa. ('Aa  ->  Prims.bool)  ->  'Aa Prims.list  ->  Prims.unit
Warning: not translating definition for sortWith_permutation (and possibly others)
Warning 6: in the definition of key, after the definition of expected4, in top-level declaration Hacl.Test.Salsa20.main, in file Hacl_Test_Salsa20: stack newbuf 0uint8 @7 is a non-constant size, stack-allocated array; this is not supported by CompCert
Type scheme is: forall 'Aa. ('Aa  ->  'Aa  ->  Prims.int)  ->  'Aa Prims.list  ->  Prims.unit
Warning: not translating definition for sorted (and possibly others)
Warning 6: in the definition of nonce, after the definition of key, in top-level declaration Hacl.Test.Salsa20.main, in file Hacl_Test_Salsa20: stack newbuf 0uint8 @7 is a non-constant size, stack-allocated array; this is not supported by CompCert
Type scheme is: forall 'a. ('a  ->  'a  ->  Prims.bool)  ->  'a Prims.list  ->  Prims.bool
Warning: not translating definition for append_sorted (and possibly others)
Type scheme is: forall 'Aa. ('Aa  ->  'Aa  ->  Prims.bool)  ->  'Aa Prims.list  ->  'Aa Prims.list  ->  'Aa  ->  Prims.unit
Warning: not translating definition for sortWith_sorted (and possibly others)
Type scheme is: forall 'Aa. ('Aa  ->  'Aa  ->  Prims.int)  ->  'Aa Prims.list  ->  Prims.unit
Attempting to translate module FStar.List.Tot
Attempting to translate module FStar.Seq.Properties
Warning: not translating definition for lemma_append_inj_l (and possibly others)
Type scheme is: forall 'Aa. 'Aa FStar_Seq_Base.seq  ->  'Aa FStar_Seq_Base.seq  ->  'Aa FStar_Seq_Base.seq  ->  'Aa FStar_Seq_Base.seq  ->  Prims.nat  ->  Prims.unit
Warning: not translating definition for lemma_append_inj_r (and possibly others)
Type scheme is: forall 'Aa. 'Aa FStar_Seq_Base.seq  ->  'Aa FStar_Seq_Base.seq  ->  'Aa FStar_Seq_Base.seq  ->  'Aa FStar_Seq_Base.seq  ->  Prims.nat  ->  Prims.unit
Warning: not translating definition for lemma_append_len_disj (and possibly others)
Type scheme is: forall 'Aa. 'Aa FStar_Seq_Base.seq  ->  'Aa FStar_Seq_Base.seq  ->  'Aa FStar_Seq_Base.seq  ->  'Aa FStar_Seq_Base.seq  ->  Prims.unit
Warning: not translating definition for lemma_append_inj (and possibly others)
Type scheme is: forall 'Aa. 'Aa FStar_Seq_Base.seq  ->  'Aa FStar_Seq_Base.seq  ->  'Aa FStar_Seq_Base.seq  ->  'Aa FStar_Seq_Base.seq  ->  Prims.unit
Warning: not translating definition for head (and possibly others)
Type scheme is: forall 'Aa. 'Aa FStar_Seq_Base.seq  ->  'Aa
Warning: not translating definition for tail (and possibly others)
Type scheme is: forall 'Aa. 'Aa FStar_Seq_Base.seq  ->  'Aa FStar_Seq_Base.seq
Warning: not translating definition for lemma_head_append (and possibly others)
Type scheme is: forall 'Aa. 'Aa FStar_Seq_Base.seq  ->  'Aa FStar_Seq_Base.seq  ->  Prims.unit
Warning: not translating definition for lemma_tail_append (and possibly others)
Type scheme is: forall 'Aa. 'Aa FStar_Seq_Base.seq  ->  'Aa FStar_Seq_Base.seq  ->  Prims.unit
Warning: not translating definition for last (and possibly others)
Type scheme is: forall 'Aa. 'Aa FStar_Seq_Base.seq  ->  'Aa
Warning: not translating definition for cons (and possibly others)
Type scheme is: forall 'Aa. 'Aa  ->  'Aa FStar_Seq_Base.seq  ->  'Aa FStar_Seq_Base.seq
Warning: not translating definition for lemma_cons_inj (and possibly others)
Type scheme is: forall 'Aa. 'Aa  ->  'Aa  ->  'Aa FStar_Seq_Base.seq  ->  'Aa FStar_Seq_Base.seq  ->  Prims.unit
Warning: not translating definition for split (and possibly others)
Type scheme is: forall 'Aa. 'Aa FStar_Seq_Base.seq  ->  Prims.nat  ->  ('Aa FStar_Seq_Base.seq * 'Aa FStar_Seq_Base.seq)
Warning: not translating definition for lemma_split (and possibly others)
Type scheme is: forall 'Aa. 'Aa FStar_Seq_Base.seq  ->  Prims.nat  ->  Prims.unit
Warning: not translating definition for split_eq (and possibly others)
Type scheme is: forall 'Aa. 'Aa FStar_Seq_Base.seq  ->  Prims.nat  ->  ('Aa FStar_Seq_Base.seq * 'Aa FStar_Seq_Base.seq)
Warning: not translating definition for count (and possibly others)
Type scheme is: forall 'Aa. 'Aa  ->  'Aa FStar_Seq_Base.seq  ->  Prims.nat
Warning: not translating definition for mem (and possibly others)
Type scheme is: forall 'Aa. 'Aa  ->  'Aa FStar_Seq_Base.seq  ->  Prims.bool
Warning: not translating definition for swap (and possibly others)
Type scheme is: forall 'Aa. 'Aa FStar_Seq_Base.seq  ->  Prims.nat  ->  Prims.nat  ->  'Aa FStar_Seq_Base.seq
Warning: not translating definition for lemma_slice_append (and possibly others)
Type scheme is: forall 'Aa. 'Aa FStar_Seq_Base.seq  ->  'Aa FStar_Seq_Base.seq  ->  Prims.unit
Warning: not translating definition for lemma_slice_first_in_append (and possibly others)
Type scheme is: forall 'Aa. 'Aa FStar_Seq_Base.seq  ->  'Aa FStar_Seq_Base.seq  ->  Prims.nat  ->  Prims.unit
Warning: not translating definition for slice_upd (and possibly others)
Type scheme is: forall 'Aa. 'Aa FStar_Seq_Base.seq  ->  Prims.nat  ->  Prims.nat  ->  Prims.nat  ->  'Aa  ->  Prims.unit
Warning: not translating definition for upd_slice (and possibly others)
Type scheme is: forall 'Aa. 'Aa FStar_Seq_Base.seq  ->  Prims.nat  ->  Prims.nat  ->  Prims.nat  ->  'Aa  ->  Prims.unit
Warning: not translating definition for lemma_append_cons (and possibly others)
Type scheme is: forall 'Aa. 'Aa FStar_Seq_Base.seq  ->  'Aa FStar_Seq_Base.seq  ->  Prims.unit
Warning: not translating definition for lemma_tl (and possibly others)
Type scheme is: forall 'Aa. 'Aa  ->  'Aa FStar_Seq_Base.seq  ->  Prims.unit
Warning: not translating definition for sorted (and possibly others)
Type scheme is: forall 'Aa. ('Aa  ->  'Aa  ->  Prims.bool)  ->  'Aa FStar_Seq_Base.seq  ->  Prims.bool
Warning: not translating definition for lemma_append_count (and possibly others)
Type scheme is: forall 'Aa. 'Aa FStar_Seq_Base.seq  ->  'Aa FStar_Seq_Base.seq  ->  Prims.unit
Warning: not translating definition for lemma_append_count_aux (and possibly others)
Type scheme is: forall 'Aa. 'Aa  ->  'Aa FStar_Seq_Base.seq  ->  'Aa FStar_Seq_Base.seq  ->  Prims.unit
Warning: not translating definition for lemma_mem_inversion (and possibly others)
Type scheme is: forall 'Aa. 'Aa FStar_Seq_Base.seq  ->  Prims.unit
Warning: not translating definition for lemma_mem_count (and possibly others)
Type scheme is: forall 'Aa. 'Aa FStar_Seq_Base.seq  ->  ('Aa  ->  Prims.bool)  ->  Prims.unit
Warning: not translating definition for lemma_count_slice (and possibly others)
Type scheme is: forall 'Aa. 'Aa FStar_Seq_Base.seq  ->  Prims.nat  ->  Prims.unit
Warning: not translating definition for sorted_concat_lemma (and possibly others)
Type scheme is: forall 'Aa. ('Aa  ->  'Aa  ->  Prims.bool)  ->  'Aa FStar_Seq_Base.seq  ->  'Aa  ->  'Aa FStar_Seq_Base.seq  ->  Prims.unit
Warning: not translating definition for split_5 (and possibly others)
Type scheme is: forall 'Aa. 'Aa FStar_Seq_Base.seq  ->  Prims.nat  ->  Prims.nat  ->  'Aa FStar_Seq_Base.seq FStar_Seq_Base.seq
Warning: not translating definition for lemma_swap_permutes_aux_frag_eq (and possibly others)
Type scheme is: forall 'Aa. 'Aa FStar_Seq_Base.seq  ->  Prims.nat  ->  Prims.nat  ->  Prims.nat  ->  Prims.nat  ->  Prims.unit
Warning: not translating definition for lemma_swap_permutes_aux (and possibly others)
Type scheme is: forall 'Aa. 'Aa FStar_Seq_Base.seq  ->  Prims.nat  ->  Prims.nat  ->  'Aa  ->  Prims.unit
Warning: not translating definition for lemma_swap_permutes (and possibly others)
Type scheme is: forall 'Aa. 'Aa FStar_Seq_Base.seq  ->  Prims.nat  ->  Prims.nat  ->  Prims.unit
Warning: not translating definition for cons_perm (and possibly others)
Type scheme is: forall 'Aa. 'Aa FStar_Seq_Base.seq  ->  'Aa FStar_Seq_Base.seq  ->  Prims.unit
Warning: not translating definition for lemma_mem_append (and possibly others)
Type scheme is: forall 'Aa. 'Aa FStar_Seq_Base.seq  ->  'Aa FStar_Seq_Base.seq  ->  Prims.unit
Warning: not translating definition for lemma_slice_cons (and possibly others)
Warning 7: : After inlining, Hacl.Test.Salsa20.main calls Hacl.Symmetric.Salsa20.crypto_stream_salsa20_xor -- removing the static qualifier from Hacl.Symmetric.Salsa20.crypto_stream_salsa20_xor
Type scheme is: forall 'Aa. 'Aa FStar_Seq_Base.seq  ->  Prims.nat  ->  Prims.nat  ->  Prims.unit
Warning: not translating definition for lemma_slice_snoc (and possibly others)
Type scheme is: forall 'Aa. 'Aa FStar_Seq_Base.seq  ->  Prims.nat  ->  Prims.nat  ->  Prims.unit
Warning: not translating definition for lemma_ordering_lo_snoc (and possibly others)
Type scheme is: forall 'Aa. 'Aa FStar_Seq_Properties.tot_ord  ->  'Aa FStar_Seq_Base.seq  ->  Prims.nat  ->  Prims.nat  ->  'Aa  ->  Prims.unit
Warning: not translating definition for lemma_ordering_hi_cons (and possibly others)
Type scheme is: forall 'Aa. 'Aa FStar_Seq_Properties.tot_ord  ->  'Aa FStar_Seq_Base.seq  ->  Prims.nat  ->  Prims.nat  ->  'Aa  ->  Prims.unit
Warning: not translating definition for swap_frame_lo (and possibly others)
Type scheme is: forall 'Aa. 'Aa FStar_Seq_Base.seq  ->  Prims.nat  ->  Prims.nat  ->  Prims.nat  ->  Prims.unit
Warning: not translating definition for swap_frame_lo' (and possibly others)
Type scheme is: forall 'Aa. 'Aa FStar_Seq_Base.seq  ->  Prims.nat  ->  Prims.nat  ->  Prims.nat  ->  Prims.nat  ->  Prims.unit
Warning: not translating definition for swap_frame_hi (and possibly others)
Type scheme is: forall 'Aa. 'Aa FStar_Seq_Base.seq  ->  Prims.nat  ->  Prims.nat  ->  Prims.nat  ->  Prims.nat  ->  Prims.unit
Warning: not translating definition for lemma_swap_slice_commute (and possibly others)
Type scheme is: forall 'Aa. 'Aa FStar_Seq_Base.seq  ->  Prims.nat  ->  Prims.nat  ->  Prims.nat  ->  Prims.nat  ->  Prims.unit
Warning: not translating definition for lemma_swap_permutes_slice (and possibly others)
Type scheme is: forall 'Aa. 'Aa FStar_Seq_Base.seq  ->  Prims.nat  ->  Prims.nat  ->  Prims.nat  ->  Prims.nat  ->  Prims.unit
Warning: not translating definition for splice (and possibly others)
Type scheme is: forall 'Aa. 'Aa FStar_Seq_Base.seq  ->  Prims.nat  ->  'Aa FStar_Seq_Base.seq  ->  Prims.nat  ->  'Aa FStar_Seq_Base.seq
Warning: not translating definition for splice_refl (and possibly others)
Type scheme is: forall 'Aa. 'Aa FStar_Seq_Base.seq  ->  Prims.nat  ->  Prims.nat  ->  Prims.unit
Warning: not translating definition for lemma_swap_splice (and possibly others)
Type scheme is: forall 'Aa. 'Aa FStar_Seq_Base.seq  ->  Prims.nat  ->  Prims.nat  ->  Prims.nat  ->  Prims.nat  ->  Prims.unit
Warning: not translating definition for lemma_seq_frame_hi (and possibly others)
Type scheme is: forall 'Aa. 'Aa FStar_Seq_Base.seq  ->  'Aa FStar_Seq_Base.seq  ->  Prims.nat  ->  Prims.nat  ->  Prims.nat  ->  Prims.nat  ->  Prims.unit
Warning: not translating definition for lemma_seq_frame_lo (and possibly others)
Type scheme is: forall 'Aa. 'Aa FStar_Seq_Base.seq  ->  'Aa FStar_Seq_Base.seq  ->  Prims.nat  ->  Prims.nat  ->  Prims.nat  ->  Prims.nat  ->  Prims.unit
Warning: not translating definition for lemma_tail_slice (and possibly others)
Type scheme is: forall 'Aa. 'Aa FStar_Seq_Base.seq  ->  Prims.nat  ->  Prims.nat  ->  Prims.unit
Warning: not translating definition for lemma_weaken_frame_right (and possibly others)
Type scheme is: forall 'Aa. 'Aa FStar_Seq_Base.seq  ->  'Aa FStar_Seq_Base.seq  ->  Prims.nat  ->  Prims.nat  ->  Prims.nat  ->  Prims.unit
Warning: not translating definition for lemma_weaken_frame_left (and possibly others)
Type scheme is: forall 'Aa. 'Aa FStar_Seq_Base.seq  ->  'Aa FStar_Seq_Base.seq  ->  Prims.nat  ->  Prims.nat  ->  Prims.nat  ->  Prims.unit
Warning: not translating definition for lemma_trans_frame (and possibly others)
Type scheme is: forall 'Aa. 'Aa FStar_Seq_Base.seq  ->  'Aa FStar_Seq_Base.seq  ->  'Aa FStar_Seq_Base.seq  ->  Prims.nat  ->  Prims.nat  ->  Prims.unit
Warning: not translating definition for lemma_weaken_perm_left (and possibly others)
Type scheme is: forall 'Aa. 'Aa FStar_Seq_Base.seq  ->  'Aa FStar_Seq_Base.seq  ->  Prims.nat  ->  Prims.nat  ->  Prims.nat  ->  Prims.unit
Warning: not translating definition for lemma_weaken_perm_right (and possibly others)
Type scheme is: forall 'Aa. 'Aa FStar_Seq_Base.seq  ->  'Aa FStar_Seq_Base.seq  ->  Prims.nat  ->  Prims.nat  ->  Prims.nat  ->  Prims.unit
Warning: not translating definition for lemma_trans_perm (and possibly others)
Type scheme is: forall 'Aa. 'Aa FStar_Seq_Base.seq  ->  'Aa FStar_Seq_Base.seq  ->  'Aa FStar_Seq_Base.seq  ->  Prims.nat  ->  Prims.nat  ->  Prims.unit
Warning: not translating definition for snoc (and possibly others)
Type scheme is: forall 'Aa. 'Aa FStar_Seq_Base.seq  ->  'Aa  ->  'Aa FStar_Seq_Base.seq
Warning: not translating definition for lemma_cons_snoc (and possibly others)
Type scheme is: forall 'Aa. 'Aa  ->  'Aa FStar_Seq_Base.seq  ->  'Aa  ->  Prims.unit
Warning: not translating definition for lemma_tail_snoc (and possibly others)
Type scheme is: forall 'Aa. 'Aa FStar_Seq_Base.seq  ->  'Aa  ->  Prims.unit
Warning: not translating definition for lemma_snoc_inj (and possibly others)
Type scheme is: forall 'Aa. 'Aa FStar_Seq_Base.seq  ->  'Aa FStar_Seq_Base.seq  ->  'Aa  ->  'Aa  ->  Prims.unit
Warning: not translating definition for lemma_mem_snoc (and possibly others)
Type scheme is: forall 'Aa. 'Aa FStar_Seq_Base.seq  ->  'Aa  ->  Prims.unit
Warning: not translating definition for find_l (and possibly others)
Type scheme is: forall 'Aa. ('Aa  ->  Prims.bool)  ->  'Aa FStar_Seq_Base.seq  ->  'Aa Prims.option
Warning: not translating definition for find_append_some (and possibly others)
Type scheme is: forall 'Aa. 'Aa FStar_Seq_Base.seq  ->  'Aa FStar_Seq_Base.seq  ->  ('Aa  ->  Prims.bool)  ->  Prims.unit
Warning: not translating definition for find_append_none (and possibly others)
Type scheme is: forall 'Aa. 'Aa FStar_Seq_Base.seq  ->  'Aa FStar_Seq_Base.seq  ->  ('Aa  ->  Prims.bool)  ->  Prims.unit
Warning: not translating definition for find_append_none_s2 (and possibly others)
Type scheme is: forall 'Aa. 'Aa FStar_Seq_Base.seq  ->  'Aa FStar_Seq_Base.seq  ->  ('Aa  ->  Prims.bool)  ->  Prims.unit
Warning: not translating definition for find_snoc (and possibly others)
Type scheme is: forall 'Aa. 'Aa FStar_Seq_Base.seq  ->  'Aa  ->  ('Aa  ->  Prims.bool)  ->  Prims.unit
Warning: not translating definition for un_snoc (and possibly others)
Type scheme is: forall 'Aa. 'Aa FStar_Seq_Base.seq  ->  ('Aa FStar_Seq_Base.seq * 'Aa)
Warning: not translating definition for find_r (and possibly others)
Type scheme is: forall 'Aa. ('Aa  ->  Prims.bool)  ->  'Aa FStar_Seq_Base.seq  ->  'Aa Prims.option
Warning: not translating definition for seq_find_aux (and possibly others)
Type scheme is: forall 'Aa. ('Aa  ->  Prims.bool)  ->  'Aa FStar_Seq_Base.seq  ->  Prims.nat  ->  'Aa Prims.option
Warning: not translating definition for seq_find (and possibly others)
Type scheme is: forall 'Aa. ('Aa  ->  Prims.bool)  ->  'Aa FStar_Seq_Base.seq  ->  'Aa Prims.option
Warning: not translating definition for seq_mem_k (and possibly others)
Type scheme is: forall 'Aa. 'Aa FStar_Seq_Base.seq  ->  Prims.nat  ->  Prims.unit
Warning: not translating definition for seq_to_list (and possibly others)
Type scheme is: forall 'Aa. 'Aa FStar_Seq_Base.seq  ->  'Aa Prims.list
Warning: not translating definition for seq_of_list (and possibly others)
Type scheme is: forall 'Aa. 'Aa Prims.list  ->  'Aa FStar_Seq_Base.seq
Warning: not translating definition for lemma_seq_list_bij (and possibly others)
Type scheme is: forall 'Aa. 'Aa FStar_Seq_Base.seq  ->  Prims.unit
Warning: not translating definition for lemma_list_seq_bij (and possibly others)
Type scheme is: forall 'Aa. 'Aa Prims.list  ->  Prims.unit
Warning: not translating definition for createL (and possibly others)
Type scheme is: forall 'Aa. 'Aa Prims.list  ->  'Aa FStar_Seq_Base.seq
Warning: not translating definition for lemma_index_is_nth (and possibly others)
Type scheme is: forall 'Aa. 'Aa FStar_Seq_Base.seq  ->  Prims.nat  ->  Prims.unit
Warning: not translating definition for contains_intro (and possibly others)
Type scheme is: forall 'Aa. 'Aa FStar_Seq_Base.seq  ->  Prims.nat  ->  'Aa  ->  Prims.unit
Warning: not translating definition for contains_elim (and possibly others)
Type scheme is: forall 'Aa. 'Aa FStar_Seq_Base.seq  ->  'Aa  ->  Prims.unit
Warning: not translating definition for lemma_contains_empty (and possibly others)
Type scheme is: forall 'Aa. Prims.unit
Warning: not translating definition for lemma_contains_singleton (and possibly others)
Type scheme is: forall 'Aa. 'Aa  ->  Prims.unit
Warning: not translating definition for intro_append_contains_from_disjunction (and possibly others)
Type scheme is: forall 'Aa. 'Aa FStar_Seq_Base.seq  ->  'Aa FStar_Seq_Base.seq  ->  'Aa  ->  Prims.unit
Warning: not translating definition for append_contains_equiv (and possibly others)
Type scheme is: forall 'Aa. 'Aa FStar_Seq_Base.seq  ->  'Aa FStar_Seq_Base.seq  ->  'Aa  ->  Prims.unit
Warning: not translating definition for contains_snoc (and possibly others)
Type scheme is: forall 'Aa. 'Aa FStar_Seq_Base.seq  ->  'Aa  ->  Prims.unit
Warning: not translating definition for lemma_find_l_contains (and possibly others)
Type scheme is: forall 'Aa. ('Aa  ->  Prims.bool)  ->  'Aa FStar_Seq_Base.seq  ->  Prims.unit
Warning: not translating definition for contains_cons (and possibly others)
Type scheme is: forall 'Aa. 'Aa  ->  'Aa FStar_Seq_Base.seq  ->  'Aa  ->  Prims.unit
Warning: not translating definition for append_cons_snoc (and possibly others)
Type scheme is: forall 'Aa. 'Aa FStar_Seq_Base.seq  ->  'Aa  ->  'Aa FStar_Seq_Base.seq  ->  Prims.unit
Warning: not translating definition for append_slices (and possibly others)
Type scheme is: forall 'Aa. 'Aa FStar_Seq_Base.seq  ->  'Aa FStar_Seq_Base.seq  ->  Prims.unit
Warning: not translating definition for find_l_none_no_index (and possibly others)
Type scheme is: forall 'Aa. 'Aa FStar_Seq_Base.seq  ->  ('Aa  ->  Prims.bool)  ->  Prims.unit
Attempting to translate module FStar.Seq
Attempting to translate module FStar.Math.Lemmas
Attempting to translate module FStar.BitVector
Warning: writing a stub for logand_vec (Failure("todo: translate_expr [MLC_Int]"))
Warning: writing a stub for logxor_vec (Failure("todo: translate_expr [MLC_Int]"))
Warning: writing a stub for logor_vec (Failure("todo: translate_expr [MLC_Int]"))
Warning: writing a stub for lognot_vec (Failure("todo: translate_expr [MLC_Int]"))
Warning: writing a stub for shift_left_vec (Failure("todo: translate_expr [MLC_Int]"))
Warning: writing a stub for shift_right_vec (Failure("todo: translate_expr [MLC_Int]"))
Attempting to translate module FStar.UInt
Warning: writing a stub for max_int (Failure("todo: translate_expr [MLC_Int]"))
Warning: writing a stub for min_int (Failure("todo: translate_expr [MLC_Int]"))
Warning: writing a stub for zero (Failure("todo: translate_expr [MLC_Int]"))
Warning: writing a stub for one (Failure("todo: translate_expr [MLC_Int]"))
Warning: writing a stub for incr (Failure("todo: translate_expr [MLC_Int]"))
Warning: writing a stub for decr (Failure("todo: translate_expr [MLC_Int]"))
Warning: writing a stub for incr_underspec (Failure("todo: translate_expr [MLC_Int]"))
Warning: writing a stub for decr_underspec (Failure("todo: translate_expr [MLC_Int]"))
Warning: writing a stub for incr_mod (Failure("todo: translate_expr [MLC_Int]"))
Warning: writing a stub for decr_mod (Failure("todo: translate_expr [MLC_Int]"))
Warning: writing a stub for to_vec (Failure("todo: translate_expr [MLC_Int]"))
Warning: writing a stub for from_vec (Failure("todo: translate_expr [MLC_Int]"))
Attempting to translate module FStar.Int
Warning: writing a stub for op_Slash (Failure("todo: translate_expr [MLC_Int]"))
Warning: writing a stub for div_eucl (Failure("todo: translate_expr [MLC_Int]"))
Warning: writing a stub for op_At_Percent (Failure("todo: translate_expr [MLC_Int]"))
Warning: writing a stub for max_int (Failure("todo: translate_expr [MLC_Int]"))
Warning: writing a stub for min_int (Failure("todo: translate_expr [MLC_Int]"))
Attempting to translate module Hacl.UInt64
Warning: not translating definition for n (Failure("todo: translate_expr [MLC_Int]"))
Attempting to translate module Hacl.UInt128
Warning: not translating definition for n (Failure("todo: translate_expr [MLC_Int]"))
Attempting to translate module Hacl.UInt32
Warning: not translating definition for n (Failure("todo: translate_expr [MLC_Int]"))
Attempting to translate module Hacl.UInt8
Warning: not translating definition for n (Failure("todo: translate_expr [MLC_Int]"))
Attempting to translate module FStar.Int.Cast
Attempting to translate module Hacl.Cast
Attempting to translate module FStar.Ghost
Warning: not translating definition for reveal (and possibly others)
Type scheme is: forall 'Aa. 'Aa FStar_Ghost.erased  ->  'Aa
Warning: not translating definition for hide (and possibly others)
Type scheme is: forall 'Aa. 'Aa  ->  'Aa FStar_Ghost.erased
Warning: not translating definition for lemma_hide_reveal (and possibly others)
Type scheme is: forall 'Aa. 'Aa FStar_Ghost.erased  ->  Prims.unit
Warning: not translating definition for as_ghost (and possibly others)
Type scheme is: forall 'Aa. (Prims.unit  ->  'Aa)  ->  'Aa FStar_Ghost.erased
Warning: not translating definition for elift1 (and possibly others)
Type scheme is: forall 'Aa, 'Ab. ('Aa  ->  'Ab)  ->  'Aa FStar_Ghost.erased  ->  'Ab FStar_Ghost.erased
Warning: not translating definition for elift2 (and possibly others)
Type scheme is: forall 'Aa, 'Ab, 'Ac. ('Aa  ->  'Ac  ->  'Ab)  ->  'Aa FStar_Ghost.erased  ->  'Ac FStar_Ghost.erased  ->  'Ab FStar_Ghost.erased
Warning: not translating definition for elift3 (and possibly others)
Type scheme is: forall 'Aa, 'Ab, 'Ac, 'Ad. ('Aa  ->  'Ac  ->  'Ad  ->  'Ab)  ->  'Aa FStar_Ghost.erased  ->  'Ac FStar_Ghost.erased  ->  'Ad FStar_Ghost.erased  ->  'Ab FStar_Ghost.erased
Warning: not translating definition for elift1_p (and possibly others)
Type scheme is: forall 'Aa, 'Ab, 'Ap. ('Aa  ->  'Ab)  ->  'Aa FStar_Ghost.erased  ->  'Ab FStar_Ghost.erased
Warning: not translating definition for elift2_p (and possibly others)
Type scheme is: forall 'Aa, 'Ac, 'Ap, 'Ab. ('Aa  ->  'Ac  ->  'Ab)  ->  'Aa FStar_Ghost.erased  ->  'Ac FStar_Ghost.erased  ->  'Ab FStar_Ghost.erased
Attempting to translate module FStar.Endianness
Warning: writing a stub for little_endian (Failure("todo: translate_expr [MLC_Int]"))
Warning: writing a stub for big_endian (Failure("todo: translate_expr [MLC_Int]"))
Warning: writing a stub for little_bytes (Failure("todo: translate_expr [MLC_Int]"))
Attempting to translate module Hacl.UInt16
Warning: not translating definition for n (Failure("todo: translate_expr [MLC_Int]"))
Attempting to translate module FStar.FunctionalExtensionality
Attempting to translate module FStar.PropositionalExtensionality
Attempting to translate module FStar.PredicateExtensionality
Warning: not translating definition for predicateExtensionality (and possibly others)
Type scheme is: forall 'Aa, 'Ap1, 'Ap2. Prims.unit
Attempting to translate module FStar.TSet
Warning: not translating definition for empty (and possibly others)
Type scheme is: forall 'Aa. 'Aa FStar_TSet.set
Warning: not translating definition for singleton (and possibly others)
Type scheme is: forall 'a. 'a  ->  'a FStar_TSet.set
Warning: not translating definition for union (and possibly others)
Type scheme is: forall 'a. 'a FStar_TSet.set  ->  'a FStar_TSet.set  ->  'a FStar_TSet.set
Warning: not translating definition for intersect (and possibly others)
Type scheme is: forall 'a. 'a FStar_TSet.set  ->  'a FStar_TSet.set  ->  'a FStar_TSet.set
Warning: not translating definition for complement (and possibly others)
Type scheme is: forall 'a. 'a FStar_TSet.set  ->  'a FStar_TSet.set
Warning: not translating definition for mem_empty (and possibly others)
Type scheme is: forall 'Aa. 'Aa  ->  Prims.unit
Warning: not translating definition for mem_singleton (and possibly others)
Type scheme is: forall 'Aa. 'Aa  ->  'Aa  ->  Prims.unit
Warning: not translating definition for mem_union (and possibly others)
Type scheme is: forall 'Aa. 'Aa  ->  'Aa FStar_TSet.set  ->  'Aa FStar_TSet.set  ->  Prims.unit
Warning: not translating definition for mem_intersect (and possibly others)
Type scheme is: forall 'Aa. 'Aa  ->  'Aa FStar_TSet.set  ->  'Aa FStar_TSet.set  ->  Prims.unit
Warning: not translating definition for mem_complement (and possibly others)
Type scheme is: forall 'Aa. 'Aa  ->  'Aa FStar_TSet.set  ->  Prims.unit
Warning: not translating definition for subset_mem (and possibly others)
Type scheme is: forall 'Aa. 'Aa FStar_TSet.set  ->  'Aa FStar_TSet.set  ->  Prims.unit
Warning: not translating definition for mem_subset (and possibly others)
Type scheme is: forall 'Aa. 'Aa FStar_TSet.set  ->  'Aa FStar_TSet.set  ->  Prims.unit
Warning: not translating definition for lemma_equal_intro (and possibly others)
Type scheme is: forall 'Aa. 'Aa FStar_TSet.set  ->  'Aa FStar_TSet.set  ->  Prims.unit
Warning: not translating definition for lemma_equal_elim (and possibly others)
Type scheme is: forall 'Aa. 'Aa FStar_TSet.set  ->  'Aa FStar_TSet.set  ->  Prims.unit
Warning: not translating definition for lemma_equal_refl (and possibly others)
Type scheme is: forall 'Aa. 'Aa FStar_TSet.set  ->  'Aa FStar_TSet.set  ->  Prims.unit
Attempting to translate module FStar.Heap
Warning: not translating definition for uu___is_MkRef (and possibly others)
Type scheme is: forall 'Aa. 'Aa FStar_Heap.ref  ->  Prims.bool
Warning: not translating definition for __proj__MkRef__item___0 (and possibly others)
Type scheme is: forall 'Aa. 'Aa FStar_Heap.ref  ->  'Aa
Warning: not translating definition for sel (and possibly others)
Type scheme is: forall 'Aa. FStar_Heap.heap  ->  'Aa FStar_Heap.ref  ->  'Aa
Warning: not translating definition for upd (and possibly others)
Type scheme is: forall 'Aa. FStar_Heap.heap  ->  'Aa FStar_Heap.ref  ->  'Aa  ->  FStar_Heap.heap
Warning: not translating definition for emp (Failure("todo: translate_expr [MLC_String]"))
Warning: not translating definition for contains (and possibly others)
Type scheme is: forall 'Aa. FStar_Heap.heap  ->  'Aa FStar_Heap.ref  ->  Prims.bool
Warning: not translating definition for only (and possibly others)
Type scheme is: forall 'Auu____226. 'Auu____226 FStar_Heap.ref  ->  FStar_Heap.aref FStar_TSet.set
Warning: not translating definition for op_Hat_Plus_Plus (and possibly others)
Type scheme is: forall 'Aa. 'Aa FStar_Heap.ref  ->  FStar_Heap.aref FStar_TSet.set  ->  FStar_Heap.aref FStar_TSet.set
Warning: not translating definition for op_Plus_Plus_Hat (and possibly others)
Type scheme is: forall 'Aa. FStar_Heap.aref FStar_TSet.set  ->  'Aa FStar_Heap.ref  ->  FStar_Heap.aref FStar_TSet.set
Warning: not translating definition for op_Hat_Plus_Hat (and possibly others)
Type scheme is: forall 'Aa, 'Ab. 'Aa FStar_Heap.ref  ->  'Ab FStar_Heap.ref  ->  FStar_Heap.aref FStar_TSet.set
Attempting to translate module FStar.Set
Warning: not translating definition for mem (and possibly others)
Type scheme is: forall 'Aa. 'Aa  ->  'Aa FStar_Set.set  ->  Prims.bool
Warning: not translating definition for empty (and possibly others)
Type scheme is: forall 'Aa. 'Aa FStar_Set.set
Warning: not translating definition for singleton (and possibly others)
Type scheme is: forall 'Aa. 'Aa  ->  'Aa FStar_Set.set
Warning: not translating definition for union (and possibly others)
Type scheme is: forall 'Aa. 'Aa FStar_Set.set  ->  'Aa FStar_Set.set  ->  'Aa FStar_Set.set
Warning: not translating definition for intersect (and possibly others)
Type scheme is: forall 'Aa. 'Aa FStar_Set.set  ->  'Aa FStar_Set.set  ->  'Aa FStar_Set.set
Warning: not translating definition for complement (and possibly others)
Type scheme is: forall 'Aa. 'Aa FStar_Set.set  ->  'Aa FStar_Set.set
Warning: not translating definition for mem_empty (and possibly others)
Type scheme is: forall 'Aa. 'Aa  ->  Prims.unit
Warning: not translating definition for mem_singleton (and possibly others)
Type scheme is: forall 'Aa. 'Aa  ->  'Aa  ->  Prims.unit
Warning: not translating definition for mem_union (and possibly others)
Type scheme is: forall 'Aa. 'Aa  ->  'Aa FStar_Set.set  ->  'Aa FStar_Set.set  ->  Prims.unit
Warning: not translating definition for mem_intersect (and possibly others)
Type scheme is: forall 'Aa. 'Aa  ->  'Aa FStar_Set.set  ->  'Aa FStar_Set.set  ->  Prims.unit
Warning: not translating definition for mem_complement (and possibly others)
Type scheme is: forall 'Aa. 'Aa  ->  'Aa FStar_Set.set  ->  Prims.unit
Warning: not translating definition for subset_mem (and possibly others)
Type scheme is: forall 'Aa. 'Aa FStar_Set.set  ->  'Aa FStar_Set.set  ->  Prims.unit
Warning: not translating definition for mem_subset (and possibly others)
Type scheme is: forall 'Aa. 'Aa FStar_Set.set  ->  'Aa FStar_Set.set  ->  Prims.unit
Warning: not translating definition for lemma_equal_intro (and possibly others)
Type scheme is: forall 'Aa. 'Aa FStar_Set.set  ->  'Aa FStar_Set.set  ->  Prims.unit
Warning: not translating definition for lemma_equal_elim (and possibly others)
Type scheme is: forall 'Aa. 'Aa FStar_Set.set  ->  'Aa FStar_Set.set  ->  Prims.unit
Warning: not translating definition for lemma_equal_refl (and possibly others)
Type scheme is: forall 'Aa. 'Aa FStar_Set.set  ->  'Aa FStar_Set.set  ->  Prims.unit
Warning: not translating definition for set_to_tset (and possibly others)
Type scheme is: forall 'Akey. 'Akey FStar_Set.set  ->  'Akey FStar_TSet.set
Warning: not translating definition for lemma_set_to_tset (and possibly others)
Type scheme is: forall 'Akey. 'Akey FStar_Set.set  ->  'Akey  ->  Prims.unit
Warning: not translating definition for as_set' (and possibly others)
Type scheme is: forall 'Aa. 'Aa Prims.list  ->  'Aa FStar_Set.set
Warning: not translating definition for as_set (and possibly others)
Type scheme is: forall 'Aa. 'Aa Prims.list  ->  'Aa FStar_Set.set
Attempting to translate module FStar.Map
Warning: not translating definition for sel (and possibly others)
Type scheme is: forall 'Akey, 'Avalue. ('Akey, 'Avalue) FStar_Map.t  ->  'Akey  ->  'Avalue
Warning: not translating definition for upd (and possibly others)
Type scheme is: forall 'Akey, 'Avalue. ('Akey, 'Avalue) FStar_Map.t  ->  'Akey  ->  'Avalue  ->  ('Akey, 'Avalue) FStar_Map.t
Warning: not translating definition for const (and possibly others)
Type scheme is: forall 'Akey, 'Avalue. 'Avalue  ->  ('Akey, 'Avalue) FStar_Map.t
Warning: not translating definition for concat (and possibly others)
Type scheme is: forall 'Akey, 'Avalue. ('Akey, 'Avalue) FStar_Map.t  ->  ('Akey, 'Avalue) FStar_Map.t  ->  ('Akey, 'Avalue) FStar_Map.t
Warning: not translating definition for contains (and possibly others)
Type scheme is: forall 'Akey, 'Avalue. ('Akey, 'Avalue) FStar_Map.t  ->  'Akey  ->  Prims.bool
Warning: not translating definition for restrict (and possibly others)
Type scheme is: forall 'Akey, 'Avalue. 'Akey FStar_Set.set  ->  ('Akey, 'Avalue) FStar_Map.t  ->  ('Akey, 'Avalue) FStar_Map.t
Warning: not translating definition for domain (and possibly others)
Type scheme is: forall 'Akey, 'Avalue. ('Akey, 'Avalue) FStar_Map.t  ->  'Akey FStar_Set.set
Warning: not translating definition for lemma_SelUpd1 (and possibly others)
Type scheme is: forall 'Akey, 'Avalue. ('Akey, 'Avalue) FStar_Map.t  ->  'Akey  ->  'Avalue  ->  Prims.unit
Warning: not translating definition for lemma_SelUpd2 (and possibly others)
Type scheme is: forall 'Akey, 'Avalue. ('Akey, 'Avalue) FStar_Map.t  ->  'Akey  ->  'Akey  ->  'Avalue  ->  Prims.unit
Warning: not translating definition for lemma_SelConst (and possibly others)
Type scheme is: forall 'Akey, 'Avalue. 'Avalue  ->  'Akey  ->  Prims.unit
Warning: not translating definition for lemma_SelRestrict (and possibly others)
Type scheme is: forall 'Akey, 'Avalue. ('Akey, 'Avalue) FStar_Map.t  ->  'Akey FStar_Set.set  ->  'Akey  ->  Prims.unit
Warning: not translating definition for lemma_SelConcat1 (and possibly others)
Type scheme is: forall 'Akey, 'Avalue. ('Akey, 'Avalue) FStar_Map.t  ->  ('Akey, 'Avalue) FStar_Map.t  ->  'Akey  ->  Prims.unit
Warning: not translating definition for lemma_SelConcat2 (and possibly others)
Type scheme is: forall 'Akey, 'Avalue. ('Akey, 'Avalue) FStar_Map.t  ->  ('Akey, 'Avalue) FStar_Map.t  ->  'Akey  ->  Prims.unit
Warning: not translating definition for lemma_InDomUpd1 (and possibly others)
Type scheme is: forall 'Akey, 'Avalue. ('Akey, 'Avalue) FStar_Map.t  ->  'Akey  ->  'Akey  ->  'Avalue  ->  Prims.unit
Warning: not translating definition for lemma_InDomUpd2 (and possibly others)
Type scheme is: forall 'Akey, 'Avalue. ('Akey, 'Avalue) FStar_Map.t  ->  'Akey  ->  'Akey  ->  'Avalue  ->  Prims.unit
Warning: not translating definition for lemma_InDomConstMap (and possibly others)
Type scheme is: forall 'Akey, 'Avalue. 'Avalue  ->  'Akey  ->  Prims.unit
Warning: not translating definition for lemma_InDomConcat (and possibly others)
Type scheme is: forall 'Akey, 'Avalue. ('Akey, 'Avalue) FStar_Map.t  ->  ('Akey, 'Avalue) FStar_Map.t  ->  'Akey  ->  Prims.unit
Warning: not translating definition for lemma_InDomRestrict (and possibly others)
Type scheme is: forall 'Akey, 'Avalue. ('Akey, 'Avalue) FStar_Map.t  ->  'Akey FStar_Set.set  ->  'Akey  ->  Prims.unit
Warning: not translating definition for lemma_ContainsDom (and possibly others)
Type scheme is: forall 'Akey, 'Avalue. ('Akey, 'Avalue) FStar_Map.t  ->  'Akey  ->  Prims.unit
Warning: not translating definition for lemma_UpdDomain (and possibly others)
Type scheme is: forall 'Akey, 'Avalue. ('Akey, 'Avalue) FStar_Map.t  ->  'Akey  ->  'Avalue  ->  Prims.unit
Warning: not translating definition for lemma_equal_intro (and possibly others)
Type scheme is: forall 'Akey, 'Avalue. ('Akey, 'Avalue) FStar_Map.t  ->  ('Akey, 'Avalue) FStar_Map.t  ->  Prims.unit
Warning: not translating definition for lemma_equal_elim (and possibly others)
Type scheme is: forall 'Akey, 'Avalue. ('Akey, 'Avalue) FStar_Map.t  ->  ('Akey, 'Avalue) FStar_Map.t  ->  Prims.unit
Warning: not translating definition for lemma_equal_refl (and possibly others)
Type scheme is: forall 'Akey, 'Avalue. ('Akey, 'Avalue) FStar_Map.t  ->  ('Akey, 'Avalue) FStar_Map.t  ->  Prims.unit
Warning: not translating definition for const_on (and possibly others)
Type scheme is: forall 'Akey, 'Avalue. 'Akey FStar_Set.set  ->  'Avalue  ->  ('Akey, 'Avalue) FStar_Map.t
Attempting to translate module FStar.Buffer
Warning: not translating definition for uu___is_MkBuffer (and possibly others)
Type scheme is: forall 'Aa. 'Aa FStar_Buffer._buffer  ->  Prims.bool
Warning: not translating definition for __proj__MkBuffer__item__max_length (and possibly others)
Type scheme is: forall 'Aa. 'Aa FStar_Buffer._buffer  ->  FStar_UInt32.t
Warning: not translating definition for __proj__MkBuffer__item__content (and possibly others)
Type scheme is: forall 'Aa. 'Aa FStar_Buffer._buffer  ->  'Aa FStar_Seq_Base.seq FStar_HyperStack.reference
Warning: not translating definition for __proj__MkBuffer__item__idx (and possibly others)
Type scheme is: forall 'Aa. 'Aa FStar_Buffer._buffer  ->  FStar_UInt32.t
Warning: not translating definition for __proj__MkBuffer__item__length (and possibly others)
Type scheme is: forall 'Aa. 'Aa FStar_Buffer._buffer  ->  FStar_UInt32.t
Warning: not translating definition for sel (and possibly others)
Type scheme is: forall 'Aa. FStar_HyperStack.mem  ->  'Aa FStar_Buffer.buffer  ->  'Aa FStar_Seq_Base.seq
Warning: not translating definition for max_length (and possibly others)
Type scheme is: forall 'Aa. 'Aa FStar_Buffer.buffer  ->  Prims.nat
Warning: not translating definition for length (and possibly others)
Type scheme is: forall 'Aa. 'Aa FStar_Buffer.buffer  ->  Prims.nat
Warning: not translating definition for idx (and possibly others)
Type scheme is: forall 'Aa. 'Aa FStar_Buffer.buffer  ->  Prims.nat
Warning: not translating definition for content (and possibly others)
Type scheme is: forall 'Aa. 'Aa FStar_Buffer.buffer  ->  'Aa FStar_Seq_Base.seq FStar_HyperStack.reference
Warning: not translating definition for as_ref (and possibly others)
Type scheme is: forall 'Aa. 'Aa FStar_Buffer.buffer  ->  'Aa FStar_Seq_Base.seq FStar_Heap.ref
Warning: not translating definition for as_aref (and possibly others)
Type scheme is: forall 'Aa. 'Aa FStar_Buffer.buffer  ->  FStar_Heap.aref
Warning: not translating definition for frameOf (and possibly others)
Type scheme is: forall 'Aa. 'Aa FStar_Buffer.buffer  ->  FStar_HyperHeap.rid
Warning: not translating definition for recall (and possibly others)
Type scheme is: forall 'Aa. 'Aa FStar_Buffer.buffer  ->  Prims.unit
Warning: not translating definition for as_seq (and possibly others)
Type scheme is: forall 'Aa. FStar_HyperStack.mem  ->  'Aa FStar_Buffer.buffer  ->  'Aa FStar_Seq_Base.seq
Warning: not translating definition for get (and possibly others)
Type scheme is: forall 'Aa. FStar_HyperStack.mem  ->  'Aa FStar_Buffer.buffer  ->  Prims.nat  ->  'Aa
Warning: not translating definition for lemma_disjoint_symm (and possibly others)
Type scheme is: forall 'Aa, 'Aa'. 'Aa FStar_Buffer.buffer  ->  'Aa' FStar_Buffer.buffer  ->  Prims.unit
Warning: not translating definition for lemma_disjoint_sub (and possibly others)
Type scheme is: forall 'Aa, 'Aa'. 'Aa FStar_Buffer.buffer  ->  'Aa FStar_Buffer.buffer  ->  'Aa' FStar_Buffer.buffer  ->  Prims.unit
Warning: not translating definition for lemma_disjoint_sub' (and possibly others)
Type scheme is: forall 'Aa, 'Aa'. 'Aa FStar_Buffer.buffer  ->  'Aa FStar_Buffer.buffer  ->  'Aa' FStar_Buffer.buffer  ->  Prims.unit
Warning: not translating definition for lemma_live_disjoint (and possibly others)
Type scheme is: forall 'Aa, 'Aa'. FStar_HyperStack.mem  ->  'Aa FStar_Buffer.buffer  ->  'Aa' FStar_Buffer.buffer  ->  Prims.unit
Warning: not translating definition for only (and possibly others)
Type scheme is: forall 'At. 'At FStar_Buffer.buffer  ->  FStar_Buffer.abuffer FStar_TSet.set
Warning: not translating definition for op_Bang_Bang (and possibly others)
Type scheme is: forall 'Auu____740. 'Auu____740  ->  'Auu____740 FStar_TSet.set
Warning: not translating definition for op_Plus_Plus (and possibly others)
Type scheme is: forall 'Auu____751. 'Auu____751 FStar_TSet.set  ->  'Auu____751 FStar_TSet.set  ->  'Auu____751 FStar_TSet.set
Warning: not translating definition for disjoint_only_lemma (and possibly others)
Type scheme is: forall 'At, 'At'. 'At FStar_Buffer.buffer  ->  'At' FStar_Buffer.buffer  ->  Prims.unit
Warning: not translating definition for lemma_modifies_bufs_subset (and possibly others)
Type scheme is: forall 'Aa, 'Aa'. FStar_HyperStack.mem  ->  FStar_HyperStack.mem  ->  FStar_Buffer.abuffer FStar_TSet.set  ->  'Aa FStar_Buffer.buffer  ->  'Aa' FStar_Buffer.buffer  ->  Prims.unit
Warning: not translating definition for lemma_modifies_bufs_superset (and possibly others)
Type scheme is: forall 'Aa, 'Aa'. FStar_HyperStack.mem  ->  FStar_HyperStack.mem  ->  FStar_Buffer.abuffer FStar_TSet.set  ->  'Aa FStar_Buffer.buffer  ->  'Aa' FStar_Buffer.buffer  ->  Prims.unit
Warning: not translating definition for modifies_trans_1_0 (and possibly others)
Type scheme is: forall 'Auu____1994. FStar_HyperHeap.rid  ->  'Auu____1994 FStar_Buffer.buffer  ->  FStar_HyperStack.mem  ->  FStar_HyperStack.mem  ->  FStar_HyperStack.mem  ->  Prims.unit
Warning: not translating definition for modifies_trans_0_1 (and possibly others)
Type scheme is: forall 'Auu____2036. FStar_HyperHeap.rid  ->  'Auu____2036 FStar_Buffer.buffer  ->  FStar_HyperStack.mem  ->  FStar_HyperStack.mem  ->  FStar_HyperStack.mem  ->  Prims.unit
Warning: not translating definition for modifies_trans_1_1 (and possibly others)
Type scheme is: forall 'Auu____2078. FStar_HyperHeap.rid  ->  'Auu____2078 FStar_Buffer.buffer  ->  FStar_HyperStack.mem  ->  FStar_HyperStack.mem  ->  FStar_HyperStack.mem  ->  Prims.unit
Warning: not translating definition for modifies_trans_1_1' (and possibly others)
Type scheme is: forall 'Auu____2125, 'Auu____2126. FStar_HyperHeap.rid  ->  'Auu____2126 FStar_Buffer.buffer  ->  'Auu____2125 FStar_Buffer.buffer  ->  FStar_HyperStack.mem  ->  FStar_HyperStack.mem  ->  FStar_HyperStack.mem  ->  Prims.unit
Warning: not translating definition for modifies_trans_2_0 (and possibly others)
Type scheme is: forall 'Auu____2181, 'Auu____2182. FStar_HyperHeap.rid  ->  'Auu____2182 FStar_Buffer.buffer  ->  'Auu____2181 FStar_Buffer.buffer  ->  FStar_HyperStack.mem  ->  FStar_HyperStack.mem  ->  FStar_HyperStack.mem  ->  Prims.unit
Warning: not translating definition for modifies_trans_2_1 (and possibly others)
Type scheme is: forall 'Auu____2237, 'Auu____2238. FStar_HyperHeap.rid  ->  'Auu____2238 FStar_Buffer.buffer  ->  'Auu____2237 FStar_Buffer.buffer  ->  FStar_HyperStack.mem  ->  FStar_HyperStack.mem  ->  FStar_HyperStack.mem  ->  Prims.unit
Warning: not translating definition for modifies_trans_2_1' (and possibly others)
Type scheme is: forall 'Auu____2293, 'Auu____2294. FStar_HyperHeap.rid  ->  'Auu____2294 FStar_Buffer.buffer  ->  'Auu____2293 FStar_Buffer.buffer  ->  FStar_HyperStack.mem  ->  FStar_HyperStack.mem  ->  FStar_HyperStack.mem  ->  Prims.unit
Warning: not translating definition for modifies_trans_0_2 (and possibly others)
Type scheme is: forall 'Auu____2349, 'Auu____2350. FStar_HyperHeap.rid  ->  'Auu____2350 FStar_Buffer.buffer  ->  'Auu____2349 FStar_Buffer.buffer  ->  FStar_HyperStack.mem  ->  FStar_HyperStack.mem  ->  FStar_HyperStack.mem  ->  Prims.unit
Warning: not translating definition for modifies_trans_1_2 (and possibly others)
Type scheme is: forall 'Auu____2405, 'Auu____2406. FStar_HyperHeap.rid  ->  'Auu____2406 FStar_Buffer.buffer  ->  'Auu____2405 FStar_Buffer.buffer  ->  FStar_HyperStack.mem  ->  FStar_HyperStack.mem  ->  FStar_HyperStack.mem  ->  Prims.unit
Warning: not translating definition for modifies_trans_2_2 (and possibly others)
Type scheme is: forall 'Auu____2461, 'Auu____2462. FStar_HyperHeap.rid  ->  'Auu____2462 FStar_Buffer.buffer  ->  'Auu____2461 FStar_Buffer.buffer  ->  FStar_HyperStack.mem  ->  FStar_HyperStack.mem  ->  FStar_HyperStack.mem  ->  Prims.unit
Warning: not translating definition for modifies_trans_3_3 (and possibly others)
Type scheme is: forall 'Auu____2522, 'Auu____2523, 'Auu____2524. FStar_HyperHeap.rid  ->  'Auu____2524 FStar_Buffer.buffer  ->  'Auu____2523 FStar_Buffer.buffer  ->  'Auu____2522 FStar_Buffer.buffer  ->  FStar_HyperStack.mem  ->  FStar_HyperStack.mem  ->  FStar_HyperStack.mem  ->  Prims.unit
Warning: not translating definition for modifies_trans_4_4 (and possibly others)
Type scheme is: forall 'Auu____2597, 'Auu____2598, 'Auu____2599, 'Auu____2600. FStar_HyperHeap.rid  ->  'Auu____2600 FStar_Buffer.buffer  ->  'Auu____2599 FStar_Buffer.buffer  ->  'Auu____2598 FStar_Buffer.buffer  ->  'Auu____2597 FStar_Buffer.buffer  ->  FStar_HyperStack.mem  ->  FStar_HyperStack.mem  ->  FStar_HyperStack.mem  ->  Prims.unit
Warning: not translating definition for lemma_intro_modifies_1 (and possibly others)
Type scheme is: forall 'Aa. 'Aa FStar_Buffer.buffer  ->  FStar_HyperStack.mem  ->  FStar_HyperStack.mem  ->  Prims.unit
Warning: not translating definition for lemma_intro_modifies_2_1 (and possibly others)
Type scheme is: forall 'Aa. 'Aa FStar_Buffer.buffer  ->  FStar_HyperStack.mem  ->  FStar_HyperStack.mem  ->  Prims.unit
Warning: not translating definition for lemma_intro_modifies_2 (and possibly others)
Type scheme is: forall 'Aa, 'Aa'. 'Aa FStar_Buffer.buffer  ->  'Aa' FStar_Buffer.buffer  ->  FStar_HyperStack.mem  ->  FStar_HyperStack.mem  ->  Prims.unit
Warning: not translating definition for lemma_intro_modifies_3 (and possibly others)
Type scheme is: forall 'Aa, 'Aa', 'Aa''. 'Aa FStar_Buffer.buffer  ->  'Aa' FStar_Buffer.buffer  ->  'Aa'' FStar_Buffer.buffer  ->  FStar_HyperStack.mem  ->  FStar_HyperStack.mem  ->  Prims.unit
Warning: not translating definition for lemma_intro_modifies_3_2 (and possibly others)
Type scheme is: forall 'Aa, 'Aa'. 'Aa FStar_Buffer.buffer  ->  'Aa' FStar_Buffer.buffer  ->  FStar_HyperStack.mem  ->  FStar_HyperStack.mem  ->  Prims.unit
Warning: not translating definition for lemma_reveal_modifies_1 (and possibly others)
Type scheme is: forall 'Aa. 'Aa FStar_Buffer.buffer  ->  FStar_HyperStack.mem  ->  FStar_HyperStack.mem  ->  Prims.unit
Warning: not translating definition for lemma_reveal_modifies_2_1 (and possibly others)
Type scheme is: forall 'Aa. 'Aa FStar_Buffer.buffer  ->  FStar_HyperStack.mem  ->  FStar_HyperStack.mem  ->  Prims.unit
Warning: not translating definition for lemma_reveal_modifies_2 (and possibly others)
Type scheme is: forall 'Aa, 'Aa'. 'Aa FStar_Buffer.buffer  ->  'Aa' FStar_Buffer.buffer  ->  FStar_HyperStack.mem  ->  FStar_HyperStack.mem  ->  Prims.unit
Warning: not translating definition for lemma_reveal_modifies_3 (and possibly others)
Type scheme is: forall 'Aa, 'Aa', 'Aa''. 'Aa FStar_Buffer.buffer  ->  'Aa' FStar_Buffer.buffer  ->  'Aa'' FStar_Buffer.buffer  ->  FStar_HyperStack.mem  ->  FStar_HyperStack.mem  ->  Prims.unit
Warning: not translating definition for lemma_reveal_modifies_3_2 (and possibly others)
Type scheme is: forall 'Aa, 'Aa'. 'Aa FStar_Buffer.buffer  ->  'Aa' FStar_Buffer.buffer  ->  FStar_HyperStack.mem  ->  FStar_HyperStack.mem  ->  Prims.unit
Warning: not translating definition for lemma_ststack_1 (and possibly others)
Type scheme is: forall 'Aa. 'Aa FStar_Buffer.buffer  ->  FStar_HyperStack.mem  ->  FStar_HyperStack.mem  ->  FStar_HyperStack.mem  ->  FStar_HyperStack.mem  ->  Prims.unit
Warning: not translating definition for lemma_ststack_2 (and possibly others)
Type scheme is: forall 'Aa, 'Aa'. 'Aa FStar_Buffer.buffer  ->  'Aa' FStar_Buffer.buffer  ->  FStar_HyperStack.mem  ->  FStar_HyperStack.mem  ->  FStar_HyperStack.mem  ->  FStar_HyperStack.mem  ->  Prims.unit
Warning: not translating definition for lemma_modifies_2_comm (and possibly others)
Type scheme is: forall 'Aa, 'Aa'. 'Aa FStar_Buffer.buffer  ->  'Aa' FStar_Buffer.buffer  ->  FStar_HyperStack.mem  ->  FStar_HyperStack.mem  ->  Prims.unit
Warning: not translating definition for lemma_modifies_3_2_comm (and possibly others)
Type scheme is: forall 'Aa, 'Aa'. 'Aa FStar_Buffer.buffer  ->  'Aa' FStar_Buffer.buffer  ->  FStar_HyperStack.mem  ->  FStar_HyperStack.mem  ->  Prims.unit
Warning: not translating definition for lemma_modifies_1_trans (and possibly others)
Type scheme is: forall 'Aa. 'Aa FStar_Buffer.buffer  ->  FStar_HyperStack.mem  ->  FStar_HyperStack.mem  ->  FStar_HyperStack.mem  ->  Prims.unit
Warning: not translating definition for lemma_modifies_2_1_trans (and possibly others)
Type scheme is: forall 'Aa. 'Aa FStar_Buffer.buffer  ->  FStar_HyperStack.mem  ->  FStar_HyperStack.mem  ->  FStar_HyperStack.mem  ->  Prims.unit
Warning: not translating definition for lemma_modifies_2_trans (and possibly others)
Type scheme is: forall 'Aa, 'Aa'. 'Aa FStar_Buffer.buffer  ->  'Aa' FStar_Buffer.buffer  ->  FStar_HyperStack.mem  ->  FStar_HyperStack.mem  ->  FStar_HyperStack.mem  ->  Prims.unit
Warning: not translating definition for lemma_modifies_2_trans' (and possibly others)
Type scheme is: forall 'Aa, 'Aa'. 'Aa FStar_Buffer.buffer  ->  'Aa' FStar_Buffer.buffer  ->  FStar_HyperStack.mem  ->  FStar_HyperStack.mem  ->  FStar_HyperStack.mem  ->  Prims.unit
Warning: not translating definition for lemma_modifies_3_trans (and possibly others)
Type scheme is: forall 'Aa, 'Aa', 'Aa''. 'Aa FStar_Buffer.buffer  ->  'Aa' FStar_Buffer.buffer  ->  'Aa'' FStar_Buffer.buffer  ->  FStar_HyperStack.mem  ->  FStar_HyperStack.mem  ->  FStar_HyperStack.mem  ->  Prims.unit
Warning: not translating definition for lemma_modifies_3_2_trans (and possibly others)
Type scheme is: forall 'Aa, 'Aa'. 'Aa FStar_Buffer.buffer  ->  'Aa' FStar_Buffer.buffer  ->  FStar_HyperStack.mem  ->  FStar_HyperStack.mem  ->  FStar_HyperStack.mem  ->  Prims.unit
Warning: not translating definition for lemma_modifies_3_2_trans' (and possibly others)
Type scheme is: forall 'Aa, 'Aa'. 'Aa FStar_Buffer.buffer  ->  'Aa' FStar_Buffer.buffer  ->  FStar_HyperStack.mem  ->  FStar_HyperStack.mem  ->  FStar_HyperStack.mem  ->  Prims.unit
Warning: not translating definition for lemma_modifies_1_0 (and possibly others)
Type scheme is: forall 'Aa. 'Aa FStar_Buffer.buffer  ->  FStar_HyperStack.mem  ->  FStar_HyperStack.mem  ->  FStar_HyperStack.mem  ->  Prims.unit
Warning: not translating definition for lemma_modifies_0_1 (and possibly others)
Type scheme is: forall 'Aa. 'Aa FStar_Buffer.buffer  ->  FStar_HyperStack.mem  ->  FStar_HyperStack.mem  ->  FStar_HyperStack.mem  ->  Prims.unit
Warning: not translating definition for lemma_modifies_0_1' (and possibly others)
Type scheme is: forall 'Aa. 'Aa FStar_Buffer.buffer  ->  FStar_HyperStack.mem  ->  FStar_HyperStack.mem  ->  FStar_HyperStack.mem  ->  Prims.unit
Warning: not translating definition for lemma_modifies_1_1 (and possibly others)
Type scheme is: forall 'Aa, 'Aa'. 'Aa FStar_Buffer.buffer  ->  'Aa' FStar_Buffer.buffer  ->  FStar_HyperStack.mem  ->  FStar_HyperStack.mem  ->  FStar_HyperStack.mem  ->  Prims.unit
Warning: not translating definition for lemma_modifies_0_2 (and possibly others)
Type scheme is: forall 'At, 'At'. 'At FStar_Buffer.buffer  ->  'At' FStar_Buffer.buffer  ->  FStar_HyperStack.mem  ->  FStar_HyperStack.mem  ->  FStar_HyperStack.mem  ->  Prims.unit
Warning: not translating definition for lemma_modifies_0_2' (and possibly others)
Type scheme is: forall 'At, 'At'. 'At FStar_Buffer.buffer  ->  'At' FStar_Buffer.buffer  ->  FStar_HyperStack.mem  ->  FStar_HyperStack.mem  ->  FStar_HyperStack.mem  ->  Prims.unit
Warning: not translating definition for lemma_modifies_1_2 (and possibly others)
Type scheme is: forall 'At, 'At'. 'At FStar_Buffer.buffer  ->  'At' FStar_Buffer.buffer  ->  FStar_HyperStack.mem  ->  FStar_HyperStack.mem  ->  FStar_HyperStack.mem  ->  Prims.unit
Warning: not translating definition for lemma_modifies_1_2' (and possibly others)
Type scheme is: forall 'At, 'At'. 'At FStar_Buffer.buffer  ->  'At' FStar_Buffer.buffer  ->  FStar_HyperStack.mem  ->  FStar_HyperStack.mem  ->  FStar_HyperStack.mem  ->  Prims.unit
Warning: not translating definition for lemma_modifies_1_2'' (and possibly others)
Type scheme is: forall 'At, 'At'. 'At FStar_Buffer.buffer  ->  'At' FStar_Buffer.buffer  ->  FStar_HyperStack.mem  ->  FStar_HyperStack.mem  ->  FStar_HyperStack.mem  ->  Prims.unit
Warning: not translating definition for lemma_modifies_1_2''' (and possibly others)
Type scheme is: forall 'At, 'At'. 'At FStar_Buffer.buffer  ->  'At' FStar_Buffer.buffer  ->  FStar_HyperStack.mem  ->  FStar_HyperStack.mem  ->  FStar_HyperStack.mem  ->  Prims.unit
Warning: not translating definition for lemma_modifies_1_1_prime (and possibly others)
Type scheme is: forall 'At, 'At'. 'At FStar_Buffer.buffer  ->  'At' FStar_Buffer.buffer  ->  FStar_HyperStack.mem  ->  FStar_HyperStack.mem  ->  FStar_HyperStack.mem  ->  Prims.unit
Warning: not translating definition for lemma_modifies_2_1 (and possibly others)
Type scheme is: forall 'Aa, 'Aa'. 'Aa FStar_Buffer.buffer  ->  'Aa' FStar_Buffer.buffer  ->  FStar_HyperStack.mem  ->  FStar_HyperStack.mem  ->  FStar_HyperStack.mem  ->  Prims.unit
Warning: not translating definition for lemma_modifies_2_1' (and possibly others)
Type scheme is: forall 'Aa, 'Aa'. 'Aa FStar_Buffer.buffer  ->  'Aa' FStar_Buffer.buffer  ->  FStar_HyperStack.mem  ->  FStar_HyperStack.mem  ->  FStar_HyperStack.mem  ->  Prims.unit
Warning: not translating definition for lemma_modifies_2_1'' (and possibly others)
Type scheme is: forall 'Aa, 'Aa'. 'Aa FStar_Buffer.buffer  ->  'Aa' FStar_Buffer.buffer  ->  FStar_HyperStack.mem  ->  FStar_HyperStack.mem  ->  FStar_HyperStack.mem  ->  Prims.unit
Warning: not translating definition for create (and possibly others)
Type scheme is: forall 'Aa. 'Aa  ->  FStar_UInt32.t  ->  'Aa FStar_Buffer.buffer
Warning: not translating definition for createL (and possibly others)
Type scheme is: forall 'Aa. 'Aa Prims.list  ->  'Aa FStar_Buffer.buffer
Warning: not translating definition for lemma_upd (and possibly others)
Type scheme is: forall 'Aa. FStar_HyperStack.mem  ->  'Aa FStar_HyperStack.reference  ->  'Aa  ->  Prims.unit
Warning: not translating definition for rcreate (and possibly others)
Type scheme is: forall 'Aa. FStar_HyperHeap.rid  ->  'Aa  ->  FStar_UInt32.t  ->  'Aa FStar_Buffer.buffer
Warning: not translating definition for to_seq (and possibly others)
Type scheme is: forall 'Aa. 'Aa FStar_Buffer.buffer  ->  FStar_UInt32.t  ->  'Aa FStar_Seq_Base.seq
Warning: not translating definition for to_seq_full (and possibly others)
Type scheme is: forall 'Aa. 'Aa FStar_Buffer.buffer  ->  'Aa FStar_Seq_Base.seq
Warning: not translating definition for index (and possibly others)
Type scheme is: forall 'Aa. 'Aa FStar_Buffer.buffer  ->  FStar_UInt32.t  ->  'Aa
Warning: not translating definition for lemma_aux (and possibly others)
Type scheme is: forall 'Aa. 'Aa FStar_Buffer.buffer  ->  FStar_UInt32.t  ->  'Aa  ->  FStar_HyperStack.mem  ->  Prims.unit
Warning: not translating definition for upd (and possibly others)
Type scheme is: forall 'Aa. 'Aa FStar_Buffer.buffer  ->  FStar_UInt32.t  ->  'Aa  ->  Prims.unit
Warning: not translating definition for sub (and possibly others)
Type scheme is: forall 'Aa. 'Aa FStar_Buffer.buffer  ->  FStar_UInt32.t  ->  FStar_UInt32.t  ->  'Aa FStar_Buffer.buffer
Warning: not translating definition for lemma_sub_spec (and possibly others)
Type scheme is: forall 'Aa. 'Aa FStar_Buffer.buffer  ->  FStar_UInt32.t  ->  FStar_UInt32.t  ->  FStar_HyperStack.mem  ->  Prims.unit
Warning: not translating definition for offset (and possibly others)
Type scheme is: forall 'Aa. 'Aa FStar_Buffer.buffer  ->  FStar_UInt32.t  ->  'Aa FStar_Buffer.buffer
Warning: not translating definition for lemma_offset_spec (and possibly others)
Type scheme is: forall 'Aa. 'Aa FStar_Buffer.buffer  ->  FStar_UInt32.t  ->  FStar_HyperStack.mem  ->  Prims.unit
Warning: not translating definition for eq_lemma1 (and possibly others)
Type scheme is: forall 'Aa. 'Aa FStar_Buffer.buffer  ->  'Aa FStar_Buffer.buffer  ->  FStar_UInt32.t  ->  FStar_HyperStack.mem  ->  Prims.unit
Warning: not translating definition for eq_lemma2 (and possibly others)
Type scheme is: forall 'Aa. 'Aa FStar_Buffer.buffer  ->  'Aa FStar_Buffer.buffer  ->  FStar_UInt32.t  ->  FStar_HyperStack.mem  ->  Prims.unit
Warning: not translating definition for eqb (and possibly others)
Type scheme is: forall 'Aa. 'Aa FStar_Buffer.buffer  ->  'Aa FStar_Buffer.buffer  ->  FStar_UInt32.t  ->  Prims.bool
Warning: not translating definition for op_Array_Access (and possibly others)
Type scheme is: forall 'Aa. 'Aa FStar_Buffer.buffer  ->  FStar_UInt32.t  ->  'Aa
Warning: not translating definition for op_Array_Assignment (and possibly others)
Type scheme is: forall 'Aa. 'Aa FStar_Buffer.buffer  ->  FStar_UInt32.t  ->  'Aa  ->  Prims.unit
Warning: not translating definition for lemma_modifies_one_trans_1 (and possibly others)
Type scheme is: forall 'Aa. 'Aa FStar_Buffer.buffer  ->  FStar_HyperStack.mem  ->  FStar_HyperStack.mem  ->  FStar_HyperStack.mem  ->  Prims.unit
Warning: not translating definition for blit (and possibly others)
Type scheme is: forall 'At. 'At FStar_Buffer.buffer  ->  FStar_UInt32.t  ->  'At FStar_Buffer.buffer  ->  FStar_UInt32.t  ->  FStar_UInt32.t  ->  Prims.unit
Warning: not translating definition for fill (and possibly others)
Type scheme is: forall 'At. 'At FStar_Buffer.buffer  ->  'At  ->  FStar_UInt32.t  ->  Prims.unit
Warning: not translating definition for split (and possibly others)
Type scheme is: forall 'At. 'At FStar_Buffer.buffer  ->  FStar_UInt32.t  ->  ('At FStar_Buffer.buffer * 'At FStar_Buffer.buffer)
Warning: not translating definition for join (and possibly others)
Type scheme is: forall 'At. 'At FStar_Buffer.buffer  ->  'At FStar_Buffer.buffer  ->  'At FStar_Buffer.buffer
Warning: not translating definition for no_upd_lemma_0 (and possibly others)
Type scheme is: forall 'At. FStar_HyperStack.mem  ->  FStar_HyperStack.mem  ->  'At FStar_Buffer.buffer  ->  Prims.unit
Warning: not translating definition for no_upd_lemma_1 (and possibly others)
Type scheme is: forall 'At, 'At'. FStar_HyperStack.mem  ->  FStar_HyperStack.mem  ->  'At FStar_Buffer.buffer  ->  'At' FStar_Buffer.buffer  ->  Prims.unit
Warning: not translating definition for no_upd_lemma_2 (and possibly others)
Type scheme is: forall 'At, 'At', 'At''. FStar_HyperStack.mem  ->  FStar_HyperStack.mem  ->  'At FStar_Buffer.buffer  ->  'At' FStar_Buffer.buffer  ->  'At'' FStar_Buffer.buffer  ->  Prims.unit
Warning: not translating definition for no_upd_lemma_2_1 (and possibly others)
Type scheme is: forall 'At, 'At'. FStar_HyperStack.mem  ->  FStar_HyperStack.mem  ->  'At FStar_Buffer.buffer  ->  'At' FStar_Buffer.buffer  ->  Prims.unit
Warning: not translating definition for no_upd_fresh (and possibly others)
Type scheme is: forall 'At. FStar_HyperStack.mem  ->  FStar_HyperStack.mem  ->  'At FStar_Buffer.buffer  ->  Prims.unit
Warning: not translating definition for no_upd_popped (and possibly others)
Type scheme is: forall 'At. FStar_HyperStack.mem  ->  FStar_HyperStack.mem  ->  'At FStar_Buffer.buffer  ->  Prims.unit
Warning: not translating definition for lemma_modifies_sub_1 (and possibly others)
Type scheme is: forall 'At. FStar_HyperStack.mem  ->  FStar_HyperStack.mem  ->  'At FStar_Buffer.buffer  ->  Prims.unit
Warning: not translating definition for lemma_modifies_sub_2 (and possibly others)
Type scheme is: forall 'At, 'At'. FStar_HyperStack.mem  ->  FStar_HyperStack.mem  ->  'At FStar_Buffer.buffer  ->  'At' FStar_Buffer.buffer  ->  Prims.unit
Warning: not translating definition for lemma_modifies_sub_2_1 (and possibly others)
Type scheme is: forall 'At. FStar_HyperStack.mem  ->  FStar_HyperStack.mem  ->  'At FStar_Buffer.buffer  ->  Prims.unit
Warning: not translating definition for modifies_subbuffer_1 (and possibly others)
Type scheme is: forall 'At. FStar_HyperStack.mem  ->  FStar_HyperStack.mem  ->  'At FStar_Buffer.buffer  ->  'At FStar_Buffer.buffer  ->  Prims.unit
Warning: not translating definition for modifies_subbuffer_2 (and possibly others)
Type scheme is: forall 'At, 'At'. FStar_HyperStack.mem  ->  FStar_HyperStack.mem  ->  'At FStar_Buffer.buffer  ->  'At' FStar_Buffer.buffer  ->  'At FStar_Buffer.buffer  ->  Prims.unit
Warning: not translating definition for modifies_subbuffer_2' (and possibly others)
Type scheme is: forall 'At, 'At'. FStar_HyperStack.mem  ->  FStar_HyperStack.mem  ->  'At FStar_Buffer.buffer  ->  'At' FStar_Buffer.buffer  ->  'At FStar_Buffer.buffer  ->  Prims.unit
Warning: not translating definition for modifies_subbuffer_2_1 (and possibly others)
Type scheme is: forall 'At. FStar_HyperStack.mem  ->  FStar_HyperStack.mem  ->  'At FStar_Buffer.buffer  ->  'At FStar_Buffer.buffer  ->  Prims.unit
Warning: not translating definition for modifies_subbuffer_2_prime (and possibly others)
Type scheme is: forall 'At. FStar_HyperStack.mem  ->  FStar_HyperStack.mem  ->  'At FStar_Buffer.buffer  ->  'At FStar_Buffer.buffer  ->  'At FStar_Buffer.buffer  ->  Prims.unit
Warning: not translating definition for modifies_popped_3_2 (and possibly others)
Type scheme is: forall 'At, 'At'. 'At FStar_Buffer.buffer  ->  'At' FStar_Buffer.buffer  ->  FStar_HyperStack.mem  ->  FStar_HyperStack.mem  ->  FStar_HyperStack.mem  ->  FStar_HyperStack.mem  ->  Prims.unit
Warning: not translating definition for modifies_popped_2 (and possibly others)
Type scheme is: forall 'At, 'At'. 'At FStar_Buffer.buffer  ->  'At' FStar_Buffer.buffer  ->  FStar_HyperStack.mem  ->  FStar_HyperStack.mem  ->  FStar_HyperStack.mem  ->  FStar_HyperStack.mem  ->  Prims.unit
Warning: not translating definition for modifies_popped_1 (and possibly others)
Type scheme is: forall 'At. 'At FStar_Buffer.buffer  ->  FStar_HyperStack.mem  ->  FStar_HyperStack.mem  ->  FStar_HyperStack.mem  ->  FStar_HyperStack.mem  ->  Prims.unit
Warning: not translating definition for modifies_popped_1' (and possibly others)
Type scheme is: forall 'At. 'At FStar_Buffer.buffer  ->  FStar_HyperStack.mem  ->  FStar_HyperStack.mem  ->  FStar_HyperStack.mem  ->  FStar_HyperStack.mem  ->  Prims.unit
Warning: not translating definition for live_popped (and possibly others)
Type scheme is: forall 'At. 'At FStar_Buffer.buffer  ->  FStar_HyperStack.mem  ->  FStar_HyperStack.mem  ->  Prims.unit
Warning: not translating definition for live_fresh (and possibly others)
Type scheme is: forall 'At. 'At FStar_Buffer.buffer  ->  FStar_HyperStack.mem  ->  FStar_HyperStack.mem  ->  Prims.unit
Warning: not translating definition for modifies_0_to_2_1_lemma (and possibly others)
Type scheme is: forall 'At. FStar_HyperStack.mem  ->  FStar_HyperStack.mem  ->  'At FStar_Buffer.buffer  ->  Prims.unit
Warning: not translating definition for modifies_1_to_2_1_lemma (and possibly others)
Type scheme is: forall 'At. FStar_HyperStack.mem  ->  FStar_HyperStack.mem  ->  'At FStar_Buffer.buffer  ->  Prims.unit
Warning: not translating definition for modifies_poppable_1 (and possibly others)
Type scheme is: forall 'At. FStar_HyperStack.mem  ->  FStar_HyperStack.mem  ->  'At FStar_Buffer.buffer  ->  Prims.unit
Warning: not translating definition for modifies_poppable_2_1 (and possibly others)
Type scheme is: forall 'At. FStar_HyperStack.mem  ->  FStar_HyperStack.mem  ->  'At FStar_Buffer.buffer  ->  Prims.unit
Warning: not translating definition for modifies_poppable_2 (and possibly others)
Type scheme is: forall 'At, 'At'. FStar_HyperStack.mem  ->  FStar_HyperStack.mem  ->  'At FStar_Buffer.buffer  ->  'At' FStar_Buffer.buffer  ->  Prims.unit
Warning: not translating definition for modifies_poppable_3_2 (and possibly others)
Type scheme is: forall 'At, 'At'. FStar_HyperStack.mem  ->  FStar_HyperStack.mem  ->  'At FStar_Buffer.buffer  ->  'At' FStar_Buffer.buffer  ->  Prims.unit
Attempting to translate module C
Warning: not translating definition for exit_success (Failure("todo: translate_expr [MLC_String]"))
Warning: not translating definition for exit_failure (Failure("todo: translate_expr [MLC_String]"))
Attempting to translate module Hacl.Spec.Endianness
Warning: not translating definition for seq_map_ (and possibly others)
Type scheme is: forall 'Aa, 'Ab. ('Aa  ->  'Ab)  ->  'Aa FStar_Seq_Base.seq  ->  Prims.nat  ->  'Ab FStar_Seq_Base.seq  ->  'Ab FStar_Seq_Base.seq
Warning: not translating definition for seq_map (and possibly others)
Type scheme is: forall 'Aa, 'Ab. ('Aa  ->  'Ab)  ->  'Aa FStar_Seq_Base.seq  ->  'Ab FStar_Seq_Base.seq
Attempting to translate module Hacl.Endianness
Attempting to translate module Hacl.Symmetric.Salsa20
Attempting to translate module Hacl.Test.Salsa20
Attempting to translate module Hacl.Spec.Symmetric.Chacha20
Warning: writing a stub for load32_le_spec (Failure("todo: translate_expr [MLC_Int]"))
Warning: writing a stub for store32_le_spec (Failure("todo: translate_expr [MLC_Int]"))
Warning: writing a stub for slice_4 (Failure("todo: translate_expr [MLC_Int]"))
Warning: writing a stub for chacha_keysetup_spec (Failure("todo: translate_expr [MLC_Int]"))
Warning: writing a stub for chacha_ietf_ivsetup_spec (Failure("todo: translate_expr [MLC_Int]"))
Warning: writing a stub for seq_upd_16 (Failure("todo: translate_expr [MLC_Int]"))
Warning: writing a stub for chacha_encrypt_bytes_round_spec (Failure("todo: translate_expr [MLC_Int]"))
Warning: writing a stub for chacha_encrypt_bytes_store_spec (Failure("todo: translate_expr [MLC_Int]"))
Warning: writing a stub for chacha_encrypt_bytes_core_spec (Failure("todo: translate_expr [MLC_Int]"))
Attempting to translate module Salsa20
All verification conditions discharged successfully

[38;5;119mâœ”[0m Input file successfully checked
[38;5;119mâœ”[0m Pattern compilation successfully checked
[38;5;119mâœ”[0m Simplify + inlining successfully checked
KreMLin: writing out .c and .h files for Hacl_Endianness, Salsa20, Hacl_Test_Salsa20
[38;5;81mâš™ KreMLin will drive the C compiler.[0m Here's what we found:
[4mgcc is:[0m x86_64-w64-mingw32-gcc
[4mx86_64-w64-mingw32-gcc options are:[0m -D__USE_MINGW_ANSI_STDIO -Wall -Werror -Wno-parentheses -Wno-unused-variable -g -O3 -fwrapv -I FSTAR_LIB/hyperstack -I ../bignum -I ../lib/kremlin -I C:/Build/Agent/_work/37/s/dependencies/kremlin/kremlib -I salsa-c -march=native -std=gnu99
[38;5;81mâš¡ Generating object files[0m
x86_64-w64-mingw32-gcc -Wno-unused-but-set-variable -std=c11 -D__USE_MINGW_ANSI_STDIO -Wall -Werror -Wno-parentheses -Wno-unused-variable -g -O3 -fwrapv -I FSTAR_LIB/hyperstack -I ../bignum -I ../lib/kremlin -I C:/Build/Agent/_work/37/s/dependencies/kremlin/kremlib -I salsa-c -march=native -std=gnu99 -c salsa-c/Hacl_Endianness.c -o salsa-c/Hacl_Endianness.o
[38;5;203mâœ˜[0m [CC,salsa-c/Hacl_Endianness.c]
In file included from C:/Build/Agent/_work/37/s/dependencies/kremlin/kremlib/kremlib.h:13:0,
Warning 3: run_or_warn: the following command failed:
from salsa-c/Hacl_Endianness.h:7,
from salsa-c/Hacl_Endianness.c:1:
C:/Build/Agent/_work/37/s/dependencies/kremlin/kremlib/gcc_compat.h:6:0: error: "__cdecl" redefined [-Werror]
#define __cdecl __attribute__((cdecl))
^
x86_64-w64-mingw32-gcc -Wno-unused-but-set-variable -std=c11 -D__USE_MINGW_ANSI_STDIO -Wall -Werror -Wno-parentheses -Wno-unused-variable -g -O3 -fwrapv -I FSTAR_LIB/hyperstack -I ../bignum -I ../lib/kremlin -I C:/Build/Agent/_work/37/s/dependencies/kremlin/kremlib -I salsa-c -march=native -std=gnu99 -c salsa-c/Hacl_Endianness.c -o salsa-c/Hacl_Endianness.o
<built-in>: note: this is the location of the previous definition
In file included from C:/Build/Agent/_work/37/s/dependencies/kremlin/kremlib/kremlib.h:13:0,
from salsa-c/Hacl_Endianness.h:7,
from salsa-c/Hacl_Endianness.c:1:
C:/Build/Agent/_work/37/s/dependencies/kremlin/kremlib/gcc_compat.h:7:0: error: "__stdcall" redefined [-Werror]
#define __stdcall __attribute__((stdcall))
^
In file included from /usr/x86_64-w64-mingw32/sys-root/mingw/include/crtdefs.h:10:0,
from /usr/x86_64-w64-mingw32/sys-root/mingw/include/inttypes.h:11,
from C:/Build/Agent/_work/37/s/dependencies/kremlin/kremlib/kremlib.h:4,
from salsa-c/Hacl_Endianness.h:7,
from salsa-c/Hacl_Endianness.c:1:
/usr/x86_64-w64-mingw32/sys-root/mingw/include/_mingw.h:36:0: note: this is the location of the previous definition
#define __stdcall
^
In file included from C:/Build/Agent/_work/37/s/dependencies/kremlin/kremlib/kremlib.h:13:0,
from salsa-c/Hacl_Endianness.h:7,
from salsa-c/Hacl_Endianness.c:1:
C:/Build/Agent/_work/37/s/dependencies/kremlin/kremlib/gcc_compat.h:8:0: error: "__fastcall" redefined [-Werror]
#define __fastcall __attribute__((fastcall))
^
<built-in>: note: this is the location of the previous definition
cc1: all warnings being treated as errors

x86_64-w64-mingw32-gcc -Wno-unused-but-set-variable -std=c11 -D__USE_MINGW_ANSI_STDIO -Wall -Werror -Wno-parentheses -Wno-unused-variable -g -O3 -fwrapv -I FSTAR_LIB/hyperstack -I ../bignum -I ../lib/kremlin -I C:/Build/Agent/_work/37/s/dependencies/kremlin/kremlib -I salsa-c -march=native -std=gnu99 -c salsa-c/Salsa20.c -o salsa-c/Salsa20.o
[38;5;203mâœ˜[0m [CC,salsa-c/Salsa20.c]
In file included from C:/Build/Agent/_work/37/s/dependencies/kremlin/kremlib/kremlib.h:13:0,
from salsa-c/Hacl_Endianness.h:7,
Warning 3: run_or_warn: the following command failed:
from salsa-c/Salsa20.h:6,
from salsa-c/Salsa20.c:1:
C:/Build/Agent/_work/37/s/dependencies/kremlin/kremlib/gcc_compat.h:6:0: error: "__cdecl" redefined [-Werror]
#define __cdecl __attribute__((cdecl))
^
<built-in>: note: this is the location of the previous definition
x86_64-w64-mingw32-gcc -Wno-unused-but-set-variable -std=c11 -D__USE_MINGW_ANSI_STDIO -Wall -Werror -Wno-parentheses -Wno-unused-variable -g -O3 -fwrapv -I FSTAR_LIB/hyperstack -I ../bignum -I ../lib/kremlin -I C:/Build/Agent/_work/37/s/dependencies/kremlin/kremlib -I salsa-c -march=native -std=gnu99 -c salsa-c/Salsa20.c -o salsa-c/Salsa20.o
In file included from C:/Build/Agent/_work/37/s/dependencies/kremlin/kremlib/kremlib.h:13:0,
from salsa-c/Hacl_Endianness.h:7,
from salsa-c/Salsa20.h:6,
from salsa-c/Salsa20.c:1:
C:/Build/Agent/_work/37/s/dependencies/kremlin/kremlib/gcc_compat.h:7:0: error: "__stdcall" redefined [-Werror]
#define __stdcall __attribute__((stdcall))
^
In file included from /usr/x86_64-w64-mingw32/sys-root/mingw/include/crtdefs.h:10:0,
from /usr/x86_64-w64-mingw32/sys-root/mingw/include/inttypes.h:11,
from C:/Build/Agent/_work/37/s/dependencies/kremlin/kremlib/kremlib.h:4,
from salsa-c/Hacl_Endianness.h:7,
from salsa-c/Salsa20.h:6,
from salsa-c/Salsa20.c:1:
/usr/x86_64-w64-mingw32/sys-root/mingw/include/_mingw.h:36:0: note: this is the location of the previous definition
#define __stdcall
^
In file included from C:/Build/Agent/_work/37/s/dependencies/kremlin/kremlib/kremlib.h:13:0,
from salsa-c/Hacl_Endianness.h:7,
from salsa-c/Salsa20.h:6,
from salsa-c/Salsa20.c:1:
C:/Build/Agent/_work/37/s/dependencies/kremlin/kremlib/gcc_compat.h:8:0: error: "__fastcall" redefined [-Werror]
#define __fastcall __attribute__((fastcall))
^
<built-in>: note: this is the location of the previous definition
cc1: all warnings being treated as errors

x86_64-w64-mingw32-gcc -Wno-unused-but-set-variable -std=c11 -D__USE_MINGW_ANSI_STDIO -Wall -Werror -Wno-parentheses -Wno-unused-variable -g -O3 -fwrapv -I FSTAR_LIB/hyperstack -I ../bignum -I ../lib/kremlin -I C:/Build/Agent/_work/37/s/dependencies/kremlin/kremlib -I salsa-c -march=native -std=gnu99 -c salsa-c/Hacl_Test_Salsa20.c -o salsa-c/Hacl_Test_Salsa20.o
[38;5;203mâœ˜[0m [CC,salsa-c/Hacl_Test_Salsa20.c]
In file included from C:/Build/Agent/_work/37/s/dependencies/kremlin/kremlib/kremlib.h:13:0,
from salsa-c/Hacl_Endianness.h:7,
Warning 3: run_or_warn: the following command failed:
from salsa-c/Hacl_Test_Salsa20.h:6,
from salsa-c/Hacl_Test_Salsa20.c:1:
C:/Build/Agent/_work/37/s/dependencies/kremlin/kremlib/gcc_compat.h:6:0: error: "__cdecl" redefined [-Werror]
#define __cdecl __attribute__((cdecl))
^
<built-in>: note: this is the location of the previous definition
x86_64-w64-mingw32-gcc -Wno-unused-but-set-variable -std=c11 -D__USE_MINGW_ANSI_STDIO -Wall -Werror -Wno-parentheses -Wno-unused-variable -g -O3 -fwrapv -I FSTAR_LIB/hyperstack -I ../bignum -I ../lib/kremlin -I C:/Build/Agent/_work/37/s/dependencies/kremlin/kremlib -I salsa-c -march=native -std=gnu99 -c salsa-c/Hacl_Test_Salsa20.c -o salsa-c/Hacl_Test_Salsa20.o
In file included from C:/Build/Agent/_work/37/s/dependencies/kremlin/kremlib/kremlib.h:13:0,
from salsa-c/Hacl_Endianness.h:7,
from salsa-c/Hacl_Test_Salsa20.h:6,
from salsa-c/Hacl_Test_Salsa20.c:1:
C:/Build/Agent/_work/37/s/dependencies/kremlin/kremlib/gcc_compat.h:7:0: error: "__stdcall" redefined [-Werror]
#define __stdcall __attribute__((stdcall))
^
In file included from /usr/x86_64-w64-mingw32/sys-root/mingw/include/crtdefs.h:10:0,
from /usr/x86_64-w64-mingw32/sys-root/mingw/include/inttypes.h:11,
from C:/Build/Agent/_work/37/s/dependencies/kremlin/kremlib/kremlib.h:4,
from salsa-c/Hacl_Endianness.h:7,
from salsa-c/Hacl_Test_Salsa20.h:6,
from salsa-c/Hacl_Test_Salsa20.c:1:
/usr/x86_64-w64-mingw32/sys-root/mingw/include/_mingw.h:36:0: note: this is the location of the previous definition
#define __stdcall
^
In file included from C:/Build/Agent/_work/37/s/dependencies/kremlin/kremlib/kremlib.h:13:0,
from salsa-c/Hacl_Endianness.h:7,
from salsa-c/Hacl_Test_Salsa20.h:6,
from salsa-c/Hacl_Test_Salsa20.c:1:
C:/Build/Agent/_work/37/s/dependencies/kremlin/kremlib/gcc_compat.h:8:0: error: "__fastcall" redefined [-Werror]
#define __fastcall __attribute__((fastcall))
^
<built-in>: note: this is the location of the previous definition
cc1: all warnings being treated as errors

x86_64-w64-mingw32-gcc -Wno-unused-but-set-variable -std=c11 -D__USE_MINGW_ANSI_STDIO -Wall -Werror -Wno-parentheses -Wno-unused-variable -g -O3 -fwrapv -I FSTAR_LIB/hyperstack -I ../bignum -I ../lib/kremlin -I C:/Build/Agent/_work/37/s/dependencies/kremlin/kremlib -I salsa-c -march=native -std=gnu99 -c C:/Build/Agent/_work/37/s/dependencies/kremlin/kremlib/kremlib.c -o salsa-c/kremlib.o
[38;5;203mâœ˜[0m [CC,C:/Build/Agent/_work/37/s/dependencies/kremlin/kremlib/kremlib.c]
In file included from C:/Build/Agent/_work/37/s/dependencies/kremlin/kremlib/kremlib.h:13:0,
Warning 3: run_or_warn: the following command failed:
from C:/Build/Agent/_work/37/s/dependencies/kremlin/kremlib/kremlib.c:1:
C:/Build/Agent/_work/37/s/dependencies/kremlin/kremlib/gcc_compat.h:6:0: error: "__cdecl" redefined [-Werror]
#define __cdecl __attribute__((cdecl))
^
<built-in>: note: this is the location of the previous definition
x86_64-w64-mingw32-gcc -Wno-unused-but-set-variable -std=c11 -D__USE_MINGW_ANSI_STDIO -Wall -Werror -Wno-parentheses -Wno-unused-variable -g -O3 -fwrapv -I FSTAR_LIB/hyperstack -I ../bignum -I ../lib/kremlin -I C:/Build/Agent/_work/37/s/dependencies/kremlin/kremlib -I salsa-c -march=native -std=gnu99 -c C:/Build/Agent/_work/37/s/dependencies/kremlin/kremlib/kremlib.c -o salsa-c/kremlib.o
In file included from C:/Build/Agent/_work/37/s/dependencies/kremlin/kremlib/kremlib.h:13:0,
from C:/Build/Agent/_work/37/s/dependencies/kremlin/kremlib/kremlib.c:1:
C:/Build/Agent/_work/37/s/dependencies/kremlin/kremlib/gcc_compat.h:7:0: error: "__stdcall" redefined [-Werror]
#define __stdcall __attribute__((stdcall))
^
In file included from /usr/x86_64-w64-mingw32/sys-root/mingw/include/crtdefs.h:10:0,
from /usr/x86_64-w64-mingw32/sys-root/mingw/include/inttypes.h:11,
from C:/Build/Agent/_work/37/s/dependencies/kremlin/kremlib/kremlib.h:4,
from C:/Build/Agent/_work/37/s/dependencies/kremlin/kremlib/kremlib.c:1:
/usr/x86_64-w64-mingw32/sys-root/mingw/include/_mingw.h:36:0: note: this is the location of the previous definition
#define __stdcall
^
In file included from C:/Build/Agent/_work/37/s/dependencies/kremlin/kremlib/kremlib.h:13:0,
from C:/Build/Agent/_work/37/s/dependencies/kremlin/kremlib/kremlib.c:1:
C:/Build/Agent/_work/37/s/dependencies/kremlin/kremlib/gcc_compat.h:8:0: error: "__fastcall" redefined [-Werror]
#define __fastcall __attribute__((fastcall))
^
<built-in>: note: this is the location of the previous definition
cc1: all warnings being treated as errors

x86_64-w64-mingw32-gcc -Wno-unused-but-set-variable -std=c11 -D__USE_MINGW_ANSI_STDIO -Wall -Werror -Wno-parentheses -Wno-unused-variable -g -O3 -fwrapv -I FSTAR_LIB/hyperstack -I ../bignum -I ../lib/kremlin -I C:/Build/Agent/_work/37/s/dependencies/kremlin/kremlib -I salsa-c -march=native -std=gnu99 -c C:/Build/Agent/_work/37/s/dependencies/kremlin/kremlib/testlib.c -o salsa-c/testlib.o
[38;5;119mâœ”[0m [CC,C:/Build/Agent/_work/37/s/dependencies/kremlin/kremlib/testlib.c]
x86_64-w64-mingw32-gcc -Wno-unused-but-set-variable -std=c11 -D__USE_MINGW_ANSI_STDIO -Wall -Werror -Wno-parentheses -Wno-unused-variable -g -O3 -fwrapv -I FSTAR_LIB/hyperstack -I ../bignum -I ../lib/kremlin -I C:/Build/Agent/_work/37/s/dependencies/kremlin/kremlib -I salsa-c -march=native -std=gnu99 salsa-c/testlib.o -o salsa20.exe -flto
[38;5;203mâœ˜[0m [LD]
/usr/x86_64-w64-mingw32/sys-root/mingw/lib/../lib/libmingw32.a(lib64_libmingw32_a-crt0_c.o): In function `main':
/usr/src/debug/mingw64-x86_64-runtime-5.0.0-1/crt/crt0_c.c:18: undefined reference to `WinMain'
Warning 3: run_or_warn: the following command failed:
collect2: error: ld returned 1 exit status

[38;5;203mgcc failed at the final linking phase[0m
x86_64-w64-mingw32-gcc -Wno-unused-but-set-variable -std=c11 -D__USE_MINGW_ANSI_STDIO -Wall -Werror -Wno-parentheses -Wno-unused-variable -g -O3 -fwrapv -I FSTAR_LIB/hyperstack -I ../bignum -I ../lib/kremlin -I C:/Build/Agent/_work/37/s/dependencies/kremlin/kremlib -I salsa-c -march=native -std=gnu99 salsa-c/testlib.o -o salsa20.exe -flto
make[3]: Leaving directory '/cygdrive/c/Build/Agent/_work/37/s/code/salsa-family'
make[2]: Leaving directory '/cygdrive/c/Build/Agent/_work/37/s/code'
make[3]: *** [Makefile:87: Salsa20.c] Error 250
make[1]: Leaving directory '/cygdrive/c/Build/Agent/_work/37/s/test'
make[2]: *** [Makefile:6: salsa-family-c] Error 2
make: Leaving directory '/cygdrive/c/Build/Agent/_work/37/s/test'
make[1]: *** [Makefile:12: extract-c-code] Error 2
make: *** [Makefile:2: all] Error 2
