Warning: you are using the standard library and/or the %inline keyword. We
recommend switching on --infer in order to avoid obscure type error messages.
6 shift/reduce conflicts.
warning: CRLF will be replaced by LF in src/parser/ml/parse.mly.
The file will have its original line endings in your working directory.
Warning 6: in the definition of ciphertext, after the definition of noncesize, in top-level declaration Hacl.Test.XSalsa20.main, in file Hacl_Test_XSalsa20: stack newbuf 0uint8 @2 is a non-constant size, stack-allocated array; this is not supported by CompCert
Warning 6: in the definition of ciphertext, after the definition of len, in top-level declaration Hacl.Test.Chacha20.main, in file Hacl_Test_Chacha20: stack newbuf 0uint8 @0 is a non-constant size, stack-allocated array; this is not supported by CompCert
Warning 7: : After inlining, Hacl.Test.Chacha20.loop calls Hacl.Symmetric.Chacha20.chacha20_update -- removing the static qualifier from Hacl.Symmetric.Chacha20.chacha20_update
Warning 7: : After inlining, Hacl.Test.Chacha20.main calls Hacl.Symmetric.Chacha20.chacha_keysetup -- removing the static qualifier from Hacl.Symmetric.Chacha20.chacha_keysetup
Warning 7: : After inlining, Hacl.Test.Chacha20.main calls Hacl.Symmetric.Chacha20.chacha_ietf_ivsetup -- removing the static qualifier from Hacl.Symmetric.Chacha20.chacha_ietf_ivsetup
Warning 7: : After inlining, Hacl.Test.Chacha20.main calls Hacl.Symmetric.Chacha20.chacha_encrypt_bytes -- removing the static qualifier from Hacl.Symmetric.Chacha20.chacha_encrypt_bytes
Warning 7: : After inlining, Hacl.Test.Chacha20.main calls Hacl.Symmetric.Chacha20.chacha20_finish -- removing the static qualifier from Hacl.Symmetric.Chacha20.chacha20_finish
Warning 6: in the definition of ciphertext, after the definition of noncesize, in top-level declaration Hacl.Test.Salsa20.main, in file Hacl_Test_Salsa20: stack newbuf 0uint8 @2 is a non-constant size, stack-allocated array; this is not supported by CompCert
Warning 6: in the definition of plaintext, after the definition of ciphertext, in top-level declaration Hacl.Test.Salsa20.main, in file Hacl_Test_Salsa20: stack newbuf 0uint8 @3 is a non-constant size, stack-allocated array; this is not supported by CompCert
Warning 6: in the definition of key, after the definition of expected4, in top-level declaration Hacl.Test.Salsa20.main, in file Hacl_Test_Salsa20: stack newbuf 0uint8 @7 is a non-constant size, stack-allocated array; this is not supported by CompCert
Warning 6: in the definition of nonce, after the definition of key, in top-level declaration Hacl.Test.Salsa20.main, in file Hacl_Test_Salsa20: stack newbuf 0uint8 @7 is a non-constant size, stack-allocated array; this is not supported by CompCert
Warning 7: : After inlining, Hacl.Test.Salsa20.main calls Hacl.Symmetric.Salsa20.crypto_stream_salsa20_xor -- removing the static qualifier from Hacl.Symmetric.Salsa20.crypto_stream_salsa20_xor
Warning 6: in the definition of result, after the definition of keysize, in top-level declaration Hacl.Test.X25519.main, in file Hacl_Test_X25519: stack newbuf 0uint8 @0 is a non-constant size, stack-allocated array; this is not supported by CompCert
Warning 7: : After inlining, Hacl.Test.X25519.main calls Hacl.EC.crypto_scalarmult -- removing the static qualifier from Hacl.EC.crypto_scalarmult
Fatal error: exception Sys_error("No space left on device")
Called from file "list.ml", line 185, characters 17-20
Called from file "src/Driver.ml", line 342, characters 22-53
Called from file "src/Kremlin.ml", line 309, characters 28-72
Fatal error: exception Sys_error("No space left on device")
Raised by primitive operation at file "pervasives.ml", line 420, characters 51-63
Called from file "list.ml", line 73, characters 12-15
Called from file "src/Driver.ml", line 203, characters 8-38
Called from file "src/Driver.ml", line 239, characters 11-51
Called from file "src/Kremlin.ml", line 168, characters 6-66
make[3]: *** [Makefile:98: extract-c] Error 2
make[2]: *** [Makefile:22: extract-c] Error 2
make[2]: *** [Makefile:25: krml-test.exe] Error 2
make[1]: *** [Makefile:12: extract-c-code] Error 2
make[1]: *** Waiting for unfinished jobs....
make[1]: *** [Makefile:15: extract-c-crypto] Error 2
make: *** [Makefile:2: all] Error 2
