Warning: you are using the standard library and/or the %inline keyword. We
recommend switching on --infer in order to avoid obscure type error messages.
dos2unix: converting file parse.mly to Unix format...
File "src/basic/ml/FStar_Util.ml", line 47, characters 57-65:
Warning 40: st_mtime was selected from type BatUnix.stats.
It is not visible in the current scope, and will not 
be selected if the type becomes unknown.
File "src/basic/ml/FStar_Util.ml", line 47, characters 57-65:
Warning 40: st_mtime was selected from type BatUnix.stats.
It is not visible in the current scope, and will not 
be selected if the type becomes unknown.
File "CoreCrypto.ml", line 526, characters 24-144:
Warning 8: this pattern-matching is not exhaustive.
Here is an example of a value that is not matched:
ECC_X448
crypto/asn1/x_int64.c: In function 'uint64_print':
crypto/asn1/x_int64.c:105:32: warning: unknown conversion type character 'j' in format [-Wformat=]
return BIO_printf(out, "%jd\n", **(int64_t **)pval);
^
crypto/asn1/x_int64.c:105:32: warning: too many arguments for format [-Wformat-extra-args]
crypto/asn1/x_int64.c:106:28: warning: unknown conversion type character 'j' in format [-Wformat=]
return BIO_printf(out, "%ju\n", **(uint64_t **)pval);
^
crypto/asn1/x_int64.c:106:28: warning: too many arguments for format [-Wformat-extra-args]
crypto/bio/b_sock.c: In function 'BIO_get_accept_socket':
crypto/bio/b_sock.c:211:13: warning: overflow in implicit constant conversion [-Woverflow]
int s = INVALID_SOCKET;
^
crypto/bio/b_sock.c:216:16: warning: overflow in implicit constant conversion [-Woverflow]
return INVALID_SOCKET;
^
crypto/bio/b_sock.c:219:16: warning: overflow in implicit constant conversion [-Woverflow]
return INVALID_SOCKET;
^
crypto/bio/b_sock.c:226:13: warning: overflow in implicit constant conversion [-Woverflow]
s = INVALID_SOCKET;
^
crypto/bio/b_sock.c:233:13: warning: overflow in implicit constant conversion [-Woverflow]
s = INVALID_SOCKET;
^
crypto/bio/b_sock2.c: In function 'BIO_socket':
crypto/bio/b_sock2.c:45:16: warning: overflow in implicit constant conversion [-Woverflow]
return INVALID_SOCKET;
^
crypto/bio/b_sock2.c:51:16: warning: overflow in implicit constant conversion [-Woverflow]
return INVALID_SOCKET;
^
crypto/bio/b_sock2.c: In function 'BIO_connect':
crypto/bio/b_sock2.c:90:56: warning: passing argument 4 of 'setsockopt' from incompatible pointer type [-Wincompatible-pointer-types]
if (setsockopt(sock, SOL_SOCKET, SO_KEEPALIVE, &on, sizeof(on)) != 0) {
^
In file included from ./e_os.h:218:0,
from crypto/bio/bio_lcl.h:11,
from crypto/bio/b_sock2.c:14:
/usr/x86_64-w64-mingw32/sys-root/mingw/include/winsock2.h:999:34: note: expected 'const char *' but argument is of type 'int *'
WINSOCK_API_LINKAGE int WSAAPI setsockopt(SOCKET s,int level,int optname,const char *optval,int optlen);
^
crypto/bio/b_sock2.c:98:56: warning: passing argument 4 of 'setsockopt' from incompatible pointer type [-Wincompatible-pointer-types]
if (setsockopt(sock, IPPROTO_TCP, TCP_NODELAY, &on, sizeof(on)) != 0) {
^
In file included from ./e_os.h:218:0,
from crypto/bio/bio_lcl.h:11,
from crypto/bio/b_sock2.c:14:
/usr/x86_64-w64-mingw32/sys-root/mingw/include/winsock2.h:999:34: note: expected 'const char *' but argument is of type 'int *'
WINSOCK_API_LINKAGE int WSAAPI setsockopt(SOCKET s,int level,int optname,const char *optval,int optlen);
^
crypto/bio/b_sock2.c: In function 'BIO_listen':
crypto/bio/b_sock2.c:164:47: warning: passing argument 4 of 'getsockopt' from incompatible pointer type [-Wincompatible-pointer-types]
if (getsockopt(sock, SOL_SOCKET, SO_TYPE, &socktype, &socktype_len) != 0
^
In file included from ./e_os.h:218:0,
from crypto/bio/bio_lcl.h:11,
from crypto/bio/b_sock2.c:14:
/usr/x86_64-w64-mingw32/sys-root/mingw/include/winsock2.h:980:34: note: expected 'char *' but argument is of type 'int *'
WINSOCK_API_LINKAGE int WSAAPI getsockopt(SOCKET s,int level,int optname,char *optval,int *optlen);
^
crypto/bio/b_sock2.c:187:56: warning: passing argument 4 of 'setsockopt' from incompatible pointer type [-Wincompatible-pointer-types]
if (setsockopt(sock, SOL_SOCKET, SO_KEEPALIVE, &on, sizeof(on)) != 0) {
^
In file included from ./e_os.h:218:0,
from crypto/bio/bio_lcl.h:11,
from crypto/bio/b_sock2.c:14:
/usr/x86_64-w64-mingw32/sys-root/mingw/include/winsock2.h:999:34: note: expected 'const char *' but argument is of type 'int *'
WINSOCK_API_LINKAGE int WSAAPI setsockopt(SOCKET s,int level,int optname,const char *optval,int optlen);
^
crypto/bio/b_sock2.c:195:56: warning: passing argument 4 of 'setsockopt' from incompatible pointer type [-Wincompatible-pointer-types]
if (setsockopt(sock, IPPROTO_TCP, TCP_NODELAY, &on, sizeof(on)) != 0) {
^
In file included from ./e_os.h:218:0,
from crypto/bio/bio_lcl.h:11,
from crypto/bio/b_sock2.c:14:
/usr/x86_64-w64-mingw32/sys-root/mingw/include/winsock2.h:999:34: note: expected 'const char *' but argument is of type 'int *'
WINSOCK_API_LINKAGE int WSAAPI setsockopt(SOCKET s,int level,int optname,const char *optval,int optlen);
^
crypto/bio/b_sock2.c:204:57: warning: passing argument 4 of 'setsockopt' from incompatible pointer type [-Wincompatible-pointer-types]
if (setsockopt(sock, IPPROTO_IPV6, IPV6_V6ONLY, &on, sizeof(on)) != 0) {
^
In file included from ./e_os.h:218:0,
from crypto/bio/bio_lcl.h:11,
from crypto/bio/b_sock2.c:14:
/usr/x86_64-w64-mingw32/sys-root/mingw/include/winsock2.h:999:34: note: expected 'const char *' but argument is of type 'int *'
WINSOCK_API_LINKAGE int WSAAPI setsockopt(SOCKET s,int level,int optname,const char *optval,int optlen);
^
crypto/bio/b_sock2.c: In function 'BIO_accept_ex':
crypto/bio/b_sock2.c:249:16: warning: overflow in implicit constant conversion [-Woverflow]
return INVALID_SOCKET;
^
crypto/bio/b_sock2.c:254:16: warning: overflow in implicit constant conversion [-Woverflow]
return INVALID_SOCKET;
^
In file included from crypto/bn/bn_print.c:15:0:
crypto/bn/bn_print.c: In function 'BN_bn2dec':
crypto/bn/bn_lcl.h:94:27: warning: unknown conversion type character 'l' in format [-Wformat=]
#  define BN_DEC_FMT1     "%llu"
^
crypto/bn/bn_print.c:104:37: note: in expansion of macro 'BN_DEC_FMT1'
BIO_snprintf(p, BUF_REMAIN, BN_DEC_FMT1, *lp);
^
crypto/bn/bn_lcl.h:94:27: warning: too many arguments for format [-Wformat-extra-args]
#  define BN_DEC_FMT1     "%llu"
^
crypto/bn/bn_print.c:104:37: note: in expansion of macro 'BN_DEC_FMT1'
BIO_snprintf(p, BUF_REMAIN, BN_DEC_FMT1, *lp);
^
crypto/bn/bn_lcl.h:95:27: warning: unknown conversion type character 'l' in format [-Wformat=]
#  define BN_DEC_FMT2     "%019llu"
^
crypto/bn/bn_print.c:109:41: note: in expansion of macro 'BN_DEC_FMT2'
BIO_snprintf(p, BUF_REMAIN, BN_DEC_FMT2, *lp);
^
crypto/bn/bn_lcl.h:95:27: warning: too many arguments for format [-Wformat-extra-args]
#  define BN_DEC_FMT2     "%019llu"
^
crypto/bn/bn_print.c:109:41: note: in expansion of macro 'BN_DEC_FMT2'
BIO_snprintf(p, BUF_REMAIN, BN_DEC_FMT2, *lp);
^
crypto/threads_win.c: In function 'CRYPTO_atomic_add':
crypto/threads_win.c:132:35: warning: passing argument 1 of '_InterlockedExchangeAdd' from incompatible pointer type [-Wincompatible-pointer-types]
*ret = InterlockedExchangeAdd(val, amount) + amount;
^
In file included from /usr/x86_64-w64-mingw32/sys-root/mingw/include/winnt.h:27:0,
from /usr/x86_64-w64-mingw32/sys-root/mingw/include/minwindef.h:163,
from /usr/x86_64-w64-mingw32/sys-root/mingw/include/windef.h:8,
from /usr/x86_64-w64-mingw32/sys-root/mingw/include/windows.h:69,
from crypto/threads_win.c:11:
/usr/x86_64-w64-mingw32/sys-root/mingw/include/psdk_inc/intrin-impl.h:1026:10: note: expected 'volatile long int *' but argument is of type 'int *'
__LONG32 _InterlockedExchangeAdd(__LONG32 volatile *Addend, __LONG32 Value) {
^
test/testutil/tests.c: In function 'test_size_t_eq':
test/testutil/tests.c:575:27: warning: unknown conversion type character 'z' in format [-Wformat=]
"[" fmt "] compared to [" fmt "]",            \
^
test/testutil/tests.c:581:5: note: in expansion of macro 'DEFINE_COMPARISON'
DEFINE_COMPARISON(type, name, eq, ==, fmt)                          \
^
test/testutil/tests.c:594:1: note: in expansion of macro 'DEFINE_COMPARISONS'
DEFINE_COMPARISONS(size_t, size_t, "%zu")
^
test/testutil/tests.c:575:27: warning: unknown conversion type character 'z' in format [-Wformat=]
"[" fmt "] compared to [" fmt "]",            \
^
test/testutil/tests.c:581:5: note: in expansion of macro 'DEFINE_COMPARISON'
DEFINE_COMPARISON(type, name, eq, ==, fmt)                          \
^
test/testutil/tests.c:594:1: note: in expansion of macro 'DEFINE_COMPARISONS'
DEFINE_COMPARISONS(size_t, size_t, "%zu")
^
test/testutil/tests.c:575:27: warning: too many arguments for format [-Wformat-extra-args]
"[" fmt "] compared to [" fmt "]",            \
^
test/testutil/tests.c:581:5: note: in expansion of macro 'DEFINE_COMPARISON'
DEFINE_COMPARISON(type, name, eq, ==, fmt)                          \
^
test/testutil/tests.c:594:1: note: in expansion of macro 'DEFINE_COMPARISONS'
DEFINE_COMPARISONS(size_t, size_t, "%zu")
^
test/testutil/tests.c: In function 'test_size_t_ne':
test/testutil/tests.c:575:27: warning: unknown conversion type character 'z' in format [-Wformat=]
"[" fmt "] compared to [" fmt "]",            \
^
test/testutil/tests.c:582:5: note: in expansion of macro 'DEFINE_COMPARISON'
DEFINE_COMPARISON(type, name, ne, !=, fmt)                          \
^
test/testutil/tests.c:594:1: note: in expansion of macro 'DEFINE_COMPARISONS'
DEFINE_COMPARISONS(size_t, size_t, "%zu")
^
test/testutil/tests.c:575:27: warning: unknown conversion type character 'z' in format [-Wformat=]
"[" fmt "] compared to [" fmt "]",            \
^
test/testutil/tests.c:582:5: note: in expansion of macro 'DEFINE_COMPARISON'
DEFINE_COMPARISON(type, name, ne, !=, fmt)                          \
^
test/testutil/tests.c:594:1: note: in expansion of macro 'DEFINE_COMPARISONS'
DEFINE_COMPARISONS(size_t, size_t, "%zu")
^
test/testutil/tests.c:575:27: warning: too many arguments for format [-Wformat-extra-args]
"[" fmt "] compared to [" fmt "]",            \
^
test/testutil/tests.c:582:5: note: in expansion of macro 'DEFINE_COMPARISON'
DEFINE_COMPARISON(type, name, ne, !=, fmt)                          \
^
test/testutil/tests.c:594:1: note: in expansion of macro 'DEFINE_COMPARISONS'
DEFINE_COMPARISONS(size_t, size_t, "%zu")
^
test/testutil/tests.c: In function 'test_size_t_lt':
test/testutil/tests.c:575:27: warning: unknown conversion type character 'z' in format [-Wformat=]
"[" fmt "] compared to [" fmt "]",            \
^
test/testutil/tests.c:583:5: note: in expansion of macro 'DEFINE_COMPARISON'
DEFINE_COMPARISON(type, name, lt, <, fmt)                           \
^
test/testutil/tests.c:594:1: note: in expansion of macro 'DEFINE_COMPARISONS'
DEFINE_COMPARISONS(size_t, size_t, "%zu")
^
test/testutil/tests.c:575:27: warning: unknown conversion type character 'z' in format [-Wformat=]
"[" fmt "] compared to [" fmt "]",            \
^
test/testutil/tests.c:583:5: note: in expansion of macro 'DEFINE_COMPARISON'
DEFINE_COMPARISON(type, name, lt, <, fmt)                           \
^
test/testutil/tests.c:594:1: note: in expansion of macro 'DEFINE_COMPARISONS'
DEFINE_COMPARISONS(size_t, size_t, "%zu")
^
test/testutil/tests.c:575:27: warning: too many arguments for format [-Wformat-extra-args]
"[" fmt "] compared to [" fmt "]",            \
^
test/testutil/tests.c:583:5: note: in expansion of macro 'DEFINE_COMPARISON'
DEFINE_COMPARISON(type, name, lt, <, fmt)                           \
^
test/testutil/tests.c:594:1: note: in expansion of macro 'DEFINE_COMPARISONS'
DEFINE_COMPARISONS(size_t, size_t, "%zu")
^
test/testutil/tests.c: In function 'test_size_t_le':
test/testutil/tests.c:575:27: warning: unknown conversion type character 'z' in format [-Wformat=]
"[" fmt "] compared to [" fmt "]",            \
^
test/testutil/tests.c:584:5: note: in expansion of macro 'DEFINE_COMPARISON'
DEFINE_COMPARISON(type, name, le, <=, fmt)                          \
^
test/testutil/tests.c:594:1: note: in expansion of macro 'DEFINE_COMPARISONS'
DEFINE_COMPARISONS(size_t, size_t, "%zu")
^
test/testutil/tests.c:575:27: warning: unknown conversion type character 'z' in format [-Wformat=]
"[" fmt "] compared to [" fmt "]",            \
^
test/testutil/tests.c:584:5: note: in expansion of macro 'DEFINE_COMPARISON'
DEFINE_COMPARISON(type, name, le, <=, fmt)                          \
^
test/testutil/tests.c:594:1: note: in expansion of macro 'DEFINE_COMPARISONS'
DEFINE_COMPARISONS(size_t, size_t, "%zu")
^
test/testutil/tests.c:575:27: warning: too many arguments for format [-Wformat-extra-args]
"[" fmt "] compared to [" fmt "]",            \
^
test/testutil/tests.c:584:5: note: in expansion of macro 'DEFINE_COMPARISON'
DEFINE_COMPARISON(type, name, le, <=, fmt)                          \
^
test/testutil/tests.c:594:1: note: in expansion of macro 'DEFINE_COMPARISONS'
DEFINE_COMPARISONS(size_t, size_t, "%zu")
^
test/testutil/tests.c: In function 'test_size_t_gt':
test/testutil/tests.c:575:27: warning: unknown conversion type character 'z' in format [-Wformat=]
"[" fmt "] compared to [" fmt "]",            \
^
test/testutil/tests.c:585:5: note: in expansion of macro 'DEFINE_COMPARISON'
DEFINE_COMPARISON(type, name, gt, >, fmt)                           \
^
test/testutil/tests.c:594:1: note: in expansion of macro 'DEFINE_COMPARISONS'
DEFINE_COMPARISONS(size_t, size_t, "%zu")
^
test/testutil/tests.c:575:27: warning: unknown conversion type character 'z' in format [-Wformat=]
"[" fmt "] compared to [" fmt "]",            \
^
test/testutil/tests.c:585:5: note: in expansion of macro 'DEFINE_COMPARISON'
DEFINE_COMPARISON(type, name, gt, >, fmt)                           \
^
test/testutil/tests.c:594:1: note: in expansion of macro 'DEFINE_COMPARISONS'
DEFINE_COMPARISONS(size_t, size_t, "%zu")
^
test/testutil/tests.c:575:27: warning: too many arguments for format [-Wformat-extra-args]
"[" fmt "] compared to [" fmt "]",            \
^
test/testutil/tests.c:585:5: note: in expansion of macro 'DEFINE_COMPARISON'
DEFINE_COMPARISON(type, name, gt, >, fmt)                           \
^
test/testutil/tests.c:594:1: note: in expansion of macro 'DEFINE_COMPARISONS'
DEFINE_COMPARISONS(size_t, size_t, "%zu")
^
test/testutil/tests.c: In function 'test_size_t_ge':
test/testutil/tests.c:575:27: warning: unknown conversion type character 'z' in format [-Wformat=]
"[" fmt "] compared to [" fmt "]",            \
^
test/testutil/tests.c:586:5: note: in expansion of macro 'DEFINE_COMPARISON'
DEFINE_COMPARISON(type, name, ge, >=, fmt)
^
test/testutil/tests.c:594:1: note: in expansion of macro 'DEFINE_COMPARISONS'
DEFINE_COMPARISONS(size_t, size_t, "%zu")
^
test/testutil/tests.c:575:27: warning: unknown conversion type character 'z' in format [-Wformat=]
"[" fmt "] compared to [" fmt "]",            \
^
test/testutil/tests.c:586:5: note: in expansion of macro 'DEFINE_COMPARISON'
DEFINE_COMPARISON(type, name, ge, >=, fmt)
^
test/testutil/tests.c:594:1: note: in expansion of macro 'DEFINE_COMPARISONS'
DEFINE_COMPARISONS(size_t, size_t, "%zu")
^
test/testutil/tests.c:575:27: warning: too many arguments for format [-Wformat-extra-args]
"[" fmt "] compared to [" fmt "]",            \
^
test/testutil/tests.c:586:5: note: in expansion of macro 'DEFINE_COMPARISON'
DEFINE_COMPARISON(type, name, ge, >=, fmt)
^
test/testutil/tests.c:594:1: note: in expansion of macro 'DEFINE_COMPARISONS'
DEFINE_COMPARISONS(size_t, size_t, "%zu")
^
WARNING: (24620,15): '=' cannot be used in patterns.
WARNING: (24620,15): 'if' cannot be used in patterns.
WARNING: (24856,15): '=' cannot be used in patterns.
WARNING: (24856,15): 'if' cannot be used in patterns.
WARNING: (31230,16): '=' cannot be used in patterns.
WARNING: (31230,16): 'if' cannot be used in patterns.
WARNING: (31407,16): '=' cannot be used in patterns.
WARNING: (31407,16): 'if' cannot be used in patterns.
WARNING: (28563,16): '=' cannot be used in patterns.
WARNING: (28563,16): 'if' cannot be used in patterns.
WARNING: (28740,16): '=' cannot be used in patterns.
WARNING: (28740,16): 'if' cannot be used in patterns.
WARNING: (27859,15): '=' cannot be used in patterns.
WARNING: (27859,15): 'if' cannot be used in patterns.
WARNING: (247439,15): '=' cannot be used in patterns.
WARNING: (247439,15): 'if' cannot be used in patterns.
.\aead\Crypto.AEAD.Wrappers.CMA.fst(80,0-88,70): (Error) Unknown assertion failed
Verified module: Crypto.AEAD.Wrappers.CMA (350146 milliseconds)
1 error was reported (see above)
make[2]: *** [Makefile:175: aead/Crypto.AEAD.Wrappers.CMA.fst-ver] Error 1
make[2]: *** Waiting for unfinished jobs....
WARNING: (26757,15): '=' cannot be used in patterns.
WARNING: (26757,15): 'if' cannot be used in patterns.
WARNING: (248555,15): '=' cannot be used in patterns.
WARNING: (248555,15): 'if' cannot be used in patterns.
WARNING: (24342,15): '=' cannot be used in patterns.
WARNING: (24342,15): 'if' cannot be used in patterns.
make[1]: *** [Makefile:66: verify-crypto] Error 2
make[1]: *** Waiting for unfinished jobs....
WARNING: (27644,15): '=' cannot be used in patterns.
WARNING: (27644,15): 'if' cannot be used in patterns.
WARNING: (248705,15): '=' cannot be used in patterns.
WARNING: (248705,15): 'if' cannot be used in patterns.
WARNING: (257062,15): '=' cannot be used in patterns.
WARNING: (257062,15): 'if' cannot be used in patterns.
.\Hacl.Hash.SHA2_512.fst(932,0-962,52): (Error) Unknown assertion failed
Verified module: Hacl.Hash.SHA2_512 (5290334 milliseconds)
1 error was reported (see above)
make[3]: *** [../Makefile.include:108: Hacl.Hash.SHA2_512.fst-verify] Error 1
make[2]: *** [Makefile:15: hash-ci] Error 2
make[2]: *** Waiting for unfinished jobs....
