Warning: you are using the standard library and/or the %inline keyword. We
recommend switching on --infer in order to avoid obscure type error messages.
dos2unix: converting file parse.mly to Unix format...
File "src/basic/ml/FStar_Util.ml", line 47, characters 57-65:
Warning 40: st_mtime was selected from type BatUnix.stats.
It is not visible in the current scope, and will not 
be selected if the type becomes unknown.
File "src/basic/ml/FStar_Util.ml", line 47, characters 57-65:
Warning 40: st_mtime was selected from type BatUnix.stats.
It is not visible in the current scope, and will not 
be selected if the type becomes unknown.
File "CoreCrypto.ml", line 526, characters 24-144:
Warning 8: this pattern-matching is not exhaustive.
Here is an example of a value that is not matched:
ECC_X448
make[3]: lax: Command not found
make[3]: [Makefile:14: Hacl.HMAC.SHA2_256.fst-ct] Error 127 (ignored)
Warning: in utils/Crypto.Symmetric.Bytes.fst: no modules in namespace Buffer.Utils and no file with that name either
Warning: no modules in namespace Buffer.Utils and no file with that name either
.\utils\Crypto.Symmetric.Bytes.fst(20,12-20,17): (Error) Namespace Buffer.Utils cannot be found
1 error was reported (see above)
make[2]: *** [Makefile:175: utils/Crypto.Symmetric.Bytes.fst-ver] Error 1
make[2]: *** Waiting for unfinished jobs....
File "ulib/ml/extracted/FStar_IndefiniteDescription.ml", line 7, characters 31-33:
Warning 20: this argument will not be used by the function.
File "ulib/ml/extracted/FStar_Tactics.ml", line 353, characters 45-46:
Warning 20: this argument will not be used by the function.
File "ulib/ml/extracted/FStar_Util.ml", line 2, characters 40-41:
Warning 20: this argument will not be used by the function.
File "ulib/ml/extracted/FStar_Util.ml", line 2, characters 42-43:
Warning 20: this argument will not be used by the function.
File "ulib/ml/extracted/FStar_Util.ml", line 3, characters 64-65:
Warning 20: this argument will not be used by the function.
File "ulib/ml/extracted/FStar_Util.ml", line 5, characters 37-38:
Warning 20: this argument will not be used by the function.
File "ulib/ml/extracted/FStar_Util.ml", line 5, characters 62-63:
Warning 20: this argument will not be used by the function.
File "ulib/ml/extracted/FStar_IndefiniteDescription.ml", line 7, characters 31-33:
Warning 20: this argument will not be used by the function.
File "ulib/ml/extracted/FStar_Tactics.ml", line 353, characters 45-46:
Warning 20: this argument will not be used by the function.
File "ulib/ml/extracted/FStar_Util.ml", line 2, characters 40-41:
Warning 20: this argument will not be used by the function.
File "ulib/ml/extracted/FStar_Util.ml", line 2, characters 42-43:
Warning 20: this argument will not be used by the function.
File "ulib/ml/extracted/FStar_Util.ml", line 3, characters 64-65:
Warning 20: this argument will not be used by the function.
File "ulib/ml/extracted/FStar_Util.ml", line 5, characters 37-38:
Warning 20: this argument will not be used by the function.
File "ulib/ml/extracted/FStar_Util.ml", line 5, characters 62-63:
Warning 20: this argument will not be used by the function.
Warning 3: run_or_warn: the following command failed:
C:/Build/Agent2/_work/13/s/dependencies/FStar/bin/fstar.exe --odir poly-c --codegen Kremlin --lax --no_extract FStar.Math.Lib --no_extract FStar.HyperHeap --no_extract FStar.HyperStack --no_extract FStar.HyperStack.ST --no_extract FStar.Seq.Base --no_extract FStar.UInt128 --no_extract FStar.Int128 --no_extract FStar.UInt64 --no_extract FStar.Int64 --no_extract FStar.UInt63 --no_extract FStar.Int63 --no_extract FStar.UInt32 --no_extract FStar.Int32 --no_extract FStar.UInt31 --no_extract FStar.Int31 --no_extract FStar.UInt16 --no_extract FStar.Int16 --no_extract FStar.UInt8 --no_extract FStar.Int8 --trace_error --include C:/Build/Agent2/_work/13/s/dependencies/kremlin/kremlib ../bignum/Hacl.Spec.Bignum.Field.fst ../bignum/Hacl.Bignum.Limb.fst ../bignum/Hacl.Bignum.Wide.fst ../bignum/Hacl.Spec.Bignum.Bigint.fst ../bignum/Hacl.Spec.Bignum.Fsum.fst ../bignum/Hacl.Spec.Bignum.Fproduct.fst ../bignum/Hacl.Spec.Bignum.Fmul.fst ../bignum/Hacl.Bignum.Fsum.fst ../bignum/Hacl.Bignum.Fproduct.fst ../bignum/Hacl.Bignum.Fmul.fst Hacl.Bignum.Constants.fst Hacl.Bignum.Parameters.fst Hacl.Spec.Bignum.Modulo.fst Hacl.Spec.Bignum.AddAndMultiply.fst ../../specs/Spec.Poly1305.fst Hacl.Spec.Poly1305_64.fst Hacl.Spe.Poly1305_64.fst Hacl.Bignum.Modulo.fst Hacl.Bignum.AddAndMultiply.fst Hacl.Impl.Poly1305_64.fst Hacl.Standalone.Poly1305_64.fst Poly1305_64.fst Hacl.Spec.Poly1305_64.Lemmas1.fst AEAD.Poly1305_64.fst Hacl.Test.Poly1305_64.fst
F* failed
Fatal error: exception Warnings.Fatal("Unrecoverable error")
Raised at file "src/Warnings.ml", line 47, characters 10-39
Called from file "src/Driver.ml", line 279, characters 6-29
Called from file "src/Kremlin.ml", line 276, characters 14-96
make[4]: *** [Makefile:84: poly-c/out.krml] Error 2
make[3]: *** [Makefile:6: poly1305-c] Error 2
make[2]: *** [Makefile:30: extract-c-code] Error 2
make[1]: *** [Makefile:49: extract-all-c] Error 2
make[1]: *** Waiting for unfinished jobs....
make[1]: *** [Makefile:66: verify-crypto] Error 2
WARNING: (24620,15): '=' cannot be used in patterns.
WARNING: (24620,15): 'if' cannot be used in patterns.
WARNING: (24856,15): '=' cannot be used in patterns.
WARNING: (24856,15): 'if' cannot be used in patterns.
WARNING: (31230,16): '=' cannot be used in patterns.
WARNING: (31230,16): 'if' cannot be used in patterns.
WARNING: (31407,16): '=' cannot be used in patterns.
WARNING: (31407,16): 'if' cannot be used in patterns.
WARNING: (28563,16): '=' cannot be used in patterns.
WARNING: (28563,16): 'if' cannot be used in patterns.
WARNING: (28740,16): '=' cannot be used in patterns.
WARNING: (28740,16): 'if' cannot be used in patterns.
WARNING: (27859,15): '=' cannot be used in patterns.
WARNING: (27859,15): 'if' cannot be used in patterns.
WARNING: (247439,15): '=' cannot be used in patterns.
WARNING: (247439,15): 'if' cannot be used in patterns.
WARNING: (24342,15): '=' cannot be used in patterns.
WARNING: (24342,15): 'if' cannot be used in patterns.
WARNING: (26757,15): '=' cannot be used in patterns.
WARNING: (26757,15): 'if' cannot be used in patterns.
WARNING: (248555,15): '=' cannot be used in patterns.
WARNING: (248555,15): 'if' cannot be used in patterns.
WARNING: (27644,15): '=' cannot be used in patterns.
WARNING: (27644,15): 'if' cannot be used in patterns.
WARNING: (248705,15): '=' cannot be used in patterns.
WARNING: (248705,15): 'if' cannot be used in patterns.
WARNING: (257062,15): '=' cannot be used in patterns.
WARNING: (257062,15): 'if' cannot be used in patterns.
.\Hacl.Hash.SHA2_512.fst(932,0-962,52): (Error) Unknown assertion failed
Verified module: Hacl.Hash.SHA2_512 (5553068 milliseconds)
1 error was reported (see above)
make[3]: *** [../Makefile.include:108: Hacl.Hash.SHA2_512.fst-verify] Error 1
make[2]: *** [Makefile:15: hash-ci] Error 2
make[2]: *** Waiting for unfinished jobs....
