Warning: you are using the standard library and/or the %inline keyword. We
recommend switching on --infer in order to avoid obscure type error messages.
warning: CRLF will be replaced by LF in doc/slides/popl2015/intro-tiny-fstar.mdk.
The file will have its original line endings in your working directory.
warning: CRLF will be replaced by LF in doc/slides/popl2015/overview-presentation.mdk.
The file will have its original line endings in your working directory.
File "src/basic/ml/FStar_Util.ml", line 47, characters 57-65:
Warning 40: st_mtime was selected from type BatUnix.stats.
It is not visible in the current scope, and will not 
be selected if the type becomes unknown.
File "src/basic/ml/FStar_Util.ml", line 47, characters 57-65:
Warning 40: st_mtime was selected from type BatUnix.stats.
It is not visible in the current scope, and will not 
be selected if the type becomes unknown.
make[1]: warning: jobserver unavailable: using -j1.  Add '+' to parent make rule.
make[1]: warning: jobserver unavailable: using -j1.  Add '+' to parent make rule.
File "CoreCrypto.ml", line 526, characters 24-144:
Warning 8: this pattern-matching is not exhaustive.
Here is an example of a value that is not matched:
ECC_X448
make[1]: warning: jobserver unavailable: using -j1.  Add '+' to parent make rule.
crypto/asn1/x_int64.c: In function 'uint64_print':
crypto/asn1/x_int64.c:105:32: warning: unknown conversion type character 'j' in format [-Wformat=]
return BIO_printf(out, "%jd\n", **(int64_t **)pval);
^
crypto/asn1/x_int64.c:105:32: warning: too many arguments for format [-Wformat-extra-args]
crypto/asn1/x_int64.c:106:28: warning: unknown conversion type character 'j' in format [-Wformat=]
return BIO_printf(out, "%ju\n", **(uint64_t **)pval);
^
crypto/asn1/x_int64.c:106:28: warning: too many arguments for format [-Wformat-extra-args]
crypto/bio/b_sock.c: In function 'BIO_get_accept_socket':
crypto/bio/b_sock.c:214:13: warning: overflow in implicit constant conversion [-Woverflow]
int s = INVALID_SOCKET;
^
crypto/bio/b_sock.c:219:16: warning: overflow in implicit constant conversion [-Woverflow]
return INVALID_SOCKET;
^
crypto/bio/b_sock.c:222:16: warning: overflow in implicit constant conversion [-Woverflow]
return INVALID_SOCKET;
^
crypto/bio/b_sock.c:229:13: warning: overflow in implicit constant conversion [-Woverflow]
s = INVALID_SOCKET;
^
crypto/bio/b_sock.c:236:13: warning: overflow in implicit constant conversion [-Woverflow]
s = INVALID_SOCKET;
^
crypto/bio/b_sock2.c: In function 'BIO_socket':
crypto/bio/b_sock2.c:45:16: warning: overflow in implicit constant conversion [-Woverflow]
return INVALID_SOCKET;
^
crypto/bio/b_sock2.c:51:16: warning: overflow in implicit constant conversion [-Woverflow]
return INVALID_SOCKET;
^
crypto/bio/b_sock2.c: In function 'BIO_connect':
crypto/bio/b_sock2.c:90:56: warning: passing argument 4 of 'setsockopt' from incompatible pointer type [-Wincompatible-pointer-types]
if (setsockopt(sock, SOL_SOCKET, SO_KEEPALIVE, &on, sizeof(on)) != 0) {
^
In file included from ./e_os.h:217:0,
from crypto/bio/bio_lcl.h:11,
from crypto/bio/b_sock2.c:14:
/usr/x86_64-w64-mingw32/sys-root/mingw/include/winsock2.h:999:34: note: expected 'const char *' but argument is of type 'int *'
WINSOCK_API_LINKAGE int WSAAPI setsockopt(SOCKET s,int level,int optname,const char *optval,int optlen);
^
crypto/bio/b_sock2.c:98:56: warning: passing argument 4 of 'setsockopt' from incompatible pointer type [-Wincompatible-pointer-types]
if (setsockopt(sock, IPPROTO_TCP, TCP_NODELAY, &on, sizeof(on)) != 0) {
^
In file included from ./e_os.h:217:0,
from crypto/bio/bio_lcl.h:11,
from crypto/bio/b_sock2.c:14:
/usr/x86_64-w64-mingw32/sys-root/mingw/include/winsock2.h:999:34: note: expected 'const char *' but argument is of type 'int *'
WINSOCK_API_LINKAGE int WSAAPI setsockopt(SOCKET s,int level,int optname,const char *optval,int optlen);
^
crypto/bio/b_sock2.c: In function 'BIO_listen':
crypto/bio/b_sock2.c:164:47: warning: passing argument 4 of 'getsockopt' from incompatible pointer type [-Wincompatible-pointer-types]
if (getsockopt(sock, SOL_SOCKET, SO_TYPE, &socktype, &socktype_len) != 0
^
In file included from ./e_os.h:217:0,
from crypto/bio/bio_lcl.h:11,
from crypto/bio/b_sock2.c:14:
/usr/x86_64-w64-mingw32/sys-root/mingw/include/winsock2.h:980:34: note: expected 'char *' but argument is of type 'int *'
WINSOCK_API_LINKAGE int WSAAPI getsockopt(SOCKET s,int level,int optname,char *optval,int *optlen);
^
crypto/bio/b_sock2.c:187:56: warning: passing argument 4 of 'setsockopt' from incompatible pointer type [-Wincompatible-pointer-types]
if (setsockopt(sock, SOL_SOCKET, SO_KEEPALIVE, &on, sizeof(on)) != 0) {
^
In file included from ./e_os.h:217:0,
from crypto/bio/bio_lcl.h:11,
from crypto/bio/b_sock2.c:14:
/usr/x86_64-w64-mingw32/sys-root/mingw/include/winsock2.h:999:34: note: expected 'const char *' but argument is of type 'int *'
WINSOCK_API_LINKAGE int WSAAPI setsockopt(SOCKET s,int level,int optname,const char *optval,int optlen);
^
crypto/bio/b_sock2.c:195:56: warning: passing argument 4 of 'setsockopt' from incompatible pointer type [-Wincompatible-pointer-types]
if (setsockopt(sock, IPPROTO_TCP, TCP_NODELAY, &on, sizeof(on)) != 0) {
^
In file included from ./e_os.h:217:0,
from crypto/bio/bio_lcl.h:11,
from crypto/bio/b_sock2.c:14:
/usr/x86_64-w64-mingw32/sys-root/mingw/include/winsock2.h:999:34: note: expected 'const char *' but argument is of type 'int *'
WINSOCK_API_LINKAGE int WSAAPI setsockopt(SOCKET s,int level,int optname,const char *optval,int optlen);
^
crypto/bio/b_sock2.c:204:57: warning: passing argument 4 of 'setsockopt' from incompatible pointer type [-Wincompatible-pointer-types]
if (setsockopt(sock, IPPROTO_IPV6, IPV6_V6ONLY, &on, sizeof(on)) != 0) {
^
In file included from ./e_os.h:217:0,
from crypto/bio/bio_lcl.h:11,
from crypto/bio/b_sock2.c:14:
/usr/x86_64-w64-mingw32/sys-root/mingw/include/winsock2.h:999:34: note: expected 'const char *' but argument is of type 'int *'
WINSOCK_API_LINKAGE int WSAAPI setsockopt(SOCKET s,int level,int optname,const char *optval,int optlen);
^
crypto/bio/b_sock2.c: In function 'BIO_accept_ex':
crypto/bio/b_sock2.c:249:16: warning: overflow in implicit constant conversion [-Woverflow]
return INVALID_SOCKET;
^
crypto/bio/b_sock2.c:254:16: warning: overflow in implicit constant conversion [-Woverflow]
return INVALID_SOCKET;
^
In file included from crypto/bn/bn_print.c:15:0:
crypto/bn/bn_print.c: In function 'BN_bn2dec':
crypto/bn/bn_lcl.h:94:27: warning: unknown conversion type character 'l' in format [-Wformat=]
#  define BN_DEC_FMT1     "%llu"
^
crypto/bn/bn_print.c:106:37: note: in expansion of macro 'BN_DEC_FMT1'
BIO_snprintf(p, BUF_REMAIN, BN_DEC_FMT1, *lp);
^
crypto/bn/bn_lcl.h:94:27: warning: too many arguments for format [-Wformat-extra-args]
#  define BN_DEC_FMT1     "%llu"
^
crypto/bn/bn_print.c:106:37: note: in expansion of macro 'BN_DEC_FMT1'
BIO_snprintf(p, BUF_REMAIN, BN_DEC_FMT1, *lp);
^
crypto/bn/bn_lcl.h:95:27: warning: unknown conversion type character 'l' in format [-Wformat=]
#  define BN_DEC_FMT2     "%019llu"
^
crypto/bn/bn_print.c:111:41: note: in expansion of macro 'BN_DEC_FMT2'
BIO_snprintf(p, BUF_REMAIN, BN_DEC_FMT2, *lp);
^
crypto/bn/bn_lcl.h:95:27: warning: too many arguments for format [-Wformat-extra-args]
#  define BN_DEC_FMT2     "%019llu"
^
crypto/bn/bn_print.c:111:41: note: in expansion of macro 'BN_DEC_FMT2'
BIO_snprintf(p, BUF_REMAIN, BN_DEC_FMT2, *lp);
^
crypto/threads_win.c: In function 'CRYPTO_atomic_add':
crypto/threads_win.c:132:35: warning: passing argument 1 of '_InterlockedExchangeAdd' from incompatible pointer type [-Wincompatible-pointer-types]
*ret = InterlockedExchangeAdd(val, amount) + amount;
^
In file included from /usr/x86_64-w64-mingw32/sys-root/mingw/include/winnt.h:27:0,
from /usr/x86_64-w64-mingw32/sys-root/mingw/include/minwindef.h:163,
from /usr/x86_64-w64-mingw32/sys-root/mingw/include/windef.h:8,
from /usr/x86_64-w64-mingw32/sys-root/mingw/include/windows.h:69,
from crypto/threads_win.c:11:
/usr/x86_64-w64-mingw32/sys-root/mingw/include/psdk_inc/intrin-impl.h:1026:10: note: expected 'volatile long int *' but argument is of type 'int *'
__LONG32 _InterlockedExchangeAdd(__LONG32 volatile *Addend, __LONG32 Value) {
^
openssl_stub.c: In function ‘ocaml_openssl_init’:
openssl_stub.c:93:3: warning: implicit declaration of function ‘OPENSSL_config’ [-Wimplicit-function-declaration]
OPENSSL_config("CoreCrypto");
^
openssl_stub.c: In function ‘ocaml_rsa_gen_key’:
openssl_stub.c:668:23: warning: passing argument 2 of ‘RSA_get0_key’ from incompatible pointer type [-Wincompatible-pointer-types]
RSA_get0_key(rsa, &b_n, &b_e, &b_d);
^
In file included from openssl_stub.c:22:0:
openssl/include/openssl/rsa.h:194:6: note: expected ‘const BIGNUM ** {aka const struct bignum_st **}’ but argument is of type ‘BIGNUM ** {aka struct bignum_st **}’
void RSA_get0_key(const RSA *r,
^
openssl_stub.c:668:29: warning: passing argument 3 of ‘RSA_get0_key’ from incompatible pointer type [-Wincompatible-pointer-types]
RSA_get0_key(rsa, &b_n, &b_e, &b_d);
^
In file included from openssl_stub.c:22:0:
openssl/include/openssl/rsa.h:194:6: note: expected ‘const BIGNUM ** {aka const struct bignum_st **}’ but argument is of type ‘BIGNUM ** {aka struct bignum_st **}’
void RSA_get0_key(const RSA *r,
^
openssl_stub.c:668:35: warning: passing argument 4 of ‘RSA_get0_key’ from incompatible pointer type [-Wincompatible-pointer-types]
RSA_get0_key(rsa, &b_n, &b_e, &b_d);
^
In file included from openssl_stub.c:22:0:
openssl/include/openssl/rsa.h:194:6: note: expected ‘const BIGNUM ** {aka const struct bignum_st **}’ but argument is of type ‘BIGNUM ** {aka struct bignum_st **}’
void RSA_get0_key(const RSA *r,
^
openssl_stub.c: In function ‘ocaml_rsa_get_key’:
openssl_stub.c:779:21: warning: passing argument 2 of ‘RSA_get0_key’ from incompatible pointer type [-Wincompatible-pointer-types]
RSA_get0_key(rsa, &b_n, &b_e, &b_d);
^
In file included from openssl_stub.c:22:0:
openssl/include/openssl/rsa.h:194:6: note: expected ‘const BIGNUM ** {aka const struct bignum_st **}’ but argument is of type ‘BIGNUM ** {aka struct bignum_st **}’
void RSA_get0_key(const RSA *r,
^
openssl_stub.c:779:27: warning: passing argument 3 of ‘RSA_get0_key’ from incompatible pointer type [-Wincompatible-pointer-types]
RSA_get0_key(rsa, &b_n, &b_e, &b_d);
^
In file included from openssl_stub.c:22:0:
openssl/include/openssl/rsa.h:194:6: note: expected ‘const BIGNUM ** {aka const struct bignum_st **}’ but argument is of type ‘BIGNUM ** {aka struct bignum_st **}’
void RSA_get0_key(const RSA *r,
^
openssl_stub.c:779:33: warning: passing argument 4 of ‘RSA_get0_key’ from incompatible pointer type [-Wincompatible-pointer-types]
RSA_get0_key(rsa, &b_n, &b_e, &b_d);
^
In file included from openssl_stub.c:22:0:
openssl/include/openssl/rsa.h:194:6: note: expected ‘const BIGNUM ** {aka const struct bignum_st **}’ but argument is of type ‘BIGNUM ** {aka struct bignum_st **}’
void RSA_get0_key(const RSA *r,
^
openssl_stub.c: In function ‘ocaml_rsa_encrypt’:
openssl_stub.c:823:23: warning: passing argument 2 of ‘RSA_get0_key’ from incompatible pointer type [-Wincompatible-pointer-types]
RSA_get0_key(rsa, &b_n, &b_e, &b_d);
^
In file included from openssl_stub.c:22:0:
openssl/include/openssl/rsa.h:194:6: note: expected ‘const BIGNUM ** {aka const struct bignum_st **}’ but argument is of type ‘BIGNUM ** {aka struct bignum_st **}’
void RSA_get0_key(const RSA *r,
^
openssl_stub.c:823:29: warning: passing argument 3 of ‘RSA_get0_key’ from incompatible pointer type [-Wincompatible-pointer-types]
RSA_get0_key(rsa, &b_n, &b_e, &b_d);
^
In file included from openssl_stub.c:22:0:
openssl/include/openssl/rsa.h:194:6: note: expected ‘const BIGNUM ** {aka const struct bignum_st **}’ but argument is of type ‘BIGNUM ** {aka struct bignum_st **}’
void RSA_get0_key(const RSA *r,
^
openssl_stub.c:823:35: warning: passing argument 4 of ‘RSA_get0_key’ from incompatible pointer type [-Wincompatible-pointer-types]
RSA_get0_key(rsa, &b_n, &b_e, &b_d);
^
In file included from openssl_stub.c:22:0:
openssl/include/openssl/rsa.h:194:6: note: expected ‘const BIGNUM ** {aka const struct bignum_st **}’ but argument is of type ‘BIGNUM ** {aka struct bignum_st **}’
void RSA_get0_key(const RSA *r,
^
openssl_stub.c: In function ‘ocaml_rsa_decrypt’:
openssl_stub.c:878:23: warning: passing argument 2 of ‘RSA_get0_key’ from incompatible pointer type [-Wincompatible-pointer-types]
RSA_get0_key(rsa, &b_n, &b_e, &b_d);
^
In file included from openssl_stub.c:22:0:
openssl/include/openssl/rsa.h:194:6: note: expected ‘const BIGNUM ** {aka const struct bignum_st **}’ but argument is of type ‘BIGNUM ** {aka struct bignum_st **}’
void RSA_get0_key(const RSA *r,
^
openssl_stub.c:878:29: warning: passing argument 3 of ‘RSA_get0_key’ from incompatible pointer type [-Wincompatible-pointer-types]
RSA_get0_key(rsa, &b_n, &b_e, &b_d);
^
In file included from openssl_stub.c:22:0:
openssl/include/openssl/rsa.h:194:6: note: expected ‘const BIGNUM ** {aka const struct bignum_st **}’ but argument is of type ‘BIGNUM ** {aka struct bignum_st **}’
void RSA_get0_key(const RSA *r,
^
openssl_stub.c:878:35: warning: passing argument 4 of ‘RSA_get0_key’ from incompatible pointer type [-Wincompatible-pointer-types]
RSA_get0_key(rsa, &b_n, &b_e, &b_d);
^
In file included from openssl_stub.c:22:0:
openssl/include/openssl/rsa.h:194:6: note: expected ‘const BIGNUM ** {aka const struct bignum_st **}’ but argument is of type ‘BIGNUM ** {aka struct bignum_st **}’
void RSA_get0_key(const RSA *r,
^
openssl_stub.c: In function ‘ocaml_rsa_sign’:
openssl_stub.c:922:23: warning: passing argument 2 of ‘RSA_get0_key’ from incompatible pointer type [-Wincompatible-pointer-types]
RSA_get0_key(rsa, &b_n, &b_e, &b_d);
^
In file included from openssl_stub.c:22:0:
openssl/include/openssl/rsa.h:194:6: note: expected ‘const BIGNUM ** {aka const struct bignum_st **}’ but argument is of type ‘BIGNUM ** {aka struct bignum_st **}’
void RSA_get0_key(const RSA *r,
^
openssl_stub.c:922:29: warning: passing argument 3 of ‘RSA_get0_key’ from incompatible pointer type [-Wincompatible-pointer-types]
RSA_get0_key(rsa, &b_n, &b_e, &b_d);
^
In file included from openssl_stub.c:22:0:
openssl/include/openssl/rsa.h:194:6: note: expected ‘const BIGNUM ** {aka const struct bignum_st **}’ but argument is of type ‘BIGNUM ** {aka struct bignum_st **}’
void RSA_get0_key(const RSA *r,
^
openssl_stub.c:922:35: warning: passing argument 4 of ‘RSA_get0_key’ from incompatible pointer type [-Wincompatible-pointer-types]
RSA_get0_key(rsa, &b_n, &b_e, &b_d);
^
In file included from openssl_stub.c:22:0:
openssl/include/openssl/rsa.h:194:6: note: expected ‘const BIGNUM ** {aka const struct bignum_st **}’ but argument is of type ‘BIGNUM ** {aka struct bignum_st **}’
void RSA_get0_key(const RSA *r,
^
openssl_stub.c: In function ‘ocaml_rsa_verify’:
openssl_stub.c:975:23: warning: passing argument 2 of ‘RSA_get0_key’ from incompatible pointer type [-Wincompatible-pointer-types]
RSA_get0_key(rsa, &b_n, &b_e, &b_d);
^
In file included from openssl_stub.c:22:0:
openssl/include/openssl/rsa.h:194:6: note: expected ‘const BIGNUM ** {aka const struct bignum_st **}’ but argument is of type ‘BIGNUM ** {aka struct bignum_st **}’
void RSA_get0_key(const RSA *r,
^
openssl_stub.c:975:29: warning: passing argument 3 of ‘RSA_get0_key’ from incompatible pointer type [-Wincompatible-pointer-types]
RSA_get0_key(rsa, &b_n, &b_e, &b_d);
^
In file included from openssl_stub.c:22:0:
openssl/include/openssl/rsa.h:194:6: note: expected ‘const BIGNUM ** {aka const struct bignum_st **}’ but argument is of type ‘BIGNUM ** {aka struct bignum_st **}’
void RSA_get0_key(const RSA *r,
^
openssl_stub.c:975:35: warning: passing argument 4 of ‘RSA_get0_key’ from incompatible pointer type [-Wincompatible-pointer-types]
RSA_get0_key(rsa, &b_n, &b_e, &b_d);
^
In file included from openssl_stub.c:22:0:
openssl/include/openssl/rsa.h:194:6: note: expected ‘const BIGNUM ** {aka const struct bignum_st **}’ but argument is of type ‘BIGNUM ** {aka struct bignum_st **}’
void RSA_get0_key(const RSA *r,
^
openssl_stub.c: In function ‘ocaml_dsa_gen_params’:
openssl_stub.c:1087:23: warning: passing argument 2 of ‘DSA_get0_pqg’ from incompatible pointer type [-Wincompatible-pointer-types]
DSA_get0_pqg(dsa, &b_p, &b_q, &b_g);
^
In file included from openssl_stub.c:23:0:
openssl/include/openssl/dsa.h:173:6: note: expected ‘const BIGNUM ** {aka const struct bignum_st **}’ but argument is of type ‘BIGNUM ** {aka struct bignum_st **}’
void DSA_get0_pqg(const DSA *d,
^
openssl_stub.c:1087:29: warning: passing argument 3 of ‘DSA_get0_pqg’ from incompatible pointer type [-Wincompatible-pointer-types]
DSA_get0_pqg(dsa, &b_p, &b_q, &b_g);
^
In file included from openssl_stub.c:23:0:
openssl/include/openssl/dsa.h:173:6: note: expected ‘const BIGNUM ** {aka const struct bignum_st **}’ but argument is of type ‘BIGNUM ** {aka struct bignum_st **}’
void DSA_get0_pqg(const DSA *d,
^
openssl_stub.c:1087:35: warning: passing argument 4 of ‘DSA_get0_pqg’ from incompatible pointer type [-Wincompatible-pointer-types]
DSA_get0_pqg(dsa, &b_p, &b_q, &b_g);
^
In file included from openssl_stub.c:23:0:
openssl/include/openssl/dsa.h:173:6: note: expected ‘const BIGNUM ** {aka const struct bignum_st **}’ but argument is of type ‘BIGNUM ** {aka struct bignum_st **}’
void DSA_get0_pqg(const DSA *d,
^
openssl_stub.c: In function ‘ocaml_dsa_gen_key’:
openssl_stub.c:1144:23: warning: passing argument 2 of ‘DSA_get0_key’ from incompatible pointer type [-Wincompatible-pointer-types]
DSA_get0_key(dsa, &b_pub, &b_priv);
^
In file included from openssl_stub.c:23:0:
openssl/include/openssl/dsa.h:176:6: note: expected ‘const BIGNUM ** {aka const struct bignum_st **}’ but argument is of type ‘BIGNUM ** {aka struct bignum_st **}’
void DSA_get0_key(const DSA *d,
^
openssl_stub.c:1144:31: warning: passing argument 3 of ‘DSA_get0_key’ from incompatible pointer type [-Wincompatible-pointer-types]
DSA_get0_key(dsa, &b_pub, &b_priv);
^
In file included from openssl_stub.c:23:0:
openssl/include/openssl/dsa.h:176:6: note: expected ‘const BIGNUM ** {aka const struct bignum_st **}’ but argument is of type ‘BIGNUM ** {aka struct bignum_st **}’
void DSA_get0_key(const DSA *d,
^
openssl_stub.c: In function ‘ocaml_dsa_get_key’:
openssl_stub.c:1183:21: warning: passing argument 2 of ‘DSA_get0_pqg’ from incompatible pointer type [-Wincompatible-pointer-types]
DSA_get0_pqg(dsa, &b_p, &b_q, &b_g);
^
In file included from openssl_stub.c:23:0:
openssl/include/openssl/dsa.h:173:6: note: expected ‘const BIGNUM ** {aka const struct bignum_st **}’ but argument is of type ‘BIGNUM ** {aka struct bignum_st **}’
void DSA_get0_pqg(const DSA *d,
^
openssl_stub.c:1183:27: warning: passing argument 3 of ‘DSA_get0_pqg’ from incompatible pointer type [-Wincompatible-pointer-types]
DSA_get0_pqg(dsa, &b_p, &b_q, &b_g);
^
In file included from openssl_stub.c:23:0:
openssl/include/openssl/dsa.h:173:6: note: expected ‘const BIGNUM ** {aka const struct bignum_st **}’ but argument is of type ‘BIGNUM ** {aka struct bignum_st **}’
void DSA_get0_pqg(const DSA *d,
^
openssl_stub.c:1183:33: warning: passing argument 4 of ‘DSA_get0_pqg’ from incompatible pointer type [-Wincompatible-pointer-types]
DSA_get0_pqg(dsa, &b_p, &b_q, &b_g);
^
In file included from openssl_stub.c:23:0:
openssl/include/openssl/dsa.h:173:6: note: expected ‘const BIGNUM ** {aka const struct bignum_st **}’ but argument is of type ‘BIGNUM ** {aka struct bignum_st **}’
void DSA_get0_pqg(const DSA *d,
^
openssl_stub.c:1190:21: warning: passing argument 2 of ‘DSA_get0_key’ from incompatible pointer type [-Wincompatible-pointer-types]
DSA_get0_key(dsa, &b_pub, &b_priv);
^
In file included from openssl_stub.c:23:0:
openssl/include/openssl/dsa.h:176:6: note: expected ‘const BIGNUM ** {aka const struct bignum_st **}’ but argument is of type ‘BIGNUM ** {aka struct bignum_st **}’
void DSA_get0_key(const DSA *d,
^
openssl_stub.c:1190:29: warning: passing argument 3 of ‘DSA_get0_key’ from incompatible pointer type [-Wincompatible-pointer-types]
DSA_get0_key(dsa, &b_pub, &b_priv);
^
In file included from openssl_stub.c:23:0:
openssl/include/openssl/dsa.h:176:6: note: expected ‘const BIGNUM ** {aka const struct bignum_st **}’ but argument is of type ‘BIGNUM ** {aka struct bignum_st **}’
void DSA_get0_key(const DSA *d,
^
openssl_stub.c: In function ‘ocaml_dsa_set_key’:
openssl_stub.c:1235:23: warning: passing argument 2 of ‘DSA_get0_pqg’ from incompatible pointer type [-Wincompatible-pointer-types]
DSA_get0_pqg(dsa, &b_p, &b_q, &b_g);
^
In file included from openssl_stub.c:23:0:
openssl/include/openssl/dsa.h:173:6: note: expected ‘const BIGNUM ** {aka const struct bignum_st **}’ but argument is of type ‘BIGNUM ** {aka struct bignum_st **}’
void DSA_get0_pqg(const DSA *d,
^
openssl_stub.c:1235:29: warning: passing argument 3 of ‘DSA_get0_pqg’ from incompatible pointer type [-Wincompatible-pointer-types]
DSA_get0_pqg(dsa, &b_p, &b_q, &b_g);
^
In file included from openssl_stub.c:23:0:
openssl/include/openssl/dsa.h:173:6: note: expected ‘const BIGNUM ** {aka const struct bignum_st **}’ but argument is of type ‘BIGNUM ** {aka struct bignum_st **}’
void DSA_get0_pqg(const DSA *d,
^
openssl_stub.c:1235:35: warning: passing argument 4 of ‘DSA_get0_pqg’ from incompatible pointer type [-Wincompatible-pointer-types]
DSA_get0_pqg(dsa, &b_p, &b_q, &b_g);
^
In file included from openssl_stub.c:23:0:
openssl/include/openssl/dsa.h:173:6: note: expected ‘const BIGNUM ** {aka const struct bignum_st **}’ but argument is of type ‘BIGNUM ** {aka struct bignum_st **}’
void DSA_get0_pqg(const DSA *d,
^
openssl_stub.c:1236:23: warning: passing argument 2 of ‘DSA_get0_key’ from incompatible pointer type [-Wincompatible-pointer-types]
DSA_get0_key(dsa, &b_pub, &b_priv);
^
In file included from openssl_stub.c:23:0:
openssl/include/openssl/dsa.h:176:6: note: expected ‘const BIGNUM ** {aka const struct bignum_st **}’ but argument is of type ‘BIGNUM ** {aka struct bignum_st **}’
void DSA_get0_key(const DSA *d,
^
openssl_stub.c:1236:31: warning: passing argument 3 of ‘DSA_get0_key’ from incompatible pointer type [-Wincompatible-pointer-types]
DSA_get0_key(dsa, &b_pub, &b_priv);
^
In file included from openssl_stub.c:23:0:
openssl/include/openssl/dsa.h:176:6: note: expected ‘const BIGNUM ** {aka const struct bignum_st **}’ but argument is of type ‘BIGNUM ** {aka struct bignum_st **}’
void DSA_get0_key(const DSA *d,
^
openssl_stub.c: In function ‘ocaml_dsa_sign’:
openssl_stub.c:1325:23: warning: passing argument 2 of ‘DSA_get0_pqg’ from incompatible pointer type [-Wincompatible-pointer-types]
DSA_get0_pqg(dsa, &b_p, &b_q, &b_g);
^
In file included from openssl_stub.c:23:0:
openssl/include/openssl/dsa.h:173:6: note: expected ‘const BIGNUM ** {aka const struct bignum_st **}’ but argument is of type ‘BIGNUM ** {aka struct bignum_st **}’
void DSA_get0_pqg(const DSA *d,
^
openssl_stub.c:1325:29: warning: passing argument 3 of ‘DSA_get0_pqg’ from incompatible pointer type [-Wincompatible-pointer-types]
DSA_get0_pqg(dsa, &b_p, &b_q, &b_g);
^
In file included from openssl_stub.c:23:0:
openssl/include/openssl/dsa.h:173:6: note: expected ‘const BIGNUM ** {aka const struct bignum_st **}’ but argument is of type ‘BIGNUM ** {aka struct bignum_st **}’
void DSA_get0_pqg(const DSA *d,
^
openssl_stub.c:1325:35: warning: passing argument 4 of ‘DSA_get0_pqg’ from incompatible pointer type [-Wincompatible-pointer-types]
DSA_get0_pqg(dsa, &b_p, &b_q, &b_g);
^
In file included from openssl_stub.c:23:0:
openssl/include/openssl/dsa.h:173:6: note: expected ‘const BIGNUM ** {aka const struct bignum_st **}’ but argument is of type ‘BIGNUM ** {aka struct bignum_st **}’
void DSA_get0_pqg(const DSA *d,
^
openssl_stub.c:1326:23: warning: passing argument 2 of ‘DSA_get0_key’ from incompatible pointer type [-Wincompatible-pointer-types]
DSA_get0_key(dsa, &b_pub, &b_priv); 
^
In file included from openssl_stub.c:23:0:
openssl/include/openssl/dsa.h:176:6: note: expected ‘const BIGNUM ** {aka const struct bignum_st **}’ but argument is of type ‘BIGNUM ** {aka struct bignum_st **}’
void DSA_get0_key(const DSA *d,
^
openssl_stub.c:1326:31: warning: passing argument 3 of ‘DSA_get0_key’ from incompatible pointer type [-Wincompatible-pointer-types]
DSA_get0_key(dsa, &b_pub, &b_priv); 
^
In file included from openssl_stub.c:23:0:
openssl/include/openssl/dsa.h:176:6: note: expected ‘const BIGNUM ** {aka const struct bignum_st **}’ but argument is of type ‘BIGNUM ** {aka struct bignum_st **}’
void DSA_get0_key(const DSA *d,
^
openssl_stub.c: In function ‘ocaml_dsa_verify’:
openssl_stub.c:1368:23: warning: passing argument 2 of ‘DSA_get0_pqg’ from incompatible pointer type [-Wincompatible-pointer-types]
DSA_get0_pqg(dsa, &b_p, &b_q, &b_g);
^
In file included from openssl_stub.c:23:0:
openssl/include/openssl/dsa.h:173:6: note: expected ‘const BIGNUM ** {aka const struct bignum_st **}’ but argument is of type ‘BIGNUM ** {aka struct bignum_st **}’
void DSA_get0_pqg(const DSA *d,
^
openssl_stub.c:1368:29: warning: passing argument 3 of ‘DSA_get0_pqg’ from incompatible pointer type [-Wincompatible-pointer-types]
DSA_get0_pqg(dsa, &b_p, &b_q, &b_g);
^
In file included from openssl_stub.c:23:0:
openssl/include/openssl/dsa.h:173:6: note: expected ‘const BIGNUM ** {aka const struct bignum_st **}’ but argument is of type ‘BIGNUM ** {aka struct bignum_st **}’
void DSA_get0_pqg(const DSA *d,
^
openssl_stub.c:1368:35: warning: passing argument 4 of ‘DSA_get0_pqg’ from incompatible pointer type [-Wincompatible-pointer-types]
DSA_get0_pqg(dsa, &b_p, &b_q, &b_g);
^
In file included from openssl_stub.c:23:0:
openssl/include/openssl/dsa.h:173:6: note: expected ‘const BIGNUM ** {aka const struct bignum_st **}’ but argument is of type ‘BIGNUM ** {aka struct bignum_st **}’
void DSA_get0_pqg(const DSA *d,
^
openssl_stub.c:1369:23: warning: passing argument 2 of ‘DSA_get0_key’ from incompatible pointer type [-Wincompatible-pointer-types]
DSA_get0_key(dsa, &b_pub, &b_priv);
^
In file included from openssl_stub.c:23:0:
openssl/include/openssl/dsa.h:176:6: note: expected ‘const BIGNUM ** {aka const struct bignum_st **}’ but argument is of type ‘BIGNUM ** {aka struct bignum_st **}’
void DSA_get0_key(const DSA *d,
^
openssl_stub.c:1369:31: warning: passing argument 3 of ‘DSA_get0_key’ from incompatible pointer type [-Wincompatible-pointer-types]
DSA_get0_key(dsa, &b_pub, &b_priv);
^
In file included from openssl_stub.c:23:0:
openssl/include/openssl/dsa.h:176:6: note: expected ‘const BIGNUM ** {aka const struct bignum_st **}’ but argument is of type ‘BIGNUM ** {aka struct bignum_st **}’
void DSA_get0_key(const DSA *d,
^
openssl_stub.c: In function ‘ocaml_dh_gen_params’:
openssl_stub.c:1473:21: warning: passing argument 2 of ‘DH_get0_pqg’ from incompatible pointer type [-Wincompatible-pointer-types]
DH_get0_pqg(dh, &b_p, &b_q, &b_g);
^
In file included from openssl/include/openssl/dsa.h:31:0,
from openssl_stub.c:23:
openssl/include/openssl/dh.h:172:6: note: expected ‘const BIGNUM ** {aka const struct bignum_st **}’ but argument is of type ‘BIGNUM ** {aka struct bignum_st **}’
void DH_get0_pqg(const DH *dh,
^
openssl_stub.c:1473:27: warning: passing argument 3 of ‘DH_get0_pqg’ from incompatible pointer type [-Wincompatible-pointer-types]
DH_get0_pqg(dh, &b_p, &b_q, &b_g);
^
In file included from openssl/include/openssl/dsa.h:31:0,
from openssl_stub.c:23:
openssl/include/openssl/dh.h:172:6: note: expected ‘const BIGNUM ** {aka const struct bignum_st **}’ but argument is of type ‘BIGNUM ** {aka struct bignum_st **}’
void DH_get0_pqg(const DH *dh,
^
openssl_stub.c:1473:33: warning: passing argument 4 of ‘DH_get0_pqg’ from incompatible pointer type [-Wincompatible-pointer-types]
DH_get0_pqg(dh, &b_p, &b_q, &b_g);
^
In file included from openssl/include/openssl/dsa.h:31:0,
from openssl_stub.c:23:
openssl/include/openssl/dh.h:172:6: note: expected ‘const BIGNUM ** {aka const struct bignum_st **}’ but argument is of type ‘BIGNUM ** {aka struct bignum_st **}’
void DH_get0_pqg(const DH *dh,
^
openssl_stub.c: In function ‘ocaml_dh_params_of_string’:
openssl_stub.c:1506:21: warning: passing argument 2 of ‘DH_get0_pqg’ from incompatible pointer type [-Wincompatible-pointer-types]
DH_get0_pqg(dh, &b_p, &b_q, &b_g);
^
In file included from openssl/include/openssl/dsa.h:31:0,
from openssl_stub.c:23:
openssl/include/openssl/dh.h:172:6: note: expected ‘const BIGNUM ** {aka const struct bignum_st **}’ but argument is of type ‘BIGNUM ** {aka struct bignum_st **}’
void DH_get0_pqg(const DH *dh,
^
openssl_stub.c:1506:27: warning: passing argument 3 of ‘DH_get0_pqg’ from incompatible pointer type [-Wincompatible-pointer-types]
DH_get0_pqg(dh, &b_p, &b_q, &b_g);
^
In file included from openssl/include/openssl/dsa.h:31:0,
from openssl_stub.c:23:
openssl/include/openssl/dh.h:172:6: note: expected ‘const BIGNUM ** {aka const struct bignum_st **}’ but argument is of type ‘BIGNUM ** {aka struct bignum_st **}’
void DH_get0_pqg(const DH *dh,
^
openssl_stub.c:1506:33: warning: passing argument 4 of ‘DH_get0_pqg’ from incompatible pointer type [-Wincompatible-pointer-types]
DH_get0_pqg(dh, &b_p, &b_q, &b_g);
^
In file included from openssl/include/openssl/dsa.h:31:0,
from openssl_stub.c:23:
openssl/include/openssl/dh.h:172:6: note: expected ‘const BIGNUM ** {aka const struct bignum_st **}’ but argument is of type ‘BIGNUM ** {aka struct bignum_st **}’
void DH_get0_pqg(const DH *dh,
^
openssl_stub.c: In function ‘ocaml_dh_gen_key’:
openssl_stub.c:1561:21: warning: passing argument 2 of ‘DH_get0_key’ from incompatible pointer type [-Wincompatible-pointer-types]
DH_get0_key(dh, &b_pub, &b_prv);
^
In file included from openssl/include/openssl/dsa.h:31:0,
from openssl_stub.c:23:
openssl/include/openssl/dh.h:175:6: note: expected ‘const BIGNUM ** {aka const struct bignum_st **}’ but argument is of type ‘BIGNUM ** {aka struct bignum_st **}’
void DH_get0_key(const DH *dh,
^
openssl_stub.c:1561:29: warning: passing argument 3 of ‘DH_get0_key’ from incompatible pointer type [-Wincompatible-pointer-types]
DH_get0_key(dh, &b_pub, &b_prv);
^
In file included from openssl/include/openssl/dsa.h:31:0,
from openssl_stub.c:23:
openssl/include/openssl/dh.h:175:6: note: expected ‘const BIGNUM ** {aka const struct bignum_st **}’ but argument is of type ‘BIGNUM ** {aka struct bignum_st **}’
void DH_get0_key(const DH *dh,
^
openssl_stub.c: In function ‘ocaml_dh_compute’:
openssl_stub.c:1672:21: warning: passing argument 2 of ‘DH_get0_key’ from incompatible pointer type [-Wincompatible-pointer-types]
DH_get0_key(dh, &b_pub, &b_prv);
^
In file included from openssl/include/openssl/dsa.h:31:0,
from openssl_stub.c:23:
openssl/include/openssl/dh.h:175:6: note: expected ‘const BIGNUM ** {aka const struct bignum_st **}’ but argument is of type ‘BIGNUM ** {aka struct bignum_st **}’
void DH_get0_key(const DH *dh,
^
openssl_stub.c:1672:29: warning: passing argument 3 of ‘DH_get0_key’ from incompatible pointer type [-Wincompatible-pointer-types]
DH_get0_key(dh, &b_pub, &b_prv);
^
In file included from openssl/include/openssl/dsa.h:31:0,
from openssl_stub.c:23:
openssl/include/openssl/dh.h:175:6: note: expected ‘const BIGNUM ** {aka const struct bignum_st **}’ but argument is of type ‘BIGNUM ** {aka struct bignum_st **}’
void DH_get0_key(const DH *dh,
^
make[1]: warning: jobserver unavailable: using -j1.  Add '+' to parent make rule.
make[1]: warning: jobserver unavailable: using -j1.  Add '+' to parent make rule.
Warning 6: in the definition of block, after the definition of h1, in top-level declaration Hacl.Impl.Chacha20.Vec128.update_last, in file Hacl_Impl_Chacha20_Vec128: stack newbuf 0uint8 Hacl.Impl.Chacha20.Vec128.vecsizebytes4 is a non-constant size, stack-allocated array; this is not supported by CompCert
Warning 7: : After inlining, Hacl.Test.X25519.main (going into Hacl_Test_X25519) calls Hacl.EC.crypto_scalarmult (going into Curve25519) -- removing the static qualifier from Hacl.EC.crypto_scalarmult
Warning 6: in the definition of output, after the definition of output_len, in top-level declaration Hacl.Test.SHA2_256.test_1a, in file Hacl_Test_SHA2_256: stack newbuf 0uint8 @0 is a non-constant size, stack-allocated array; this is not supported by CompCert
Warning 6: in the definition of ctx, after the definition of expected, in top-level declaration Hacl.Test.SHA2_256.test_1a, in file Hacl_Test_SHA2_256: stack newbuf 0uint32 SHA2_256.size_state is a non-constant size, stack-allocated array; this is not supported by CompCert
Warning 6: in the definition of output, after the definition of output_len, in top-level declaration Hacl.Test.SHA2_256.test_1b, in file Hacl_Test_SHA2_256: stack newbuf 0uint8 @0 is a non-constant size, stack-allocated array; this is not supported by CompCert
Warning 6: in the definition of ctx, after the definition of expected, in top-level declaration Hacl.Test.SHA2_256.test_1b, in file Hacl_Test_SHA2_256: stack newbuf 0uint32 SHA2_256.size_state is a non-constant size, stack-allocated array; this is not supported by CompCert
Warning 6: in the definition of output, after the definition of output_len, in top-level declaration Hacl.Test.SHA2_256.test_2a, in file Hacl_Test_SHA2_256: stack newbuf 0uint8 @0 is a non-constant size, stack-allocated array; this is not supported by CompCert
Warning 6: in the definition of ctx, after the definition of expected, in top-level declaration Hacl.Test.SHA2_256.test_2a, in file Hacl_Test_SHA2_256: stack newbuf 0uint32 SHA2_256.size_state is a non-constant size, stack-allocated array; this is not supported by CompCert
Warning 6: in the definition of output, after the definition of output_len, in top-level declaration Hacl.Test.SHA2_256.test_2b, in file Hacl_Test_SHA2_256: stack newbuf 0uint8 @0 is a non-constant size, stack-allocated array; this is not supported by CompCert
Warning 6: in the definition of ctx, after the definition of expected, in top-level declaration Hacl.Test.SHA2_256.test_2b, in file Hacl_Test_SHA2_256: stack newbuf 0uint32 SHA2_256.size_state is a non-constant size, stack-allocated array; this is not supported by CompCert
Warning 6: in the definition of output, after the definition of output_len, in top-level declaration Hacl.Test.SHA2_256.test_3a, in file Hacl_Test_SHA2_256: stack newbuf 0uint8 @0 is a non-constant size, stack-allocated array; this is not supported by CompCert
Warning 6: in the definition of ctx, after the definition of expected, in top-level declaration Hacl.Test.SHA2_256.test_3a, in file Hacl_Test_SHA2_256: stack newbuf 0uint32 SHA2_256.size_state is a non-constant size, stack-allocated array; this is not supported by CompCert
Warning 6: in the definition of output, after the definition of output_len, in top-level declaration Hacl.Test.SHA2_256.test_3b, in file Hacl_Test_SHA2_256: stack newbuf 0uint8 @0 is a non-constant size, stack-allocated array; this is not supported by CompCert
Warning 6: in the definition of ctx, after the definition of expected, in top-level declaration Hacl.Test.SHA2_256.test_3b, in file Hacl_Test_SHA2_256: stack newbuf 0uint32 SHA2_256.size_state is a non-constant size, stack-allocated array; this is not supported by CompCert
Warning 6: in the definition of output, after the definition of output_len, in top-level declaration Hacl.Test.SHA2_256.test_4a, in file Hacl_Test_SHA2_256: stack newbuf 0uint8 @0 is a non-constant size, stack-allocated array; this is not supported by CompCert
Warning 6: in the definition of ctx, after the definition of expected, in top-level declaration Hacl.Test.SHA2_256.test_4a, in file Hacl_Test_SHA2_256: stack newbuf 0uint32 SHA2_256.size_state is a non-constant size, stack-allocated array; this is not supported by CompCert
Warning 6: in the definition of output, after the definition of output_len, in top-level declaration Hacl.Test.SHA2_256.test_4b, in file Hacl_Test_SHA2_256: stack newbuf 0uint8 @0 is a non-constant size, stack-allocated array; this is not supported by CompCert
Warning 6: in the definition of ctx, after the definition of expected, in top-level declaration Hacl.Test.SHA2_256.test_4b, in file Hacl_Test_SHA2_256: stack newbuf 0uint32 SHA2_256.size_state is a non-constant size, stack-allocated array; this is not supported by CompCert
Warning 6: in the definition of output, after the definition of output_len, in top-level declaration Hacl.Test.SHA2_256.test_5, in file Hacl_Test_SHA2_256: stack newbuf 0uint8 @0 is a non-constant size, stack-allocated array; this is not supported by CompCert
Warning 6: in the definition of plaintext, after the definition of plaintext_len, in top-level declaration Hacl.Test.SHA2_256.test_5, in file Hacl_Test_SHA2_256: stack newbuf 0x61uint8 @0 is a non-constant size, stack-allocated array; this is not supported by CompCert
Warning 6: in the definition of ctx, after the definition of expected, in top-level declaration Hacl.Test.SHA2_256.test_5, in file Hacl_Test_SHA2_256: stack newbuf 0uint32 SHA2_256.size_state is a non-constant size, stack-allocated array; this is not supported by CompCert
Warning 6: in the definition of output, after the definition of output_len, in top-level declaration Hacl.Test.SHA2_256.test_6, in file Hacl_Test_SHA2_256: stack newbuf 0uint8 @0 is a non-constant size, stack-allocated array; this is not supported by CompCert
Warning 6: in the definition of ctx, after the definition of expected, in top-level declaration Hacl.Test.SHA2_256.test_6, in file Hacl_Test_SHA2_256: stack newbuf 0uint32 SHA2_256.size_state is a non-constant size, stack-allocated array; this is not supported by CompCert
Warning 6: in the definition of output, after the definition of output_len, in top-level declaration Hacl.Test.SHA2_384.test_1a, in file Hacl_Test_SHA2_384: stack newbuf 0uint8 @0 is a non-constant size, stack-allocated array; this is not supported by CompCert
Warning 6: in the definition of state, after the definition of expected, in top-level declaration Hacl.Test.SHA2_384.test_1a, in file Hacl_Test_SHA2_384: stack newbuf 0uint64 SHA2_384.size_state is a non-constant size, stack-allocated array; this is not supported by CompCert
Warning 6: in the definition of output, after the definition of output_len, in top-level declaration Hacl.Test.SHA2_384.test_1b, in file Hacl_Test_SHA2_384: stack newbuf 0uint8 @0 is a non-constant size, stack-allocated array; this is not supported by CompCert
Warning 6: in the definition of output, after the definition of output_len, in top-level declaration Hacl.Test.SHA2_384.test_2a, in file Hacl_Test_SHA2_384: stack newbuf 0uint8 @0 is a non-constant size, stack-allocated array; this is not supported by CompCert
Warning 6: in the definition of state, after the definition of expected, in top-level declaration Hacl.Test.SHA2_384.test_2a, in file Hacl_Test_SHA2_384: stack newbuf 0uint64 SHA2_384.size_state is a non-constant size, stack-allocated array; this is not supported by CompCert
Warning 6: in the definition of output, after the definition of output_len, in top-level declaration Hacl.Test.SHA2_384.test_2b, in file Hacl_Test_SHA2_384: stack newbuf 0uint8 @0 is a non-constant size, stack-allocated array; this is not supported by CompCert
Warning 6: in the definition of output, after the definition of output_len, in top-level declaration Hacl.Test.SHA2_384.test_3a, in file Hacl_Test_SHA2_384: stack newbuf 0uint8 @0 is a non-constant size, stack-allocated array; this is not supported by CompCert
Warning 6: in the definition of state, after the definition of expected, in top-level declaration Hacl.Test.SHA2_384.test_3a, in file Hacl_Test_SHA2_384: stack newbuf 0uint64 SHA2_384.size_state is a non-constant size, stack-allocated array; this is not supported by CompCert
Warning 6: in the definition of output, after the definition of output_len, in top-level declaration Hacl.Test.SHA2_384.test_3b, in file Hacl_Test_SHA2_384: stack newbuf 0uint8 @0 is a non-constant size, stack-allocated array; this is not supported by CompCert
Warning 6: in the definition of output, after the definition of output_len, in top-level declaration Hacl.Test.SHA2_384.test_4a, in file Hacl_Test_SHA2_384: stack newbuf 0uint8 @0 is a non-constant size, stack-allocated array; this is not supported by CompCert
Warning 6: in the definition of state, after the definition of expected, in top-level declaration Hacl.Test.SHA2_384.test_4a, in file Hacl_Test_SHA2_384: stack newbuf 0uint64 SHA2_384.size_state is a non-constant size, stack-allocated array; this is not supported by CompCert
Warning 6: in the definition of output, after the definition of output_len, in top-level declaration Hacl.Test.SHA2_384.test_4b, in file Hacl_Test_SHA2_384: stack newbuf 0uint8 @0 is a non-constant size, stack-allocated array; this is not supported by CompCert
Warning 6: in the definition of output, after the definition of output_len, in top-level declaration Hacl.Test.SHA2_384.test_5, in file Hacl_Test_SHA2_384: stack newbuf 0uint8 @0 is a non-constant size, stack-allocated array; this is not supported by CompCert
Warning 6: in the definition of plaintext, after the definition of plaintext_len, in top-level declaration Hacl.Test.SHA2_384.test_5, in file Hacl_Test_SHA2_384: stack newbuf 0x61uint8 @0 is a non-constant size, stack-allocated array; this is not supported by CompCert
Warning 6: in the definition of output, after the definition of output_len, in top-level declaration Hacl.Test.SHA2_384.test_6, in file Hacl_Test_SHA2_384: stack newbuf 0uint8 @0 is a non-constant size, stack-allocated array; this is not supported by CompCert
Warning 6: in the definition of state, after the definition of expected, in top-level declaration Hacl.Test.SHA2_384.test_6, in file Hacl_Test_SHA2_384: stack newbuf 0uint64 SHA2_384.size_state is a non-constant size, stack-allocated array; this is not supported by CompCert
Warning 6: in the definition of output, after the definition of output_len, in top-level declaration Hacl.Test.SHA2_512.test_1a, in file Hacl_Test_SHA2_512: stack newbuf 0uint8 @0 is a non-constant size, stack-allocated array; this is not supported by CompCert
Warning 6: in the definition of output, after the definition of output_len, in top-level declaration Hacl.Test.SHA2_512.test_1b, in file Hacl_Test_SHA2_512: stack newbuf 0uint8 @0 is a non-constant size, stack-allocated array; this is not supported by CompCert
Warning 6: in the definition of output, after the definition of output_len, in top-level declaration Hacl.Test.SHA2_512.test_2a, in file Hacl_Test_SHA2_512: stack newbuf 0uint8 @0 is a non-constant size, stack-allocated array; this is not supported by CompCert
Warning 6: in the definition of output, after the definition of output_len, in top-level declaration Hacl.Test.SHA2_512.test_2b, in file Hacl_Test_SHA2_512: stack newbuf 0uint8 @0 is a non-constant size, stack-allocated array; this is not supported by CompCert
Warning 6: in the definition of output, after the definition of output_len, in top-level declaration Hacl.Test.SHA2_512.test_3a, in file Hacl_Test_SHA2_512: stack newbuf 0uint8 @0 is a non-constant size, stack-allocated array; this is not supported by CompCert
Warning 6: in the definition of output, after the definition of output_len, in top-level declaration Hacl.Test.SHA2_512.test_3b, in file Hacl_Test_SHA2_512: stack newbuf 0uint8 @0 is a non-constant size, stack-allocated array; this is not supported by CompCert
Warning 6: in the definition of output, after the definition of output_len, in top-level declaration Hacl.Test.SHA2_512.test_4a, in file Hacl_Test_SHA2_512: stack newbuf 0uint8 @0 is a non-constant size, stack-allocated array; this is not supported by CompCert
Warning 6: in the definition of output, after the definition of output_len, in top-level declaration Hacl.Test.SHA2_512.test_4b, in file Hacl_Test_SHA2_512: stack newbuf 0uint8 @0 is a non-constant size, stack-allocated array; this is not supported by CompCert
Warning 6: in the definition of output, after the definition of output_len, in top-level declaration Hacl.Test.SHA2_512.test_5, in file Hacl_Test_SHA2_512: stack newbuf 0uint8 @0 is a non-constant size, stack-allocated array; this is not supported by CompCert
Warning 6: in the definition of plaintext, after the definition of plaintext_len, in top-level declaration Hacl.Test.SHA2_512.test_5, in file Hacl_Test_SHA2_512: stack newbuf 0x61uint8 @0 is a non-constant size, stack-allocated array; this is not supported by CompCert
Warning 6: in the definition of output, after the definition of output_len, in top-level declaration Hacl.Test.SHA2_512.test_6, in file Hacl_Test_SHA2_512: stack newbuf 0uint8 @0 is a non-constant size, stack-allocated array; this is not supported by CompCert
Warning 6: in the definition of output, after the definition of output_len, in top-level declaration Hacl.Test.SHA2_256.test_1a, in file Hacl_Test_SHA2_256: stack newbuf 0uint8 @0 is a non-constant size, stack-allocated array; this is not supported by CompCert
Warning 6: in the definition of ctx, after the definition of expected, in top-level declaration Hacl.Test.SHA2_256.test_1a, in file Hacl_Test_SHA2_256: stack newbuf 0uint32 SHA2_256.size_state is a non-constant size, stack-allocated array; this is not supported by CompCert
Warning 6: in the definition of output, after the definition of output_len, in top-level declaration Hacl.Test.SHA2_256.test_1b, in file Hacl_Test_SHA2_256: stack newbuf 0uint8 @0 is a non-constant size, stack-allocated array; this is not supported by CompCert
Warning 6: in the definition of ctx, after the definition of expected, in top-level declaration Hacl.Test.SHA2_256.test_1b, in file Hacl_Test_SHA2_256: stack newbuf 0uint32 SHA2_256.size_state is a non-constant size, stack-allocated array; this is not supported by CompCert
Warning 6: in the definition of output, after the definition of output_len, in top-level declaration Hacl.Test.SHA2_256.test_2a, in file Hacl_Test_SHA2_256: stack newbuf 0uint8 @0 is a non-constant size, stack-allocated array; this is not supported by CompCert
Warning 6: in the definition of ctx, after the definition of expected, in top-level declaration Hacl.Test.SHA2_256.test_2a, in file Hacl_Test_SHA2_256: stack newbuf 0uint32 SHA2_256.size_state is a non-constant size, stack-allocated array; this is not supported by CompCert
Warning 6: in the definition of output, after the definition of output_len, in top-level declaration Hacl.Test.SHA2_256.test_2b, in file Hacl_Test_SHA2_256: stack newbuf 0uint8 @0 is a non-constant size, stack-allocated array; this is not supported by CompCert
Warning 6: in the definition of ctx, after the definition of expected, in top-level declaration Hacl.Test.SHA2_256.test_2b, in file Hacl_Test_SHA2_256: stack newbuf 0uint32 SHA2_256.size_state is a non-constant size, stack-allocated array; this is not supported by CompCert
Warning 6: in the definition of output, after the definition of output_len, in top-level declaration Hacl.Test.SHA2_256.test_3a, in file Hacl_Test_SHA2_256: stack newbuf 0uint8 @0 is a non-constant size, stack-allocated array; this is not supported by CompCert
Warning 6: in the definition of ctx, after the definition of expected, in top-level declaration Hacl.Test.SHA2_256.test_3a, in file Hacl_Test_SHA2_256: stack newbuf 0uint32 SHA2_256.size_state is a non-constant size, stack-allocated array; this is not supported by CompCert
Warning 6: in the definition of output, after the definition of output_len, in top-level declaration Hacl.Test.SHA2_256.test_3b, in file Hacl_Test_SHA2_256: stack newbuf 0uint8 @0 is a non-constant size, stack-allocated array; this is not supported by CompCert
Warning 6: in the definition of ctx, after the definition of expected, in top-level declaration Hacl.Test.SHA2_256.test_3b, in file Hacl_Test_SHA2_256: stack newbuf 0uint32 SHA2_256.size_state is a non-constant size, stack-allocated array; this is not supported by CompCert
Warning 6: in the definition of output, after the definition of output_len, in top-level declaration Hacl.Test.SHA2_256.test_4a, in file Hacl_Test_SHA2_256: stack newbuf 0uint8 @0 is a non-constant size, stack-allocated array; this is not supported by CompCert
Warning 6: in the definition of ctx, after the definition of expected, in top-level declaration Hacl.Test.SHA2_256.test_4a, in file Hacl_Test_SHA2_256: stack newbuf 0uint32 SHA2_256.size_state is a non-constant size, stack-allocated array; this is not supported by CompCert
Warning 6: in the definition of output, after the definition of output_len, in top-level declaration Hacl.Test.SHA2_256.test_4b, in file Hacl_Test_SHA2_256: stack newbuf 0uint8 @0 is a non-constant size, stack-allocated array; this is not supported by CompCert
Warning 6: in the definition of ctx, after the definition of expected, in top-level declaration Hacl.Test.SHA2_256.test_4b, in file Hacl_Test_SHA2_256: stack newbuf 0uint32 SHA2_256.size_state is a non-constant size, stack-allocated array; this is not supported by CompCert
Warning 6: in the definition of output, after the definition of output_len, in top-level declaration Hacl.Test.SHA2_256.test_5, in file Hacl_Test_SHA2_256: stack newbuf 0uint8 @0 is a non-constant size, stack-allocated array; this is not supported by CompCert
Warning 6: in the definition of plaintext, after the definition of plaintext_len, in top-level declaration Hacl.Test.SHA2_256.test_5, in file Hacl_Test_SHA2_256: stack newbuf 0x61uint8 @0 is a non-constant size, stack-allocated array; this is not supported by CompCert
Warning 6: in the definition of ctx, after the definition of expected, in top-level declaration Hacl.Test.SHA2_256.test_5, in file Hacl_Test_SHA2_256: stack newbuf 0uint32 SHA2_256.size_state is a non-constant size, stack-allocated array; this is not supported by CompCert
Warning 6: in the definition of output, after the definition of output_len, in top-level declaration Hacl.Test.SHA2_256.test_6, in file Hacl_Test_SHA2_256: stack newbuf 0uint8 @0 is a non-constant size, stack-allocated array; this is not supported by CompCert
Warning 6: in the definition of ctx, after the definition of expected, in top-level declaration Hacl.Test.SHA2_256.test_6, in file Hacl_Test_SHA2_256: stack newbuf 0uint32 SHA2_256.size_state is a non-constant size, stack-allocated array; this is not supported by CompCert
Warning 6: in the definition of output, after the definition of output_len, in top-level declaration Hacl.Test.SHA2_384.test_1a, in file Hacl_Test_SHA2_384: stack newbuf 0uint8 @0 is a non-constant size, stack-allocated array; this is not supported by CompCert
Warning 6: in the definition of state, after the definition of expected, in top-level declaration Hacl.Test.SHA2_384.test_1a, in file Hacl_Test_SHA2_384: stack newbuf 0uint64 SHA2_384.size_state is a non-constant size, stack-allocated array; this is not supported by CompCert
Warning 6: in the definition of output, after the definition of output_len, in top-level declaration Hacl.Test.SHA2_384.test_1b, in file Hacl_Test_SHA2_384: stack newbuf 0uint8 @0 is a non-constant size, stack-allocated array; this is not supported by CompCert
Warning 6: in the definition of output, after the definition of output_len, in top-level declaration Hacl.Test.SHA2_384.test_2a, in file Hacl_Test_SHA2_384: stack newbuf 0uint8 @0 is a non-constant size, stack-allocated array; this is not supported by CompCert
Warning 6: in the definition of state, after the definition of expected, in top-level declaration Hacl.Test.SHA2_384.test_2a, in file Hacl_Test_SHA2_384: stack newbuf 0uint64 SHA2_384.size_state is a non-constant size, stack-allocated array; this is not supported by CompCert
Warning 6: in the definition of output, after the definition of output_len, in top-level declaration Hacl.Test.SHA2_384.test_2b, in file Hacl_Test_SHA2_384: stack newbuf 0uint8 @0 is a non-constant size, stack-allocated array; this is not supported by CompCert
Warning 6: in the definition of output, after the definition of output_len, in top-level declaration Hacl.Test.SHA2_384.test_3a, in file Hacl_Test_SHA2_384: stack newbuf 0uint8 @0 is a non-constant size, stack-allocated array; this is not supported by CompCert
Warning 6: in the definition of state, after the definition of expected, in top-level declaration Hacl.Test.SHA2_384.test_3a, in file Hacl_Test_SHA2_384: stack newbuf 0uint64 SHA2_384.size_state is a non-constant size, stack-allocated array; this is not supported by CompCert
Warning 6: in the definition of output, after the definition of output_len, in top-level declaration Hacl.Test.SHA2_384.test_3b, in file Hacl_Test_SHA2_384: stack newbuf 0uint8 @0 is a non-constant size, stack-allocated array; this is not supported by CompCert
Warning 6: in the definition of output, after the definition of output_len, in top-level declaration Hacl.Test.SHA2_384.test_4a, in file Hacl_Test_SHA2_384: stack newbuf 0uint8 @0 is a non-constant size, stack-allocated array; this is not supported by CompCert
Warning 6: in the definition of state, after the definition of expected, in top-level declaration Hacl.Test.SHA2_384.test_4a, in file Hacl_Test_SHA2_384: stack newbuf 0uint64 SHA2_384.size_state is a non-constant size, stack-allocated array; this is not supported by CompCert
Warning 6: in the definition of output, after the definition of output_len, in top-level declaration Hacl.Test.SHA2_384.test_4b, in file Hacl_Test_SHA2_384: stack newbuf 0uint8 @0 is a non-constant size, stack-allocated array; this is not supported by CompCert
Warning 6: in the definition of output, after the definition of output_len, in top-level declaration Hacl.Test.SHA2_384.test_5, in file Hacl_Test_SHA2_384: stack newbuf 0uint8 @0 is a non-constant size, stack-allocated array; this is not supported by CompCert
Warning 6: in the definition of plaintext, after the definition of plaintext_len, in top-level declaration Hacl.Test.SHA2_384.test_5, in file Hacl_Test_SHA2_384: stack newbuf 0x61uint8 @0 is a non-constant size, stack-allocated array; this is not supported by CompCert
Warning 6: in the definition of output, after the definition of output_len, in top-level declaration Hacl.Test.SHA2_384.test_6, in file Hacl_Test_SHA2_384: stack newbuf 0uint8 @0 is a non-constant size, stack-allocated array; this is not supported by CompCert
Warning 6: in the definition of state, after the definition of expected, in top-level declaration Hacl.Test.SHA2_384.test_6, in file Hacl_Test_SHA2_384: stack newbuf 0uint64 SHA2_384.size_state is a non-constant size, stack-allocated array; this is not supported by CompCert
Warning 6: in the definition of output, after the definition of output_len, in top-level declaration Hacl.Test.SHA2_512.test_1a, in file Hacl_Test_SHA2_512: stack newbuf 0uint8 @0 is a non-constant size, stack-allocated array; this is not supported by CompCert
Warning 6: in the definition of output, after the definition of output_len, in top-level declaration Hacl.Test.SHA2_512.test_1b, in file Hacl_Test_SHA2_512: stack newbuf 0uint8 @0 is a non-constant size, stack-allocated array; this is not supported by CompCert
Warning 6: in the definition of output, after the definition of output_len, in top-level declaration Hacl.Test.SHA2_512.test_2a, in file Hacl_Test_SHA2_512: stack newbuf 0uint8 @0 is a non-constant size, stack-allocated array; this is not supported by CompCert
Warning 6: in the definition of output, after the definition of output_len, in top-level declaration Hacl.Test.SHA2_512.test_2b, in file Hacl_Test_SHA2_512: stack newbuf 0uint8 @0 is a non-constant size, stack-allocated array; this is not supported by CompCert
Warning 6: in the definition of output, after the definition of output_len, in top-level declaration Hacl.Test.SHA2_512.test_3a, in file Hacl_Test_SHA2_512: stack newbuf 0uint8 @0 is a non-constant size, stack-allocated array; this is not supported by CompCert
Warning 6: in the definition of output, after the definition of output_len, in top-level declaration Hacl.Test.SHA2_512.test_3b, in file Hacl_Test_SHA2_512: stack newbuf 0uint8 @0 is a non-constant size, stack-allocated array; this is not supported by CompCert
Warning 6: in the definition of output, after the definition of output_len, in top-level declaration Hacl.Test.SHA2_512.test_4a, in file Hacl_Test_SHA2_512: stack newbuf 0uint8 @0 is a non-constant size, stack-allocated array; this is not supported by CompCert
Warning 6: in the definition of output, after the definition of output_len, in top-level declaration Hacl.Test.SHA2_512.test_4b, in file Hacl_Test_SHA2_512: stack newbuf 0uint8 @0 is a non-constant size, stack-allocated array; this is not supported by CompCert
Warning 6: in the definition of output, after the definition of output_len, in top-level declaration Hacl.Test.SHA2_512.test_5, in file Hacl_Test_SHA2_512: stack newbuf 0uint8 @0 is a non-constant size, stack-allocated array; this is not supported by CompCert
Warning 6: in the definition of plaintext, after the definition of plaintext_len, in top-level declaration Hacl.Test.SHA2_512.test_5, in file Hacl_Test_SHA2_512: stack newbuf 0x61uint8 @0 is a non-constant size, stack-allocated array; this is not supported by CompCert
Warning 6: in the definition of output, after the definition of output_len, in top-level declaration Hacl.Test.SHA2_512.test_6, in file Hacl_Test_SHA2_512: stack newbuf 0uint8 @0 is a non-constant size, stack-allocated array; this is not supported by CompCert
Warning 6: in the definition of output, after the definition of output_len, in top-level declaration Hacl.Test.SHA2_256.test_1a, in file Hacl_Test_SHA2_256: stack newbuf 0uint8 @0 is a non-constant size, stack-allocated array; this is not supported by CompCert
Warning 6: in the definition of ctx, after the definition of expected, in top-level declaration Hacl.Test.SHA2_256.test_1a, in file Hacl_Test_SHA2_256: stack newbuf 0uint32 SHA2_256.size_state is a non-constant size, stack-allocated array; this is not supported by CompCert
Warning 6: in the definition of output, after the definition of output_len, in top-level declaration Hacl.Test.SHA2_256.test_1b, in file Hacl_Test_SHA2_256: stack newbuf 0uint8 @0 is a non-constant size, stack-allocated array; this is not supported by CompCert
Warning 6: in the definition of ctx, after the definition of expected, in top-level declaration Hacl.Test.SHA2_256.test_1b, in file Hacl_Test_SHA2_256: stack newbuf 0uint32 SHA2_256.size_state is a non-constant size, stack-allocated array; this is not supported by CompCert
Warning 6: in the definition of output, after the definition of output_len, in top-level declaration Hacl.Test.SHA2_256.test_2a, in file Hacl_Test_SHA2_256: stack newbuf 0uint8 @0 is a non-constant size, stack-allocated array; this is not supported by CompCert
Warning 6: in the definition of ctx, after the definition of expected, in top-level declaration Hacl.Test.SHA2_256.test_2a, in file Hacl_Test_SHA2_256: stack newbuf 0uint32 SHA2_256.size_state is a non-constant size, stack-allocated array; this is not supported by CompCert
Warning 6: in the definition of output, after the definition of output_len, in top-level declaration Hacl.Test.SHA2_256.test_2b, in file Hacl_Test_SHA2_256: stack newbuf 0uint8 @0 is a non-constant size, stack-allocated array; this is not supported by CompCert
Warning 6: in the definition of ctx, after the definition of expected, in top-level declaration Hacl.Test.SHA2_256.test_2b, in file Hacl_Test_SHA2_256: stack newbuf 0uint32 SHA2_256.size_state is a non-constant size, stack-allocated array; this is not supported by CompCert
Warning 6: in the definition of output, after the definition of output_len, in top-level declaration Hacl.Test.SHA2_256.test_3a, in file Hacl_Test_SHA2_256: stack newbuf 0uint8 @0 is a non-constant size, stack-allocated array; this is not supported by CompCert
Warning 6: in the definition of ctx, after the definition of expected, in top-level declaration Hacl.Test.SHA2_256.test_3a, in file Hacl_Test_SHA2_256: stack newbuf 0uint32 SHA2_256.size_state is a non-constant size, stack-allocated array; this is not supported by CompCert
Warning 6: in the definition of output, after the definition of output_len, in top-level declaration Hacl.Test.SHA2_256.test_3b, in file Hacl_Test_SHA2_256: stack newbuf 0uint8 @0 is a non-constant size, stack-allocated array; this is not supported by CompCert
Warning 6: in the definition of ctx, after the definition of expected, in top-level declaration Hacl.Test.SHA2_256.test_3b, in file Hacl_Test_SHA2_256: stack newbuf 0uint32 SHA2_256.size_state is a non-constant size, stack-allocated array; this is not supported by CompCert
Warning 6: in the definition of output, after the definition of output_len, in top-level declaration Hacl.Test.SHA2_256.test_4a, in file Hacl_Test_SHA2_256: stack newbuf 0uint8 @0 is a non-constant size, stack-allocated array; this is not supported by CompCert
Warning 6: in the definition of ctx, after the definition of expected, in top-level declaration Hacl.Test.SHA2_256.test_4a, in file Hacl_Test_SHA2_256: stack newbuf 0uint32 SHA2_256.size_state is a non-constant size, stack-allocated array; this is not supported by CompCert
Warning 6: in the definition of output, after the definition of output_len, in top-level declaration Hacl.Test.SHA2_256.test_4b, in file Hacl_Test_SHA2_256: stack newbuf 0uint8 @0 is a non-constant size, stack-allocated array; this is not supported by CompCert
Warning 6: in the definition of ctx, after the definition of expected, in top-level declaration Hacl.Test.SHA2_256.test_4b, in file Hacl_Test_SHA2_256: stack newbuf 0uint32 SHA2_256.size_state is a non-constant size, stack-allocated array; this is not supported by CompCert
Warning 6: in the definition of output, after the definition of output_len, in top-level declaration Hacl.Test.SHA2_256.test_5, in file Hacl_Test_SHA2_256: stack newbuf 0uint8 @0 is a non-constant size, stack-allocated array; this is not supported by CompCert
Warning 6: in the definition of plaintext, after the definition of plaintext_len, in top-level declaration Hacl.Test.SHA2_256.test_5, in file Hacl_Test_SHA2_256: stack newbuf 0x61uint8 @0 is a non-constant size, stack-allocated array; this is not supported by CompCert
Warning 6: in the definition of ctx, after the definition of expected, in top-level declaration Hacl.Test.SHA2_256.test_5, in file Hacl_Test_SHA2_256: stack newbuf 0uint32 SHA2_256.size_state is a non-constant size, stack-allocated array; this is not supported by CompCert
Warning 6: in the definition of output, after the definition of output_len, in top-level declaration Hacl.Test.SHA2_256.test_6, in file Hacl_Test_SHA2_256: stack newbuf 0uint8 @0 is a non-constant size, stack-allocated array; this is not supported by CompCert
Warning 6: in the definition of ctx, after the definition of expected, in top-level declaration Hacl.Test.SHA2_256.test_6, in file Hacl_Test_SHA2_256: stack newbuf 0uint32 SHA2_256.size_state is a non-constant size, stack-allocated array; this is not supported by CompCert
Warning 6: in the definition of output, after the definition of output_len, in top-level declaration Hacl.Test.SHA2_384.test_1a, in file Hacl_Test_SHA2_384: stack newbuf 0uint8 @0 is a non-constant size, stack-allocated array; this is not supported by CompCert
Warning 6: in the definition of state, after the definition of expected, in top-level declaration Hacl.Test.SHA2_384.test_1a, in file Hacl_Test_SHA2_384: stack newbuf 0uint64 SHA2_384.size_state is a non-constant size, stack-allocated array; this is not supported by CompCert
Warning 6: in the definition of output, after the definition of output_len, in top-level declaration Hacl.Test.SHA2_384.test_1b, in file Hacl_Test_SHA2_384: stack newbuf 0uint8 @0 is a non-constant size, stack-allocated array; this is not supported by CompCert
Warning 6: in the definition of output, after the definition of output_len, in top-level declaration Hacl.Test.SHA2_384.test_2a, in file Hacl_Test_SHA2_384: stack newbuf 0uint8 @0 is a non-constant size, stack-allocated array; this is not supported by CompCert
Warning 6: in the definition of state, after the definition of expected, in top-level declaration Hacl.Test.SHA2_384.test_2a, in file Hacl_Test_SHA2_384: stack newbuf 0uint64 SHA2_384.size_state is a non-constant size, stack-allocated array; this is not supported by CompCert
Warning 6: in the definition of output, after the definition of output_len, in top-level declaration Hacl.Test.SHA2_384.test_2b, in file Hacl_Test_SHA2_384: stack newbuf 0uint8 @0 is a non-constant size, stack-allocated array; this is not supported by CompCert
Warning 6: in the definition of output, after the definition of output_len, in top-level declaration Hacl.Test.SHA2_384.test_3a, in file Hacl_Test_SHA2_384: stack newbuf 0uint8 @0 is a non-constant size, stack-allocated array; this is not supported by CompCert
Warning 6: in the definition of state, after the definition of expected, in top-level declaration Hacl.Test.SHA2_384.test_3a, in file Hacl_Test_SHA2_384: stack newbuf 0uint64 SHA2_384.size_state is a non-constant size, stack-allocated array; this is not supported by CompCert
Warning 6: in the definition of output, after the definition of output_len, in top-level declaration Hacl.Test.SHA2_384.test_3b, in file Hacl_Test_SHA2_384: stack newbuf 0uint8 @0 is a non-constant size, stack-allocated array; this is not supported by CompCert
Warning 6: in the definition of output, after the definition of output_len, in top-level declaration Hacl.Test.SHA2_384.test_4a, in file Hacl_Test_SHA2_384: stack newbuf 0uint8 @0 is a non-constant size, stack-allocated array; this is not supported by CompCert
Warning 6: in the definition of state, after the definition of expected, in top-level declaration Hacl.Test.SHA2_384.test_4a, in file Hacl_Test_SHA2_384: stack newbuf 0uint64 SHA2_384.size_state is a non-constant size, stack-allocated array; this is not supported by CompCert
Warning 6: in the definition of output, after the definition of output_len, in top-level declaration Hacl.Test.SHA2_384.test_4b, in file Hacl_Test_SHA2_384: stack newbuf 0uint8 @0 is a non-constant size, stack-allocated array; this is not supported by CompCert
Warning 6: in the definition of output, after the definition of output_len, in top-level declaration Hacl.Test.SHA2_384.test_5, in file Hacl_Test_SHA2_384: stack newbuf 0uint8 @0 is a non-constant size, stack-allocated array; this is not supported by CompCert
Warning 6: in the definition of plaintext, after the definition of plaintext_len, in top-level declaration Hacl.Test.SHA2_384.test_5, in file Hacl_Test_SHA2_384: stack newbuf 0x61uint8 @0 is a non-constant size, stack-allocated array; this is not supported by CompCert
Warning 6: in the definition of output, after the definition of output_len, in top-level declaration Hacl.Test.SHA2_384.test_6, in file Hacl_Test_SHA2_384: stack newbuf 0uint8 @0 is a non-constant size, stack-allocated array; this is not supported by CompCert
Warning 6: in the definition of state, after the definition of expected, in top-level declaration Hacl.Test.SHA2_384.test_6, in file Hacl_Test_SHA2_384: stack newbuf 0uint64 SHA2_384.size_state is a non-constant size, stack-allocated array; this is not supported by CompCert
Warning 6: in the definition of output, after the definition of output_len, in top-level declaration Hacl.Test.SHA2_512.test_1a, in file Hacl_Test_SHA2_512: stack newbuf 0uint8 @0 is a non-constant size, stack-allocated array; this is not supported by CompCert
Warning 6: in the definition of output, after the definition of output_len, in top-level declaration Hacl.Test.SHA2_512.test_1b, in file Hacl_Test_SHA2_512: stack newbuf 0uint8 @0 is a non-constant size, stack-allocated array; this is not supported by CompCert
Warning 6: in the definition of output, after the definition of output_len, in top-level declaration Hacl.Test.SHA2_512.test_2a, in file Hacl_Test_SHA2_512: stack newbuf 0uint8 @0 is a non-constant size, stack-allocated array; this is not supported by CompCert
Warning 6: in the definition of output, after the definition of output_len, in top-level declaration Hacl.Test.SHA2_512.test_2b, in file Hacl_Test_SHA2_512: stack newbuf 0uint8 @0 is a non-constant size, stack-allocated array; this is not supported by CompCert
Warning 6: in the definition of output, after the definition of output_len, in top-level declaration Hacl.Test.SHA2_512.test_3a, in file Hacl_Test_SHA2_512: stack newbuf 0uint8 @0 is a non-constant size, stack-allocated array; this is not supported by CompCert
Warning 6: in the definition of output, after the definition of output_len, in top-level declaration Hacl.Test.SHA2_512.test_3b, in file Hacl_Test_SHA2_512: stack newbuf 0uint8 @0 is a non-constant size, stack-allocated array; this is not supported by CompCert
Warning 6: in the definition of output, after the definition of output_len, in top-level declaration Hacl.Test.SHA2_512.test_4a, in file Hacl_Test_SHA2_512: stack newbuf 0uint8 @0 is a non-constant size, stack-allocated array; this is not supported by CompCert
Warning 6: in the definition of output, after the definition of output_len, in top-level declaration Hacl.Test.SHA2_512.test_4b, in file Hacl_Test_SHA2_512: stack newbuf 0uint8 @0 is a non-constant size, stack-allocated array; this is not supported by CompCert
Warning 6: in the definition of output, after the definition of output_len, in top-level declaration Hacl.Test.SHA2_512.test_5, in file Hacl_Test_SHA2_512: stack newbuf 0uint8 @0 is a non-constant size, stack-allocated array; this is not supported by CompCert
Warning 6: in the definition of plaintext, after the definition of plaintext_len, in top-level declaration Hacl.Test.SHA2_512.test_5, in file Hacl_Test_SHA2_512: stack newbuf 0x61uint8 @0 is a non-constant size, stack-allocated array; this is not supported by CompCert
Warning 6: in the definition of output, after the definition of output_len, in top-level declaration Hacl.Test.SHA2_512.test_6, in file Hacl_Test_SHA2_512: stack newbuf 0uint8 @0 is a non-constant size, stack-allocated array; this is not supported by CompCert
Warning 7: : After inlining, Hacl.Hash.SHA2_384.update (going into Hacl_Hash_SHA2_384) calls Hacl.Hash.Lib.LoadStore.uint64s_from_be_bytes (going into SHA2_256) -- removing the static qualifier from Hacl.Hash.Lib.LoadStore.uint64s_from_be_bytes
Warning 7: : After inlining, Hacl.Hash.SHA2_256.update (going into Hacl_Hash_SHA2_256) calls Hacl.Hash.Lib.LoadStore.uint32s_from_be_bytes (going into SHA2_384) -- removing the static qualifier from Hacl.Hash.Lib.LoadStore.uint32s_from_be_bytes
Warning 7: : After inlining, Hacl.Hash.SHA2_256.finish_core (going into Hacl_Hash_SHA2_256) calls Hacl.Hash.Lib.LoadStore.uint32s_to_be_bytes (going into SHA2_384) -- removing the static qualifier from Hacl.Hash.Lib.LoadStore.uint32s_to_be_bytes
Warning 7: : After inlining, Hacl.Hash.SHA2_512.update (going into Hacl_Hash_SHA2_512) calls Hacl.Hash.Lib.LoadStore.uint64s_from_be_bytes (going into SHA2_384) -- removing the static qualifier from Hacl.Hash.Lib.LoadStore.uint64s_from_be_bytes
Warning 7: : After inlining, Hacl.Hash.SHA2_256.update (going into Hacl_Hash_SHA2_256) calls Hacl.Hash.Lib.LoadStore.uint32s_from_be_bytes (going into SHA2_512) -- removing the static qualifier from Hacl.Hash.Lib.LoadStore.uint32s_from_be_bytes
Warning 7: : After inlining, Hacl.Hash.SHA2_256.finish_core (going into Hacl_Hash_SHA2_256) calls Hacl.Hash.Lib.LoadStore.uint32s_to_be_bytes (going into SHA2_512) -- removing the static qualifier from Hacl.Hash.Lib.LoadStore.uint32s_to_be_bytes
Warning 7: : After inlining, Hacl.Hash.SHA2_384.update (going into Hacl_Hash_SHA2_384) calls Hacl.Hash.Lib.LoadStore.uint64s_from_be_bytes (going into SHA2_512) -- removing the static qualifier from Hacl.Hash.Lib.LoadStore.uint64s_from_be_bytes
Warning 7: : After inlining, Hacl.Hash.SHA2_384.finish_core (going into Hacl_Hash_SHA2_384) calls Hacl.Hash.Lib.LoadStore.uint64s_to_be_bytes (going into SHA2_256) -- removing the static qualifier from Hacl.Hash.Lib.LoadStore.uint64s_to_be_bytes
Warning 7: : After inlining, Hacl.Hash.SHA2_512.finish_core (going into Hacl_Hash_SHA2_512) calls Hacl.Hash.Lib.LoadStore.uint64s_to_be_bytes (going into SHA2_384) -- removing the static qualifier from Hacl.Hash.Lib.LoadStore.uint64s_to_be_bytes
Warning 7: : After inlining, Hacl.Hash.SHA2_384.finish_core (going into Hacl_Hash_SHA2_384) calls Hacl.Hash.Lib.LoadStore.uint64s_to_be_bytes (going into SHA2_512) -- removing the static qualifier from Hacl.Hash.Lib.LoadStore.uint64s_to_be_bytes
In file included from test-aead.c:4:0:
../../other_providers/libsodium/src/libsodium/include/sodium.h:5:28: fatal error: sodium/version.h: No such file or directory
#include "sodium/version.h"
^
compilation terminated.
make[1]: *** [Makefile:133: test-aead.exe] Error 1
make[1]: *** Waiting for unfinished jobs....
In file included from test-poly.c:4:0:
../../other_providers/libsodium/src/libsodium/include/sodium.h:5:28: fatal error: sodium/version.h: No such file or directory
#include "sodium/version.h"
^
compilation terminated.
make[1]: *** [Makefile:18: test-poly.exe] Error 1
In file included from test-salsa.c:4:0:
../../other_providers/libsodium/src/libsodium/include/sodium.h:5:28: fatal error: sodium/version.h: No such file or directory
#include "sodium/version.h"
^
compilation terminated.
make[1]: *** [Makefile:31: test-salsa.exe] Error 1
In file included from test-chacha.c:4:0:
../../other_providers/libsodium/src/libsodium/include/sodium.h:5:28: fatal error: sodium/version.h: No such file or directory
#include "sodium/version.h"
^
compilation terminated.
In file included from test-chacha-vec128.c:20:0:
../../other_providers/libsodium/src/libsodium/include/sodium.h:5:28: fatal error: sodium/version.h: No such file or directory
#include "sodium/version.h"
^
compilation terminated.
make[1]: *** [Makefile:43: test-chacha.exe] Error 1
make[1]: *** [Makefile:58: test-chacha-vec128.exe] Error 1
In file included from test-curve.c:4:0:
../../other_providers/libsodium/src/libsodium/include/sodium.h:5:28: fatal error: sodium/version.h: No such file or directory
#include "sodium/version.h"
^
compilation terminated.
make[1]: *** [Makefile:78: test-curve.exe] Error 1
In file included from test-secretbox.c:4:0:
../../other_providers/libsodium/src/libsodium/include/sodium.h:5:28: fatal error: sodium/version.h: No such file or directory
#include "sodium/version.h"
^
compilation terminated.
make[1]: *** [Makefile:117: test-secretbox.exe] Error 1
In file included from test-box.c:4:0:
../../other_providers/libsodium/src/libsodium/include/sodium.h:5:28: fatal error: sodium/version.h: No such file or directory
#include "sodium/version.h"
^
compilation terminated.
make[1]: *** [Makefile:149: test-box.exe] Error 1
In file included from test-ed25519.c:4:0:
../../other_providers/libsodium/src/libsodium/include/sodium.h:5:28: fatal error: sodium/version.h: No such file or directory
#include "sodium/version.h"
^
compilation terminated.
make[1]: *** [Makefile:90: test-ed25519.exe] Error 1
make: *** [Makefile:21: all] Error 2
