Warning: you are using the standard library and/or the %inline keyword. We
recommend switching on --infer in order to avoid obscure type error messages.
Warning: Spec.Salsa20.test_column_round2 mentions Prims.list meaning that they cannot be type-checked by KreMLin
Warning: Spec.Poly1305.test, Spec.Poly1305.expected, Spec.Poly1305.k and Spec.Poly1305.msg mention Prims.list meaning that they cannot be type-checked by KreMLin
Warning: Spec.Poly1305.expected, Spec.Poly1305.k and Spec.Poly1305.msg mention Prims.list meaning that they cannot be type-checked by KreMLin
Warning: Spec.Poly1305.k and Spec.Poly1305.msg mention Prims.list meaning that they cannot be type-checked by KreMLin
Warning: Spec.Poly1305.msg mentions Prims.list meaning that they cannot be type-checked by KreMLin
Warning: Spec.Salsa20.test_column_round2 mentions Prims.list meaning that they cannot be type-checked by KreMLin
Warning: Spec.Poly1305.test, Spec.Poly1305.expected, Spec.Poly1305.k and Spec.Poly1305.msg mention Prims.list meaning that they cannot be type-checked by KreMLin
Warning: Spec.Poly1305.expected, Spec.Poly1305.k and Spec.Poly1305.msg mention Prims.list meaning that they cannot be type-checked by KreMLin
Warning: Spec.Poly1305.k and Spec.Poly1305.msg mention Prims.list meaning that they cannot be type-checked by KreMLin
Warning: Spec.Poly1305.msg mentions Prims.list meaning that they cannot be type-checked by KreMLin
Warning: Spec.Chacha20.test_nonce, Spec.Chacha20.test_key, Spec.Chacha20.test_ciphertext and Spec.Chacha20.test_plaintext mention Prims.list meaning that they cannot be type-checked by KreMLin
Warning: Spec.Chacha20.test_key, Spec.Chacha20.test_ciphertext and Spec.Chacha20.test_plaintext mention Prims.list meaning that they cannot be type-checked by KreMLin
Warning: Spec.Chacha20.test_ciphertext and Spec.Chacha20.test_plaintext mention Prims.list meaning that they cannot be type-checked by KreMLin
Warning: Spec.Chacha20.test_plaintext mentions Prims.list meaning that they cannot be type-checked by KreMLin
Warning: Spec.Salsa20.test_column_round2 mentions Prims.list meaning that they cannot be type-checked by KreMLin
Warning: Spec.Poly1305.test, Spec.Poly1305.expected, Spec.Poly1305.k and Spec.Poly1305.msg mention Prims.list meaning that they cannot be type-checked by KreMLin
Warning: Spec.Poly1305.expected, Spec.Poly1305.k and Spec.Poly1305.msg mention Prims.list meaning that they cannot be type-checked by KreMLin
Warning: Spec.Poly1305.k and Spec.Poly1305.msg mention Prims.list meaning that they cannot be type-checked by KreMLin
Warning: Spec.Poly1305.msg mentions Prims.list meaning that they cannot be type-checked by KreMLin
Warning: Spec.Chacha20.test_nonce, Spec.Chacha20.test_key, Spec.Chacha20.test_ciphertext and Spec.Chacha20.test_plaintext mention Prims.list meaning that they cannot be type-checked by KreMLin
Warning: Spec.Chacha20.test_key, Spec.Chacha20.test_ciphertext and Spec.Chacha20.test_plaintext mention Prims.list meaning that they cannot be type-checked by KreMLin
Warning: Spec.Chacha20.test_ciphertext and Spec.Chacha20.test_plaintext mention Prims.list meaning that they cannot be type-checked by KreMLin
Warning: Spec.Chacha20.test_plaintext mentions Prims.list meaning that they cannot be type-checked by KreMLin
Warning 4: in top-level declaration Spec.Chacha20Poly1305.test, in file Spec_Chacha20Poly1305: Malformed input:
Type annotation is not an lid but any
Dropping Spec.Chacha20Poly1305.test (at checking time)

Warning: Spec.Chacha20Poly1305.xmac, Spec.Chacha20Poly1305.xcipher, Spec.Chacha20Poly1305.aad, Spec.Chacha20Poly1305.p, Spec.Chacha20Poly1305.n and Spec.Chacha20Poly1305.k mention Prims.list meaning that they cannot be type-checked by KreMLin
Warning: Spec.Chacha20Poly1305.xcipher, Spec.Chacha20Poly1305.aad, Spec.Chacha20Poly1305.p, Spec.Chacha20Poly1305.n and Spec.Chacha20Poly1305.k mention Prims.list meaning that they cannot be type-checked by KreMLin
Warning: Spec.Chacha20Poly1305.aad, Spec.Chacha20Poly1305.p, Spec.Chacha20Poly1305.n and Spec.Chacha20Poly1305.k mention Prims.list meaning that they cannot be type-checked by KreMLin
Warning: Spec.Chacha20Poly1305.p, Spec.Chacha20Poly1305.n and Spec.Chacha20Poly1305.k mention Prims.list meaning that they cannot be type-checked by KreMLin
Warning: Spec.Chacha20Poly1305.n and Spec.Chacha20Poly1305.k mention Prims.list meaning that they cannot be type-checked by KreMLin
Warning: Spec.Chacha20Poly1305.k mentions Prims.list meaning that they cannot be type-checked by KreMLin
Warning 7: : After inlining, Hacl.Test.X25519.main (going into Hacl_Test_X25519) calls Hacl.EC.crypto_scalarmult (going into Curve25519) -- removing the static qualifier from Hacl.EC.crypto_scalarmult
Warning: Spec.Salsa20.test_column_round2 mentions Prims.list meaning that they cannot be type-checked by KreMLin
Warning: Spec.Poly1305.test, Spec.Poly1305.expected, Spec.Poly1305.k and Spec.Poly1305.msg mention Prims.list meaning that they cannot be type-checked by KreMLin
Warning: Spec.Poly1305.expected, Spec.Poly1305.k and Spec.Poly1305.msg mention Prims.list meaning that they cannot be type-checked by KreMLin
Warning: Spec.Poly1305.k and Spec.Poly1305.msg mention Prims.list meaning that they cannot be type-checked by KreMLin
Warning: Spec.Poly1305.msg mentions Prims.list meaning that they cannot be type-checked by KreMLin
Warning: Spec.Salsa20.test_column_round2 mentions Prims.list meaning that they cannot be type-checked by KreMLin
Warning: Spec.Poly1305.test, Spec.Poly1305.expected, Spec.Poly1305.k and Spec.Poly1305.msg mention Prims.list meaning that they cannot be type-checked by KreMLin
Warning: Spec.Poly1305.expected, Spec.Poly1305.k and Spec.Poly1305.msg mention Prims.list meaning that they cannot be type-checked by KreMLin
Warning: Spec.Poly1305.k and Spec.Poly1305.msg mention Prims.list meaning that they cannot be type-checked by KreMLin
Warning: Spec.Poly1305.msg mentions Prims.list meaning that they cannot be type-checked by KreMLin
Warning: Spec.Salsa20.test_column_round2 mentions Prims.list meaning that they cannot be type-checked by KreMLin
Warning: Spec.Chacha20.test_nonce, Spec.Chacha20.test_key, Spec.Chacha20.test_ciphertext and Spec.Chacha20.test_plaintext mention Prims.list meaning that they cannot be type-checked by KreMLin
Warning: Spec.Chacha20.test_key, Spec.Chacha20.test_ciphertext and Spec.Chacha20.test_plaintext mention Prims.list meaning that they cannot be type-checked by KreMLin
Warning: Spec.Chacha20.test_ciphertext and Spec.Chacha20.test_plaintext mention Prims.list meaning that they cannot be type-checked by KreMLin
Warning: Spec.Chacha20.test_plaintext mentions Prims.list meaning that they cannot be type-checked by KreMLin
Warning: Spec.Poly1305.test, Spec.Poly1305.expected, Spec.Poly1305.k and Spec.Poly1305.msg mention Prims.list meaning that they cannot be type-checked by KreMLin
Warning: Spec.Poly1305.expected, Spec.Poly1305.k and Spec.Poly1305.msg mention Prims.list meaning that they cannot be type-checked by KreMLin
Warning: Spec.Poly1305.k and Spec.Poly1305.msg mention Prims.list meaning that they cannot be type-checked by KreMLin
Warning: Spec.Poly1305.msg mentions Prims.list meaning that they cannot be type-checked by KreMLin
Warning: Spec.Chacha20.test_nonce, Spec.Chacha20.test_key, Spec.Chacha20.test_ciphertext and Spec.Chacha20.test_plaintext mention Prims.list meaning that they cannot be type-checked by KreMLin
Warning: Spec.Chacha20.test_key, Spec.Chacha20.test_ciphertext and Spec.Chacha20.test_plaintext mention Prims.list meaning that they cannot be type-checked by KreMLin
Warning: Spec.Chacha20.test_ciphertext and Spec.Chacha20.test_plaintext mention Prims.list meaning that they cannot be type-checked by KreMLin
Warning: Spec.Chacha20.test_plaintext mentions Prims.list meaning that they cannot be type-checked by KreMLin
Warning 4: in top-level declaration Spec.Chacha20Poly1305.test, in file Spec_Chacha20Poly1305: Malformed input:
Type annotation is not an lid but any
Dropping Spec.Chacha20Poly1305.test (at checking time)

Warning: Spec.Chacha20Poly1305.xmac, Spec.Chacha20Poly1305.xcipher, Spec.Chacha20Poly1305.aad, Spec.Chacha20Poly1305.p, Spec.Chacha20Poly1305.n and Spec.Chacha20Poly1305.k mention Prims.list meaning that they cannot be type-checked by KreMLin
Warning: Spec.Chacha20Poly1305.xcipher, Spec.Chacha20Poly1305.aad, Spec.Chacha20Poly1305.p, Spec.Chacha20Poly1305.n and Spec.Chacha20Poly1305.k mention Prims.list meaning that they cannot be type-checked by KreMLin
Warning: Spec.Chacha20Poly1305.aad, Spec.Chacha20Poly1305.p, Spec.Chacha20Poly1305.n and Spec.Chacha20Poly1305.k mention Prims.list meaning that they cannot be type-checked by KreMLin
Warning: Spec.Chacha20Poly1305.p, Spec.Chacha20Poly1305.n and Spec.Chacha20Poly1305.k mention Prims.list meaning that they cannot be type-checked by KreMLin
Warning: Spec.Chacha20Poly1305.n and Spec.Chacha20Poly1305.k mention Prims.list meaning that they cannot be type-checked by KreMLin
Warning: Spec.Chacha20Poly1305.k mentions Prims.list meaning that they cannot be type-checked by KreMLin
Warning 7: : After inlining, Hacl.Test.X25519.main (going into Hacl_Test_X25519) calls Hacl.EC.crypto_scalarmult (going into Curve25519) -- removing the static qualifier from Hacl.EC.crypto_scalarmult
Unexpected error
Failure("Unexpected output from Z3: could not find statistics\n")
Raised at file "pervasives.ml", line 30, characters 22-33
Called from file "src/ocaml-output/FStar_SMTEncoding_Z3.ml", line 371, characters 44-62
Called from file "src/ocaml-output/FStar_SMTEncoding_Z3.ml", line 376, characters 30-52
Called from file "src/ocaml-output/FStar_SMTEncoding_Z3.ml", line 392, characters 32-63
Called from file "src/ocaml-output/FStar_SMTEncoding_Z3.ml", line 480, characters 23-43
Called from file "src/ocaml-output/FStar_SMTEncoding_Z3.ml", line 552, characters 21-29
Called from file "src/ocaml-output/FStar_SMTEncoding_Solver.ml", line 625, characters 19-73
Called from file "list.ml", line 73, characters 12-15
Called from file "src/ocaml-output/bootlibs/FStar_All.ml", line 3, characters 21-24
Called from file "src/ocaml-output/FStar_TypeChecker_Rel.ml", line 6288, characters 24-56
Called from file "src/ocaml-output/FStar_TypeChecker_Rel.ml", line 6446, characters 28-50
Called from file "src/ocaml-output/FStar_TypeChecker_Util.ml", line 3437, characters 10-58
Called from file "src/ocaml-output/FStar_TypeChecker_TcTerm.ml", line 4578, characters 26-77
Called from file "src/ocaml-output/FStar_TypeChecker_Tc.ml", line 3609, characters 20-1023
Called from file "src/ocaml-output/FStar_TypeChecker_Tc.ml", line 3973, characters 31-46
Called from file "src/basic/ml/FStar_Util.ml", line 571, characters 30-37
Called from file "src/ocaml-output/FStar_TypeChecker_Tc.ml", line 4019, characters 8-70
Called from file "src/ocaml-output/FStar_TypeChecker_Tc.ml", line 4107, characters 25-77
Called from file "src/ocaml-output/FStar_TypeChecker_Tc.ml", line 4374, characters 23-49
Called from file "src/basic/ml/FStar_Util.ml", line 44, characters 14-18
Called from file "src/ocaml-output/FStar_Universal.ml", line 287, characters 34-233
Called from file "list.ml", line 84, characters 24-34
Called from file "src/ocaml-output/bootlibs/FStar_All.ml", line 3, characters 21-24
Called from file "src/ocaml-output/FStar_SMTEncoding_Solver.ml", line 104, characters 16-20
Called from file "src/ocaml-output/FStar_Universal.ml", line 402, characters 18-66
Called from file "src/ocaml-output/FStar_Universal.ml", line 421, characters 31-72
Called from file "src/ocaml-output/FStar_Universal.ml", line 437, characters 24-71
Called from file "src/ocaml-output/FStar_Universal.ml", line 477, characters 27-69
Called from file "src/ocaml-output/FStar_Main.ml", line 204, characters 27-67
Called from file "src/ocaml-output/FStar_Main.ml", line 226, characters 6-11

make[3]: *** [Makefile:64: Hacl.Bignum.Constants.fst-verify] Error 1
make[3]: *** Waiting for unfinished jobs....
Unexpected error
Failure("Unexpected output from Z3: could not find statistics\n")
Raised at file "pervasives.ml", line 30, characters 22-33
Called from file "src/ocaml-output/FStar_SMTEncoding_Z3.ml", line 371, characters 44-62
Called from file "src/ocaml-output/FStar_SMTEncoding_Z3.ml", line 376, characters 30-52
Called from file "src/ocaml-output/FStar_SMTEncoding_Z3.ml", line 392, characters 32-63
Called from file "src/ocaml-output/FStar_SMTEncoding_Z3.ml", line 480, characters 23-43
Called from file "src/ocaml-output/FStar_SMTEncoding_Z3.ml", line 552, characters 21-29
Called from file "src/ocaml-output/FStar_SMTEncoding_Solver.ml", line 625, characters 19-73
Called from file "list.ml", line 73, characters 12-15
Called from file "src/ocaml-output/bootlibs/FStar_All.ml", line 3, characters 21-24
Called from file "src/ocaml-output/FStar_TypeChecker_Rel.ml", line 6288, characters 24-56
Called from file "src/ocaml-output/FStar_TypeChecker_Rel.ml", line 6446, characters 28-50
Called from file "src/ocaml-output/FStar_TypeChecker_Util.ml", line 3437, characters 10-58
Called from file "src/ocaml-output/FStar_TypeChecker_TcTerm.ml", line 4578, characters 26-77
Called from file "src/ocaml-output/FStar_TypeChecker_Tc.ml", line 3609, characters 20-1023
Called from file "src/ocaml-output/FStar_TypeChecker_Tc.ml", line 3973, characters 31-46
Called from file "src/basic/ml/FStar_Util.ml", line 571, characters 30-37
Called from file "src/ocaml-output/FStar_TypeChecker_Tc.ml", line 4019, characters 8-70
Called from file "src/ocaml-output/FStar_TypeChecker_Tc.ml", line 4107, characters 25-77
Called from file "src/ocaml-output/FStar_TypeChecker_Tc.ml", line 4374, characters 23-49
Called from file "src/basic/ml/FStar_Util.ml", line 44, characters 14-18
Called from file "src/ocaml-output/FStar_Universal.ml", line 287, characters 34-233
Called from file "list.ml", line 84, characters 24-34
Called from file "src/ocaml-output/bootlibs/FStar_All.ml", line 3, characters 21-24
Called from file "src/ocaml-output/FStar_SMTEncoding_Solver.ml", line 104, characters 16-20
Called from file "src/ocaml-output/FStar_Universal.ml", line 402, characters 18-66
Called from file "src/ocaml-output/FStar_Universal.ml", line 421, characters 31-72
Called from file "src/ocaml-output/FStar_Universal.ml", line 437, characters 24-71
Called from file "src/ocaml-output/FStar_Universal.ml", line 477, characters 27-69
Called from file "src/ocaml-output/FStar_Main.ml", line 204, characters 27-67
Called from file "src/ocaml-output/FStar_Main.ml", line 226, characters 6-11

make[4]: *** [Makefile:64: ../bignum/Hacl.Spec.Bignum.Field.fst-verify] Error 1
make[4]: *** Waiting for unfinished jobs....
Unexpected error
Failure("Unexpected output from Z3: could not find statistics\n")
Raised at file "pervasives.ml", line 30, characters 22-33
Called from file "src/ocaml-output/FStar_SMTEncoding_Z3.ml", line 371, characters 44-62
Called from file "src/ocaml-output/FStar_SMTEncoding_Z3.ml", line 376, characters 30-52
Called from file "src/ocaml-output/FStar_SMTEncoding_Z3.ml", line 392, characters 32-63
Called from file "src/ocaml-output/FStar_SMTEncoding_Z3.ml", line 480, characters 23-43
Called from file "src/ocaml-output/FStar_SMTEncoding_Z3.ml", line 552, characters 21-29
Called from file "src/ocaml-output/FStar_SMTEncoding_Solver.ml", line 625, characters 19-73
Called from file "list.ml", line 73, characters 12-15
Called from file "src/ocaml-output/bootlibs/FStar_All.ml", line 3, characters 21-24
Called from file "src/ocaml-output/FStar_TypeChecker_Rel.ml", line 6288, characters 24-56
Called from file "src/ocaml-output/FStar_TypeChecker_TcTerm.ml", line 2904, characters 35-128
Called from file "src/ocaml-output/FStar_TypeChecker_TcTerm.ml", line 5354, characters 21-1023
Called from file "src/ocaml-output/FStar_TypeChecker_TcTerm.ml", line 4542, characters 27-59
Called from file "src/ocaml-output/FStar_TypeChecker_Tc.ml", line 3609, characters 20-1023
Called from file "src/ocaml-output/FStar_TypeChecker_Tc.ml", line 3973, characters 31-46
Called from file "src/basic/ml/FStar_Util.ml", line 571, characters 30-37
Called from file "src/ocaml-output/FStar_TypeChecker_Tc.ml", line 4019, characters 8-70
Called from file "src/ocaml-output/FStar_TypeChecker_Tc.ml", line 4107, characters 25-77
Called from file "src/ocaml-output/FStar_TypeChecker_Tc.ml", line 4374, characters 23-49
Called from file "src/basic/ml/FStar_Util.ml", line 44, characters 14-18
Called from file "src/ocaml-output/FStar_Universal.ml", line 287, characters 34-233
Called from file "list.ml", line 84, characters 24-34
Called from file "src/ocaml-output/bootlibs/FStar_All.ml", line 3, characters 21-24
Called from file "src/ocaml-output/FStar_SMTEncoding_Solver.ml", line 104, characters 16-20
Called from file "src/ocaml-output/FStar_Universal.ml", line 402, characters 18-66
Called from file "src/ocaml-output/FStar_Universal.ml", line 421, characters 31-72
Called from file "src/ocaml-output/FStar_Universal.ml", line 437, characters 24-71
Called from file "src/ocaml-output/FStar_Universal.ml", line 477, characters 27-69
Called from file "src/ocaml-output/FStar_Main.ml", line 204, characters 27-67
Called from file "src/ocaml-output/FStar_Main.ml", line 226, characters 6-11

make[3]: *** [Makefile:77: Hacl.Spec.Curve25519.Lemmas.fst-verify] Error 1
make[3]: *** Waiting for unfinished jobs....
Unexpected error
Failure("Unexpected output from Z3: could not find statistics\n")
Raised at file "pervasives.ml", line 30, characters 22-33
Called from file "src/ocaml-output/FStar_SMTEncoding_Z3.ml", line 371, characters 44-62
Called from file "src/ocaml-output/FStar_SMTEncoding_Z3.ml", line 376, characters 30-52
Called from file "src/ocaml-output/FStar_SMTEncoding_Z3.ml", line 392, characters 32-63
Called from file "src/ocaml-output/FStar_SMTEncoding_Z3.ml", line 480, characters 23-43
Called from file "src/ocaml-output/FStar_SMTEncoding_Z3.ml", line 552, characters 21-29
Called from file "src/ocaml-output/FStar_SMTEncoding_Solver.ml", line 625, characters 19-73
Called from file "list.ml", line 73, characters 12-15
Called from file "src/ocaml-output/bootlibs/FStar_All.ml", line 3, characters 21-24
Called from file "src/ocaml-output/FStar_TypeChecker_Rel.ml", line 6411, characters 32-273
Called from file "src/ocaml-output/FStar_TypeChecker_Rel.ml", line 6427, characters 6-66
Called from file "src/ocaml-output/bootlibs/FStar_All.ml", line 3, characters 21-24
Called from file "src/ocaml-output/FStar_TypeChecker_Tc.ml", line 148, characters 13-60
Called from file "src/ocaml-output/FStar_TypeChecker_Tc.ml", line 186, characters 23-53
Called from file "src/ocaml-output/FStar_TypeChecker_Tc.ml", line 3973, characters 31-46
Called from file "src/basic/ml/FStar_Util.ml", line 571, characters 30-37
Called from file "src/ocaml-output/FStar_TypeChecker_Tc.ml", line 4019, characters 8-70
Called from file "src/ocaml-output/FStar_TypeChecker_Tc.ml", line 4107, characters 25-77
Called from file "src/ocaml-output/FStar_TypeChecker_Tc.ml", line 4374, characters 23-49
Called from file "src/basic/ml/FStar_Util.ml", line 44, characters 14-18
Called from file "src/ocaml-output/FStar_Universal.ml", line 287, characters 34-233
Called from file "list.ml", line 84, characters 24-34
Called from file "src/ocaml-output/bootlibs/FStar_All.ml", line 3, characters 21-24
Called from file "src/ocaml-output/FStar_SMTEncoding_Solver.ml", line 104, characters 16-20
Called from file "src/ocaml-output/FStar_Universal.ml", line 402, characters 18-66
Called from file "src/ocaml-output/FStar_Universal.ml", line 421, characters 31-72
Called from file "src/ocaml-output/FStar_Universal.ml", line 437, characters 24-71
Called from file "src/ocaml-output/FStar_Universal.ml", line 477, characters 27-69
Called from file "src/ocaml-output/FStar_Main.ml", line 204, characters 27-67
Called from file "src/ocaml-output/FStar_Main.ml", line 226, characters 6-11

make[3]: *** [Makefile:45: Hacl.Impl.Xor.Lemmas.fst-verify] Error 1
make[3]: *** Waiting for unfinished jobs....
Unexpected error
Failure("Unexpected output from Z3: could not find statistics\n")
Raised at file "pervasives.ml", line 30, characters 22-33
Called from file "src/ocaml-output/FStar_SMTEncoding_Z3.ml", line 371, characters 44-62
Called from file "src/ocaml-output/FStar_SMTEncoding_Z3.ml", line 376, characters 30-52
Called from file "src/ocaml-output/FStar_SMTEncoding_Z3.ml", line 392, characters 32-63
Called from file "src/ocaml-output/FStar_SMTEncoding_Z3.ml", line 480, characters 23-43
Called from file "src/ocaml-output/FStar_SMTEncoding_Z3.ml", line 552, characters 21-29
Called from file "src/ocaml-output/FStar_SMTEncoding_Solver.ml", line 625, characters 19-73
Called from file "list.ml", line 73, characters 12-15
Called from file "src/ocaml-output/bootlibs/FStar_All.ml", line 3, characters 21-24
Called from file "src/ocaml-output/FStar_TypeChecker_Rel.ml", line 6411, characters 32-273
Called from file "src/ocaml-output/FStar_TypeChecker_Rel.ml", line 6427, characters 6-66
Called from file "src/ocaml-output/bootlibs/FStar_All.ml", line 3, characters 21-24
Called from file "src/ocaml-output/FStar_TypeChecker_Tc.ml", line 148, characters 13-60
Called from file "src/ocaml-output/FStar_TypeChecker_Tc.ml", line 186, characters 23-53
Called from file "src/ocaml-output/FStar_TypeChecker_Tc.ml", line 3973, characters 31-46
Called from file "src/basic/ml/FStar_Util.ml", line 571, characters 30-37
Called from file "src/ocaml-output/FStar_TypeChecker_Tc.ml", line 4019, characters 8-70
Called from file "src/ocaml-output/FStar_TypeChecker_Tc.ml", line 4107, characters 25-77
Called from file "src/ocaml-output/FStar_TypeChecker_Tc.ml", line 4374, characters 23-49
Called from file "src/basic/ml/FStar_Util.ml", line 44, characters 14-18
Called from file "src/ocaml-output/FStar_Universal.ml", line 287, characters 34-233
Called from file "list.ml", line 84, characters 24-34
Called from file "src/ocaml-output/bootlibs/FStar_All.ml", line 3, characters 21-24
Called from file "src/ocaml-output/FStar_SMTEncoding_Solver.ml", line 104, characters 16-20
Called from file "src/ocaml-output/FStar_Universal.ml", line 402, characters 18-66
Called from file "src/ocaml-output/FStar_Universal.ml", line 421, characters 31-72
Called from file "src/ocaml-output/FStar_Universal.ml", line 437, characters 24-71
Called from file "src/ocaml-output/FStar_Universal.ml", line 477, characters 27-69
Called from file "src/ocaml-output/FStar_Main.ml", line 204, characters 27-67
Called from file "src/ocaml-output/FStar_Main.ml", line 226, characters 6-11

make[3]: *** [Makefile:77: Hacl.Bignum.Parameters.fst-verify] Error 1
Unexpected error
Failure("Unexpected output from Z3: could not find statistics\n")
Raised at file "pervasives.ml", line 30, characters 22-33
Called from file "src/ocaml-output/FStar_SMTEncoding_Z3.ml", line 371, characters 44-62
Called from file "src/ocaml-output/FStar_SMTEncoding_Z3.ml", line 376, characters 30-52
Called from file "src/ocaml-output/FStar_SMTEncoding_Z3.ml", line 392, characters 32-63
Called from file "src/ocaml-output/FStar_SMTEncoding_Z3.ml", line 480, characters 23-43
Called from file "src/ocaml-output/FStar_SMTEncoding_Z3.ml", line 552, characters 21-29
Called from file "src/ocaml-output/FStar_SMTEncoding_Solver.ml", line 625, characters 19-73
Called from file "list.ml", line 73, characters 12-15
Called from file "src/ocaml-output/bootlibs/FStar_All.ml", line 3, characters 21-24
Called from file "src/ocaml-output/FStar_TypeChecker_Rel.ml", line 6411, characters 32-273
Called from file "src/ocaml-output/FStar_TypeChecker_Rel.ml", line 6427, characters 6-66
Called from file "src/ocaml-output/bootlibs/FStar_All.ml", line 3, characters 21-24
Called from file "src/ocaml-output/FStar_TypeChecker_Tc.ml", line 148, characters 13-60
Called from file "src/ocaml-output/FStar_TypeChecker_Tc.ml", line 186, characters 23-53
Called from file "src/ocaml-output/FStar_TypeChecker_Tc.ml", line 3973, characters 31-46
Called from file "src/basic/ml/FStar_Util.ml", line 571, characters 30-37
Called from file "src/ocaml-output/FStar_TypeChecker_Tc.ml", line 4019, characters 8-70
Called from file "src/ocaml-output/FStar_TypeChecker_Tc.ml", line 4107, characters 25-77
Called from file "src/ocaml-output/FStar_TypeChecker_Tc.ml", line 4374, characters 23-49
Called from file "src/basic/ml/FStar_Util.ml", line 44, characters 14-18
Called from file "src/ocaml-output/FStar_Universal.ml", line 287, characters 34-233
Called from file "list.ml", line 84, characters 24-34
Called from file "src/ocaml-output/bootlibs/FStar_All.ml", line 3, characters 21-24
Called from file "src/ocaml-output/FStar_SMTEncoding_Solver.ml", line 104, characters 16-20
Called from file "src/ocaml-output/FStar_Universal.ml", line 402, characters 18-66
Called from file "src/ocaml-output/FStar_Universal.ml", line 421, characters 31-72
Called from file "src/ocaml-output/FStar_Universal.ml", line 437, characters 24-71
Called from file "src/ocaml-output/FStar_Universal.ml", line 477, characters 27-69
Called from file "src/ocaml-output/FStar_Main.ml", line 204, characters 27-67
Called from file "src/ocaml-output/FStar_Main.ml", line 226, characters 6-11

make[3]: *** [Makefile:64: Hacl.Bignum.Parameters.fst-verify] Error 1
Unexpected error
Failure("Unexpected output from Z3: could not find statistics\n")
Raised at file "pervasives.ml", line 30, characters 22-33
Called from file "src/ocaml-output/FStar_SMTEncoding_Z3.ml", line 371, characters 44-62
Called from file "src/ocaml-output/FStar_SMTEncoding_Z3.ml", line 376, characters 30-52
Called from file "src/ocaml-output/FStar_SMTEncoding_Z3.ml", line 392, characters 32-63
Called from file "src/ocaml-output/FStar_SMTEncoding_Z3.ml", line 480, characters 23-43
Called from file "src/ocaml-output/FStar_SMTEncoding_Z3.ml", line 552, characters 21-29
Called from file "src/ocaml-output/FStar_SMTEncoding_Solver.ml", line 625, characters 19-73
Called from file "list.ml", line 73, characters 12-15
Called from file "src/ocaml-output/bootlibs/FStar_All.ml", line 3, characters 21-24
Called from file "src/ocaml-output/FStar_TypeChecker_Rel.ml", line 6411, characters 32-273
Called from file "src/ocaml-output/FStar_TypeChecker_Rel.ml", line 6427, characters 6-66
Called from file "src/ocaml-output/bootlibs/FStar_All.ml", line 3, characters 21-24
Called from file "src/ocaml-output/FStar_TypeChecker_Tc.ml", line 148, characters 13-60
Called from file "src/ocaml-output/FStar_TypeChecker_Tc.ml", line 186, characters 23-53
Called from file "src/ocaml-output/FStar_TypeChecker_Tc.ml", line 3973, characters 31-46
Called from file "src/basic/ml/FStar_Util.ml", line 571, characters 30-37
Called from file "src/ocaml-output/FStar_TypeChecker_Tc.ml", line 4019, characters 8-70
Called from file "src/ocaml-output/FStar_TypeChecker_Tc.ml", line 4107, characters 25-77
Called from file "src/ocaml-output/FStar_TypeChecker_Tc.ml", line 4374, characters 23-49
Called from file "src/basic/ml/FStar_Util.ml", line 44, characters 14-18
Called from file "src/ocaml-output/FStar_Universal.ml", line 287, characters 34-233
Called from file "list.ml", line 84, characters 24-34
Called from file "src/ocaml-output/bootlibs/FStar_All.ml", line 3, characters 21-24
Called from file "src/ocaml-output/FStar_SMTEncoding_Solver.ml", line 104, characters 16-20
Called from file "src/ocaml-output/FStar_Universal.ml", line 402, characters 18-66
Called from file "src/ocaml-output/FStar_Universal.ml", line 421, characters 31-72
Called from file "src/ocaml-output/FStar_Universal.ml", line 437, characters 24-71
Called from file "src/ocaml-output/FStar_Universal.ml", line 477, characters 27-69
Called from file "src/ocaml-output/FStar_Main.ml", line 204, characters 27-67
Called from file "src/ocaml-output/FStar_Main.ml", line 226, characters 6-11

make[3]: *** [Makefile:45: Hacl.Lib.Create.fst-verify] Error 1
Unexpected error
Failure("Unexpected output from Z3: could not find statistics\n")
Raised at file "pervasives.ml", line 30, characters 22-33
Called from file "src/ocaml-output/FStar_SMTEncoding_Z3.ml", line 371, characters 44-62
Called from file "src/ocaml-output/FStar_SMTEncoding_Z3.ml", line 376, characters 30-52
Called from file "src/ocaml-output/FStar_SMTEncoding_Z3.ml", line 392, characters 32-63
Called from file "src/ocaml-output/FStar_SMTEncoding_Z3.ml", line 480, characters 23-43
Called from file "src/ocaml-output/FStar_SMTEncoding_Z3.ml", line 552, characters 21-29
Called from file "src/ocaml-output/FStar_SMTEncoding_Solver.ml", line 625, characters 19-73
Called from file "list.ml", line 73, characters 12-15
Called from file "src/ocaml-output/bootlibs/FStar_All.ml", line 3, characters 21-24
Called from file "src/ocaml-output/FStar_TypeChecker_Rel.ml", line 6288, characters 24-56
Called from file "src/ocaml-output/FStar_TypeChecker_Rel.ml", line 6446, characters 28-50
Called from file "src/ocaml-output/FStar_TypeChecker_Util.ml", line 3437, characters 10-58
Called from file "src/ocaml-output/FStar_TypeChecker_TcTerm.ml", line 4578, characters 26-77
Called from file "src/ocaml-output/FStar_TypeChecker_Tc.ml", line 3609, characters 20-1023
Called from file "src/ocaml-output/FStar_TypeChecker_Tc.ml", line 3973, characters 31-46
Called from file "src/basic/ml/FStar_Util.ml", line 571, characters 30-37
Called from file "src/ocaml-output/FStar_TypeChecker_Tc.ml", line 4019, characters 8-70
Called from file "src/ocaml-output/FStar_TypeChecker_Tc.ml", line 4107, characters 25-77
Called from file "src/ocaml-output/FStar_TypeChecker_Tc.ml", line 4374, characters 23-49
Called from file "src/basic/ml/FStar_Util.ml", line 44, characters 14-18
Called from file "src/ocaml-output/FStar_Universal.ml", line 287, characters 34-233
Called from file "list.ml", line 84, characters 24-34
Called from file "src/ocaml-output/bootlibs/FStar_All.ml", line 3, characters 21-24
Called from file "src/ocaml-output/FStar_SMTEncoding_Solver.ml", line 104, characters 16-20
Called from file "src/ocaml-output/FStar_Universal.ml", line 402, characters 18-66
Called from file "src/ocaml-output/FStar_Universal.ml", line 421, characters 31-72
Called from file "src/ocaml-output/FStar_Universal.ml", line 437, characters 24-71
Called from file "src/ocaml-output/FStar_Universal.ml", line 477, characters 27-69
Called from file "src/ocaml-output/FStar_Main.ml", line 204, characters 27-67
Called from file "src/ocaml-output/FStar_Main.ml", line 226, characters 6-11

make[3]: *** [Makefile:77: Hacl.Spec.Bignum.Modulo.fst-verify] Error 1
Unexpected error
Failure("Unexpected output from Z3: could not find statistics\n")
Raised at file "pervasives.ml", line 30, characters 22-33
Called from file "src/ocaml-output/FStar_SMTEncoding_Z3.ml", line 371, characters 44-62
Called from file "src/ocaml-output/FStar_SMTEncoding_Z3.ml", line 376, characters 30-52
Called from file "src/ocaml-output/FStar_SMTEncoding_Z3.ml", line 392, characters 32-63
Called from file "src/ocaml-output/FStar_SMTEncoding_Z3.ml", line 480, characters 23-43
Called from file "src/ocaml-output/FStar_SMTEncoding_Z3.ml", line 552, characters 21-29
Called from file "src/ocaml-output/FStar_SMTEncoding_Solver.ml", line 625, characters 19-73
Called from file "list.ml", line 73, characters 12-15
Called from file "src/ocaml-output/bootlibs/FStar_All.ml", line 3, characters 21-24
Called from file "src/ocaml-output/FStar_TypeChecker_Rel.ml", line 6411, characters 32-273
Called from file "src/ocaml-output/FStar_TypeChecker_Rel.ml", line 6427, characters 6-66
Called from file "src/ocaml-output/bootlibs/FStar_All.ml", line 3, characters 21-24
Called from file "src/ocaml-output/FStar_TypeChecker_Tc.ml", line 148, characters 13-60
Called from file "src/ocaml-output/FStar_TypeChecker_Tc.ml", line 186, characters 23-53
Called from file "src/ocaml-output/FStar_TypeChecker_Tc.ml", line 3973, characters 31-46
Called from file "src/basic/ml/FStar_Util.ml", line 571, characters 30-37
Called from file "src/ocaml-output/FStar_TypeChecker_Tc.ml", line 4019, characters 8-70
Called from file "src/ocaml-output/FStar_TypeChecker_Tc.ml", line 4107, characters 25-77
Called from file "src/ocaml-output/FStar_TypeChecker_Tc.ml", line 4374, characters 23-49
Called from file "src/basic/ml/FStar_Util.ml", line 44, characters 14-18
Called from file "src/ocaml-output/FStar_Universal.ml", line 287, characters 34-233
Called from file "list.ml", line 84, characters 24-34
Called from file "src/ocaml-output/bootlibs/FStar_All.ml", line 3, characters 21-24
Called from file "src/ocaml-output/FStar_SMTEncoding_Solver.ml", line 104, characters 16-20
Called from file "src/ocaml-output/FStar_Universal.ml", line 402, characters 18-66
Called from file "src/ocaml-output/FStar_Universal.ml", line 421, characters 31-72
Called from file "src/ocaml-output/FStar_Universal.ml", line 437, characters 24-71
Called from file "src/ocaml-output/FStar_Universal.ml", line 477, characters 27-69
Called from file "src/ocaml-output/FStar_Main.ml", line 204, characters 27-67
Called from file "src/ocaml-output/FStar_Main.ml", line 226, characters 6-11

make[4]: *** [Makefile:106: Hacl.Lib.Create64.fst-verify] Error 1
make[4]: *** Waiting for unfinished jobs....
Unexpected error
Failure("Unexpected output from Z3: could not find statistics\n")
Raised at file "pervasives.ml", line 30, characters 22-33
Called from file "src/ocaml-output/FStar_SMTEncoding_Z3.ml", line 371, characters 44-62
Called from file "src/ocaml-output/FStar_SMTEncoding_Z3.ml", line 376, characters 30-52
Called from file "src/ocaml-output/FStar_SMTEncoding_Z3.ml", line 392, characters 32-63
Called from file "src/ocaml-output/FStar_SMTEncoding_Z3.ml", line 480, characters 23-43
Called from file "src/ocaml-output/FStar_SMTEncoding_Z3.ml", line 552, characters 21-29
Called from file "src/ocaml-output/FStar_SMTEncoding_Solver.ml", line 625, characters 19-73
Called from file "list.ml", line 73, characters 12-15
Called from file "src/ocaml-output/bootlibs/FStar_All.ml", line 3, characters 21-24
Called from file "src/ocaml-output/FStar_TypeChecker_Rel.ml", line 6411, characters 32-273
Called from file "src/ocaml-output/FStar_TypeChecker_Rel.ml", line 6427, characters 6-66
Called from file "src/ocaml-output/bootlibs/FStar_All.ml", line 3, characters 21-24
Called from file "src/ocaml-output/FStar_TypeChecker_Tc.ml", line 3609, characters 20-1023
Called from file "src/ocaml-output/FStar_TypeChecker_Tc.ml", line 3973, characters 31-46
Called from file "src/basic/ml/FStar_Util.ml", line 571, characters 30-37
Called from file "src/ocaml-output/FStar_TypeChecker_Tc.ml", line 4019, characters 8-70
Called from file "src/ocaml-output/FStar_TypeChecker_Tc.ml", line 4107, characters 25-77
Called from file "src/ocaml-output/FStar_TypeChecker_Tc.ml", line 4374, characters 23-49
Called from file "src/basic/ml/FStar_Util.ml", line 44, characters 14-18
Called from file "src/ocaml-output/FStar_Universal.ml", line 287, characters 34-233
Called from file "list.ml", line 84, characters 24-34
Called from file "src/ocaml-output/bootlibs/FStar_All.ml", line 3, characters 21-24
Called from file "src/ocaml-output/FStar_SMTEncoding_Solver.ml", line 104, characters 16-20
Called from file "src/ocaml-output/FStar_Universal.ml", line 402, characters 18-66
Called from file "src/ocaml-output/FStar_Universal.ml", line 421, characters 31-72
Called from file "src/ocaml-output/FStar_Universal.ml", line 437, characters 24-71
Called from file "src/ocaml-output/FStar_Universal.ml", line 477, characters 27-69
Called from file "src/ocaml-output/FStar_Main.ml", line 204, characters 27-67
Called from file "src/ocaml-output/FStar_Main.ml", line 226, characters 6-11

make[3]: *** [Makefile:64: Hacl.Spec.Bignum.Modulo.fst-verify] Error 1
Unexpected error
Failure("Unexpected output from Z3: could not find statistics\n")
Raised at file "pervasives.ml", line 30, characters 22-33
Called from file "src/ocaml-output/FStar_SMTEncoding_Z3.ml", line 371, characters 44-62
Called from file "src/ocaml-output/FStar_SMTEncoding_Z3.ml", line 376, characters 30-52
Called from file "src/ocaml-output/FStar_SMTEncoding_Z3.ml", line 392, characters 32-63
Called from file "src/ocaml-output/FStar_SMTEncoding_Z3.ml", line 480, characters 23-43
Called from file "src/ocaml-output/FStar_SMTEncoding_Z3.ml", line 552, characters 21-29
Called from file "src/ocaml-output/FStar_SMTEncoding_Solver.ml", line 625, characters 19-73
Called from file "list.ml", line 73, characters 12-15
Called from file "src/ocaml-output/bootlibs/FStar_All.ml", line 3, characters 21-24
Called from file "src/ocaml-output/FStar_TypeChecker_Rel.ml", line 6411, characters 32-273
Called from file "src/ocaml-output/FStar_TypeChecker_Rel.ml", line 6427, characters 6-66
Called from file "src/ocaml-output/bootlibs/FStar_All.ml", line 3, characters 21-24
Called from file "src/ocaml-output/FStar_TypeChecker_Tc.ml", line 148, characters 13-60
Called from file "src/ocaml-output/FStar_TypeChecker_Tc.ml", line 186, characters 23-53
Called from file "src/ocaml-output/FStar_TypeChecker_Tc.ml", line 3973, characters 31-46
Called from file "src/basic/ml/FStar_Util.ml", line 571, characters 30-37
Called from file "src/ocaml-output/FStar_TypeChecker_Tc.ml", line 4019, characters 8-70
Called from file "src/ocaml-output/FStar_TypeChecker_Tc.ml", line 4107, characters 25-77
Called from file "src/ocaml-output/FStar_TypeChecker_Tc.ml", line 4374, characters 23-49
Called from file "src/basic/ml/FStar_Util.ml", line 44, characters 14-18
Called from file "src/ocaml-output/FStar_Universal.ml", line 287, characters 34-233
Called from file "list.ml", line 84, characters 24-34
Called from file "src/ocaml-output/bootlibs/FStar_All.ml", line 3, characters 21-24
Called from file "src/ocaml-output/FStar_SMTEncoding_Solver.ml", line 104, characters 16-20
Called from file "src/ocaml-output/FStar_Universal.ml", line 402, characters 18-66
Called from file "src/ocaml-output/FStar_Universal.ml", line 421, characters 31-72
Called from file "src/ocaml-output/FStar_Universal.ml", line 437, characters 24-71
Called from file "src/ocaml-output/FStar_Universal.ml", line 477, characters 27-69
Called from file "src/ocaml-output/FStar_Main.ml", line 204, characters 27-67
Called from file "src/ocaml-output/FStar_Main.ml", line 226, characters 6-11

make[3]: *** [Makefile:45: Hacl.Lib.LoadStore32.fst-verify] Error 1
Unexpected error
Failure("Unexpected output from Z3: could not find statistics\n")
Raised at file "pervasives.ml", line 30, characters 22-33
Called from file "src/ocaml-output/FStar_SMTEncoding_Z3.ml", line 371, characters 44-62
Called from file "src/ocaml-output/FStar_SMTEncoding_Z3.ml", line 376, characters 30-52
Called from file "src/ocaml-output/FStar_SMTEncoding_Z3.ml", line 392, characters 32-63
Called from file "src/ocaml-output/FStar_SMTEncoding_Z3.ml", line 480, characters 23-43
Called from file "src/ocaml-output/FStar_SMTEncoding_Z3.ml", line 552, characters 21-29
Called from file "src/ocaml-output/FStar_SMTEncoding_Solver.ml", line 625, characters 19-73
Called from file "list.ml", line 73, characters 12-15
Called from file "src/ocaml-output/bootlibs/FStar_All.ml", line 3, characters 21-24
Called from file "src/ocaml-output/FStar_TypeChecker_Rel.ml", line 6411, characters 32-273
Called from file "src/ocaml-output/FStar_TypeChecker_Rel.ml", line 6427, characters 6-66
Called from file "src/ocaml-output/bootlibs/FStar_All.ml", line 3, characters 21-24
Called from file "src/ocaml-output/FStar_TypeChecker_Tc.ml", line 3609, characters 20-1023
Called from file "src/ocaml-output/FStar_TypeChecker_Tc.ml", line 3973, characters 31-46
Called from file "src/basic/ml/FStar_Util.ml", line 571, characters 30-37
Called from file "src/ocaml-output/FStar_TypeChecker_Tc.ml", line 4019, characters 8-70
Called from file "src/ocaml-output/FStar_TypeChecker_Tc.ml", line 4107, characters 25-77
Called from file "src/ocaml-output/FStar_TypeChecker_Tc.ml", line 4374, characters 23-49
Called from file "src/basic/ml/FStar_Util.ml", line 44, characters 14-18
Called from file "src/ocaml-output/FStar_Universal.ml", line 287, characters 34-233
Called from file "list.ml", line 84, characters 24-34
Called from file "src/ocaml-output/bootlibs/FStar_All.ml", line 3, characters 21-24
Called from file "src/ocaml-output/FStar_SMTEncoding_Solver.ml", line 104, characters 16-20
Called from file "src/ocaml-output/FStar_Universal.ml", line 402, characters 18-66
Called from file "src/ocaml-output/FStar_Universal.ml", line 421, characters 31-72
Called from file "src/ocaml-output/FStar_Universal.ml", line 437, characters 24-71
Called from file "src/ocaml-output/FStar_Universal.ml", line 477, characters 27-69
Called from file "src/ocaml-output/FStar_Main.ml", line 204, characters 27-67
Called from file "src/ocaml-output/FStar_Main.ml", line 226, characters 6-11

make[3]: *** [Makefile:64: Hacl.Spec.Bignum.AddAndMultiply.fst-verify] Error 1
make[2]: *** [Makefile:43: poly1305-specific-ci] Error 2
make[2]: *** Waiting for unfinished jobs....
Unexpected error
Failure("Unexpected output from Z3: could not find statistics\n")
Raised at file "pervasives.ml", line 30, characters 22-33
Called from file "src/ocaml-output/FStar_SMTEncoding_Z3.ml", line 371, characters 44-62
Called from file "src/ocaml-output/FStar_SMTEncoding_Z3.ml", line 376, characters 30-52
Called from file "src/ocaml-output/FStar_SMTEncoding_Z3.ml", line 392, characters 32-63
Called from file "src/ocaml-output/FStar_SMTEncoding_Z3.ml", line 480, characters 23-43
Called from file "src/ocaml-output/FStar_SMTEncoding_Z3.ml", line 552, characters 21-29
Called from file "src/ocaml-output/FStar_SMTEncoding_Solver.ml", line 625, characters 19-73
Called from file "list.ml", line 73, characters 12-15
Called from file "src/ocaml-output/bootlibs/FStar_All.ml", line 3, characters 21-24
Called from file "src/ocaml-output/FStar_TypeChecker_Rel.ml", line 6288, characters 24-56
Called from file "src/ocaml-output/FStar_TypeChecker_TcTerm.ml", line 2904, characters 35-128
Called from file "src/ocaml-output/FStar_TypeChecker_TcTerm.ml", line 5354, characters 21-1023
Called from file "src/ocaml-output/FStar_TypeChecker_TcTerm.ml", line 4542, characters 27-59
Called from file "src/ocaml-output/FStar_TypeChecker_Tc.ml", line 3609, characters 20-1023
Called from file "src/ocaml-output/FStar_TypeChecker_Tc.ml", line 3973, characters 31-46
Called from file "src/basic/ml/FStar_Util.ml", line 571, characters 30-37
Called from file "src/ocaml-output/FStar_TypeChecker_Tc.ml", line 4019, characters 8-70
Called from file "src/ocaml-output/FStar_TypeChecker_Tc.ml", line 4107, characters 25-77
Called from file "src/ocaml-output/FStar_TypeChecker_Tc.ml", line 4374, characters 23-49
Called from file "src/basic/ml/FStar_Util.ml", line 44, characters 14-18
Called from file "src/ocaml-output/FStar_Universal.ml", line 287, characters 34-233
Called from file "list.ml", line 84, characters 24-34
Called from file "src/ocaml-output/bootlibs/FStar_All.ml", line 3, characters 21-24
Called from file "src/ocaml-output/FStar_SMTEncoding_Solver.ml", line 104, characters 16-20
Called from file "src/ocaml-output/FStar_Universal.ml", line 402, characters 18-66
Called from file "src/ocaml-output/FStar_Universal.ml", line 421, characters 31-72
Called from file "src/ocaml-output/FStar_Universal.ml", line 437, characters 24-71
Called from file "src/ocaml-output/FStar_Universal.ml", line 477, characters 27-69
Called from file "src/ocaml-output/FStar_Main.ml", line 204, characters 27-67
Called from file "src/ocaml-output/FStar_Main.ml", line 226, characters 6-11

make[3]: *** [Makefile:77: Hacl.Spec.EC.AddAndDouble.fst-verify] Error 1
Unexpected error
Failure("Unexpected output from Z3: could not find statistics\n")
Raised at file "pervasives.ml", line 30, characters 22-33
Called from file "src/ocaml-output/FStar_SMTEncoding_Z3.ml", line 371, characters 44-62
Called from file "src/ocaml-output/FStar_SMTEncoding_Z3.ml", line 376, characters 30-52
Called from file "src/ocaml-output/FStar_SMTEncoding_Z3.ml", line 392, characters 32-63
Called from file "src/ocaml-output/FStar_SMTEncoding_Z3.ml", line 480, characters 23-43
Called from file "src/ocaml-output/FStar_SMTEncoding_Z3.ml", line 552, characters 21-29
Called from file "src/ocaml-output/FStar_SMTEncoding_Solver.ml", line 625, characters 19-73
Called from file "list.ml", line 73, characters 12-15
Called from file "src/ocaml-output/bootlibs/FStar_All.ml", line 3, characters 21-24
Called from file "src/ocaml-output/FStar_TypeChecker_Rel.ml", line 6288, characters 24-56
Called from file "src/ocaml-output/FStar_TypeChecker_TcTerm.ml", line 2904, characters 35-128
Called from file "src/ocaml-output/FStar_TypeChecker_TcTerm.ml", line 5354, characters 21-1023
Called from file "src/ocaml-output/FStar_TypeChecker_TcTerm.ml", line 4542, characters 27-59
Called from file "src/ocaml-output/FStar_TypeChecker_Tc.ml", line 3609, characters 20-1023
Called from file "src/ocaml-output/FStar_TypeChecker_Tc.ml", line 3973, characters 31-46
Called from file "src/basic/ml/FStar_Util.ml", line 571, characters 30-37
Called from file "src/ocaml-output/FStar_TypeChecker_Tc.ml", line 4019, characters 8-70
Called from file "src/ocaml-output/FStar_TypeChecker_Tc.ml", line 4107, characters 25-77
Called from file "src/ocaml-output/FStar_TypeChecker_Tc.ml", line 4374, characters 23-49
Called from file "src/basic/ml/FStar_Util.ml", line 44, characters 14-18
Called from file "src/ocaml-output/FStar_Universal.ml", line 287, characters 34-233
Called from file "list.ml", line 84, characters 24-34
Called from file "src/ocaml-output/bootlibs/FStar_All.ml", line 3, characters 21-24
Called from file "src/ocaml-output/FStar_SMTEncoding_Solver.ml", line 104, characters 16-20
Called from file "src/ocaml-output/FStar_Universal.ml", line 402, characters 18-66
Called from file "src/ocaml-output/FStar_Universal.ml", line 421, characters 31-72
Called from file "src/ocaml-output/FStar_Universal.ml", line 437, characters 24-71
Called from file "src/ocaml-output/FStar_Universal.ml", line 477, characters 27-69
Called from file "src/ocaml-output/FStar_Main.ml", line 204, characters 27-67
Called from file "src/ocaml-output/FStar_Main.ml", line 226, characters 6-11

make[4]: *** [Makefile:64: ../bignum/Hacl.Bignum.Limb.fst-verify] Error 1
make[3]: *** [Makefile:97: bignum-ci] Error 2
make[2]: *** [Makefile:39: bignum-ci] Error 2
Unexpected error
Failure("Unexpected output from Z3: could not find statistics\n")
Raised at file "pervasives.ml", line 30, characters 22-33
Called from file "src/ocaml-output/FStar_SMTEncoding_Z3.ml", line 371, characters 44-62
Called from file "src/ocaml-output/FStar_SMTEncoding_Z3.ml", line 376, characters 30-52
Called from file "src/ocaml-output/FStar_SMTEncoding_Z3.ml", line 392, characters 32-63
Called from file "src/ocaml-output/FStar_SMTEncoding_Z3.ml", line 480, characters 23-43
Called from file "src/ocaml-output/FStar_SMTEncoding_Z3.ml", line 552, characters 21-29
Called from file "src/ocaml-output/FStar_SMTEncoding_Solver.ml", line 625, characters 19-73
Called from file "list.ml", line 73, characters 12-15
Called from file "src/ocaml-output/bootlibs/FStar_All.ml", line 3, characters 21-24
Called from file "src/ocaml-output/FStar_TypeChecker_Rel.ml", line 6411, characters 32-273
Called from file "src/ocaml-output/FStar_TypeChecker_Rel.ml", line 6427, characters 6-66
Called from file "src/ocaml-output/bootlibs/FStar_All.ml", line 3, characters 21-24
Called from file "src/ocaml-output/FStar_TypeChecker_Tc.ml", line 3609, characters 20-1023
Called from file "src/ocaml-output/FStar_TypeChecker_Tc.ml", line 3973, characters 31-46
Called from file "src/basic/ml/FStar_Util.ml", line 571, characters 30-37
Called from file "src/ocaml-output/FStar_TypeChecker_Tc.ml", line 4019, characters 8-70
Called from file "src/ocaml-output/FStar_TypeChecker_Tc.ml", line 4107, characters 25-77
Called from file "src/ocaml-output/FStar_TypeChecker_Tc.ml", line 4374, characters 23-49
Called from file "src/basic/ml/FStar_Util.ml", line 44, characters 14-18
Called from file "src/ocaml-output/FStar_Universal.ml", line 287, characters 34-233
Called from file "list.ml", line 84, characters 24-34
Called from file "src/ocaml-output/bootlibs/FStar_All.ml", line 3, characters 21-24
Called from file "src/ocaml-output/FStar_SMTEncoding_Solver.ml", line 104, characters 16-20
Called from file "src/ocaml-output/FStar_Universal.ml", line 402, characters 18-66
Called from file "src/ocaml-output/FStar_Universal.ml", line 421, characters 31-72
Called from file "src/ocaml-output/FStar_Universal.ml", line 437, characters 24-71
Called from file "src/ocaml-output/FStar_Universal.ml", line 477, characters 27-69
Called from file "src/ocaml-output/FStar_Main.ml", line 204, characters 27-67
Called from file "src/ocaml-output/FStar_Main.ml", line 226, characters 6-11

make[3]: *** [Makefile:45: Hacl.Impl.Chacha20.fst-verify] Error 1
Unexpected error
Failure("Unexpected output from Z3: could not find statistics\n")
Raised at file "pervasives.ml", line 30, characters 22-33
Called from file "src/ocaml-output/FStar_SMTEncoding_Z3.ml", line 371, characters 44-62
Called from file "src/ocaml-output/FStar_SMTEncoding_Z3.ml", line 376, characters 30-52
Called from file "src/ocaml-output/FStar_SMTEncoding_Z3.ml", line 392, characters 32-63
Called from file "src/ocaml-output/FStar_SMTEncoding_Z3.ml", line 480, characters 23-43
Called from file "src/ocaml-output/FStar_SMTEncoding_Z3.ml", line 552, characters 21-29
Called from file "src/ocaml-output/FStar_SMTEncoding_Solver.ml", line 625, characters 19-73
Called from file "list.ml", line 73, characters 12-15
Called from file "src/ocaml-output/bootlibs/FStar_All.ml", line 3, characters 21-24
Called from file "src/ocaml-output/FStar_TypeChecker_Rel.ml", line 6288, characters 24-56
Called from file "src/ocaml-output/FStar_TypeChecker_TcTerm.ml", line 2904, characters 35-128
Called from file "src/ocaml-output/FStar_TypeChecker_TcTerm.ml", line 5354, characters 21-1023
Called from file "src/ocaml-output/FStar_TypeChecker_TcTerm.ml", line 4542, characters 27-59
Called from file "src/ocaml-output/FStar_TypeChecker_Tc.ml", line 3609, characters 20-1023
Called from file "src/ocaml-output/FStar_TypeChecker_Tc.ml", line 3973, characters 31-46
Called from file "src/basic/ml/FStar_Util.ml", line 571, characters 30-37
Called from file "src/ocaml-output/FStar_TypeChecker_Tc.ml", line 4019, characters 8-70
Called from file "src/ocaml-output/FStar_TypeChecker_Tc.ml", line 4107, characters 25-77
Called from file "src/ocaml-output/FStar_TypeChecker_Tc.ml", line 4374, characters 23-49
Called from file "src/basic/ml/FStar_Util.ml", line 44, characters 14-18
Called from file "src/ocaml-output/FStar_Universal.ml", line 287, characters 34-233
Called from file "list.ml", line 84, characters 24-34
Called from file "src/ocaml-output/bootlibs/FStar_All.ml", line 3, characters 21-24
Called from file "src/ocaml-output/FStar_SMTEncoding_Solver.ml", line 104, characters 16-20
Called from file "src/ocaml-output/FStar_Universal.ml", line 402, characters 18-66
Called from file "src/ocaml-output/FStar_Universal.ml", line 421, characters 31-72
Called from file "src/ocaml-output/FStar_Universal.ml", line 437, characters 24-71
Called from file "src/ocaml-output/FStar_Universal.ml", line 477, characters 27-69
Called from file "src/ocaml-output/FStar_Main.ml", line 204, characters 27-67
Called from file "src/ocaml-output/FStar_Main.ml", line 226, characters 6-11

make[3]: *** [Makefile:77: Hacl.Spec.Bignum.Crecip.fst-verify] Error 1
Unexpected error
Failure("Unexpected output from Z3: could not find statistics\n")
Raised at file "pervasives.ml", line 30, characters 22-33
Called from file "src/ocaml-output/FStar_SMTEncoding_Z3.ml", line 371, characters 44-62
Called from file "src/ocaml-output/FStar_SMTEncoding_Z3.ml", line 376, characters 30-52
Called from file "src/ocaml-output/FStar_SMTEncoding_Z3.ml", line 392, characters 32-63
Called from file "src/ocaml-output/FStar_SMTEncoding_Z3.ml", line 480, characters 23-43
Called from file "src/ocaml-output/FStar_SMTEncoding_Z3.ml", line 552, characters 21-29
Called from file "src/ocaml-output/FStar_SMTEncoding_Solver.ml", line 625, characters 19-73
Called from file "list.ml", line 73, characters 12-15
Called from file "src/ocaml-output/bootlibs/FStar_All.ml", line 3, characters 21-24
Called from file "src/ocaml-output/FStar_TypeChecker_Rel.ml", line 6411, characters 32-273
Called from file "src/ocaml-output/FStar_TypeChecker_Rel.ml", line 6427, characters 6-66
Called from file "src/ocaml-output/bootlibs/FStar_All.ml", line 3, characters 21-24
Called from file "src/ocaml-output/FStar_TypeChecker_Tc.ml", line 3609, characters 20-1023
Called from file "src/ocaml-output/FStar_TypeChecker_Tc.ml", line 3973, characters 31-46
Called from file "src/basic/ml/FStar_Util.ml", line 571, characters 30-37
Called from file "src/ocaml-output/FStar_TypeChecker_Tc.ml", line 4019, characters 8-70
Called from file "src/ocaml-output/FStar_TypeChecker_Tc.ml", line 4107, characters 25-77
Called from file "src/ocaml-output/FStar_TypeChecker_Tc.ml", line 4374, characters 23-49
Called from file "src/basic/ml/FStar_Util.ml", line 44, characters 14-18
Called from file "src/ocaml-output/FStar_Universal.ml", line 287, characters 34-233
Called from file "list.ml", line 84, characters 24-34
Called from file "src/ocaml-output/bootlibs/FStar_All.ml", line 3, characters 21-24
Called from file "src/ocaml-output/FStar_SMTEncoding_Solver.ml", line 104, characters 16-20
Called from file "src/ocaml-output/FStar_Universal.ml", line 402, characters 18-66
Called from file "src/ocaml-output/FStar_Universal.ml", line 421, characters 31-72
Called from file "src/ocaml-output/FStar_Universal.ml", line 437, characters 24-71
Called from file "src/ocaml-output/FStar_Universal.ml", line 477, characters 27-69
Called from file "src/ocaml-output/FStar_Main.ml", line 204, characters 27-67
Called from file "src/ocaml-output/FStar_Main.ml", line 226, characters 6-11

make[3]: *** [Makefile:45: Hacl.Impl.Salsa20.fst-verify] Error 1
Unexpected error
Failure("Unexpected output from Z3: could not find statistics\n")
Raised at file "pervasives.ml", line 30, characters 22-33
Called from file "src/ocaml-output/FStar_SMTEncoding_Z3.ml", line 371, characters 44-62
Called from file "src/ocaml-output/FStar_SMTEncoding_Z3.ml", line 376, characters 30-52
Called from file "src/ocaml-output/FStar_SMTEncoding_Z3.ml", line 392, characters 32-63
Called from file "src/ocaml-output/FStar_SMTEncoding_Z3.ml", line 480, characters 23-43
Called from file "src/ocaml-output/FStar_SMTEncoding_Z3.ml", line 552, characters 21-29
Called from file "src/ocaml-output/FStar_SMTEncoding_Solver.ml", line 625, characters 19-73
Called from file "list.ml", line 73, characters 12-15
Called from file "src/ocaml-output/bootlibs/FStar_All.ml", line 3, characters 21-24
Called from file "src/ocaml-output/FStar_TypeChecker_Rel.ml", line 6411, characters 32-273
Called from file "src/ocaml-output/FStar_TypeChecker_Rel.ml", line 6427, characters 6-66
Called from file "src/ocaml-output/bootlibs/FStar_All.ml", line 3, characters 21-24
Called from file "src/ocaml-output/FStar_TypeChecker_Tc.ml", line 3609, characters 20-1023
Called from file "src/ocaml-output/FStar_TypeChecker_Tc.ml", line 3973, characters 31-46
Called from file "src/basic/ml/FStar_Util.ml", line 571, characters 30-37
Called from file "src/ocaml-output/FStar_TypeChecker_Tc.ml", line 4019, characters 8-70
Called from file "src/ocaml-output/FStar_TypeChecker_Tc.ml", line 4107, characters 25-77
Called from file "src/ocaml-output/FStar_TypeChecker_Tc.ml", line 4374, characters 23-49
Called from file "src/basic/ml/FStar_Util.ml", line 44, characters 14-18
Called from file "src/ocaml-output/FStar_Universal.ml", line 287, characters 34-233
Called from file "list.ml", line 84, characters 24-34
Called from file "src/ocaml-output/bootlibs/FStar_All.ml", line 3, characters 21-24
Called from file "src/ocaml-output/FStar_SMTEncoding_Solver.ml", line 104, characters 16-20
Called from file "src/ocaml-output/FStar_Universal.ml", line 402, characters 18-66
Called from file "src/ocaml-output/FStar_Universal.ml", line 421, characters 31-72
Called from file "src/ocaml-output/FStar_Universal.ml", line 437, characters 24-71
Called from file "src/ocaml-output/FStar_Universal.ml", line 477, characters 27-69
Called from file "src/ocaml-output/FStar_Main.ml", line 204, characters 27-67
Called from file "src/ocaml-output/FStar_Main.ml", line 226, characters 6-11

make[3]: *** [Makefile:77: Hacl.Bignum.Modulo.fst-verify] Error 1
make[2]: *** [Makefile:46: x25519-specific-ci] Error 2
Unexpected error
Failure("Unexpected output from Z3: could not find statistics\n")
Raised at file "pervasives.ml", line 30, characters 22-33
Called from file "src/ocaml-output/FStar_SMTEncoding_Z3.ml", line 371, characters 44-62
Called from file "src/ocaml-output/FStar_SMTEncoding_Z3.ml", line 376, characters 30-52
Called from file "src/ocaml-output/FStar_SMTEncoding_Z3.ml", line 392, characters 32-63
Called from file "src/ocaml-output/FStar_SMTEncoding_Z3.ml", line 480, characters 23-43
Called from file "src/ocaml-output/FStar_SMTEncoding_Z3.ml", line 552, characters 21-29
Called from file "src/ocaml-output/FStar_SMTEncoding_Solver.ml", line 625, characters 19-73
Called from file "list.ml", line 73, characters 12-15
Called from file "src/ocaml-output/bootlibs/FStar_All.ml", line 3, characters 21-24
Called from file "src/ocaml-output/FStar_TypeChecker_Rel.ml", line 6411, characters 32-273
Called from file "src/ocaml-output/FStar_TypeChecker_Rel.ml", line 6427, characters 6-66
Called from file "src/ocaml-output/bootlibs/FStar_All.ml", line 3, characters 21-24
Called from file "src/ocaml-output/FStar_TypeChecker_Tc.ml", line 148, characters 13-60
Called from file "src/ocaml-output/FStar_TypeChecker_Tc.ml", line 186, characters 23-53
Called from file "src/ocaml-output/FStar_TypeChecker_Tc.ml", line 3973, characters 31-46
Called from file "src/basic/ml/FStar_Util.ml", line 571, characters 30-37
Called from file "src/ocaml-output/FStar_TypeChecker_Tc.ml", line 4019, characters 8-70
Called from file "src/ocaml-output/FStar_TypeChecker_Tc.ml", line 4107, characters 25-77
Called from file "src/ocaml-output/FStar_TypeChecker_Tc.ml", line 4374, characters 23-49
Called from file "src/basic/ml/FStar_Util.ml", line 44, characters 14-18
Called from file "src/ocaml-output/FStar_Universal.ml", line 287, characters 34-233
Called from file "list.ml", line 84, characters 24-34
Called from file "src/ocaml-output/bootlibs/FStar_All.ml", line 3, characters 21-24
Called from file "src/ocaml-output/FStar_SMTEncoding_Solver.ml", line 104, characters 16-20
Called from file "src/ocaml-output/FStar_Universal.ml", line 402, characters 18-66
Called from file "src/ocaml-output/FStar_Universal.ml", line 421, characters 31-72
Called from file "src/ocaml-output/FStar_Universal.ml", line 437, characters 24-71
Called from file "src/ocaml-output/FStar_Universal.ml", line 477, characters 27-69
Called from file "src/ocaml-output/FStar_Main.ml", line 204, characters 27-67
Called from file "src/ocaml-output/FStar_Main.ml", line 226, characters 6-11

make[3]: *** [Makefile:45: Hacl.SecureAPI.Chacha20.fst-verify] Error 1
Unexpected error
Failure("Unexpected output from Z3: could not find statistics\n")
Raised at file "pervasives.ml", line 30, characters 22-33
Called from file "src/ocaml-output/FStar_SMTEncoding_Z3.ml", line 371, characters 44-62
Called from file "src/ocaml-output/FStar_SMTEncoding_Z3.ml", line 376, characters 30-52
Called from file "src/ocaml-output/FStar_SMTEncoding_Z3.ml", line 392, characters 32-63
Called from file "src/ocaml-output/FStar_SMTEncoding_Z3.ml", line 480, characters 23-43
Called from file "src/ocaml-output/FStar_SMTEncoding_Z3.ml", line 552, characters 21-29
Called from file "src/ocaml-output/FStar_SMTEncoding_Solver.ml", line 625, characters 19-73
Called from file "list.ml", line 73, characters 12-15
Called from file "src/ocaml-output/bootlibs/FStar_All.ml", line 3, characters 21-24
Called from file "src/ocaml-output/FStar_TypeChecker_Rel.ml", line 6411, characters 32-273
Called from file "src/ocaml-output/FStar_TypeChecker_Rel.ml", line 6427, characters 6-66
Called from file "src/ocaml-output/bootlibs/FStar_All.ml", line 3, characters 21-24
Called from file "src/ocaml-output/FStar_TypeChecker_Tc.ml", line 148, characters 13-60
Called from file "src/ocaml-output/FStar_TypeChecker_Tc.ml", line 186, characters 23-53
Called from file "src/ocaml-output/FStar_TypeChecker_Tc.ml", line 3973, characters 31-46
Called from file "src/basic/ml/FStar_Util.ml", line 571, characters 30-37
Called from file "src/ocaml-output/FStar_TypeChecker_Tc.ml", line 4019, characters 8-70
Called from file "src/ocaml-output/FStar_TypeChecker_Tc.ml", line 4107, characters 25-77
Called from file "src/ocaml-output/FStar_TypeChecker_Tc.ml", line 4374, characters 23-49
Called from file "src/basic/ml/FStar_Util.ml", line 44, characters 14-18
Called from file "src/ocaml-output/FStar_Universal.ml", line 287, characters 34-233
Called from file "list.ml", line 84, characters 24-34
Called from file "src/ocaml-output/bootlibs/FStar_All.ml", line 3, characters 21-24
Called from file "src/ocaml-output/FStar_SMTEncoding_Solver.ml", line 104, characters 16-20
Called from file "src/ocaml-output/FStar_Universal.ml", line 402, characters 18-66
Called from file "src/ocaml-output/FStar_Universal.ml", line 421, characters 31-72
Called from file "src/ocaml-output/FStar_Universal.ml", line 437, characters 24-71
Called from file "src/ocaml-output/FStar_Universal.ml", line 477, characters 27-69
Called from file "src/ocaml-output/FStar_Main.ml", line 204, characters 27-67
Called from file "src/ocaml-output/FStar_Main.ml", line 226, characters 6-11

make[3]: *** [Makefile:45: Chacha20.fst-verify] Error 1
Unexpected error
Failure("Unexpected output from Z3: could not find statistics\n")
Raised at file "pervasives.ml", line 30, characters 22-33
Called from file "src/ocaml-output/FStar_SMTEncoding_Z3.ml", line 371, characters 44-62
Called from file "src/ocaml-output/FStar_SMTEncoding_Z3.ml", line 376, characters 30-52
Called from file "src/ocaml-output/FStar_SMTEncoding_Z3.ml", line 392, characters 32-63
Called from file "src/ocaml-output/FStar_SMTEncoding_Z3.ml", line 480, characters 23-43
Called from file "src/ocaml-output/FStar_SMTEncoding_Z3.ml", line 552, characters 21-29
Called from file "src/ocaml-output/FStar_SMTEncoding_Solver.ml", line 625, characters 19-73
Called from file "list.ml", line 73, characters 12-15
Called from file "src/ocaml-output/bootlibs/FStar_All.ml", line 3, characters 21-24
Called from file "src/ocaml-output/FStar_TypeChecker_Rel.ml", line 6411, characters 32-273
Called from file "src/ocaml-output/FStar_TypeChecker_Rel.ml", line 6427, characters 6-66
Called from file "src/ocaml-output/bootlibs/FStar_All.ml", line 3, characters 21-24
Called from file "src/ocaml-output/FStar_TypeChecker_Tc.ml", line 3609, characters 20-1023
Called from file "src/ocaml-output/FStar_TypeChecker_Tc.ml", line 3973, characters 31-46
Called from file "src/basic/ml/FStar_Util.ml", line 571, characters 30-37
Called from file "src/ocaml-output/FStar_TypeChecker_Tc.ml", line 4019, characters 8-70
Called from file "src/ocaml-output/FStar_TypeChecker_Tc.ml", line 4107, characters 25-77
Called from file "src/ocaml-output/FStar_TypeChecker_Tc.ml", line 4374, characters 23-49
Called from file "src/basic/ml/FStar_Util.ml", line 44, characters 14-18
Called from file "src/ocaml-output/FStar_Universal.ml", line 287, characters 34-233
Called from file "list.ml", line 84, characters 24-34
Called from file "src/ocaml-output/bootlibs/FStar_All.ml", line 3, characters 21-24
Called from file "src/ocaml-output/FStar_SMTEncoding_Solver.ml", line 104, characters 16-20
Called from file "src/ocaml-output/FStar_Universal.ml", line 402, characters 18-66
Called from file "src/ocaml-output/FStar_Universal.ml", line 421, characters 31-72
Called from file "src/ocaml-output/FStar_Universal.ml", line 437, characters 24-71
Called from file "src/ocaml-output/FStar_Universal.ml", line 477, characters 27-69
Called from file "src/ocaml-output/FStar_Main.ml", line 204, characters 27-67
Called from file "src/ocaml-output/FStar_Main.ml", line 226, characters 6-11

make[3]: *** [Makefile:45: Hacl.Impl.HSalsa20.fst-verify] Error 1
Unexpected error
Failure("Unexpected output from Z3: could not find statistics\n")
Raised at file "pervasives.ml", line 30, characters 22-33
Called from file "src/ocaml-output/FStar_SMTEncoding_Z3.ml", line 371, characters 44-62
Called from file "src/ocaml-output/FStar_SMTEncoding_Z3.ml", line 376, characters 30-52
Called from file "src/ocaml-output/FStar_SMTEncoding_Z3.ml", line 392, characters 32-63
Called from file "src/ocaml-output/FStar_SMTEncoding_Z3.ml", line 480, characters 23-43
Called from file "src/ocaml-output/FStar_SMTEncoding_Z3.ml", line 552, characters 21-29
Called from file "src/ocaml-output/FStar_SMTEncoding_Solver.ml", line 625, characters 19-73
Called from file "list.ml", line 73, characters 12-15
Called from file "src/ocaml-output/bootlibs/FStar_All.ml", line 3, characters 21-24
Called from file "src/ocaml-output/FStar_TypeChecker_Rel.ml", line 6411, characters 32-273
Called from file "src/ocaml-output/FStar_TypeChecker_Rel.ml", line 6427, characters 6-66
Called from file "src/ocaml-output/bootlibs/FStar_All.ml", line 3, characters 21-24
Called from file "src/ocaml-output/FStar_TypeChecker_Tc.ml", line 3609, characters 20-1023
Called from file "src/ocaml-output/FStar_TypeChecker_Tc.ml", line 3973, characters 31-46
Called from file "src/basic/ml/FStar_Util.ml", line 571, characters 30-37
Called from file "src/ocaml-output/FStar_TypeChecker_Tc.ml", line 4019, characters 8-70
Called from file "src/ocaml-output/FStar_TypeChecker_Tc.ml", line 4107, characters 25-77
Called from file "src/ocaml-output/FStar_TypeChecker_Tc.ml", line 4374, characters 23-49
Called from file "src/basic/ml/FStar_Util.ml", line 44, characters 14-18
Called from file "src/ocaml-output/FStar_Universal.ml", line 287, characters 34-233
Called from file "list.ml", line 84, characters 24-34
Called from file "src/ocaml-output/bootlibs/FStar_All.ml", line 3, characters 21-24
Called from file "src/ocaml-output/FStar_SMTEncoding_Solver.ml", line 104, characters 16-20
Called from file "src/ocaml-output/FStar_Universal.ml", line 402, characters 18-66
Called from file "src/ocaml-output/FStar_Universal.ml", line 421, characters 31-72
Called from file "src/ocaml-output/FStar_Universal.ml", line 437, characters 24-71
Called from file "src/ocaml-output/FStar_Universal.ml", line 477, characters 27-69
Called from file "src/ocaml-output/FStar_Main.ml", line 204, characters 27-67
Called from file "src/ocaml-output/FStar_Main.ml", line 226, characters 6-11

make[4]: *** [Makefile:108: Hacl.Bignum25519.fsti-verify] Error 1
Unexpected error
Failure("Unexpected output from Z3: could not find statistics\n")
Raised at file "pervasives.ml", line 30, characters 22-33
Called from file "src/ocaml-output/FStar_SMTEncoding_Z3.ml", line 371, characters 44-62
Called from file "src/ocaml-output/FStar_SMTEncoding_Z3.ml", line 376, characters 30-52
Called from file "src/ocaml-output/FStar_SMTEncoding_Z3.ml", line 392, characters 32-63
Called from file "src/ocaml-output/FStar_SMTEncoding_Z3.ml", line 480, characters 23-43
Called from file "src/ocaml-output/FStar_SMTEncoding_Z3.ml", line 552, characters 21-29
Called from file "src/ocaml-output/FStar_SMTEncoding_Solver.ml", line 625, characters 19-73
Called from file "list.ml", line 73, characters 12-15
Called from file "src/ocaml-output/bootlibs/FStar_All.ml", line 3, characters 21-24
Called from file "src/ocaml-output/FStar_TypeChecker_Rel.ml", line 6411, characters 32-273
Called from file "src/ocaml-output/FStar_TypeChecker_Rel.ml", line 6427, characters 6-66
Called from file "src/ocaml-output/bootlibs/FStar_All.ml", line 3, characters 21-24
Called from file "src/ocaml-output/FStar_TypeChecker_Tc.ml", line 3609, characters 20-1023
Called from file "src/ocaml-output/FStar_TypeChecker_Tc.ml", line 3973, characters 31-46
Called from file "src/basic/ml/FStar_Util.ml", line 571, characters 30-37
Called from file "src/ocaml-output/FStar_TypeChecker_Tc.ml", line 4019, characters 8-70
Called from file "src/ocaml-output/FStar_TypeChecker_Tc.ml", line 4107, characters 25-77
Called from file "src/ocaml-output/FStar_TypeChecker_Tc.ml", line 4374, characters 23-49
Called from file "src/basic/ml/FStar_Util.ml", line 44, characters 14-18
Called from file "src/ocaml-output/FStar_Universal.ml", line 287, characters 34-233
Called from file "list.ml", line 84, characters 24-34
Called from file "src/ocaml-output/bootlibs/FStar_All.ml", line 3, characters 21-24
Called from file "src/ocaml-output/FStar_SMTEncoding_Solver.ml", line 104, characters 16-20
Called from file "src/ocaml-output/FStar_Universal.ml", line 402, characters 18-66
Called from file "src/ocaml-output/FStar_Universal.ml", line 421, characters 31-72
Called from file "src/ocaml-output/FStar_Universal.ml", line 437, characters 24-71
Called from file "src/ocaml-output/FStar_Universal.ml", line 477, characters 27-69
Called from file "src/ocaml-output/FStar_Main.ml", line 204, characters 27-67
Called from file "src/ocaml-output/FStar_Main.ml", line 226, characters 6-11

make[4]: *** [Makefile:106: Hacl.Impl.Ed25519.ExtPoint.fst-verify] Error 1
Unexpected error
Failure("Unexpected output from Z3: could not find statistics\n")
Raised at file "pervasives.ml", line 30, characters 22-33
Called from file "src/ocaml-output/FStar_SMTEncoding_Z3.ml", line 371, characters 44-62
Called from file "src/ocaml-output/FStar_SMTEncoding_Z3.ml", line 376, characters 30-52
Called from file "src/ocaml-output/FStar_SMTEncoding_Z3.ml", line 392, characters 32-63
Called from file "src/ocaml-output/FStar_SMTEncoding_Z3.ml", line 480, characters 23-43
Called from file "src/ocaml-output/FStar_SMTEncoding_Z3.ml", line 552, characters 21-29
Called from file "src/ocaml-output/FStar_SMTEncoding_Solver.ml", line 625, characters 19-73
Called from file "list.ml", line 73, characters 12-15
Called from file "src/ocaml-output/bootlibs/FStar_All.ml", line 3, characters 21-24
Called from file "src/ocaml-output/FStar_TypeChecker_Rel.ml", line 6411, characters 32-273
Called from file "src/ocaml-output/FStar_TypeChecker_Rel.ml", line 6427, characters 6-66
Called from file "src/ocaml-output/bootlibs/FStar_All.ml", line 3, characters 21-24
Called from file "src/ocaml-output/FStar_TypeChecker_Tc.ml", line 3609, characters 20-1023
Called from file "src/ocaml-output/FStar_TypeChecker_Tc.ml", line 3973, characters 31-46
Called from file "src/basic/ml/FStar_Util.ml", line 571, characters 30-37
Called from file "src/ocaml-output/FStar_TypeChecker_Tc.ml", line 4019, characters 8-70
Called from file "src/ocaml-output/FStar_TypeChecker_Tc.ml", line 4107, characters 25-77
Called from file "src/ocaml-output/FStar_TypeChecker_Tc.ml", line 4374, characters 23-49
Called from file "src/basic/ml/FStar_Util.ml", line 44, characters 14-18
Called from file "src/ocaml-output/FStar_Universal.ml", line 287, characters 34-233
Called from file "list.ml", line 84, characters 24-34
Called from file "src/ocaml-output/bootlibs/FStar_All.ml", line 3, characters 21-24
Called from file "src/ocaml-output/FStar_SMTEncoding_Solver.ml", line 104, characters 16-20
Called from file "src/ocaml-output/FStar_Universal.ml", line 402, characters 18-66
Called from file "src/ocaml-output/FStar_Universal.ml", line 421, characters 31-72
Called from file "src/ocaml-output/FStar_Universal.ml", line 437, characters 24-71
Called from file "src/ocaml-output/FStar_Universal.ml", line 477, characters 27-69
Called from file "src/ocaml-output/FStar_Main.ml", line 204, characters 27-67
Called from file "src/ocaml-output/FStar_Main.ml", line 226, characters 6-11

make[3]: *** [Makefile:45: Salsa20.fst-verify] Error 1
make[2]: *** [Makefile:15: salsa-family-ci] Error 2
Unexpected error
Failure("Unexpected output from Z3: could not find statistics\n")
Raised at file "pervasives.ml", line 30, characters 22-33
Called from file "src/ocaml-output/FStar_SMTEncoding_Z3.ml", line 371, characters 44-62
Called from file "src/ocaml-output/FStar_SMTEncoding_Z3.ml", line 376, characters 30-52
Called from file "src/ocaml-output/FStar_SMTEncoding_Z3.ml", line 392, characters 32-63
Called from file "src/ocaml-output/FStar_SMTEncoding_Z3.ml", line 480, characters 23-43
Called from file "src/ocaml-output/FStar_SMTEncoding_Z3.ml", line 552, characters 21-29
Called from file "src/ocaml-output/FStar_SMTEncoding_Solver.ml", line 625, characters 19-73
Called from file "list.ml", line 73, characters 12-15
Called from file "src/ocaml-output/bootlibs/FStar_All.ml", line 3, characters 21-24
Called from file "src/ocaml-output/FStar_TypeChecker_Rel.ml", line 6411, characters 32-273
Called from file "src/ocaml-output/FStar_TypeChecker_Rel.ml", line 6427, characters 6-66
Called from file "src/ocaml-output/bootlibs/FStar_All.ml", line 3, characters 21-24
Called from file "src/ocaml-output/FStar_TypeChecker_Tc.ml", line 3609, characters 20-1023
Called from file "src/ocaml-output/FStar_TypeChecker_Tc.ml", line 3973, characters 31-46
Called from file "src/basic/ml/FStar_Util.ml", line 571, characters 30-37
Called from file "src/ocaml-output/FStar_TypeChecker_Tc.ml", line 4019, characters 8-70
Called from file "src/ocaml-output/FStar_TypeChecker_Tc.ml", line 4107, characters 25-77
Called from file "src/ocaml-output/FStar_TypeChecker_Tc.ml", line 4374, characters 23-49
Called from file "src/basic/ml/FStar_Util.ml", line 44, characters 14-18
Called from file "src/ocaml-output/FStar_Universal.ml", line 287, characters 34-233
Called from file "list.ml", line 84, characters 24-34
Called from file "src/ocaml-output/bootlibs/FStar_All.ml", line 3, characters 21-24
Called from file "src/ocaml-output/FStar_SMTEncoding_Solver.ml", line 104, characters 16-20
Called from file "src/ocaml-output/FStar_Universal.ml", line 377, characters 37-70
Called from file "src/ocaml-output/FStar_Universal.ml", line 398, characters 18-65
Called from file "src/ocaml-output/FStar_Universal.ml", line 421, characters 31-72
Called from file "src/ocaml-output/FStar_Universal.ml", line 437, characters 24-71
Called from file "src/ocaml-output/FStar_Universal.ml", line 477, characters 27-69
Called from file "src/ocaml-output/FStar_Main.ml", line 204, characters 27-67
Called from file "src/ocaml-output/FStar_Main.ml", line 226, characters 6-11

make[4]: *** [Makefile:106: Hacl.Bignum25519.fst-verify] Error 1
make[3]: *** [Makefile:17: ed25519-ci] Error 2
make[2]: *** [Makefile:49: experimental-ci] Error 2
