Warning: you are using the standard library and/or the %inline keyword. We
recommend switching on --infer in order to avoid obscure type error messages.
6 shift/reduce conflicts.
make[1]: warning: jobserver unavailable: using -j1.  Add '+' to parent make rule.
make[1]: warning: jobserver unavailable: using -j1.  Add '+' to parent make rule.
make[1]: warning: jobserver unavailable: using -j1.  Add '+' to parent make rule.
Cloning into '/cygdrive/c/Build/Agent/_work/37/s/dependencies/FStar/ucontrib/CoreCrypto/ml/openssl'...
crypto/bio/b_sock.c: In function 'BIO_get_accept_socket':
crypto/bio/b_sock.c:214:13: warning: overflow in implicit constant conversion [-Woverflow]
int s = INVALID_SOCKET;
^
crypto/bio/b_sock.c:219:16: warning: overflow in implicit constant conversion [-Woverflow]
return INVALID_SOCKET;
^
crypto/bio/b_sock.c:222:16: warning: overflow in implicit constant conversion [-Woverflow]
return INVALID_SOCKET;
^
crypto/bio/b_sock.c:229:13: warning: overflow in implicit constant conversion [-Woverflow]
s = INVALID_SOCKET;
^
crypto/bio/b_sock.c:236:13: warning: overflow in implicit constant conversion [-Woverflow]
s = INVALID_SOCKET;
^
crypto/bio/b_sock2.c: In function 'BIO_socket':
crypto/bio/b_sock2.c:45:16: warning: overflow in implicit constant conversion [-Woverflow]
return INVALID_SOCKET;
^
crypto/bio/b_sock2.c:51:16: warning: overflow in implicit constant conversion [-Woverflow]
return INVALID_SOCKET;
^
crypto/bio/b_sock2.c: In function 'BIO_connect':
crypto/bio/b_sock2.c:90:56: warning: passing argument 4 of 'setsockopt' from incompatible pointer type [-Wincompatible-pointer-types]
if (setsockopt(sock, SOL_SOCKET, SO_KEEPALIVE, &on, sizeof(on)) != 0) {
^
In file included from ./e_os.h:190:0,
from crypto/bio/bio_lcl.h:11,
from crypto/bio/b_sock2.c:14:
/usr/x86_64-w64-mingw32/sys-root/mingw/include/winsock2.h:999:34: note: expected 'const char *' but argument is of type 'int *'
WINSOCK_API_LINKAGE int WSAAPI setsockopt(SOCKET s,int level,int optname,const char *optval,int optlen);
^
crypto/bio/b_sock2.c:98:56: warning: passing argument 4 of 'setsockopt' from incompatible pointer type [-Wincompatible-pointer-types]
if (setsockopt(sock, IPPROTO_TCP, TCP_NODELAY, &on, sizeof(on)) != 0) {
^
In file included from ./e_os.h:190:0,
from crypto/bio/bio_lcl.h:11,
from crypto/bio/b_sock2.c:14:
/usr/x86_64-w64-mingw32/sys-root/mingw/include/winsock2.h:999:34: note: expected 'const char *' but argument is of type 'int *'
WINSOCK_API_LINKAGE int WSAAPI setsockopt(SOCKET s,int level,int optname,const char *optval,int optlen);
^
crypto/bio/b_sock2.c: In function 'BIO_listen':
crypto/bio/b_sock2.c:164:47: warning: passing argument 4 of 'getsockopt' from incompatible pointer type [-Wincompatible-pointer-types]
if (getsockopt(sock, SOL_SOCKET, SO_TYPE, &socktype, &socktype_len) != 0
^
In file included from ./e_os.h:190:0,
from crypto/bio/bio_lcl.h:11,
from crypto/bio/b_sock2.c:14:
/usr/x86_64-w64-mingw32/sys-root/mingw/include/winsock2.h:980:34: note: expected 'char *' but argument is of type 'int *'
WINSOCK_API_LINKAGE int WSAAPI getsockopt(SOCKET s,int level,int optname,char *optval,int *optlen);
^
crypto/bio/b_sock2.c:187:56: warning: passing argument 4 of 'setsockopt' from incompatible pointer type [-Wincompatible-pointer-types]
if (setsockopt(sock, SOL_SOCKET, SO_KEEPALIVE, &on, sizeof(on)) != 0) {
^
In file included from ./e_os.h:190:0,
from crypto/bio/bio_lcl.h:11,
from crypto/bio/b_sock2.c:14:
/usr/x86_64-w64-mingw32/sys-root/mingw/include/winsock2.h:999:34: note: expected 'const char *' but argument is of type 'int *'
WINSOCK_API_LINKAGE int WSAAPI setsockopt(SOCKET s,int level,int optname,const char *optval,int optlen);
^
crypto/bio/b_sock2.c:195:56: warning: passing argument 4 of 'setsockopt' from incompatible pointer type [-Wincompatible-pointer-types]
if (setsockopt(sock, IPPROTO_TCP, TCP_NODELAY, &on, sizeof(on)) != 0) {
^
In file included from ./e_os.h:190:0,
from crypto/bio/bio_lcl.h:11,
from crypto/bio/b_sock2.c:14:
/usr/x86_64-w64-mingw32/sys-root/mingw/include/winsock2.h:999:34: note: expected 'const char *' but argument is of type 'int *'
WINSOCK_API_LINKAGE int WSAAPI setsockopt(SOCKET s,int level,int optname,const char *optval,int optlen);
^
crypto/bio/b_sock2.c:204:57: warning: passing argument 4 of 'setsockopt' from incompatible pointer type [-Wincompatible-pointer-types]
if (setsockopt(sock, IPPROTO_IPV6, IPV6_V6ONLY, &on, sizeof(on)) != 0) {
^
In file included from ./e_os.h:190:0,
from crypto/bio/bio_lcl.h:11,
from crypto/bio/b_sock2.c:14:
/usr/x86_64-w64-mingw32/sys-root/mingw/include/winsock2.h:999:34: note: expected 'const char *' but argument is of type 'int *'
WINSOCK_API_LINKAGE int WSAAPI setsockopt(SOCKET s,int level,int optname,const char *optval,int optlen);
^
crypto/bio/b_sock2.c: In function 'BIO_accept_ex':
crypto/bio/b_sock2.c:249:16: warning: overflow in implicit constant conversion [-Woverflow]
return INVALID_SOCKET;
^
crypto/bio/b_sock2.c:254:16: warning: overflow in implicit constant conversion [-Woverflow]
return INVALID_SOCKET;
^
In file included from crypto/bn/bn_print.c:15:0:
crypto/bn/bn_print.c: In function 'BN_bn2dec':
crypto/bn/bn_lcl.h:94:27: warning: unknown conversion type character 'l' in format [-Wformat=]
#  define BN_DEC_FMT1     "%llu"
^
crypto/bn/bn_print.c:106:37: note: in expansion of macro 'BN_DEC_FMT1'
BIO_snprintf(p, BUF_REMAIN, BN_DEC_FMT1, *lp);
^
crypto/bn/bn_lcl.h:94:27: warning: too many arguments for format [-Wformat-extra-args]
#  define BN_DEC_FMT1     "%llu"
^
crypto/bn/bn_print.c:106:37: note: in expansion of macro 'BN_DEC_FMT1'
BIO_snprintf(p, BUF_REMAIN, BN_DEC_FMT1, *lp);
^
crypto/bn/bn_lcl.h:95:27: warning: unknown conversion type character 'l' in format [-Wformat=]
#  define BN_DEC_FMT2     "%019llu"
^
crypto/bn/bn_print.c:111:41: note: in expansion of macro 'BN_DEC_FMT2'
BIO_snprintf(p, BUF_REMAIN, BN_DEC_FMT2, *lp);
^
crypto/bn/bn_lcl.h:95:27: warning: too many arguments for format [-Wformat-extra-args]
#  define BN_DEC_FMT2     "%019llu"
^
crypto/bn/bn_print.c:111:41: note: in expansion of macro 'BN_DEC_FMT2'
BIO_snprintf(p, BUF_REMAIN, BN_DEC_FMT2, *lp);
^
crypto/threads_win.c: In function 'CRYPTO_atomic_add':
crypto/threads_win.c:132:35: warning: passing argument 1 of '_InterlockedExchangeAdd' from incompatible pointer type [-Wincompatible-pointer-types]
*ret = InterlockedExchangeAdd(val, amount) + amount;
^
In file included from /usr/x86_64-w64-mingw32/sys-root/mingw/include/winnt.h:27:0,
from /usr/x86_64-w64-mingw32/sys-root/mingw/include/minwindef.h:163,
from /usr/x86_64-w64-mingw32/sys-root/mingw/include/windef.h:8,
from /usr/x86_64-w64-mingw32/sys-root/mingw/include/windows.h:69,
from crypto/threads_win.c:11:
/usr/x86_64-w64-mingw32/sys-root/mingw/include/psdk_inc/intrin-impl.h:1026:10: note: expected 'volatile long int *' but argument is of type 'int *'
__LONG32 _InterlockedExchangeAdd(__LONG32 volatile *Addend, __LONG32 Value) {
^
ar: creating libssl.a
ar: creating libcrypto.a
openssl_stub.c: In function ‘ocaml_openssl_init’:
openssl_stub.c:93:3: warning: implicit declaration of function ‘OPENSSL_config’ [-Wimplicit-function-declaration]
OPENSSL_config("CoreCrypto");
^
openssl_stub.c: In function ‘ocaml_rsa_gen_key’:
openssl_stub.c:668:23: warning: passing argument 2 of ‘RSA_get0_key’ from incompatible pointer type [-Wincompatible-pointer-types]
RSA_get0_key(rsa, &b_n, &b_e, &b_d);
^
In file included from openssl_stub.c:22:0:
openssl/include/openssl/rsa.h:181:6: note: expected ‘const BIGNUM ** {aka const struct bignum_st **}’ but argument is of type ‘BIGNUM ** {aka struct bignum_st **}’
void RSA_get0_key(const RSA *r,
^
openssl_stub.c:668:29: warning: passing argument 3 of ‘RSA_get0_key’ from incompatible pointer type [-Wincompatible-pointer-types]
RSA_get0_key(rsa, &b_n, &b_e, &b_d);
^
In file included from openssl_stub.c:22:0:
openssl/include/openssl/rsa.h:181:6: note: expected ‘const BIGNUM ** {aka const struct bignum_st **}’ but argument is of type ‘BIGNUM ** {aka struct bignum_st **}’
void RSA_get0_key(const RSA *r,
^
openssl_stub.c:668:35: warning: passing argument 4 of ‘RSA_get0_key’ from incompatible pointer type [-Wincompatible-pointer-types]
RSA_get0_key(rsa, &b_n, &b_e, &b_d);
^
In file included from openssl_stub.c:22:0:
openssl/include/openssl/rsa.h:181:6: note: expected ‘const BIGNUM ** {aka const struct bignum_st **}’ but argument is of type ‘BIGNUM ** {aka struct bignum_st **}’
void RSA_get0_key(const RSA *r,
^
openssl_stub.c: In function ‘ocaml_rsa_get_key’:
openssl_stub.c:779:21: warning: passing argument 2 of ‘RSA_get0_key’ from incompatible pointer type [-Wincompatible-pointer-types]
RSA_get0_key(rsa, &b_n, &b_e, &b_d);
^
In file included from openssl_stub.c:22:0:
openssl/include/openssl/rsa.h:181:6: note: expected ‘const BIGNUM ** {aka const struct bignum_st **}’ but argument is of type ‘BIGNUM ** {aka struct bignum_st **}’
void RSA_get0_key(const RSA *r,
^
openssl_stub.c:779:27: warning: passing argument 3 of ‘RSA_get0_key’ from incompatible pointer type [-Wincompatible-pointer-types]
RSA_get0_key(rsa, &b_n, &b_e, &b_d);
^
In file included from openssl_stub.c:22:0:
openssl/include/openssl/rsa.h:181:6: note: expected ‘const BIGNUM ** {aka const struct bignum_st **}’ but argument is of type ‘BIGNUM ** {aka struct bignum_st **}’
void RSA_get0_key(const RSA *r,
^
openssl_stub.c:779:33: warning: passing argument 4 of ‘RSA_get0_key’ from incompatible pointer type [-Wincompatible-pointer-types]
RSA_get0_key(rsa, &b_n, &b_e, &b_d);
^
In file included from openssl_stub.c:22:0:
openssl/include/openssl/rsa.h:181:6: note: expected ‘const BIGNUM ** {aka const struct bignum_st **}’ but argument is of type ‘BIGNUM ** {aka struct bignum_st **}’
void RSA_get0_key(const RSA *r,
^
openssl_stub.c: In function ‘ocaml_rsa_encrypt’:
openssl_stub.c:823:23: warning: passing argument 2 of ‘RSA_get0_key’ from incompatible pointer type [-Wincompatible-pointer-types]
RSA_get0_key(rsa, &b_n, &b_e, &b_d);
^
In file included from openssl_stub.c:22:0:
openssl/include/openssl/rsa.h:181:6: note: expected ‘const BIGNUM ** {aka const struct bignum_st **}’ but argument is of type ‘BIGNUM ** {aka struct bignum_st **}’
void RSA_get0_key(const RSA *r,
^
openssl_stub.c:823:29: warning: passing argument 3 of ‘RSA_get0_key’ from incompatible pointer type [-Wincompatible-pointer-types]
RSA_get0_key(rsa, &b_n, &b_e, &b_d);
^
In file included from openssl_stub.c:22:0:
openssl/include/openssl/rsa.h:181:6: note: expected ‘const BIGNUM ** {aka const struct bignum_st **}’ but argument is of type ‘BIGNUM ** {aka struct bignum_st **}’
void RSA_get0_key(const RSA *r,
^
openssl_stub.c:823:35: warning: passing argument 4 of ‘RSA_get0_key’ from incompatible pointer type [-Wincompatible-pointer-types]
RSA_get0_key(rsa, &b_n, &b_e, &b_d);
^
In file included from openssl_stub.c:22:0:
openssl/include/openssl/rsa.h:181:6: note: expected ‘const BIGNUM ** {aka const struct bignum_st **}’ but argument is of type ‘BIGNUM ** {aka struct bignum_st **}’
void RSA_get0_key(const RSA *r,
^
openssl_stub.c: In function ‘ocaml_rsa_decrypt’:
openssl_stub.c:878:23: warning: passing argument 2 of ‘RSA_get0_key’ from incompatible pointer type [-Wincompatible-pointer-types]
RSA_get0_key(rsa, &b_n, &b_e, &b_d);
^
In file included from openssl_stub.c:22:0:
openssl/include/openssl/rsa.h:181:6: note: expected ‘const BIGNUM ** {aka const struct bignum_st **}’ but argument is of type ‘BIGNUM ** {aka struct bignum_st **}’
void RSA_get0_key(const RSA *r,
^
openssl_stub.c:878:29: warning: passing argument 3 of ‘RSA_get0_key’ from incompatible pointer type [-Wincompatible-pointer-types]
RSA_get0_key(rsa, &b_n, &b_e, &b_d);
^
In file included from openssl_stub.c:22:0:
openssl/include/openssl/rsa.h:181:6: note: expected ‘const BIGNUM ** {aka const struct bignum_st **}’ but argument is of type ‘BIGNUM ** {aka struct bignum_st **}’
void RSA_get0_key(const RSA *r,
^
openssl_stub.c:878:35: warning: passing argument 4 of ‘RSA_get0_key’ from incompatible pointer type [-Wincompatible-pointer-types]
RSA_get0_key(rsa, &b_n, &b_e, &b_d);
^
In file included from openssl_stub.c:22:0:
openssl/include/openssl/rsa.h:181:6: note: expected ‘const BIGNUM ** {aka const struct bignum_st **}’ but argument is of type ‘BIGNUM ** {aka struct bignum_st **}’
void RSA_get0_key(const RSA *r,
^
openssl_stub.c: In function ‘ocaml_rsa_sign’:
openssl_stub.c:922:23: warning: passing argument 2 of ‘RSA_get0_key’ from incompatible pointer type [-Wincompatible-pointer-types]
RSA_get0_key(rsa, &b_n, &b_e, &b_d);
^
In file included from openssl_stub.c:22:0:
openssl/include/openssl/rsa.h:181:6: note: expected ‘const BIGNUM ** {aka const struct bignum_st **}’ but argument is of type ‘BIGNUM ** {aka struct bignum_st **}’
void RSA_get0_key(const RSA *r,
^
openssl_stub.c:922:29: warning: passing argument 3 of ‘RSA_get0_key’ from incompatible pointer type [-Wincompatible-pointer-types]
RSA_get0_key(rsa, &b_n, &b_e, &b_d);
^
In file included from openssl_stub.c:22:0:
openssl/include/openssl/rsa.h:181:6: note: expected ‘const BIGNUM ** {aka const struct bignum_st **}’ but argument is of type ‘BIGNUM ** {aka struct bignum_st **}’
void RSA_get0_key(const RSA *r,
^
openssl_stub.c:922:35: warning: passing argument 4 of ‘RSA_get0_key’ from incompatible pointer type [-Wincompatible-pointer-types]
RSA_get0_key(rsa, &b_n, &b_e, &b_d);
^
In file included from openssl_stub.c:22:0:
openssl/include/openssl/rsa.h:181:6: note: expected ‘const BIGNUM ** {aka const struct bignum_st **}’ but argument is of type ‘BIGNUM ** {aka struct bignum_st **}’
void RSA_get0_key(const RSA *r,
^
openssl_stub.c: In function ‘ocaml_rsa_verify’:
openssl_stub.c:975:23: warning: passing argument 2 of ‘RSA_get0_key’ from incompatible pointer type [-Wincompatible-pointer-types]
RSA_get0_key(rsa, &b_n, &b_e, &b_d);
^
In file included from openssl_stub.c:22:0:
openssl/include/openssl/rsa.h:181:6: note: expected ‘const BIGNUM ** {aka const struct bignum_st **}’ but argument is of type ‘BIGNUM ** {aka struct bignum_st **}’
void RSA_get0_key(const RSA *r,
^
openssl_stub.c:975:29: warning: passing argument 3 of ‘RSA_get0_key’ from incompatible pointer type [-Wincompatible-pointer-types]
RSA_get0_key(rsa, &b_n, &b_e, &b_d);
^
In file included from openssl_stub.c:22:0:
openssl/include/openssl/rsa.h:181:6: note: expected ‘const BIGNUM ** {aka const struct bignum_st **}’ but argument is of type ‘BIGNUM ** {aka struct bignum_st **}’
void RSA_get0_key(const RSA *r,
^
openssl_stub.c:975:35: warning: passing argument 4 of ‘RSA_get0_key’ from incompatible pointer type [-Wincompatible-pointer-types]
RSA_get0_key(rsa, &b_n, &b_e, &b_d);
^
In file included from openssl_stub.c:22:0:
openssl/include/openssl/rsa.h:181:6: note: expected ‘const BIGNUM ** {aka const struct bignum_st **}’ but argument is of type ‘BIGNUM ** {aka struct bignum_st **}’
void RSA_get0_key(const RSA *r,
^
openssl_stub.c: In function ‘ocaml_dsa_gen_params’:
openssl_stub.c:1087:23: warning: passing argument 2 of ‘DSA_get0_pqg’ from incompatible pointer type [-Wincompatible-pointer-types]
DSA_get0_pqg(dsa, &b_p, &b_q, &b_g);
^
In file included from openssl_stub.c:23:0:
openssl/include/openssl/dsa.h:173:6: note: expected ‘const BIGNUM ** {aka const struct bignum_st **}’ but argument is of type ‘BIGNUM ** {aka struct bignum_st **}’
void DSA_get0_pqg(const DSA *d,
^
openssl_stub.c:1087:29: warning: passing argument 3 of ‘DSA_get0_pqg’ from incompatible pointer type [-Wincompatible-pointer-types]
DSA_get0_pqg(dsa, &b_p, &b_q, &b_g);
^
In file included from openssl_stub.c:23:0:
openssl/include/openssl/dsa.h:173:6: note: expected ‘const BIGNUM ** {aka const struct bignum_st **}’ but argument is of type ‘BIGNUM ** {aka struct bignum_st **}’
void DSA_get0_pqg(const DSA *d,
^
openssl_stub.c:1087:35: warning: passing argument 4 of ‘DSA_get0_pqg’ from incompatible pointer type [-Wincompatible-pointer-types]
DSA_get0_pqg(dsa, &b_p, &b_q, &b_g);
^
In file included from openssl_stub.c:23:0:
openssl/include/openssl/dsa.h:173:6: note: expected ‘const BIGNUM ** {aka const struct bignum_st **}’ but argument is of type ‘BIGNUM ** {aka struct bignum_st **}’
void DSA_get0_pqg(const DSA *d,
^
openssl_stub.c: In function ‘ocaml_dsa_gen_key’:
openssl_stub.c:1144:23: warning: passing argument 2 of ‘DSA_get0_key’ from incompatible pointer type [-Wincompatible-pointer-types]
DSA_get0_key(dsa, &b_pub, &b_priv);
^
In file included from openssl_stub.c:23:0:
openssl/include/openssl/dsa.h:176:6: note: expected ‘const BIGNUM ** {aka const struct bignum_st **}’ but argument is of type ‘BIGNUM ** {aka struct bignum_st **}’
void DSA_get0_key(const DSA *d,
^
openssl_stub.c:1144:31: warning: passing argument 3 of ‘DSA_get0_key’ from incompatible pointer type [-Wincompatible-pointer-types]
DSA_get0_key(dsa, &b_pub, &b_priv);
^
In file included from openssl_stub.c:23:0:
openssl/include/openssl/dsa.h:176:6: note: expected ‘const BIGNUM ** {aka const struct bignum_st **}’ but argument is of type ‘BIGNUM ** {aka struct bignum_st **}’
void DSA_get0_key(const DSA *d,
^
openssl_stub.c: In function ‘ocaml_dsa_get_key’:
openssl_stub.c:1183:21: warning: passing argument 2 of ‘DSA_get0_pqg’ from incompatible pointer type [-Wincompatible-pointer-types]
DSA_get0_pqg(dsa, &b_p, &b_q, &b_g);
^
In file included from openssl_stub.c:23:0:
openssl/include/openssl/dsa.h:173:6: note: expected ‘const BIGNUM ** {aka const struct bignum_st **}’ but argument is of type ‘BIGNUM ** {aka struct bignum_st **}’
void DSA_get0_pqg(const DSA *d,
^
openssl_stub.c:1183:27: warning: passing argument 3 of ‘DSA_get0_pqg’ from incompatible pointer type [-Wincompatible-pointer-types]
DSA_get0_pqg(dsa, &b_p, &b_q, &b_g);
^
In file included from openssl_stub.c:23:0:
openssl/include/openssl/dsa.h:173:6: note: expected ‘const BIGNUM ** {aka const struct bignum_st **}’ but argument is of type ‘BIGNUM ** {aka struct bignum_st **}’
void DSA_get0_pqg(const DSA *d,
^
openssl_stub.c:1183:33: warning: passing argument 4 of ‘DSA_get0_pqg’ from incompatible pointer type [-Wincompatible-pointer-types]
DSA_get0_pqg(dsa, &b_p, &b_q, &b_g);
^
In file included from openssl_stub.c:23:0:
openssl/include/openssl/dsa.h:173:6: note: expected ‘const BIGNUM ** {aka const struct bignum_st **}’ but argument is of type ‘BIGNUM ** {aka struct bignum_st **}’
void DSA_get0_pqg(const DSA *d,
^
openssl_stub.c:1190:21: warning: passing argument 2 of ‘DSA_get0_key’ from incompatible pointer type [-Wincompatible-pointer-types]
DSA_get0_key(dsa, &b_pub, &b_priv);
^
In file included from openssl_stub.c:23:0:
openssl/include/openssl/dsa.h:176:6: note: expected ‘const BIGNUM ** {aka const struct bignum_st **}’ but argument is of type ‘BIGNUM ** {aka struct bignum_st **}’
void DSA_get0_key(const DSA *d,
^
openssl_stub.c:1190:29: warning: passing argument 3 of ‘DSA_get0_key’ from incompatible pointer type [-Wincompatible-pointer-types]
DSA_get0_key(dsa, &b_pub, &b_priv);
^
In file included from openssl_stub.c:23:0:
openssl/include/openssl/dsa.h:176:6: note: expected ‘const BIGNUM ** {aka const struct bignum_st **}’ but argument is of type ‘BIGNUM ** {aka struct bignum_st **}’
void DSA_get0_key(const DSA *d,
^
openssl_stub.c: In function ‘ocaml_dsa_set_key’:
openssl_stub.c:1235:23: warning: passing argument 2 of ‘DSA_get0_pqg’ from incompatible pointer type [-Wincompatible-pointer-types]
DSA_get0_pqg(dsa, &b_p, &b_q, &b_g);
^
In file included from openssl_stub.c:23:0:
openssl/include/openssl/dsa.h:173:6: note: expected ‘const BIGNUM ** {aka const struct bignum_st **}’ but argument is of type ‘BIGNUM ** {aka struct bignum_st **}’
void DSA_get0_pqg(const DSA *d,
^
openssl_stub.c:1235:29: warning: passing argument 3 of ‘DSA_get0_pqg’ from incompatible pointer type [-Wincompatible-pointer-types]
DSA_get0_pqg(dsa, &b_p, &b_q, &b_g);
^
In file included from openssl_stub.c:23:0:
openssl/include/openssl/dsa.h:173:6: note: expected ‘const BIGNUM ** {aka const struct bignum_st **}’ but argument is of type ‘BIGNUM ** {aka struct bignum_st **}’
void DSA_get0_pqg(const DSA *d,
^
openssl_stub.c:1235:35: warning: passing argument 4 of ‘DSA_get0_pqg’ from incompatible pointer type [-Wincompatible-pointer-types]
DSA_get0_pqg(dsa, &b_p, &b_q, &b_g);
^
In file included from openssl_stub.c:23:0:
openssl/include/openssl/dsa.h:173:6: note: expected ‘const BIGNUM ** {aka const struct bignum_st **}’ but argument is of type ‘BIGNUM ** {aka struct bignum_st **}’
void DSA_get0_pqg(const DSA *d,
^
openssl_stub.c:1236:23: warning: passing argument 2 of ‘DSA_get0_key’ from incompatible pointer type [-Wincompatible-pointer-types]
DSA_get0_key(dsa, &b_pub, &b_priv);
^
In file included from openssl_stub.c:23:0:
openssl/include/openssl/dsa.h:176:6: note: expected ‘const BIGNUM ** {aka const struct bignum_st **}’ but argument is of type ‘BIGNUM ** {aka struct bignum_st **}’
void DSA_get0_key(const DSA *d,
^
openssl_stub.c:1236:31: warning: passing argument 3 of ‘DSA_get0_key’ from incompatible pointer type [-Wincompatible-pointer-types]
DSA_get0_key(dsa, &b_pub, &b_priv);
^
In file included from openssl_stub.c:23:0:
openssl/include/openssl/dsa.h:176:6: note: expected ‘const BIGNUM ** {aka const struct bignum_st **}’ but argument is of type ‘BIGNUM ** {aka struct bignum_st **}’
void DSA_get0_key(const DSA *d,
^
openssl_stub.c: In function ‘ocaml_dsa_sign’:
openssl_stub.c:1325:23: warning: passing argument 2 of ‘DSA_get0_pqg’ from incompatible pointer type [-Wincompatible-pointer-types]
DSA_get0_pqg(dsa, &b_p, &b_q, &b_g);
^
In file included from openssl_stub.c:23:0:
openssl/include/openssl/dsa.h:173:6: note: expected ‘const BIGNUM ** {aka const struct bignum_st **}’ but argument is of type ‘BIGNUM ** {aka struct bignum_st **}’
void DSA_get0_pqg(const DSA *d,
^
openssl_stub.c:1325:29: warning: passing argument 3 of ‘DSA_get0_pqg’ from incompatible pointer type [-Wincompatible-pointer-types]
DSA_get0_pqg(dsa, &b_p, &b_q, &b_g);
^
In file included from openssl_stub.c:23:0:
openssl/include/openssl/dsa.h:173:6: note: expected ‘const BIGNUM ** {aka const struct bignum_st **}’ but argument is of type ‘BIGNUM ** {aka struct bignum_st **}’
void DSA_get0_pqg(const DSA *d,
^
openssl_stub.c:1325:35: warning: passing argument 4 of ‘DSA_get0_pqg’ from incompatible pointer type [-Wincompatible-pointer-types]
DSA_get0_pqg(dsa, &b_p, &b_q, &b_g);
^
In file included from openssl_stub.c:23:0:
openssl/include/openssl/dsa.h:173:6: note: expected ‘const BIGNUM ** {aka const struct bignum_st **}’ but argument is of type ‘BIGNUM ** {aka struct bignum_st **}’
void DSA_get0_pqg(const DSA *d,
^
openssl_stub.c:1326:23: warning: passing argument 2 of ‘DSA_get0_key’ from incompatible pointer type [-Wincompatible-pointer-types]
DSA_get0_key(dsa, &b_pub, &b_priv); 
^
In file included from openssl_stub.c:23:0:
openssl/include/openssl/dsa.h:176:6: note: expected ‘const BIGNUM ** {aka const struct bignum_st **}’ but argument is of type ‘BIGNUM ** {aka struct bignum_st **}’
void DSA_get0_key(const DSA *d,
^
openssl_stub.c:1326:31: warning: passing argument 3 of ‘DSA_get0_key’ from incompatible pointer type [-Wincompatible-pointer-types]
DSA_get0_key(dsa, &b_pub, &b_priv); 
^
In file included from openssl_stub.c:23:0:
openssl/include/openssl/dsa.h:176:6: note: expected ‘const BIGNUM ** {aka const struct bignum_st **}’ but argument is of type ‘BIGNUM ** {aka struct bignum_st **}’
void DSA_get0_key(const DSA *d,
^
openssl_stub.c: In function ‘ocaml_dsa_verify’:
openssl_stub.c:1368:23: warning: passing argument 2 of ‘DSA_get0_pqg’ from incompatible pointer type [-Wincompatible-pointer-types]
DSA_get0_pqg(dsa, &b_p, &b_q, &b_g);
^
In file included from openssl_stub.c:23:0:
openssl/include/openssl/dsa.h:173:6: note: expected ‘const BIGNUM ** {aka const struct bignum_st **}’ but argument is of type ‘BIGNUM ** {aka struct bignum_st **}’
void DSA_get0_pqg(const DSA *d,
^
openssl_stub.c:1368:29: warning: passing argument 3 of ‘DSA_get0_pqg’ from incompatible pointer type [-Wincompatible-pointer-types]
DSA_get0_pqg(dsa, &b_p, &b_q, &b_g);
^
In file included from openssl_stub.c:23:0:
openssl/include/openssl/dsa.h:173:6: note: expected ‘const BIGNUM ** {aka const struct bignum_st **}’ but argument is of type ‘BIGNUM ** {aka struct bignum_st **}’
void DSA_get0_pqg(const DSA *d,
^
openssl_stub.c:1368:35: warning: passing argument 4 of ‘DSA_get0_pqg’ from incompatible pointer type [-Wincompatible-pointer-types]
DSA_get0_pqg(dsa, &b_p, &b_q, &b_g);
^
In file included from openssl_stub.c:23:0:
openssl/include/openssl/dsa.h:173:6: note: expected ‘const BIGNUM ** {aka const struct bignum_st **}’ but argument is of type ‘BIGNUM ** {aka struct bignum_st **}’
void DSA_get0_pqg(const DSA *d,
^
openssl_stub.c:1369:23: warning: passing argument 2 of ‘DSA_get0_key’ from incompatible pointer type [-Wincompatible-pointer-types]
DSA_get0_key(dsa, &b_pub, &b_priv);
^
In file included from openssl_stub.c:23:0:
openssl/include/openssl/dsa.h:176:6: note: expected ‘const BIGNUM ** {aka const struct bignum_st **}’ but argument is of type ‘BIGNUM ** {aka struct bignum_st **}’
void DSA_get0_key(const DSA *d,
^
openssl_stub.c:1369:31: warning: passing argument 3 of ‘DSA_get0_key’ from incompatible pointer type [-Wincompatible-pointer-types]
DSA_get0_key(dsa, &b_pub, &b_priv);
^
In file included from openssl_stub.c:23:0:
openssl/include/openssl/dsa.h:176:6: note: expected ‘const BIGNUM ** {aka const struct bignum_st **}’ but argument is of type ‘BIGNUM ** {aka struct bignum_st **}’
void DSA_get0_key(const DSA *d,
^
openssl_stub.c: In function ‘ocaml_dh_gen_params’:
openssl_stub.c:1473:21: warning: passing argument 2 of ‘DH_get0_pqg’ from incompatible pointer type [-Wincompatible-pointer-types]
DH_get0_pqg(dh, &b_p, &b_q, &b_g);
^
In file included from openssl/include/openssl/dsa.h:31:0,
from openssl_stub.c:23:
openssl/include/openssl/dh.h:154:6: note: expected ‘const BIGNUM ** {aka const struct bignum_st **}’ but argument is of type ‘BIGNUM ** {aka struct bignum_st **}’
void DH_get0_pqg(const DH *dh,
^
openssl_stub.c:1473:27: warning: passing argument 3 of ‘DH_get0_pqg’ from incompatible pointer type [-Wincompatible-pointer-types]
DH_get0_pqg(dh, &b_p, &b_q, &b_g);
^
In file included from openssl/include/openssl/dsa.h:31:0,
from openssl_stub.c:23:
openssl/include/openssl/dh.h:154:6: note: expected ‘const BIGNUM ** {aka const struct bignum_st **}’ but argument is of type ‘BIGNUM ** {aka struct bignum_st **}’
void DH_get0_pqg(const DH *dh,
^
openssl_stub.c:1473:33: warning: passing argument 4 of ‘DH_get0_pqg’ from incompatible pointer type [-Wincompatible-pointer-types]
DH_get0_pqg(dh, &b_p, &b_q, &b_g);
^
In file included from openssl/include/openssl/dsa.h:31:0,
from openssl_stub.c:23:
openssl/include/openssl/dh.h:154:6: note: expected ‘const BIGNUM ** {aka const struct bignum_st **}’ but argument is of type ‘BIGNUM ** {aka struct bignum_st **}’
void DH_get0_pqg(const DH *dh,
^
openssl_stub.c: In function ‘ocaml_dh_params_of_string’:
openssl_stub.c:1506:21: warning: passing argument 2 of ‘DH_get0_pqg’ from incompatible pointer type [-Wincompatible-pointer-types]
DH_get0_pqg(dh, &b_p, &b_q, &b_g);
^
In file included from openssl/include/openssl/dsa.h:31:0,
from openssl_stub.c:23:
openssl/include/openssl/dh.h:154:6: note: expected ‘const BIGNUM ** {aka const struct bignum_st **}’ but argument is of type ‘BIGNUM ** {aka struct bignum_st **}’
void DH_get0_pqg(const DH *dh,
^
openssl_stub.c:1506:27: warning: passing argument 3 of ‘DH_get0_pqg’ from incompatible pointer type [-Wincompatible-pointer-types]
DH_get0_pqg(dh, &b_p, &b_q, &b_g);
^
In file included from openssl/include/openssl/dsa.h:31:0,
from openssl_stub.c:23:
openssl/include/openssl/dh.h:154:6: note: expected ‘const BIGNUM ** {aka const struct bignum_st **}’ but argument is of type ‘BIGNUM ** {aka struct bignum_st **}’
void DH_get0_pqg(const DH *dh,
^
openssl_stub.c:1506:33: warning: passing argument 4 of ‘DH_get0_pqg’ from incompatible pointer type [-Wincompatible-pointer-types]
DH_get0_pqg(dh, &b_p, &b_q, &b_g);
^
In file included from openssl/include/openssl/dsa.h:31:0,
from openssl_stub.c:23:
openssl/include/openssl/dh.h:154:6: note: expected ‘const BIGNUM ** {aka const struct bignum_st **}’ but argument is of type ‘BIGNUM ** {aka struct bignum_st **}’
void DH_get0_pqg(const DH *dh,
^
openssl_stub.c: In function ‘ocaml_dh_gen_key’:
openssl_stub.c:1561:21: warning: passing argument 2 of ‘DH_get0_key’ from incompatible pointer type [-Wincompatible-pointer-types]
DH_get0_key(dh, &b_pub, &b_prv);
^
In file included from openssl/include/openssl/dsa.h:31:0,
from openssl_stub.c:23:
openssl/include/openssl/dh.h:157:6: note: expected ‘const BIGNUM ** {aka const struct bignum_st **}’ but argument is of type ‘BIGNUM ** {aka struct bignum_st **}’
void DH_get0_key(const DH *dh,
^
openssl_stub.c:1561:29: warning: passing argument 3 of ‘DH_get0_key’ from incompatible pointer type [-Wincompatible-pointer-types]
DH_get0_key(dh, &b_pub, &b_prv);
^
In file included from openssl/include/openssl/dsa.h:31:0,
from openssl_stub.c:23:
openssl/include/openssl/dh.h:157:6: note: expected ‘const BIGNUM ** {aka const struct bignum_st **}’ but argument is of type ‘BIGNUM ** {aka struct bignum_st **}’
void DH_get0_key(const DH *dh,
^
openssl_stub.c: In function ‘ocaml_dh_compute’:
openssl_stub.c:1672:21: warning: passing argument 2 of ‘DH_get0_key’ from incompatible pointer type [-Wincompatible-pointer-types]
DH_get0_key(dh, &b_pub, &b_prv);
^
In file included from openssl/include/openssl/dsa.h:31:0,
from openssl_stub.c:23:
openssl/include/openssl/dh.h:157:6: note: expected ‘const BIGNUM ** {aka const struct bignum_st **}’ but argument is of type ‘BIGNUM ** {aka struct bignum_st **}’
void DH_get0_key(const DH *dh,
^
openssl_stub.c:1672:29: warning: passing argument 3 of ‘DH_get0_key’ from incompatible pointer type [-Wincompatible-pointer-types]
DH_get0_key(dh, &b_pub, &b_prv);
^
In file included from openssl/include/openssl/dsa.h:31:0,
from openssl_stub.c:23:
openssl/include/openssl/dh.h:157:6: note: expected ‘const BIGNUM ** {aka const struct bignum_st **}’ but argument is of type ‘BIGNUM ** {aka struct bignum_st **}’
void DH_get0_key(const DH *dh,
^
make[1]: warning: jobserver unavailable: using -j1.  Add '+' to parent make rule.
make[1]: warning: jobserver unavailable: using -j1.  Add '+' to parent make rule.
[Checker.lookup_type] internal error Prims.list not found
Warning 4: <toplevel>: Malformed input:
Warnings.Fatal("Unrecoverable error")
Raised at file "src/Warnings.ml", line 47, characters 10-39
Called from file "src/Checker.ml", line 581, characters 37-58
Called from file "src/Checker.ml", line 413, characters 10-22
Called from file "list.ml", line 55, characters 20-23
Called from file "src/Checker.ml", line 464, characters 16-39
Called from file "src/Checker.ml", line 413, characters 10-22
Called from file "src/Checker.ml", line 243, characters 8-21
Called from file "src/Checker.ml", line 218, characters 2-16
Called from file "list.ml", line 110, characters 24-31
Called from file "src/Checker.ml", line 475, characters 8-40
Called from file "src/Checker.ml", line 413, characters 10-22
Called from file "src/Checker.ml", line 243, characters 8-21
Called from file "src/Checker.ml", line 218, characters 2-16
Called from file "list.ml", line 110, characters 24-31
Called from file "src/Checker.ml", line 475, characters 8-40
Called from file "src/Checker.ml", line 413, characters 10-22
Called from file "src/Checker.ml", line 243, characters 8-21
Called from file "src/Checker.ml", line 218, characters 2-16
Called from file "src/Checker.ml", line 176, characters 6-22
Dropping Spec.Salsa20.test_column_round2 (at checking time)

[Checker.lookup_type] internal error Prims.list not found
Warning 4: <toplevel>: Malformed input:
Warnings.Fatal("Unrecoverable error")
Raised at file "src/Warnings.ml", line 47, characters 10-39
Called from file "src/Checker.ml", line 326, characters 37-58
Called from file "src/Checker.ml", line 218, characters 2-16
Called from file "src/Checker.ml", line 176, characters 6-22
Dropping Spec.Poly1305.msg (at checking time)

[Checker.lookup_type] internal error Prims.list not found
Warning 4: <toplevel>: Malformed input:
Warnings.Fatal("Unrecoverable error")
Raised at file "src/Warnings.ml", line 47, characters 10-39
Called from file "src/Checker.ml", line 326, characters 37-58
Called from file "src/Checker.ml", line 218, characters 2-16
Called from file "src/Checker.ml", line 176, characters 6-22
Dropping Spec.Poly1305.k (at checking time)

[Checker.lookup_type] internal error Prims.list not found
Warning 4: <toplevel>: Malformed input:
Warnings.Fatal("Unrecoverable error")
Raised at file "src/Warnings.ml", line 47, characters 10-39
Called from file "src/Checker.ml", line 326, characters 37-58
Called from file "src/Checker.ml", line 218, characters 2-16
Called from file "src/Checker.ml", line 176, characters 6-22
Dropping Spec.Poly1305.expected (at checking time)

[Checker.lookup_type] internal error Prims.list not found
Warning 4: <toplevel>: Malformed input:
Warnings.Fatal("Unrecoverable error")
Raised at file "src/Warnings.ml", line 47, characters 10-39
Called from file "src/Checker.ml", line 581, characters 37-58
Called from file "src/Checker.ml", line 413, characters 10-22
Called from file "list.ml", line 55, characters 20-23
Called from file "src/Checker.ml", line 464, characters 16-39
Called from file "src/Checker.ml", line 413, characters 10-22
Called from file "src/Checker.ml", line 243, characters 8-21
Called from file "src/Checker.ml", line 218, characters 2-16
Called from file "list.ml", line 110, characters 24-31
Called from file "src/Checker.ml", line 475, characters 8-40
Called from file "src/Checker.ml", line 413, characters 10-22
Called from file "src/Checker.ml", line 243, characters 8-21
Called from file "src/Checker.ml", line 218, characters 2-16
Called from file "list.ml", line 110, characters 24-31
Called from file "src/Checker.ml", line 475, characters 8-40
Called from file "src/Checker.ml", line 413, characters 10-22
Called from file "src/Checker.ml", line 243, characters 8-21
Called from file "src/Checker.ml", line 218, characters 2-16
Called from file "src/Checker.ml", line 176, characters 6-22
Dropping Spec.Poly1305.test (at checking time)

Warning 7: : After inlining, Spec.Lib.uint32_from_le calls FStar.Endianness.little_endian -- removing the static qualifier from FStar.Endianness.little_endian
Warning 7: : After inlining, Spec.Lib.uint32_to_le calls FStar.Endianness.little_bytes -- removing the static qualifier from FStar.Endianness.little_bytes
Warning 7: : After inlining, Spec.Lib.uint32_from_be calls FStar.Endianness.big_endian -- removing the static qualifier from FStar.Endianness.big_endian
Warning 7: : After inlining, Spec.Lib.uint32_to_be calls FStar.Endianness.big_bytes -- removing the static qualifier from FStar.Endianness.big_bytes
Warning 7: : After inlining, Spec.Poly1305.fmul calls FStar.Mul.op_Star -- removing the static qualifier from FStar.Mul.op_Star
[Checker.lookup_type] internal error Prims.list not found
Warning 4: <toplevel>: Malformed input:
Warnings.Fatal("Unrecoverable error")
Raised at file "src/Warnings.ml", line 47, characters 10-39
Called from file "src/Checker.ml", line 581, characters 37-58
Called from file "src/Checker.ml", line 413, characters 10-22
Called from file "list.ml", line 55, characters 20-23
Called from file "src/Checker.ml", line 464, characters 16-39
Called from file "src/Checker.ml", line 413, characters 10-22
Called from file "src/Checker.ml", line 243, characters 8-21
Called from file "src/Checker.ml", line 218, characters 2-16
Called from file "list.ml", line 110, characters 24-31
Called from file "src/Checker.ml", line 475, characters 8-40
Called from file "src/Checker.ml", line 413, characters 10-22
Called from file "src/Checker.ml", line 243, characters 8-21
Called from file "src/Checker.ml", line 218, characters 2-16
Called from file "list.ml", line 110, characters 24-31
Called from file "src/Checker.ml", line 475, characters 8-40
Called from file "src/Checker.ml", line 413, characters 10-22
Called from file "src/Checker.ml", line 243, characters 8-21
Called from file "src/Checker.ml", line 218, characters 2-16
Called from file "src/Checker.ml", line 176, characters 6-22
Dropping Spec.Salsa20.test_column_round2 (at checking time)

Warning 7: : After inlining, Spec.Lib.uint32_from_le calls FStar.Endianness.little_endian -- removing the static qualifier from FStar.Endianness.little_endian
Warning 7: : After inlining, Spec.Lib.uint32_to_le calls FStar.Endianness.little_bytes -- removing the static qualifier from FStar.Endianness.little_bytes
Warning 7: : After inlining, Spec.Lib.uint32_from_be calls FStar.Endianness.big_endian -- removing the static qualifier from FStar.Endianness.big_endian
Warning 7: : After inlining, Spec.Lib.uint32_to_be calls FStar.Endianness.big_bytes -- removing the static qualifier from FStar.Endianness.big_bytes
[Checker.lookup_type] internal error Prims.list not found
Warning 4: <toplevel>: Malformed input:
Warnings.Fatal("Unrecoverable error")
Raised at file "src/Warnings.ml", line 47, characters 10-39
Called from file "src/Checker.ml", line 581, characters 37-58
Called from file "src/Checker.ml", line 413, characters 10-22
Called from file "list.ml", line 55, characters 20-23
Called from file "src/Checker.ml", line 464, characters 16-39
Called from file "src/Checker.ml", line 413, characters 10-22
Called from file "src/Checker.ml", line 243, characters 8-21
Called from file "src/Checker.ml", line 218, characters 2-16
Called from file "list.ml", line 110, characters 24-31
Called from file "src/Checker.ml", line 475, characters 8-40
Called from file "src/Checker.ml", line 413, characters 10-22
Called from file "src/Checker.ml", line 243, characters 8-21
Called from file "src/Checker.ml", line 218, characters 2-16
Called from file "list.ml", line 110, characters 24-31
Called from file "src/Checker.ml", line 475, characters 8-40
Called from file "src/Checker.ml", line 413, characters 10-22
Called from file "src/Checker.ml", line 243, characters 8-21
Called from file "src/Checker.ml", line 218, characters 2-16
Called from file "src/Checker.ml", line 176, characters 6-22
Dropping Spec.Salsa20.test_column_round2 (at checking time)

[Checker.lookup_type] internal error Prims.list not found
Warning 4: <toplevel>: Malformed input:
Warnings.Fatal("Unrecoverable error")
Raised at file "src/Warnings.ml", line 47, characters 10-39
Called from file "src/Checker.ml", line 326, characters 37-58
Called from file "src/Checker.ml", line 218, characters 2-16
Called from file "src/Checker.ml", line 176, characters 6-22
Dropping Spec.Poly1305.msg (at checking time)

[Checker.lookup_type] internal error Prims.list not found
Warning 4: <toplevel>: Malformed input:
Warnings.Fatal("Unrecoverable error")
Raised at file "src/Warnings.ml", line 47, characters 10-39
Called from file "src/Checker.ml", line 326, characters 37-58
Called from file "src/Checker.ml", line 218, characters 2-16
Called from file "src/Checker.ml", line 176, characters 6-22
Dropping Spec.Poly1305.k (at checking time)

[Checker.lookup_type] internal error Prims.list not found
Warning 4: <toplevel>: Malformed input:
Warnings.Fatal("Unrecoverable error")
Raised at file "src/Warnings.ml", line 47, characters 10-39
Called from file "src/Checker.ml", line 326, characters 37-58
Called from file "src/Checker.ml", line 218, characters 2-16
Called from file "src/Checker.ml", line 176, characters 6-22
Dropping Spec.Poly1305.expected (at checking time)

[Checker.lookup_type] internal error Prims.list not found
Warning 4: <toplevel>: Malformed input:
Warnings.Fatal("Unrecoverable error")
Raised at file "src/Warnings.ml", line 47, characters 10-39
Called from file "src/Checker.ml", line 581, characters 37-58
Called from file "src/Checker.ml", line 413, characters 10-22
Called from file "list.ml", line 55, characters 20-23
Called from file "src/Checker.ml", line 464, characters 16-39
Called from file "src/Checker.ml", line 413, characters 10-22
Called from file "src/Checker.ml", line 243, characters 8-21
Called from file "src/Checker.ml", line 218, characters 2-16
Called from file "list.ml", line 110, characters 24-31
Called from file "src/Checker.ml", line 475, characters 8-40
Called from file "src/Checker.ml", line 413, characters 10-22
Called from file "src/Checker.ml", line 243, characters 8-21
Called from file "src/Checker.ml", line 218, characters 2-16
Called from file "list.ml", line 110, characters 24-31
Called from file "src/Checker.ml", line 475, characters 8-40
Called from file "src/Checker.ml", line 413, characters 10-22
Called from file "src/Checker.ml", line 243, characters 8-21
Called from file "src/Checker.ml", line 218, characters 2-16
Called from file "src/Checker.ml", line 176, characters 6-22
Dropping Spec.Poly1305.test (at checking time)

Warning 7: : After inlining, Spec.Lib.uint32_from_le calls FStar.Endianness.little_endian -- removing the static qualifier from FStar.Endianness.little_endian
Warning 7: : After inlining, Spec.Lib.uint32_to_le calls FStar.Endianness.little_bytes -- removing the static qualifier from FStar.Endianness.little_bytes
Warning 7: : After inlining, Spec.Lib.uint32_from_be calls FStar.Endianness.big_endian -- removing the static qualifier from FStar.Endianness.big_endian
Warning 7: : After inlining, Spec.Lib.uint32_to_be calls FStar.Endianness.big_bytes -- removing the static qualifier from FStar.Endianness.big_bytes
Warning 7: : After inlining, Spec.Poly1305.fmul calls FStar.Mul.op_Star -- removing the static qualifier from FStar.Mul.op_Star
[Checker.lookup_type] internal error Prims.list not found
Warning 4: <toplevel>: Malformed input:
Warnings.Fatal("Unrecoverable error")
Raised at file "src/Warnings.ml", line 47, characters 10-39
Called from file "src/Checker.ml", line 326, characters 37-58
Called from file "src/Checker.ml", line 218, characters 2-16
Called from file "src/Checker.ml", line 176, characters 6-22
Dropping Spec.Chacha20.constants (at checking time)

[Checker.lookup_type] internal error Prims.list not found
Warning 4: <toplevel>: Malformed input:
Warnings.Fatal("Unrecoverable error")
Raised at file "src/Warnings.ml", line 47, characters 10-39
Called from file "src/Checker.ml", line 326, characters 37-58
Called from file "src/Checker.ml", line 218, characters 2-16
Called from file "src/Checker.ml", line 176, characters 6-22
Dropping Spec.Chacha20.test_plaintext (at checking time)

[Checker.lookup_type] internal error Prims.list not found
Warning 4: <toplevel>: Malformed input:
Warnings.Fatal("Unrecoverable error")
Raised at file "src/Warnings.ml", line 47, characters 10-39
Called from file "src/Checker.ml", line 326, characters 37-58
Called from file "src/Checker.ml", line 218, characters 2-16
Called from file "src/Checker.ml", line 176, characters 6-22
Dropping Spec.Chacha20.test_ciphertext (at checking time)

[Checker.lookup_type] internal error Prims.list not found
Warning 4: <toplevel>: Malformed input:
Warnings.Fatal("Unrecoverable error")
Raised at file "src/Warnings.ml", line 47, characters 10-39
Called from file "src/Checker.ml", line 326, characters 37-58
Called from file "src/Checker.ml", line 218, characters 2-16
Called from file "src/Checker.ml", line 176, characters 6-22
Dropping Spec.Chacha20.test_key (at checking time)

[Checker.lookup_type] internal error Prims.list not found
Warning 4: <toplevel>: Malformed input:
Warnings.Fatal("Unrecoverable error")
Raised at file "src/Warnings.ml", line 47, characters 10-39
Called from file "src/Checker.ml", line 326, characters 37-58
Called from file "src/Checker.ml", line 218, characters 2-16
Called from file "src/Checker.ml", line 176, characters 6-22
Dropping Spec.Chacha20.test_nonce (at checking time)

Warning 7: : After inlining, Spec.Lib.uint32_from_le calls FStar.Endianness.little_endian -- removing the static qualifier from FStar.Endianness.little_endian
Warning 7: : After inlining, Spec.Lib.uint32_to_le calls FStar.Endianness.little_bytes -- removing the static qualifier from FStar.Endianness.little_bytes
Warning 7: : After inlining, Spec.Lib.uint32_from_be calls FStar.Endianness.big_endian -- removing the static qualifier from FStar.Endianness.big_endian
Warning 7: : After inlining, Spec.Lib.uint32_to_be calls FStar.Endianness.big_bytes -- removing the static qualifier from FStar.Endianness.big_bytes
[Checker.lookup_type] internal error Prims.list not found
Warning 4: <toplevel>: Malformed input:
Warnings.Fatal("Unrecoverable error")
Raised at file "src/Warnings.ml", line 47, characters 10-39
Called from file "src/Checker.ml", line 326, characters 37-58
Called from file "src/Checker.ml", line 218, characters 2-16
Called from file "src/Checker.ml", line 176, characters 6-22
Dropping Spec.Poly1305.msg (at checking time)

[Checker.lookup_type] internal error Prims.list not found
Warning 4: <toplevel>: Malformed input:
Warnings.Fatal("Unrecoverable error")
Raised at file "src/Warnings.ml", line 47, characters 10-39
Called from file "src/Checker.ml", line 326, characters 37-58
Called from file "src/Checker.ml", line 218, characters 2-16
Called from file "src/Checker.ml", line 176, characters 6-22
Dropping Spec.Poly1305.k (at checking time)

[Checker.lookup_type] internal error Prims.list not found
Warning 4: <toplevel>: Malformed input:
Warnings.Fatal("Unrecoverable error")
Raised at file "src/Warnings.ml", line 47, characters 10-39
Called from file "src/Checker.ml", line 326, characters 37-58
Called from file "src/Checker.ml", line 218, characters 2-16
Called from file "src/Checker.ml", line 176, characters 6-22
Dropping Spec.Poly1305.expected (at checking time)

[Checker.lookup_type] internal error Prims.list not found
Warning 4: <toplevel>: Malformed input:
Warnings.Fatal("Unrecoverable error")
Raised at file "src/Warnings.ml", line 47, characters 10-39
Called from file "src/Checker.ml", line 581, characters 37-58
Called from file "src/Checker.ml", line 413, characters 10-22
Called from file "list.ml", line 55, characters 20-23
Called from file "src/Checker.ml", line 464, characters 16-39
Called from file "src/Checker.ml", line 413, characters 10-22
Called from file "src/Checker.ml", line 243, characters 8-21
Called from file "src/Checker.ml", line 218, characters 2-16
Called from file "list.ml", line 110, characters 24-31
Called from file "src/Checker.ml", line 475, characters 8-40
Called from file "src/Checker.ml", line 413, characters 10-22
Called from file "src/Checker.ml", line 243, characters 8-21
Called from file "src/Checker.ml", line 218, characters 2-16
Called from file "list.ml", line 110, characters 24-31
Called from file "src/Checker.ml", line 475, characters 8-40
Called from file "src/Checker.ml", line 413, characters 10-22
Called from file "src/Checker.ml", line 243, characters 8-21
Called from file "src/Checker.ml", line 218, characters 2-16
Called from file "src/Checker.ml", line 176, characters 6-22
Dropping Spec.Poly1305.test (at checking time)

Warning 7: : After inlining, Spec.Poly1305.fmul calls FStar.Mul.op_Star -- removing the static qualifier from FStar.Mul.op_Star
[Checker.lookup_type] internal error Prims.list not found
Warning 4: <toplevel>: Malformed input:
Warnings.Fatal("Unrecoverable error")
Raised at file "src/Warnings.ml", line 47, characters 10-39
Called from file "src/Checker.ml", line 326, characters 37-58
Called from file "src/Checker.ml", line 218, characters 2-16
Called from file "src/Checker.ml", line 176, characters 6-22
Dropping Spec.Poly1305.msg (at checking time)

[Checker.lookup_type] internal error Prims.list not found
Warning 4: <toplevel>: Malformed input:
Warnings.Fatal("Unrecoverable error")
Raised at file "src/Warnings.ml", line 47, characters 10-39
Called from file "src/Checker.ml", line 326, characters 37-58
Called from file "src/Checker.ml", line 218, characters 2-16
Called from file "src/Checker.ml", line 176, characters 6-22
Dropping Spec.Poly1305.k (at checking time)

[Checker.lookup_type] internal error Prims.list not found
Warning 4: <toplevel>: Malformed input:
Warnings.Fatal("Unrecoverable error")
Raised at file "src/Warnings.ml", line 47, characters 10-39
Called from file "src/Checker.ml", line 326, characters 37-58
Called from file "src/Checker.ml", line 218, characters 2-16
Called from file "src/Checker.ml", line 176, characters 6-22
Dropping Spec.Poly1305.expected (at checking time)

[Checker.lookup_type] internal error Prims.list not found
Warning 4: <toplevel>: Malformed input:
Warnings.Fatal("Unrecoverable error")
Raised at file "src/Warnings.ml", line 47, characters 10-39
Called from file "src/Checker.ml", line 581, characters 37-58
Called from file "src/Checker.ml", line 413, characters 10-22
Called from file "list.ml", line 55, characters 20-23
Called from file "src/Checker.ml", line 464, characters 16-39
Called from file "src/Checker.ml", line 413, characters 10-22
Called from file "src/Checker.ml", line 243, characters 8-21
Called from file "src/Checker.ml", line 218, characters 2-16
Called from file "list.ml", line 110, characters 24-31
Called from file "src/Checker.ml", line 475, characters 8-40
Called from file "src/Checker.ml", line 413, characters 10-22
Called from file "src/Checker.ml", line 243, characters 8-21
Called from file "src/Checker.ml", line 218, characters 2-16
Called from file "list.ml", line 110, characters 24-31
Called from file "src/Checker.ml", line 475, characters 8-40
Called from file "src/Checker.ml", line 413, characters 10-22
Called from file "src/Checker.ml", line 243, characters 8-21
Called from file "src/Checker.ml", line 218, characters 2-16
Called from file "src/Checker.ml", line 176, characters 6-22
Dropping Spec.Poly1305.test (at checking time)

[Checker.lookup_type] internal error Prims.list not found
Warning 4: <toplevel>: Malformed input:
Warnings.Fatal("Unrecoverable error")
Raised at file "src/Warnings.ml", line 47, characters 10-39
Called from file "src/Checker.ml", line 326, characters 37-58
Called from file "src/Checker.ml", line 218, characters 2-16
Called from file "src/Checker.ml", line 176, characters 6-22
Dropping Spec.Chacha20.constants (at checking time)

[Checker.lookup_type] internal error Prims.list not found
Warning 4: <toplevel>: Malformed input:
Warnings.Fatal("Unrecoverable error")
Raised at file "src/Warnings.ml", line 47, characters 10-39
Called from file "src/Checker.ml", line 326, characters 37-58
Called from file "src/Checker.ml", line 218, characters 2-16
Called from file "src/Checker.ml", line 176, characters 6-22
Dropping Spec.Chacha20.test_plaintext (at checking time)

[Checker.lookup_type] internal error Prims.list not found
Warning 4: <toplevel>: Malformed input:
Warnings.Fatal("Unrecoverable error")
Raised at file "src/Warnings.ml", line 47, characters 10-39
Called from file "src/Checker.ml", line 326, characters 37-58
Called from file "src/Checker.ml", line 218, characters 2-16
Called from file "src/Checker.ml", line 176, characters 6-22
Dropping Spec.Chacha20.test_ciphertext (at checking time)

[Checker.lookup_type] internal error Prims.list not found
Warning 4: <toplevel>: Malformed input:
Warnings.Fatal("Unrecoverable error")
Raised at file "src/Warnings.ml", line 47, characters 10-39
Called from file "src/Checker.ml", line 326, characters 37-58
Called from file "src/Checker.ml", line 218, characters 2-16
Called from file "src/Checker.ml", line 176, characters 6-22
Dropping Spec.Chacha20.test_key (at checking time)

[Checker.lookup_type] internal error Prims.list not found
Warning 4: <toplevel>: Malformed input:
Warnings.Fatal("Unrecoverable error")
Raised at file "src/Warnings.ml", line 47, characters 10-39
Called from file "src/Checker.ml", line 326, characters 37-58
Called from file "src/Checker.ml", line 218, characters 2-16
Called from file "src/Checker.ml", line 176, characters 6-22
Dropping Spec.Chacha20.test_nonce (at checking time)

[Checker.lookup_type] internal error Prims.list not found
Warning 4: <toplevel>: Malformed input:
Warnings.Fatal("Unrecoverable error")
Raised at file "src/Warnings.ml", line 47, characters 10-39
Called from file "src/Checker.ml", line 326, characters 37-58
Called from file "src/Checker.ml", line 218, characters 2-16
Called from file "src/Checker.ml", line 176, characters 6-22
Dropping Spec.Chacha20Poly1305.k (at checking time)

[Checker.lookup_type] internal error Prims.list not found
Warning 4: <toplevel>: Malformed input:
Warnings.Fatal("Unrecoverable error")
Raised at file "src/Warnings.ml", line 47, characters 10-39
Called from file "src/Checker.ml", line 326, characters 37-58
Called from file "src/Checker.ml", line 218, characters 2-16
Called from file "src/Checker.ml", line 176, characters 6-22
Dropping Spec.Chacha20Poly1305.n (at checking time)

[Checker.lookup_type] internal error Prims.list not found
Warning 4: <toplevel>: Malformed input:
Warnings.Fatal("Unrecoverable error")
Raised at file "src/Warnings.ml", line 47, characters 10-39
Called from file "src/Checker.ml", line 326, characters 37-58
Called from file "src/Checker.ml", line 218, characters 2-16
Called from file "src/Checker.ml", line 176, characters 6-22
Dropping Spec.Chacha20Poly1305.p (at checking time)

[Checker.lookup_type] internal error Prims.list not found
Warning 4: <toplevel>: Malformed input:
Warnings.Fatal("Unrecoverable error")
Raised at file "src/Warnings.ml", line 47, characters 10-39
Called from file "src/Checker.ml", line 326, characters 37-58
Called from file "src/Checker.ml", line 218, characters 2-16
Called from file "src/Checker.ml", line 176, characters 6-22
Dropping Spec.Chacha20Poly1305.aad (at checking time)

[Checker.lookup_type] internal error Prims.list not found
Warning 4: <toplevel>: Malformed input:
Warnings.Fatal("Unrecoverable error")
Raised at file "src/Warnings.ml", line 47, characters 10-39
Called from file "src/Checker.ml", line 326, characters 37-58
Called from file "src/Checker.ml", line 218, characters 2-16
Called from file "src/Checker.ml", line 176, characters 6-22
Dropping Spec.Chacha20Poly1305.xcipher (at checking time)

[Checker.lookup_type] internal error Prims.list not found
Warning 4: <toplevel>: Malformed input:
Warnings.Fatal("Unrecoverable error")
Raised at file "src/Warnings.ml", line 47, characters 10-39
Called from file "src/Checker.ml", line 326, characters 37-58
Called from file "src/Checker.ml", line 218, characters 2-16
Called from file "src/Checker.ml", line 176, characters 6-22
Dropping Spec.Chacha20Poly1305.xmac (at checking time)

Warning 4: in top-level declaration Spec.Chacha20Poly1305.test, in file Spec_Chacha20Poly1305: Malformed input:
Type annotation is not an lid but any
Dropping Spec.Chacha20Poly1305.test (at checking time)

Warning 7: : After inlining, Spec.Poly1305.fmul calls FStar.Mul.op_Star -- removing the static qualifier from FStar.Mul.op_Star
Warning 7: : After inlining, Spec.Lib.uint32_from_le calls FStar.Endianness.little_endian -- removing the static qualifier from FStar.Endianness.little_endian
Warning 7: : After inlining, Spec.Lib.uint32_to_le calls FStar.Endianness.little_bytes -- removing the static qualifier from FStar.Endianness.little_bytes
Warning 7: : After inlining, Spec.Lib.uint32_from_be calls FStar.Endianness.big_endian -- removing the static qualifier from FStar.Endianness.big_endian
Warning 7: : After inlining, Spec.Lib.uint32_to_be calls FStar.Endianness.big_bytes -- removing the static qualifier from FStar.Endianness.big_bytes
Warning 8: : After inlining, Hacl.Bignum.Fmul.shift_reduce calls Hacl.Bignum.Fproduct.shift. This is a call across translation units but Hacl.Bignum.Fproduct.shift has a C "inline" qualifier. The C standard allows removing Hacl.Bignum.Fproduct.shift from its translation unit (see C11 6.7.3 §5), and CompCert will do it. 
Warning 8: : After inlining, Hacl.Bignum.Fmul.shift_reduce calls Hacl.Bignum.Modulo.reduce. This is a call across translation units but Hacl.Bignum.Modulo.reduce has a C "inline" qualifier. The C standard allows removing Hacl.Bignum.Modulo.reduce from its translation unit (see C11 6.7.3 §5), and CompCert will do it. 
Warning 8: : After inlining, Hacl.Bignum.Fmul.mul_shift_reduce_ calls Hacl.Bignum.Fproduct.sum_scalar_multiplication_. This is a call across translation units but Hacl.Bignum.Fproduct.sum_scalar_multiplication_ has a C "inline" qualifier. The C standard allows removing Hacl.Bignum.Fproduct.sum_scalar_multiplication_ from its translation unit (see C11 6.7.3 §5), and CompCert will do it. 
Warning 8: : After inlining, Hacl.Bignum.Fmul.fmul_ calls Hacl.Bignum.Fproduct.carry_wide_. This is a call across translation units but Hacl.Bignum.Fproduct.carry_wide_ has a C "inline" qualifier. The C standard allows removing Hacl.Bignum.Fproduct.carry_wide_ from its translation unit (see C11 6.7.3 §5), and CompCert will do it. 
Warning 8: : After inlining, Hacl.Bignum.Fmul.fmul_ calls Hacl.Bignum.Modulo.carry_top_wide. This is a call across translation units but Hacl.Bignum.Modulo.carry_top_wide has a C "inline" qualifier. The C standard allows removing Hacl.Bignum.Modulo.carry_top_wide from its translation unit (see C11 6.7.3 §5), and CompCert will do it. 
Warning 8: : After inlining, Hacl.Bignum.Fmul.fmul_ calls Hacl.Bignum.Fproduct.copy_from_wide_. This is a call across translation units but Hacl.Bignum.Fproduct.copy_from_wide_ has a C "inline" qualifier. The C standard allows removing Hacl.Bignum.Fproduct.copy_from_wide_ from its translation unit (see C11 6.7.3 §5), and CompCert will do it. 
Warning 8: : After inlining, Hacl.Bignum.Fmul.fmul_ calls Hacl.Bignum.Fproduct.carry_0_to_1. This is a call across translation units but Hacl.Bignum.Fproduct.carry_0_to_1 has a C "inline" qualifier. The C standard allows removing Hacl.Bignum.Fproduct.carry_0_to_1 from its translation unit (see C11 6.7.3 §5), and CompCert will do it. 
Warning 8: : After inlining, Hacl.Bignum.AddAndMultiply.add_and_multiply calls Hacl.Bignum.Fsum.fsum_. This is a call across translation units but Hacl.Bignum.Fsum.fsum_ has a C "inline" qualifier. The C standard allows removing Hacl.Bignum.Fsum.fsum_ from its translation unit (see C11 6.7.3 §5), and CompCert will do it. 
Warning 8: : After inlining, Hacl.Bignum.AddAndMultiply.add_and_multiply calls Hacl.Bignum.Fmul.fmul. This is a call across translation units but Hacl.Bignum.Fmul.fmul has a C "inline" qualifier. The C standard allows removing Hacl.Bignum.Fmul.fmul from its translation unit (see C11 6.7.3 §5), and CompCert will do it. 
Warning 8: : After inlining, Hacl.Impl.Poly1305_64.poly1305_update calls Hacl.Bignum.AddAndMultiply.add_and_multiply. This is a call across translation units but Hacl.Bignum.AddAndMultiply.add_and_multiply has a C "inline" qualifier. The C standard allows removing Hacl.Bignum.AddAndMultiply.add_and_multiply from its translation unit (see C11 6.7.3 §5), and CompCert will do it. 
Warning 8: : After inlining, Hacl.Impl.Poly1305_64.carry_last_unrolled calls Hacl.Bignum.Modulo.carry_top. This is a call across translation units but Hacl.Bignum.Modulo.carry_top has a C "inline" qualifier. The C standard allows removing Hacl.Bignum.Modulo.carry_top from its translation unit (see C11 6.7.3 §5), and CompCert will do it. 
Warning 8: : After inlining, Hacl.Impl.Poly1305_64.poly1305_last_pass calls Hacl.Bignum.Fproduct.carry_limb_. This is a call across translation units but Hacl.Bignum.Fproduct.carry_limb_ has a C "inline" qualifier. The C standard allows removing Hacl.Bignum.Fproduct.carry_limb_ from its translation unit (see C11 6.7.3 §5), and CompCert will do it. 
Warning 8: : After inlining, Hacl.Standalone.Poly1305_64.poly1305_blocks calls Hacl.Impl.Poly1305_64.poly1305_update. This is a call across translation units but Hacl.Impl.Poly1305_64.poly1305_update has a C "inline" qualifier. The C standard allows removing Hacl.Impl.Poly1305_64.poly1305_update from its translation unit (see C11 6.7.3 §5), and CompCert will do it. 
Warning 8: : After inlining, Hacl.Standalone.Poly1305_64.poly1305_complete calls Hacl.Impl.Poly1305_64.poly1305_process_last_block. This is a call across translation units but Hacl.Impl.Poly1305_64.poly1305_process_last_block has a C "inline" qualifier. The C standard allows removing Hacl.Impl.Poly1305_64.poly1305_process_last_block from its translation unit (see C11 6.7.3 §5), and CompCert will do it. 
[Checker.lookup_type] internal error Prims.list not found
Warning 4: <toplevel>: Malformed input:
Warnings.Fatal("Unrecoverable error")
Raised at file "src/Warnings.ml", line 47, characters 10-39
Called from file "src/Checker.ml", line 326, characters 37-58
Called from file "src/Checker.ml", line 218, characters 2-16
Called from file "src/Checker.ml", line 176, characters 6-22
Dropping Spec.Curve25519.scalar1 (at checking time)

[Checker.lookup_type] internal error Prims.list not found
Warning 4: <toplevel>: Malformed input:
Warnings.Fatal("Unrecoverable error")
Raised at file "src/Warnings.ml", line 47, characters 10-39
Called from file "src/Checker.ml", line 326, characters 37-58
Called from file "src/Checker.ml", line 218, characters 2-16
Called from file "src/Checker.ml", line 176, characters 6-22
Dropping Spec.Curve25519.scalar2 (at checking time)

[Checker.lookup_type] internal error Prims.list not found
Warning 4: <toplevel>: Malformed input:
Warnings.Fatal("Unrecoverable error")
Raised at file "src/Warnings.ml", line 47, characters 10-39
Called from file "src/Checker.ml", line 326, characters 37-58
Called from file "src/Checker.ml", line 218, characters 2-16
Called from file "src/Checker.ml", line 176, characters 6-22
Dropping Spec.Curve25519.input1 (at checking time)

[Checker.lookup_type] internal error Prims.list not found
Warning 4: <toplevel>: Malformed input:
Warnings.Fatal("Unrecoverable error")
Raised at file "src/Warnings.ml", line 47, characters 10-39
Called from file "src/Checker.ml", line 326, characters 37-58
Called from file "src/Checker.ml", line 218, characters 2-16
Called from file "src/Checker.ml", line 176, characters 6-22
Dropping Spec.Curve25519.input2 (at checking time)

[Checker.lookup_type] internal error Prims.list not found
Warning 4: <toplevel>: Malformed input:
Warnings.Fatal("Unrecoverable error")
Raised at file "src/Warnings.ml", line 47, characters 10-39
Called from file "src/Checker.ml", line 326, characters 37-58
Called from file "src/Checker.ml", line 218, characters 2-16
Called from file "src/Checker.ml", line 176, characters 6-22
Dropping Spec.Curve25519.expected1 (at checking time)

[Checker.lookup_type] internal error Prims.list not found
Warning 4: <toplevel>: Malformed input:
Warnings.Fatal("Unrecoverable error")
Raised at file "src/Warnings.ml", line 47, characters 10-39
Called from file "src/Checker.ml", line 326, characters 37-58
Called from file "src/Checker.ml", line 218, characters 2-16
Called from file "src/Checker.ml", line 176, characters 6-22
Dropping Spec.Curve25519.expected2 (at checking time)

Warning 7: : After inlining, Spec.Lib.uint32_from_le calls FStar.Endianness.little_endian -- removing the static qualifier from FStar.Endianness.little_endian
Warning 7: : After inlining, Spec.Lib.uint32_to_le calls FStar.Endianness.little_bytes -- removing the static qualifier from FStar.Endianness.little_bytes
Warning 7: : After inlining, Spec.Lib.uint32_from_be calls FStar.Endianness.big_endian -- removing the static qualifier from FStar.Endianness.big_endian
Warning 7: : After inlining, Spec.Lib.uint32_to_be calls FStar.Endianness.big_bytes -- removing the static qualifier from FStar.Endianness.big_bytes
Warning 7: : After inlining, Spec.Curve25519.fmul calls FStar.Mul.op_Star -- removing the static qualifier from FStar.Mul.op_Star
Warning 7: : After inlining, Hacl.Test.X25519.main calls Hacl.EC.crypto_scalarmult -- removing the static qualifier from Hacl.EC.crypto_scalarmult
HACLEngine.c: In function ‘Everest_digest’:
HACLEngine.c:234:21: error: ‘NID_poly1305’ undeclared (first use in this function)
} else if (nid == NID_poly1305) {
^
HACLEngine.c:234:21: note: each undeclared identifier is reported only once for each function it appears in
HACLEngine.c: In function ‘Everest_create_all_the_things’:
HACLEngine.c:322:24: warning: assignment discards ‘const’ qualifier from pointer target type [-Wdiscarded-qualifiers]
hacl_chacha20_cipher = EVP_chacha20();
^
HACLEngine.c:329:42: error: ‘NID_poly1305’ undeclared (first use in this function)
hacl_poly1305_digest = EVP_MD_meth_new(NID_poly1305, NID_undef);
^
HACLEngine.c: In function ‘Everest_digest’:
HACLEngine.c:240:1: warning: control reaches end of non-void function [-Wreturn-type]
}
^
make[1]: *** [Makefile:37: OpenSSLEngine.dll] Error 1
make[1]: *** Waiting for unfinished jobs....
HACLEngine.c: In function ‘Wrapper_Chacha20_Cipher’:
HACLEngine.c:126:26: warning: passing argument 2 of ‘Chacha20_chacha20’ discards ‘const’ qualifier from pointer target type [-Wdiscarded-qualifiers]
Chacha20_chacha20(out, in, len, my_ctx, my_ctx + CHACHA20_KEY_SIZE, 0);
^
In file included from HACLEngine.c:23:0:
../../code/salsa-family/chacha-c/Chacha20.h:39:1: note: expected ‘uint8_t * {aka unsigned char *}’ but argument is of type ‘const unsigned char *’
Chacha20_chacha20(
^
HACLEngine.c: In function ‘Everest_digest’:
HACLEngine.c:234:21: error: ‘NID_poly1305’ undeclared (first use in this function)
} else if (nid == NID_poly1305) {
^
HACLEngine.c:234:21: note: each undeclared identifier is reported only once for each function it appears in
HACLEngine.c: In function ‘Everest_create_all_the_things’:
HACLEngine.c:329:42: error: ‘NID_poly1305’ undeclared (first use in this function)
hacl_poly1305_digest = EVP_MD_meth_new(NID_poly1305, NID_undef);
^
HACLEngine.c: In function ‘Everest_digest’:
HACLEngine.c:240:1: warning: control reaches end of non-void function [-Wreturn-type]
}
^
../../code/poly1305/poly-c/Poly1305_64.c: In function ‘Hacl_Standalone_Poly1305_64_poly1305_blocks’:
../../code/poly1305/poly-c/Poly1305_64.c:328:9: warning: variable ‘ite’ set but not used [-Wunused-but-set-variable]
void *ite;
^
../../code/poly1305/poly-c/Poly1305_64.c: In function ‘Hacl_Standalone_Poly1305_64_poly1305_complete’:
../../code/poly1305/poly-c/Poly1305_64.c:394:9: warning: variable ‘ite’ set but not used [-Wunused-but-set-variable]
void *ite;
^
../../code/poly1305/poly-c/Poly1305_64.c: In function ‘Poly1305_64_update_last’:
../../code/poly1305/poly-c/Poly1305_64.c:511:9: warning: variable ‘ite’ set but not used [-Wunused-but-set-variable]
void *ite;
^
make[1]: *** [Makefile:40: HaclEngine.dll] Error 1
BCryptEngine.c: In function ‘bcrypt_keygen’:
BCryptEngine.c:61:21: warning: format ‘%lx’ expects argument of type ‘long unsigned int’, but argument 3 has type ‘NTSTATUS {aka int}’ [-Wformat=]
fprintf(stderr, "Cannot generate key pair, status is 0x%lx\n", status);
^
BCryptEngine.c:61:21: warning: format ‘%lx’ expects argument of type ‘long unsigned int’, but argument 3 has type ‘NTSTATUS {aka int}’ [-Wformat=]
BCryptEngine.c:65:21: warning: format ‘%lx’ expects argument of type ‘long unsigned int’, but argument 3 has type ‘NTSTATUS {aka int}’ [-Wformat=]
fprintf(stderr, "Cannot finalize key pair, status is 0x%lx\n", status);
^
BCryptEngine.c:65:21: warning: format ‘%lx’ expects argument of type ‘long unsigned int’, but argument 3 has type ‘NTSTATUS {aka int}’ [-Wformat=]
make: *** [Makefile:11: all] Error 2
