Warning: you are using the standard library and/or the %inline keyword. We
recommend switching on --infer in order to avoid obscure type error messages.
warning: CRLF will be replaced by LF in doc/slides/popl2015/intro-tiny-fstar.mdk.
The file will have its original line endings in your working directory.
warning: CRLF will be replaced by LF in doc/slides/popl2015/overview-presentation.mdk.
The file will have its original line endings in your working directory.
File "src/basic/ml/FStar_Util.ml", line 47, characters 57-65:
Warning 40: st_mtime was selected from type BatUnix.stats.
It is not visible in the current scope, and will not 
be selected if the type becomes unknown.
File "src/basic/ml/FStar_Util.ml", line 47, characters 57-65:
Warning 40: st_mtime was selected from type BatUnix.stats.
It is not visible in the current scope, and will not 
be selected if the type becomes unknown.
make[1]: warning: jobserver unavailable: using -j1.  Add '+' to parent make rule.
make[1]: warning: jobserver unavailable: using -j1.  Add '+' to parent make rule.
File "CoreCrypto.ml", line 526, characters 24-144:
Warning 8: this pattern-matching is not exhaustive.
Here is an example of a value that is not matched:
ECC_X448
make[1]: warning: jobserver unavailable: using -j1.  Add '+' to parent make rule.
crypto/asn1/x_int64.c: In function 'uint64_print':
crypto/asn1/x_int64.c:105:32: warning: unknown conversion type character 'j' in format [-Wformat=]
return BIO_printf(out, "%jd\n", **(int64_t **)pval);
^
crypto/asn1/x_int64.c:105:32: warning: too many arguments for format [-Wformat-extra-args]
crypto/asn1/x_int64.c:106:28: warning: unknown conversion type character 'j' in format [-Wformat=]
return BIO_printf(out, "%ju\n", **(uint64_t **)pval);
^
crypto/asn1/x_int64.c:106:28: warning: too many arguments for format [-Wformat-extra-args]
crypto/bio/b_sock.c: In function 'BIO_get_accept_socket':
crypto/bio/b_sock.c:214:13: warning: overflow in implicit constant conversion [-Woverflow]
int s = INVALID_SOCKET;
^
crypto/bio/b_sock.c:219:16: warning: overflow in implicit constant conversion [-Woverflow]
return INVALID_SOCKET;
^
crypto/bio/b_sock.c:222:16: warning: overflow in implicit constant conversion [-Woverflow]
return INVALID_SOCKET;
^
crypto/bio/b_sock.c:229:13: warning: overflow in implicit constant conversion [-Woverflow]
s = INVALID_SOCKET;
^
crypto/bio/b_sock.c:236:13: warning: overflow in implicit constant conversion [-Woverflow]
s = INVALID_SOCKET;
^
crypto/bio/b_sock2.c: In function 'BIO_socket':
crypto/bio/b_sock2.c:45:16: warning: overflow in implicit constant conversion [-Woverflow]
return INVALID_SOCKET;
^
crypto/bio/b_sock2.c:51:16: warning: overflow in implicit constant conversion [-Woverflow]
return INVALID_SOCKET;
^
crypto/bio/b_sock2.c: In function 'BIO_connect':
crypto/bio/b_sock2.c:90:56: warning: passing argument 4 of 'setsockopt' from incompatible pointer type [-Wincompatible-pointer-types]
if (setsockopt(sock, SOL_SOCKET, SO_KEEPALIVE, &on, sizeof(on)) != 0) {
^
In file included from ./e_os.h:217:0,
from crypto/bio/bio_lcl.h:11,
from crypto/bio/b_sock2.c:14:
/usr/x86_64-w64-mingw32/sys-root/mingw/include/winsock2.h:999:34: note: expected 'const char *' but argument is of type 'int *'
WINSOCK_API_LINKAGE int WSAAPI setsockopt(SOCKET s,int level,int optname,const char *optval,int optlen);
^
crypto/bio/b_sock2.c:98:56: warning: passing argument 4 of 'setsockopt' from incompatible pointer type [-Wincompatible-pointer-types]
if (setsockopt(sock, IPPROTO_TCP, TCP_NODELAY, &on, sizeof(on)) != 0) {
^
In file included from ./e_os.h:217:0,
from crypto/bio/bio_lcl.h:11,
from crypto/bio/b_sock2.c:14:
/usr/x86_64-w64-mingw32/sys-root/mingw/include/winsock2.h:999:34: note: expected 'const char *' but argument is of type 'int *'
WINSOCK_API_LINKAGE int WSAAPI setsockopt(SOCKET s,int level,int optname,const char *optval,int optlen);
^
crypto/bio/b_sock2.c: In function 'BIO_listen':
crypto/bio/b_sock2.c:164:47: warning: passing argument 4 of 'getsockopt' from incompatible pointer type [-Wincompatible-pointer-types]
if (getsockopt(sock, SOL_SOCKET, SO_TYPE, &socktype, &socktype_len) != 0
^
In file included from ./e_os.h:217:0,
from crypto/bio/bio_lcl.h:11,
from crypto/bio/b_sock2.c:14:
/usr/x86_64-w64-mingw32/sys-root/mingw/include/winsock2.h:980:34: note: expected 'char *' but argument is of type 'int *'
WINSOCK_API_LINKAGE int WSAAPI getsockopt(SOCKET s,int level,int optname,char *optval,int *optlen);
^
crypto/bio/b_sock2.c:187:56: warning: passing argument 4 of 'setsockopt' from incompatible pointer type [-Wincompatible-pointer-types]
if (setsockopt(sock, SOL_SOCKET, SO_KEEPALIVE, &on, sizeof(on)) != 0) {
^
In file included from ./e_os.h:217:0,
from crypto/bio/bio_lcl.h:11,
from crypto/bio/b_sock2.c:14:
/usr/x86_64-w64-mingw32/sys-root/mingw/include/winsock2.h:999:34: note: expected 'const char *' but argument is of type 'int *'
WINSOCK_API_LINKAGE int WSAAPI setsockopt(SOCKET s,int level,int optname,const char *optval,int optlen);
^
crypto/bio/b_sock2.c:195:56: warning: passing argument 4 of 'setsockopt' from incompatible pointer type [-Wincompatible-pointer-types]
if (setsockopt(sock, IPPROTO_TCP, TCP_NODELAY, &on, sizeof(on)) != 0) {
^
In file included from ./e_os.h:217:0,
from crypto/bio/bio_lcl.h:11,
from crypto/bio/b_sock2.c:14:
/usr/x86_64-w64-mingw32/sys-root/mingw/include/winsock2.h:999:34: note: expected 'const char *' but argument is of type 'int *'
WINSOCK_API_LINKAGE int WSAAPI setsockopt(SOCKET s,int level,int optname,const char *optval,int optlen);
^
crypto/bio/b_sock2.c:204:57: warning: passing argument 4 of 'setsockopt' from incompatible pointer type [-Wincompatible-pointer-types]
if (setsockopt(sock, IPPROTO_IPV6, IPV6_V6ONLY, &on, sizeof(on)) != 0) {
^
In file included from ./e_os.h:217:0,
from crypto/bio/bio_lcl.h:11,
from crypto/bio/b_sock2.c:14:
/usr/x86_64-w64-mingw32/sys-root/mingw/include/winsock2.h:999:34: note: expected 'const char *' but argument is of type 'int *'
WINSOCK_API_LINKAGE int WSAAPI setsockopt(SOCKET s,int level,int optname,const char *optval,int optlen);
^
crypto/bio/b_sock2.c: In function 'BIO_accept_ex':
crypto/bio/b_sock2.c:249:16: warning: overflow in implicit constant conversion [-Woverflow]
return INVALID_SOCKET;
^
crypto/bio/b_sock2.c:254:16: warning: overflow in implicit constant conversion [-Woverflow]
return INVALID_SOCKET;
^
In file included from crypto/bn/bn_print.c:15:0:
crypto/bn/bn_print.c: In function 'BN_bn2dec':
crypto/bn/bn_lcl.h:94:27: warning: unknown conversion type character 'l' in format [-Wformat=]
#  define BN_DEC_FMT1     "%llu"
^
crypto/bn/bn_print.c:106:37: note: in expansion of macro 'BN_DEC_FMT1'
BIO_snprintf(p, BUF_REMAIN, BN_DEC_FMT1, *lp);
^
crypto/bn/bn_lcl.h:94:27: warning: too many arguments for format [-Wformat-extra-args]
#  define BN_DEC_FMT1     "%llu"
^
crypto/bn/bn_print.c:106:37: note: in expansion of macro 'BN_DEC_FMT1'
BIO_snprintf(p, BUF_REMAIN, BN_DEC_FMT1, *lp);
^
crypto/bn/bn_lcl.h:95:27: warning: unknown conversion type character 'l' in format [-Wformat=]
#  define BN_DEC_FMT2     "%019llu"
^
crypto/bn/bn_print.c:111:41: note: in expansion of macro 'BN_DEC_FMT2'
BIO_snprintf(p, BUF_REMAIN, BN_DEC_FMT2, *lp);
^
crypto/bn/bn_lcl.h:95:27: warning: too many arguments for format [-Wformat-extra-args]
#  define BN_DEC_FMT2     "%019llu"
^
crypto/bn/bn_print.c:111:41: note: in expansion of macro 'BN_DEC_FMT2'
BIO_snprintf(p, BUF_REMAIN, BN_DEC_FMT2, *lp);
^
crypto/threads_win.c: In function 'CRYPTO_atomic_add':
crypto/threads_win.c:132:35: warning: passing argument 1 of '_InterlockedExchangeAdd' from incompatible pointer type [-Wincompatible-pointer-types]
*ret = InterlockedExchangeAdd(val, amount) + amount;
^
In file included from /usr/x86_64-w64-mingw32/sys-root/mingw/include/winnt.h:27:0,
from /usr/x86_64-w64-mingw32/sys-root/mingw/include/minwindef.h:163,
from /usr/x86_64-w64-mingw32/sys-root/mingw/include/windef.h:8,
from /usr/x86_64-w64-mingw32/sys-root/mingw/include/windows.h:69,
from crypto/threads_win.c:11:
/usr/x86_64-w64-mingw32/sys-root/mingw/include/psdk_inc/intrin-impl.h:1026:10: note: expected 'volatile long int *' but argument is of type 'int *'
__LONG32 _InterlockedExchangeAdd(__LONG32 volatile *Addend, __LONG32 Value) {
^
openssl_stub.c: In function â€˜ocaml_openssl_initâ€™:
openssl_stub.c:93:3: warning: implicit declaration of function â€˜OPENSSL_configâ€™ [-Wimplicit-function-declaration]
OPENSSL_config("CoreCrypto");
^
openssl_stub.c: In function â€˜ocaml_rsa_gen_keyâ€™:
openssl_stub.c:668:23: warning: passing argument 2 of â€˜RSA_get0_keyâ€™ from incompatible pointer type [-Wincompatible-pointer-types]
RSA_get0_key(rsa, &b_n, &b_e, &b_d);
^
In file included from openssl_stub.c:22:0:
openssl/include/openssl/rsa.h:194:6: note: expected â€˜const BIGNUM ** {aka const struct bignum_st **}â€™ but argument is of type â€˜BIGNUM ** {aka struct bignum_st **}â€™
void RSA_get0_key(const RSA *r,
^
openssl_stub.c:668:29: warning: passing argument 3 of â€˜RSA_get0_keyâ€™ from incompatible pointer type [-Wincompatible-pointer-types]
RSA_get0_key(rsa, &b_n, &b_e, &b_d);
^
In file included from openssl_stub.c:22:0:
openssl/include/openssl/rsa.h:194:6: note: expected â€˜const BIGNUM ** {aka const struct bignum_st **}â€™ but argument is of type â€˜BIGNUM ** {aka struct bignum_st **}â€™
void RSA_get0_key(const RSA *r,
^
openssl_stub.c:668:35: warning: passing argument 4 of â€˜RSA_get0_keyâ€™ from incompatible pointer type [-Wincompatible-pointer-types]
RSA_get0_key(rsa, &b_n, &b_e, &b_d);
^
In file included from openssl_stub.c:22:0:
openssl/include/openssl/rsa.h:194:6: note: expected â€˜const BIGNUM ** {aka const struct bignum_st **}â€™ but argument is of type â€˜BIGNUM ** {aka struct bignum_st **}â€™
void RSA_get0_key(const RSA *r,
^
openssl_stub.c: In function â€˜ocaml_rsa_get_keyâ€™:
openssl_stub.c:779:21: warning: passing argument 2 of â€˜RSA_get0_keyâ€™ from incompatible pointer type [-Wincompatible-pointer-types]
RSA_get0_key(rsa, &b_n, &b_e, &b_d);
^
In file included from openssl_stub.c:22:0:
openssl/include/openssl/rsa.h:194:6: note: expected â€˜const BIGNUM ** {aka const struct bignum_st **}â€™ but argument is of type â€˜BIGNUM ** {aka struct bignum_st **}â€™
void RSA_get0_key(const RSA *r,
^
openssl_stub.c:779:27: warning: passing argument 3 of â€˜RSA_get0_keyâ€™ from incompatible pointer type [-Wincompatible-pointer-types]
RSA_get0_key(rsa, &b_n, &b_e, &b_d);
^
In file included from openssl_stub.c:22:0:
openssl/include/openssl/rsa.h:194:6: note: expected â€˜const BIGNUM ** {aka const struct bignum_st **}â€™ but argument is of type â€˜BIGNUM ** {aka struct bignum_st **}â€™
void RSA_get0_key(const RSA *r,
^
openssl_stub.c:779:33: warning: passing argument 4 of â€˜RSA_get0_keyâ€™ from incompatible pointer type [-Wincompatible-pointer-types]
RSA_get0_key(rsa, &b_n, &b_e, &b_d);
^
In file included from openssl_stub.c:22:0:
openssl/include/openssl/rsa.h:194:6: note: expected â€˜const BIGNUM ** {aka const struct bignum_st **}â€™ but argument is of type â€˜BIGNUM ** {aka struct bignum_st **}â€™
void RSA_get0_key(const RSA *r,
^
openssl_stub.c: In function â€˜ocaml_rsa_encryptâ€™:
openssl_stub.c:823:23: warning: passing argument 2 of â€˜RSA_get0_keyâ€™ from incompatible pointer type [-Wincompatible-pointer-types]
RSA_get0_key(rsa, &b_n, &b_e, &b_d);
^
In file included from openssl_stub.c:22:0:
openssl/include/openssl/rsa.h:194:6: note: expected â€˜const BIGNUM ** {aka const struct bignum_st **}â€™ but argument is of type â€˜BIGNUM ** {aka struct bignum_st **}â€™
void RSA_get0_key(const RSA *r,
^
openssl_stub.c:823:29: warning: passing argument 3 of â€˜RSA_get0_keyâ€™ from incompatible pointer type [-Wincompatible-pointer-types]
RSA_get0_key(rsa, &b_n, &b_e, &b_d);
^
In file included from openssl_stub.c:22:0:
openssl/include/openssl/rsa.h:194:6: note: expected â€˜const BIGNUM ** {aka const struct bignum_st **}â€™ but argument is of type â€˜BIGNUM ** {aka struct bignum_st **}â€™
void RSA_get0_key(const RSA *r,
^
openssl_stub.c:823:35: warning: passing argument 4 of â€˜RSA_get0_keyâ€™ from incompatible pointer type [-Wincompatible-pointer-types]
RSA_get0_key(rsa, &b_n, &b_e, &b_d);
^
In file included from openssl_stub.c:22:0:
openssl/include/openssl/rsa.h:194:6: note: expected â€˜const BIGNUM ** {aka const struct bignum_st **}â€™ but argument is of type â€˜BIGNUM ** {aka struct bignum_st **}â€™
void RSA_get0_key(const RSA *r,
^
openssl_stub.c: In function â€˜ocaml_rsa_decryptâ€™:
openssl_stub.c:878:23: warning: passing argument 2 of â€˜RSA_get0_keyâ€™ from incompatible pointer type [-Wincompatible-pointer-types]
RSA_get0_key(rsa, &b_n, &b_e, &b_d);
^
In file included from openssl_stub.c:22:0:
openssl/include/openssl/rsa.h:194:6: note: expected â€˜const BIGNUM ** {aka const struct bignum_st **}â€™ but argument is of type â€˜BIGNUM ** {aka struct bignum_st **}â€™
void RSA_get0_key(const RSA *r,
^
openssl_stub.c:878:29: warning: passing argument 3 of â€˜RSA_get0_keyâ€™ from incompatible pointer type [-Wincompatible-pointer-types]
RSA_get0_key(rsa, &b_n, &b_e, &b_d);
^
In file included from openssl_stub.c:22:0:
openssl/include/openssl/rsa.h:194:6: note: expected â€˜const BIGNUM ** {aka const struct bignum_st **}â€™ but argument is of type â€˜BIGNUM ** {aka struct bignum_st **}â€™
void RSA_get0_key(const RSA *r,
^
openssl_stub.c:878:35: warning: passing argument 4 of â€˜RSA_get0_keyâ€™ from incompatible pointer type [-Wincompatible-pointer-types]
RSA_get0_key(rsa, &b_n, &b_e, &b_d);
^
In file included from openssl_stub.c:22:0:
openssl/include/openssl/rsa.h:194:6: note: expected â€˜const BIGNUM ** {aka const struct bignum_st **}â€™ but argument is of type â€˜BIGNUM ** {aka struct bignum_st **}â€™
void RSA_get0_key(const RSA *r,
^
openssl_stub.c: In function â€˜ocaml_rsa_signâ€™:
openssl_stub.c:922:23: warning: passing argument 2 of â€˜RSA_get0_keyâ€™ from incompatible pointer type [-Wincompatible-pointer-types]
RSA_get0_key(rsa, &b_n, &b_e, &b_d);
^
In file included from openssl_stub.c:22:0:
openssl/include/openssl/rsa.h:194:6: note: expected â€˜const BIGNUM ** {aka const struct bignum_st **}â€™ but argument is of type â€˜BIGNUM ** {aka struct bignum_st **}â€™
void RSA_get0_key(const RSA *r,
^
openssl_stub.c:922:29: warning: passing argument 3 of â€˜RSA_get0_keyâ€™ from incompatible pointer type [-Wincompatible-pointer-types]
RSA_get0_key(rsa, &b_n, &b_e, &b_d);
^
In file included from openssl_stub.c:22:0:
openssl/include/openssl/rsa.h:194:6: note: expected â€˜const BIGNUM ** {aka const struct bignum_st **}â€™ but argument is of type â€˜BIGNUM ** {aka struct bignum_st **}â€™
void RSA_get0_key(const RSA *r,
^
openssl_stub.c:922:35: warning: passing argument 4 of â€˜RSA_get0_keyâ€™ from incompatible pointer type [-Wincompatible-pointer-types]
RSA_get0_key(rsa, &b_n, &b_e, &b_d);
^
In file included from openssl_stub.c:22:0:
openssl/include/openssl/rsa.h:194:6: note: expected â€˜const BIGNUM ** {aka const struct bignum_st **}â€™ but argument is of type â€˜BIGNUM ** {aka struct bignum_st **}â€™
void RSA_get0_key(const RSA *r,
^
openssl_stub.c: In function â€˜ocaml_rsa_verifyâ€™:
openssl_stub.c:975:23: warning: passing argument 2 of â€˜RSA_get0_keyâ€™ from incompatible pointer type [-Wincompatible-pointer-types]
RSA_get0_key(rsa, &b_n, &b_e, &b_d);
^
In file included from openssl_stub.c:22:0:
openssl/include/openssl/rsa.h:194:6: note: expected â€˜const BIGNUM ** {aka const struct bignum_st **}â€™ but argument is of type â€˜BIGNUM ** {aka struct bignum_st **}â€™
void RSA_get0_key(const RSA *r,
^
openssl_stub.c:975:29: warning: passing argument 3 of â€˜RSA_get0_keyâ€™ from incompatible pointer type [-Wincompatible-pointer-types]
RSA_get0_key(rsa, &b_n, &b_e, &b_d);
^
In file included from openssl_stub.c:22:0:
openssl/include/openssl/rsa.h:194:6: note: expected â€˜const BIGNUM ** {aka const struct bignum_st **}â€™ but argument is of type â€˜BIGNUM ** {aka struct bignum_st **}â€™
void RSA_get0_key(const RSA *r,
^
openssl_stub.c:975:35: warning: passing argument 4 of â€˜RSA_get0_keyâ€™ from incompatible pointer type [-Wincompatible-pointer-types]
RSA_get0_key(rsa, &b_n, &b_e, &b_d);
^
In file included from openssl_stub.c:22:0:
openssl/include/openssl/rsa.h:194:6: note: expected â€˜const BIGNUM ** {aka const struct bignum_st **}â€™ but argument is of type â€˜BIGNUM ** {aka struct bignum_st **}â€™
void RSA_get0_key(const RSA *r,
^
openssl_stub.c: In function â€˜ocaml_dsa_gen_paramsâ€™:
openssl_stub.c:1087:23: warning: passing argument 2 of â€˜DSA_get0_pqgâ€™ from incompatible pointer type [-Wincompatible-pointer-types]
DSA_get0_pqg(dsa, &b_p, &b_q, &b_g);
^
In file included from openssl_stub.c:23:0:
openssl/include/openssl/dsa.h:173:6: note: expected â€˜const BIGNUM ** {aka const struct bignum_st **}â€™ but argument is of type â€˜BIGNUM ** {aka struct bignum_st **}â€™
void DSA_get0_pqg(const DSA *d,
^
openssl_stub.c:1087:29: warning: passing argument 3 of â€˜DSA_get0_pqgâ€™ from incompatible pointer type [-Wincompatible-pointer-types]
DSA_get0_pqg(dsa, &b_p, &b_q, &b_g);
^
In file included from openssl_stub.c:23:0:
openssl/include/openssl/dsa.h:173:6: note: expected â€˜const BIGNUM ** {aka const struct bignum_st **}â€™ but argument is of type â€˜BIGNUM ** {aka struct bignum_st **}â€™
void DSA_get0_pqg(const DSA *d,
^
openssl_stub.c:1087:35: warning: passing argument 4 of â€˜DSA_get0_pqgâ€™ from incompatible pointer type [-Wincompatible-pointer-types]
DSA_get0_pqg(dsa, &b_p, &b_q, &b_g);
^
In file included from openssl_stub.c:23:0:
openssl/include/openssl/dsa.h:173:6: note: expected â€˜const BIGNUM ** {aka const struct bignum_st **}â€™ but argument is of type â€˜BIGNUM ** {aka struct bignum_st **}â€™
void DSA_get0_pqg(const DSA *d,
^
openssl_stub.c: In function â€˜ocaml_dsa_gen_keyâ€™:
openssl_stub.c:1144:23: warning: passing argument 2 of â€˜DSA_get0_keyâ€™ from incompatible pointer type [-Wincompatible-pointer-types]
DSA_get0_key(dsa, &b_pub, &b_priv);
^
In file included from openssl_stub.c:23:0:
openssl/include/openssl/dsa.h:176:6: note: expected â€˜const BIGNUM ** {aka const struct bignum_st **}â€™ but argument is of type â€˜BIGNUM ** {aka struct bignum_st **}â€™
void DSA_get0_key(const DSA *d,
^
openssl_stub.c:1144:31: warning: passing argument 3 of â€˜DSA_get0_keyâ€™ from incompatible pointer type [-Wincompatible-pointer-types]
DSA_get0_key(dsa, &b_pub, &b_priv);
^
In file included from openssl_stub.c:23:0:
openssl/include/openssl/dsa.h:176:6: note: expected â€˜const BIGNUM ** {aka const struct bignum_st **}â€™ but argument is of type â€˜BIGNUM ** {aka struct bignum_st **}â€™
void DSA_get0_key(const DSA *d,
^
openssl_stub.c: In function â€˜ocaml_dsa_get_keyâ€™:
openssl_stub.c:1183:21: warning: passing argument 2 of â€˜DSA_get0_pqgâ€™ from incompatible pointer type [-Wincompatible-pointer-types]
DSA_get0_pqg(dsa, &b_p, &b_q, &b_g);
^
In file included from openssl_stub.c:23:0:
openssl/include/openssl/dsa.h:173:6: note: expected â€˜const BIGNUM ** {aka const struct bignum_st **}â€™ but argument is of type â€˜BIGNUM ** {aka struct bignum_st **}â€™
void DSA_get0_pqg(const DSA *d,
^
openssl_stub.c:1183:27: warning: passing argument 3 of â€˜DSA_get0_pqgâ€™ from incompatible pointer type [-Wincompatible-pointer-types]
DSA_get0_pqg(dsa, &b_p, &b_q, &b_g);
^
In file included from openssl_stub.c:23:0:
openssl/include/openssl/dsa.h:173:6: note: expected â€˜const BIGNUM ** {aka const struct bignum_st **}â€™ but argument is of type â€˜BIGNUM ** {aka struct bignum_st **}â€™
void DSA_get0_pqg(const DSA *d,
^
openssl_stub.c:1183:33: warning: passing argument 4 of â€˜DSA_get0_pqgâ€™ from incompatible pointer type [-Wincompatible-pointer-types]
DSA_get0_pqg(dsa, &b_p, &b_q, &b_g);
^
In file included from openssl_stub.c:23:0:
openssl/include/openssl/dsa.h:173:6: note: expected â€˜const BIGNUM ** {aka const struct bignum_st **}â€™ but argument is of type â€˜BIGNUM ** {aka struct bignum_st **}â€™
void DSA_get0_pqg(const DSA *d,
^
openssl_stub.c:1190:21: warning: passing argument 2 of â€˜DSA_get0_keyâ€™ from incompatible pointer type [-Wincompatible-pointer-types]
DSA_get0_key(dsa, &b_pub, &b_priv);
^
In file included from openssl_stub.c:23:0:
openssl/include/openssl/dsa.h:176:6: note: expected â€˜const BIGNUM ** {aka const struct bignum_st **}â€™ but argument is of type â€˜BIGNUM ** {aka struct bignum_st **}â€™
void DSA_get0_key(const DSA *d,
^
openssl_stub.c:1190:29: warning: passing argument 3 of â€˜DSA_get0_keyâ€™ from incompatible pointer type [-Wincompatible-pointer-types]
DSA_get0_key(dsa, &b_pub, &b_priv);
^
In file included from openssl_stub.c:23:0:
openssl/include/openssl/dsa.h:176:6: note: expected â€˜const BIGNUM ** {aka const struct bignum_st **}â€™ but argument is of type â€˜BIGNUM ** {aka struct bignum_st **}â€™
void DSA_get0_key(const DSA *d,
^
openssl_stub.c: In function â€˜ocaml_dsa_set_keyâ€™:
openssl_stub.c:1235:23: warning: passing argument 2 of â€˜DSA_get0_pqgâ€™ from incompatible pointer type [-Wincompatible-pointer-types]
DSA_get0_pqg(dsa, &b_p, &b_q, &b_g);
^
In file included from openssl_stub.c:23:0:
openssl/include/openssl/dsa.h:173:6: note: expected â€˜const BIGNUM ** {aka const struct bignum_st **}â€™ but argument is of type â€˜BIGNUM ** {aka struct bignum_st **}â€™
void DSA_get0_pqg(const DSA *d,
^
openssl_stub.c:1235:29: warning: passing argument 3 of â€˜DSA_get0_pqgâ€™ from incompatible pointer type [-Wincompatible-pointer-types]
DSA_get0_pqg(dsa, &b_p, &b_q, &b_g);
^
In file included from openssl_stub.c:23:0:
openssl/include/openssl/dsa.h:173:6: note: expected â€˜const BIGNUM ** {aka const struct bignum_st **}â€™ but argument is of type â€˜BIGNUM ** {aka struct bignum_st **}â€™
void DSA_get0_pqg(const DSA *d,
^
openssl_stub.c:1235:35: warning: passing argument 4 of â€˜DSA_get0_pqgâ€™ from incompatible pointer type [-Wincompatible-pointer-types]
DSA_get0_pqg(dsa, &b_p, &b_q, &b_g);
^
In file included from openssl_stub.c:23:0:
openssl/include/openssl/dsa.h:173:6: note: expected â€˜const BIGNUM ** {aka const struct bignum_st **}â€™ but argument is of type â€˜BIGNUM ** {aka struct bignum_st **}â€™
void DSA_get0_pqg(const DSA *d,
^
openssl_stub.c:1236:23: warning: passing argument 2 of â€˜DSA_get0_keyâ€™ from incompatible pointer type [-Wincompatible-pointer-types]
DSA_get0_key(dsa, &b_pub, &b_priv);
^
In file included from openssl_stub.c:23:0:
openssl/include/openssl/dsa.h:176:6: note: expected â€˜const BIGNUM ** {aka const struct bignum_st **}â€™ but argument is of type â€˜BIGNUM ** {aka struct bignum_st **}â€™
void DSA_get0_key(const DSA *d,
^
openssl_stub.c:1236:31: warning: passing argument 3 of â€˜DSA_get0_keyâ€™ from incompatible pointer type [-Wincompatible-pointer-types]
DSA_get0_key(dsa, &b_pub, &b_priv);
^
In file included from openssl_stub.c:23:0:
openssl/include/openssl/dsa.h:176:6: note: expected â€˜const BIGNUM ** {aka const struct bignum_st **}â€™ but argument is of type â€˜BIGNUM ** {aka struct bignum_st **}â€™
void DSA_get0_key(const DSA *d,
^
openssl_stub.c: In function â€˜ocaml_dsa_signâ€™:
openssl_stub.c:1325:23: warning: passing argument 2 of â€˜DSA_get0_pqgâ€™ from incompatible pointer type [-Wincompatible-pointer-types]
DSA_get0_pqg(dsa, &b_p, &b_q, &b_g);
^
In file included from openssl_stub.c:23:0:
openssl/include/openssl/dsa.h:173:6: note: expected â€˜const BIGNUM ** {aka const struct bignum_st **}â€™ but argument is of type â€˜BIGNUM ** {aka struct bignum_st **}â€™
void DSA_get0_pqg(const DSA *d,
^
openssl_stub.c:1325:29: warning: passing argument 3 of â€˜DSA_get0_pqgâ€™ from incompatible pointer type [-Wincompatible-pointer-types]
DSA_get0_pqg(dsa, &b_p, &b_q, &b_g);
^
In file included from openssl_stub.c:23:0:
openssl/include/openssl/dsa.h:173:6: note: expected â€˜const BIGNUM ** {aka const struct bignum_st **}â€™ but argument is of type â€˜BIGNUM ** {aka struct bignum_st **}â€™
void DSA_get0_pqg(const DSA *d,
^
openssl_stub.c:1325:35: warning: passing argument 4 of â€˜DSA_get0_pqgâ€™ from incompatible pointer type [-Wincompatible-pointer-types]
DSA_get0_pqg(dsa, &b_p, &b_q, &b_g);
^
In file included from openssl_stub.c:23:0:
openssl/include/openssl/dsa.h:173:6: note: expected â€˜const BIGNUM ** {aka const struct bignum_st **}â€™ but argument is of type â€˜BIGNUM ** {aka struct bignum_st **}â€™
void DSA_get0_pqg(const DSA *d,
^
openssl_stub.c:1326:23: warning: passing argument 2 of â€˜DSA_get0_keyâ€™ from incompatible pointer type [-Wincompatible-pointer-types]
DSA_get0_key(dsa, &b_pub, &b_priv); 
^
In file included from openssl_stub.c:23:0:
openssl/include/openssl/dsa.h:176:6: note: expected â€˜const BIGNUM ** {aka const struct bignum_st **}â€™ but argument is of type â€˜BIGNUM ** {aka struct bignum_st **}â€™
void DSA_get0_key(const DSA *d,
^
openssl_stub.c:1326:31: warning: passing argument 3 of â€˜DSA_get0_keyâ€™ from incompatible pointer type [-Wincompatible-pointer-types]
DSA_get0_key(dsa, &b_pub, &b_priv); 
^
In file included from openssl_stub.c:23:0:
openssl/include/openssl/dsa.h:176:6: note: expected â€˜const BIGNUM ** {aka const struct bignum_st **}â€™ but argument is of type â€˜BIGNUM ** {aka struct bignum_st **}â€™
void DSA_get0_key(const DSA *d,
^
openssl_stub.c: In function â€˜ocaml_dsa_verifyâ€™:
openssl_stub.c:1368:23: warning: passing argument 2 of â€˜DSA_get0_pqgâ€™ from incompatible pointer type [-Wincompatible-pointer-types]
DSA_get0_pqg(dsa, &b_p, &b_q, &b_g);
^
In file included from openssl_stub.c:23:0:
openssl/include/openssl/dsa.h:173:6: note: expected â€˜const BIGNUM ** {aka const struct bignum_st **}â€™ but argument is of type â€˜BIGNUM ** {aka struct bignum_st **}â€™
void DSA_get0_pqg(const DSA *d,
^
openssl_stub.c:1368:29: warning: passing argument 3 of â€˜DSA_get0_pqgâ€™ from incompatible pointer type [-Wincompatible-pointer-types]
DSA_get0_pqg(dsa, &b_p, &b_q, &b_g);
^
In file included from openssl_stub.c:23:0:
openssl/include/openssl/dsa.h:173:6: note: expected â€˜const BIGNUM ** {aka const struct bignum_st **}â€™ but argument is of type â€˜BIGNUM ** {aka struct bignum_st **}â€™
void DSA_get0_pqg(const DSA *d,
^
openssl_stub.c:1368:35: warning: passing argument 4 of â€˜DSA_get0_pqgâ€™ from incompatible pointer type [-Wincompatible-pointer-types]
DSA_get0_pqg(dsa, &b_p, &b_q, &b_g);
^
In file included from openssl_stub.c:23:0:
openssl/include/openssl/dsa.h:173:6: note: expected â€˜const BIGNUM ** {aka const struct bignum_st **}â€™ but argument is of type â€˜BIGNUM ** {aka struct bignum_st **}â€™
void DSA_get0_pqg(const DSA *d,
^
openssl_stub.c:1369:23: warning: passing argument 2 of â€˜DSA_get0_keyâ€™ from incompatible pointer type [-Wincompatible-pointer-types]
DSA_get0_key(dsa, &b_pub, &b_priv);
^
In file included from openssl_stub.c:23:0:
openssl/include/openssl/dsa.h:176:6: note: expected â€˜const BIGNUM ** {aka const struct bignum_st **}â€™ but argument is of type â€˜BIGNUM ** {aka struct bignum_st **}â€™
void DSA_get0_key(const DSA *d,
^
openssl_stub.c:1369:31: warning: passing argument 3 of â€˜DSA_get0_keyâ€™ from incompatible pointer type [-Wincompatible-pointer-types]
DSA_get0_key(dsa, &b_pub, &b_priv);
^
In file included from openssl_stub.c:23:0:
openssl/include/openssl/dsa.h:176:6: note: expected â€˜const BIGNUM ** {aka const struct bignum_st **}â€™ but argument is of type â€˜BIGNUM ** {aka struct bignum_st **}â€™
void DSA_get0_key(const DSA *d,
^
openssl_stub.c: In function â€˜ocaml_dh_gen_paramsâ€™:
openssl_stub.c:1473:21: warning: passing argument 2 of â€˜DH_get0_pqgâ€™ from incompatible pointer type [-Wincompatible-pointer-types]
DH_get0_pqg(dh, &b_p, &b_q, &b_g);
^
In file included from openssl/include/openssl/dsa.h:31:0,
from openssl_stub.c:23:
openssl/include/openssl/dh.h:172:6: note: expected â€˜const BIGNUM ** {aka const struct bignum_st **}â€™ but argument is of type â€˜BIGNUM ** {aka struct bignum_st **}â€™
void DH_get0_pqg(const DH *dh,
^
openssl_stub.c:1473:27: warning: passing argument 3 of â€˜DH_get0_pqgâ€™ from incompatible pointer type [-Wincompatible-pointer-types]
DH_get0_pqg(dh, &b_p, &b_q, &b_g);
^
In file included from openssl/include/openssl/dsa.h:31:0,
from openssl_stub.c:23:
openssl/include/openssl/dh.h:172:6: note: expected â€˜const BIGNUM ** {aka const struct bignum_st **}â€™ but argument is of type â€˜BIGNUM ** {aka struct bignum_st **}â€™
void DH_get0_pqg(const DH *dh,
^
openssl_stub.c:1473:33: warning: passing argument 4 of â€˜DH_get0_pqgâ€™ from incompatible pointer type [-Wincompatible-pointer-types]
DH_get0_pqg(dh, &b_p, &b_q, &b_g);
^
In file included from openssl/include/openssl/dsa.h:31:0,
from openssl_stub.c:23:
openssl/include/openssl/dh.h:172:6: note: expected â€˜const BIGNUM ** {aka const struct bignum_st **}â€™ but argument is of type â€˜BIGNUM ** {aka struct bignum_st **}â€™
void DH_get0_pqg(const DH *dh,
^
openssl_stub.c: In function â€˜ocaml_dh_params_of_stringâ€™:
openssl_stub.c:1506:21: warning: passing argument 2 of â€˜DH_get0_pqgâ€™ from incompatible pointer type [-Wincompatible-pointer-types]
DH_get0_pqg(dh, &b_p, &b_q, &b_g);
^
In file included from openssl/include/openssl/dsa.h:31:0,
from openssl_stub.c:23:
openssl/include/openssl/dh.h:172:6: note: expected â€˜const BIGNUM ** {aka const struct bignum_st **}â€™ but argument is of type â€˜BIGNUM ** {aka struct bignum_st **}â€™
void DH_get0_pqg(const DH *dh,
^
openssl_stub.c:1506:27: warning: passing argument 3 of â€˜DH_get0_pqgâ€™ from incompatible pointer type [-Wincompatible-pointer-types]
DH_get0_pqg(dh, &b_p, &b_q, &b_g);
^
In file included from openssl/include/openssl/dsa.h:31:0,
from openssl_stub.c:23:
openssl/include/openssl/dh.h:172:6: note: expected â€˜const BIGNUM ** {aka const struct bignum_st **}â€™ but argument is of type â€˜BIGNUM ** {aka struct bignum_st **}â€™
void DH_get0_pqg(const DH *dh,
^
openssl_stub.c:1506:33: warning: passing argument 4 of â€˜DH_get0_pqgâ€™ from incompatible pointer type [-Wincompatible-pointer-types]
DH_get0_pqg(dh, &b_p, &b_q, &b_g);
^
In file included from openssl/include/openssl/dsa.h:31:0,
from openssl_stub.c:23:
openssl/include/openssl/dh.h:172:6: note: expected â€˜const BIGNUM ** {aka const struct bignum_st **}â€™ but argument is of type â€˜BIGNUM ** {aka struct bignum_st **}â€™
void DH_get0_pqg(const DH *dh,
^
openssl_stub.c: In function â€˜ocaml_dh_gen_keyâ€™:
openssl_stub.c:1561:21: warning: passing argument 2 of â€˜DH_get0_keyâ€™ from incompatible pointer type [-Wincompatible-pointer-types]
DH_get0_key(dh, &b_pub, &b_prv);
^
In file included from openssl/include/openssl/dsa.h:31:0,
from openssl_stub.c:23:
openssl/include/openssl/dh.h:175:6: note: expected â€˜const BIGNUM ** {aka const struct bignum_st **}â€™ but argument is of type â€˜BIGNUM ** {aka struct bignum_st **}â€™
void DH_get0_key(const DH *dh,
^
openssl_stub.c:1561:29: warning: passing argument 3 of â€˜DH_get0_keyâ€™ from incompatible pointer type [-Wincompatible-pointer-types]
DH_get0_key(dh, &b_pub, &b_prv);
^
In file included from openssl/include/openssl/dsa.h:31:0,
from openssl_stub.c:23:
openssl/include/openssl/dh.h:175:6: note: expected â€˜const BIGNUM ** {aka const struct bignum_st **}â€™ but argument is of type â€˜BIGNUM ** {aka struct bignum_st **}â€™
void DH_get0_key(const DH *dh,
^
openssl_stub.c: In function â€˜ocaml_dh_computeâ€™:
openssl_stub.c:1672:21: warning: passing argument 2 of â€˜DH_get0_keyâ€™ from incompatible pointer type [-Wincompatible-pointer-types]
DH_get0_key(dh, &b_pub, &b_prv);
^
In file included from openssl/include/openssl/dsa.h:31:0,
from openssl_stub.c:23:
openssl/include/openssl/dh.h:175:6: note: expected â€˜const BIGNUM ** {aka const struct bignum_st **}â€™ but argument is of type â€˜BIGNUM ** {aka struct bignum_st **}â€™
void DH_get0_key(const DH *dh,
^
openssl_stub.c:1672:29: warning: passing argument 3 of â€˜DH_get0_keyâ€™ from incompatible pointer type [-Wincompatible-pointer-types]
DH_get0_key(dh, &b_pub, &b_prv);
^
In file included from openssl/include/openssl/dsa.h:31:0,
from openssl_stub.c:23:
openssl/include/openssl/dh.h:175:6: note: expected â€˜const BIGNUM ** {aka const struct bignum_st **}â€™ but argument is of type â€˜BIGNUM ** {aka struct bignum_st **}â€™
void DH_get0_key(const DH *dh,
^
make[1]: warning: jobserver unavailable: using -j1.  Add '+' to parent make rule.
make[1]: warning: jobserver unavailable: using -j1.  Add '+' to parent make rule.
Warning 6: in the definition of block, after the definition of h1, in top-level declaration Hacl.Impl.Chacha20.Vec128.update_last, in file Hacl_Impl_Chacha20_Vec128: stack newbuf 0uint8 Hacl.Impl.Chacha20.Vec128.vecsizebytes4 is a non-constant size, stack-allocated array; this is not supported by CompCert
Warning 7: : After inlining, Hacl.Test.X25519.main (going into Hacl_Test_X25519) calls Hacl.EC.crypto_scalarmult (going into Curve25519) -- removing the static qualifier from Hacl.EC.crypto_scalarmult
Unexpected error
FStar_Errors.Err("let-open only supported for modules, not namespaces")
Raised at file "src/ocaml-output/FStar_Parser_Dep.ml", line 227, characters 25-125
Called from file "src/ocaml-output/FStar_Parser_Dep.ml", line 546, characters 20-40
Called from file "list.ml", line 73, characters 12-15
Called from file "src/ocaml-output/FStar_Parser_Dep.ml", line 539, characters 20-232
Called from file "src/ocaml-output/FStar_Parser_Dep.ml", line 486, characters 34-69
Called from file "list.ml", line 73, characters 12-15
Called from file "src/ocaml-output/FStar_Parser_Dep.ml", line 365, characters 20-53
Called from file "list.ml", line 73, characters 12-15
Called from file "src/ocaml-output/FStar_Parser_Dep.ml", line 623, characters 36-52
Called from file "list.ml", line 73, characters 12-15
Called from file "src/ocaml-output/FStar_Parser_Dep.ml", line 724, characters 6-62
Called from file "src/ocaml-output/FStar_Dependencies.ml", line 12, characters 24-66
Called from file "src/ocaml-output/FStar_Main.ml", line 205, characters 27-116
Called from file "src/ocaml-output/FStar_Main.ml", line 230, characters 6-11

(Error) let-open only supported for modules, not namespaces
1 error was reported (see above)
make[3]: *** [Makefile:45: Chacha20Poly1305.fst-verify] Error 1
make[3]: *** Waiting for unfinished jobs....
Unexpected error
FStar_Errors.Err("let-open only supported for modules, not namespaces")
Raised at file "src/ocaml-output/FStar_Parser_Dep.ml", line 227, characters 25-125
Called from file "src/ocaml-output/FStar_Parser_Dep.ml", line 546, characters 20-40
Called from file "list.ml", line 73, characters 12-15
Called from file "src/ocaml-output/FStar_Parser_Dep.ml", line 539, characters 20-232
Called from file "src/ocaml-output/FStar_Parser_Dep.ml", line 486, characters 34-69
Called from file "list.ml", line 73, characters 12-15
Called from file "src/ocaml-output/FStar_Parser_Dep.ml", line 365, characters 20-53
Called from file "list.ml", line 73, characters 12-15
Called from file "src/ocaml-output/FStar_Parser_Dep.ml", line 623, characters 36-52
Called from file "list.ml", line 73, characters 12-15
Called from file "src/ocaml-output/FStar_Parser_Dep.ml", line 724, characters 6-62
Called from file "src/ocaml-output/FStar_Dependencies.ml", line 12, characters 24-66
Called from file "src/ocaml-output/FStar_Main.ml", line 205, characters 27-116
Called from file "src/ocaml-output/FStar_Main.ml", line 230, characters 6-11

(Error) let-open only supported for modules, not namespaces
1 error was reported (see above)
make[3]: *** [Makefile:37: all-ct] Error 1
make[2]: *** [Makefile:12: api-ct] Error 2
make[2]: *** Waiting for unfinished jobs....
Warning 7: : After inlining, Hacl.Test.X25519.main (going into Hacl_Test_X25519) calls Hacl.EC.crypto_scalarmult (going into Curve25519) -- removing the static qualifier from Hacl.EC.crypto_scalarmult
make[1]: *** [Makefile:47: ct] Error 2
make[1]: *** Waiting for unfinished jobs....
Unexpected error
Yojson.Json_error("Line 1, bytes 1-34:\nExpected string or identifier but found '<<<<<< HEAD\n[\n  \"Á\1364\\u0005Vmw\\u00'")
Raised at file "common.ml", line 5, characters 25-39
Called from file "read.mll", line 294, characters 32-51
Called from file "read.ml", line 1025, characters 4-40
Called from file "read.mll", line 1128, characters 6-26
Called from file "src/basic/ml/FStar_Util.ml", line 876, characters 15-44
Called from file "src/ocaml-output/FStar_SMTEncoding_Solver.ml", line 35, characters 21-55
Called from file "src/ocaml-output/FStar_SMTEncoding_Solver.ml", line 103, characters 2-33
Called from file "src/ocaml-output/FStar_Universal.ml", line 357, characters 32-71
Called from file "src/ocaml-output/FStar_Universal.ml", line 376, characters 31-72
Called from file "src/ocaml-output/FStar_Universal.ml", line 392, characters 24-71
Called from file "src/ocaml-output/FStar_Universal.ml", line 432, characters 26-68
Called from file "src/ocaml-output/FStar_Main.ml", line 208, characters 27-67
Called from file "src/ocaml-output/FStar_Main.ml", line 230, characters 6-11

make[3]: *** [Makefile:60: ../../specs/Spec.Poly1305.fst-verify] Error 1
make[3]: *** Waiting for unfinished jobs....
WARNING: (24539,15): '=' cannot be used in patterns.
WARNING: (24539,15): 'if' cannot be used in patterns.
WARNING: (24786,15): '=' cannot be used in patterns.
WARNING: (24786,15): 'if' cannot be used in patterns.
WARNING: (32378,16): '=' cannot be used in patterns.
WARNING: (32378,16): 'if' cannot be used in patterns.
WARNING: (32566,16): '=' cannot be used in patterns.
WARNING: (32566,16): 'if' cannot be used in patterns.
WARNING: (28385,16): '=' cannot be used in patterns.
WARNING: (28385,16): 'if' cannot be used in patterns.
WARNING: (28573,16): '=' cannot be used in patterns.
WARNING: (28573,16): 'if' cannot be used in patterns.
make[2]: *** [Makefile:43: poly1305-specific-ci] Error 2
make[2]: *** Waiting for unfinished jobs....
make[2]: *** [Makefile:15: api-ci] Error 2
WARNING: (24217,15): '=' cannot be used in patterns.
WARNING: (24217,15): 'if' cannot be used in patterns.
make[1]: *** [Makefile:50: verify-code] Error 2
.\aead\Crypto.AEAD.Encrypt.Ideal.Invariant.fst(128,0-153,5): (Error) Unknown assertion failed
Verified module: Crypto.AEAD.Encrypt.Ideal.Invariant (498919 milliseconds)
1 error was reported (see above)
make[2]: *** [Makefile:189: aead/Crypto.AEAD.Encrypt.Ideal.Invariant.fst-ver] Error 1
make[2]: *** Waiting for unfinished jobs....
.\aead\Crypto.AEAD.Encoding.fst(458,0-517,5): (Error) Unknown assertion failed
Verified module: Crypto.AEAD.Encoding (2429801 milliseconds)
1 error was reported (see above)
make[2]: *** [Makefile:189: aead/Crypto.AEAD.Encoding.fst-ver] Error 1
make[1]: *** [Makefile:54: verify-crypto] Error 2
make: *** [Makefile:20: all] Error 2
