From https://github.com/FStarLang/FStar
6bbacef..157d7d5  nik_indexed_effects -> origin/nik_indexed_effects
* [new branch]      protz_manual_merges -> origin/protz_manual_merges
* [new branch]      shaolintl_922 -> origin/shaolintl_922
2c9771a..75696de  shaolintl_two_phase_experiment -> origin/shaolintl_two_phase_experiment
69528aa..1e2c9bc  taramana_modifies -> origin/taramana_modifies
289075d..7f537db  vdum_uf    -> origin/vdum_uf
Warning: you are using the standard library and/or the %inline keyword. We
recommend switching on --infer in order to avoid obscure type error messages.
6 shift/reduce conflicts.
File "src/basic/ml/FStar_Util.ml", line 47, characters 57-65:
Warning 40: st_mtime was selected from type BatUnix.stats.
It is not visible in the current scope, and will not 
be selected if the type becomes unknown.
File "src/basic/ml/FStar_Util.ml", line 47, characters 57-65:
Warning 40: st_mtime was selected from type BatUnix.stats.
It is not visible in the current scope, and will not 
be selected if the type becomes unknown.
Warning: Unable to open hints file: C:\Build\Agent\_work\3\s\src\tls\Hashing.OpenSSL.fst.hints; ran without hints
Warning: Unable to open hints file: C:\Build\Agent\_work\3\s\src\tls\Hashing.Spec.fst.hints; ran without hints
.\CommonDH.fst(43,8-43,56): (Warning) Top-level let-bindings must be total; this term may have effects
.\CommonDH.fst(47,9-51,7): (Warning) Top-level let-bindings must be total; this term may have effects
.\Nonce.fst(47,0-48,55): (Warning) Top-level let-bindings must be total; this term may have effects
Warning: Unable to open hints file: C:\Build\Agent\_work\3\s\src\tls\Hashing.CRF.fst.hints; ran without hints
.\Hashing.CRF.fst(28,8-28,80): (Warning) Top-level let-bindings must be total; this term may have effects
Warning: Malformed JSON hints file: C:\Build\Agent\_work\3\s\src\tls\HMAC.fst.hints; ran without hints
.\IdNonce.fst(20,0-21,60): (Warning) Top-level let-bindings must be total; this term may have effects
.\Signature.fst(106,0-106,67): (Warning) Top-level let-bindings must be total; this term may have effects
.\Hashing.CRF.fst(64,4-64,64): (Error) could not prove post-condition
Verified module: Hashing.CRF (15495 milliseconds)
1 error was reported (see above)
make: *** [Makefile:248: Hashing.CRF.fst-ver] Error 1
.\Nonce.fst(132,0-132,40): (Warning) Top-level let-bindings must be total; this term may have effects
.\Signature.fst(171,0-171,32): (Warning) Top-level let-bindings must be total; this term may have effects
Warning: Unable to open hints file: C:\Build\Agent\_work\3\s\src\tls\Extensions.fst.hints; ran without hints
.\MasterSecret.fst(34,0-35,75): (Warning) Top-level let-bindings must be total; this term may have effects
Warning: Unable to open hints file: C:\Build\Agent\_work\3\s\src\tls\HKDF.fsti.hints; ran without hints
.\TLSInfo.fst(629,0-629,50): (Warning) Top-level let-bindings must be total; this term may have effects
.\TLSInfo.fst(633,0-636,10): (Warning) Top-level let-bindings must be total; this term may have effects
.\MAC_SHA256.fst(66,33-66,39): (Error) Subtyping check failed; expected type (lbytes (macKeySize a)); got type (key i) (see .\HMAC.fst(69,34-69,48))
.\MAC_SHA256.fst(79,31-79,37): (Error) Subtyping check failed; expected type (lbytes (macKeySize a)); got type (key i) (see .\HMAC.fst(77,40-77,54))
Verified module: MAC_SHA256 (92715 milliseconds)
2 errors were reported (see above)
make: *** [Makefile:248: MAC_SHA256.fst-ver] Error 1
.\MAC_SHA1.fst(66,33-66,39): (Error) Subtyping check failed; expected type (lbytes (macKeySize a)); got type (key i) (see .\HMAC.fst(69,34-69,48))
.\MAC_SHA1.fst(79,31-79,37): (Error) Subtyping check failed; expected type (lbytes (macKeySize a)); got type (key i) (see .\HMAC.fst(77,40-77,54))
Verified module: MAC_SHA1 (80873 milliseconds)
2 errors were reported (see above)
make: *** [Makefile:248: MAC_SHA1.fst-ver] Error 1
.\TLSInfo.fst(756,42-756,44): (Error) Subtyping check failed; expected type (x#23559:TLSInfo.logInfo{(Prims.l_not (Prims.b2t (TLSInfo.uu___is_LogInfo_CH x@0)))}); got type TLSInfo.logInfo (see .\TLSInfo.fst(467,27-467,43))
Verified module: TLSInfo (175004 milliseconds)
1 error was reported (see above)
make: *** [Makefile:248: TLSInfo.fst-ver] Error 1
.\Handshake.fst(556,22-556,30) : (Error) Identifier not found: [n_sigAlg]
Unexpected error
FStar_Errors.Error(_)
Raised by primitive operation at file "src/batString.mlv", line 145, characters 30-54
Called from file "src/batReturn.ml", line 29, characters 6-29

make: *** [Makefile:248: Connection.fst-ver] Error 1
.\Handshake.fst(556,22-556,30) : (Error) Identifier not found: [n_sigAlg]
Unexpected error
FStar_Errors.Error(_)
Raised by primitive operation at file "src/batString.mlv", line 145, characters 30-54
Called from file "src/batReturn.ml", line 29, characters 6-29

make: *** [Makefile:248: ConnInvariant.fst-ver] Error 1
.\Handshake.fst(556,22-556,30) : (Error) Identifier not found: [n_sigAlg]
Unexpected error
FStar_Errors.Error(_)
Raised by primitive operation at file "src/batString.mlv", line 145, characters 30-54
Called from file "src/batReturn.ml", line 29, characters 6-29

make: *** [Makefile:248: FFI.fst-ver] Error 1
.\Handshake.fst(556,22-556,30) : (Error) Identifier not found: [n_sigAlg]
Unexpected error
FStar_Errors.Error(_)
Raised by primitive operation at file "src/batString.mlv", line 145, characters 30-54
Called from file "src/batReturn.ml", line 29, characters 6-29

make: *** [Makefile:248: TLS.fst-ver] Error 1
.\Epochs.fst(130,0-136,18): (Error) Unknown assertion failed
.\Epochs.fst(248,58-248,59): (Error) Failed to verify implicit argument: Subtyping check failed; expected type (i#2998:TLSInfo.id{(Prims.b2t (Prims.op_Equality<0> (TLSInfo.nonce_of_id i@0) n#110004))}); got type TLSInfo.id (see .\Epochs.fst(47,17-47,34))
.\Epochs.fst(249,14-249,16): (Error) Subtyping check failed; expected type (w#3109:(StAE.writer i#110012){(Epochs.epoch_region_inv' hs_rgn#110003 rd#110013 w@0)}); got type (StAE.writer i#110012) (see .\Epochs.fst(50,24-50,52))
Verified module: Epochs (1025058 milliseconds)
3 errors were reported (see above)
make: *** [Makefile:248: Epochs.fst-ver] Error 1
make: Target 'all-ver' not remade because of errors.
