From https://github.com/FStarLang/FStar
d08912c..62d188f  aseem_serialization_experiment -> origin/aseem_serialization_experiment
+ 02cdf50...9fa433e cpitclaudel_show_match -> origin/cpitclaudel_show_match  (forced update)
fatal: ambiguous argument 'f953975': unknown revision or path not in the working tree.
Use '--' to separate paths from revisions, like this:
'git <command> [<revision>...] -- [<file>...]'
Warning: you are using the standard library and/or the %inline keyword. We
recommend switching on --infer in order to avoid obscure type error messages.
warning: CRLF will be replaced by LF in src/parser/ml/parse.mly.
The file will have its original line endings in your working directory.
7 shift/reduce conflicts.
File "src/basic/ml/FStar_Util.ml", line 47, characters 57-65:
Warning 40: st_mtime was selected from type BatUnix.stats.
It is not visible in the current scope, and will not 
be selected if the type becomes unknown.
File "src/basic/ml/FStar_Util.ml", line 659, characters 2-13:
Warning 10: this expression should have type unit.
File "src/basic/ml/FStar_Util.ml", line 47, characters 57-65:
Warning 40: st_mtime was selected from type BatUnix.stats.
It is not visible in the current scope, and will not 
be selected if the type becomes unknown.
File "src/basic/ml/FStar_Util.ml", line 659, characters 2-13:
Warning 10: this expression should have type unit.
Warning: Unable to open hints file: C:\Build\Agent\_work\3\s\src\tls\Hashing.OpenSSL.fst.hints; ran without hints
Warning: Unable to open hints file: C:\Build\Agent\_work\3\s\src\tls\Hashing.Spec.fst.hints; ran without hints
.\CommonDH.fst(43,8-43,56): (Warning) Top-level let-bindings must be total; this term may have effects
.\Nonce.fst(47,0-48,55): (Warning) Top-level let-bindings must be total; this term may have effects
.\CommonDH.fst(47,9-51,7): (Warning) Top-level let-bindings must be total; this term may have effects
Warning: Unable to open hints file: C:\Build\Agent\_work\3\s\src\tls\Hashing.CRF.fst.hints; ran without hints
.\Hashing.CRF.fst(28,8-28,80): (Warning) Top-level let-bindings must be total; this term may have effects
Warning: Malformed JSON hints file: C:\Build\Agent\_work\3\s\src\tls\HMAC.fst.hints; ran without hints
.\IdNonce.fst(20,0-21,60): (Warning) Top-level let-bindings must be total; this term may have effects
.\Signature.fst(106,0-106,67): (Warning) Top-level let-bindings must be total; this term may have effects
.\Hashing.CRF.fst(64,4-64,64): (Error) could not prove post-condition
Verified module: Hashing.CRF (15882 milliseconds)
1 error was reported (see above)
make: *** [Makefile:248: Hashing.CRF.fst-ver] Error 1
.\Nonce.fst(132,0-132,40): (Warning) Top-level let-bindings must be total; this term may have effects
.\Signature.fst(171,0-171,32): (Warning) Top-level let-bindings must be total; this term may have effects
Warning: Unable to open hints file: C:\Build\Agent\_work\3\s\src\tls\Extensions.fst.hints; ran without hints
.\TLSInfo.fst(629,0-629,50): (Warning) Top-level let-bindings must be total; this term may have effects
.\MasterSecret.fst(34,0-35,75): (Warning) Top-level let-bindings must be total; this term may have effects
.\TLSInfo.fst(633,0-636,10): (Warning) Top-level let-bindings must be total; this term may have effects
Warning: Unable to open hints file: C:\Build\Agent\_work\3\s\src\tls\HKDF.fsti.hints; ran without hints
.\MAC_SHA1.fst(66,33-66,39): (Error) Subtyping check failed; expected type (lbytes (macKeySize a)); got type (key i) (see .\HMAC.fst(69,34-69,48))
.\MAC_SHA1.fst(79,31-79,37): (Error) Subtyping check failed; expected type (lbytes (macKeySize a)); got type (key i) (see .\HMAC.fst(77,40-77,54))
Verified module: MAC_SHA1 (69957 milliseconds)
2 errors were reported (see above)
make: *** [Makefile:248: MAC_SHA1.fst-ver] Error 1
.\TLSInfo.fst(756,42-756,44): (Error) Subtyping check failed; expected type (x#23557:TLSInfo.logInfo{(Prims.l_not (Prims.b2t (TLSInfo.uu___is_LogInfo_CH x@0)))}); got type TLSInfo.logInfo (see .\TLSInfo.fst(467,27-467,43))
Verified module: TLSInfo (185340 milliseconds)
1 error was reported (see above)
make: *** [Makefile:248: TLSInfo.fst-ver] Error 1
.\MAC_SHA256.fst(60,4-60,53): (Error) could not prove post-condition
.\MAC_SHA256.fst(79,31-79,37): (Error) Subtyping check failed; expected type (lbytes (macKeySize a)); got type (key i) (see .\HMAC.fst(77,40-77,54))
Verified module: MAC_SHA256 (120677 milliseconds)
2 errors were reported (see above)
make: *** [Makefile:248: MAC_SHA256.fst-ver] Error 1
.\ConnInvariant.fst(90,0-91,64): (Warning) Top-level let-bindings must be total; this term may have effects
.\ConnInvariant.fst(117,37-117,45): (Error) Expected type "(epochs (?969281 i w c h) (?969282 i w c h))"; but "(__proj__HS__item__log (__proj__C__item__hs c))" has type "t"
.\ConnInvariant.fst(117,23-117,46): (Error) Failed to resolve implicit argument of type 'Format.rgn' introduced in (?969298 i#35652 w#35653 c#35654 h#35655) because head of application is a uvar (see .\ConnInvariant.fst(117,5-117,48))
.\ConnInvariant.fst(279,38-279,46): (Error) Expected type "(Epochs.epochs (?975598 h0#338172 h1#338173 i#338174 c#338175 e#338176 ctab#338544 mstab#345952 old_hs_log#346433 new_hs_log#346917 rgn#346974 uu___#346988) (?975599 h0#338172 h1#338173 i#338174 c#338175 e#338176 ctab#338544 mstab#345952 old_hs_log#346433 new_hs_log#346917 rgn#346974 uu___#346988))"; but "(Handshake.__proj__HS__item__log (Connection.__proj__C__item__hs c#338175))" has type "Handshake.Log.t"
.\ConnInvariant.fst(280,38-280,46): (Error) Expected type "(Epochs.epochs (?975632 h0#338172 h1#338173 i#338174 c#338175 e#338176 ctab#338544 mstab#345952 old_hs_log#346433 new_hs_log#346917 rgn#346974 uu___#346988) (?975633 h0#338172 h1#338173 i#338174 c#338175 e#338176 ctab#338544 mstab#345952 old_hs_log#346433 new_hs_log#346917 rgn#346974 uu___#346988))"; but "(Handshake.__proj__HS__item__log (Connection.__proj__C__item__hs c#338175))" has type "Handshake.Log.t"
.\ConnInvariant.fst(283,55-283,63): (Error) Expected type "(Epochs.epochs (?975712 h0#338172 h1#338173 i#338174 c#338175 e#338176 ctab#338544 mstab#345952 old_hs_log#346433 new_hs_log#346917 rgn#346974 uu___#346988 w#348267) (?975713 h0#338172 h1#338173 i#338174 c#338175 e#338176 ctab#338544 mstab#345952 old_hs_log#346433 new_hs_log#346917 rgn#346974 uu___#346988 w#348267))"; but "(Handshake.__proj__HS__item__log (Connection.__proj__C__item__hs c#338175))" has type "Handshake.Log.t"
.\ConnInvariant.fst(279,6-279,50): (Error) Failed to resolve implicit argument of type 'Epochs.random' introduced in (?975599 h0#338172 h1#338173 i#338174 c#338175 e#338176 ctab#338544 mstab#345952 old_hs_log#346433 new_hs_log#346917 rgn#346974 uu___#346988) because head of application is a uvar (see .\ConnInvariant.fst(279,24-279,47))
.\ConnInvariant.fst(295,4-295,31): (Error) Interface of ConnInvariant violates its abstraction (add a 'private' qualifier to 'register_writer_in_epoch_ok'?): Expected type "(epochs (?975616 h0 h1 i c e (m_sel h0 conn_tab) (m_sel h0 ms_tab) (epochs c h0) (epochs c h1) (__proj__HS__item__region (__proj__C__item__hs c)) (reveal_epoch_region_inv_all ())) (?975599 h0 h1 i c e (m_sel h0 conn_tab) (m_sel h0 ms_tab) (epochs c h0) (epochs c h1) (__proj__HS__item__region (__proj__C__item__hs c)) (reveal_epoch_region_inv_all ())))"; but "(__proj__HS__item__log (__proj__C__item__hs c))" has type "t" (see .\ConnInvariant.fst(279,38-279,46))
.\ConnInvariant.fst(295,4-295,31): (Error) Interface of ConnInvariant violates its abstraction (add a 'private' qualifier to 'register_writer_in_epoch_ok'?): Expected type "(epochs (?975650 h0 h1 i c e (m_sel h0 conn_tab) (m_sel h0 ms_tab) (epochs c h0) (epochs c h1) (__proj__HS__item__region (__proj__C__item__hs c)) (reveal_epoch_region_inv_all ())) (?975633 h0 h1 i c e (m_sel h0 conn_tab) (m_sel h0 ms_tab) (epochs c h0) (epochs c h1) (__proj__HS__item__region (__proj__C__item__hs c)) (reveal_epoch_region_inv_all ())))"; but "(__proj__HS__item__log (__proj__C__item__hs c))" has type "t" (see .\ConnInvariant.fst(280,38-280,46))
.\ConnInvariant.fst(295,4-295,31): (Error) Interface of ConnInvariant violates its abstraction (add a 'private' qualifier to 'register_writer_in_epoch_ok'?): Expected type "(epochs (?975730 h0 h1 i c e (m_sel h0 conn_tab) (m_sel h0 ms_tab) (epochs c h0) (epochs c h1) (__proj__HS__item__region (__proj__C__item__hs c)) (reveal_epoch_region_inv_all ()) (stream_state (__proj__Epoch__item__w e))) (?975713 h0 h1 i c e (m_sel h0 conn_tab) (m_sel h0 ms_tab) (epochs c h0) (epochs c h1) (__proj__HS__item__region (__proj__C__item__hs c)) (reveal_epoch_region_inv_all ()) (stream_state (__proj__Epoch__item__w e))))"; but "(__proj__HS__item__log (__proj__C__item__hs c))" has type "t" (see .\ConnInvariant.fst(283,55-283,63))
.\ConnInvariant.fst(295,4-295,31): (Error) Interface of ConnInvariant violates its abstraction (add a 'private' qualifier to 'register_writer_in_epoch_ok'?): Expected type "(epochs (?975730 h0 h1 i c e (m_sel h0 conn_tab) (m_sel h0 ms_tab) (epochs c h0) (epochs c h1) (__proj__HS__item__region (__proj__C__item__hs c)) (reveal_epoch_region_inv_all ()) (stream_state (__proj__Epoch__item__w e))) (?975713 h0 h1 i c e (m_sel h0 conn_tab) (m_sel h0 ms_tab) (epochs c h0) (epochs c h1) (__proj__HS__item__region (__proj__C__item__hs c)) (reveal_epoch_region_inv_all ()) (stream_state (__proj__Epoch__item__w e))))"; but "(__proj__HS__item__log (__proj__C__item__hs c))" has type "t" (see .\ConnInvariant.fst(283,55-283,63))
.\ConnInvariant.fst(295,4-295,31): (Error) Interface of ConnInvariant violates its abstraction (add a 'private' qualifier to 'register_writer_in_epoch_ok'?): Failed to resolve implicit argument of type 'rid' introduced in (?975616 h0 h1 i c e (m_sel h0 conn_tab) (m_sel h0 ms_tab) (epochs c h0) (epochs c h1) (__proj__HS__item__region (__proj__C__item__hs c)) (reveal_epoch_region_inv_all ())) because head of application is a uvar (see .\ConnInvariant.fst(279,6-279,50))
.\ConnInvariant.fst(116,8-116,12): (Error) Failed to verify implicit argument: Subtyping check failed; expected type (i#451:id{(l_and (l_and (l_not (b2t (uu___is_PlaintextID i@0))) (l_not (b2t (uu___is_PlaintextID i@0)))) (l_not (b2t (uu___is_PlaintextID i@0))))}); got type id(Also see: .\StAE.fst(42,46-42,47))
Verified module: ConnInvariant (868297 milliseconds)
12 errors were reported (see above)
make: *** [Makefile:248: ConnInvariant.fst-ver] Error 1
.\Epochs.fst(141,0-147,18): (Error) Unknown assertion failed
.\Epochs.fst(266,67-266,68): (Error) Failed to verify implicit argument: Subtyping check failed; expected type (i#2768:TLSInfo.id{(Prims.b2t (Prims.op_Equality<0> (TLSInfo.nonce_of_id i@0) n#110694))}); got type TLSInfo.id (see .\Epochs.fst(57,17-57,34))
.\Epochs.fst(266,87-266,89): (Error) Subtyping check failed; expected type (StAE.reader (TLSInfo.peerId i#110702)); got type (StAE.reader i#110702) (see .\Epochs.fst(59,16-266,68))
Verified module: Epochs (1091065 milliseconds)
3 errors were reported (see above)
make: *** [Makefile:248: Epochs.fst-ver] Error 1
.\AEAD_GCM.fst(242,0-265,3): (Error) Unknown assertion failed
Verified module: AEAD_GCM (1333531 milliseconds)
1 error was reported (see above)
make: *** [Makefile:248: AEAD_GCM.fst-ver] Error 1
make: Target 'all-ver' not remade because of errors.
