From https://github.com/FStarLang/FStar
3d64758..a1c2fd8  master     -> origin/master
1fccebb..f652a95  aseem_heap_modeling -> origin/aseem_heap_modeling
* [new branch]      aseem_serialization_experiment -> origin/aseem_serialization_experiment
9be2d88..b8549ca  c_ppdev_initial -> origin/c_ppdev_initial
* [new branch]      cpitclaudel_info_docs -> origin/cpitclaudel_info_docs
* [new branch]      cpitclaudel_show_match -> origin/cpitclaudel_show_match
* [new branch]      cpitclaudel_sigelt_refactoring -> origin/cpitclaudel_sigelt_refactoring
* [new branch]      cpitclaudel_syntax_error_offsets -> origin/cpitclaudel_syntax_error_offsets
* [new branch]      kyod_tmp0  -> origin/kyod_tmp0
157d7d5..bb523c7  nik_indexed_effects -> origin/nik_indexed_effects
376cf70..4123e2a  nik_private -> origin/nik_private
+ 0d3564e...5446747 protz_manual_merges -> origin/protz_manual_merges  (forced update)
1e2c9bc..74b6181  taramana_modifies -> origin/taramana_modifies
Warning: you are using the standard library and/or the %inline keyword. We
recommend switching on --infer in order to avoid obscure type error messages.
6 shift/reduce conflicts.
File "src/basic/ml/FStar_Util.ml", line 47, characters 57-65:
Warning 40: st_mtime was selected from type BatUnix.stats.
It is not visible in the current scope, and will not 
be selected if the type becomes unknown.
File "src/basic/ml/FStar_Util.ml", line 47, characters 57-65:
Warning 40: st_mtime was selected from type BatUnix.stats.
It is not visible in the current scope, and will not 
be selected if the type becomes unknown.
Warning: Unable to open hints file: C:\Build\Agent\_work\3\s\src\tls\Hashing.Spec.fst.hints; ran without hints
Warning: Unable to open hints file: C:\Build\Agent\_work\3\s\src\tls\Hashing.OpenSSL.fst.hints; ran without hints
.\CommonDH.fst(43,8-43,56): (Warning) Top-level let-bindings must be total; this term may have effects
.\CommonDH.fst(47,9-51,7): (Warning) Top-level let-bindings must be total; this term may have effects
.\Nonce.fst(47,0-48,55): (Warning) Top-level let-bindings must be total; this term may have effects
Warning: Unable to open hints file: C:\Build\Agent\_work\3\s\src\tls\Hashing.CRF.fst.hints; ran without hints
.\Hashing.CRF.fst(28,8-28,80): (Warning) Top-level let-bindings must be total; this term may have effects
Warning: Malformed JSON hints file: C:\Build\Agent\_work\3\s\src\tls\HMAC.fst.hints; ran without hints
.\IdNonce.fst(20,0-21,60): (Warning) Top-level let-bindings must be total; this term may have effects
.\Signature.fst(106,0-106,67): (Warning) Top-level let-bindings must be total; this term may have effects
.\Hashing.CRF.fst(64,4-64,64): (Error) could not prove post-condition
Verified module: Hashing.CRF (16316 milliseconds)
1 error was reported (see above)
make: *** [Makefile:248: Hashing.CRF.fst-ver] Error 1
.\Nonce.fst(132,0-132,40): (Warning) Top-level let-bindings must be total; this term may have effects
.\Signature.fst(171,0-171,32): (Warning) Top-level let-bindings must be total; this term may have effects
Warning: Unable to open hints file: C:\Build\Agent\_work\3\s\src\tls\Extensions.fst.hints; ran without hints
.\MasterSecret.fst(34,0-35,75): (Warning) Top-level let-bindings must be total; this term may have effects
Warning: Unable to open hints file: C:\Build\Agent\_work\3\s\src\tls\HKDF.fsti.hints; ran without hints
.\TLSInfo.fst(629,0-629,50): (Warning) Top-level let-bindings must be total; this term may have effects
.\TLSInfo.fst(633,0-636,10): (Warning) Top-level let-bindings must be total; this term may have effects
.\MAC_SHA1.fst(66,33-66,39): (Error) Subtyping check failed; expected type (lbytes (macKeySize a)); got type (key i) (see .\HMAC.fst(69,34-69,48))
.\MAC_SHA1.fst(79,31-79,37): (Error) Subtyping check failed; expected type (lbytes (macKeySize a)); got type (key i) (see .\HMAC.fst(77,40-77,54))
Verified module: MAC_SHA1 (75930 milliseconds)
2 errors were reported (see above)
make: *** [Makefile:248: MAC_SHA1.fst-ver] Error 1
.\MAC_SHA256.fst(66,33-66,39): (Error) Subtyping check failed; expected type (lbytes (macKeySize a)); got type (key i) (see .\HMAC.fst(69,34-69,48))
.\MAC_SHA256.fst(79,31-79,37): (Error) Subtyping check failed; expected type (lbytes (macKeySize a)); got type (key i) (see .\HMAC.fst(77,40-77,54))
Verified module: MAC_SHA256 (89375 milliseconds)
2 errors were reported (see above)
make: *** [Makefile:248: MAC_SHA256.fst-ver] Error 1
.\Handshake.fst(669,43-669,69) : (Error) Identifier not found: [KeySchedule.ks_server_12_finished_keys]
Module KeySchedule resolved into KeySchedule, definition ks_server_12_finished_keys not found
Unexpected error
FStar_Errors.Error(_)
Raised by primitive operation at file "src/batString.mlv", line 145, characters 30-54
Called from file "src/batReturn.ml", line 29, characters 6-29

.\TLSInfo.fst(756,42-756,44): (Error) Subtyping check failed; expected type (x#23559:TLSInfo.logInfo{(Prims.l_not (Prims.b2t (TLSInfo.uu___is_LogInfo_CH x@0)))}); got type TLSInfo.logInfo (see .\TLSInfo.fst(467,27-467,43))
Verified module: TLSInfo (166662 milliseconds)
1 error was reported (see above)
make: *** [Makefile:248: Connection.fst-ver] Error 1
make: *** [Makefile:248: TLSInfo.fst-ver] Error 1
.\Handshake.fst(669,43-669,69) : (Error) Identifier not found: [KeySchedule.ks_server_12_finished_keys]
Module KeySchedule resolved into KeySchedule, definition ks_server_12_finished_keys not found
Unexpected error
FStar_Errors.Error(_)
Raised by primitive operation at file "src/batString.mlv", line 145, characters 30-54
Called from file "src/batReturn.ml", line 29, characters 6-29

make: *** [Makefile:248: ConnInvariant.fst-ver] Error 1
.\Handshake.fst(669,43-669,69) : (Error) Identifier not found: [KeySchedule.ks_server_12_finished_keys]
Module KeySchedule resolved into KeySchedule, definition ks_server_12_finished_keys not found
Unexpected error
FStar_Errors.Error(_)
Raised by primitive operation at file "src/batString.mlv", line 145, characters 30-54
Called from file "src/batReturn.ml", line 29, characters 6-29

make: *** [Makefile:248: FFI.fst-ver] Error 1
.\Handshake.fst(669,43-669,69) : (Error) Identifier not found: [KeySchedule.ks_server_12_finished_keys]
Module KeySchedule resolved into KeySchedule, definition ks_server_12_finished_keys not found
Unexpected error
FStar_Errors.Error(_)
Raised by primitive operation at file "src/batString.mlv", line 145, characters 30-54
Called from file "src/batReturn.ml", line 29, characters 6-29

make: *** [Makefile:248: TLS.fst-ver] Error 1
.\Epochs.fst(256,67-256,68): (Error) Failed to verify implicit argument: Subtyping check failed; expected type (i#2766:TLSInfo.id{(Prims.b2t (Prims.op_Equality<0> (TLSInfo.nonce_of_id i@0) n#109772))}); got type TLSInfo.id (see .\Epochs.fst(52,17-52,34))
.\Epochs.fst(257,14-257,16): (Error) Subtyping check failed; expected type (w#2877:(StAE.writer i#109780){(Epochs.epoch_region_inv' hs_rgn#109771 rd#109781 w@0)}); got type (StAE.writer i#109780) (see .\Epochs.fst(55,24-55,52))
Verified module: Epochs (883961 milliseconds)
2 errors were reported (see above)
make: *** [Makefile:248: Epochs.fst-ver] Error 1
make: Target 'all-ver' not remade because of errors.
