From https://github.com/FStarLang/FStar
23308f6..029f95b  master     -> origin/master
d595be3..109b255  aseem_heap_modeling -> origin/aseem_heap_modeling
e3d3364..7ffe8ee  c_ppdev_initial -> origin/c_ppdev_initial
+ 3d64f03...bee004d6 cpitclaudel_json -> origin/cpitclaudel_json  (forced update)
+ 1f6492c...016908f cpitclaudel_refactored_errors -> origin/cpitclaudel_refactored_errors  (forced update)
4c9bdb3..1efb466  darrenge_fstar -> origin/darrenge_fstar
25c0ee7..6aac06d  kyod_pemfstar -> origin/kyod_pemfstar
dff96af..156303c  kyod_tmp0  -> origin/kyod_tmp0
* [new branch]      santiago_989 -> origin/santiago_989
4769546..bd7198e  taramana_modifies -> origin/taramana_modifies
3b48b07..385d60b  vdum_extract_dm4f_effects -> origin/vdum_extract_dm4f_effects
Warning: you are using the standard library and/or the %inline keyword. We
recommend switching on --infer in order to avoid obscure type error messages.
7 shift/reduce conflicts.
File "src/basic/ml/FStar_Util.ml", line 47, characters 57-65:
Warning 40: st_mtime was selected from type BatUnix.stats.
It is not visible in the current scope, and will not 
be selected if the type becomes unknown.
File "src/basic/ml/FStar_Util.ml", line 659, characters 2-13:
Warning 10: this expression should have type unit.
File "src/basic/ml/FStar_Util.ml", line 47, characters 57-65:
Warning 40: st_mtime was selected from type BatUnix.stats.
It is not visible in the current scope, and will not 
be selected if the type becomes unknown.
File "src/basic/ml/FStar_Util.ml", line 659, characters 2-13:
Warning 10: this expression should have type unit.
ffi.c:1:0: warning: -fPIC ignored for target (all code is position independent)
#include <stdio.h>
^
ffi.c:1:0: warning: -fPIC ignored for target (all code is position independent)
#include <stdio.h>
^
make[4]: warning: jobserver unavailable: using -j1.  Add '+' to parent make rule.
make[4]: warning: jobserver unavailable: using -j1.  Add '+' to parent make rule.
make[4]: ../../../kremlin/krml: Command not found
make[4]: *** [Makefile:209: krml-test.exe] Error 127
make[3]: *** [Makefile:54: ../krml-test.exe] Error 2
make[3]: Target 'all' not remade because of errors.
make[2]: *** [Makefile:358: mitls.cmxa] Error 2
make[2]: Target 'mitls.exe' not remade because of errors.
make[1]: *** [Makefile:12: build] Error 2
make: *** [Makefile:8: all] Error 2
