From https://github.com/FStarLang/FStar
f09e4b29a..187bcc284  master           -> origin/master
31009ae33..43eae7f98  guido_tactics    -> origin/guido_tactics
8caa3b284..187bcc284  santiago_openssl -> origin/santiago_openssl
Warning: you are using the standard library and/or the %inline keyword. We
recommend switching on --infer in order to avoid obscure type error messages.
File "src/basic/ml/FStar_Util.ml", line 47, characters 57-65:
Warning 40: st_mtime was selected from type BatUnix.stats.
It is not visible in the current scope, and will not 
be selected if the type becomes unknown.
File "src/basic/ml/FStar_Util.ml", line 47, characters 57-65:
Warning 40: st_mtime was selected from type BatUnix.stats.
It is not visible in the current scope, and will not 
be selected if the type becomes unknown.
Cloning into 'hacl-star'...
make[2]: warning: jobserver unavailable: using -j1.  Add '+' to parent make rule.
Warning: Spec.Chacha20.test_nonce, Spec.Chacha20.test_key, Spec.Chacha20.test_ciphertext, Spec.Chacha20.test_plaintext and Spec.Chacha20.constants mention Prims.list meaning that they cannot be type-checked by KreMLin
Warning: Spec.Chacha20.test_key, Spec.Chacha20.test_ciphertext, Spec.Chacha20.test_plaintext and Spec.Chacha20.constants mention Prims.list meaning that they cannot be type-checked by KreMLin
Warning: Spec.Chacha20.test_ciphertext, Spec.Chacha20.test_plaintext and Spec.Chacha20.constants mention Prims.list meaning that they cannot be type-checked by KreMLin
Warning: Spec.Chacha20.test_plaintext and Spec.Chacha20.constants mention Prims.list meaning that they cannot be type-checked by KreMLin
Warning: Spec.Chacha20.constants mentions Prims.list meaning that they cannot be type-checked by KreMLin
Warning 6: in the definition of buf, after the definition of m0, in top-level declaration Crypto.Symmetric.Bytes.random_bytes, in file Crypto_Symmetric_Bytes: stack newbuf 0uint8 @1 is a non-constant size, stack-allocated array; this is not supported by CompCert
Warning: Spec.Poly1305.test, Spec.Poly1305.expected, Spec.Poly1305.k and Spec.Poly1305.msg mention Prims.list meaning that they cannot be type-checked by KreMLin
Warning: Spec.Poly1305.expected, Spec.Poly1305.k and Spec.Poly1305.msg mention Prims.list meaning that they cannot be type-checked by KreMLin
Warning: Spec.Poly1305.k and Spec.Poly1305.msg mention Prims.list meaning that they cannot be type-checked by KreMLin
Warning: Spec.Poly1305.msg mentions Prims.list meaning that they cannot be type-checked by KreMLin
Warning: Spec.GF128.test, Spec.GF128.expected, Spec.GF128.h and Spec.GF128.info mention Prims.list meaning that they cannot be type-checked by KreMLin
Warning: Spec.GF128.expected, Spec.GF128.h and Spec.GF128.info mention Prims.list meaning that they cannot be type-checked by KreMLin
Warning: Spec.GF128.h and Spec.GF128.info mention Prims.list meaning that they cannot be type-checked by KreMLin
Warning: Spec.GF128.info mentions Prims.list meaning that they cannot be type-checked by KreMLin
Warning 6: in the definition of k1, in top-level declaration Crypto.Symmetric.UF1CMA.akey_gen, in file Crypto_Symmetric_UF1CMA: eternal newbuf 0uint8 Crypto.Symmetric.UF1CMA.skeylen @0 is a non-constant size, stack-allocated array; this is not supported by CompCert
Warning 6: in the definition of sk, in top-level declaration Crypto.Symmetric.UF1CMA.akey_coerce, in file Crypto_Symmetric_UF1CMA: eternal newbuf 0uint8 Crypto.Symmetric.UF1CMA.skeylen @1 is a non-constant size, stack-allocated array; this is not supported by CompCert
Warning 6: in the definition of k1, after the definition of len1, in top-level declaration Crypto.Symmetric.UF1CMA.gen, in file Crypto_Symmetric_UF1CMA: eternal newbuf 0uint8 @0 is a non-constant size, stack-allocated array; this is not supported by CompCert
Warning 6: in top-level declaration Crypto.Plain.create, in file Crypto_Plain: stack newbuf @1 @0 is a non-constant size, stack-allocated array; this is not supported by CompCert
Warning 6: in the definition of keystate, after the definition of mac_rgn, in top-level declaration Crypto.Symmetric.PRF.gen, in file Crypto_Symmetric_PRF: eternal newbuf 0uint8 Crypto.Symmetric.PRF.statelen @1 is a non-constant size, stack-allocated array; this is not supported by CompCert
Warning 6: in the definition of key, after the definition of keystate, in top-level declaration Crypto.Symmetric.PRF.gen, in file Crypto_Symmetric_PRF: stack newbuf 0uint8 Crypto.Symmetric.PRF.keylen @2 is a non-constant size, stack-allocated array; this is not supported by CompCert
Warning 6: in the definition of keystate, after the definition of mac_rgn, in top-level declaration Crypto.Symmetric.PRF.coerce, in file Crypto_Symmetric_PRF: eternal newbuf 0uint8 Crypto.Symmetric.PRF.statelen @2 is a non-constant size, stack-allocated array; this is not supported by CompCert
Warning 6: in the definition of keyBuffer, after the definition of h0, in top-level declaration Crypto.Symmetric.PRF.prf_mac, in file Crypto_Symmetric_PRF: eternal newbuf 0uint8 Crypto.Symmetric.UF1CMA.keylen @5 is a non-constant size, stack-allocated array; this is not supported by CompCert
Warning 6: in the definition of keyBuffer, after the definition of x, in top-level declaration Crypto.Symmetric.PRF.prf_sk0, in file Crypto_Symmetric_PRF: eternal newbuf 0uint8 Crypto.Symmetric.UF1CMA.skeylen @2 is a non-constant size, stack-allocated array; this is not supported by CompCert
Warning 7: : After inlining, Crypto.Symmetric.Bytes.little_endian (going into Crypto_Symmetric_Bytes) calls FStar.Endianness.little_endian (going into FStar) -- removing the static qualifier from FStar.Endianness.little_endian
Warning 7: : After inlining, Crypto.Symmetric.Bytes.big_endian (going into Crypto_Symmetric_Bytes) calls FStar.Endianness.big_endian (going into FStar) -- removing the static qualifier from FStar.Endianness.big_endian
Warning 7: : After inlining, Crypto.Symmetric.Bytes.little_bytes (going into Crypto_Symmetric_Bytes) calls FStar.Endianness.little_bytes (going into FStar) -- removing the static qualifier from FStar.Endianness.little_bytes
Warning 7: : After inlining, Crypto.Symmetric.Cipher.compute (going into Crypto_Symmetric_Cipher) calls Hacl.Impl.Chacha20.setup (going into Hacl) -- removing the static qualifier from Hacl.Impl.Chacha20.setup
Warning 8: : After inlining, Crypto.Symmetric.Cipher.compute (going into Crypto_Symmetric_Cipher) calls Hacl.Impl.Chacha20.setup (going into Hacl). This is a call across translation units but Hacl.Impl.Chacha20.setup has a C "inline" qualifier. The C standard allows removing Hacl.Impl.Chacha20.setup from its translation unit (see C11 6.7.3 §5), and CompCert will do it. 
Warning 7: : After inlining, Crypto.Symmetric.Cipher.compute (going into Crypto_Symmetric_Cipher) calls Hacl.Impl.Chacha20.copy_state (going into Hacl) -- removing the static qualifier from Hacl.Impl.Chacha20.copy_state
Warning 8: : After inlining, Crypto.Symmetric.Cipher.compute (going into Crypto_Symmetric_Cipher) calls Hacl.Impl.Chacha20.copy_state (going into Hacl). This is a call across translation units but Hacl.Impl.Chacha20.copy_state has a C "inline" qualifier. The C standard allows removing Hacl.Impl.Chacha20.copy_state from its translation unit (see C11 6.7.3 §5), and CompCert will do it. 
Warning 7: : After inlining, Crypto.Symmetric.Cipher.compute (going into Crypto_Symmetric_Cipher) calls Hacl.Impl.Chacha20.rounds (going into Hacl) -- removing the static qualifier from Hacl.Impl.Chacha20.rounds
Warning 8: : After inlining, Crypto.Symmetric.Cipher.compute (going into Crypto_Symmetric_Cipher) calls Hacl.Impl.Chacha20.rounds (going into Hacl). This is a call across translation units but Hacl.Impl.Chacha20.rounds has a C "inline" qualifier. The C standard allows removing Hacl.Impl.Chacha20.rounds from its translation unit (see C11 6.7.3 §5), and CompCert will do it. 
Warning 7: : After inlining, Crypto.Symmetric.Cipher.compute (going into Crypto_Symmetric_Cipher) calls Hacl.Impl.Chacha20.sum_states (going into Hacl) -- removing the static qualifier from Hacl.Impl.Chacha20.sum_states
Warning 8: : After inlining, Crypto.Symmetric.Cipher.compute (going into Crypto_Symmetric_Cipher) calls Hacl.Impl.Chacha20.sum_states (going into Hacl). This is a call across translation units but Hacl.Impl.Chacha20.sum_states has a C "inline" qualifier. The C standard allows removing Hacl.Impl.Chacha20.sum_states from its translation unit (see C11 6.7.3 §5), and CompCert will do it. 
Warning 7: : After inlining, Crypto.Symmetric.Cipher.compute (going into Crypto_Symmetric_Cipher) calls Hacl.Lib.LoadStore32.uint32s_to_le_bytes (going into Hacl) -- removing the static qualifier from Hacl.Lib.LoadStore32.uint32s_to_le_bytes
Warning 7: : After inlining, Crypto.Symmetric.MAC.update (going into Crypto_Symmetric_MAC) calls Hacl.Impl.Poly1305_64.poly1305_update (going into Hacl) -- removing the static qualifier from Hacl.Impl.Poly1305_64.poly1305_update
Warning 8: : After inlining, Crypto.Symmetric.MAC.update (going into Crypto_Symmetric_MAC) calls Hacl.Impl.Poly1305_64.poly1305_update (going into Hacl). This is a call across translation units but Hacl.Impl.Poly1305_64.poly1305_update has a C "inline" qualifier. The C standard allows removing Hacl.Impl.Poly1305_64.poly1305_update from its translation unit (see C11 6.7.3 §5), and CompCert will do it. 
Warning 7: : After inlining, Crypto.Symmetric.MAC.update (going into Crypto_Symmetric_MAC) calls Hacl.Impl.Poly1305_64.mk_state (going into Hacl) -- removing the static qualifier from Hacl.Impl.Poly1305_64.mk_state
Warning 7: : After inlining, Crypto.Symmetric.UF1CMA.verify (going into Crypto_Symmetric_UF1CMA) calls FStar.Monotonic.RRef.m_recall (going into FStar) -- removing the static qualifier from FStar.Monotonic.RRef.m_recall
Warning 7: : After inlining, Crypto.Symmetric.UF1CMA.verify (going into Crypto_Symmetric_UF1CMA) calls Hacl.Impl.Poly1305_64.poly1305_process_last_block (going into Hacl) -- removing the static qualifier from Hacl.Impl.Poly1305_64.poly1305_process_last_block
Warning 8: : After inlining, Crypto.Symmetric.UF1CMA.verify (going into Crypto_Symmetric_UF1CMA) calls Hacl.Impl.Poly1305_64.poly1305_process_last_block (going into Hacl). This is a call across translation units but Hacl.Impl.Poly1305_64.poly1305_process_last_block has a C "inline" qualifier. The C standard allows removing Hacl.Impl.Poly1305_64.poly1305_process_last_block from its translation unit (see C11 6.7.3 §5), and CompCert will do it. 
Warning 7: : After inlining, Crypto.Symmetric.UF1CMA.verify (going into Crypto_Symmetric_UF1CMA) calls Hacl.Impl.Poly1305_64.poly1305_last_pass (going into Hacl) -- removing the static qualifier from Hacl.Impl.Poly1305_64.poly1305_last_pass
Warning 7: : After inlining, Crypto.AEAD.Invariant.remaining_len_ok (going into Crypto_AEAD_Invariant) calls FStar.Mul.op_Star (going into FStar) -- removing the static qualifier from FStar.Mul.op_Star
Warning 7: : After inlining, Crypto.AEAD.Decrypt.decrypt (going into Crypto_AEAD_Decrypt) calls Crypto.AEAD.Encoding.add_bytes (going into Crypto_AEAD_Encoding) -- removing the static qualifier from Crypto.AEAD.Encoding.add_bytes
Warning 7: : After inlining, Crypto.AEAD.Decrypt.decrypt (going into Crypto_AEAD_Decrypt) calls Crypto.AEAD.Encoding.store_lengths (going into Crypto_AEAD_Encoding) -- removing the static qualifier from Crypto.AEAD.Encoding.store_lengths
Warning 7: : After inlining, Crypto.AEAD.Encrypt.encrypt (going into Crypto_AEAD_Encrypt) calls Crypto.Symmetric.UF1CMA.__proj__Acc__item__a (going into Crypto_Symmetric_UF1CMA) -- removing the static qualifier from Crypto.Symmetric.UF1CMA.__proj__Acc__item__a
make[3]: warning: jobserver unavailable: using -j1.  Add '+' to parent make rule.
make[3]: warning: jobserver unavailable: using -j1.  Add '+' to parent make rule.
Extracted.mk:96: warning: overriding recipe for target 'mitls.cmxa'
Makefile:193: warning: ignoring old recipe for target 'mitls.cmxa'
Extracted.mk:99: warning: overriding recipe for target 'mitls.exe'
Makefile:195: warning: ignoring old recipe for target 'mitls.exe'
Extracted.mk:96: warning: overriding recipe for target 'mitls.cmxa'
Makefile:193: warning: ignoring old recipe for target 'mitls.cmxa'
Extracted.mk:99: warning: overriding recipe for target 'mitls.exe'
Makefile:195: warning: ignoring old recipe for target 'mitls.exe'
Unexpected error
FStar_Errors.Error(_)
Raised at file "src/ocaml-output/bootlibs/MkPrims.ml", line 89, characters 22-23
Called from file "src/ocaml-output/FStar_TypeChecker_Rel.ml", line 6180, characters 27-55
Called from file "src/ocaml-output/FStar_TypeChecker_TcTerm.ml", line 2809, characters 27-123
Called from file "src/ocaml-output/FStar_TypeChecker_TcTerm.ml", line 5422, characters 21-1023
Called from file "src/ocaml-output/FStar_TypeChecker_TcTerm.ml", line 4541, characters 27-59
Called from file "src/ocaml-output/FStar_TypeChecker_Tc.ml", line 3694, characters 20-1023
Called from file "src/ocaml-output/FStar_TypeChecker_Tc.ml", line 4076, characters 31-46
Called from file "src/basic/ml/FStar_Util.ml", line 572, characters 30-37
Called from file "src/ocaml-output/FStar_TypeChecker_Tc.ml", line 4122, characters 8-70
Called from file "src/ocaml-output/FStar_TypeChecker_Tc.ml", line 4210, characters 25-77
Called from file "src/ocaml-output/FStar_TypeChecker_Tc.ml", line 4477, characters 23-49
Called from file "src/basic/ml/FStar_Util.ml", line 44, characters 14-18
Called from file "src/ocaml-output/FStar_Universal.ml", line 287, characters 34-233
Called from file "list.ml", line 84, characters 24-34
Called from file "src/ocaml-output/bootlibs/FStar_All.ml", line 3, characters 21-24
Called from file "src/ocaml-output/FStar_Universal.ml", line 402, characters 18-66
Called from file "src/ocaml-output/FStar_Universal.ml", line 421, characters 31-72
Called from file "src/ocaml-output/FStar_Universal.ml", line 437, characters 24-71
Called from file "src/ocaml-output/FStar_Universal.ml", line 477, characters 27-69
Called from file "src/ocaml-output/FStar_Main.ml", line 204, characters 27-67
Called from file "src/ocaml-output/FStar_Main.ml", line 226, characters 6-11

.\Extensions.fst(97,13-97,16): (Error) nat is not a subtype of the expected type obfuscated_ticket_age (see also .\Extensions.fst(96,5-96,8))
1 error was reported (see above)
Unexpected error
FStar_Errors.Error(_)
Raised at file "src/ocaml-output/bootlibs/MkPrims.ml", line 89, characters 22-23
Called from file "src/ocaml-output/FStar_TypeChecker_Rel.ml", line 6180, characters 27-55
Called from file "src/ocaml-output/FStar_TypeChecker_TcTerm.ml", line 2809, characters 27-123
Called from file "src/ocaml-output/FStar_TypeChecker_TcTerm.ml", line 5422, characters 21-1023
Called from file "src/ocaml-output/FStar_TypeChecker_TcTerm.ml", line 4541, characters 27-59
Called from file "src/ocaml-output/FStar_TypeChecker_Tc.ml", line 3694, characters 20-1023
Called from file "src/ocaml-output/FStar_TypeChecker_Tc.ml", line 4076, characters 31-46
Called from file "src/basic/ml/FStar_Util.ml", line 572, characters 30-37
Called from file "src/ocaml-output/FStar_TypeChecker_Tc.ml", line 4122, characters 8-70
Called from file "src/ocaml-output/FStar_TypeChecker_Tc.ml", line 4210, characters 25-77
Called from file "src/ocaml-output/FStar_TypeChecker_Tc.ml", line 4477, characters 23-49
Called from file "src/basic/ml/FStar_Util.ml", line 44, characters 14-18
Called from file "src/ocaml-output/FStar_Universal.ml", line 287, characters 34-233
Called from file "list.ml", line 84, characters 24-34
Called from file "src/ocaml-output/bootlibs/FStar_All.ml", line 3, characters 21-24
Called from file "src/ocaml-output/FStar_Universal.ml", line 402, characters 18-66
Called from file "src/ocaml-output/FStar_Universal.ml", line 421, characters 31-72
Called from file "src/ocaml-output/FStar_Universal.ml", line 437, characters 24-71
Called from file "src/ocaml-output/FStar_Universal.ml", line 477, characters 27-69
Called from file "src/ocaml-output/FStar_Main.ml", line 204, characters 27-67
Called from file "src/ocaml-output/FStar_Main.ml", line 226, characters 6-11

.\Extensions.fst(97,13-97,16): (Error) nat is not a subtype of the expected type obfuscated_ticket_age (see also .\Extensions.fst(96,5-96,8))
1 error was reported (see above)
Unexpected error
FStar_Errors.Error(_)
Raised at file "src/ocaml-output/bootlibs/MkPrims.ml", line 89, characters 22-23
Called from file "src/ocaml-output/FStar_TypeChecker_Rel.ml", line 6180, characters 27-55
Called from file "src/ocaml-output/FStar_TypeChecker_TcTerm.ml", line 2809, characters 27-123
Called from file "src/ocaml-output/FStar_TypeChecker_TcTerm.ml", line 5422, characters 21-1023
Called from file "src/ocaml-output/FStar_TypeChecker_TcTerm.ml", line 4541, characters 27-59
Called from file "src/ocaml-output/FStar_TypeChecker_Tc.ml", line 3694, characters 20-1023
Called from file "src/ocaml-output/FStar_TypeChecker_Tc.ml", line 4076, characters 31-46
Called from file "src/basic/ml/FStar_Util.ml", line 572, characters 30-37
Called from file "src/ocaml-output/FStar_TypeChecker_Tc.ml", line 4122, characters 8-70
Called from file "src/ocaml-output/FStar_TypeChecker_Tc.ml", line 4210, characters 25-77
Called from file "src/ocaml-output/FStar_TypeChecker_Tc.ml", line 4477, characters 23-49
Called from file "src/basic/ml/FStar_Util.ml", line 44, characters 14-18
Called from file "src/ocaml-output/FStar_Universal.ml", line 287, characters 34-233
Called from file "list.ml", line 84, characters 24-34
Called from file "src/ocaml-output/bootlibs/FStar_All.ml", line 3, characters 21-24
Called from file "src/ocaml-output/FStar_Universal.ml", line 402, characters 18-66
Called from file "src/ocaml-output/FStar_Universal.ml", line 421, characters 31-72
Called from file "src/ocaml-output/FStar_Universal.ml", line 437, characters 24-71
Called from file "src/ocaml-output/FStar_Universal.ml", line 477, characters 27-69
Called from file "src/ocaml-output/FStar_Main.ml", line 204, characters 27-67
Called from file "src/ocaml-output/FStar_Main.ml", line 226, characters 6-11

.\Extensions.fst(97,13-97,16): (Error) nat is not a subtype of the expected type obfuscated_ticket_age (see also .\Extensions.fst(96,5-96,8))
1 error was reported (see above)
Unexpected error
FStar_Errors.Error(_)
Raised at file "src/ocaml-output/bootlibs/MkPrims.ml", line 89, characters 22-23
Called from file "src/ocaml-output/FStar_TypeChecker_Rel.ml", line 6180, characters 27-55
Called from file "src/ocaml-output/FStar_TypeChecker_TcTerm.ml", line 2809, characters 27-123
Called from file "src/ocaml-output/FStar_TypeChecker_TcTerm.ml", line 5422, characters 21-1023
Called from file "src/ocaml-output/FStar_TypeChecker_TcTerm.ml", line 4541, characters 27-59
Called from file "src/ocaml-output/FStar_TypeChecker_Tc.ml", line 3694, characters 20-1023
Called from file "src/ocaml-output/FStar_TypeChecker_Tc.ml", line 4076, characters 31-46
Called from file "src/basic/ml/FStar_Util.ml", line 572, characters 30-37
Called from file "src/ocaml-output/FStar_TypeChecker_Tc.ml", line 4122, characters 8-70
Called from file "src/ocaml-output/FStar_TypeChecker_Tc.ml", line 4210, characters 25-77
Called from file "src/ocaml-output/FStar_TypeChecker_Tc.ml", line 4477, characters 23-49
Called from file "src/basic/ml/FStar_Util.ml", line 44, characters 14-18
Called from file "src/ocaml-output/FStar_Universal.ml", line 287, characters 34-233
Called from file "list.ml", line 84, characters 24-34
Called from file "src/ocaml-output/bootlibs/FStar_All.ml", line 3, characters 21-24
Called from file "src/ocaml-output/FStar_Universal.ml", line 402, characters 18-66
Called from file "src/ocaml-output/FStar_Universal.ml", line 421, characters 31-72
Called from file "src/ocaml-output/FStar_Universal.ml", line 437, characters 24-71
Called from file "src/ocaml-output/FStar_Universal.ml", line 477, characters 27-69
Called from file "src/ocaml-output/FStar_Main.ml", line 204, characters 27-67
Called from file "src/ocaml-output/FStar_Main.ml", line 226, characters 6-11

.\Extensions.fst(97,13-97,16): (Error) nat is not a subtype of the expected type obfuscated_ticket_age (see also .\Extensions.fst(96,5-96,8))
1 error was reported (see above)
Unexpected error
FStar_Errors.Error(_)
Raised at file "src/ocaml-output/bootlibs/MkPrims.ml", line 89, characters 22-23
Called from file "src/ocaml-output/FStar_TypeChecker_Rel.ml", line 6180, characters 27-55
Called from file "src/ocaml-output/FStar_TypeChecker_TcTerm.ml", line 2809, characters 27-123
Called from file "src/ocaml-output/FStar_TypeChecker_TcTerm.ml", line 5422, characters 21-1023
Called from file "src/ocaml-output/FStar_TypeChecker_TcTerm.ml", line 4541, characters 27-59
Called from file "src/ocaml-output/FStar_TypeChecker_Tc.ml", line 3694, characters 20-1023
Called from file "src/ocaml-output/FStar_TypeChecker_Tc.ml", line 4076, characters 31-46
Called from file "src/basic/ml/FStar_Util.ml", line 572, characters 30-37
Called from file "src/ocaml-output/FStar_TypeChecker_Tc.ml", line 4122, characters 8-70
Called from file "src/ocaml-output/FStar_TypeChecker_Tc.ml", line 4210, characters 25-77
Called from file "src/ocaml-output/FStar_TypeChecker_Tc.ml", line 4477, characters 23-49
Called from file "src/basic/ml/FStar_Util.ml", line 44, characters 14-18
Called from file "src/ocaml-output/FStar_Universal.ml", line 287, characters 34-233
Called from file "list.ml", line 84, characters 24-34
Called from file "src/ocaml-output/bootlibs/FStar_All.ml", line 3, characters 21-24
Called from file "src/ocaml-output/FStar_Universal.ml", line 402, characters 18-66
Called from file "src/ocaml-output/FStar_Universal.ml", line 421, characters 31-72
Called from file "src/ocaml-output/FStar_Universal.ml", line 437, characters 24-71
Called from file "src/ocaml-output/FStar_Universal.ml", line 477, characters 27-69
Called from file "src/ocaml-output/FStar_Main.ml", line 204, characters 27-67
Called from file "src/ocaml-output/FStar_Main.ml", line 226, characters 6-11

.\Extensions.fst(97,13-97,16): (Error) nat is not a subtype of the expected type obfuscated_ticket_age (see also .\Extensions.fst(96,5-96,8))
1 error was reported (see above)
Unexpected error
FStar_Errors.Error(_)
Raised at file "src/ocaml-output/bootlibs/MkPrims.ml", line 89, characters 22-23
Called from file "src/ocaml-output/FStar_TypeChecker_Rel.ml", line 6180, characters 27-55
Called from file "src/ocaml-output/FStar_TypeChecker_TcTerm.ml", line 2809, characters 27-123
Called from file "src/ocaml-output/FStar_TypeChecker_TcTerm.ml", line 5422, characters 21-1023
Called from file "src/ocaml-output/FStar_TypeChecker_TcTerm.ml", line 4541, characters 27-59
Called from file "src/ocaml-output/FStar_TypeChecker_Tc.ml", line 3694, characters 20-1023
Called from file "src/ocaml-output/FStar_TypeChecker_Tc.ml", line 4076, characters 31-46
Called from file "src/basic/ml/FStar_Util.ml", line 572, characters 30-37
Called from file "src/ocaml-output/FStar_TypeChecker_Tc.ml", line 4122, characters 8-70
Called from file "src/ocaml-output/FStar_TypeChecker_Tc.ml", line 4210, characters 25-77
Called from file "src/ocaml-output/FStar_TypeChecker_Tc.ml", line 4477, characters 23-49
Called from file "src/basic/ml/FStar_Util.ml", line 44, characters 14-18
Called from file "src/ocaml-output/FStar_Universal.ml", line 287, characters 34-233
Called from file "list.ml", line 84, characters 24-34
Called from file "src/ocaml-output/bootlibs/FStar_All.ml", line 3, characters 21-24
Called from file "src/ocaml-output/FStar_Universal.ml", line 402, characters 18-66
Called from file "src/ocaml-output/FStar_Universal.ml", line 421, characters 31-72
Called from file "src/ocaml-output/FStar_Universal.ml", line 437, characters 24-71
Called from file "src/ocaml-output/FStar_Universal.ml", line 477, characters 27-69
Called from file "src/ocaml-output/FStar_Main.ml", line 204, characters 27-67
Called from file "src/ocaml-output/FStar_Main.ml", line 226, characters 6-11

.\Extensions.fst(97,13-97,16): (Error) nat is not a subtype of the expected type obfuscated_ticket_age (see also .\Extensions.fst(96,5-96,8))
1 error was reported (see above)
Unexpected error
FStar_Errors.Error(_)
Raised at file "src/ocaml-output/bootlibs/MkPrims.ml", line 89, characters 22-23
Called from file "src/ocaml-output/FStar_TypeChecker_Rel.ml", line 6180, characters 27-55
Called from file "src/ocaml-output/FStar_TypeChecker_TcTerm.ml", line 2809, characters 27-123
Called from file "src/ocaml-output/FStar_TypeChecker_TcTerm.ml", line 5422, characters 21-1023
Called from file "src/ocaml-output/FStar_TypeChecker_TcTerm.ml", line 4541, characters 27-59
Called from file "src/ocaml-output/FStar_TypeChecker_Tc.ml", line 3694, characters 20-1023
Called from file "src/ocaml-output/FStar_TypeChecker_Tc.ml", line 4076, characters 31-46
Called from file "src/basic/ml/FStar_Util.ml", line 572, characters 30-37
Called from file "src/ocaml-output/FStar_TypeChecker_Tc.ml", line 4122, characters 8-70
Called from file "src/ocaml-output/FStar_TypeChecker_Tc.ml", line 4210, characters 25-77
Called from file "src/ocaml-output/FStar_TypeChecker_Tc.ml", line 4477, characters 23-49
Called from file "src/basic/ml/FStar_Util.ml", line 44, characters 14-18
Called from file "src/ocaml-output/FStar_Universal.ml", line 287, characters 34-233
Called from file "list.ml", line 84, characters 24-34
Called from file "src/ocaml-output/bootlibs/FStar_All.ml", line 3, characters 21-24
Called from file "src/ocaml-output/FStar_Universal.ml", line 402, characters 18-66
Called from file "src/ocaml-output/FStar_Universal.ml", line 421, characters 31-72
Called from file "src/ocaml-output/FStar_Universal.ml", line 437, characters 24-71
Called from file "src/ocaml-output/FStar_Universal.ml", line 477, characters 27-69
Called from file "src/ocaml-output/FStar_Main.ml", line 204, characters 27-67
Called from file "src/ocaml-output/FStar_Main.ml", line 226, characters 6-11

.\Extensions.fst(97,13-97,16): (Error) nat is not a subtype of the expected type obfuscated_ticket_age (see also .\Extensions.fst(96,5-96,8))
1 error was reported (see above)
Unexpected error
FStar_Errors.Error(_)
Raised at file "src/ocaml-output/bootlibs/MkPrims.ml", line 89, characters 22-23
Called from file "src/ocaml-output/FStar_TypeChecker_Rel.ml", line 6180, characters 27-55
Called from file "src/ocaml-output/FStar_TypeChecker_TcTerm.ml", line 2809, characters 27-123
Called from file "src/ocaml-output/FStar_TypeChecker_TcTerm.ml", line 5422, characters 21-1023
Called from file "src/ocaml-output/FStar_TypeChecker_TcTerm.ml", line 4541, characters 27-59
Called from file "src/ocaml-output/FStar_TypeChecker_Tc.ml", line 3694, characters 20-1023
Called from file "src/ocaml-output/FStar_TypeChecker_Tc.ml", line 4076, characters 31-46
Called from file "src/basic/ml/FStar_Util.ml", line 572, characters 30-37
Called from file "src/ocaml-output/FStar_TypeChecker_Tc.ml", line 4122, characters 8-70
Called from file "src/ocaml-output/FStar_TypeChecker_Tc.ml", line 4210, characters 25-77
Called from file "src/ocaml-output/FStar_TypeChecker_Tc.ml", line 4477, characters 23-49
Called from file "src/basic/ml/FStar_Util.ml", line 44, characters 14-18
Called from file "src/ocaml-output/FStar_Universal.ml", line 287, characters 34-233
Called from file "list.ml", line 84, characters 24-34
Called from file "src/ocaml-output/bootlibs/FStar_All.ml", line 3, characters 21-24
Called from file "src/ocaml-output/FStar_Universal.ml", line 402, characters 18-66
Called from file "src/ocaml-output/FStar_Universal.ml", line 421, characters 31-72
Called from file "src/ocaml-output/FStar_Universal.ml", line 437, characters 24-71
Called from file "src/ocaml-output/FStar_Universal.ml", line 477, characters 27-69
Called from file "src/ocaml-output/FStar_Main.ml", line 204, characters 27-67
Called from file "src/ocaml-output/FStar_Main.ml", line 226, characters 6-11

.\Extensions.fst(97,13-97,16): (Error) nat is not a subtype of the expected type obfuscated_ticket_age (see also .\Extensions.fst(96,5-96,8))
1 error was reported (see above)
Unexpected error
FStar_Errors.Error(_)
Raised at file "src/ocaml-output/bootlibs/MkPrims.ml", line 89, characters 22-23
Called from file "src/ocaml-output/FStar_TypeChecker_Rel.ml", line 6180, characters 27-55
Called from file "src/ocaml-output/FStar_TypeChecker_TcTerm.ml", line 2809, characters 27-123
Called from file "src/ocaml-output/FStar_TypeChecker_TcTerm.ml", line 5422, characters 21-1023
Called from file "src/ocaml-output/FStar_TypeChecker_TcTerm.ml", line 4541, characters 27-59
Called from file "src/ocaml-output/FStar_TypeChecker_Tc.ml", line 3694, characters 20-1023
Called from file "src/ocaml-output/FStar_TypeChecker_Tc.ml", line 4076, characters 31-46
Called from file "src/basic/ml/FStar_Util.ml", line 572, characters 30-37
Called from file "src/ocaml-output/FStar_TypeChecker_Tc.ml", line 4122, characters 8-70
Called from file "src/ocaml-output/FStar_TypeChecker_Tc.ml", line 4210, characters 25-77
Called from file "src/ocaml-output/FStar_TypeChecker_Tc.ml", line 4477, characters 23-49
Called from file "src/basic/ml/FStar_Util.ml", line 44, characters 14-18
Called from file "src/ocaml-output/FStar_Universal.ml", line 287, characters 34-233
Called from file "list.ml", line 84, characters 24-34
Called from file "src/ocaml-output/bootlibs/FStar_All.ml", line 3, characters 21-24
Called from file "src/ocaml-output/FStar_Universal.ml", line 402, characters 18-66
Called from file "src/ocaml-output/FStar_Universal.ml", line 421, characters 31-72
Called from file "src/ocaml-output/FStar_Universal.ml", line 437, characters 24-71
Called from file "src/ocaml-output/FStar_Universal.ml", line 477, characters 27-69
Called from file "src/ocaml-output/FStar_Main.ml", line 204, characters 27-67
Called from file "src/ocaml-output/FStar_Main.ml", line 226, characters 6-11

.\Extensions.fst(97,13-97,16): (Error) nat is not a subtype of the expected type obfuscated_ticket_age (see also .\Extensions.fst(96,5-96,8))
1 error was reported (see above)
Unexpected error
FStar_Errors.Error(_)
Raised at file "src/ocaml-output/bootlibs/MkPrims.ml", line 89, characters 22-23
Called from file "src/ocaml-output/FStar_TypeChecker_Rel.ml", line 6180, characters 27-55
Called from file "src/ocaml-output/FStar_TypeChecker_TcTerm.ml", line 2809, characters 27-123
Called from file "src/ocaml-output/FStar_TypeChecker_TcTerm.ml", line 5422, characters 21-1023
Called from file "src/ocaml-output/FStar_TypeChecker_TcTerm.ml", line 4541, characters 27-59
Called from file "src/ocaml-output/FStar_TypeChecker_Tc.ml", line 3694, characters 20-1023
Called from file "src/ocaml-output/FStar_TypeChecker_Tc.ml", line 4076, characters 31-46
Called from file "src/basic/ml/FStar_Util.ml", line 572, characters 30-37
Called from file "src/ocaml-output/FStar_TypeChecker_Tc.ml", line 4122, characters 8-70
Called from file "src/ocaml-output/FStar_TypeChecker_Tc.ml", line 4210, characters 25-77
Called from file "src/ocaml-output/FStar_TypeChecker_Tc.ml", line 4477, characters 23-49
Called from file "src/basic/ml/FStar_Util.ml", line 44, characters 14-18
Called from file "src/ocaml-output/FStar_Universal.ml", line 287, characters 34-233
Called from file "list.ml", line 84, characters 24-34
Called from file "src/ocaml-output/bootlibs/FStar_All.ml", line 3, characters 21-24
Called from file "src/ocaml-output/FStar_Universal.ml", line 402, characters 18-66
Called from file "src/ocaml-output/FStar_Universal.ml", line 421, characters 31-72
Called from file "src/ocaml-output/FStar_Universal.ml", line 437, characters 24-71
Called from file "src/ocaml-output/FStar_Universal.ml", line 477, characters 27-69
Called from file "src/ocaml-output/FStar_Main.ml", line 204, characters 27-67
Called from file "src/ocaml-output/FStar_Main.ml", line 226, characters 6-11

.\Extensions.fst(97,13-97,16): (Error) nat is not a subtype of the expected type obfuscated_ticket_age (see also .\Extensions.fst(96,5-96,8))
1 error was reported (see above)
Unexpected error
FStar_Errors.Error(_)
Raised at file "src/ocaml-output/bootlibs/MkPrims.ml", line 89, characters 22-23
Called from file "src/ocaml-output/FStar_TypeChecker_Rel.ml", line 6180, characters 27-55
Called from file "src/ocaml-output/FStar_TypeChecker_TcTerm.ml", line 2809, characters 27-123
Called from file "src/ocaml-output/FStar_TypeChecker_TcTerm.ml", line 5422, characters 21-1023
Called from file "src/ocaml-output/FStar_TypeChecker_TcTerm.ml", line 4541, characters 27-59
Called from file "src/ocaml-output/FStar_TypeChecker_Tc.ml", line 3694, characters 20-1023
Called from file "src/ocaml-output/FStar_TypeChecker_Tc.ml", line 4076, characters 31-46
Called from file "src/basic/ml/FStar_Util.ml", line 572, characters 30-37
Called from file "src/ocaml-output/FStar_TypeChecker_Tc.ml", line 4122, characters 8-70
Called from file "src/ocaml-output/FStar_TypeChecker_Tc.ml", line 4210, characters 25-77
Called from file "src/ocaml-output/FStar_TypeChecker_Tc.ml", line 4477, characters 23-49
Called from file "src/basic/ml/FStar_Util.ml", line 44, characters 14-18
Called from file "src/ocaml-output/FStar_Universal.ml", line 287, characters 34-233
Called from file "list.ml", line 84, characters 24-34
Called from file "src/ocaml-output/bootlibs/FStar_All.ml", line 3, characters 21-24
Called from file "src/ocaml-output/FStar_Universal.ml", line 402, characters 18-66
Called from file "src/ocaml-output/FStar_Universal.ml", line 421, characters 31-72
Called from file "src/ocaml-output/FStar_Universal.ml", line 437, characters 24-71
Called from file "src/ocaml-output/FStar_Universal.ml", line 477, characters 27-69
Called from file "src/ocaml-output/FStar_Main.ml", line 204, characters 27-67
Called from file "src/ocaml-output/FStar_Main.ml", line 226, characters 6-11

.\Extensions.fst(97,13-97,16): (Error) nat is not a subtype of the expected type obfuscated_ticket_age (see also .\Extensions.fst(96,5-96,8))
1 error was reported (see above)
Unexpected error
FStar_Errors.Error(_)
Raised at file "src/ocaml-output/bootlibs/MkPrims.ml", line 89, characters 22-23
Called from file "src/ocaml-output/FStar_TypeChecker_Rel.ml", line 6180, characters 27-55
Called from file "src/ocaml-output/FStar_TypeChecker_TcTerm.ml", line 2809, characters 27-123
Called from file "src/ocaml-output/FStar_TypeChecker_TcTerm.ml", line 5422, characters 21-1023
Called from file "src/ocaml-output/FStar_TypeChecker_TcTerm.ml", line 4541, characters 27-59
Called from file "src/ocaml-output/FStar_TypeChecker_Tc.ml", line 3694, characters 20-1023
Called from file "src/ocaml-output/FStar_TypeChecker_Tc.ml", line 4076, characters 31-46
Called from file "src/basic/ml/FStar_Util.ml", line 572, characters 30-37
Called from file "src/ocaml-output/FStar_TypeChecker_Tc.ml", line 4122, characters 8-70
Called from file "src/ocaml-output/FStar_TypeChecker_Tc.ml", line 4210, characters 25-77
Called from file "src/ocaml-output/FStar_TypeChecker_Tc.ml", line 4477, characters 23-49
Called from file "src/basic/ml/FStar_Util.ml", line 44, characters 14-18
Called from file "src/ocaml-output/FStar_Universal.ml", line 287, characters 34-233
Called from file "list.ml", line 84, characters 24-34
Called from file "src/ocaml-output/bootlibs/FStar_All.ml", line 3, characters 21-24
Called from file "src/ocaml-output/FStar_Universal.ml", line 402, characters 18-66
Called from file "src/ocaml-output/FStar_Universal.ml", line 421, characters 31-72
Called from file "src/ocaml-output/FStar_Universal.ml", line 437, characters 24-71
Called from file "src/ocaml-output/FStar_Universal.ml", line 477, characters 27-69
Called from file "src/ocaml-output/FStar_Main.ml", line 204, characters 27-67
Called from file "src/ocaml-output/FStar_Main.ml", line 226, characters 6-11

.\Extensions.fst(97,13-97,16): (Error) nat is not a subtype of the expected type obfuscated_ticket_age (see also .\Extensions.fst(96,5-96,8))
1 error was reported (see above)
Unexpected error
FStar_Errors.Error(_)
Raised at file "src/ocaml-output/bootlibs/MkPrims.ml", line 89, characters 22-23
Called from file "src/ocaml-output/FStar_TypeChecker_Rel.ml", line 6180, characters 27-55
Called from file "src/ocaml-output/FStar_TypeChecker_TcTerm.ml", line 2809, characters 27-123
Called from file "src/ocaml-output/FStar_TypeChecker_TcTerm.ml", line 5422, characters 21-1023
Called from file "src/ocaml-output/FStar_TypeChecker_TcTerm.ml", line 4541, characters 27-59
Called from file "src/ocaml-output/FStar_TypeChecker_Tc.ml", line 3694, characters 20-1023
Called from file "src/ocaml-output/FStar_TypeChecker_Tc.ml", line 4076, characters 31-46
Called from file "src/basic/ml/FStar_Util.ml", line 572, characters 30-37
Called from file "src/ocaml-output/FStar_TypeChecker_Tc.ml", line 4122, characters 8-70
Called from file "src/ocaml-output/FStar_TypeChecker_Tc.ml", line 4210, characters 25-77
Called from file "src/ocaml-output/FStar_TypeChecker_Tc.ml", line 4477, characters 23-49
Called from file "src/basic/ml/FStar_Util.ml", line 44, characters 14-18
Called from file "src/ocaml-output/FStar_Universal.ml", line 287, characters 34-233
Called from file "list.ml", line 84, characters 24-34
Called from file "src/ocaml-output/bootlibs/FStar_All.ml", line 3, characters 21-24
Called from file "src/ocaml-output/FStar_Universal.ml", line 402, characters 18-66
Called from file "src/ocaml-output/FStar_Universal.ml", line 421, characters 31-72
Called from file "src/ocaml-output/FStar_Universal.ml", line 437, characters 24-71
Called from file "src/ocaml-output/FStar_Universal.ml", line 477, characters 27-69
Called from file "src/ocaml-output/FStar_Main.ml", line 204, characters 27-67
Called from file "src/ocaml-output/FStar_Main.ml", line 226, characters 6-11

.\Extensions.fst(97,13-97,16): (Error) nat is not a subtype of the expected type obfuscated_ticket_age (see also .\Extensions.fst(96,5-96,8))
1 error was reported (see above)
Unexpected error
FStar_Errors.Error(_)
Raised at file "src/ocaml-output/bootlibs/MkPrims.ml", line 89, characters 22-23
Called from file "src/ocaml-output/FStar_TypeChecker_Rel.ml", line 6180, characters 27-55
Called from file "src/ocaml-output/FStar_TypeChecker_TcTerm.ml", line 2809, characters 27-123
Called from file "src/ocaml-output/FStar_TypeChecker_TcTerm.ml", line 5422, characters 21-1023
Called from file "src/ocaml-output/FStar_TypeChecker_TcTerm.ml", line 4541, characters 27-59
Called from file "src/ocaml-output/FStar_TypeChecker_Tc.ml", line 3694, characters 20-1023
Called from file "src/ocaml-output/FStar_TypeChecker_Tc.ml", line 4076, characters 31-46
Called from file "src/basic/ml/FStar_Util.ml", line 572, characters 30-37
Called from file "src/ocaml-output/FStar_TypeChecker_Tc.ml", line 4122, characters 8-70
Called from file "src/ocaml-output/FStar_TypeChecker_Tc.ml", line 4210, characters 25-77
Called from file "src/ocaml-output/FStar_TypeChecker_Tc.ml", line 4477, characters 23-49
Called from file "src/basic/ml/FStar_Util.ml", line 44, characters 14-18
Called from file "src/ocaml-output/FStar_Universal.ml", line 287, characters 34-233
Called from file "list.ml", line 84, characters 24-34
Called from file "src/ocaml-output/bootlibs/FStar_All.ml", line 3, characters 21-24
Called from file "src/ocaml-output/FStar_Universal.ml", line 402, characters 18-66
Called from file "src/ocaml-output/FStar_Universal.ml", line 421, characters 31-72
Called from file "src/ocaml-output/FStar_Universal.ml", line 437, characters 24-71
Called from file "src/ocaml-output/FStar_Universal.ml", line 477, characters 27-69
Called from file "src/ocaml-output/FStar_Main.ml", line 204, characters 27-67
Called from file "src/ocaml-output/FStar_Main.ml", line 226, characters 6-11

.\Extensions.fst(97,13-97,16): (Error) nat is not a subtype of the expected type obfuscated_ticket_age (see also .\Extensions.fst(96,5-96,8))
1 error was reported (see above)
File "_none_", line 1:
Error: Files hyperstack/FStar_ST.cmx and ./extracted/FStar_HyperStack.cmx
make inconsistent assumptions over interface FStar_HyperStack
File "_none_", line 1:
Error: Files hyperstack/FStar_ST.cmx and ./extracted/FStar_HyperStack.cmx
make inconsistent assumptions over interface FStar_HyperStack
make[4]: *** [Makefile:30: all] Error 2
make[3]: *** [Extracted.mk:53: C:/Build/Agent1/_work/5/s/fstar/ulib/ml/fstarlib.cmxa] Error 2
make[4]: *** [Makefile:30: all] Error 2
make[3]: *** [Extracted.mk:53: C:/Build/Agent1/_work/5/s/fstar/ulib/ml/fstarlib.cmxa] Error 2
ffi.c:1:0: warning: -fPIC ignored for target (all code is position independent)
#include <stdio.h>
^
ffi.c:1:0: warning: -fPIC ignored for target (all code is position independent)
#include <stdio.h>
^
make[3]: *** No rule to make target 'output/FFI.ml', needed by 'output/FFI.cmx'.
make[3]: *** No rule to make target 'output/TestAPI.ml', needed by 'output/TestAPI.cmx'.
make[3]: *** No rule to make target 'output/TestFFI.ml', needed by 'output/TestFFI.cmx'.
make[3]: *** No rule to make target 'output/FFI.ml', needed by 'output/FFI.cmx'.
make[3]: *** No rule to make target 'output/TestAPI.ml', needed by 'output/TestAPI.cmx'.
make[3]: *** No rule to make target 'output/TestFFI.ml', needed by 'output/TestFFI.cmx'.
File "test/mitls.ml", line 2, characters 5-17:
Error: Unbound module TLSConstants
make[3]: *** [Extracted.mk:69: test/mitls.cmx] Error 2
make[3]: Target 'mitls.exe' not remade because of errors.
make[2]: *** [Makefile:199: ../../libs/ffi/FFICallbacks.cmxa] Error 2
File "test/mitls.ml", line 2, characters 5-17:
Error: Unbound module TLSConstants
make[3]: *** [Extracted.mk:69: test/mitls.cmx] Error 2
make[3]: Target 'mitls.exe' not remade because of errors.
make[2]: *** [Makefile:199: C:/Build/Agent1/_work/5/s/fstar/ulib/ml/fstarlib.cmxa] Error 2
make[2]: Target 'mitls.exe' not remade because of errors.
make[1]: *** [Makefile:26: build] Error 2
make: *** [Makefile:22: all] Error 2
