From https://github.com/FStarLang/FStar
9c4f2a2..d7e3c0e  master     -> origin/master
* [new branch]      adl_eq_mask -> origin/adl_eq_mask
53f6448..594a0ba  aseem_heap_modeling -> origin/aseem_heap_modeling
ffaf4d1..0d3b86e  c_ppdev_initial -> origin/c_ppdev_initial
6639600..2b4e9a3  c_valedev_initial -> origin/c_valedev_initial
+ 3820ab1...33bacb5 cwinter_gh846 -> origin/cwinter_gh846  (forced update)
cbe40bc..3117846  darrenge_fstar -> origin/darrenge_fstar
945b167..90f8bdf  jroesch_lean -> origin/jroesch_lean
b209f9b..d10417a  nik_info   -> origin/nik_info
fba9a20..2d30f4e  taramana_modifies -> origin/taramana_modifies
Warning: you are using the standard library and/or the %inline keyword. We
recommend switching on --infer in order to avoid obscure type error messages.
6 shift/reduce conflicts.
File "src/basic/ml/FStar_Util.ml", line 47, characters 57-65:
Warning 40: st_mtime was selected from type BatUnix.stats.
It is not visible in the current scope, and will not 
be selected if the type becomes unknown.
File "src/basic/ml/FStar_Util.ml", line 47, characters 57-65:
Warning 40: st_mtime was selected from type BatUnix.stats.
It is not visible in the current scope, and will not 
be selected if the type becomes unknown.
Warning: Unable to open hints file: C:\Build\Agent\_work\3\s\src\tls\Flags.fst.hints; ran without hints
Warning: Unable to open hints file: C:\Build\Agent\_work\3\s\src\tls\Hashing.OpenSSL.fst.hints; ran without hints
Warning: Unable to open hints file: C:\Build\Agent\_work\3\s\src\tls\Hashing.Spec.fst.hints; ran without hints
.\CommonDH.fst(43,8-43,56): (Warning) Top-level let-bindings must be total; this term may have effects
.\Nonce.fst(47,0-48,55): (Warning) Top-level let-bindings must be total; this term may have effects
.\CommonDH.fst(47,9-51,7): (Warning) Top-level let-bindings must be total; this term may have effects
Warning: Unable to open hints file: C:\Build\Agent\_work\3\s\src\tls\Hashing.CRF.fst.hints; ran without hints
.\Hashing.CRF.fst(28,8-28,80): (Warning) Top-level let-bindings must be total; this term may have effects
.\Signature.fst(149,37-149,41) : (Error) Identifier not found: [List.Tot.memP]
Module List.Tot resolved into FStar.List.Tot, definition memP not found
Unexpected error
FStar_Errors.Error(_)
Raised by primitive operation at file "src/batString.mlv", line 145, characters 30-54
Called from file "src/batReturn.ml", line 29, characters 6-29

make: *** [Makefile:249: Signature.fst-ver] Error 1
.\IdNonce.fst(20,0-21,60): (Warning) Top-level let-bindings must be total; this term may have effects
.\Nonce.fst(132,0-132,40): (Warning) Top-level let-bindings must be total; this term may have effects
Warning: Unable to open hints file: C:\Build\Agent\_work\3\s\src\tls\Extensions.fst.hints; ran without hints
.\MasterSecret.fst(34,0-35,75): (Warning) Top-level let-bindings must be total; this term may have effects
Warning: Unable to open hints file: C:\Build\Agent\_work\3\s\src\tls\HKDF.fsti.hints; ran without hints
.\TLSInfo.fst(624,0-624,50): (Warning) Top-level let-bindings must be total; this term may have effects
.\TLSInfo.fst(628,0-631,10): (Warning) Top-level let-bindings must be total; this term may have effects
.\MAC_SHA256.fst(60,4-60,53): (Error) could not prove post-condition
.\MAC_SHA256.fst(79,34-79,40): (Error) Subtyping check failed; expected type (lbytes (macKeySize a)); got type (key i) (see .\HashMAC.fst(77,40-77,54))
Verified module: MAC_SHA256 (81739 milliseconds)
2 errors were reported (see above)
make: *** [Makefile:249: MAC_SHA256.fst-ver] Error 1
.\Signature.fst(149,37-149,41) : (Error) Identifier not found: [List.Tot.memP]
Module List.Tot resolved into FStar.List.Tot, definition memP not found
Unexpected error
FStar_Errors.Error(_)
Raised by primitive operation at file "src/batString.mlv", line 145, characters 30-54
Called from file "src/batReturn.ml", line 29, characters 6-29

make: *** [Makefile:249: Connection.fst-ver] Error 1
.\Signature.fst(149,37-149,41) : (Error) Identifier not found: [List.Tot.memP]
Module List.Tot resolved into FStar.List.Tot, definition memP not found
Unexpected error
FStar_Errors.Error(_)
Raised by primitive operation at file "src/batString.mlv", line 145, characters 30-54
Called from file "src/batReturn.ml", line 29, characters 6-29

make: *** [Makefile:249: ConnInvariant.fst-ver] Error 1
.\Negotiation.fst(44,23-44,26) : (Error) Identifier not found: [rid]
Unexpected error
FStar_Errors.Error(_)
Raised by primitive operation at file "src/batString.mlv", line 145, characters 30-54
Called from file "src/batReturn.ml", line 29, characters 6-29

make: *** [Makefile:249: Epochs.fst-ver] Error 1
.\MAC_SHA1.fst(60,4-60,53): (Error) could not prove post-condition
.\MAC_SHA1.fst(79,34-79,40): (Error) Subtyping check failed; expected type (lbytes (macKeySize a)); got type (key i) (see .\HashMAC.fst(77,40-77,54))
Verified module: MAC_SHA1 (96384 milliseconds)
2 errors were reported (see above)
make: *** [Makefile:249: MAC_SHA1.fst-ver] Error 1
.\TLSInfo.fst(751,42-751,44): (Error) Subtyping check failed; expected type (x#23684:logInfo{(l_not (b2t (uu___is_LogInfo_CH x@0)))}); got type logInfo (see .\TLSInfo.fst(462,27-462,43))
Verified module: TLSInfo (170432 milliseconds)
1 error was reported (see above)
make: *** [Makefile:249: TLSInfo.fst-ver] Error 1
.\Signature.fst(149,37-149,41) : (Error) Identifier not found: [List.Tot.memP]
Module List.Tot resolved into FStar.List.Tot, definition memP not found
Unexpected error
FStar_Errors.Error(_)
Raised by primitive operation at file "src/batString.mlv", line 145, characters 30-54
Called from file "src/batReturn.ml", line 29, characters 6-29

make: *** [Makefile:249: FFI.fst-ver] Error 1
.\Signature.fst(149,37-149,41) : (Error) Identifier not found: [List.Tot.memP]
Module List.Tot resolved into FStar.List.Tot, definition memP not found
Unexpected error
FStar_Errors.Error(_)
Raised by primitive operation at file "src/batString.mlv", line 145, characters 30-54
Called from file "src/batReturn.ml", line 29, characters 6-29

make: *** [Makefile:249: TLS.fst-ver] Error 1
make: Target 'all-ver' not remade because of errors.
