From https://github.com/FStarLang/FStar
bf613dd..bc19764  master     -> origin/master
d866f4c..26ad191  aseem_serialization_experiment -> origin/aseem_serialization_experiment
011f21c..ddf3cfc  c_ppdev_initial -> origin/c_ppdev_initial
+ 89b197d...9fa433e cpitclaudel_show_match -> origin/cpitclaudel_show_match  (forced update)
+ 5944569...4aa60c5 cwinter_custom_stack_size -> origin/cwinter_custom_stack_size  (forced update)
1cddae7..a563381  darrenge_fstar -> origin/darrenge_fstar
964a9e3..197c18d  kyod_tmp0  -> origin/kyod_tmp0
041c0f4..d1db126  nik_indexed_effects -> origin/nik_indexed_effects
4123e2a..1470e4c  nik_private -> origin/nik_private
* [new branch]      taramana_936 -> origin/taramana_936
0299b1e..f0217c7  taramana_modifies -> origin/taramana_modifies
6e6acaf..5dc87e3  vdum_uf    -> origin/vdum_uf
fatal: ambiguous argument '68c4013': unknown revision or path not in the working tree.
Use '--' to separate paths from revisions, like this:
'git <command> [<revision>...] -- [<file>...]'
Warning: you are using the standard library and/or the %inline keyword. We
recommend switching on --infer in order to avoid obscure type error messages.
warning: CRLF will be replaced by LF in src/parser/ml/parse.mly.
The file will have its original line endings in your working directory.
7 shift/reduce conflicts.
File "src/basic/ml/FStar_Util.ml", line 47, characters 57-65:
Warning 40: st_mtime was selected from type BatUnix.stats.
It is not visible in the current scope, and will not 
be selected if the type becomes unknown.
File "src/basic/ml/FStar_Util.ml", line 659, characters 2-13:
Warning 10: this expression should have type unit.
File "src/basic/ml/FStar_Util.ml", line 47, characters 57-65:
Warning 40: st_mtime was selected from type BatUnix.stats.
It is not visible in the current scope, and will not 
be selected if the type becomes unknown.
File "src/basic/ml/FStar_Util.ml", line 659, characters 2-13:
Warning 10: this expression should have type unit.
Warning: Unable to open hints file: C:\Build\Agent2\_work\2\s\src\tls\Hashing.OpenSSL.fst.hints; ran without hints
Warning: Unable to open hints file: C:\Build\Agent2\_work\2\s\src\tls\Hashing.Spec.fst.hints; ran without hints
Warning: Unable to open hints file: C:\Build\Agent2\_work\2\s\src\tls\Hashing.CRF.fst.hints; ran without hints
.\Hashing.CRF.fst(28,8-28,80): (Warning) Top-level let-bindings must be total; this term may have effects
.\CommonDH.fst(43,8-43,56): (Warning) Top-level let-bindings must be total; this term may have effects
.\CommonDH.fst(47,9-51,7): (Warning) Top-level let-bindings must be total; this term may have effects
.\Nonce.fst(47,0-48,55): (Warning) Top-level let-bindings must be total; this term may have effects
Warning: Malformed JSON hints file: C:\Build\Agent2\_work\2\s\src\tls\HMAC.fst.hints; ran without hints
.\Hashing.CRF.fst(64,4-64,64): (Error) could not prove post-condition
Verified module: Hashing.CRF (21519 milliseconds)
1 error was reported (see above)
make: *** [Makefile:249: Hashing.CRF.fst-ver] Error 1
.\IdNonce.fst(20,0-21,60): (Warning) Top-level let-bindings must be total; this term may have effects
.\Signature.fst(106,0-106,67): (Warning) Top-level let-bindings must be total; this term may have effects
.\Nonce.fst(132,0-132,40): (Warning) Top-level let-bindings must be total; this term may have effects
.\Signature.fst(171,0-171,32): (Warning) Top-level let-bindings must be total; this term may have effects
Warning: Unable to open hints file: C:\Build\Agent2\_work\2\s\src\tls\Extensions.fst.hints; ran without hints
.\TLSInfo.fst(629,0-629,50): (Warning) Top-level let-bindings must be total; this term may have effects
.\MasterSecret.fst(34,0-35,75): (Warning) Top-level let-bindings must be total; this term may have effects
.\TLSInfo.fst(633,0-636,10): (Warning) Top-level let-bindings must be total; this term may have effects
Warning: Unable to open hints file: C:\Build\Agent2\_work\2\s\src\tls\HKDF.fsti.hints; ran without hints
.\MAC_SHA1.fst(66,33-66,39): (Error) Subtyping check failed; expected type (lbytes (macKeySize a)); got type (key i) (see .\HMAC.fst(69,34-69,48))
.\MAC_SHA1.fst(79,31-79,37): (Error) Subtyping check failed; expected type (lbytes (macKeySize a)); got type (key i) (see .\HMAC.fst(77,40-77,54))
Verified module: MAC_SHA1 (93941 milliseconds)
2 errors were reported (see above)
make: *** [Makefile:249: MAC_SHA1.fst-ver] Error 1
.\MAC_SHA256.fst(60,4-60,53): (Error) could not prove post-condition
.\MAC_SHA256.fst(79,31-79,37): (Error) Subtyping check failed; expected type (lbytes (macKeySize a)); got type (key i) (see .\HMAC.fst(77,40-77,54))
Verified module: MAC_SHA256 (130059 milliseconds)
2 errors were reported (see above)
make: *** [Makefile:249: MAC_SHA256.fst-ver] Error 1
.\TLSInfo.fst(756,42-756,44): (Error) Subtyping check failed; expected type (x#23557:TLSInfo.logInfo{(Prims.l_not (Prims.b2t (TLSInfo.uu___is_LogInfo_CH x@0)))}); got type TLSInfo.logInfo (see .\TLSInfo.fst(467,27-467,43))
Verified module: TLSInfo (216351 milliseconds)
1 error was reported (see above)
make: *** [Makefile:249: TLSInfo.fst-ver] Error 1
.\Epochs.fst(196,26-196,32) : (Error) Identifier not found: [HH.as_ref]
Module HH does not belong to the list of modules in scope, namely Negotiation, HandshakeMessages, KeySchedule, Extensions, HKDF, FStar.String, HMAC.UFCMA, StAE, StatefulLHAE, StreamAE, StreamPlain, TLSPRF, HMAC, Hashing, Hashing.OpenSSL, AEAD_GCM, LHAEPlain, FStar.Monotonic.Seq, StatefulPlain, Content, DataStream, Alert, Range, AEADProvider, LowCProvider, Crypto.AEAD, AEADOpenssl, Crypto.AEAD.Encrypt, Crypto.AEAD.Enxor.Invariant, Crypto.AEAD.MAC_Wrapper.Invariant, Crypto.AEAD.Encrypt.Ideal.Invariant, Crypto.AEAD.Decrypt, Crypto.AEAD.EnxorDexor, Crypto.AEAD.Wrappers.CMA, Crypto.AEAD.Wrappers.Encoding, Crypto.AEAD.Wrappers.PRF, Crypto.AEAD.Encrypt.Invariant, Crypto.AEAD.Invariant, Crypto.AEAD.Encoding, Crypto.Symmetric.PRF, Crypto.Plain, Crypto.Symmetric.UF1CMA, Crypto.Symmetric.MAC, Crypto.Symmetric.GF128, Crypto.Symmetric.GF128.Spec, Crypto.Symmetric.Poly1305, Crypto.Symmetric.Poly1305.Bignum, Crypto.Symmetric.Poly1305.Bignum.Lemmas.Part6, FStar.Buffer.Quantifiers, Crypto.Symmetric.Poly1305.Bignum.Lemmas.Part5, Crypto.Symmetric.Poly1305.Bignum.Lemmas.Part4, Crypto.Symmetric.Poly1305.Bignum.Lemmas.Part3, Crypto.Symmetric.Poly1305.Bignum.Lemmas.Part2, Crypto.Symmetric.Poly1305.Bignum.Lemmas.Part1, Crypto.Symmetric.Poly1305.Spec, Crypto.Symmetric.Poly1305.Lemmas, Crypto.Symmetric.Poly1305.Bigint, Crypto.Symmetric.Poly1305.Parameters, Crypto.Symmetric.Cipher, Crypto.Symmetric.Bytes, FStar.IO, FStar.Float, FStar.Bytes, Crypto.Symmetric.AES128, Spartan, Crypto.Symmetric.AES, Flag, Crypto.Indexing, TLSInfo, Cert, DHDB, Nonce, Platform.Date, PMS, RSAKey, CommonDH, DHGroup, ECGroup, PSK, TLSConstants, Format, FStar.All, TLSError, MonotoneMap, FStar.Monotonic.RRef, Flags, Crypto.Config, Crypto.Symmetric.Chacha20, Buffer.Utils, FStar.Int.Cast, FStar.UInt16, FStar.UInt63, FStar.UInt128, FStar.Int8, FStar.Int16, FStar.Int32, FStar.Int63, FStar.Int64, FStar.Int, FStar.UInt64, Crypto.AEAD.BufferUtils, FStar.UInt8, FStar.Buffer, FStar.UInt32, FStar.UInt, FStar.BitVector, FStar.Math.Lemmas, FStar.Math.Lib, FStar.Mul, Hashing.Spec, CoreCrypto, Platform.Bytes, FStar.Char, FStar.Seq, FStar.Seq.Properties, FStar.Seq.Base, FStar.StrongExcludedMiddle, Platform.Error, FStar.ST, FStar.HyperStack, FStar.Ghost, FStar.HyperHeap, FStar.Map, FStar.Heap, FStar.List.Tot, FStar.List.Tot.Properties, FStar.List.Tot.Base, FStar.Set, FStar.Classical, FStar.Squash, FStar.TSet, FStar.PredicateExtensionality, FStar.PropositionalExtensionality, FStar.FunctionalExtensionality, Prims
Unexpected error
FStar_Errors.Error(_)
Raised by primitive operation at file "src/batString.mlv", line 145, characters 30-54
Called from file "src/batReturn.ml", line 29, characters 6-29

make: *** [Makefile:249: Epochs.fst-ver] Error 1
.\Epochs.fst(196,26-196,32) : (Error) Identifier not found: [HH.as_ref]
Module HH does not belong to the list of modules in scope, namely KeySchedule, HKDF, StAE, StatefulLHAE, StreamAE, StreamPlain, FStar.String, TLSPRF, HMAC.UFCMA, HMAC, Signature, Hashing, Hashing.OpenSSL, Transport, Platform.Tcp, Negotiation, HandshakeMessages, Extensions, AEAD_GCM, LHAEPlain, FStar.Monotonic.Seq, StatefulPlain, Content, DataStream, Alert, Range, AEADProvider, LowCProvider, Crypto.AEAD, AEADOpenssl, Crypto.AEAD.Encrypt, Crypto.AEAD.Enxor.Invariant, Crypto.AEAD.MAC_Wrapper.Invariant, Crypto.AEAD.Encrypt.Ideal.Invariant, Crypto.AEAD.Decrypt, Crypto.AEAD.EnxorDexor, Crypto.AEAD.Wrappers.CMA, Crypto.AEAD.Wrappers.Encoding, Crypto.AEAD.Wrappers.PRF, Crypto.AEAD.Encrypt.Invariant, Crypto.AEAD.Invariant, Crypto.AEAD.Encoding, Crypto.Symmetric.PRF, Crypto.Plain, Crypto.Symmetric.UF1CMA, Crypto.Symmetric.MAC, Crypto.Symmetric.GF128, Crypto.Symmetric.GF128.Spec, Crypto.Symmetric.Poly1305, Crypto.Symmetric.Poly1305.Bignum, Crypto.Symmetric.Poly1305.Bignum.Lemmas.Part6, FStar.Buffer.Quantifiers, Crypto.Symmetric.Poly1305.Bignum.Lemmas.Part5, Crypto.Symmetric.Poly1305.Bignum.Lemmas.Part4, Crypto.Symmetric.Poly1305.Bignum.Lemmas.Part3, Crypto.Symmetric.Poly1305.Bignum.Lemmas.Part2, Crypto.Symmetric.Poly1305.Bignum.Lemmas.Part1, Crypto.Symmetric.Poly1305.Spec, Crypto.Symmetric.Poly1305.Lemmas, Crypto.Symmetric.Poly1305.Bigint, Crypto.Symmetric.Poly1305.Parameters, Crypto.Symmetric.Cipher, Crypto.Symmetric.Bytes, FStar.IO, FStar.Float, FStar.Bytes, Crypto.Symmetric.AES128, Spartan, Crypto.Symmetric.AES, Flag, Crypto.Indexing, TLSInfo, Cert, DHDB, Nonce, Platform.Date, PMS, RSAKey, CommonDH, DHGroup, ECGroup, PSK, TLSConstants, Format, FStar.All, TLSError, MonotoneMap, FStar.Monotonic.RRef, Flags, Crypto.Config, Crypto.Symmetric.Chacha20, Buffer.Utils, FStar.Int.Cast, FStar.UInt16, FStar.UInt63, FStar.UInt128, FStar.Int8, FStar.Int16, FStar.Int32, FStar.Int63, FStar.Int64, FStar.Int, FStar.UInt64, Crypto.AEAD.BufferUtils, FStar.UInt8, FStar.Buffer, FStar.UInt32, FStar.UInt, FStar.BitVector, FStar.Math.Lemmas, FStar.Math.Lib, FStar.Mul, Hashing.Spec, CoreCrypto, Platform.Bytes, FStar.Char, FStar.Seq, FStar.Seq.Properties, FStar.Seq.Base, FStar.StrongExcludedMiddle, Platform.Error, FStar.ST, FStar.HyperStack, FStar.Ghost, FStar.HyperHeap, FStar.Map, FStar.Heap, FStar.List.Tot, FStar.List.Tot.Properties, FStar.List.Tot.Base, FStar.Set, FStar.Classical, FStar.Squash, FStar.TSet, FStar.PredicateExtensionality, FStar.PropositionalExtensionality, FStar.FunctionalExtensionality, Prims
Unexpected error
FStar_Errors.Error(_)
Raised by primitive operation at file "src/batString.mlv", line 145, characters 30-54
Called from file "src/batReturn.ml", line 29, characters 6-29

make: *** [Makefile:249: Connection.fst-ver] Error 1
.\Epochs.fst(196,26-196,32) : (Error) Identifier not found: [HH.as_ref]
Module HH does not belong to the list of modules in scope, namely KeySchedule, HKDF, StAE, StatefulLHAE, StreamAE, StreamPlain, FStar.String, TLSPRF, HMAC.UFCMA, HMAC, Signature, Hashing, Hashing.OpenSSL, Transport, Platform.Tcp, Negotiation, HandshakeMessages, Extensions, AEAD_GCM, LHAEPlain, FStar.Monotonic.Seq, StatefulPlain, Content, DataStream, Alert, Range, AEADProvider, LowCProvider, Crypto.AEAD, AEADOpenssl, Crypto.AEAD.Encrypt, Crypto.AEAD.Enxor.Invariant, Crypto.AEAD.MAC_Wrapper.Invariant, Crypto.AEAD.Encrypt.Ideal.Invariant, Crypto.AEAD.Decrypt, Crypto.AEAD.EnxorDexor, Crypto.AEAD.Wrappers.CMA, Crypto.AEAD.Wrappers.Encoding, Crypto.AEAD.Wrappers.PRF, Crypto.AEAD.Encrypt.Invariant, Crypto.AEAD.Invariant, Crypto.AEAD.Encoding, Crypto.Symmetric.PRF, Crypto.Plain, Crypto.Symmetric.UF1CMA, Crypto.Symmetric.MAC, Crypto.Symmetric.GF128, Crypto.Symmetric.GF128.Spec, Crypto.Symmetric.Poly1305, Crypto.Symmetric.Poly1305.Bignum, Crypto.Symmetric.Poly1305.Bignum.Lemmas.Part6, FStar.Buffer.Quantifiers, Crypto.Symmetric.Poly1305.Bignum.Lemmas.Part5, Crypto.Symmetric.Poly1305.Bignum.Lemmas.Part4, Crypto.Symmetric.Poly1305.Bignum.Lemmas.Part3, Crypto.Symmetric.Poly1305.Bignum.Lemmas.Part2, Crypto.Symmetric.Poly1305.Bignum.Lemmas.Part1, Crypto.Symmetric.Poly1305.Spec, Crypto.Symmetric.Poly1305.Lemmas, Crypto.Symmetric.Poly1305.Bigint, Crypto.Symmetric.Poly1305.Parameters, Crypto.Symmetric.Cipher, Crypto.Symmetric.Bytes, FStar.IO, FStar.Float, FStar.Bytes, Crypto.Symmetric.AES128, Spartan, Crypto.Symmetric.AES, Flag, Crypto.Indexing, TLSInfo, Cert, DHDB, Nonce, Platform.Date, PMS, RSAKey, CommonDH, DHGroup, ECGroup, PSK, TLSConstants, Format, FStar.All, TLSError, MonotoneMap, FStar.Monotonic.RRef, Flags, Crypto.Config, Crypto.Symmetric.Chacha20, Buffer.Utils, FStar.Int.Cast, FStar.UInt16, FStar.UInt63, FStar.UInt128, FStar.Int8, FStar.Int16, FStar.Int32, FStar.Int63, FStar.Int64, FStar.Int, FStar.UInt64, Crypto.AEAD.BufferUtils, FStar.UInt8, FStar.Buffer, FStar.UInt32, FStar.UInt, FStar.BitVector, FStar.Math.Lemmas, FStar.Math.Lib, FStar.Mul, Hashing.Spec, CoreCrypto, Platform.Bytes, FStar.Char, FStar.Seq, FStar.Seq.Properties, FStar.Seq.Base, FStar.StrongExcludedMiddle, Platform.Error, FStar.ST, FStar.HyperStack, FStar.Ghost, FStar.HyperHeap, FStar.Map, FStar.Heap, FStar.List.Tot, FStar.List.Tot.Properties, FStar.List.Tot.Base, FStar.Set, FStar.Classical, FStar.Squash, FStar.TSet, FStar.PredicateExtensionality, FStar.PropositionalExtensionality, FStar.FunctionalExtensionality, Prims
Unexpected error
FStar_Errors.Error(_)
Raised by primitive operation at file "src/batString.mlv", line 145, characters 30-54
Called from file "src/batReturn.ml", line 29, characters 6-29

make: *** [Makefile:249: FFI.fst-ver] Error 1
.\Epochs.fst(196,26-196,32) : (Error) Identifier not found: [HH.as_ref]
Module HH does not belong to the list of modules in scope, namely KeySchedule, HKDF, StAE, StatefulLHAE, StreamAE, StreamPlain, FStar.String, TLSPRF, HMAC.UFCMA, HMAC, Signature, Hashing, Hashing.OpenSSL, Transport, Platform.Tcp, Negotiation, HandshakeMessages, Extensions, AEAD_GCM, LHAEPlain, FStar.Monotonic.Seq, StatefulPlain, Content, DataStream, Alert, Range, AEADProvider, LowCProvider, Crypto.AEAD, AEADOpenssl, Crypto.AEAD.Encrypt, Crypto.AEAD.Enxor.Invariant, Crypto.AEAD.MAC_Wrapper.Invariant, Crypto.AEAD.Encrypt.Ideal.Invariant, Crypto.AEAD.Decrypt, Crypto.AEAD.EnxorDexor, Crypto.AEAD.Wrappers.CMA, Crypto.AEAD.Wrappers.Encoding, Crypto.AEAD.Wrappers.PRF, Crypto.AEAD.Encrypt.Invariant, Crypto.AEAD.Invariant, Crypto.AEAD.Encoding, Crypto.Symmetric.PRF, Crypto.Plain, Crypto.Symmetric.UF1CMA, Crypto.Symmetric.MAC, Crypto.Symmetric.GF128, Crypto.Symmetric.GF128.Spec, Crypto.Symmetric.Poly1305, Crypto.Symmetric.Poly1305.Bignum, Crypto.Symmetric.Poly1305.Bignum.Lemmas.Part6, FStar.Buffer.Quantifiers, Crypto.Symmetric.Poly1305.Bignum.Lemmas.Part5, Crypto.Symmetric.Poly1305.Bignum.Lemmas.Part4, Crypto.Symmetric.Poly1305.Bignum.Lemmas.Part3, Crypto.Symmetric.Poly1305.Bignum.Lemmas.Part2, Crypto.Symmetric.Poly1305.Bignum.Lemmas.Part1, Crypto.Symmetric.Poly1305.Spec, Crypto.Symmetric.Poly1305.Lemmas, Crypto.Symmetric.Poly1305.Bigint, Crypto.Symmetric.Poly1305.Parameters, Crypto.Symmetric.Cipher, Crypto.Symmetric.Bytes, FStar.IO, FStar.Float, FStar.Bytes, Crypto.Symmetric.AES128, Spartan, Crypto.Symmetric.AES, Flag, Crypto.Indexing, TLSInfo, Cert, DHDB, Nonce, Platform.Date, PMS, RSAKey, CommonDH, DHGroup, ECGroup, PSK, TLSConstants, Format, FStar.All, TLSError, MonotoneMap, FStar.Monotonic.RRef, Flags, Crypto.Config, Crypto.Symmetric.Chacha20, Buffer.Utils, FStar.Int.Cast, FStar.UInt16, FStar.UInt63, FStar.UInt128, FStar.Int8, FStar.Int16, FStar.Int32, FStar.Int63, FStar.Int64, FStar.Int, FStar.UInt64, Crypto.AEAD.BufferUtils, FStar.UInt8, FStar.Buffer, FStar.UInt32, FStar.UInt, FStar.BitVector, FStar.Math.Lemmas, FStar.Math.Lib, FStar.Mul, Hashing.Spec, CoreCrypto, Platform.Bytes, FStar.Char, FStar.Seq, FStar.Seq.Properties, FStar.Seq.Base, FStar.StrongExcludedMiddle, Platform.Error, FStar.ST, FStar.HyperStack, FStar.Ghost, FStar.HyperHeap, FStar.Map, FStar.Heap, FStar.List.Tot, FStar.List.Tot.Properties, FStar.List.Tot.Base, FStar.Set, FStar.Classical, FStar.Squash, FStar.TSet, FStar.PredicateExtensionality, FStar.PropositionalExtensionality, FStar.FunctionalExtensionality, Prims
Unexpected error
FStar_Errors.Error(_)
Raised by primitive operation at file "src/batString.mlv", line 145, characters 30-54
Called from file "src/batReturn.ml", line 29, characters 6-29

make: *** [Makefile:249: ConnInvariant.fst-ver] Error 1
.\Epochs.fst(196,26-196,32) : (Error) Identifier not found: [HH.as_ref]
Module HH does not belong to the list of modules in scope, namely KeySchedule, HKDF, StAE, StatefulLHAE, StreamAE, StreamPlain, FStar.String, TLSPRF, HMAC.UFCMA, HMAC, Signature, Hashing, Hashing.OpenSSL, Transport, Platform.Tcp, Negotiation, HandshakeMessages, Extensions, AEAD_GCM, LHAEPlain, FStar.Monotonic.Seq, StatefulPlain, Content, DataStream, Alert, Range, AEADProvider, LowCProvider, Crypto.AEAD, AEADOpenssl, Crypto.AEAD.Encrypt, Crypto.AEAD.Enxor.Invariant, Crypto.AEAD.MAC_Wrapper.Invariant, Crypto.AEAD.Encrypt.Ideal.Invariant, Crypto.AEAD.Decrypt, Crypto.AEAD.EnxorDexor, Crypto.AEAD.Wrappers.CMA, Crypto.AEAD.Wrappers.Encoding, Crypto.AEAD.Wrappers.PRF, Crypto.AEAD.Encrypt.Invariant, Crypto.AEAD.Invariant, Crypto.AEAD.Encoding, Crypto.Symmetric.PRF, Crypto.Plain, Crypto.Symmetric.UF1CMA, Crypto.Symmetric.MAC, Crypto.Symmetric.GF128, Crypto.Symmetric.GF128.Spec, Crypto.Symmetric.Poly1305, Crypto.Symmetric.Poly1305.Bignum, Crypto.Symmetric.Poly1305.Bignum.Lemmas.Part6, FStar.Buffer.Quantifiers, Crypto.Symmetric.Poly1305.Bignum.Lemmas.Part5, Crypto.Symmetric.Poly1305.Bignum.Lemmas.Part4, Crypto.Symmetric.Poly1305.Bignum.Lemmas.Part3, Crypto.Symmetric.Poly1305.Bignum.Lemmas.Part2, Crypto.Symmetric.Poly1305.Bignum.Lemmas.Part1, Crypto.Symmetric.Poly1305.Spec, Crypto.Symmetric.Poly1305.Lemmas, Crypto.Symmetric.Poly1305.Bigint, Crypto.Symmetric.Poly1305.Parameters, Crypto.Symmetric.Cipher, Crypto.Symmetric.Bytes, FStar.IO, FStar.Float, FStar.Bytes, Crypto.Symmetric.AES128, Spartan, Crypto.Symmetric.AES, Flag, Crypto.Indexing, TLSInfo, Cert, DHDB, Nonce, Platform.Date, PMS, RSAKey, CommonDH, DHGroup, ECGroup, PSK, TLSConstants, Format, FStar.All, TLSError, MonotoneMap, FStar.Monotonic.RRef, Flags, Crypto.Config, Crypto.Symmetric.Chacha20, Buffer.Utils, FStar.Int.Cast, FStar.UInt16, FStar.UInt63, FStar.UInt128, FStar.Int8, FStar.Int16, FStar.Int32, FStar.Int63, FStar.Int64, FStar.Int, FStar.UInt64, Crypto.AEAD.BufferUtils, FStar.UInt8, FStar.Buffer, FStar.UInt32, FStar.UInt, FStar.BitVector, FStar.Math.Lemmas, FStar.Math.Lib, FStar.Mul, Hashing.Spec, CoreCrypto, Platform.Bytes, FStar.Char, FStar.Seq, FStar.Seq.Properties, FStar.Seq.Base, FStar.StrongExcludedMiddle, Platform.Error, FStar.ST, FStar.HyperStack, FStar.Ghost, FStar.HyperHeap, FStar.Map, FStar.Heap, FStar.List.Tot, FStar.List.Tot.Properties, FStar.List.Tot.Base, FStar.Set, FStar.Classical, FStar.Squash, FStar.TSet, FStar.PredicateExtensionality, FStar.PropositionalExtensionality, FStar.FunctionalExtensionality, Prims
Unexpected error
FStar_Errors.Error(_)
Raised by primitive operation at file "src/batString.mlv", line 145, characters 30-54
Called from file "src/batReturn.ml", line 29, characters 6-29

make: *** [Makefile:249: TLS.fst-ver] Error 1
.\AEAD_GCM.fst(242,0-265,3): (Error) Unknown assertion failed
Verified module: AEAD_GCM (1325852 milliseconds)
1 error was reported (see above)
make: *** [Makefile:249: AEAD_GCM.fst-ver] Error 1
make: Target 'all-ver' not remade because of errors.
