Cloning into 'fstar'...
Checking out files:  44% (900/2036)   Checking out files:  45% (917/2036)   Checking out files:  46% (937/2036)   Checking out files:  47% (957/2036)   Checking out files:  48% (978/2036)   Checking out files:  49% (998/2036)   Checking out files:  50% (1018/2036)   Checking out files:  51% (1039/2036)   Checking out files:  52% (1059/2036)   Checking out files:  53% (1080/2036)   Checking out files:  54% (1100/2036)   Checking out files:  55% (1120/2036)   Checking out files:  56% (1141/2036)   Checking out files:  57% (1161/2036)   Checking out files:  58% (1181/2036)   Checking out files:  59% (1202/2036)   Checking out files:  60% (1222/2036)   Checking out files:  61% (1242/2036)   Checking out files:  62% (1263/2036)   Checking out files:  63% (1283/2036)   Checking out files:  64% (1304/2036)   Checking out files:  65% (1324/2036)   Checking out files:  66% (1344/2036)   Checking out files:  67% (1365/2036)   Checking out files:  68% (1385/2036)   Checking out files:  69% (1405/2036)   Checking out files:  70% (1426/2036)   Checking out files:  71% (1446/2036)   Checking out files:  72% (1466/2036)   Checking out files:  73% (1487/2036)   Checking out files:  74% (1507/2036)   Checking out files:  75% (1527/2036)   Checking out files:  76% (1548/2036)   Checking out files:  77% (1568/2036)   Checking out files:  78% (1589/2036)   Checking out files:  79% (1609/2036)   Checking out files:  80% (1629/2036)   Checking out files:  81% (1650/2036)   Checking out files:  82% (1670/2036)   Checking out files:  83% (1690/2036)   Checking out files:  83% (1693/2036)   Checking out files:  84% (1711/2036)   Checking out files:  85% (1731/2036)   Checking out files:  86% (1751/2036)   Checking out files:  87% (1772/2036)   Checking out files:  88% (1792/2036)   Checking out files:  89% (1813/2036)   Checking out files:  90% (1833/2036)   Checking out files:  91% (1853/2036)   Checking out files:  92% (1874/2036)   Checking out files:  93% (1894/2036)   Checking out files:  94% (1914/2036)   Checking out files:  95% (1935/2036)   Checking out files:  96% (1955/2036)   Checking out files:  97% (1975/2036)   Checking out files:  98% (1996/2036)   Checking out files:  99% (2016/2036)   Checking out files: 100% (2036/2036)   Checking out files: 100% (2036/2036), done.
Warning: you are using the standard library and/or the %inline keyword. We
recommend switching on --infer in order to avoid obscure type error messages.
dos2unix: converting file parse.mly to Unix format...
File "src/basic/ml/FStar_Util.ml", line 47, characters 57-65:
Warning 40: st_mtime was selected from type BatUnix.stats.
It is not visible in the current scope, and will not 
be selected if the type becomes unknown.
File "src/basic/ml/FStar_Util.ml", line 47, characters 57-65:
Warning 40: st_mtime was selected from type BatUnix.stats.
It is not visible in the current scope, and will not 
be selected if the type becomes unknown.
Cloning into 'kremlin'...
Cloning into 'hacl-star'...
Checking out files:  16% (854/5258)   Checking out files:  17% (894/5258)   Checking out files:  18% (947/5258)   Checking out files:  19% (1000/5258)   Checking out files:  20% (1052/5258)   Checking out files:  21% (1105/5258)   Checking out files:  22% (1157/5258)   Checking out files:  23% (1210/5258)   Checking out files:  24% (1262/5258)   Checking out files:  25% (1315/5258)   Checking out files:  26% (1368/5258)   Checking out files:  27% (1420/5258)   Checking out files:  28% (1473/5258)   Checking out files:  29% (1525/5258)   Checking out files:  30% (1578/5258)   Checking out files:  31% (1630/5258)   Checking out files:  32% (1683/5258)   Checking out files:  33% (1736/5258)   Checking out files:  34% (1788/5258)   Checking out files:  35% (1841/5258)   Checking out files:  35% (1887/5258)   Checking out files:  36% (1893/5258)   Checking out files:  37% (1946/5258)   Checking out files:  38% (1999/5258)   Checking out files:  39% (2051/5258)   Checking out files:  40% (2104/5258)   Checking out files:  41% (2156/5258)   Checking out files:  42% (2209/5258)   Checking out files:  43% (2261/5258)   Checking out files:  44% (2314/5258)   Checking out files:  45% (2367/5258)   Checking out files:  46% (2419/5258)   Checking out files:  47% (2472/5258)   Checking out files:  48% (2524/5258)   Checking out files:  49% (2577/5258)   Checking out files:  50% (2629/5258)   Checking out files:  51% (2682/5258)   Checking out files:  52% (2735/5258)   Checking out files:  53% (2787/5258)   Checking out files:  53% (2791/5258)   Checking out files:  54% (2840/5258)   Checking out files:  55% (2892/5258)   Checking out files:  56% (2945/5258)   Checking out files:  57% (2998/5258)   Checking out files:  58% (3050/5258)   Checking out files:  59% (3103/5258)   Checking out files:  60% (3155/5258)   Checking out files:  61% (3208/5258)   Checking out files:  62% (3260/5258)   Checking out files:  63% (3313/5258)   Checking out files:  64% (3366/5258)   Checking out files:  65% (3418/5258)   Checking out files:  66% (3471/5258)   Checking out files:  67% (3523/5258)   Checking out files:  68% (3576/5258)   Checking out files:  69% (3629/5258)   Checking out files:  70% (3681/5258)   Checking out files:  71% (3734/5258)   Checking out files:  72% (3786/5258)   Checking out files:  73% (3839/5258)   Checking out files:  74% (3891/5258)   Checking out files:  75% (3944/5258)   Checking out files:  76% (3997/5258)   Checking out files:  77% (4049/5258)   Checking out files:  78% (4102/5258)   Checking out files:  79% (4154/5258)   Checking out files:  80% (4207/5258)   Checking out files:  81% (4259/5258)   Checking out files:  82% (4312/5258)   Checking out files:  83% (4365/5258)   Checking out files:  84% (4417/5258)   Checking out files:  85% (4470/5258)   Checking out files:  86% (4522/5258)   Checking out files:  87% (4575/5258)   Checking out files:  88% (4628/5258)   Checking out files:  89% (4680/5258)   Checking out files:  90% (4733/5258)   Checking out files:  91% (4785/5258)   Checking out files:  91% (4821/5258)   Checking out files:  92% (4838/5258)   Checking out files:  93% (4890/5258)   Checking out files:  94% (4943/5258)   Checking out files:  95% (4996/5258)   Checking out files:  96% (5048/5258)   Checking out files:  97% (5101/5258)   Checking out files:  98% (5153/5258)   Checking out files:  99% (5206/5258)   Checking out files: 100% (5258/5258)   Checking out files: 100% (5258/5258), done.
File "CoreCrypto.ml", line 526, characters 24-144:
Warning 8: this pattern-matching is not exhaustive.
Here is an example of a value that is not matched:
ECC_X448
Warning 3: run_or_warn: the following command failed:
C:/Build/Agent1/_work/4/s/fstar/bin/fstar.exe --odir LowCProvider/tmp --codegen Kremlin --lax --no_extract FStar.Math.Lib --no_extract FStar.HyperHeap --no_extract FStar.HyperStack --no_extract FStar.HyperStack.ST --no_extract FStar.Seq.Base --no_extract FStar.Int128 --no_extract FStar.UInt64 --no_extract FStar.Int64 --no_extract FStar.UInt63 --no_extract FStar.Int63 --no_extract FStar.UInt32 --no_extract FStar.Int32 --no_extract FStar.UInt31 --no_extract FStar.Int31 --no_extract FStar.UInt16 --no_extract FStar.Int16 --no_extract FStar.UInt8 --no_extract FStar.Int8 --trace_error --include aead --include uf1cma --include vale --include vale/asm --include prf --include utils --include indexing --include ../code/experimental/aesgcm --include ../code/bignum --include ../code/poly1305 --include ../code/salsa-family --include ../code/lib/kremlin --include ../specs --include C:/Build/Agent1/_work/4/s/kremlin/kremlib --include C:/Build/Agent1/_work/4/s/kremlin/test --include C:/Build/Agent1/_work/4/s/kremlin/kremlib LowCProvider/Crypto.Indexing.fst test/Flag.fst utils/Hacl.Spec.fst aead/Crypto.AEAD.fst
F* failed
Fatal error: exception Warnings.Fatal("Unrecoverable error")
Raised at file "src/Warnings.ml", line 47, characters 10-39
Called from file "src/Driver.ml", line 283, characters 6-29
Called from file "src/Kremlin.ml", line 283, characters 14-96
make[1]: *** [Makefile:33: LowCProvider-tmp] Error 2
make: *** [Makefile:51: tmp] Error 2
make: *** Waiting for unfinished jobs....
Submodule 'ucontrib/CoreCrypto/ml/openssl' (https://github.com/openssl/openssl) registered for path 'openssl'
Cloning into '/cygdrive/c/Build/Agent1/_work/4/s/fstar/ucontrib/CoreCrypto/ml/openssl'...
crypto/asn1/x_int64.c: In function 'uint64_print':
crypto/asn1/x_int64.c:105:32: warning: unknown conversion type character 'j' in format [-Wformat=]
return BIO_printf(out, "%jd\n", **(int64_t **)pval);
^
crypto/asn1/x_int64.c:105:32: warning: too many arguments for format [-Wformat-extra-args]
crypto/asn1/x_int64.c:106:28: warning: unknown conversion type character 'j' in format [-Wformat=]
return BIO_printf(out, "%ju\n", **(uint64_t **)pval);
^
crypto/asn1/x_int64.c:106:28: warning: too many arguments for format [-Wformat-extra-args]
crypto/bio/b_sock.c: In function 'BIO_get_accept_socket':
crypto/bio/b_sock.c:211:13: warning: overflow in implicit constant conversion [-Woverflow]
int s = INVALID_SOCKET;
^
crypto/bio/b_sock.c:216:16: warning: overflow in implicit constant conversion [-Woverflow]
return INVALID_SOCKET;
^
crypto/bio/b_sock.c:219:16: warning: overflow in implicit constant conversion [-Woverflow]
return INVALID_SOCKET;
^
crypto/bio/b_sock.c:226:13: warning: overflow in implicit constant conversion [-Woverflow]
s = INVALID_SOCKET;
^
crypto/bio/b_sock.c:233:13: warning: overflow in implicit constant conversion [-Woverflow]
s = INVALID_SOCKET;
^
crypto/bio/b_sock2.c: In function 'BIO_socket':
crypto/bio/b_sock2.c:45:16: warning: overflow in implicit constant conversion [-Woverflow]
return INVALID_SOCKET;
^
crypto/bio/b_sock2.c:51:16: warning: overflow in implicit constant conversion [-Woverflow]
return INVALID_SOCKET;
^
crypto/bio/b_sock2.c: In function 'BIO_connect':
crypto/bio/b_sock2.c:90:56: warning: passing argument 4 of 'setsockopt' from incompatible pointer type [-Wincompatible-pointer-types]
if (setsockopt(sock, SOL_SOCKET, SO_KEEPALIVE, &on, sizeof(on)) != 0) {
^
In file included from ./e_os.h:218:0,
from crypto/bio/bio_lcl.h:11,
from crypto/bio/b_sock2.c:14:
/usr/x86_64-w64-mingw32/sys-root/mingw/include/winsock2.h:999:34: note: expected 'const char *' but argument is of type 'int *'
WINSOCK_API_LINKAGE int WSAAPI setsockopt(SOCKET s,int level,int optname,const char *optval,int optlen);
^
crypto/bio/b_sock2.c:98:56: warning: passing argument 4 of 'setsockopt' from incompatible pointer type [-Wincompatible-pointer-types]
if (setsockopt(sock, IPPROTO_TCP, TCP_NODELAY, &on, sizeof(on)) != 0) {
^
In file included from ./e_os.h:218:0,
from crypto/bio/bio_lcl.h:11,
from crypto/bio/b_sock2.c:14:
/usr/x86_64-w64-mingw32/sys-root/mingw/include/winsock2.h:999:34: note: expected 'const char *' but argument is of type 'int *'
WINSOCK_API_LINKAGE int WSAAPI setsockopt(SOCKET s,int level,int optname,const char *optval,int optlen);
^
crypto/bio/b_sock2.c: In function 'BIO_listen':
crypto/bio/b_sock2.c:164:47: warning: passing argument 4 of 'getsockopt' from incompatible pointer type [-Wincompatible-pointer-types]
if (getsockopt(sock, SOL_SOCKET, SO_TYPE, &socktype, &socktype_len) != 0
^
In file included from ./e_os.h:218:0,
from crypto/bio/bio_lcl.h:11,
from crypto/bio/b_sock2.c:14:
/usr/x86_64-w64-mingw32/sys-root/mingw/include/winsock2.h:980:34: note: expected 'char *' but argument is of type 'int *'
WINSOCK_API_LINKAGE int WSAAPI getsockopt(SOCKET s,int level,int optname,char *optval,int *optlen);
^
crypto/bio/b_sock2.c:187:56: warning: passing argument 4 of 'setsockopt' from incompatible pointer type [-Wincompatible-pointer-types]
if (setsockopt(sock, SOL_SOCKET, SO_KEEPALIVE, &on, sizeof(on)) != 0) {
^
In file included from ./e_os.h:218:0,
from crypto/bio/bio_lcl.h:11,
from crypto/bio/b_sock2.c:14:
/usr/x86_64-w64-mingw32/sys-root/mingw/include/winsock2.h:999:34: note: expected 'const char *' but argument is of type 'int *'
WINSOCK_API_LINKAGE int WSAAPI setsockopt(SOCKET s,int level,int optname,const char *optval,int optlen);
^
crypto/bio/b_sock2.c:195:56: warning: passing argument 4 of 'setsockopt' from incompatible pointer type [-Wincompatible-pointer-types]
if (setsockopt(sock, IPPROTO_TCP, TCP_NODELAY, &on, sizeof(on)) != 0) {
^
In file included from ./e_os.h:218:0,
from crypto/bio/bio_lcl.h:11,
from crypto/bio/b_sock2.c:14:
/usr/x86_64-w64-mingw32/sys-root/mingw/include/winsock2.h:999:34: note: expected 'const char *' but argument is of type 'int *'
WINSOCK_API_LINKAGE int WSAAPI setsockopt(SOCKET s,int level,int optname,const char *optval,int optlen);
^
crypto/bio/b_sock2.c:204:57: warning: passing argument 4 of 'setsockopt' from incompatible pointer type [-Wincompatible-pointer-types]
if (setsockopt(sock, IPPROTO_IPV6, IPV6_V6ONLY, &on, sizeof(on)) != 0) {
^
In file included from ./e_os.h:218:0,
from crypto/bio/bio_lcl.h:11,
from crypto/bio/b_sock2.c:14:
/usr/x86_64-w64-mingw32/sys-root/mingw/include/winsock2.h:999:34: note: expected 'const char *' but argument is of type 'int *'
WINSOCK_API_LINKAGE int WSAAPI setsockopt(SOCKET s,int level,int optname,const char *optval,int optlen);
^
crypto/bio/b_sock2.c: In function 'BIO_accept_ex':
crypto/bio/b_sock2.c:249:16: warning: overflow in implicit constant conversion [-Woverflow]
return INVALID_SOCKET;
^
crypto/bio/b_sock2.c:254:16: warning: overflow in implicit constant conversion [-Woverflow]
return INVALID_SOCKET;
^
In file included from crypto/bn/bn_print.c:15:0:
crypto/bn/bn_print.c: In function 'BN_bn2dec':
crypto/bn/bn_lcl.h:94:27: warning: unknown conversion type character 'l' in format [-Wformat=]
#  define BN_DEC_FMT1     "%llu"
^
crypto/bn/bn_print.c:104:37: note: in expansion of macro 'BN_DEC_FMT1'
BIO_snprintf(p, BUF_REMAIN, BN_DEC_FMT1, *lp);
^
crypto/bn/bn_lcl.h:94:27: warning: too many arguments for format [-Wformat-extra-args]
#  define BN_DEC_FMT1     "%llu"
^
crypto/bn/bn_print.c:104:37: note: in expansion of macro 'BN_DEC_FMT1'
BIO_snprintf(p, BUF_REMAIN, BN_DEC_FMT1, *lp);
^
crypto/bn/bn_lcl.h:95:27: warning: unknown conversion type character 'l' in format [-Wformat=]
#  define BN_DEC_FMT2     "%019llu"
^
crypto/bn/bn_print.c:109:41: note: in expansion of macro 'BN_DEC_FMT2'
BIO_snprintf(p, BUF_REMAIN, BN_DEC_FMT2, *lp);
^
crypto/bn/bn_lcl.h:95:27: warning: too many arguments for format [-Wformat-extra-args]
#  define BN_DEC_FMT2     "%019llu"
^
crypto/bn/bn_print.c:109:41: note: in expansion of macro 'BN_DEC_FMT2'
BIO_snprintf(p, BUF_REMAIN, BN_DEC_FMT2, *lp);
^
crypto/threads_win.c: In function 'CRYPTO_atomic_add':
crypto/threads_win.c:132:35: warning: passing argument 1 of '_InterlockedExchangeAdd' from incompatible pointer type [-Wincompatible-pointer-types]
*ret = InterlockedExchangeAdd(val, amount) + amount;
^
In file included from /usr/x86_64-w64-mingw32/sys-root/mingw/include/winnt.h:27:0,
from /usr/x86_64-w64-mingw32/sys-root/mingw/include/minwindef.h:163,
from /usr/x86_64-w64-mingw32/sys-root/mingw/include/windef.h:8,
from /usr/x86_64-w64-mingw32/sys-root/mingw/include/windows.h:69,
from crypto/threads_win.c:11:
/usr/x86_64-w64-mingw32/sys-root/mingw/include/psdk_inc/intrin-impl.h:1026:10: note: expected 'volatile long int *' but argument is of type 'int *'
__LONG32 _InterlockedExchangeAdd(__LONG32 volatile *Addend, __LONG32 Value) {
^
test/testutil/tests.c: In function 'test_size_t_eq':
test/testutil/tests.c:575:27: warning: unknown conversion type character 'z' in format [-Wformat=]
"[" fmt "] compared to [" fmt "]",            \
^
test/testutil/tests.c:581:5: note: in expansion of macro 'DEFINE_COMPARISON'
DEFINE_COMPARISON(type, name, eq, ==, fmt)                          \
^
test/testutil/tests.c:594:1: note: in expansion of macro 'DEFINE_COMPARISONS'
DEFINE_COMPARISONS(size_t, size_t, "%zu")
^
test/testutil/tests.c:575:27: warning: unknown conversion type character 'z' in format [-Wformat=]
"[" fmt "] compared to [" fmt "]",            \
^
test/testutil/tests.c:581:5: note: in expansion of macro 'DEFINE_COMPARISON'
DEFINE_COMPARISON(type, name, eq, ==, fmt)                          \
^
test/testutil/tests.c:594:1: note: in expansion of macro 'DEFINE_COMPARISONS'
DEFINE_COMPARISONS(size_t, size_t, "%zu")
^
test/testutil/tests.c:575:27: warning: too many arguments for format [-Wformat-extra-args]
"[" fmt "] compared to [" fmt "]",            \
^
test/testutil/tests.c:581:5: note: in expansion of macro 'DEFINE_COMPARISON'
DEFINE_COMPARISON(type, name, eq, ==, fmt)                          \
^
test/testutil/tests.c:594:1: note: in expansion of macro 'DEFINE_COMPARISONS'
DEFINE_COMPARISONS(size_t, size_t, "%zu")
^
test/testutil/tests.c: In function 'test_size_t_ne':
test/testutil/tests.c:575:27: warning: unknown conversion type character 'z' in format [-Wformat=]
"[" fmt "] compared to [" fmt "]",            \
^
test/testutil/tests.c:582:5: note: in expansion of macro 'DEFINE_COMPARISON'
DEFINE_COMPARISON(type, name, ne, !=, fmt)                          \
^
test/testutil/tests.c:594:1: note: in expansion of macro 'DEFINE_COMPARISONS'
DEFINE_COMPARISONS(size_t, size_t, "%zu")
^
test/testutil/tests.c:575:27: warning: unknown conversion type character 'z' in format [-Wformat=]
"[" fmt "] compared to [" fmt "]",            \
^
test/testutil/tests.c:582:5: note: in expansion of macro 'DEFINE_COMPARISON'
DEFINE_COMPARISON(type, name, ne, !=, fmt)                          \
^
test/testutil/tests.c:594:1: note: in expansion of macro 'DEFINE_COMPARISONS'
DEFINE_COMPARISONS(size_t, size_t, "%zu")
^
test/testutil/tests.c:575:27: warning: too many arguments for format [-Wformat-extra-args]
"[" fmt "] compared to [" fmt "]",            \
^
test/testutil/tests.c:582:5: note: in expansion of macro 'DEFINE_COMPARISON'
DEFINE_COMPARISON(type, name, ne, !=, fmt)                          \
^
test/testutil/tests.c:594:1: note: in expansion of macro 'DEFINE_COMPARISONS'
DEFINE_COMPARISONS(size_t, size_t, "%zu")
^
test/testutil/tests.c: In function 'test_size_t_lt':
test/testutil/tests.c:575:27: warning: unknown conversion type character 'z' in format [-Wformat=]
"[" fmt "] compared to [" fmt "]",            \
^
test/testutil/tests.c:583:5: note: in expansion of macro 'DEFINE_COMPARISON'
DEFINE_COMPARISON(type, name, lt, <, fmt)                           \
^
test/testutil/tests.c:594:1: note: in expansion of macro 'DEFINE_COMPARISONS'
DEFINE_COMPARISONS(size_t, size_t, "%zu")
^
test/testutil/tests.c:575:27: warning: unknown conversion type character 'z' in format [-Wformat=]
"[" fmt "] compared to [" fmt "]",            \
^
test/testutil/tests.c:583:5: note: in expansion of macro 'DEFINE_COMPARISON'
DEFINE_COMPARISON(type, name, lt, <, fmt)                           \
^
test/testutil/tests.c:594:1: note: in expansion of macro 'DEFINE_COMPARISONS'
DEFINE_COMPARISONS(size_t, size_t, "%zu")
^
test/testutil/tests.c:575:27: warning: too many arguments for format [-Wformat-extra-args]
"[" fmt "] compared to [" fmt "]",            \
^
test/testutil/tests.c:583:5: note: in expansion of macro 'DEFINE_COMPARISON'
DEFINE_COMPARISON(type, name, lt, <, fmt)                           \
^
test/testutil/tests.c:594:1: note: in expansion of macro 'DEFINE_COMPARISONS'
DEFINE_COMPARISONS(size_t, size_t, "%zu")
^
test/testutil/tests.c: In function 'test_size_t_le':
test/testutil/tests.c:575:27: warning: unknown conversion type character 'z' in format [-Wformat=]
"[" fmt "] compared to [" fmt "]",            \
^
test/testutil/tests.c:584:5: note: in expansion of macro 'DEFINE_COMPARISON'
DEFINE_COMPARISON(type, name, le, <=, fmt)                          \
^
test/testutil/tests.c:594:1: note: in expansion of macro 'DEFINE_COMPARISONS'
DEFINE_COMPARISONS(size_t, size_t, "%zu")
^
test/testutil/tests.c:575:27: warning: unknown conversion type character 'z' in format [-Wformat=]
"[" fmt "] compared to [" fmt "]",            \
^
test/testutil/tests.c:584:5: note: in expansion of macro 'DEFINE_COMPARISON'
DEFINE_COMPARISON(type, name, le, <=, fmt)                          \
^
test/testutil/tests.c:594:1: note: in expansion of macro 'DEFINE_COMPARISONS'
DEFINE_COMPARISONS(size_t, size_t, "%zu")
^
test/testutil/tests.c:575:27: warning: too many arguments for format [-Wformat-extra-args]
"[" fmt "] compared to [" fmt "]",            \
^
test/testutil/tests.c:584:5: note: in expansion of macro 'DEFINE_COMPARISON'
DEFINE_COMPARISON(type, name, le, <=, fmt)                          \
^
test/testutil/tests.c:594:1: note: in expansion of macro 'DEFINE_COMPARISONS'
DEFINE_COMPARISONS(size_t, size_t, "%zu")
^
test/testutil/tests.c: In function 'test_size_t_gt':
test/testutil/tests.c:575:27: warning: unknown conversion type character 'z' in format [-Wformat=]
"[" fmt "] compared to [" fmt "]",            \
^
test/testutil/tests.c:585:5: note: in expansion of macro 'DEFINE_COMPARISON'
DEFINE_COMPARISON(type, name, gt, >, fmt)                           \
^
test/testutil/tests.c:594:1: note: in expansion of macro 'DEFINE_COMPARISONS'
DEFINE_COMPARISONS(size_t, size_t, "%zu")
^
test/testutil/tests.c:575:27: warning: unknown conversion type character 'z' in format [-Wformat=]
"[" fmt "] compared to [" fmt "]",            \
^
test/testutil/tests.c:585:5: note: in expansion of macro 'DEFINE_COMPARISON'
DEFINE_COMPARISON(type, name, gt, >, fmt)                           \
^
test/testutil/tests.c:594:1: note: in expansion of macro 'DEFINE_COMPARISONS'
DEFINE_COMPARISONS(size_t, size_t, "%zu")
^
test/testutil/tests.c:575:27: warning: too many arguments for format [-Wformat-extra-args]
"[" fmt "] compared to [" fmt "]",            \
^
test/testutil/tests.c:585:5: note: in expansion of macro 'DEFINE_COMPARISON'
DEFINE_COMPARISON(type, name, gt, >, fmt)                           \
^
test/testutil/tests.c:594:1: note: in expansion of macro 'DEFINE_COMPARISONS'
DEFINE_COMPARISONS(size_t, size_t, "%zu")
^
test/testutil/tests.c: In function 'test_size_t_ge':
test/testutil/tests.c:575:27: warning: unknown conversion type character 'z' in format [-Wformat=]
"[" fmt "] compared to [" fmt "]",            \
^
test/testutil/tests.c:586:5: note: in expansion of macro 'DEFINE_COMPARISON'
DEFINE_COMPARISON(type, name, ge, >=, fmt)
^
test/testutil/tests.c:594:1: note: in expansion of macro 'DEFINE_COMPARISONS'
DEFINE_COMPARISONS(size_t, size_t, "%zu")
^
test/testutil/tests.c:575:27: warning: unknown conversion type character 'z' in format [-Wformat=]
"[" fmt "] compared to [" fmt "]",            \
^
test/testutil/tests.c:586:5: note: in expansion of macro 'DEFINE_COMPARISON'
DEFINE_COMPARISON(type, name, ge, >=, fmt)
^
test/testutil/tests.c:594:1: note: in expansion of macro 'DEFINE_COMPARISONS'
DEFINE_COMPARISONS(size_t, size_t, "%zu")
^
test/testutil/tests.c:575:27: warning: too many arguments for format [-Wformat-extra-args]
"[" fmt "] compared to [" fmt "]",            \
^
test/testutil/tests.c:586:5: note: in expansion of macro 'DEFINE_COMPARISON'
DEFINE_COMPARISON(type, name, ge, >=, fmt)
^
test/testutil/tests.c:594:1: note: in expansion of macro 'DEFINE_COMPARISONS'
DEFINE_COMPARISONS(size_t, size_t, "%zu")
^
ar: creating test/libtestutil.a
ar: creating libssl.a
ar: creating libcrypto.a
make[4]: warning: jobserver unavailable: using -j1.  Add '+' to parent make rule.
File "ulib/ml/extracted/FStar_IndefiniteDescription.ml", line 7, characters 31-33:
Warning 20: this argument will not be used by the function.
File "ulib/ml/extracted/FStar_Tactics.ml", line 353, characters 45-46:
Warning 20: this argument will not be used by the function.
File "ulib/ml/extracted/FStar_Util.ml", line 2, characters 40-41:
Warning 20: this argument will not be used by the function.
File "ulib/ml/extracted/FStar_Util.ml", line 2, characters 42-43:
Warning 20: this argument will not be used by the function.
File "ulib/ml/extracted/FStar_Util.ml", line 3, characters 64-65:
Warning 20: this argument will not be used by the function.
File "ulib/ml/extracted/FStar_Util.ml", line 5, characters 37-38:
Warning 20: this argument will not be used by the function.
File "ulib/ml/extracted/FStar_Util.ml", line 5, characters 62-63:
Warning 20: this argument will not be used by the function.
File "ulib/ml/extracted/FStar_IndefiniteDescription.ml", line 7, characters 31-33:
Warning 20: this argument will not be used by the function.
File "ulib/ml/extracted/FStar_Tactics.ml", line 353, characters 45-46:
Warning 20: this argument will not be used by the function.
File "ulib/ml/extracted/FStar_Util.ml", line 2, characters 40-41:
Warning 20: this argument will not be used by the function.
File "ulib/ml/extracted/FStar_Util.ml", line 2, characters 42-43:
Warning 20: this argument will not be used by the function.
File "ulib/ml/extracted/FStar_Util.ml", line 3, characters 64-65:
Warning 20: this argument will not be used by the function.
File "ulib/ml/extracted/FStar_Util.ml", line 5, characters 37-38:
Warning 20: this argument will not be used by the function.
File "ulib/ml/extracted/FStar_Util.ml", line 5, characters 62-63:
Warning 20: this argument will not be used by the function.
make[4]: warning: jobserver unavailable: using -j1.  Add '+' to parent make rule.
Extracted.mk:92: warning: overriding recipe for target 'mitls.cmxa'
Makefile:195: warning: ignoring old recipe for target 'mitls.cmxa'
Extracted.mk:95: warning: overriding recipe for target 'mitls.exe'
Makefile:198: warning: ignoring old recipe for target 'mitls.exe'
Extracted.mk:117: warning: overriding recipe for target 'test'
Makefile:207: warning: ignoring old recipe for target 'test'
Extracted.mk:173: warning: overriding recipe for target 'cmitls.o'
Makefile:201: warning: ignoring old recipe for target 'cmitls.o'
Extracted.mk:175: warning: overriding recipe for target 'cmitls.exe'
Makefile:203: warning: ignoring old recipe for target 'cmitls.exe'
Unexpected error
FStar_Errors.Error(_)
Raised at file "src/ocaml-output/FStar_ToSyntax_Env.ml", line 2545, characters 12-71
Called from file "src/ocaml-output/FStar_ToSyntax_ToSyntax.ml", line 1539, characters 14-206
Called from file "src/ocaml-output/FStar_ToSyntax_ToSyntax.ml", line 1395, characters 6-41
Called from file "src/ocaml-output/FStar_ToSyntax_ToSyntax.ml", line 1395, characters 6-41
Called from file "src/ocaml-output/FStar_ToSyntax_ToSyntax.ml", line 1395, characters 6-41
Called from file "src/ocaml-output/FStar_ToSyntax_ToSyntax.ml", line 1395, characters 6-41
Called from file "src/ocaml-output/FStar_ToSyntax_ToSyntax.ml", line 1395, characters 6-41
Called from file "src/ocaml-output/FStar_ToSyntax_ToSyntax.ml", line 1395, characters 6-41
Called from file "src/ocaml-output/FStar_ToSyntax_ToSyntax.ml", line 1395, characters 6-41
Called from file "src/batList.mlv", line 513, characters 26-35
Called from file "src/batList.mlv", line 517, characters 2-18
Called from file "src/ocaml-output/FStar_ToSyntax_ToSyntax.ml", line 2529, characters 20-141
Called from file "src/ocaml-output/FStar_ToSyntax_ToSyntax.ml", line 5263, characters 26-70
Called from file "src/ocaml-output/FStar_ToSyntax_ToSyntax.ml", line 5682, characters 35-54
Called from file "list.ml", line 84, characters 24-34
Called from file "src/ocaml-output/FStar_ToSyntax_ToSyntax.ml", line 5733, characters 30-54
Called from file "src/ocaml-output/FStar_ToSyntax_ToSyntax.ml", line 5784, characters 8-63
Called from file "src/ocaml-output/FStar_ToSyntax_ToSyntax.ml", line 5817, characters 37-57
Called from file "list.ml", line 84, characters 24-34
Called from file "src/ocaml-output/FStar_ToSyntax_ToSyntax.ml", line 5812, characters 8-326
Called from file "src/ocaml-output/FStar_Universal.ml", line 290, characters 26-47
Called from file "src/ocaml-output/FStar_Universal.ml", line 383, characters 18-101
Called from file "src/ocaml-output/FStar_Universal.ml", line 407, characters 31-72
Called from file "src/ocaml-output/FStar_Universal.ml", line 424, characters 24-71
Called from file "src/ocaml-output/FStar_Universal.ml", line 465, characters 26-68
Called from file "src/ocaml-output/FStar_Main.ml", line 213, characters 27-67
Called from file "src/ocaml-output/FStar_Main.ml", line 236, characters 6-11

C:\Build\Agent1\_work\4\s\hacl-star\code\lib\kremlin\FStar.Endianness.fst(30,35-30,52): (Error) Identifier not found: [FStar.UInt128.uint128_to_uint64]
Module FStar.UInt128 resolved into FStar.UInt128, definition uint128_to_uint64 not found
1 error was reported (see above)
Unexpected error
FStar_Errors.Error(_)
Raised at file "src/ocaml-output/FStar_ToSyntax_Env.ml", line 2545, characters 12-71
Called from file "src/ocaml-output/FStar_ToSyntax_ToSyntax.ml", line 1539, characters 14-206
Called from file "src/ocaml-output/FStar_ToSyntax_ToSyntax.ml", line 1395, characters 6-41
Called from file "src/ocaml-output/FStar_ToSyntax_ToSyntax.ml", line 1395, characters 6-41
Called from file "src/ocaml-output/FStar_ToSyntax_ToSyntax.ml", line 1395, characters 6-41
Called from file "src/ocaml-output/FStar_ToSyntax_ToSyntax.ml", line 1395, characters 6-41
Called from file "src/ocaml-output/FStar_ToSyntax_ToSyntax.ml", line 1395, characters 6-41
Called from file "src/ocaml-output/FStar_ToSyntax_ToSyntax.ml", line 1395, characters 6-41
Called from file "src/ocaml-output/FStar_ToSyntax_ToSyntax.ml", line 1395, characters 6-41
Called from file "src/batList.mlv", line 513, characters 26-35
Called from file "src/batList.mlv", line 517, characters 2-18
Called from file "src/ocaml-output/FStar_ToSyntax_ToSyntax.ml", line 2529, characters 20-141
Called from file "src/ocaml-output/FStar_ToSyntax_ToSyntax.ml", line 5263, characters 26-70
Called from file "src/ocaml-output/FStar_ToSyntax_ToSyntax.ml", line 5682, characters 35-54
Called from file "list.ml", line 84, characters 24-34
Called from file "src/ocaml-output/FStar_ToSyntax_ToSyntax.ml", line 5733, characters 30-54
Called from file "src/ocaml-output/FStar_ToSyntax_ToSyntax.ml", line 5784, characters 8-63
Called from file "src/ocaml-output/FStar_ToSyntax_ToSyntax.ml", line 5817, characters 37-57
Called from file "list.ml", line 84, characters 24-34
Called from file "src/ocaml-output/FStar_ToSyntax_ToSyntax.ml", line 5812, characters 8-326
Called from file "src/ocaml-output/FStar_Universal.ml", line 290, characters 26-47
Called from file "src/ocaml-output/FStar_Universal.ml", line 383, characters 18-101
Called from file "src/ocaml-output/FStar_Universal.ml", line 407, characters 31-72
Called from file "src/ocaml-output/FStar_Universal.ml", line 424, characters 24-71
Called from file "src/ocaml-output/FStar_Universal.ml", line 465, characters 26-68
Called from file "src/ocaml-output/FStar_Main.ml", line 213, characters 27-67
Called from file "src/ocaml-output/FStar_Main.ml", line 236, characters 6-11

C:\Build\Agent1\_work\4\s\hacl-star\code\lib\kremlin\FStar.Endianness.fst(30,35-30,52): (Error) Identifier not found: [FStar.UInt128.uint128_to_uint64]
Module FStar.UInt128 resolved into FStar.UInt128, definition uint128_to_uint64 not found
1 error was reported (see above)
Unexpected error
FStar_Errors.Error(_)
Raised at file "src/ocaml-output/FStar_ToSyntax_Env.ml", line 2545, characters 12-71
Called from file "src/ocaml-output/FStar_ToSyntax_ToSyntax.ml", line 1539, characters 14-206
Called from file "src/ocaml-output/FStar_ToSyntax_ToSyntax.ml", line 1395, characters 6-41
Called from file "src/ocaml-output/FStar_ToSyntax_ToSyntax.ml", line 1395, characters 6-41
Called from file "src/ocaml-output/FStar_ToSyntax_ToSyntax.ml", line 1395, characters 6-41
Called from file "src/ocaml-output/FStar_ToSyntax_ToSyntax.ml", line 1395, characters 6-41
Called from file "src/ocaml-output/FStar_ToSyntax_ToSyntax.ml", line 1395, characters 6-41
Called from file "src/ocaml-output/FStar_ToSyntax_ToSyntax.ml", line 1395, characters 6-41
Called from file "src/ocaml-output/FStar_ToSyntax_ToSyntax.ml", line 1395, characters 6-41
Called from file "src/batList.mlv", line 513, characters 26-35
Called from file "src/batList.mlv", line 517, characters 2-18
Called from file "src/ocaml-output/FStar_ToSyntax_ToSyntax.ml", line 2529, characters 20-141
Called from file "src/ocaml-output/FStar_ToSyntax_ToSyntax.ml", line 5263, characters 26-70
Called from file "src/ocaml-output/FStar_ToSyntax_ToSyntax.ml", line 5682, characters 35-54
Called from file "list.ml", line 84, characters 24-34
Called from file "src/ocaml-output/FStar_ToSyntax_ToSyntax.ml", line 5733, characters 30-54
Called from file "src/ocaml-output/FStar_ToSyntax_ToSyntax.ml", line 5784, characters 8-63
Called from file "src/ocaml-output/FStar_ToSyntax_ToSyntax.ml", line 5817, characters 37-57
Called from file "list.ml", line 84, characters 24-34
Called from file "src/ocaml-output/FStar_ToSyntax_ToSyntax.ml", line 5812, characters 8-326
Called from file "src/ocaml-output/FStar_Universal.ml", line 290, characters 26-47
Called from file "src/ocaml-output/FStar_Universal.ml", line 383, characters 18-101
Called from file "src/ocaml-output/FStar_Universal.ml", line 407, characters 31-72
Called from file "src/ocaml-output/FStar_Universal.ml", line 424, characters 24-71
Called from file "src/ocaml-output/FStar_Universal.ml", line 465, characters 26-68
Called from file "src/ocaml-output/FStar_Main.ml", line 213, characters 27-67
Called from file "src/ocaml-output/FStar_Main.ml", line 236, characters 6-11

C:\Build\Agent1\_work\4\s\hacl-star\code\lib\kremlin\FStar.Endianness.fst(30,35-30,52): (Error) Identifier not found: [FStar.UInt128.uint128_to_uint64]
Module FStar.UInt128 resolved into FStar.UInt128, definition uint128_to_uint64 not found
1 error was reported (see above)
Unexpected error
FStar_Errors.Error(_)
Raised at file "src/ocaml-output/FStar_ToSyntax_Env.ml", line 2545, characters 12-71
Called from file "src/ocaml-output/FStar_ToSyntax_ToSyntax.ml", line 1539, characters 14-206
Called from file "src/ocaml-output/FStar_ToSyntax_ToSyntax.ml", line 1395, characters 6-41
Called from file "src/ocaml-output/FStar_ToSyntax_ToSyntax.ml", line 1395, characters 6-41
Called from file "src/ocaml-output/FStar_ToSyntax_ToSyntax.ml", line 1395, characters 6-41
Called from file "src/ocaml-output/FStar_ToSyntax_ToSyntax.ml", line 1395, characters 6-41
Called from file "src/ocaml-output/FStar_ToSyntax_ToSyntax.ml", line 1395, characters 6-41
Called from file "src/ocaml-output/FStar_ToSyntax_ToSyntax.ml", line 1395, characters 6-41
Called from file "src/ocaml-output/FStar_ToSyntax_ToSyntax.ml", line 1395, characters 6-41
Called from file "src/batList.mlv", line 513, characters 26-35
Called from file "src/batList.mlv", line 517, characters 2-18
Called from file "src/ocaml-output/FStar_ToSyntax_ToSyntax.ml", line 2529, characters 20-141
Called from file "src/ocaml-output/FStar_ToSyntax_ToSyntax.ml", line 5263, characters 26-70
Called from file "src/ocaml-output/FStar_ToSyntax_ToSyntax.ml", line 5682, characters 35-54
Called from file "list.ml", line 84, characters 24-34
Called from file "src/ocaml-output/FStar_ToSyntax_ToSyntax.ml", line 5733, characters 30-54
Called from file "src/ocaml-output/FStar_ToSyntax_ToSyntax.ml", line 5784, characters 8-63
Called from file "src/ocaml-output/FStar_ToSyntax_ToSyntax.ml", line 5817, characters 37-57
Called from file "list.ml", line 84, characters 24-34
Called from file "src/ocaml-output/FStar_ToSyntax_ToSyntax.ml", line 5812, characters 8-326
Called from file "src/ocaml-output/FStar_Universal.ml", line 290, characters 26-47
Called from file "src/ocaml-output/FStar_Universal.ml", line 383, characters 18-101
Called from file "src/ocaml-output/FStar_Universal.ml", line 407, characters 31-72
Called from file "src/ocaml-output/FStar_Universal.ml", line 424, characters 24-71
Called from file "src/ocaml-output/FStar_Universal.ml", line 465, characters 26-68
Called from file "src/ocaml-output/FStar_Main.ml", line 213, characters 27-67
Called from file "src/ocaml-output/FStar_Main.ml", line 236, characters 6-11

C:\Build\Agent1\_work\4\s\hacl-star\code\lib\kremlin\FStar.Endianness.fst(30,35-30,52): (Error) Identifier not found: [FStar.UInt128.uint128_to_uint64]
Module FStar.UInt128 resolved into FStar.UInt128, definition uint128_to_uint64 not found
1 error was reported (see above)
Unexpected error
FStar_Errors.Error(_)
Raised at file "src/ocaml-output/FStar_ToSyntax_Env.ml", line 2545, characters 12-71
Called from file "src/ocaml-output/FStar_ToSyntax_ToSyntax.ml", line 1539, characters 14-206
Called from file "src/ocaml-output/FStar_ToSyntax_ToSyntax.ml", line 1395, characters 6-41
Called from file "src/ocaml-output/FStar_ToSyntax_ToSyntax.ml", line 1395, characters 6-41
Called from file "src/ocaml-output/FStar_ToSyntax_ToSyntax.ml", line 1395, characters 6-41
Called from file "src/ocaml-output/FStar_ToSyntax_ToSyntax.ml", line 1395, characters 6-41
Called from file "src/ocaml-output/FStar_ToSyntax_ToSyntax.ml", line 1395, characters 6-41
Called from file "src/ocaml-output/FStar_ToSyntax_ToSyntax.ml", line 1395, characters 6-41
Called from file "src/ocaml-output/FStar_ToSyntax_ToSyntax.ml", line 1395, characters 6-41
Called from file "src/batList.mlv", line 513, characters 26-35
Called from file "src/batList.mlv", line 517, characters 2-18
Called from file "src/ocaml-output/FStar_ToSyntax_ToSyntax.ml", line 2529, characters 20-141
Called from file "src/ocaml-output/FStar_ToSyntax_ToSyntax.ml", line 5263, characters 26-70
Called from file "src/ocaml-output/FStar_ToSyntax_ToSyntax.ml", line 5682, characters 35-54
Called from file "list.ml", line 84, characters 24-34
Called from file "src/ocaml-output/FStar_ToSyntax_ToSyntax.ml", line 5733, characters 30-54
Called from file "src/ocaml-output/FStar_ToSyntax_ToSyntax.ml", line 5784, characters 8-63
Called from file "src/ocaml-output/FStar_ToSyntax_ToSyntax.ml", line 5817, characters 37-57
Called from file "list.ml", line 84, characters 24-34
Called from file "src/ocaml-output/FStar_ToSyntax_ToSyntax.ml", line 5812, characters 8-326
Called from file "src/ocaml-output/FStar_Universal.ml", line 290, characters 26-47
Called from file "src/ocaml-output/FStar_Universal.ml", line 383, characters 18-101
Called from file "src/ocaml-output/FStar_Universal.ml", line 407, characters 31-72
Called from file "src/ocaml-output/FStar_Universal.ml", line 424, characters 24-71
Called from file "src/ocaml-output/FStar_Universal.ml", line 465, characters 26-68
Called from file "src/ocaml-output/FStar_Main.ml", line 213, characters 27-67
Called from file "src/ocaml-output/FStar_Main.ml", line 236, characters 6-11

C:\Build\Agent1\_work\4\s\hacl-star\code\lib\kremlin\FStar.Endianness.fst(30,35-30,52): (Error) Identifier not found: [FStar.UInt128.uint128_to_uint64]
Module FStar.UInt128 resolved into FStar.UInt128, definition uint128_to_uint64 not found
1 error was reported (see above)
Unexpected error
FStar_Errors.Error(_)
Raised at file "src/ocaml-output/FStar_ToSyntax_Env.ml", line 2545, characters 12-71
Called from file "src/ocaml-output/FStar_ToSyntax_ToSyntax.ml", line 1539, characters 14-206
Called from file "src/ocaml-output/FStar_ToSyntax_ToSyntax.ml", line 1395, characters 6-41
Called from file "src/ocaml-output/FStar_ToSyntax_ToSyntax.ml", line 1395, characters 6-41
Called from file "src/ocaml-output/FStar_ToSyntax_ToSyntax.ml", line 1395, characters 6-41
Called from file "src/ocaml-output/FStar_ToSyntax_ToSyntax.ml", line 1395, characters 6-41
Called from file "src/ocaml-output/FStar_ToSyntax_ToSyntax.ml", line 1395, characters 6-41
Called from file "src/ocaml-output/FStar_ToSyntax_ToSyntax.ml", line 1395, characters 6-41
Called from file "src/ocaml-output/FStar_ToSyntax_ToSyntax.ml", line 1395, characters 6-41
Called from file "src/batList.mlv", line 513, characters 26-35
Called from file "src/batList.mlv", line 517, characters 2-18
Called from file "src/ocaml-output/FStar_ToSyntax_ToSyntax.ml", line 2529, characters 20-141
Called from file "src/ocaml-output/FStar_ToSyntax_ToSyntax.ml", line 5263, characters 26-70
Called from file "src/ocaml-output/FStar_ToSyntax_ToSyntax.ml", line 5682, characters 35-54
Called from file "list.ml", line 84, characters 24-34
Called from file "src/ocaml-output/FStar_ToSyntax_ToSyntax.ml", line 5733, characters 30-54
Called from file "src/ocaml-output/FStar_ToSyntax_ToSyntax.ml", line 5784, characters 8-63
Called from file "src/ocaml-output/FStar_ToSyntax_ToSyntax.ml", line 5817, characters 37-57
Called from file "list.ml", line 84, characters 24-34
Called from file "src/ocaml-output/FStar_ToSyntax_ToSyntax.ml", line 5812, characters 8-326
Called from file "src/ocaml-output/FStar_Universal.ml", line 290, characters 26-47
Called from file "src/ocaml-output/FStar_Universal.ml", line 383, characters 18-101
Called from file "src/ocaml-output/FStar_Universal.ml", line 407, characters 31-72
Called from file "src/ocaml-output/FStar_Universal.ml", line 424, characters 24-71
Called from file "src/ocaml-output/FStar_Universal.ml", line 465, characters 26-68
Called from file "src/ocaml-output/FStar_Main.ml", line 213, characters 27-67
Called from file "src/ocaml-output/FStar_Main.ml", line 236, characters 6-11

C:\Build\Agent1\_work\4\s\hacl-star\code\lib\kremlin\FStar.Endianness.fst(30,35-30,52): (Error) Identifier not found: [FStar.UInt128.uint128_to_uint64]
Module FStar.UInt128 resolved into FStar.UInt128, definition uint128_to_uint64 not found
1 error was reported (see above)
Unexpected error
FStar_Errors.Error(_)
Raised at file "src/ocaml-output/FStar_ToSyntax_Env.ml", line 2545, characters 12-71
Called from file "src/ocaml-output/FStar_ToSyntax_ToSyntax.ml", line 1539, characters 14-206
Called from file "src/ocaml-output/FStar_ToSyntax_ToSyntax.ml", line 1395, characters 6-41
Called from file "src/ocaml-output/FStar_ToSyntax_ToSyntax.ml", line 1395, characters 6-41
Called from file "src/ocaml-output/FStar_ToSyntax_ToSyntax.ml", line 1395, characters 6-41
Called from file "src/batList.mlv", line 513, characters 26-35
Called from file "src/batList.mlv", line 517, characters 2-18
Called from file "src/ocaml-output/FStar_ToSyntax_ToSyntax.ml", line 2529, characters 20-141
Called from file "src/ocaml-output/FStar_ToSyntax_ToSyntax.ml", line 5263, characters 26-70
Called from file "src/ocaml-output/FStar_ToSyntax_ToSyntax.ml", line 5682, characters 35-54
Called from file "list.ml", line 84, characters 24-34
Called from file "src/ocaml-output/FStar_ToSyntax_ToSyntax.ml", line 5733, characters 30-54
Called from file "src/ocaml-output/FStar_ToSyntax_ToSyntax.ml", line 5784, characters 8-63
Called from file "src/ocaml-output/FStar_ToSyntax_ToSyntax.ml", line 5817, characters 37-57
Called from file "list.ml", line 84, characters 24-34
Called from file "src/ocaml-output/FStar_ToSyntax_ToSyntax.ml", line 5812, characters 8-326
Called from file "src/ocaml-output/FStar_Universal.ml", line 290, characters 26-47
Called from file "src/ocaml-output/FStar_Universal.ml", line 383, characters 18-101
Called from file "src/ocaml-output/FStar_Universal.ml", line 407, characters 31-72
Called from file "src/ocaml-output/FStar_Universal.ml", line 424, characters 24-71
Called from file "src/ocaml-output/FStar_Universal.ml", line 465, characters 26-68
Called from file "src/ocaml-output/FStar_Main.ml", line 213, characters 27-67
Called from file "src/ocaml-output/FStar_Main.ml", line 236, characters 6-11

C:\Build\Agent1\_work\4\s\hacl-star\code\lib\kremlin\Hacl.Cast.fst(20,61-20,78): (Error) Identifier not found: [FStar.UInt128.uint64_to_uint128]
Module FStar.UInt128 resolved into FStar.UInt128, definition uint64_to_uint128 not found
1 error was reported (see above)
make[3]: *** No rule to make target 'output/FFI.ml', needed by 'output/FFI.cmx'.
make[3]: *** No rule to make target 'output/TestAPI.ml', needed by 'output/TestAPI.cmx'.
make[3]: *** No rule to make target 'output/TestFFI.ml', needed by 'output/TestFFI.cmx'.
x86_64-w64-mingw32-ar: tmp/*.o: No such file or directory
make[4]: *** [Makefile:73: libllcrypto.a] Error 1
make[5]: warning: jobserver unavailable: using -j1.  Add '+' to parent make rule.
make[4]: Target 'all' not remade because of errors.
make[3]: *** [Extracted.mk:56: C:/Build/Agent1/_work/4/s/hacl-star/secure_api/LowCProvider/LowCProvider.cmxa] Error 2
ffi.c:1:0: warning: -fPIC ignored for target (all code is position independent)
#include <stdio.h>
^
ffi.c:1:0: warning: -fPIC ignored for target (all code is position independent)
#include <stdio.h>
^
make[5]: warning: jobserver unavailable: using -j1.  Add '+' to parent make rule.
make[3]: Target 'mitls.cmxa' not remade because of errors.
make[2]: *** [Makefile:195: mitls.cmxa] Error 2
make[2]: Target 'mitls.exe' not remade because of errors.
make[1]: *** [Makefile:26: build] Error 2
make: *** [Makefile:22: all] Error 2
