
scons: warning: you do not seem to have the pywin32 extensions installed;
parallel (-j) builds may not work reliably with open Python files.
File "C:\Binaries\scons\Scripts\scons.py", line 199, in <module>
The system cannot find the path specified.
scons: *** [obj\crypto\aes\testaes.obj] Error 2
scons: *** [obj\crypto\aes\testcbc.obj] Error 2
scons: *** [obj\crypto\hashing\sha256_main_i.c] Error 1
